<?xml version="1.0" encoding="UTF-8"?>
<testsuite xmlns:xsi="http://www.w3.org/2001/XMLSchema-instance" xsi:noNamespaceSchemaLocation="https://maven.apache.org/surefire/maven-surefire-plugin/xsd/surefire-test-report.xsd" version="3.0.2" name="com.beautysalon.performance.Phase2PerformanceTest" time="10.287" tests="2" errors="0" skipped="0" failures="1">
  <properties>
    <property name="java.specification.version" value="24"/>
    <property name="sun.jnu.encoding" value="UTF-8"/>
    <property name="java.class.path" value="/Volumes/Dock/ai/ide/windsurf/beauty-salon-app/backend/target/test-classes:/Volumes/Dock/ai/ide/windsurf/beauty-salon-app/backend/target/classes:/Users/leandro.yamaniha/.m2/repository/org/springframework/boot/spring-boot-starter-web/4.0.0-M1/spring-boot-starter-web-4.0.0-M1.jar:/Users/leandro.yamaniha/.m2/repository/org/springframework/boot/spring-boot-starter-webmvc/4.0.0-M1/spring-boot-starter-webmvc-4.0.0-M1.jar:/Users/leandro.yamaniha/.m2/repository/org/springframework/boot/spring-boot-starter-json/4.0.0-M1/spring-boot-starter-json-4.0.0-M1.jar:/Users/leandro.yamaniha/.m2/repository/org/springframework/boot/spring-boot-starter-jackson/4.0.0-M1/spring-boot-starter-jackson-4.0.0-M1.jar:/Users/leandro.yamaniha/.m2/repository/org/springframework/boot/spring-boot-jackson/4.0.0-M1/spring-boot-jackson-4.0.0-M1.jar:/Users/leandro.yamaniha/.m2/repository/com/fasterxml/jackson/datatype/jackson-datatype-jdk8/2.19.2/jackson-datatype-jdk8-2.19.2.jar:/Users/leandro.yamaniha/.m2/repository/com/fasterxml/jackson/module/jackson-module-parameter-names/2.19.2/jackson-module-parameter-names-2.19.2.jar:/Users/leandro.yamaniha/.m2/repository/org/springframework/boot/spring-boot-starter-tomcat/4.0.0-M1/spring-boot-starter-tomcat-4.0.0-M1.jar:/Users/leandro.yamaniha/.m2/repository/org/springframework/boot/spring-boot-tomcat/4.0.0-M1/spring-boot-tomcat-4.0.0-M1.jar:/Users/leandro.yamaniha/.m2/repository/org/springframework/boot/spring-boot-web-server/4.0.0-M1/spring-boot-web-server-4.0.0-M1.jar:/Users/leandro.yamaniha/.m2/repository/org/apache/tomcat/embed/tomcat-embed-core/11.0.9/tomcat-embed-core-11.0.9.jar:/Users/leandro.yamaniha/.m2/repository/org/apache/tomcat/embed/tomcat-embed-websocket/11.0.9/tomcat-embed-websocket-11.0.9.jar:/Users/leandro.yamaniha/.m2/repository/org/springframework/boot/spring-boot-http-converter/4.0.0-M1/spring-boot-http-converter-4.0.0-M1.jar:/Users/leandro.yamaniha/.m2/repository/org/springframework/spring-web/7.0.0-M7/spring-web-7.0.0-M7.jar:/Users/leandro.yamaniha/.m2/repository/org/springframework/boot/spring-boot-webmvc/4.0.0-M1/spring-boot-webmvc-4.0.0-M1.jar:/Users/leandro.yamaniha/.m2/repository/org/springframework/boot/spring-boot-servlet/4.0.0-M1/spring-boot-servlet-4.0.0-M1.jar:/Users/leandro.yamaniha/.m2/repository/org/springframework/boot/spring-boot-starter-data-cassandra/4.0.0-M1/spring-boot-starter-data-cassandra-4.0.0-M1.jar:/Users/leandro.yamaniha/.m2/repository/org/springframework/boot/spring-boot-starter-cassandra/4.0.0-M1/spring-boot-starter-cassandra-4.0.0-M1.jar:/Users/leandro.yamaniha/.m2/repository/org/springframework/boot/spring-boot-cassandra/4.0.0-M1/spring-boot-cassandra-4.0.0-M1.jar:/Users/leandro.yamaniha/.m2/repository/org/apache/cassandra/java-driver-core/4.19.0/java-driver-core-4.19.0.jar:/Users/leandro.yamaniha/.m2/repository/com/datastax/oss/native-protocol/1.5.1/native-protocol-1.5.1.jar:/Users/leandro.yamaniha/.m2/repository/org/apache/cassandra/java-driver-guava-shaded/4.19.0/java-driver-guava-shaded-4.19.0.jar:/Users/leandro.yamaniha/.m2/repository/com/typesafe/config/1.4.1/config-1.4.1.jar:/Users/leandro.yamaniha/.m2/repository/org/reactivestreams/reactive-streams/1.0.4/reactive-streams-1.0.4.jar:/Users/leandro.yamaniha/.m2/repository/org/springframework/boot/spring-boot-data-cassandra/4.0.0-M1/spring-boot-data-cassandra-4.0.0-M1.jar:/Users/leandro.yamaniha/.m2/repository/org/springframework/boot/spring-boot-data-commons/4.0.0-M1/spring-boot-data-commons-4.0.0-M1.jar:/Users/leandro.yamaniha/.m2/repository/org/springframework/data/spring-data-commons/4.0.0-M4/spring-data-commons-4.0.0-M4.jar:/Users/leandro.yamaniha/.m2/repository/org/springframework/data/spring-data-cassandra/5.0.0-M4/spring-data-cassandra-5.0.0-M4.jar:/Users/leandro.yamaniha/.m2/repository/org/springframework/spring-beans/7.0.0-M7/spring-beans-7.0.0-M7.jar:/Users/leandro.yamaniha/.m2/repository/org/springframework/spring-expression/7.0.0-M7/spring-expression-7.0.0-M7.jar:/Users/leandro.yamaniha/.m2/repository/org/springframework/spring-tx/7.0.0-M7/spring-tx-7.0.0-M7.jar:/Users/leandro.yamaniha/.m2/repository/org/apache/cassandra/java-driver-query-builder/4.19.0/java-driver-query-builder-4.19.0.jar:/Users/leandro.yamaniha/.m2/repository/org/springframework/boot/spring-boot-starter-validation/4.0.0-M1/spring-boot-starter-validation-4.0.0-M1.jar:/Users/leandro.yamaniha/.m2/repository/org/springframework/boot/spring-boot-starter/4.0.0-M1/spring-boot-starter-4.0.0-M1.jar:/Users/leandro.yamaniha/.m2/repository/org/springframework/boot/spring-boot-starter-logging/4.0.0-M1/spring-boot-starter-logging-4.0.0-M1.jar:/Users/leandro.yamaniha/.m2/repository/org/springframework/boot/spring-boot-starter-logback/4.0.0-M1/spring-boot-starter-logback-4.0.0-M1.jar:/Users/leandro.yamaniha/.m2/repository/ch/qos/logback/logback-classic/1.5.18/logback-classic-1.5.18.jar:/Users/leandro.yamaniha/.m2/repository/ch/qos/logback/logback-core/1.5.18/logback-core-1.5.18.jar:/Users/leandro.yamaniha/.m2/repository/org/apache/logging/log4j/log4j-to-slf4j/2.24.3/log4j-to-slf4j-2.24.3.jar:/Users/leandro.yamaniha/.m2/repository/org/apache/logging/log4j/log4j-api/2.24.3/log4j-api-2.24.3.jar:/Users/leandro.yamaniha/.m2/repository/org/slf4j/jul-to-slf4j/2.0.17/jul-to-slf4j-2.0.17.jar:/Users/leandro.yamaniha/.m2/repository/jakarta/annotation/jakarta.annotation-api/3.0.0/jakarta.annotation-api-3.0.0.jar:/Users/leandro.yamaniha/.m2/repository/org/yaml/snakeyaml/2.4/snakeyaml-2.4.jar:/Users/leandro.yamaniha/.m2/repository/org/springframework/boot/spring-boot-validation/4.0.0-M1/spring-boot-validation-4.0.0-M1.jar:/Users/leandro.yamaniha/.m2/repository/org/apache/tomcat/embed/tomcat-embed-el/11.0.9/tomcat-embed-el-11.0.9.jar:/Users/leandro.yamaniha/.m2/repository/org/hibernate/validator/hibernate-validator/9.0.1.Final/hibernate-validator-9.0.1.Final.jar:/Users/leandro.yamaniha/.m2/repository/jakarta/validation/jakarta.validation-api/3.1.1/jakarta.validation-api-3.1.1.jar:/Users/leandro.yamaniha/.m2/repository/org/jboss/logging/jboss-logging/3.6.1.Final/jboss-logging-3.6.1.Final.jar:/Users/leandro.yamaniha/.m2/repository/com/fasterxml/classmate/1.7.0/classmate-1.7.0.jar:/Users/leandro.yamaniha/.m2/repository/org/springframework/boot/spring-boot-starter-cache/4.0.0-M1/spring-boot-starter-cache-4.0.0-M1.jar:/Users/leandro.yamaniha/.m2/repository/org/springframework/boot/spring-boot-cache/4.0.0-M1/spring-boot-cache-4.0.0-M1.jar:/Users/leandro.yamaniha/.m2/repository/org/springframework/spring-context-support/7.0.0-M7/spring-context-support-7.0.0-M7.jar:/Users/leandro.yamaniha/.m2/repository/org/springframework/boot/spring-boot-starter-actuator/4.0.0-M1/spring-boot-starter-actuator-4.0.0-M1.jar:/Users/leandro.yamaniha/.m2/repository/org/springframework/boot/spring-boot-actuator-autoconfigure/4.0.0-M1/spring-boot-actuator-autoconfigure-4.0.0-M1.jar:/Users/leandro.yamaniha/.m2/repository/org/springframework/boot/spring-boot-actuator/4.0.0-M1/spring-boot-actuator-4.0.0-M1.jar:/Users/leandro.yamaniha/.m2/repository/com/fasterxml/jackson/datatype/jackson-datatype-jsr310/2.19.2/jackson-datatype-jsr310-2.19.2.jar:/Users/leandro.yamaniha/.m2/repository/org/springframework/boot/spring-boot-health/4.0.0-M1/spring-boot-health-4.0.0-M1.jar:/Users/leandro.yamaniha/.m2/repository/org/springframework/boot/spring-boot-metrics/4.0.0-M1/spring-boot-metrics-4.0.0-M1.jar:/Users/leandro.yamaniha/.m2/repository/org/springframework/boot/spring-boot-observation/4.0.0-M1/spring-boot-observation-4.0.0-M1.jar:/Users/leandro.yamaniha/.m2/repository/io/micrometer/micrometer-core/1.16.0-M1/micrometer-core-1.16.0-M1.jar:/Users/leandro.yamaniha/.m2/repository/org/hdrhistogram/HdrHistogram/2.2.2/HdrHistogram-2.2.2.jar:/Users/leandro.yamaniha/.m2/repository/org/latencyutils/LatencyUtils/2.0.3/LatencyUtils-2.0.3.jar:/Users/leandro.yamaniha/.m2/repository/org/springframework/boot/spring-boot-tracing/4.0.0-M1/spring-boot-tracing-4.0.0-M1.jar:/Users/leandro.yamaniha/.m2/repository/io/micrometer/micrometer-tracing/1.6.0-M1/micrometer-tracing-1.6.0-M1.jar:/Users/leandro.yamaniha/.m2/repository/io/micrometer/context-propagation/1.1.3/context-propagation-1.1.3.jar:/Users/leandro.yamaniha/.m2/repository/io/micrometer/micrometer-observation/1.16.0-M1/micrometer-observation-1.16.0-M1.jar:/Users/leandro.yamaniha/.m2/repository/org/jspecify/jspecify/1.0.0/jspecify-1.0.0.jar:/Users/leandro.yamaniha/.m2/repository/io/micrometer/micrometer-commons/1.16.0-M1/micrometer-commons-1.16.0-M1.jar:/Users/leandro.yamaniha/.m2/repository/io/micrometer/micrometer-jakarta9/1.16.0-M1/micrometer-jakarta9-1.16.0-M1.jar:/Users/leandro.yamaniha/.m2/repository/org/springframework/boot/spring-boot-devtools/4.0.0-M1/spring-boot-devtools-4.0.0-M1.jar:/Users/leandro.yamaniha/.m2/repository/org/springframework/boot/spring-boot/4.0.0-M1/spring-boot-4.0.0-M1.jar:/Users/leandro.yamaniha/.m2/repository/org/springframework/spring-context/7.0.0-M7/spring-context-7.0.0-M7.jar:/Users/leandro.yamaniha/.m2/repository/org/springframework/spring-aop/7.0.0-M7/spring-aop-7.0.0-M7.jar:/Users/leandro.yamaniha/.m2/repository/org/springframework/boot/spring-boot-autoconfigure/4.0.0-M1/spring-boot-autoconfigure-4.0.0-M1.jar:/Users/leandro.yamaniha/.m2/repository/org/springframework/boot/spring-boot-starter-test/4.0.0-M1/spring-boot-starter-test-4.0.0-M1.jar:/Users/leandro.yamaniha/.m2/repository/org/springframework/boot/spring-boot-restclient-test/4.0.0-M1/spring-boot-restclient-test-4.0.0-M1.jar:/Users/leandro.yamaniha/.m2/repository/org/springframework/boot/spring-boot-test-autoconfigure/4.0.0-M1/spring-boot-test-autoconfigure-4.0.0-M1.jar:/Users/leandro.yamaniha/.m2/repository/org/springframework/boot/spring-boot-web-server-test/4.0.0-M1/spring-boot-web-server-test-4.0.0-M1.jar:/Users/leandro.yamaniha/.m2/repository/com/jayway/jsonpath/json-path/2.9.0/json-path-2.9.0.jar:/Users/leandro.yamaniha/.m2/repository/jakarta/xml/bind/jakarta.xml.bind-api/4.0.2/jakarta.xml.bind-api-4.0.2.jar:/Users/leandro.yamaniha/.m2/repository/jakarta/activation/jakarta.activation-api/2.1.3/jakarta.activation-api-2.1.3.jar:/Users/leandro.yamaniha/.m2/repository/net/minidev/json-smart/2.5.2/json-smart-2.5.2.jar:/Users/leandro.yamaniha/.m2/repository/net/minidev/accessors-smart/2.5.2/accessors-smart-2.5.2.jar:/Users/leandro.yamaniha/.m2/repository/org/ow2/asm/asm/9.7.1/asm-9.7.1.jar:/Users/leandro.yamaniha/.m2/repository/org/assertj/assertj-core/3.27.3/assertj-core-3.27.3.jar:/Users/leandro.yamaniha/.m2/repository/net/bytebuddy/byte-buddy/1.17.6/byte-buddy-1.17.6.jar:/Users/leandro.yamaniha/.m2/repository/org/awaitility/awaitility/4.3.0/awaitility-4.3.0.jar:/Users/leandro.yamaniha/.m2/repository/org/hamcrest/hamcrest/3.0/hamcrest-3.0.jar:/Users/leandro.yamaniha/.m2/repository/org/junit/jupiter/junit-jupiter/5.13.4/junit-jupiter-5.13.4.jar:/Users/leandro.yamaniha/.m2/repository/org/junit/jupiter/junit-jupiter-api/5.13.4/junit-jupiter-api-5.13.4.jar:/Users/leandro.yamaniha/.m2/repository/org/junit/jupiter/junit-jupiter-params/5.13.4/junit-jupiter-params-5.13.4.jar:/Users/leandro.yamaniha/.m2/repository/org/junit/jupiter/junit-jupiter-engine/5.13.4/junit-jupiter-engine-5.13.4.jar:/Users/leandro.yamaniha/.m2/repository/org/mockito/mockito-core/5.18.0/mockito-core-5.18.0.jar:/Users/leandro.yamaniha/.m2/repository/net/bytebuddy/byte-buddy-agent/1.17.6/byte-buddy-agent-1.17.6.jar:/Users/leandro.yamaniha/.m2/repository/org/objenesis/objenesis/3.3/objenesis-3.3.jar:/Users/leandro.yamaniha/.m2/repository/org/mockito/mockito-junit-jupiter/5.18.0/mockito-junit-jupiter-5.18.0.jar:/Users/leandro.yamaniha/.m2/repository/org/skyscreamer/jsonassert/1.5.3/jsonassert-1.5.3.jar:/Users/leandro.yamaniha/.m2/repository/com/vaadin/external/google/android-json/0.0.20131108.vaadin1/android-json-0.0.20131108.vaadin1.jar:/Users/leandro.yamaniha/.m2/repository/org/springframework/spring-core/7.0.0-M7/spring-core-7.0.0-M7.jar:/Users/leandro.yamaniha/.m2/repository/commons-logging/commons-logging/1.3.5/commons-logging-1.3.5.jar:/Users/leandro.yamaniha/.m2/repository/org/springframework/spring-test/7.0.0-M7/spring-test-7.0.0-M7.jar:/Users/leandro.yamaniha/.m2/repository/org/xmlunit/xmlunit-core/2.10.3/xmlunit-core-2.10.3.jar:/Users/leandro.yamaniha/.m2/repository/org/springframework/boot/spring-boot-test/4.0.0-M1/spring-boot-test-4.0.0-M1.jar:/Users/leandro.yamaniha/.m2/repository/com/fasterxml/jackson/core/jackson-databind/2.19.2/jackson-databind-2.19.2.jar:/Users/leandro.yamaniha/.m2/repository/com/fasterxml/jackson/core/jackson-annotations/2.19.2/jackson-annotations-2.19.2.jar:/Users/leandro.yamaniha/.m2/repository/com/fasterxml/jackson/core/jackson-core/2.19.2/jackson-core-2.19.2.jar:/Users/leandro.yamaniha/.m2/repository/org/springdoc/springdoc-openapi-starter-webmvc-ui/2.2.0/springdoc-openapi-starter-webmvc-ui-2.2.0.jar:/Users/leandro.yamaniha/.m2/repository/org/springdoc/springdoc-openapi-starter-webmvc-api/2.2.0/springdoc-openapi-starter-webmvc-api-2.2.0.jar:/Users/leandro.yamaniha/.m2/repository/org/springdoc/springdoc-openapi-starter-common/2.2.0/springdoc-openapi-starter-common-2.2.0.jar:/Users/leandro.yamaniha/.m2/repository/io/swagger/core/v3/swagger-core-jakarta/2.2.15/swagger-core-jakarta-2.2.15.jar:/Users/leandro.yamaniha/.m2/repository/org/apache/commons/commons-lang3/3.18.0/commons-lang3-3.18.0.jar:/Users/leandro.yamaniha/.m2/repository/io/swagger/core/v3/swagger-annotations-jakarta/2.2.15/swagger-annotations-jakarta-2.2.15.jar:/Users/leandro.yamaniha/.m2/repository/io/swagger/core/v3/swagger-models-jakarta/2.2.15/swagger-models-jakarta-2.2.15.jar:/Users/leandro.yamaniha/.m2/repository/com/fasterxml/jackson/dataformat/jackson-dataformat-yaml/2.19.2/jackson-dataformat-yaml-2.19.2.jar:/Users/leandro.yamaniha/.m2/repository/org/springframework/spring-webmvc/7.0.0-M7/spring-webmvc-7.0.0-M7.jar:/Users/leandro.yamaniha/.m2/repository/org/webjars/swagger-ui/5.2.0/swagger-ui-5.2.0.jar:/Users/leandro.yamaniha/.m2/repository/io/cucumber/cucumber-java/7.18.0/cucumber-java-7.18.0.jar:/Users/leandro.yamaniha/.m2/repository/io/cucumber/cucumber-core/7.18.0/cucumber-core-7.18.0.jar:/Users/leandro.yamaniha/.m2/repository/io/cucumber/cucumber-gherkin/7.18.0/cucumber-gherkin-7.18.0.jar:/Users/leandro.yamaniha/.m2/repository/io/cucumber/cucumber-gherkin-messages/7.18.0/cucumber-gherkin-messages-7.18.0.jar:/Users/leandro.yamaniha/.m2/repository/io/cucumber/gherkin/28.0.0/gherkin-28.0.0.jar:/Users/leandro.yamaniha/.m2/repository/io/cucumber/messages/24.1.0/messages-24.1.0.jar:/Users/leandro.yamaniha/.m2/repository/io/cucumber/testng-xml-formatter/0.1.0/testng-xml-formatter-0.1.0.jar:/Users/leandro.yamaniha/.m2/repository/io/cucumber/query/12.2.0/query-12.2.0.jar:/Users/leandro.yamaniha/.m2/repository/io/cucumber/tag-expressions/6.1.0/tag-expressions-6.1.0.jar:/Users/leandro.yamaniha/.m2/repository/io/cucumber/cucumber-expressions/17.1.0/cucumber-expressions-17.1.0.jar:/Users/leandro.yamaniha/.m2/repository/io/cucumber/datatable/7.18.0/datatable-7.18.0.jar:/Users/leandro.yamaniha/.m2/repository/io/cucumber/cucumber-plugin/7.18.0/cucumber-plugin-7.18.0.jar:/Users/leandro.yamaniha/.m2/repository/io/cucumber/docstring/7.18.0/docstring-7.18.0.jar:/Users/leandro.yamaniha/.m2/repository/io/cucumber/html-formatter/21.3.1/html-formatter-21.3.1.jar:/Users/leandro.yamaniha/.m2/repository/io/cucumber/junit-xml-formatter/0.4.0/junit-xml-formatter-0.4.0.jar:/Users/leandro.yamaniha/.m2/repository/io/cucumber/ci-environment/10.0.1/ci-environment-10.0.1.jar:/Users/leandro.yamaniha/.m2/repository/org/apiguardian/apiguardian-api/1.1.2/apiguardian-api-1.1.2.jar:/Users/leandro.yamaniha/.m2/repository/io/cucumber/cucumber-spring/7.18.0/cucumber-spring-7.18.0.jar:/Users/leandro.yamaniha/.m2/repository/io/cucumber/cucumber-junit-platform-engine/7.18.0/cucumber-junit-platform-engine-7.18.0.jar:/Users/leandro.yamaniha/.m2/repository/org/junit/platform/junit-platform-engine/1.13.4/junit-platform-engine-1.13.4.jar:/Users/leandro.yamaniha/.m2/repository/org/opentest4j/opentest4j/1.3.0/opentest4j-1.3.0.jar:/Users/leandro.yamaniha/.m2/repository/org/junit/platform/junit-platform-commons/1.13.4/junit-platform-commons-1.13.4.jar:/Users/leandro.yamaniha/.m2/repository/org/testcontainers/testcontainers/1.19.8/testcontainers-1.19.8.jar:/Users/leandro.yamaniha/.m2/repository/junit/junit/4.13.2/junit-4.13.2.jar:/Users/leandro.yamaniha/.m2/repository/org/hamcrest/hamcrest-core/3.0/hamcrest-core-3.0.jar:/Users/leandro.yamaniha/.m2/repository/org/slf4j/slf4j-api/2.0.17/slf4j-api-2.0.17.jar:/Users/leandro.yamaniha/.m2/repository/org/apache/commons/commons-compress/1.24.0/commons-compress-1.24.0.jar:/Users/leandro.yamaniha/.m2/repository/org/rnorth/duct-tape/duct-tape/1.0.8/duct-tape-1.0.8.jar:/Users/leandro.yamaniha/.m2/repository/org/jetbrains/annotations/17.0.0/annotations-17.0.0.jar:/Users/leandro.yamaniha/.m2/repository/com/github/docker-java/docker-java-api/3.3.6/docker-java-api-3.3.6.jar:/Users/leandro.yamaniha/.m2/repository/com/github/docker-java/docker-java-transport-zerodep/3.3.6/docker-java-transport-zerodep-3.3.6.jar:/Users/leandro.yamaniha/.m2/repository/com/github/docker-java/docker-java-transport/3.3.6/docker-java-transport-3.3.6.jar:/Users/leandro.yamaniha/.m2/repository/net/java/dev/jna/jna/5.13.0/jna-5.13.0.jar:/Users/leandro.yamaniha/.m2/repository/org/testcontainers/junit-jupiter/1.19.8/junit-jupiter-1.19.8.jar:/Users/leandro.yamaniha/.m2/repository/org/testcontainers/cassandra/1.19.8/cassandra-1.19.8.jar:/Users/leandro.yamaniha/.m2/repository/org/testcontainers/database-commons/1.21.3/database-commons-1.21.3.jar:/Users/leandro.yamaniha/.m2/repository/com/datastax/cassandra/cassandra-driver-core/3.10.0/cassandra-driver-core-3.10.0.jar:/Users/leandro.yamaniha/.m2/repository/io/netty/netty-handler/4.2.3.Final/netty-handler-4.2.3.Final.jar:/Users/leandro.yamaniha/.m2/repository/io/netty/netty-common/4.2.3.Final/netty-common-4.2.3.Final.jar:/Users/leandro.yamaniha/.m2/repository/io/netty/netty-resolver/4.2.3.Final/netty-resolver-4.2.3.Final.jar:/Users/leandro.yamaniha/.m2/repository/io/netty/netty-buffer/4.2.3.Final/netty-buffer-4.2.3.Final.jar:/Users/leandro.yamaniha/.m2/repository/io/netty/netty-transport/4.2.3.Final/netty-transport-4.2.3.Final.jar:/Users/leandro.yamaniha/.m2/repository/io/netty/netty-transport-native-unix-common/4.2.3.Final/netty-transport-native-unix-common-4.2.3.Final.jar:/Users/leandro.yamaniha/.m2/repository/io/netty/netty-codec-base/4.2.3.Final/netty-codec-base-4.2.3.Final.jar:/Users/leandro.yamaniha/.m2/repository/com/google/guava/guava/19.0/guava-19.0.jar:/Users/leandro.yamaniha/.m2/repository/io/dropwizard/metrics/metrics-core/3.2.2/metrics-core-3.2.2.jar:/Users/leandro.yamaniha/.m2/repository/com/github/jnr/jnr-ffi/2.1.7/jnr-ffi-2.1.7.jar:/Users/leandro.yamaniha/.m2/repository/com/github/jnr/jffi/1.2.16/jffi-1.2.16.jar:/Users/leandro.yamaniha/.m2/repository/com/github/jnr/jffi/1.2.16/jffi-1.2.16-native.jar:/Users/leandro.yamaniha/.m2/repository/org/ow2/asm/asm-commons/5.0.3/asm-commons-5.0.3.jar:/Users/leandro.yamaniha/.m2/repository/org/ow2/asm/asm-analysis/5.0.3/asm-analysis-5.0.3.jar:/Users/leandro.yamaniha/.m2/repository/org/ow2/asm/asm-tree/5.0.3/asm-tree-5.0.3.jar:/Users/leandro.yamaniha/.m2/repository/org/ow2/asm/asm-util/5.0.3/asm-util-5.0.3.jar:/Users/leandro.yamaniha/.m2/repository/com/github/jnr/jnr-x86asm/1.0.2/jnr-x86asm-1.0.2.jar:/Users/leandro.yamaniha/.m2/repository/com/github/jnr/jnr-posix/3.0.44/jnr-posix-3.0.44.jar:/Users/leandro.yamaniha/.m2/repository/com/github/jnr/jnr-constants/0.9.9/jnr-constants-0.9.9.jar:/Users/leandro.yamaniha/.m2/repository/org/junit/platform/junit-platform-suite/1.13.4/junit-platform-suite-1.13.4.jar:/Users/leandro.yamaniha/.m2/repository/org/junit/platform/junit-platform-suite-api/1.13.4/junit-platform-suite-api-1.13.4.jar:/Users/leandro.yamaniha/.m2/repository/org/junit/platform/junit-platform-suite-engine/1.13.4/junit-platform-suite-engine-1.13.4.jar:/Users/leandro.yamaniha/.m2/repository/org/junit/platform/junit-platform-suite-commons/1.13.4/junit-platform-suite-commons-1.13.4.jar:/Users/leandro.yamaniha/.m2/repository/org/junit/platform/junit-platform-launcher/1.13.4/junit-platform-launcher-1.13.4.jar:"/>
    <property name="java.vm.vendor" value="Oracle Corporation"/>
    <property name="sun.arch.data.model" value="64"/>
    <property name="java.vendor.url" value="https://java.oracle.com/"/>
    <property name="user.timezone" value="America/Sao_Paulo"/>
    <property name="org.jboss.logging.provider" value="slf4j"/>
    <property name="os.name" value="Mac OS X"/>
    <property name="java.vm.specification.version" value="24"/>
    <property name="APPLICATION_NAME" value="beauty-salon-backend"/>
    <property name="sun.java.launcher" value="SUN_STANDARD"/>
    <property name="user.country" value="BR"/>
    <property name="sun.boot.library.path" value="/Users/leandro.yamaniha/.sdkman/candidates/java/24.0.1-open/lib"/>
    <property name="sun.java.command" value="/Volumes/Dock/ai/ide/windsurf/beauty-salon-app/backend/target/surefire/surefirebooter-20250809231133304_3.jar /Volumes/Dock/ai/ide/windsurf/beauty-salon-app/backend/target/surefire 2025-08-09T23-11-33_270-jvmRun1 surefire-20250809231133304_1tmp surefire_0-20250809231133304_2tmp"/>
    <property name="http.nonProxyHosts" value="local|*.local|169.254/16|*.169.254/16"/>
    <property name="jdk.debug" value="release"/>
    <property name="test" value="Phase2PerformanceTest"/>
    <property name="surefire.test.class.path" value="/Volumes/Dock/ai/ide/windsurf/beauty-salon-app/backend/target/test-classes:/Volumes/Dock/ai/ide/windsurf/beauty-salon-app/backend/target/classes:/Users/leandro.yamaniha/.m2/repository/org/springframework/boot/spring-boot-starter-web/4.0.0-M1/spring-boot-starter-web-4.0.0-M1.jar:/Users/leandro.yamaniha/.m2/repository/org/springframework/boot/spring-boot-starter-webmvc/4.0.0-M1/spring-boot-starter-webmvc-4.0.0-M1.jar:/Users/leandro.yamaniha/.m2/repository/org/springframework/boot/spring-boot-starter-json/4.0.0-M1/spring-boot-starter-json-4.0.0-M1.jar:/Users/leandro.yamaniha/.m2/repository/org/springframework/boot/spring-boot-starter-jackson/4.0.0-M1/spring-boot-starter-jackson-4.0.0-M1.jar:/Users/leandro.yamaniha/.m2/repository/org/springframework/boot/spring-boot-jackson/4.0.0-M1/spring-boot-jackson-4.0.0-M1.jar:/Users/leandro.yamaniha/.m2/repository/com/fasterxml/jackson/datatype/jackson-datatype-jdk8/2.19.2/jackson-datatype-jdk8-2.19.2.jar:/Users/leandro.yamaniha/.m2/repository/com/fasterxml/jackson/module/jackson-module-parameter-names/2.19.2/jackson-module-parameter-names-2.19.2.jar:/Users/leandro.yamaniha/.m2/repository/org/springframework/boot/spring-boot-starter-tomcat/4.0.0-M1/spring-boot-starter-tomcat-4.0.0-M1.jar:/Users/leandro.yamaniha/.m2/repository/org/springframework/boot/spring-boot-tomcat/4.0.0-M1/spring-boot-tomcat-4.0.0-M1.jar:/Users/leandro.yamaniha/.m2/repository/org/springframework/boot/spring-boot-web-server/4.0.0-M1/spring-boot-web-server-4.0.0-M1.jar:/Users/leandro.yamaniha/.m2/repository/org/apache/tomcat/embed/tomcat-embed-core/11.0.9/tomcat-embed-core-11.0.9.jar:/Users/leandro.yamaniha/.m2/repository/org/apache/tomcat/embed/tomcat-embed-websocket/11.0.9/tomcat-embed-websocket-11.0.9.jar:/Users/leandro.yamaniha/.m2/repository/org/springframework/boot/spring-boot-http-converter/4.0.0-M1/spring-boot-http-converter-4.0.0-M1.jar:/Users/leandro.yamaniha/.m2/repository/org/springframework/spring-web/7.0.0-M7/spring-web-7.0.0-M7.jar:/Users/leandro.yamaniha/.m2/repository/org/springframework/boot/spring-boot-webmvc/4.0.0-M1/spring-boot-webmvc-4.0.0-M1.jar:/Users/leandro.yamaniha/.m2/repository/org/springframework/boot/spring-boot-servlet/4.0.0-M1/spring-boot-servlet-4.0.0-M1.jar:/Users/leandro.yamaniha/.m2/repository/org/springframework/boot/spring-boot-starter-data-cassandra/4.0.0-M1/spring-boot-starter-data-cassandra-4.0.0-M1.jar:/Users/leandro.yamaniha/.m2/repository/org/springframework/boot/spring-boot-starter-cassandra/4.0.0-M1/spring-boot-starter-cassandra-4.0.0-M1.jar:/Users/leandro.yamaniha/.m2/repository/org/springframework/boot/spring-boot-cassandra/4.0.0-M1/spring-boot-cassandra-4.0.0-M1.jar:/Users/leandro.yamaniha/.m2/repository/org/apache/cassandra/java-driver-core/4.19.0/java-driver-core-4.19.0.jar:/Users/leandro.yamaniha/.m2/repository/com/datastax/oss/native-protocol/1.5.1/native-protocol-1.5.1.jar:/Users/leandro.yamaniha/.m2/repository/org/apache/cassandra/java-driver-guava-shaded/4.19.0/java-driver-guava-shaded-4.19.0.jar:/Users/leandro.yamaniha/.m2/repository/com/typesafe/config/1.4.1/config-1.4.1.jar:/Users/leandro.yamaniha/.m2/repository/org/reactivestreams/reactive-streams/1.0.4/reactive-streams-1.0.4.jar:/Users/leandro.yamaniha/.m2/repository/org/springframework/boot/spring-boot-data-cassandra/4.0.0-M1/spring-boot-data-cassandra-4.0.0-M1.jar:/Users/leandro.yamaniha/.m2/repository/org/springframework/boot/spring-boot-data-commons/4.0.0-M1/spring-boot-data-commons-4.0.0-M1.jar:/Users/leandro.yamaniha/.m2/repository/org/springframework/data/spring-data-commons/4.0.0-M4/spring-data-commons-4.0.0-M4.jar:/Users/leandro.yamaniha/.m2/repository/org/springframework/data/spring-data-cassandra/5.0.0-M4/spring-data-cassandra-5.0.0-M4.jar:/Users/leandro.yamaniha/.m2/repository/org/springframework/spring-beans/7.0.0-M7/spring-beans-7.0.0-M7.jar:/Users/leandro.yamaniha/.m2/repository/org/springframework/spring-expression/7.0.0-M7/spring-expression-7.0.0-M7.jar:/Users/leandro.yamaniha/.m2/repository/org/springframework/spring-tx/7.0.0-M7/spring-tx-7.0.0-M7.jar:/Users/leandro.yamaniha/.m2/repository/org/apache/cassandra/java-driver-query-builder/4.19.0/java-driver-query-builder-4.19.0.jar:/Users/leandro.yamaniha/.m2/repository/org/springframework/boot/spring-boot-starter-validation/4.0.0-M1/spring-boot-starter-validation-4.0.0-M1.jar:/Users/leandro.yamaniha/.m2/repository/org/springframework/boot/spring-boot-starter/4.0.0-M1/spring-boot-starter-4.0.0-M1.jar:/Users/leandro.yamaniha/.m2/repository/org/springframework/boot/spring-boot-starter-logging/4.0.0-M1/spring-boot-starter-logging-4.0.0-M1.jar:/Users/leandro.yamaniha/.m2/repository/org/springframework/boot/spring-boot-starter-logback/4.0.0-M1/spring-boot-starter-logback-4.0.0-M1.jar:/Users/leandro.yamaniha/.m2/repository/ch/qos/logback/logback-classic/1.5.18/logback-classic-1.5.18.jar:/Users/leandro.yamaniha/.m2/repository/ch/qos/logback/logback-core/1.5.18/logback-core-1.5.18.jar:/Users/leandro.yamaniha/.m2/repository/org/apache/logging/log4j/log4j-to-slf4j/2.24.3/log4j-to-slf4j-2.24.3.jar:/Users/leandro.yamaniha/.m2/repository/org/apache/logging/log4j/log4j-api/2.24.3/log4j-api-2.24.3.jar:/Users/leandro.yamaniha/.m2/repository/org/slf4j/jul-to-slf4j/2.0.17/jul-to-slf4j-2.0.17.jar:/Users/leandro.yamaniha/.m2/repository/jakarta/annotation/jakarta.annotation-api/3.0.0/jakarta.annotation-api-3.0.0.jar:/Users/leandro.yamaniha/.m2/repository/org/yaml/snakeyaml/2.4/snakeyaml-2.4.jar:/Users/leandro.yamaniha/.m2/repository/org/springframework/boot/spring-boot-validation/4.0.0-M1/spring-boot-validation-4.0.0-M1.jar:/Users/leandro.yamaniha/.m2/repository/org/apache/tomcat/embed/tomcat-embed-el/11.0.9/tomcat-embed-el-11.0.9.jar:/Users/leandro.yamaniha/.m2/repository/org/hibernate/validator/hibernate-validator/9.0.1.Final/hibernate-validator-9.0.1.Final.jar:/Users/leandro.yamaniha/.m2/repository/jakarta/validation/jakarta.validation-api/3.1.1/jakarta.validation-api-3.1.1.jar:/Users/leandro.yamaniha/.m2/repository/org/jboss/logging/jboss-logging/3.6.1.Final/jboss-logging-3.6.1.Final.jar:/Users/leandro.yamaniha/.m2/repository/com/fasterxml/classmate/1.7.0/classmate-1.7.0.jar:/Users/leandro.yamaniha/.m2/repository/org/springframework/boot/spring-boot-starter-cache/4.0.0-M1/spring-boot-starter-cache-4.0.0-M1.jar:/Users/leandro.yamaniha/.m2/repository/org/springframework/boot/spring-boot-cache/4.0.0-M1/spring-boot-cache-4.0.0-M1.jar:/Users/leandro.yamaniha/.m2/repository/org/springframework/spring-context-support/7.0.0-M7/spring-context-support-7.0.0-M7.jar:/Users/leandro.yamaniha/.m2/repository/org/springframework/boot/spring-boot-starter-actuator/4.0.0-M1/spring-boot-starter-actuator-4.0.0-M1.jar:/Users/leandro.yamaniha/.m2/repository/org/springframework/boot/spring-boot-actuator-autoconfigure/4.0.0-M1/spring-boot-actuator-autoconfigure-4.0.0-M1.jar:/Users/leandro.yamaniha/.m2/repository/org/springframework/boot/spring-boot-actuator/4.0.0-M1/spring-boot-actuator-4.0.0-M1.jar:/Users/leandro.yamaniha/.m2/repository/com/fasterxml/jackson/datatype/jackson-datatype-jsr310/2.19.2/jackson-datatype-jsr310-2.19.2.jar:/Users/leandro.yamaniha/.m2/repository/org/springframework/boot/spring-boot-health/4.0.0-M1/spring-boot-health-4.0.0-M1.jar:/Users/leandro.yamaniha/.m2/repository/org/springframework/boot/spring-boot-metrics/4.0.0-M1/spring-boot-metrics-4.0.0-M1.jar:/Users/leandro.yamaniha/.m2/repository/org/springframework/boot/spring-boot-observation/4.0.0-M1/spring-boot-observation-4.0.0-M1.jar:/Users/leandro.yamaniha/.m2/repository/io/micrometer/micrometer-core/1.16.0-M1/micrometer-core-1.16.0-M1.jar:/Users/leandro.yamaniha/.m2/repository/org/hdrhistogram/HdrHistogram/2.2.2/HdrHistogram-2.2.2.jar:/Users/leandro.yamaniha/.m2/repository/org/latencyutils/LatencyUtils/2.0.3/LatencyUtils-2.0.3.jar:/Users/leandro.yamaniha/.m2/repository/org/springframework/boot/spring-boot-tracing/4.0.0-M1/spring-boot-tracing-4.0.0-M1.jar:/Users/leandro.yamaniha/.m2/repository/io/micrometer/micrometer-tracing/1.6.0-M1/micrometer-tracing-1.6.0-M1.jar:/Users/leandro.yamaniha/.m2/repository/io/micrometer/context-propagation/1.1.3/context-propagation-1.1.3.jar:/Users/leandro.yamaniha/.m2/repository/io/micrometer/micrometer-observation/1.16.0-M1/micrometer-observation-1.16.0-M1.jar:/Users/leandro.yamaniha/.m2/repository/org/jspecify/jspecify/1.0.0/jspecify-1.0.0.jar:/Users/leandro.yamaniha/.m2/repository/io/micrometer/micrometer-commons/1.16.0-M1/micrometer-commons-1.16.0-M1.jar:/Users/leandro.yamaniha/.m2/repository/io/micrometer/micrometer-jakarta9/1.16.0-M1/micrometer-jakarta9-1.16.0-M1.jar:/Users/leandro.yamaniha/.m2/repository/org/springframework/boot/spring-boot-devtools/4.0.0-M1/spring-boot-devtools-4.0.0-M1.jar:/Users/leandro.yamaniha/.m2/repository/org/springframework/boot/spring-boot/4.0.0-M1/spring-boot-4.0.0-M1.jar:/Users/leandro.yamaniha/.m2/repository/org/springframework/spring-context/7.0.0-M7/spring-context-7.0.0-M7.jar:/Users/leandro.yamaniha/.m2/repository/org/springframework/spring-aop/7.0.0-M7/spring-aop-7.0.0-M7.jar:/Users/leandro.yamaniha/.m2/repository/org/springframework/boot/spring-boot-autoconfigure/4.0.0-M1/spring-boot-autoconfigure-4.0.0-M1.jar:/Users/leandro.yamaniha/.m2/repository/org/springframework/boot/spring-boot-starter-test/4.0.0-M1/spring-boot-starter-test-4.0.0-M1.jar:/Users/leandro.yamaniha/.m2/repository/org/springframework/boot/spring-boot-restclient-test/4.0.0-M1/spring-boot-restclient-test-4.0.0-M1.jar:/Users/leandro.yamaniha/.m2/repository/org/springframework/boot/spring-boot-test-autoconfigure/4.0.0-M1/spring-boot-test-autoconfigure-4.0.0-M1.jar:/Users/leandro.yamaniha/.m2/repository/org/springframework/boot/spring-boot-web-server-test/4.0.0-M1/spring-boot-web-server-test-4.0.0-M1.jar:/Users/leandro.yamaniha/.m2/repository/com/jayway/jsonpath/json-path/2.9.0/json-path-2.9.0.jar:/Users/leandro.yamaniha/.m2/repository/jakarta/xml/bind/jakarta.xml.bind-api/4.0.2/jakarta.xml.bind-api-4.0.2.jar:/Users/leandro.yamaniha/.m2/repository/jakarta/activation/jakarta.activation-api/2.1.3/jakarta.activation-api-2.1.3.jar:/Users/leandro.yamaniha/.m2/repository/net/minidev/json-smart/2.5.2/json-smart-2.5.2.jar:/Users/leandro.yamaniha/.m2/repository/net/minidev/accessors-smart/2.5.2/accessors-smart-2.5.2.jar:/Users/leandro.yamaniha/.m2/repository/org/ow2/asm/asm/9.7.1/asm-9.7.1.jar:/Users/leandro.yamaniha/.m2/repository/org/assertj/assertj-core/3.27.3/assertj-core-3.27.3.jar:/Users/leandro.yamaniha/.m2/repository/net/bytebuddy/byte-buddy/1.17.6/byte-buddy-1.17.6.jar:/Users/leandro.yamaniha/.m2/repository/org/awaitility/awaitility/4.3.0/awaitility-4.3.0.jar:/Users/leandro.yamaniha/.m2/repository/org/hamcrest/hamcrest/3.0/hamcrest-3.0.jar:/Users/leandro.yamaniha/.m2/repository/org/junit/jupiter/junit-jupiter/5.13.4/junit-jupiter-5.13.4.jar:/Users/leandro.yamaniha/.m2/repository/org/junit/jupiter/junit-jupiter-api/5.13.4/junit-jupiter-api-5.13.4.jar:/Users/leandro.yamaniha/.m2/repository/org/junit/jupiter/junit-jupiter-params/5.13.4/junit-jupiter-params-5.13.4.jar:/Users/leandro.yamaniha/.m2/repository/org/junit/jupiter/junit-jupiter-engine/5.13.4/junit-jupiter-engine-5.13.4.jar:/Users/leandro.yamaniha/.m2/repository/org/mockito/mockito-core/5.18.0/mockito-core-5.18.0.jar:/Users/leandro.yamaniha/.m2/repository/net/bytebuddy/byte-buddy-agent/1.17.6/byte-buddy-agent-1.17.6.jar:/Users/leandro.yamaniha/.m2/repository/org/objenesis/objenesis/3.3/objenesis-3.3.jar:/Users/leandro.yamaniha/.m2/repository/org/mockito/mockito-junit-jupiter/5.18.0/mockito-junit-jupiter-5.18.0.jar:/Users/leandro.yamaniha/.m2/repository/org/skyscreamer/jsonassert/1.5.3/jsonassert-1.5.3.jar:/Users/leandro.yamaniha/.m2/repository/com/vaadin/external/google/android-json/0.0.20131108.vaadin1/android-json-0.0.20131108.vaadin1.jar:/Users/leandro.yamaniha/.m2/repository/org/springframework/spring-core/7.0.0-M7/spring-core-7.0.0-M7.jar:/Users/leandro.yamaniha/.m2/repository/commons-logging/commons-logging/1.3.5/commons-logging-1.3.5.jar:/Users/leandro.yamaniha/.m2/repository/org/springframework/spring-test/7.0.0-M7/spring-test-7.0.0-M7.jar:/Users/leandro.yamaniha/.m2/repository/org/xmlunit/xmlunit-core/2.10.3/xmlunit-core-2.10.3.jar:/Users/leandro.yamaniha/.m2/repository/org/springframework/boot/spring-boot-test/4.0.0-M1/spring-boot-test-4.0.0-M1.jar:/Users/leandro.yamaniha/.m2/repository/com/fasterxml/jackson/core/jackson-databind/2.19.2/jackson-databind-2.19.2.jar:/Users/leandro.yamaniha/.m2/repository/com/fasterxml/jackson/core/jackson-annotations/2.19.2/jackson-annotations-2.19.2.jar:/Users/leandro.yamaniha/.m2/repository/com/fasterxml/jackson/core/jackson-core/2.19.2/jackson-core-2.19.2.jar:/Users/leandro.yamaniha/.m2/repository/org/springdoc/springdoc-openapi-starter-webmvc-ui/2.2.0/springdoc-openapi-starter-webmvc-ui-2.2.0.jar:/Users/leandro.yamaniha/.m2/repository/org/springdoc/springdoc-openapi-starter-webmvc-api/2.2.0/springdoc-openapi-starter-webmvc-api-2.2.0.jar:/Users/leandro.yamaniha/.m2/repository/org/springdoc/springdoc-openapi-starter-common/2.2.0/springdoc-openapi-starter-common-2.2.0.jar:/Users/leandro.yamaniha/.m2/repository/io/swagger/core/v3/swagger-core-jakarta/2.2.15/swagger-core-jakarta-2.2.15.jar:/Users/leandro.yamaniha/.m2/repository/org/apache/commons/commons-lang3/3.18.0/commons-lang3-3.18.0.jar:/Users/leandro.yamaniha/.m2/repository/io/swagger/core/v3/swagger-annotations-jakarta/2.2.15/swagger-annotations-jakarta-2.2.15.jar:/Users/leandro.yamaniha/.m2/repository/io/swagger/core/v3/swagger-models-jakarta/2.2.15/swagger-models-jakarta-2.2.15.jar:/Users/leandro.yamaniha/.m2/repository/com/fasterxml/jackson/dataformat/jackson-dataformat-yaml/2.19.2/jackson-dataformat-yaml-2.19.2.jar:/Users/leandro.yamaniha/.m2/repository/org/springframework/spring-webmvc/7.0.0-M7/spring-webmvc-7.0.0-M7.jar:/Users/leandro.yamaniha/.m2/repository/org/webjars/swagger-ui/5.2.0/swagger-ui-5.2.0.jar:/Users/leandro.yamaniha/.m2/repository/io/cucumber/cucumber-java/7.18.0/cucumber-java-7.18.0.jar:/Users/leandro.yamaniha/.m2/repository/io/cucumber/cucumber-core/7.18.0/cucumber-core-7.18.0.jar:/Users/leandro.yamaniha/.m2/repository/io/cucumber/cucumber-gherkin/7.18.0/cucumber-gherkin-7.18.0.jar:/Users/leandro.yamaniha/.m2/repository/io/cucumber/cucumber-gherkin-messages/7.18.0/cucumber-gherkin-messages-7.18.0.jar:/Users/leandro.yamaniha/.m2/repository/io/cucumber/gherkin/28.0.0/gherkin-28.0.0.jar:/Users/leandro.yamaniha/.m2/repository/io/cucumber/messages/24.1.0/messages-24.1.0.jar:/Users/leandro.yamaniha/.m2/repository/io/cucumber/testng-xml-formatter/0.1.0/testng-xml-formatter-0.1.0.jar:/Users/leandro.yamaniha/.m2/repository/io/cucumber/query/12.2.0/query-12.2.0.jar:/Users/leandro.yamaniha/.m2/repository/io/cucumber/tag-expressions/6.1.0/tag-expressions-6.1.0.jar:/Users/leandro.yamaniha/.m2/repository/io/cucumber/cucumber-expressions/17.1.0/cucumber-expressions-17.1.0.jar:/Users/leandro.yamaniha/.m2/repository/io/cucumber/datatable/7.18.0/datatable-7.18.0.jar:/Users/leandro.yamaniha/.m2/repository/io/cucumber/cucumber-plugin/7.18.0/cucumber-plugin-7.18.0.jar:/Users/leandro.yamaniha/.m2/repository/io/cucumber/docstring/7.18.0/docstring-7.18.0.jar:/Users/leandro.yamaniha/.m2/repository/io/cucumber/html-formatter/21.3.1/html-formatter-21.3.1.jar:/Users/leandro.yamaniha/.m2/repository/io/cucumber/junit-xml-formatter/0.4.0/junit-xml-formatter-0.4.0.jar:/Users/leandro.yamaniha/.m2/repository/io/cucumber/ci-environment/10.0.1/ci-environment-10.0.1.jar:/Users/leandro.yamaniha/.m2/repository/org/apiguardian/apiguardian-api/1.1.2/apiguardian-api-1.1.2.jar:/Users/leandro.yamaniha/.m2/repository/io/cucumber/cucumber-spring/7.18.0/cucumber-spring-7.18.0.jar:/Users/leandro.yamaniha/.m2/repository/io/cucumber/cucumber-junit-platform-engine/7.18.0/cucumber-junit-platform-engine-7.18.0.jar:/Users/leandro.yamaniha/.m2/repository/org/junit/platform/junit-platform-engine/1.13.4/junit-platform-engine-1.13.4.jar:/Users/leandro.yamaniha/.m2/repository/org/opentest4j/opentest4j/1.3.0/opentest4j-1.3.0.jar:/Users/leandro.yamaniha/.m2/repository/org/junit/platform/junit-platform-commons/1.13.4/junit-platform-commons-1.13.4.jar:/Users/leandro.yamaniha/.m2/repository/org/testcontainers/testcontainers/1.19.8/testcontainers-1.19.8.jar:/Users/leandro.yamaniha/.m2/repository/junit/junit/4.13.2/junit-4.13.2.jar:/Users/leandro.yamaniha/.m2/repository/org/hamcrest/hamcrest-core/3.0/hamcrest-core-3.0.jar:/Users/leandro.yamaniha/.m2/repository/org/slf4j/slf4j-api/2.0.17/slf4j-api-2.0.17.jar:/Users/leandro.yamaniha/.m2/repository/org/apache/commons/commons-compress/1.24.0/commons-compress-1.24.0.jar:/Users/leandro.yamaniha/.m2/repository/org/rnorth/duct-tape/duct-tape/1.0.8/duct-tape-1.0.8.jar:/Users/leandro.yamaniha/.m2/repository/org/jetbrains/annotations/17.0.0/annotations-17.0.0.jar:/Users/leandro.yamaniha/.m2/repository/com/github/docker-java/docker-java-api/3.3.6/docker-java-api-3.3.6.jar:/Users/leandro.yamaniha/.m2/repository/com/github/docker-java/docker-java-transport-zerodep/3.3.6/docker-java-transport-zerodep-3.3.6.jar:/Users/leandro.yamaniha/.m2/repository/com/github/docker-java/docker-java-transport/3.3.6/docker-java-transport-3.3.6.jar:/Users/leandro.yamaniha/.m2/repository/net/java/dev/jna/jna/5.13.0/jna-5.13.0.jar:/Users/leandro.yamaniha/.m2/repository/org/testcontainers/junit-jupiter/1.19.8/junit-jupiter-1.19.8.jar:/Users/leandro.yamaniha/.m2/repository/org/testcontainers/cassandra/1.19.8/cassandra-1.19.8.jar:/Users/leandro.yamaniha/.m2/repository/org/testcontainers/database-commons/1.21.3/database-commons-1.21.3.jar:/Users/leandro.yamaniha/.m2/repository/com/datastax/cassandra/cassandra-driver-core/3.10.0/cassandra-driver-core-3.10.0.jar:/Users/leandro.yamaniha/.m2/repository/io/netty/netty-handler/4.2.3.Final/netty-handler-4.2.3.Final.jar:/Users/leandro.yamaniha/.m2/repository/io/netty/netty-common/4.2.3.Final/netty-common-4.2.3.Final.jar:/Users/leandro.yamaniha/.m2/repository/io/netty/netty-resolver/4.2.3.Final/netty-resolver-4.2.3.Final.jar:/Users/leandro.yamaniha/.m2/repository/io/netty/netty-buffer/4.2.3.Final/netty-buffer-4.2.3.Final.jar:/Users/leandro.yamaniha/.m2/repository/io/netty/netty-transport/4.2.3.Final/netty-transport-4.2.3.Final.jar:/Users/leandro.yamaniha/.m2/repository/io/netty/netty-transport-native-unix-common/4.2.3.Final/netty-transport-native-unix-common-4.2.3.Final.jar:/Users/leandro.yamaniha/.m2/repository/io/netty/netty-codec-base/4.2.3.Final/netty-codec-base-4.2.3.Final.jar:/Users/leandro.yamaniha/.m2/repository/com/google/guava/guava/19.0/guava-19.0.jar:/Users/leandro.yamaniha/.m2/repository/io/dropwizard/metrics/metrics-core/3.2.2/metrics-core-3.2.2.jar:/Users/leandro.yamaniha/.m2/repository/com/github/jnr/jnr-ffi/2.1.7/jnr-ffi-2.1.7.jar:/Users/leandro.yamaniha/.m2/repository/com/github/jnr/jffi/1.2.16/jffi-1.2.16.jar:/Users/leandro.yamaniha/.m2/repository/com/github/jnr/jffi/1.2.16/jffi-1.2.16-native.jar:/Users/leandro.yamaniha/.m2/repository/org/ow2/asm/asm-commons/5.0.3/asm-commons-5.0.3.jar:/Users/leandro.yamaniha/.m2/repository/org/ow2/asm/asm-analysis/5.0.3/asm-analysis-5.0.3.jar:/Users/leandro.yamaniha/.m2/repository/org/ow2/asm/asm-tree/5.0.3/asm-tree-5.0.3.jar:/Users/leandro.yamaniha/.m2/repository/org/ow2/asm/asm-util/5.0.3/asm-util-5.0.3.jar:/Users/leandro.yamaniha/.m2/repository/com/github/jnr/jnr-x86asm/1.0.2/jnr-x86asm-1.0.2.jar:/Users/leandro.yamaniha/.m2/repository/com/github/jnr/jnr-posix/3.0.44/jnr-posix-3.0.44.jar:/Users/leandro.yamaniha/.m2/repository/com/github/jnr/jnr-constants/0.9.9/jnr-constants-0.9.9.jar:/Users/leandro.yamaniha/.m2/repository/org/junit/platform/junit-platform-suite/1.13.4/junit-platform-suite-1.13.4.jar:/Users/leandro.yamaniha/.m2/repository/org/junit/platform/junit-platform-suite-api/1.13.4/junit-platform-suite-api-1.13.4.jar:/Users/leandro.yamaniha/.m2/repository/org/junit/platform/junit-platform-suite-engine/1.13.4/junit-platform-suite-engine-1.13.4.jar:/Users/leandro.yamaniha/.m2/repository/org/junit/platform/junit-platform-suite-commons/1.13.4/junit-platform-suite-commons-1.13.4.jar:/Users/leandro.yamaniha/.m2/repository/org/junit/platform/junit-platform-launcher/1.13.4/junit-platform-launcher-1.13.4.jar:"/>
    <property name="sun.cpu.endian" value="little"/>
    <property name="user.home" value="/Users/leandro.yamaniha"/>
    <property name="user.language" value="pt"/>
    <property name="java.specification.vendor" value="Oracle Corporation"/>
    <property name="java.version.date" value="2025-04-15"/>
    <property name="java.home" value="/Users/leandro.yamaniha/.sdkman/candidates/java/24.0.1-open"/>
    <property name="spring.profiles.active" value="test"/>
    <property name="file.separator" value="/"/>
    <property name="basedir" value="/Volumes/Dock/ai/ide/windsurf/beauty-salon-app/backend"/>
    <property name="java.vm.compressedOopsMode" value="Zero based"/>
    <property name="line.separator" value="&#10;"/>
    <property name="java.vm.specification.vendor" value="Oracle Corporation"/>
    <property name="java.specification.name" value="Java Platform API Specification"/>
    <property name="FILE_LOG_CHARSET" value="UTF-8"/>
    <property name="java.awt.headless" value="true"/>
    <property name="apple.awt.application.name" value="ForkedBooter"/>
    <property name="surefire.real.class.path" value="/Volumes/Dock/ai/ide/windsurf/beauty-salon-app/backend/target/surefire/surefirebooter-20250809231133304_3.jar"/>
    <property name="sun.management.compiler" value="HotSpot 64-Bit Tiered Compilers"/>
    <property name="ftp.nonProxyHosts" value="local|*.local|169.254/16|*.169.254/16"/>
    <property name="java.runtime.version" value="24.0.1+9-30"/>
    <property name="LOG_CORRELATION_PATTERN" value="%correlationId"/>
    <property name="user.name" value="leandro.yamaniha"/>
    <property name="stdout.encoding" value="UTF-8"/>
    <property name="path.separator" value=":"/>
    <property name="os.version" value="15.6"/>
    <property name="java.runtime.name" value="OpenJDK Runtime Environment"/>
    <property name="file.encoding" value="UTF-8"/>
    <property name="java.vm.name" value="OpenJDK 64-Bit Server VM"/>
    <property name="localRepository" value="/Users/leandro.yamaniha/.m2/repository"/>
    <property name="java.vendor.url.bug" value="https://bugreport.java.com/bugreport/"/>
    <property name="java.io.tmpdir" value="/var/folders/bq/3lwdr43j0434bbxzc_qyn5rw0000gn/T/"/>
    <property name="java.version" value="24.0.1"/>
    <property name="user.dir" value="/Volumes/Dock/ai/ide/windsurf/beauty-salon-app/backend"/>
    <property name="os.arch" value="aarch64"/>
    <property name="java.vm.specification.name" value="Java Virtual Machine Specification"/>
    <property name="PID" value="97564"/>
    <property name="CONSOLE_LOG_CHARSET" value="UTF-8"/>
    <property name="native.encoding" value="UTF-8"/>
    <property name="java.library.path" value="/Users/leandro.yamaniha/Library/Java/Extensions:/Library/Java/Extensions:/Network/Library/Java/Extensions:/System/Library/Java/Extensions:/usr/lib/java:."/>
    <property name="java.vm.info" value="mixed mode, sharing"/>
    <property name="stderr.encoding" value="UTF-8"/>
    <property name="java.vendor" value="Oracle Corporation"/>
    <property name="java.vm.version" value="24.0.1+9-30"/>
    <property name="sun.io.unicode.encoding" value="UnicodeBig"/>
    <property name="socksNonProxyHosts" value="local|*.local|169.254/16|*.169.254/16"/>
    <property name="java.class.version" value="68.0"/>
    <property name="LOGGED_APPLICATION_NAME" value="[beauty-salon-backend] "/>
  </properties>
  <testcase name="testConnectionPoolPerformance" classname="com.beautysalon.performance.Phase2PerformanceTest" time="0.869">
    <system-out><![CDATA[23:11:33.929 [main] INFO org.springframework.test.context.support.AnnotationConfigContextLoaderUtils -- Could not detect default configuration classes for test class [com.beautysalon.performance.Phase2PerformanceTest]: Phase2PerformanceTest does not declare any static, non-private, non-final, nested classes annotated with @Configuration.
23:11:34.000 [main] INFO org.springframework.boot.test.context.SpringBootTestContextBootstrapper -- Found @SpringBootConfiguration com.beautysalon.BeautySalonApplication for test class com.beautysalon.performance.Phase2PerformanceTest
23:11:34.088 [main] INFO org.testcontainers.images.PullPolicy -- Image pull policy will be performed by: DefaultPullPolicy()
23:11:34.089 [main] INFO org.testcontainers.utility.ImageNameSubstitutor -- Image name substitution will be performed by: DefaultImageNameSubstitutor (composite of 'ConfigurationFileImageNameSubstitutor' and 'PrefixingImageNameSubstitutor')
23:11:34.292 [main] INFO org.testcontainers.dockerclient.DockerClientProviderStrategy -- Loaded org.testcontainers.dockerclient.UnixSocketClientProviderStrategy from ~/.testcontainers.properties, will try it first
23:11:34.464 [main] INFO org.testcontainers.dockerclient.DockerClientProviderStrategy -- Found Docker environment with local Unix socket (unix:///var/run/docker.sock)
23:11:34.465 [main] INFO org.testcontainers.DockerClientFactory -- Docker host IP address is localhost
23:11:34.478 [main] INFO org.testcontainers.DockerClientFactory -- Connected to docker: 
  Server Version: 28.1.1
  API Version: 1.49
  Operating System: Docker Desktop
  Total Memory: 7837 MB
23:11:34.554 [main] INFO tc.testcontainers/ryuk:0.7.0 -- Creating container for image: testcontainers/ryuk:0.7.0
23:11:34.714 [main] INFO org.testcontainers.utility.RegistryAuthLocator -- Credential helper/store (docker-credential-desktop) does not have credentials for https://index.docker.io/v1/
23:11:34.800 [main] INFO tc.testcontainers/ryuk:0.7.0 -- Container testcontainers/ryuk:0.7.0 is starting: 159e2fdaa8190f4163715b9f055d514090bad52fa93fe39d0c0a741f26cc91d0
23:11:35.043 [main] INFO tc.testcontainers/ryuk:0.7.0 -- Container testcontainers/ryuk:0.7.0 started in PT0.488166S
23:11:35.047 [main] INFO org.testcontainers.utility.RyukResourceReaper -- Ryuk started - will monitor and terminate Testcontainers containers on JVM exit
23:11:35.047 [main] INFO org.testcontainers.DockerClientFactory -- Checking the system...
23:11:35.047 [main] INFO org.testcontainers.DockerClientFactory -- ✔︎ Docker server version should be at least 1.6.0
23:11:35.049 [main] INFO tc.cassandra:4.1 -- Creating container for image: cassandra:4.1
23:11:35.050 [main] WARN tc.cassandra:4.1 -- Reuse was requested but the environment does not support the reuse of containers
To enable reuse of containers, you must set 'testcontainers.reuse.enable=true' in a file located at /Users/leandro.yamaniha/.testcontainers.properties
23:11:35.089 [main] INFO tc.cassandra:4.1 -- Container cassandra:4.1 is starting: 5f285245663e3115df8b21f7c139954f969485bfbb69c5f8ded06f48b18d5afe
23:11:37.968 [main] INFO tc.cassandra:4.1 -- Container cassandra:4.1 started in PT2.918892S
23:11:37.981 [main] INFO org.testcontainers.ext.ScriptUtils -- Executing database script from init.cql
23:11:37.986 [main] INFO com.datastax.driver.core -- DataStax Java driver 3.10.0 for Apache Cassandra
23:11:37.992 [main] INFO com.datastax.driver.core.GuavaCompatibility -- Detected Guava >= 19 in the classpath, using modern compatibility layer
23:11:38.022 [main] INFO com.datastax.driver.core.Native -- Could not load JNR C Library, native system calls through this library will not be available (set this logger level to DEBUG to see the full stack trace).
23:11:38.022 [main] INFO com.datastax.driver.core.ClockFactory -- Using java.lang.System clock to generate timestamps.
23:11:38.079 [main] INFO com.datastax.driver.core.NettyUtil -- Did not find Netty's native epoll transport in the classpath, defaulting to NIO.
23:11:38.422 [main] INFO com.datastax.driver.core.policies.DCAwareRoundRobinPolicy -- Using data-center name 'datacenter1' for DCAwareRoundRobinPolicy (if this is incorrect, please provide the correct datacenter name with DCAwareRoundRobinPolicy constructor)
23:11:38.423 [main] INFO com.datastax.driver.core.Cluster -- New Cassandra host localhost/127.0.0.1:56341 added
23:11:40.965 [main] INFO org.testcontainers.ext.ScriptUtils -- Executed database script from init.cql in 2983 ms.
23:11:41.022 [main] INFO org.springframework.boot.devtools.restart.RestartApplicationListener -- Restart disabled due to context in which it is running

  .   ____          _            __ _ _
 /\\ / ___'_ __ _ _(_)_ __  __ _ \ \ \ \
( ( )\___ | '_ | '_| | '_ \/ _` | \ \ \ \
 \\/  ___)| |_)| | | | | || (_| |  ) ) ) )
  '  |____| .__|_| |_|_| |_\__, | / / / /
 =========|_|==============|___/=/_/_/_/

 :: Spring Boot ::             (v4.0.0-M1)

2025-08-09T23:11:41.202-03:00  INFO 97564 --- [beauty-salon-backend] [           main] [                                                 ] c.b.performance.Phase2PerformanceTest    : Starting Phase2PerformanceTest using Java 24.0.1 with PID 97564 (started by leandro.yamaniha in /Volumes/Dock/ai/ide/windsurf/beauty-salon-app/backend)
2025-08-09T23:11:41.202-03:00 DEBUG 97564 --- [beauty-salon-backend] [           main] [                                                 ] c.b.performance.Phase2PerformanceTest    : Running with Spring Boot v4.0.0-M1, Spring v7.0.0-M7
2025-08-09T23:11:41.202-03:00  INFO 97564 --- [beauty-salon-backend] [           main] [                                                 ] c.b.performance.Phase2PerformanceTest    : The following 1 profile is active: "test"
2025-08-09T23:11:41.648-03:00  INFO 97564 --- [beauty-salon-backend] [           main] [                                                 ] .s.d.r.c.RepositoryConfigurationDelegate : Bootstrapping Spring Data Reactive Cassandra repositories in DEFAULT mode.
2025-08-09T23:11:41.667-03:00  INFO 97564 --- [beauty-salon-backend] [           main] [                                                 ] .s.d.r.c.RepositoryConfigurationDelegate : Finished Spring Data repository scanning in 15 ms. Found 0 Reactive Cassandra repository interfaces.
2025-08-09T23:11:41.670-03:00  INFO 97564 --- [beauty-salon-backend] [           main] [                                                 ] .s.d.r.c.RepositoryConfigurationDelegate : Bootstrapping Spring Data Cassandra repositories in DEFAULT mode.
2025-08-09T23:11:41.683-03:00  INFO 97564 --- [beauty-salon-backend] [           main] [                                                 ] .s.d.r.c.RepositoryConfigurationDelegate : Finished Spring Data repository scanning in 12 ms. Found 4 Cassandra repository interfaces.
2025-08-09T23:11:41.797-03:00  INFO 97564 --- [beauty-salon-backend] [           main] [                                                 ] c.d.o.d.i.core.DefaultMavenCoordinates   : Apache Cassandra Java Driver (org.apache.cassandra:java-driver-core) version 4.19.0
2025-08-09T23:11:42.007-03:00  INFO 97564 --- [beauty-salon-backend] [           main] [                                                 ] c.d.o.d.internal.core.ContactPoints      : Contact point localhost:56341 resolves to multiple addresses, will use them all ([localhost/127.0.0.1, localhost/0:0:0:0:0:0:0:1])
2025-08-09T23:11:42.047-03:00  INFO 97564 --- [beauty-salon-backend] [           main] [                                                 ] c.d.o.d.i.c.c.CqlPrepareAsyncProcessor   : Adding handler to invalidate cached prepared statements on type changes
2025-08-09T23:11:42.075-03:00  INFO 97564 --- [beauty-salon-backend] [     s0-admin-0] [                                                 ] c.d.oss.driver.internal.core.time.Clock  : Could not access native clock (see debug logs for details), falling back to Java system clock
2025-08-09T23:11:42.204-03:00  WARN 97564 --- [beauty-salon-backend] [     s0-admin-0] [                                                 ] c.d.o.d.i.c.l.h.OptionalLocalDcHelper    : [s0|default] You specified datacenter1 as the local DC, but some contact points are from a different DC: Node(endPoint=localhost/[0:0:0:0:0:0:0:1]:56341, hostId=null, hashCode=2e494db8)=null; please provide the correct local DC, or check your contact points
2025-08-09T23:11:42.232-03:00 DEBUG 97564 --- [beauty-salon-backend] [           main] [                                                 ] o.s.data.cassandra.core.cql.CqlTemplate  : Executing CQL statement [CREATE TABLE IF NOT EXISTS customers (id uuid, name text, email text, phone text, address text, created_at timestamp, updated_at timestamp, PRIMARY KEY (id));]
2025-08-09T23:11:42.244-03:00 DEBUG 97564 --- [beauty-salon-backend] [           main] [                                                 ] o.s.data.cassandra.core.cql.CqlTemplate  : Executing CQL statement [CREATE TABLE IF NOT EXISTS appointments (id uuid, customer_id uuid, staff_id uuid, service_id uuid, appointment_date date, appointment_time time, status text, notes text, total_price decimal, created_at timestamp, updated_at timestamp, PRIMARY KEY (id));]
2025-08-09T23:11:42.247-03:00 DEBUG 97564 --- [beauty-salon-backend] [           main] [                                                 ] o.s.data.cassandra.core.cql.CqlTemplate  : Executing CQL statement [CREATE TABLE IF NOT EXISTS services (id uuid, name text, description text, duration int, price decimal, category text, is_active boolean, created_at timestamp, updated_at timestamp, PRIMARY KEY (id));]
2025-08-09T23:11:42.249-03:00 DEBUG 97564 --- [beauty-salon-backend] [           main] [                                                 ] o.s.data.cassandra.core.cql.CqlTemplate  : Executing CQL statement [CREATE TABLE IF NOT EXISTS staff (id uuid, name text, email text, phone text, role text, specialties set<text>, is_active boolean, created_at timestamp, updated_at timestamp, PRIMARY KEY (id));]
2025-08-09T23:11:42.711-03:00  INFO 97564 --- [beauty-salon-backend] [           main] [                                                 ] o.s.b.t.m.w.SpringBootMockServletContext : Initializing Spring TestDispatcherServlet ''
2025-08-09T23:11:42.711-03:00  INFO 97564 --- [beauty-salon-backend] [           main] [                                                 ] o.s.t.web.servlet.TestDispatcherServlet  : Initializing Servlet ''
2025-08-09T23:11:42.717-03:00  INFO 97564 --- [beauty-salon-backend] [           main] [                                                 ] o.s.b.a.e.web.EndpointLinksResolver      : Exposing 2 endpoints beneath base path '/actuator'
2025-08-09T23:11:42.724-03:00  INFO 97564 --- [beauty-salon-backend] [           main] [                                                 ] o.s.t.web.servlet.TestDispatcherServlet  : Completed initialization in 13 ms
2025-08-09T23:11:42.761-03:00  INFO 97564 --- [beauty-salon-backend] [           main] [                                                 ] c.b.performance.Phase2PerformanceTest    : Started Phase2PerformanceTest in 1.748 seconds (process running for 9.421)
2025-08-09T23:11:43.281-03:00 DEBUG 97564 --- [beauty-salon-backend] [           main] [                                                 ] o.s.d.c.c.c.MappingCassandraConverter    : doWithProperties Property.type java.util.UUID, Property.value 3bf28eba-524b-4cd6-873d-68f4af47b7b8
2025-08-09T23:11:43.282-03:00 DEBUG 97564 --- [beauty-salon-backend] [           main] [                                                 ] o.s.d.c.c.c.MappingCassandraConverter    : Adding map.entry [id] - [3bf28eba-524b-4cd6-873d-68f4af47b7b8]
2025-08-09T23:11:43.282-03:00 DEBUG 97564 --- [beauty-salon-backend] [           main] [                                                 ] o.s.d.c.c.c.MappingCassandraConverter    : doWithProperties Property.type java.lang.String, Property.value Cache Test Customer 0
2025-08-09T23:11:43.282-03:00 DEBUG 97564 --- [beauty-salon-backend] [           main] [                                                 ] o.s.d.c.c.c.MappingCassandraConverter    : Adding map.entry [name] - [Cache Test Customer 0]
2025-08-09T23:11:43.282-03:00 DEBUG 97564 --- [beauty-salon-backend] [           main] [                                                 ] o.s.d.c.c.c.MappingCassandraConverter    : doWithProperties Property.type java.lang.String, Property.value cache0@test.com
2025-08-09T23:11:43.282-03:00 DEBUG 97564 --- [beauty-salon-backend] [           main] [                                                 ] o.s.d.c.c.c.MappingCassandraConverter    : Adding map.entry [email] - [cache0@test.com]
2025-08-09T23:11:43.282-03:00 DEBUG 97564 --- [beauty-salon-backend] [           main] [                                                 ] o.s.d.c.c.c.MappingCassandraConverter    : doWithProperties Property.type java.lang.String, Property.value 5550000000
2025-08-09T23:11:43.282-03:00 DEBUG 97564 --- [beauty-salon-backend] [           main] [                                                 ] o.s.d.c.c.c.MappingCassandraConverter    : Adding map.entry [phone] - [5550000000]
2025-08-09T23:11:43.282-03:00 DEBUG 97564 --- [beauty-salon-backend] [           main] [                                                 ] o.s.d.c.c.c.MappingCassandraConverter    : doWithProperties Property.type java.lang.String, Property.value 123 Cache St 0
2025-08-09T23:11:43.282-03:00 DEBUG 97564 --- [beauty-salon-backend] [           main] [                                                 ] o.s.d.c.c.c.MappingCassandraConverter    : Adding map.entry [address] - [123 Cache St 0]
2025-08-09T23:11:43.282-03:00 DEBUG 97564 --- [beauty-salon-backend] [           main] [                                                 ] o.s.d.c.c.c.MappingCassandraConverter    : doWithProperties Property.type java.time.Instant, Property.value 2025-08-10T02:11:43.275373Z
2025-08-09T23:11:43.282-03:00 DEBUG 97564 --- [beauty-salon-backend] [           main] [                                                 ] o.s.d.c.c.c.MappingCassandraConverter    : Adding map.entry [created_at] - [2025-08-10T02:11:43.275373Z]
2025-08-09T23:11:43.282-03:00 DEBUG 97564 --- [beauty-salon-backend] [           main] [                                                 ] o.s.d.c.c.c.MappingCassandraConverter    : doWithProperties Property.type java.time.Instant, Property.value 2025-08-10T02:11:43.275376Z
2025-08-09T23:11:43.283-03:00 DEBUG 97564 --- [beauty-salon-backend] [           main] [                                                 ] o.s.d.c.c.c.MappingCassandraConverter    : Adding map.entry [updated_at] - [2025-08-10T02:11:43.275376Z]
2025-08-09T23:11:43.291-03:00 DEBUG 97564 --- [beauty-salon-backend] [           main] [                                                 ] o.s.data.cassandra.core.cql.CqlTemplate  : Preparing statement [INSERT INTO customers (id,name,email,phone,address,created_at,updated_at) VALUES (?,?,?,?,?,?,?)] using org.springframework.data.cassandra.core.CassandraTemplate$PreparedStatementHandler@34d78731
2025-08-09T23:11:43.312-03:00 DEBUG 97564 --- [beauty-salon-backend] [           main] [                                                 ] o.s.data.cassandra.core.cql.CqlTemplate  : Executing prepared statement [INSERT INTO customers (id,name,email,phone,address,created_at,updated_at) VALUES (?,?,?,?,?,?,?)]
2025-08-09T23:11:43.350-03:00 DEBUG 97564 --- [beauty-salon-backend] [           main] [                                                 ] o.s.d.c.c.c.MappingCassandraConverter    : doWithProperties Property.type java.util.UUID, Property.value 14f1108d-9971-4ca8-a17f-5b705a4866ad
2025-08-09T23:11:43.350-03:00 DEBUG 97564 --- [beauty-salon-backend] [           main] [                                                 ] o.s.d.c.c.c.MappingCassandraConverter    : Adding map.entry [id] - [14f1108d-9971-4ca8-a17f-5b705a4866ad]
2025-08-09T23:11:43.350-03:00 DEBUG 97564 --- [beauty-salon-backend] [           main] [                                                 ] o.s.d.c.c.c.MappingCassandraConverter    : doWithProperties Property.type java.lang.String, Property.value Cache Test Customer 1
2025-08-09T23:11:43.350-03:00 DEBUG 97564 --- [beauty-salon-backend] [           main] [                                                 ] o.s.d.c.c.c.MappingCassandraConverter    : Adding map.entry [name] - [Cache Test Customer 1]
2025-08-09T23:11:43.350-03:00 DEBUG 97564 --- [beauty-salon-backend] [           main] [                                                 ] o.s.d.c.c.c.MappingCassandraConverter    : doWithProperties Property.type java.lang.String, Property.value cache1@test.com
2025-08-09T23:11:43.350-03:00 DEBUG 97564 --- [beauty-salon-backend] [           main] [                                                 ] o.s.d.c.c.c.MappingCassandraConverter    : Adding map.entry [email] - [cache1@test.com]
2025-08-09T23:11:43.350-03:00 DEBUG 97564 --- [beauty-salon-backend] [           main] [                                                 ] o.s.d.c.c.c.MappingCassandraConverter    : doWithProperties Property.type java.lang.String, Property.value 5550000001
2025-08-09T23:11:43.350-03:00 DEBUG 97564 --- [beauty-salon-backend] [           main] [                                                 ] o.s.d.c.c.c.MappingCassandraConverter    : Adding map.entry [phone] - [5550000001]
2025-08-09T23:11:43.351-03:00 DEBUG 97564 --- [beauty-salon-backend] [           main] [                                                 ] o.s.d.c.c.c.MappingCassandraConverter    : doWithProperties Property.type java.lang.String, Property.value 123 Cache St 1
2025-08-09T23:11:43.351-03:00 DEBUG 97564 --- [beauty-salon-backend] [           main] [                                                 ] o.s.d.c.c.c.MappingCassandraConverter    : Adding map.entry [address] - [123 Cache St 1]
2025-08-09T23:11:43.351-03:00 DEBUG 97564 --- [beauty-salon-backend] [           main] [                                                 ] o.s.d.c.c.c.MappingCassandraConverter    : doWithProperties Property.type java.time.Instant, Property.value 2025-08-10T02:11:43.350376Z
2025-08-09T23:11:43.351-03:00 DEBUG 97564 --- [beauty-salon-backend] [           main] [                                                 ] o.s.d.c.c.c.MappingCassandraConverter    : Adding map.entry [created_at] - [2025-08-10T02:11:43.350376Z]
2025-08-09T23:11:43.351-03:00 DEBUG 97564 --- [beauty-salon-backend] [           main] [                                                 ] o.s.d.c.c.c.MappingCassandraConverter    : doWithProperties Property.type java.time.Instant, Property.value 2025-08-10T02:11:43.350376Z
2025-08-09T23:11:43.351-03:00 DEBUG 97564 --- [beauty-salon-backend] [           main] [                                                 ] o.s.d.c.c.c.MappingCassandraConverter    : Adding map.entry [updated_at] - [2025-08-10T02:11:43.350376Z]
2025-08-09T23:11:43.351-03:00 DEBUG 97564 --- [beauty-salon-backend] [           main] [                                                 ] o.s.data.cassandra.core.cql.CqlTemplate  : Preparing statement [INSERT INTO customers (id,name,email,phone,address,created_at,updated_at) VALUES (?,?,?,?,?,?,?)] using org.springframework.data.cassandra.core.CassandraTemplate$PreparedStatementHandler@34db86a7
2025-08-09T23:11:43.351-03:00 DEBUG 97564 --- [beauty-salon-backend] [           main] [                                                 ] o.s.data.cassandra.core.cql.CqlTemplate  : Executing prepared statement [INSERT INTO customers (id,name,email,phone,address,created_at,updated_at) VALUES (?,?,?,?,?,?,?)]
2025-08-09T23:11:43.356-03:00 DEBUG 97564 --- [beauty-salon-backend] [           main] [                                                 ] o.s.d.c.c.c.MappingCassandraConverter    : doWithProperties Property.type java.util.UUID, Property.value 8b542226-787c-4540-8a39-14e76c0b063f
2025-08-09T23:11:43.356-03:00 DEBUG 97564 --- [beauty-salon-backend] [           main] [                                                 ] o.s.d.c.c.c.MappingCassandraConverter    : Adding map.entry [id] - [8b542226-787c-4540-8a39-14e76c0b063f]
2025-08-09T23:11:43.356-03:00 DEBUG 97564 --- [beauty-salon-backend] [           main] [                                                 ] o.s.d.c.c.c.MappingCassandraConverter    : doWithProperties Property.type java.lang.String, Property.value Cache Test Customer 2
2025-08-09T23:11:43.357-03:00 DEBUG 97564 --- [beauty-salon-backend] [           main] [                                                 ] o.s.d.c.c.c.MappingCassandraConverter    : Adding map.entry [name] - [Cache Test Customer 2]
2025-08-09T23:11:43.357-03:00 DEBUG 97564 --- [beauty-salon-backend] [           main] [                                                 ] o.s.d.c.c.c.MappingCassandraConverter    : doWithProperties Property.type java.lang.String, Property.value cache2@test.com
2025-08-09T23:11:43.357-03:00 DEBUG 97564 --- [beauty-salon-backend] [           main] [                                                 ] o.s.d.c.c.c.MappingCassandraConverter    : Adding map.entry [email] - [cache2@test.com]
2025-08-09T23:11:43.357-03:00 DEBUG 97564 --- [beauty-salon-backend] [           main] [                                                 ] o.s.d.c.c.c.MappingCassandraConverter    : doWithProperties Property.type java.lang.String, Property.value 5550000002
2025-08-09T23:11:43.357-03:00 DEBUG 97564 --- [beauty-salon-backend] [           main] [                                                 ] o.s.d.c.c.c.MappingCassandraConverter    : Adding map.entry [phone] - [5550000002]
2025-08-09T23:11:43.357-03:00 DEBUG 97564 --- [beauty-salon-backend] [           main] [                                                 ] o.s.d.c.c.c.MappingCassandraConverter    : doWithProperties Property.type java.lang.String, Property.value 123 Cache St 2
2025-08-09T23:11:43.357-03:00 DEBUG 97564 --- [beauty-salon-backend] [           main] [                                                 ] o.s.d.c.c.c.MappingCassandraConverter    : Adding map.entry [address] - [123 Cache St 2]
2025-08-09T23:11:43.357-03:00 DEBUG 97564 --- [beauty-salon-backend] [           main] [                                                 ] o.s.d.c.c.c.MappingCassandraConverter    : doWithProperties Property.type java.time.Instant, Property.value 2025-08-10T02:11:43.356729Z
2025-08-09T23:11:43.357-03:00 DEBUG 97564 --- [beauty-salon-backend] [           main] [                                                 ] o.s.d.c.c.c.MappingCassandraConverter    : Adding map.entry [created_at] - [2025-08-10T02:11:43.356729Z]
2025-08-09T23:11:43.357-03:00 DEBUG 97564 --- [beauty-salon-backend] [           main] [                                                 ] o.s.d.c.c.c.MappingCassandraConverter    : doWithProperties Property.type java.time.Instant, Property.value 2025-08-10T02:11:43.356729Z
2025-08-09T23:11:43.357-03:00 DEBUG 97564 --- [beauty-salon-backend] [           main] [                                                 ] o.s.d.c.c.c.MappingCassandraConverter    : Adding map.entry [updated_at] - [2025-08-10T02:11:43.356729Z]
2025-08-09T23:11:43.357-03:00 DEBUG 97564 --- [beauty-salon-backend] [           main] [                                                 ] o.s.data.cassandra.core.cql.CqlTemplate  : Preparing statement [INSERT INTO customers (id,name,email,phone,address,created_at,updated_at) VALUES (?,?,?,?,?,?,?)] using org.springframework.data.cassandra.core.CassandraTemplate$PreparedStatementHandler@594d3c8f
2025-08-09T23:11:43.357-03:00 DEBUG 97564 --- [beauty-salon-backend] [           main] [                                                 ] o.s.data.cassandra.core.cql.CqlTemplate  : Executing prepared statement [INSERT INTO customers (id,name,email,phone,address,created_at,updated_at) VALUES (?,?,?,?,?,?,?)]
2025-08-09T23:11:43.363-03:00 DEBUG 97564 --- [beauty-salon-backend] [           main] [                                                 ] o.s.d.c.c.c.MappingCassandraConverter    : doWithProperties Property.type java.util.UUID, Property.value 298a8f61-02d3-4e45-8b80-b96cd40a8ece
2025-08-09T23:11:43.363-03:00 DEBUG 97564 --- [beauty-salon-backend] [           main] [                                                 ] o.s.d.c.c.c.MappingCassandraConverter    : Adding map.entry [id] - [298a8f61-02d3-4e45-8b80-b96cd40a8ece]
2025-08-09T23:11:43.363-03:00 DEBUG 97564 --- [beauty-salon-backend] [           main] [                                                 ] o.s.d.c.c.c.MappingCassandraConverter    : doWithProperties Property.type java.lang.String, Property.value Cache Test Customer 3
2025-08-09T23:11:43.363-03:00 DEBUG 97564 --- [beauty-salon-backend] [           main] [                                                 ] o.s.d.c.c.c.MappingCassandraConverter    : Adding map.entry [name] - [Cache Test Customer 3]
2025-08-09T23:11:43.363-03:00 DEBUG 97564 --- [beauty-salon-backend] [           main] [                                                 ] o.s.d.c.c.c.MappingCassandraConverter    : doWithProperties Property.type java.lang.String, Property.value cache3@test.com
2025-08-09T23:11:43.363-03:00 DEBUG 97564 --- [beauty-salon-backend] [           main] [                                                 ] o.s.d.c.c.c.MappingCassandraConverter    : Adding map.entry [email] - [cache3@test.com]
2025-08-09T23:11:43.363-03:00 DEBUG 97564 --- [beauty-salon-backend] [           main] [                                                 ] o.s.d.c.c.c.MappingCassandraConverter    : doWithProperties Property.type java.lang.String, Property.value 5550000003
2025-08-09T23:11:43.363-03:00 DEBUG 97564 --- [beauty-salon-backend] [           main] [                                                 ] o.s.d.c.c.c.MappingCassandraConverter    : Adding map.entry [phone] - [5550000003]
2025-08-09T23:11:43.363-03:00 DEBUG 97564 --- [beauty-salon-backend] [           main] [                                                 ] o.s.d.c.c.c.MappingCassandraConverter    : doWithProperties Property.type java.lang.String, Property.value 123 Cache St 3
2025-08-09T23:11:43.363-03:00 DEBUG 97564 --- [beauty-salon-backend] [           main] [                                                 ] o.s.d.c.c.c.MappingCassandraConverter    : Adding map.entry [address] - [123 Cache St 3]
2025-08-09T23:11:43.363-03:00 DEBUG 97564 --- [beauty-salon-backend] [           main] [                                                 ] o.s.d.c.c.c.MappingCassandraConverter    : doWithProperties Property.type java.time.Instant, Property.value 2025-08-10T02:11:43.362982Z
2025-08-09T23:11:43.363-03:00 DEBUG 97564 --- [beauty-salon-backend] [           main] [                                                 ] o.s.d.c.c.c.MappingCassandraConverter    : Adding map.entry [created_at] - [2025-08-10T02:11:43.362982Z]
2025-08-09T23:11:43.363-03:00 DEBUG 97564 --- [beauty-salon-backend] [           main] [                                                 ] o.s.d.c.c.c.MappingCassandraConverter    : doWithProperties Property.type java.time.Instant, Property.value 2025-08-10T02:11:43.362983Z
2025-08-09T23:11:43.363-03:00 DEBUG 97564 --- [beauty-salon-backend] [           main] [                                                 ] o.s.d.c.c.c.MappingCassandraConverter    : Adding map.entry [updated_at] - [2025-08-10T02:11:43.362983Z]
2025-08-09T23:11:43.363-03:00 DEBUG 97564 --- [beauty-salon-backend] [           main] [                                                 ] o.s.data.cassandra.core.cql.CqlTemplate  : Preparing statement [INSERT INTO customers (id,name,email,phone,address,created_at,updated_at) VALUES (?,?,?,?,?,?,?)] using org.springframework.data.cassandra.core.CassandraTemplate$PreparedStatementHandler@544eba2
2025-08-09T23:11:43.363-03:00 DEBUG 97564 --- [beauty-salon-backend] [           main] [                                                 ] o.s.data.cassandra.core.cql.CqlTemplate  : Executing prepared statement [INSERT INTO customers (id,name,email,phone,address,created_at,updated_at) VALUES (?,?,?,?,?,?,?)]
2025-08-09T23:11:43.367-03:00 DEBUG 97564 --- [beauty-salon-backend] [           main] [                                                 ] o.s.d.c.c.c.MappingCassandraConverter    : doWithProperties Property.type java.util.UUID, Property.value 6db7b5ca-9558-437f-9c26-ec80907d4b38
2025-08-09T23:11:43.367-03:00 DEBUG 97564 --- [beauty-salon-backend] [           main] [                                                 ] o.s.d.c.c.c.MappingCassandraConverter    : Adding map.entry [id] - [6db7b5ca-9558-437f-9c26-ec80907d4b38]
2025-08-09T23:11:43.367-03:00 DEBUG 97564 --- [beauty-salon-backend] [           main] [                                                 ] o.s.d.c.c.c.MappingCassandraConverter    : doWithProperties Property.type java.lang.String, Property.value Cache Test Customer 4
2025-08-09T23:11:43.367-03:00 DEBUG 97564 --- [beauty-salon-backend] [           main] [                                                 ] o.s.d.c.c.c.MappingCassandraConverter    : Adding map.entry [name] - [Cache Test Customer 4]
2025-08-09T23:11:43.367-03:00 DEBUG 97564 --- [beauty-salon-backend] [           main] [                                                 ] o.s.d.c.c.c.MappingCassandraConverter    : doWithProperties Property.type java.lang.String, Property.value cache4@test.com
2025-08-09T23:11:43.368-03:00 DEBUG 97564 --- [beauty-salon-backend] [           main] [                                                 ] o.s.d.c.c.c.MappingCassandraConverter    : Adding map.entry [email] - [cache4@test.com]
2025-08-09T23:11:43.368-03:00 DEBUG 97564 --- [beauty-salon-backend] [           main] [                                                 ] o.s.d.c.c.c.MappingCassandraConverter    : doWithProperties Property.type java.lang.String, Property.value 5550000004
2025-08-09T23:11:43.368-03:00 DEBUG 97564 --- [beauty-salon-backend] [           main] [                                                 ] o.s.d.c.c.c.MappingCassandraConverter    : Adding map.entry [phone] - [5550000004]
2025-08-09T23:11:43.368-03:00 DEBUG 97564 --- [beauty-salon-backend] [           main] [                                                 ] o.s.d.c.c.c.MappingCassandraConverter    : doWithProperties Property.type java.lang.String, Property.value 123 Cache St 4
2025-08-09T23:11:43.368-03:00 DEBUG 97564 --- [beauty-salon-backend] [           main] [                                                 ] o.s.d.c.c.c.MappingCassandraConverter    : Adding map.entry [address] - [123 Cache St 4]
2025-08-09T23:11:43.368-03:00 DEBUG 97564 --- [beauty-salon-backend] [           main] [                                                 ] o.s.d.c.c.c.MappingCassandraConverter    : doWithProperties Property.type java.time.Instant, Property.value 2025-08-10T02:11:43.367698Z
2025-08-09T23:11:43.368-03:00 DEBUG 97564 --- [beauty-salon-backend] [           main] [                                                 ] o.s.d.c.c.c.MappingCassandraConverter    : Adding map.entry [created_at] - [2025-08-10T02:11:43.367698Z]
2025-08-09T23:11:43.368-03:00 DEBUG 97564 --- [beauty-salon-backend] [           main] [                                                 ] o.s.d.c.c.c.MappingCassandraConverter    : doWithProperties Property.type java.time.Instant, Property.value 2025-08-10T02:11:43.367698Z
2025-08-09T23:11:43.368-03:00 DEBUG 97564 --- [beauty-salon-backend] [           main] [                                                 ] o.s.d.c.c.c.MappingCassandraConverter    : Adding map.entry [updated_at] - [2025-08-10T02:11:43.367698Z]
2025-08-09T23:11:43.368-03:00 DEBUG 97564 --- [beauty-salon-backend] [           main] [                                                 ] o.s.data.cassandra.core.cql.CqlTemplate  : Preparing statement [INSERT INTO customers (id,name,email,phone,address,created_at,updated_at) VALUES (?,?,?,?,?,?,?)] using org.springframework.data.cassandra.core.CassandraTemplate$PreparedStatementHandler@127e90b2
2025-08-09T23:11:43.368-03:00 DEBUG 97564 --- [beauty-salon-backend] [           main] [                                                 ] o.s.data.cassandra.core.cql.CqlTemplate  : Executing prepared statement [INSERT INTO customers (id,name,email,phone,address,created_at,updated_at) VALUES (?,?,?,?,?,?,?)]
2025-08-09T23:11:43.372-03:00 DEBUG 97564 --- [beauty-salon-backend] [           main] [                                                 ] o.s.d.c.c.c.MappingCassandraConverter    : doWithProperties Property.type java.util.UUID, Property.value 28f3da88-d424-4c91-985d-2cc2ac82799b
2025-08-09T23:11:43.372-03:00 DEBUG 97564 --- [beauty-salon-backend] [           main] [                                                 ] o.s.d.c.c.c.MappingCassandraConverter    : Adding map.entry [id] - [28f3da88-d424-4c91-985d-2cc2ac82799b]
2025-08-09T23:11:43.372-03:00 DEBUG 97564 --- [beauty-salon-backend] [           main] [                                                 ] o.s.d.c.c.c.MappingCassandraConverter    : doWithProperties Property.type java.lang.String, Property.value Cache Test Customer 5
2025-08-09T23:11:43.372-03:00 DEBUG 97564 --- [beauty-salon-backend] [           main] [                                                 ] o.s.d.c.c.c.MappingCassandraConverter    : Adding map.entry [name] - [Cache Test Customer 5]
2025-08-09T23:11:43.372-03:00 DEBUG 97564 --- [beauty-salon-backend] [           main] [                                                 ] o.s.d.c.c.c.MappingCassandraConverter    : doWithProperties Property.type java.lang.String, Property.value cache5@test.com
2025-08-09T23:11:43.372-03:00 DEBUG 97564 --- [beauty-salon-backend] [           main] [                                                 ] o.s.d.c.c.c.MappingCassandraConverter    : Adding map.entry [email] - [cache5@test.com]
2025-08-09T23:11:43.373-03:00 DEBUG 97564 --- [beauty-salon-backend] [           main] [                                                 ] o.s.d.c.c.c.MappingCassandraConverter    : doWithProperties Property.type java.lang.String, Property.value 5550000005
2025-08-09T23:11:43.373-03:00 DEBUG 97564 --- [beauty-salon-backend] [           main] [                                                 ] o.s.d.c.c.c.MappingCassandraConverter    : Adding map.entry [phone] - [5550000005]
2025-08-09T23:11:43.373-03:00 DEBUG 97564 --- [beauty-salon-backend] [           main] [                                                 ] o.s.d.c.c.c.MappingCassandraConverter    : doWithProperties Property.type java.lang.String, Property.value 123 Cache St 5
2025-08-09T23:11:43.373-03:00 DEBUG 97564 --- [beauty-salon-backend] [           main] [                                                 ] o.s.d.c.c.c.MappingCassandraConverter    : Adding map.entry [address] - [123 Cache St 5]
2025-08-09T23:11:43.373-03:00 DEBUG 97564 --- [beauty-salon-backend] [           main] [                                                 ] o.s.d.c.c.c.MappingCassandraConverter    : doWithProperties Property.type java.time.Instant, Property.value 2025-08-10T02:11:43.372648Z
2025-08-09T23:11:43.373-03:00 DEBUG 97564 --- [beauty-salon-backend] [           main] [                                                 ] o.s.d.c.c.c.MappingCassandraConverter    : Adding map.entry [created_at] - [2025-08-10T02:11:43.372648Z]
2025-08-09T23:11:43.373-03:00 DEBUG 97564 --- [beauty-salon-backend] [           main] [                                                 ] o.s.d.c.c.c.MappingCassandraConverter    : doWithProperties Property.type java.time.Instant, Property.value 2025-08-10T02:11:43.372648Z
2025-08-09T23:11:43.373-03:00 DEBUG 97564 --- [beauty-salon-backend] [           main] [                                                 ] o.s.d.c.c.c.MappingCassandraConverter    : Adding map.entry [updated_at] - [2025-08-10T02:11:43.372648Z]
2025-08-09T23:11:43.373-03:00 DEBUG 97564 --- [beauty-salon-backend] [           main] [                                                 ] o.s.data.cassandra.core.cql.CqlTemplate  : Preparing statement [INSERT INTO customers (id,name,email,phone,address,created_at,updated_at) VALUES (?,?,?,?,?,?,?)] using org.springframework.data.cassandra.core.CassandraTemplate$PreparedStatementHandler@48cf21d7
2025-08-09T23:11:43.373-03:00 DEBUG 97564 --- [beauty-salon-backend] [           main] [                                                 ] o.s.data.cassandra.core.cql.CqlTemplate  : Executing prepared statement [INSERT INTO customers (id,name,email,phone,address,created_at,updated_at) VALUES (?,?,?,?,?,?,?)]
2025-08-09T23:11:43.377-03:00 DEBUG 97564 --- [beauty-salon-backend] [           main] [                                                 ] o.s.d.c.c.c.MappingCassandraConverter    : doWithProperties Property.type java.util.UUID, Property.value e4e50a9e-2dc3-4481-b5e4-55b6edca1de6
2025-08-09T23:11:43.377-03:00 DEBUG 97564 --- [beauty-salon-backend] [           main] [                                                 ] o.s.d.c.c.c.MappingCassandraConverter    : Adding map.entry [id] - [e4e50a9e-2dc3-4481-b5e4-55b6edca1de6]
2025-08-09T23:11:43.377-03:00 DEBUG 97564 --- [beauty-salon-backend] [           main] [                                                 ] o.s.d.c.c.c.MappingCassandraConverter    : doWithProperties Property.type java.lang.String, Property.value Cache Test Customer 6
2025-08-09T23:11:43.377-03:00 DEBUG 97564 --- [beauty-salon-backend] [           main] [                                                 ] o.s.d.c.c.c.MappingCassandraConverter    : Adding map.entry [name] - [Cache Test Customer 6]
2025-08-09T23:11:43.378-03:00 DEBUG 97564 --- [beauty-salon-backend] [           main] [                                                 ] o.s.d.c.c.c.MappingCassandraConverter    : doWithProperties Property.type java.lang.String, Property.value cache6@test.com
2025-08-09T23:11:43.378-03:00 DEBUG 97564 --- [beauty-salon-backend] [           main] [                                                 ] o.s.d.c.c.c.MappingCassandraConverter    : Adding map.entry [email] - [cache6@test.com]
2025-08-09T23:11:43.378-03:00 DEBUG 97564 --- [beauty-salon-backend] [           main] [                                                 ] o.s.d.c.c.c.MappingCassandraConverter    : doWithProperties Property.type java.lang.String, Property.value 5550000006
2025-08-09T23:11:43.378-03:00 DEBUG 97564 --- [beauty-salon-backend] [           main] [                                                 ] o.s.d.c.c.c.MappingCassandraConverter    : Adding map.entry [phone] - [5550000006]
2025-08-09T23:11:43.378-03:00 DEBUG 97564 --- [beauty-salon-backend] [           main] [                                                 ] o.s.d.c.c.c.MappingCassandraConverter    : doWithProperties Property.type java.lang.String, Property.value 123 Cache St 6
2025-08-09T23:11:43.378-03:00 DEBUG 97564 --- [beauty-salon-backend] [           main] [                                                 ] o.s.d.c.c.c.MappingCassandraConverter    : Adding map.entry [address] - [123 Cache St 6]
2025-08-09T23:11:43.378-03:00 DEBUG 97564 --- [beauty-salon-backend] [           main] [                                                 ] o.s.d.c.c.c.MappingCassandraConverter    : doWithProperties Property.type java.time.Instant, Property.value 2025-08-10T02:11:43.377779Z
2025-08-09T23:11:43.378-03:00 DEBUG 97564 --- [beauty-salon-backend] [           main] [                                                 ] o.s.d.c.c.c.MappingCassandraConverter    : Adding map.entry [created_at] - [2025-08-10T02:11:43.377779Z]
2025-08-09T23:11:43.378-03:00 DEBUG 97564 --- [beauty-salon-backend] [           main] [                                                 ] o.s.d.c.c.c.MappingCassandraConverter    : doWithProperties Property.type java.time.Instant, Property.value 2025-08-10T02:11:43.377779Z
2025-08-09T23:11:43.378-03:00 DEBUG 97564 --- [beauty-salon-backend] [           main] [                                                 ] o.s.d.c.c.c.MappingCassandraConverter    : Adding map.entry [updated_at] - [2025-08-10T02:11:43.377779Z]
2025-08-09T23:11:43.378-03:00 DEBUG 97564 --- [beauty-salon-backend] [           main] [                                                 ] o.s.data.cassandra.core.cql.CqlTemplate  : Preparing statement [INSERT INTO customers (id,name,email,phone,address,created_at,updated_at) VALUES (?,?,?,?,?,?,?)] using org.springframework.data.cassandra.core.CassandraTemplate$PreparedStatementHandler@37652627
2025-08-09T23:11:43.378-03:00 DEBUG 97564 --- [beauty-salon-backend] [           main] [                                                 ] o.s.data.cassandra.core.cql.CqlTemplate  : Executing prepared statement [INSERT INTO customers (id,name,email,phone,address,created_at,updated_at) VALUES (?,?,?,?,?,?,?)]
2025-08-09T23:11:43.382-03:00 DEBUG 97564 --- [beauty-salon-backend] [           main] [                                                 ] o.s.d.c.c.c.MappingCassandraConverter    : doWithProperties Property.type java.util.UUID, Property.value f1473f19-e968-4b4c-970a-92914caa2fb6
2025-08-09T23:11:43.382-03:00 DEBUG 97564 --- [beauty-salon-backend] [           main] [                                                 ] o.s.d.c.c.c.MappingCassandraConverter    : Adding map.entry [id] - [f1473f19-e968-4b4c-970a-92914caa2fb6]
2025-08-09T23:11:43.382-03:00 DEBUG 97564 --- [beauty-salon-backend] [           main] [                                                 ] o.s.d.c.c.c.MappingCassandraConverter    : doWithProperties Property.type java.lang.String, Property.value Cache Test Customer 7
2025-08-09T23:11:43.382-03:00 DEBUG 97564 --- [beauty-salon-backend] [           main] [                                                 ] o.s.d.c.c.c.MappingCassandraConverter    : Adding map.entry [name] - [Cache Test Customer 7]
2025-08-09T23:11:43.382-03:00 DEBUG 97564 --- [beauty-salon-backend] [           main] [                                                 ] o.s.d.c.c.c.MappingCassandraConverter    : doWithProperties Property.type java.lang.String, Property.value cache7@test.com
2025-08-09T23:11:43.382-03:00 DEBUG 97564 --- [beauty-salon-backend] [           main] [                                                 ] o.s.d.c.c.c.MappingCassandraConverter    : Adding map.entry [email] - [cache7@test.com]
2025-08-09T23:11:43.382-03:00 DEBUG 97564 --- [beauty-salon-backend] [           main] [                                                 ] o.s.d.c.c.c.MappingCassandraConverter    : doWithProperties Property.type java.lang.String, Property.value 5550000007
2025-08-09T23:11:43.382-03:00 DEBUG 97564 --- [beauty-salon-backend] [           main] [                                                 ] o.s.d.c.c.c.MappingCassandraConverter    : Adding map.entry [phone] - [5550000007]
2025-08-09T23:11:43.383-03:00 DEBUG 97564 --- [beauty-salon-backend] [           main] [                                                 ] o.s.d.c.c.c.MappingCassandraConverter    : doWithProperties Property.type java.lang.String, Property.value 123 Cache St 7
2025-08-09T23:11:43.383-03:00 DEBUG 97564 --- [beauty-salon-backend] [           main] [                                                 ] o.s.d.c.c.c.MappingCassandraConverter    : Adding map.entry [address] - [123 Cache St 7]
2025-08-09T23:11:43.383-03:00 DEBUG 97564 --- [beauty-salon-backend] [           main] [                                                 ] o.s.d.c.c.c.MappingCassandraConverter    : doWithProperties Property.type java.time.Instant, Property.value 2025-08-10T02:11:43.382581Z
2025-08-09T23:11:43.383-03:00 DEBUG 97564 --- [beauty-salon-backend] [           main] [                                                 ] o.s.d.c.c.c.MappingCassandraConverter    : Adding map.entry [created_at] - [2025-08-10T02:11:43.382581Z]
2025-08-09T23:11:43.383-03:00 DEBUG 97564 --- [beauty-salon-backend] [           main] [                                                 ] o.s.d.c.c.c.MappingCassandraConverter    : doWithProperties Property.type java.time.Instant, Property.value 2025-08-10T02:11:43.382581Z
2025-08-09T23:11:43.383-03:00 DEBUG 97564 --- [beauty-salon-backend] [           main] [                                                 ] o.s.d.c.c.c.MappingCassandraConverter    : Adding map.entry [updated_at] - [2025-08-10T02:11:43.382581Z]
2025-08-09T23:11:43.383-03:00 DEBUG 97564 --- [beauty-salon-backend] [           main] [                                                 ] o.s.data.cassandra.core.cql.CqlTemplate  : Preparing statement [INSERT INTO customers (id,name,email,phone,address,created_at,updated_at) VALUES (?,?,?,?,?,?,?)] using org.springframework.data.cassandra.core.CassandraTemplate$PreparedStatementHandler@4adbab7e
2025-08-09T23:11:43.383-03:00 DEBUG 97564 --- [beauty-salon-backend] [           main] [                                                 ] o.s.data.cassandra.core.cql.CqlTemplate  : Executing prepared statement [INSERT INTO customers (id,name,email,phone,address,created_at,updated_at) VALUES (?,?,?,?,?,?,?)]
2025-08-09T23:11:43.388-03:00 DEBUG 97564 --- [beauty-salon-backend] [           main] [                                                 ] o.s.d.c.c.c.MappingCassandraConverter    : doWithProperties Property.type java.util.UUID, Property.value 2051cfd6-c05a-49cb-a9af-2cf05909be8f
2025-08-09T23:11:43.388-03:00 DEBUG 97564 --- [beauty-salon-backend] [           main] [                                                 ] o.s.d.c.c.c.MappingCassandraConverter    : Adding map.entry [id] - [2051cfd6-c05a-49cb-a9af-2cf05909be8f]
2025-08-09T23:11:43.388-03:00 DEBUG 97564 --- [beauty-salon-backend] [           main] [                                                 ] o.s.d.c.c.c.MappingCassandraConverter    : doWithProperties Property.type java.lang.String, Property.value Cache Test Customer 8
2025-08-09T23:11:43.388-03:00 DEBUG 97564 --- [beauty-salon-backend] [           main] [                                                 ] o.s.d.c.c.c.MappingCassandraConverter    : Adding map.entry [name] - [Cache Test Customer 8]
2025-08-09T23:11:43.388-03:00 DEBUG 97564 --- [beauty-salon-backend] [           main] [                                                 ] o.s.d.c.c.c.MappingCassandraConverter    : doWithProperties Property.type java.lang.String, Property.value cache8@test.com
2025-08-09T23:11:43.388-03:00 DEBUG 97564 --- [beauty-salon-backend] [           main] [                                                 ] o.s.d.c.c.c.MappingCassandraConverter    : Adding map.entry [email] - [cache8@test.com]
2025-08-09T23:11:43.388-03:00 DEBUG 97564 --- [beauty-salon-backend] [           main] [                                                 ] o.s.d.c.c.c.MappingCassandraConverter    : doWithProperties Property.type java.lang.String, Property.value 5550000008
2025-08-09T23:11:43.388-03:00 DEBUG 97564 --- [beauty-salon-backend] [           main] [                                                 ] o.s.d.c.c.c.MappingCassandraConverter    : Adding map.entry [phone] - [5550000008]
2025-08-09T23:11:43.388-03:00 DEBUG 97564 --- [beauty-salon-backend] [           main] [                                                 ] o.s.d.c.c.c.MappingCassandraConverter    : doWithProperties Property.type java.lang.String, Property.value 123 Cache St 8
2025-08-09T23:11:43.388-03:00 DEBUG 97564 --- [beauty-salon-backend] [           main] [                                                 ] o.s.d.c.c.c.MappingCassandraConverter    : Adding map.entry [address] - [123 Cache St 8]
2025-08-09T23:11:43.388-03:00 DEBUG 97564 --- [beauty-salon-backend] [           main] [                                                 ] o.s.d.c.c.c.MappingCassandraConverter    : doWithProperties Property.type java.time.Instant, Property.value 2025-08-10T02:11:43.387966Z
2025-08-09T23:11:43.388-03:00 DEBUG 97564 --- [beauty-salon-backend] [           main] [                                                 ] o.s.d.c.c.c.MappingCassandraConverter    : Adding map.entry [created_at] - [2025-08-10T02:11:43.387966Z]
2025-08-09T23:11:43.388-03:00 DEBUG 97564 --- [beauty-salon-backend] [           main] [                                                 ] o.s.d.c.c.c.MappingCassandraConverter    : doWithProperties Property.type java.time.Instant, Property.value 2025-08-10T02:11:43.387982Z
2025-08-09T23:11:43.388-03:00 DEBUG 97564 --- [beauty-salon-backend] [           main] [                                                 ] o.s.d.c.c.c.MappingCassandraConverter    : Adding map.entry [updated_at] - [2025-08-10T02:11:43.387982Z]
2025-08-09T23:11:43.388-03:00 DEBUG 97564 --- [beauty-salon-backend] [           main] [                                                 ] o.s.data.cassandra.core.cql.CqlTemplate  : Preparing statement [INSERT INTO customers (id,name,email,phone,address,created_at,updated_at) VALUES (?,?,?,?,?,?,?)] using org.springframework.data.cassandra.core.CassandraTemplate$PreparedStatementHandler@43c3b180
2025-08-09T23:11:43.388-03:00 DEBUG 97564 --- [beauty-salon-backend] [           main] [                                                 ] o.s.data.cassandra.core.cql.CqlTemplate  : Executing prepared statement [INSERT INTO customers (id,name,email,phone,address,created_at,updated_at) VALUES (?,?,?,?,?,?,?)]
2025-08-09T23:11:43.393-03:00 DEBUG 97564 --- [beauty-salon-backend] [           main] [                                                 ] o.s.d.c.c.c.MappingCassandraConverter    : doWithProperties Property.type java.util.UUID, Property.value 5da68662-09ac-4ecc-9ec7-2eadb3c356bc
2025-08-09T23:11:43.393-03:00 DEBUG 97564 --- [beauty-salon-backend] [           main] [                                                 ] o.s.d.c.c.c.MappingCassandraConverter    : Adding map.entry [id] - [5da68662-09ac-4ecc-9ec7-2eadb3c356bc]
2025-08-09T23:11:43.393-03:00 DEBUG 97564 --- [beauty-salon-backend] [           main] [                                                 ] o.s.d.c.c.c.MappingCassandraConverter    : doWithProperties Property.type java.lang.String, Property.value Cache Test Customer 9
2025-08-09T23:11:43.393-03:00 DEBUG 97564 --- [beauty-salon-backend] [           main] [                                                 ] o.s.d.c.c.c.MappingCassandraConverter    : Adding map.entry [name] - [Cache Test Customer 9]
2025-08-09T23:11:43.393-03:00 DEBUG 97564 --- [beauty-salon-backend] [           main] [                                                 ] o.s.d.c.c.c.MappingCassandraConverter    : doWithProperties Property.type java.lang.String, Property.value cache9@test.com
2025-08-09T23:11:43.393-03:00 DEBUG 97564 --- [beauty-salon-backend] [           main] [                                                 ] o.s.d.c.c.c.MappingCassandraConverter    : Adding map.entry [email] - [cache9@test.com]
2025-08-09T23:11:43.393-03:00 DEBUG 97564 --- [beauty-salon-backend] [           main] [                                                 ] o.s.d.c.c.c.MappingCassandraConverter    : doWithProperties Property.type java.lang.String, Property.value 5550000009
2025-08-09T23:11:43.393-03:00 DEBUG 97564 --- [beauty-salon-backend] [           main] [                                                 ] o.s.d.c.c.c.MappingCassandraConverter    : Adding map.entry [phone] - [5550000009]
2025-08-09T23:11:43.393-03:00 DEBUG 97564 --- [beauty-salon-backend] [           main] [                                                 ] o.s.d.c.c.c.MappingCassandraConverter    : doWithProperties Property.type java.lang.String, Property.value 123 Cache St 9
2025-08-09T23:11:43.393-03:00 DEBUG 97564 --- [beauty-salon-backend] [           main] [                                                 ] o.s.d.c.c.c.MappingCassandraConverter    : Adding map.entry [address] - [123 Cache St 9]
2025-08-09T23:11:43.393-03:00 DEBUG 97564 --- [beauty-salon-backend] [           main] [                                                 ] o.s.d.c.c.c.MappingCassandraConverter    : doWithProperties Property.type java.time.Instant, Property.value 2025-08-10T02:11:43.393404Z
2025-08-09T23:11:43.393-03:00 DEBUG 97564 --- [beauty-salon-backend] [           main] [                                                 ] o.s.d.c.c.c.MappingCassandraConverter    : Adding map.entry [created_at] - [2025-08-10T02:11:43.393404Z]
2025-08-09T23:11:43.394-03:00 DEBUG 97564 --- [beauty-salon-backend] [           main] [                                                 ] o.s.d.c.c.c.MappingCassandraConverter    : doWithProperties Property.type java.time.Instant, Property.value 2025-08-10T02:11:43.393404Z
2025-08-09T23:11:43.394-03:00 DEBUG 97564 --- [beauty-salon-backend] [           main] [                                                 ] o.s.d.c.c.c.MappingCassandraConverter    : Adding map.entry [updated_at] - [2025-08-10T02:11:43.393404Z]
2025-08-09T23:11:43.394-03:00 DEBUG 97564 --- [beauty-salon-backend] [           main] [                                                 ] o.s.data.cassandra.core.cql.CqlTemplate  : Preparing statement [INSERT INTO customers (id,name,email,phone,address,created_at,updated_at) VALUES (?,?,?,?,?,?,?)] using org.springframework.data.cassandra.core.CassandraTemplate$PreparedStatementHandler@7039f339
2025-08-09T23:11:43.394-03:00 DEBUG 97564 --- [beauty-salon-backend] [           main] [                                                 ] o.s.data.cassandra.core.cql.CqlTemplate  : Executing prepared statement [INSERT INTO customers (id,name,email,phone,address,created_at,updated_at) VALUES (?,?,?,?,?,?,?)]

=== Phase 2: Connection Pool Performance Test ===
2025-08-09T23:11:43.400-03:00 DEBUG 97564 --- [beauty-salon-backend] [pool-3-thread-1] [                                                 ] o.s.d.c.c.c.MappingCassandraConverter    : doWithProperties Property.type java.util.UUID, Property.value 8f4e8395-78d4-4aa5-ae66-679ab4ab04b0
2025-08-09T23:11:43.400-03:00 DEBUG 97564 --- [beauty-salon-backend] [pool-3-thread-1] [                                                 ] o.s.d.c.c.c.MappingCassandraConverter    : Adding map.entry [id] - [8f4e8395-78d4-4aa5-ae66-679ab4ab04b0]
2025-08-09T23:11:43.400-03:00 DEBUG 97564 --- [beauty-salon-backend] [pool-3-thread-1] [                                                 ] o.s.d.c.c.c.MappingCassandraConverter    : doWithProperties Property.type java.lang.String, Property.value Pool Test 0
2025-08-09T23:11:43.400-03:00 DEBUG 97564 --- [beauty-salon-backend] [pool-3-thread-1] [                                                 ] o.s.d.c.c.c.MappingCassandraConverter    : Adding map.entry [name] - [Pool Test 0]
2025-08-09T23:11:43.400-03:00 DEBUG 97564 --- [beauty-salon-backend] [ool-3-thread-10] [                                                 ] o.s.d.c.c.c.MappingCassandraConverter    : doWithProperties Property.type java.util.UUID, Property.value 8419648d-62e4-4c74-b74b-118e366aef63
2025-08-09T23:11:43.400-03:00 DEBUG 97564 --- [beauty-salon-backend] [pool-3-thread-1] [                                                 ] o.s.d.c.c.c.MappingCassandraConverter    : doWithProperties Property.type java.lang.String, Property.value pool0@test.com
2025-08-09T23:11:43.400-03:00 DEBUG 97564 --- [beauty-salon-backend] [pool-3-thread-1] [                                                 ] o.s.d.c.c.c.MappingCassandraConverter    : Adding map.entry [email] - [pool0@test.com]
2025-08-09T23:11:43.400-03:00 DEBUG 97564 --- [beauty-salon-backend] [ool-3-thread-10] [                                                 ] o.s.d.c.c.c.MappingCassandraConverter    : Adding map.entry [id] - [8419648d-62e4-4c74-b74b-118e366aef63]
2025-08-09T23:11:43.400-03:00 DEBUG 97564 --- [beauty-salon-backend] [pool-3-thread-1] [                                                 ] o.s.d.c.c.c.MappingCassandraConverter    : doWithProperties Property.type java.lang.String, Property.value 5550000000
2025-08-09T23:11:43.400-03:00 DEBUG 97564 --- [beauty-salon-backend] [pool-3-thread-7] [                                                 ] o.s.d.c.c.c.MappingCassandraConverter    : doWithProperties Property.type java.util.UUID, Property.value cbf03bc6-9c4b-4e3d-a8ef-8b03dc6cae2e
2025-08-09T23:11:43.400-03:00 DEBUG 97564 --- [beauty-salon-backend] [pool-3-thread-4] [                                                 ] o.s.d.c.c.c.MappingCassandraConverter    : doWithProperties Property.type java.util.UUID, Property.value 272196c6-4aaa-4b33-9c87-5b74e38acebc
2025-08-09T23:11:43.401-03:00 DEBUG 97564 --- [beauty-salon-backend] [pool-3-thread-7] [                                                 ] o.s.d.c.c.c.MappingCassandraConverter    : Adding map.entry [id] - [cbf03bc6-9c4b-4e3d-a8ef-8b03dc6cae2e]
2025-08-09T23:11:43.401-03:00 DEBUG 97564 --- [beauty-salon-backend] [pool-3-thread-4] [                                                 ] o.s.d.c.c.c.MappingCassandraConverter    : Adding map.entry [id] - [272196c6-4aaa-4b33-9c87-5b74e38acebc]
2025-08-09T23:11:43.401-03:00 DEBUG 97564 --- [beauty-salon-backend] [pool-3-thread-4] [                                                 ] o.s.d.c.c.c.MappingCassandraConverter    : doWithProperties Property.type java.lang.String, Property.value Pool Test 3
2025-08-09T23:11:43.401-03:00 DEBUG 97564 --- [beauty-salon-backend] [ool-3-thread-10] [                                                 ] o.s.d.c.c.c.MappingCassandraConverter    : doWithProperties Property.type java.lang.String, Property.value Pool Test 9
2025-08-09T23:11:43.401-03:00 DEBUG 97564 --- [beauty-salon-backend] [ool-3-thread-10] [                                                 ] o.s.d.c.c.c.MappingCassandraConverter    : Adding map.entry [name] - [Pool Test 9]
2025-08-09T23:11:43.401-03:00 DEBUG 97564 --- [beauty-salon-backend] [pool-3-thread-1] [                                                 ] o.s.d.c.c.c.MappingCassandraConverter    : Adding map.entry [phone] - [5550000000]
2025-08-09T23:11:43.401-03:00 DEBUG 97564 --- [beauty-salon-backend] [pool-3-thread-7] [                                                 ] o.s.d.c.c.c.MappingCassandraConverter    : doWithProperties Property.type java.lang.String, Property.value Pool Test 6
2025-08-09T23:11:43.401-03:00 DEBUG 97564 --- [beauty-salon-backend] [pool-3-thread-7] [                                                 ] o.s.d.c.c.c.MappingCassandraConverter    : Adding map.entry [name] - [Pool Test 6]
2025-08-09T23:11:43.401-03:00 DEBUG 97564 --- [beauty-salon-backend] [pool-3-thread-4] [                                                 ] o.s.d.c.c.c.MappingCassandraConverter    : Adding map.entry [name] - [Pool Test 3]
2025-08-09T23:11:43.401-03:00 DEBUG 97564 --- [beauty-salon-backend] [pool-3-thread-7] [                                                 ] o.s.d.c.c.c.MappingCassandraConverter    : doWithProperties Property.type java.lang.String, Property.value pool6@test.com
2025-08-09T23:11:43.401-03:00 DEBUG 97564 --- [beauty-salon-backend] [pool-3-thread-4] [                                                 ] o.s.d.c.c.c.MappingCassandraConverter    : doWithProperties Property.type java.lang.String, Property.value pool3@test.com
2025-08-09T23:11:43.401-03:00 DEBUG 97564 --- [beauty-salon-backend] [pool-3-thread-7] [                                                 ] o.s.d.c.c.c.MappingCassandraConverter    : Adding map.entry [email] - [pool6@test.com]
2025-08-09T23:11:43.401-03:00 DEBUG 97564 --- [beauty-salon-backend] [pool-3-thread-4] [                                                 ] o.s.d.c.c.c.MappingCassandraConverter    : Adding map.entry [email] - [pool3@test.com]
2025-08-09T23:11:43.401-03:00 DEBUG 97564 --- [beauty-salon-backend] [pool-3-thread-7] [                                                 ] o.s.d.c.c.c.MappingCassandraConverter    : doWithProperties Property.type java.lang.String, Property.value 5550000006
2025-08-09T23:11:43.401-03:00 DEBUG 97564 --- [beauty-salon-backend] [pool-3-thread-4] [                                                 ] o.s.d.c.c.c.MappingCassandraConverter    : doWithProperties Property.type java.lang.String, Property.value 5550000003
2025-08-09T23:11:43.401-03:00 DEBUG 97564 --- [beauty-salon-backend] [pool-3-thread-4] [                                                 ] o.s.d.c.c.c.MappingCassandraConverter    : Adding map.entry [phone] - [5550000003]
2025-08-09T23:11:43.401-03:00 DEBUG 97564 --- [beauty-salon-backend] [pool-3-thread-4] [                                                 ] o.s.d.c.c.c.MappingCassandraConverter    : doWithProperties Property.type java.lang.String, Property.value Pool St 3
2025-08-09T23:11:43.401-03:00 DEBUG 97564 --- [beauty-salon-backend] [pool-3-thread-4] [                                                 ] o.s.d.c.c.c.MappingCassandraConverter    : Adding map.entry [address] - [Pool St 3]
2025-08-09T23:11:43.401-03:00 DEBUG 97564 --- [beauty-salon-backend] [ool-3-thread-10] [                                                 ] o.s.d.c.c.c.MappingCassandraConverter    : doWithProperties Property.type java.lang.String, Property.value pool9@test.com
2025-08-09T23:11:43.401-03:00 DEBUG 97564 --- [beauty-salon-backend] [pool-3-thread-4] [                                                 ] o.s.d.c.c.c.MappingCassandraConverter    : doWithProperties Property.type java.time.Instant, Property.value 2025-08-10T02:11:43.400901Z
2025-08-09T23:11:43.401-03:00 DEBUG 97564 --- [beauty-salon-backend] [ool-3-thread-10] [                                                 ] o.s.d.c.c.c.MappingCassandraConverter    : Adding map.entry [email] - [pool9@test.com]
2025-08-09T23:11:43.401-03:00 DEBUG 97564 --- [beauty-salon-backend] [pool-3-thread-1] [                                                 ] o.s.d.c.c.c.MappingCassandraConverter    : doWithProperties Property.type java.lang.String, Property.value Pool St 0
2025-08-09T23:11:43.402-03:00 DEBUG 97564 --- [beauty-salon-backend] [pool-3-thread-1] [                                                 ] o.s.d.c.c.c.MappingCassandraConverter    : Adding map.entry [address] - [Pool St 0]
2025-08-09T23:11:43.401-03:00 DEBUG 97564 --- [beauty-salon-backend] [pool-3-thread-7] [                                                 ] o.s.d.c.c.c.MappingCassandraConverter    : Adding map.entry [phone] - [5550000006]
2025-08-09T23:11:43.402-03:00 DEBUG 97564 --- [beauty-salon-backend] [pool-3-thread-1] [                                                 ] o.s.d.c.c.c.MappingCassandraConverter    : doWithProperties Property.type java.time.Instant, Property.value 2025-08-10T02:11:43.400281Z
2025-08-09T23:11:43.401-03:00 DEBUG 97564 --- [beauty-salon-backend] [ool-3-thread-13] [                                                 ] o.s.d.c.c.c.MappingCassandraConverter    : doWithProperties Property.type java.util.UUID, Property.value ffc3bbcb-3d15-4d31-ad78-c55440cc6a31
2025-08-09T23:11:43.402-03:00 DEBUG 97564 --- [beauty-salon-backend] [pool-3-thread-7] [                                                 ] o.s.d.c.c.c.MappingCassandraConverter    : doWithProperties Property.type java.lang.String, Property.value Pool St 6
2025-08-09T23:11:43.402-03:00 DEBUG 97564 --- [beauty-salon-backend] [ool-3-thread-13] [                                                 ] o.s.d.c.c.c.MappingCassandraConverter    : Adding map.entry [id] - [ffc3bbcb-3d15-4d31-ad78-c55440cc6a31]
2025-08-09T23:11:43.402-03:00 DEBUG 97564 --- [beauty-salon-backend] [pool-3-thread-4] [                                                 ] o.s.d.c.c.c.MappingCassandraConverter    : Adding map.entry [created_at] - [2025-08-10T02:11:43.400901Z]
2025-08-09T23:11:43.402-03:00 DEBUG 97564 --- [beauty-salon-backend] [ool-3-thread-13] [                                                 ] o.s.d.c.c.c.MappingCassandraConverter    : doWithProperties Property.type java.lang.String, Property.value Pool Test 12
2025-08-09T23:11:43.402-03:00 DEBUG 97564 --- [beauty-salon-backend] [pool-3-thread-4] [                                                 ] o.s.d.c.c.c.MappingCassandraConverter    : doWithProperties Property.type java.time.Instant, Property.value 2025-08-10T02:11:43.400902Z
2025-08-09T23:11:43.402-03:00 DEBUG 97564 --- [beauty-salon-backend] [ool-3-thread-13] [                                                 ] o.s.d.c.c.c.MappingCassandraConverter    : Adding map.entry [name] - [Pool Test 12]
2025-08-09T23:11:43.402-03:00 DEBUG 97564 --- [beauty-salon-backend] [ool-3-thread-10] [                                                 ] o.s.d.c.c.c.MappingCassandraConverter    : doWithProperties Property.type java.lang.String, Property.value 5550000009
2025-08-09T23:11:43.402-03:00 DEBUG 97564 --- [beauty-salon-backend] [ool-3-thread-19] [                                                 ] o.s.d.c.c.c.MappingCassandraConverter    : doWithProperties Property.type java.util.UUID, Property.value 47533007-88fa-46ca-92e9-e036b5703b04
2025-08-09T23:11:43.402-03:00 DEBUG 97564 --- [beauty-salon-backend] [ool-3-thread-13] [                                                 ] o.s.d.c.c.c.MappingCassandraConverter    : doWithProperties Property.type java.lang.String, Property.value pool12@test.com
2025-08-09T23:11:43.402-03:00 DEBUG 97564 --- [beauty-salon-backend] [ool-3-thread-19] [                                                 ] o.s.d.c.c.c.MappingCassandraConverter    : Adding map.entry [id] - [47533007-88fa-46ca-92e9-e036b5703b04]
2025-08-09T23:11:43.402-03:00 DEBUG 97564 --- [beauty-salon-backend] [pool-3-thread-1] [                                                 ] o.s.d.c.c.c.MappingCassandraConverter    : Adding map.entry [created_at] - [2025-08-10T02:11:43.400281Z]
2025-08-09T23:11:43.402-03:00 DEBUG 97564 --- [beauty-salon-backend] [ool-3-thread-19] [                                                 ] o.s.d.c.c.c.MappingCassandraConverter    : doWithProperties Property.type java.lang.String, Property.value Pool Test 18
2025-08-09T23:11:43.402-03:00 DEBUG 97564 --- [beauty-salon-backend] [pool-3-thread-1] [                                                 ] o.s.d.c.c.c.MappingCassandraConverter    : doWithProperties Property.type java.time.Instant, Property.value 2025-08-10T02:11:43.400281Z
2025-08-09T23:11:43.402-03:00 DEBUG 97564 --- [beauty-salon-backend] [pool-3-thread-1] [                                                 ] o.s.d.c.c.c.MappingCassandraConverter    : Adding map.entry [updated_at] - [2025-08-10T02:11:43.400281Z]
2025-08-09T23:11:43.402-03:00 DEBUG 97564 --- [beauty-salon-backend] [ool-3-thread-22] [                                                 ] o.s.d.c.c.c.MappingCassandraConverter    : doWithProperties Property.type java.util.UUID, Property.value c8e1fd77-b53e-46cc-931c-4b34bb3d4736
2025-08-09T23:11:43.402-03:00 DEBUG 97564 --- [beauty-salon-backend] [ool-3-thread-22] [                                                 ] o.s.d.c.c.c.MappingCassandraConverter    : Adding map.entry [id] - [c8e1fd77-b53e-46cc-931c-4b34bb3d4736]
2025-08-09T23:11:43.402-03:00 DEBUG 97564 --- [beauty-salon-backend] [pool-3-thread-7] [                                                 ] o.s.d.c.c.c.MappingCassandraConverter    : Adding map.entry [address] - [Pool St 6]
2025-08-09T23:11:43.402-03:00 DEBUG 97564 --- [beauty-salon-backend] [ool-3-thread-22] [                                                 ] o.s.d.c.c.c.MappingCassandraConverter    : doWithProperties Property.type java.lang.String, Property.value Pool Test 21
2025-08-09T23:11:43.402-03:00 DEBUG 97564 --- [beauty-salon-backend] [ool-3-thread-16] [                                                 ] o.s.d.c.c.c.MappingCassandraConverter    : doWithProperties Property.type java.util.UUID, Property.value da260f58-3fa8-4648-8d75-676130a91c52
2025-08-09T23:11:43.402-03:00 DEBUG 97564 --- [beauty-salon-backend] [ool-3-thread-22] [                                                 ] o.s.d.c.c.c.MappingCassandraConverter    : Adding map.entry [name] - [Pool Test 21]
2025-08-09T23:11:43.402-03:00 DEBUG 97564 --- [beauty-salon-backend] [ool-3-thread-16] [                                                 ] o.s.d.c.c.c.MappingCassandraConverter    : Adding map.entry [id] - [da260f58-3fa8-4648-8d75-676130a91c52]
2025-08-09T23:11:43.402-03:00 DEBUG 97564 --- [beauty-salon-backend] [pool-3-thread-4] [                                                 ] o.s.d.c.c.c.MappingCassandraConverter    : Adding map.entry [updated_at] - [2025-08-10T02:11:43.400902Z]
2025-08-09T23:11:43.402-03:00 DEBUG 97564 --- [beauty-salon-backend] [pool-3-thread-7] [                                                 ] o.s.d.c.c.c.MappingCassandraConverter    : doWithProperties Property.type java.time.Instant, Property.value 2025-08-10T02:11:43.400901Z
2025-08-09T23:11:43.402-03:00 DEBUG 97564 --- [beauty-salon-backend] [pool-3-thread-1] [                                                 ] o.s.data.cassandra.core.cql.CqlTemplate  : Preparing statement [INSERT INTO customers (id,name,email,phone,address,created_at,updated_at) VALUES (?,?,?,?,?,?,?)] using org.springframework.data.cassandra.core.CassandraTemplate$PreparedStatementHandler@5cd14a7d
2025-08-09T23:11:43.402-03:00 DEBUG 97564 --- [beauty-salon-backend] [ool-3-thread-10] [                                                 ] o.s.d.c.c.c.MappingCassandraConverter    : Adding map.entry [phone] - [5550000009]
2025-08-09T23:11:43.402-03:00 DEBUG 97564 --- [beauty-salon-backend] [ool-3-thread-13] [                                                 ] o.s.d.c.c.c.MappingCassandraConverter    : Adding map.entry [email] - [pool12@test.com]
2025-08-09T23:11:43.403-03:00 DEBUG 97564 --- [beauty-salon-backend] [ool-3-thread-10] [                                                 ] o.s.d.c.c.c.MappingCassandraConverter    : doWithProperties Property.type java.lang.String, Property.value Pool St 9
2025-08-09T23:11:43.403-03:00 DEBUG 97564 --- [beauty-salon-backend] [pool-3-thread-4] [                                                 ] o.s.data.cassandra.core.cql.CqlTemplate  : Preparing statement [INSERT INTO customers (id,name,email,phone,address,created_at,updated_at) VALUES (?,?,?,?,?,?,?)] using org.springframework.data.cassandra.core.CassandraTemplate$PreparedStatementHandler@2864ab1c
2025-08-09T23:11:43.402-03:00 DEBUG 97564 --- [beauty-salon-backend] [ool-3-thread-19] [                                                 ] o.s.d.c.c.c.MappingCassandraConverter    : Adding map.entry [name] - [Pool Test 18]
2025-08-09T23:11:43.403-03:00 DEBUG 97564 --- [beauty-salon-backend] [ool-3-thread-28] [                                                 ] o.s.d.c.c.c.MappingCassandraConverter    : doWithProperties Property.type java.util.UUID, Property.value 8dd0769b-ddf6-49df-82a6-b0b6cf2b75eb
2025-08-09T23:11:43.402-03:00 DEBUG 97564 --- [beauty-salon-backend] [ool-3-thread-22] [                                                 ] o.s.d.c.c.c.MappingCassandraConverter    : doWithProperties Property.type java.lang.String, Property.value pool21@test.com
2025-08-09T23:11:43.402-03:00 DEBUG 97564 --- [beauty-salon-backend] [ool-3-thread-16] [                                                 ] o.s.d.c.c.c.MappingCassandraConverter    : doWithProperties Property.type java.lang.String, Property.value Pool Test 15
2025-08-09T23:11:43.403-03:00 DEBUG 97564 --- [beauty-salon-backend] [ool-3-thread-16] [                                                 ] o.s.d.c.c.c.MappingCassandraConverter    : Adding map.entry [name] - [Pool Test 15]
2025-08-09T23:11:43.402-03:00 DEBUG 97564 --- [beauty-salon-backend] [ool-3-thread-25] [                                                 ] o.s.d.c.c.c.MappingCassandraConverter    : doWithProperties Property.type java.util.UUID, Property.value c4474d07-b364-44b9-9822-adc86f44b2ca
2025-08-09T23:11:43.403-03:00 DEBUG 97564 --- [beauty-salon-backend] [ool-3-thread-25] [                                                 ] o.s.d.c.c.c.MappingCassandraConverter    : Adding map.entry [id] - [c4474d07-b364-44b9-9822-adc86f44b2ca]
2025-08-09T23:11:43.402-03:00 DEBUG 97564 --- [beauty-salon-backend] [pool-3-thread-7] [                                                 ] o.s.d.c.c.c.MappingCassandraConverter    : Adding map.entry [created_at] - [2025-08-10T02:11:43.400901Z]
2025-08-09T23:11:43.403-03:00 DEBUG 97564 --- [beauty-salon-backend] [ool-3-thread-25] [                                                 ] o.s.d.c.c.c.MappingCassandraConverter    : doWithProperties Property.type java.lang.String, Property.value Pool Test 24
2025-08-09T23:11:43.403-03:00 DEBUG 97564 --- [beauty-salon-backend] [ool-3-thread-25] [                                                 ] o.s.d.c.c.c.MappingCassandraConverter    : Adding map.entry [name] - [Pool Test 24]
2025-08-09T23:11:43.403-03:00 DEBUG 97564 --- [beauty-salon-backend] [ool-3-thread-31] [                                                 ] o.s.d.c.c.c.MappingCassandraConverter    : doWithProperties Property.type java.util.UUID, Property.value 582f9c84-c537-4a4d-822a-eb9a036bd7e2
2025-08-09T23:11:43.403-03:00 DEBUG 97564 --- [beauty-salon-backend] [ool-3-thread-25] [                                                 ] o.s.d.c.c.c.MappingCassandraConverter    : doWithProperties Property.type java.lang.String, Property.value pool24@test.com
2025-08-09T23:11:43.403-03:00 DEBUG 97564 --- [beauty-salon-backend] [ool-3-thread-10] [                                                 ] o.s.d.c.c.c.MappingCassandraConverter    : Adding map.entry [address] - [Pool St 9]
2025-08-09T23:11:43.403-03:00 DEBUG 97564 --- [beauty-salon-backend] [ool-3-thread-25] [                                                 ] o.s.d.c.c.c.MappingCassandraConverter    : Adding map.entry [email] - [pool24@test.com]
2025-08-09T23:11:43.403-03:00 DEBUG 97564 --- [beauty-salon-backend] [ool-3-thread-10] [                                                 ] o.s.d.c.c.c.MappingCassandraConverter    : doWithProperties Property.type java.time.Instant, Property.value 2025-08-10T02:11:43.400723Z
2025-08-09T23:11:43.403-03:00 DEBUG 97564 --- [beauty-salon-backend] [pool-3-thread-1] [                                                 ] o.s.data.cassandra.core.cql.CqlTemplate  : Executing prepared statement [INSERT INTO customers (id,name,email,phone,address,created_at,updated_at) VALUES (?,?,?,?,?,?,?)]
2025-08-09T23:11:43.403-03:00 DEBUG 97564 --- [beauty-salon-backend] [ool-3-thread-10] [                                                 ] o.s.d.c.c.c.MappingCassandraConverter    : Adding map.entry [created_at] - [2025-08-10T02:11:43.400723Z]
2025-08-09T23:11:43.403-03:00 DEBUG 97564 --- [beauty-salon-backend] [ool-3-thread-13] [                                                 ] o.s.d.c.c.c.MappingCassandraConverter    : doWithProperties Property.type java.lang.String, Property.value 5550000012
2025-08-09T23:11:43.403-03:00 DEBUG 97564 --- [beauty-salon-backend] [ool-3-thread-13] [                                                 ] o.s.d.c.c.c.MappingCassandraConverter    : Adding map.entry [phone] - [5550000012]
2025-08-09T23:11:43.403-03:00 DEBUG 97564 --- [beauty-salon-backend] [pool-3-thread-4] [                                                 ] o.s.data.cassandra.core.cql.CqlTemplate  : Executing prepared statement [INSERT INTO customers (id,name,email,phone,address,created_at,updated_at) VALUES (?,?,?,?,?,?,?)]
2025-08-09T23:11:43.403-03:00 DEBUG 97564 --- [beauty-salon-backend] [ool-3-thread-13] [                                                 ] o.s.d.c.c.c.MappingCassandraConverter    : doWithProperties Property.type java.lang.String, Property.value Pool St 12
2025-08-09T23:11:43.404-03:00 DEBUG 97564 --- [beauty-salon-backend] [ool-3-thread-13] [                                                 ] o.s.d.c.c.c.MappingCassandraConverter    : Adding map.entry [address] - [Pool St 12]
2025-08-09T23:11:43.404-03:00 DEBUG 97564 --- [beauty-salon-backend] [ool-3-thread-13] [                                                 ] o.s.d.c.c.c.MappingCassandraConverter    : doWithProperties Property.type java.time.Instant, Property.value 2025-08-10T02:11:43.401773Z
2025-08-09T23:11:43.404-03:00 DEBUG 97564 --- [beauty-salon-backend] [ool-3-thread-13] [                                                 ] o.s.d.c.c.c.MappingCassandraConverter    : Adding map.entry [created_at] - [2025-08-10T02:11:43.401773Z]
2025-08-09T23:11:43.403-03:00 DEBUG 97564 --- [beauty-salon-backend] [ool-3-thread-19] [                                                 ] o.s.d.c.c.c.MappingCassandraConverter    : doWithProperties Property.type java.lang.String, Property.value pool18@test.com
2025-08-09T23:11:43.404-03:00 DEBUG 97564 --- [beauty-salon-backend] [ool-3-thread-19] [                                                 ] o.s.d.c.c.c.MappingCassandraConverter    : Adding map.entry [email] - [pool18@test.com]
2025-08-09T23:11:43.404-03:00 DEBUG 97564 --- [beauty-salon-backend] [ool-3-thread-19] [                                                 ] o.s.d.c.c.c.MappingCassandraConverter    : doWithProperties Property.type java.lang.String, Property.value 5550000018
2025-08-09T23:11:43.404-03:00 DEBUG 97564 --- [beauty-salon-backend] [ool-3-thread-19] [                                                 ] o.s.d.c.c.c.MappingCassandraConverter    : Adding map.entry [phone] - [5550000018]
2025-08-09T23:11:43.404-03:00 DEBUG 97564 --- [beauty-salon-backend] [ool-3-thread-19] [                                                 ] o.s.d.c.c.c.MappingCassandraConverter    : doWithProperties Property.type java.lang.String, Property.value Pool St 18
2025-08-09T23:11:43.404-03:00 DEBUG 97564 --- [beauty-salon-backend] [ool-3-thread-19] [                                                 ] o.s.d.c.c.c.MappingCassandraConverter    : Adding map.entry [address] - [Pool St 18]
2025-08-09T23:11:43.404-03:00 DEBUG 97564 --- [beauty-salon-backend] [ool-3-thread-19] [                                                 ] o.s.d.c.c.c.MappingCassandraConverter    : doWithProperties Property.type java.time.Instant, Property.value 2025-08-10T02:11:43.402090Z
2025-08-09T23:11:43.404-03:00 DEBUG 97564 --- [beauty-salon-backend] [ool-3-thread-19] [                                                 ] o.s.d.c.c.c.MappingCassandraConverter    : Adding map.entry [created_at] - [2025-08-10T02:11:43.402090Z]
2025-08-09T23:11:43.404-03:00 DEBUG 97564 --- [beauty-salon-backend] [ool-3-thread-19] [                                                 ] o.s.d.c.c.c.MappingCassandraConverter    : doWithProperties Property.type java.time.Instant, Property.value 2025-08-10T02:11:43.402091Z
2025-08-09T23:11:43.403-03:00 DEBUG 97564 --- [beauty-salon-backend] [ool-3-thread-28] [                                                 ] o.s.d.c.c.c.MappingCassandraConverter    : Adding map.entry [id] - [8dd0769b-ddf6-49df-82a6-b0b6cf2b75eb]
2025-08-09T23:11:43.404-03:00 DEBUG 97564 --- [beauty-salon-backend] [ool-3-thread-28] [                                                 ] o.s.d.c.c.c.MappingCassandraConverter    : doWithProperties Property.type java.lang.String, Property.value Pool Test 27
2025-08-09T23:11:43.404-03:00 DEBUG 97564 --- [beauty-salon-backend] [ool-3-thread-28] [                                                 ] o.s.d.c.c.c.MappingCassandraConverter    : Adding map.entry [name] - [Pool Test 27]
2025-08-09T23:11:43.403-03:00 DEBUG 97564 --- [beauty-salon-backend] [ool-3-thread-22] [                                                 ] o.s.d.c.c.c.MappingCassandraConverter    : Adding map.entry [email] - [pool21@test.com]
2025-08-09T23:11:43.404-03:00 DEBUG 97564 --- [beauty-salon-backend] [ool-3-thread-28] [                                                 ] o.s.d.c.c.c.MappingCassandraConverter    : doWithProperties Property.type java.lang.String, Property.value pool27@test.com
2025-08-09T23:11:43.404-03:00 DEBUG 97564 --- [beauty-salon-backend] [ool-3-thread-28] [                                                 ] o.s.d.c.c.c.MappingCassandraConverter    : Adding map.entry [email] - [pool27@test.com]
2025-08-09T23:11:43.405-03:00 DEBUG 97564 --- [beauty-salon-backend] [ool-3-thread-28] [                                                 ] o.s.d.c.c.c.MappingCassandraConverter    : doWithProperties Property.type java.lang.String, Property.value 5550000027
2025-08-09T23:11:43.403-03:00 DEBUG 97564 --- [beauty-salon-backend] [ool-3-thread-16] [                                                 ] o.s.d.c.c.c.MappingCassandraConverter    : doWithProperties Property.type java.lang.String, Property.value pool15@test.com
2025-08-09T23:11:43.405-03:00 DEBUG 97564 --- [beauty-salon-backend] [ool-3-thread-28] [                                                 ] o.s.d.c.c.c.MappingCassandraConverter    : Adding map.entry [phone] - [5550000027]
2025-08-09T23:11:43.405-03:00 DEBUG 97564 --- [beauty-salon-backend] [ool-3-thread-16] [                                                 ] o.s.d.c.c.c.MappingCassandraConverter    : Adding map.entry [email] - [pool15@test.com]
2025-08-09T23:11:43.403-03:00 DEBUG 97564 --- [beauty-salon-backend] [pool-3-thread-7] [                                                 ] o.s.d.c.c.c.MappingCassandraConverter    : doWithProperties Property.type java.time.Instant, Property.value 2025-08-10T02:11:43.400902Z
2025-08-09T23:11:43.405-03:00 DEBUG 97564 --- [beauty-salon-backend] [ool-3-thread-16] [                                                 ] o.s.d.c.c.c.MappingCassandraConverter    : doWithProperties Property.type java.lang.String, Property.value 5550000015
2025-08-09T23:11:43.405-03:00 DEBUG 97564 --- [beauty-salon-backend] [ool-3-thread-28] [                                                 ] o.s.d.c.c.c.MappingCassandraConverter    : doWithProperties Property.type java.lang.String, Property.value Pool St 27
2025-08-09T23:11:43.403-03:00 DEBUG 97564 --- [beauty-salon-backend] [ool-3-thread-31] [                                                 ] o.s.d.c.c.c.MappingCassandraConverter    : Adding map.entry [id] - [582f9c84-c537-4a4d-822a-eb9a036bd7e2]
2025-08-09T23:11:43.405-03:00 DEBUG 97564 --- [beauty-salon-backend] [ool-3-thread-28] [                                                 ] o.s.d.c.c.c.MappingCassandraConverter    : Adding map.entry [address] - [Pool St 27]
2025-08-09T23:11:43.405-03:00 DEBUG 97564 --- [beauty-salon-backend] [ool-3-thread-31] [                                                 ] o.s.d.c.c.c.MappingCassandraConverter    : doWithProperties Property.type java.lang.String, Property.value Pool Test 30
2025-08-09T23:11:43.403-03:00 DEBUG 97564 --- [beauty-salon-backend] [ool-3-thread-25] [                                                 ] o.s.d.c.c.c.MappingCassandraConverter    : doWithProperties Property.type java.lang.String, Property.value 5550000024
2025-08-09T23:11:43.405-03:00 DEBUG 97564 --- [beauty-salon-backend] [ool-3-thread-31] [                                                 ] o.s.d.c.c.c.MappingCassandraConverter    : Adding map.entry [name] - [Pool Test 30]
2025-08-09T23:11:43.405-03:00 DEBUG 97564 --- [beauty-salon-backend] [ool-3-thread-25] [                                                 ] o.s.d.c.c.c.MappingCassandraConverter    : Adding map.entry [phone] - [5550000024]
2025-08-09T23:11:43.405-03:00 DEBUG 97564 --- [beauty-salon-backend] [ool-3-thread-31] [                                                 ] o.s.d.c.c.c.MappingCassandraConverter    : doWithProperties Property.type java.lang.String, Property.value pool30@test.com
2025-08-09T23:11:43.405-03:00 DEBUG 97564 --- [beauty-salon-backend] [ool-3-thread-31] [                                                 ] o.s.d.c.c.c.MappingCassandraConverter    : Adding map.entry [email] - [pool30@test.com]
2025-08-09T23:11:43.403-03:00 DEBUG 97564 --- [beauty-salon-backend] [ool-3-thread-10] [                                                 ] o.s.d.c.c.c.MappingCassandraConverter    : doWithProperties Property.type java.time.Instant, Property.value 2025-08-10T02:11:43.400723Z
2025-08-09T23:11:43.405-03:00 DEBUG 97564 --- [beauty-salon-backend] [ool-3-thread-10] [                                                 ] o.s.d.c.c.c.MappingCassandraConverter    : Adding map.entry [updated_at] - [2025-08-10T02:11:43.400723Z]
2025-08-09T23:11:43.405-03:00 DEBUG 97564 --- [beauty-salon-backend] [ool-3-thread-10] [                                                 ] o.s.data.cassandra.core.cql.CqlTemplate  : Preparing statement [INSERT INTO customers (id,name,email,phone,address,created_at,updated_at) VALUES (?,?,?,?,?,?,?)] using org.springframework.data.cassandra.core.CassandraTemplate$PreparedStatementHandler@248624b5
2025-08-09T23:11:43.405-03:00 DEBUG 97564 --- [beauty-salon-backend] [ool-3-thread-10] [                                                 ] o.s.data.cassandra.core.cql.CqlTemplate  : Executing prepared statement [INSERT INTO customers (id,name,email,phone,address,created_at,updated_at) VALUES (?,?,?,?,?,?,?)]
2025-08-09T23:11:43.404-03:00 DEBUG 97564 --- [beauty-salon-backend] [ool-3-thread-13] [                                                 ] o.s.d.c.c.c.MappingCassandraConverter    : doWithProperties Property.type java.time.Instant, Property.value 2025-08-10T02:11:43.401773Z
2025-08-09T23:11:43.406-03:00 DEBUG 97564 --- [beauty-salon-backend] [ool-3-thread-13] [                                                 ] o.s.d.c.c.c.MappingCassandraConverter    : Adding map.entry [updated_at] - [2025-08-10T02:11:43.401773Z]
2025-08-09T23:11:43.404-03:00 DEBUG 97564 --- [beauty-salon-backend] [ool-3-thread-19] [                                                 ] o.s.d.c.c.c.MappingCassandraConverter    : Adding map.entry [updated_at] - [2025-08-10T02:11:43.402091Z]
2025-08-09T23:11:43.406-03:00 DEBUG 97564 --- [beauty-salon-backend] [ool-3-thread-13] [                                                 ] o.s.data.cassandra.core.cql.CqlTemplate  : Preparing statement [INSERT INTO customers (id,name,email,phone,address,created_at,updated_at) VALUES (?,?,?,?,?,?,?)] using org.springframework.data.cassandra.core.CassandraTemplate$PreparedStatementHandler@56026bd0
2025-08-09T23:11:43.406-03:00 DEBUG 97564 --- [beauty-salon-backend] [ool-3-thread-19] [                                                 ] o.s.data.cassandra.core.cql.CqlTemplate  : Preparing statement [INSERT INTO customers (id,name,email,phone,address,created_at,updated_at) VALUES (?,?,?,?,?,?,?)] using org.springframework.data.cassandra.core.CassandraTemplate$PreparedStatementHandler@51205c4d
2025-08-09T23:11:43.406-03:00 DEBUG 97564 --- [beauty-salon-backend] [ool-3-thread-13] [                                                 ] o.s.data.cassandra.core.cql.CqlTemplate  : Executing prepared statement [INSERT INTO customers (id,name,email,phone,address,created_at,updated_at) VALUES (?,?,?,?,?,?,?)]
2025-08-09T23:11:43.406-03:00 DEBUG 97564 --- [beauty-salon-backend] [ool-3-thread-19] [                                                 ] o.s.data.cassandra.core.cql.CqlTemplate  : Executing prepared statement [INSERT INTO customers (id,name,email,phone,address,created_at,updated_at) VALUES (?,?,?,?,?,?,?)]
2025-08-09T23:11:43.404-03:00 DEBUG 97564 --- [beauty-salon-backend] [ool-3-thread-34] [                                                 ] o.s.d.c.c.c.MappingCassandraConverter    : doWithProperties Property.type java.util.UUID, Property.value 7ec33906-1b07-4c58-95c0-66068a7e2cb5
2025-08-09T23:11:43.407-03:00 DEBUG 97564 --- [beauty-salon-backend] [ool-3-thread-34] [                                                 ] o.s.d.c.c.c.MappingCassandraConverter    : Adding map.entry [id] - [7ec33906-1b07-4c58-95c0-66068a7e2cb5]
2025-08-09T23:11:43.407-03:00 DEBUG 97564 --- [beauty-salon-backend] [ool-3-thread-34] [                                                 ] o.s.d.c.c.c.MappingCassandraConverter    : doWithProperties Property.type java.lang.String, Property.value Pool Test 33
2025-08-09T23:11:43.405-03:00 DEBUG 97564 --- [beauty-salon-backend] [ool-3-thread-22] [                                                 ] o.s.d.c.c.c.MappingCassandraConverter    : doWithProperties Property.type java.lang.String, Property.value 5550000021
2025-08-09T23:11:43.407-03:00 DEBUG 97564 --- [beauty-salon-backend] [ool-3-thread-43] [                                                 ] o.s.d.c.c.c.MappingCassandraConverter    : doWithProperties Property.type java.util.UUID, Property.value 3c8880e3-2e14-4f7b-a320-da435b877738
2025-08-09T23:11:43.407-03:00 DEBUG 97564 --- [beauty-salon-backend] [ool-3-thread-22] [                                                 ] o.s.d.c.c.c.MappingCassandraConverter    : Adding map.entry [phone] - [5550000021]
2025-08-09T23:11:43.407-03:00 DEBUG 97564 --- [beauty-salon-backend] [ool-3-thread-43] [                                                 ] o.s.d.c.c.c.MappingCassandraConverter    : Adding map.entry [id] - [3c8880e3-2e14-4f7b-a320-da435b877738]
2025-08-09T23:11:43.407-03:00 DEBUG 97564 --- [beauty-salon-backend] [ool-3-thread-22] [                                                 ] o.s.d.c.c.c.MappingCassandraConverter    : doWithProperties Property.type java.lang.String, Property.value Pool St 21
2025-08-09T23:11:43.407-03:00 DEBUG 97564 --- [beauty-salon-backend] [ool-3-thread-22] [                                                 ] o.s.d.c.c.c.MappingCassandraConverter    : Adding map.entry [address] - [Pool St 21]
2025-08-09T23:11:43.405-03:00 DEBUG 97564 --- [beauty-salon-backend] [ool-3-thread-16] [                                                 ] o.s.d.c.c.c.MappingCassandraConverter    : Adding map.entry [phone] - [5550000015]
2025-08-09T23:11:43.407-03:00 DEBUG 97564 --- [beauty-salon-backend] [ool-3-thread-16] [                                                 ] o.s.d.c.c.c.MappingCassandraConverter    : doWithProperties Property.type java.lang.String, Property.value Pool St 15
2025-08-09T23:11:43.407-03:00 DEBUG 97564 --- [beauty-salon-backend] [ool-3-thread-16] [                                                 ] o.s.d.c.c.c.MappingCassandraConverter    : Adding map.entry [address] - [Pool St 15]
2025-08-09T23:11:43.407-03:00 DEBUG 97564 --- [beauty-salon-backend] [ool-3-thread-16] [                                                 ] o.s.d.c.c.c.MappingCassandraConverter    : doWithProperties Property.type java.time.Instant, Property.value 2025-08-10T02:11:43.402294Z
2025-08-09T23:11:43.407-03:00 DEBUG 97564 --- [beauty-salon-backend] [ool-3-thread-16] [                                                 ] o.s.d.c.c.c.MappingCassandraConverter    : Adding map.entry [created_at] - [2025-08-10T02:11:43.402294Z]
2025-08-09T23:11:43.405-03:00 DEBUG 97564 --- [beauty-salon-backend] [pool-3-thread-7] [                                                 ] o.s.d.c.c.c.MappingCassandraConverter    : Adding map.entry [updated_at] - [2025-08-10T02:11:43.400902Z]
2025-08-09T23:11:43.407-03:00 DEBUG 97564 --- [beauty-salon-backend] [ool-3-thread-16] [                                                 ] o.s.d.c.c.c.MappingCassandraConverter    : doWithProperties Property.type java.time.Instant, Property.value 2025-08-10T02:11:43.402295Z
2025-08-09T23:11:43.407-03:00 DEBUG 97564 --- [beauty-salon-backend] [ool-3-thread-16] [                                                 ] o.s.d.c.c.c.MappingCassandraConverter    : Adding map.entry [updated_at] - [2025-08-10T02:11:43.402295Z]
2025-08-09T23:11:43.407-03:00 DEBUG 97564 --- [beauty-salon-backend] [pool-3-thread-7] [                                                 ] o.s.data.cassandra.core.cql.CqlTemplate  : Preparing statement [INSERT INTO customers (id,name,email,phone,address,created_at,updated_at) VALUES (?,?,?,?,?,?,?)] using org.springframework.data.cassandra.core.CassandraTemplate$PreparedStatementHandler@6709f28e
2025-08-09T23:11:43.408-03:00 DEBUG 97564 --- [beauty-salon-backend] [ool-3-thread-16] [                                                 ] o.s.data.cassandra.core.cql.CqlTemplate  : Preparing statement [INSERT INTO customers (id,name,email,phone,address,created_at,updated_at) VALUES (?,?,?,?,?,?,?)] using org.springframework.data.cassandra.core.CassandraTemplate$PreparedStatementHandler@673e333d
2025-08-09T23:11:43.408-03:00 DEBUG 97564 --- [beauty-salon-backend] [pool-3-thread-7] [                                                 ] o.s.data.cassandra.core.cql.CqlTemplate  : Executing prepared statement [INSERT INTO customers (id,name,email,phone,address,created_at,updated_at) VALUES (?,?,?,?,?,?,?)]
2025-08-09T23:11:43.405-03:00 DEBUG 97564 --- [beauty-salon-backend] [ool-3-thread-37] [                                                 ] o.s.d.c.c.c.MappingCassandraConverter    : doWithProperties Property.type java.util.UUID, Property.value f93312c0-75d1-4a92-8ac2-fe6a2221f902
2025-08-09T23:11:43.408-03:00 DEBUG 97564 --- [beauty-salon-backend] [ool-3-thread-37] [                                                 ] o.s.d.c.c.c.MappingCassandraConverter    : Adding map.entry [id] - [f93312c0-75d1-4a92-8ac2-fe6a2221f902]
2025-08-09T23:11:43.408-03:00 DEBUG 97564 --- [beauty-salon-backend] [ool-3-thread-37] [                                                 ] o.s.d.c.c.c.MappingCassandraConverter    : doWithProperties Property.type java.lang.String, Property.value Pool Test 36
2025-08-09T23:11:43.405-03:00 DEBUG 97564 --- [beauty-salon-backend] [ool-3-thread-28] [                                                 ] o.s.d.c.c.c.MappingCassandraConverter    : doWithProperties Property.type java.time.Instant, Property.value 2025-08-10T02:11:43.403142Z
2025-08-09T23:11:43.408-03:00 DEBUG 97564 --- [beauty-salon-backend] [ool-3-thread-37] [                                                 ] o.s.d.c.c.c.MappingCassandraConverter    : Adding map.entry [name] - [Pool Test 36]
2025-08-09T23:11:43.408-03:00 DEBUG 97564 --- [beauty-salon-backend] [ool-3-thread-28] [                                                 ] o.s.d.c.c.c.MappingCassandraConverter    : Adding map.entry [created_at] - [2025-08-10T02:11:43.403142Z]
2025-08-09T23:11:43.408-03:00 DEBUG 97564 --- [beauty-salon-backend] [ool-3-thread-37] [                                                 ] o.s.d.c.c.c.MappingCassandraConverter    : doWithProperties Property.type java.lang.String, Property.value pool36@test.com
2025-08-09T23:11:43.408-03:00 DEBUG 97564 --- [beauty-salon-backend] [ool-3-thread-37] [                                                 ] o.s.d.c.c.c.MappingCassandraConverter    : Adding map.entry [email] - [pool36@test.com]
2025-08-09T23:11:43.408-03:00 DEBUG 97564 --- [beauty-salon-backend] [ool-3-thread-28] [                                                 ] o.s.d.c.c.c.MappingCassandraConverter    : doWithProperties Property.type java.time.Instant, Property.value 2025-08-10T02:11:43.403142Z
2025-08-09T23:11:43.408-03:00 DEBUG 97564 --- [beauty-salon-backend] [ool-3-thread-37] [                                                 ] o.s.d.c.c.c.MappingCassandraConverter    : doWithProperties Property.type java.lang.String, Property.value 5550000036
2025-08-09T23:11:43.408-03:00 DEBUG 97564 --- [beauty-salon-backend] [ool-3-thread-28] [                                                 ] o.s.d.c.c.c.MappingCassandraConverter    : Adding map.entry [updated_at] - [2025-08-10T02:11:43.403142Z]
2025-08-09T23:11:43.408-03:00 DEBUG 97564 --- [beauty-salon-backend] [ool-3-thread-37] [                                                 ] o.s.d.c.c.c.MappingCassandraConverter    : Adding map.entry [phone] - [5550000036]
2025-08-09T23:11:43.408-03:00 DEBUG 97564 --- [beauty-salon-backend] [ool-3-thread-37] [                                                 ] o.s.d.c.c.c.MappingCassandraConverter    : doWithProperties Property.type java.lang.String, Property.value Pool St 36
2025-08-09T23:11:43.408-03:00 DEBUG 97564 --- [beauty-salon-backend] [ool-3-thread-37] [                                                 ] o.s.d.c.c.c.MappingCassandraConverter    : Adding map.entry [address] - [Pool St 36]
2025-08-09T23:11:43.408-03:00 DEBUG 97564 --- [beauty-salon-backend] [ool-3-thread-37] [                                                 ] o.s.d.c.c.c.MappingCassandraConverter    : doWithProperties Property.type java.time.Instant, Property.value 2025-08-10T02:11:43.405292Z
2025-08-09T23:11:43.408-03:00 DEBUG 97564 --- [beauty-salon-backend] [ool-3-thread-37] [                                                 ] o.s.d.c.c.c.MappingCassandraConverter    : Adding map.entry [created_at] - [2025-08-10T02:11:43.405292Z]
2025-08-09T23:11:43.409-03:00 DEBUG 97564 --- [beauty-salon-backend] [ool-3-thread-37] [                                                 ] o.s.d.c.c.c.MappingCassandraConverter    : doWithProperties Property.type java.time.Instant, Property.value 2025-08-10T02:11:43.405292Z
2025-08-09T23:11:43.409-03:00 DEBUG 97564 --- [beauty-salon-backend] [ool-3-thread-37] [                                                 ] o.s.d.c.c.c.MappingCassandraConverter    : Adding map.entry [updated_at] - [2025-08-10T02:11:43.405292Z]
2025-08-09T23:11:43.409-03:00 DEBUG 97564 --- [beauty-salon-backend] [ool-3-thread-37] [                                                 ] o.s.data.cassandra.core.cql.CqlTemplate  : Preparing statement [INSERT INTO customers (id,name,email,phone,address,created_at,updated_at) VALUES (?,?,?,?,?,?,?)] using org.springframework.data.cassandra.core.CassandraTemplate$PreparedStatementHandler@3d724db6
2025-08-09T23:11:43.409-03:00 DEBUG 97564 --- [beauty-salon-backend] [ool-3-thread-37] [                                                 ] o.s.data.cassandra.core.cql.CqlTemplate  : Executing prepared statement [INSERT INTO customers (id,name,email,phone,address,created_at,updated_at) VALUES (?,?,?,?,?,?,?)]
2025-08-09T23:11:43.409-03:00 DEBUG 97564 --- [beauty-salon-backend] [ool-3-thread-46] [                                                 ] o.s.d.c.c.c.MappingCassandraConverter    : doWithProperties Property.type java.util.UUID, Property.value 21037159-9902-491a-9183-d09e85cfe2a1
2025-08-09T23:11:43.409-03:00 DEBUG 97564 --- [beauty-salon-backend] [ool-3-thread-46] [                                                 ] o.s.d.c.c.c.MappingCassandraConverter    : Adding map.entry [id] - [21037159-9902-491a-9183-d09e85cfe2a1]
2025-08-09T23:11:43.409-03:00 DEBUG 97564 --- [beauty-salon-backend] [ool-3-thread-46] [                                                 ] o.s.d.c.c.c.MappingCassandraConverter    : doWithProperties Property.type java.lang.String, Property.value Pool Test 45
2025-08-09T23:11:43.405-03:00 DEBUG 97564 --- [beauty-salon-backend] [ool-3-thread-25] [                                                 ] o.s.d.c.c.c.MappingCassandraConverter    : doWithProperties Property.type java.lang.String, Property.value Pool St 24
2025-08-09T23:11:43.410-03:00 DEBUG 97564 --- [beauty-salon-backend] [ool-3-thread-46] [                                                 ] o.s.d.c.c.c.MappingCassandraConverter    : Adding map.entry [name] - [Pool Test 45]
2025-08-09T23:11:43.410-03:00 DEBUG 97564 --- [beauty-salon-backend] [ool-3-thread-46] [                                                 ] o.s.d.c.c.c.MappingCassandraConverter    : doWithProperties Property.type java.lang.String, Property.value pool45@test.com
2025-08-09T23:11:43.410-03:00 DEBUG 97564 --- [beauty-salon-backend] [ool-3-thread-46] [                                                 ] o.s.d.c.c.c.MappingCassandraConverter    : Adding map.entry [email] - [pool45@test.com]
2025-08-09T23:11:43.410-03:00 DEBUG 97564 --- [beauty-salon-backend] [ool-3-thread-46] [                                                 ] o.s.d.c.c.c.MappingCassandraConverter    : doWithProperties Property.type java.lang.String, Property.value 5550000045
2025-08-09T23:11:43.410-03:00 DEBUG 97564 --- [beauty-salon-backend] [ool-3-thread-46] [                                                 ] o.s.d.c.c.c.MappingCassandraConverter    : Adding map.entry [phone] - [5550000045]
2025-08-09T23:11:43.410-03:00 DEBUG 97564 --- [beauty-salon-backend] [ool-3-thread-46] [                                                 ] o.s.d.c.c.c.MappingCassandraConverter    : doWithProperties Property.type java.lang.String, Property.value Pool St 45
2025-08-09T23:11:43.410-03:00 DEBUG 97564 --- [beauty-salon-backend] [ool-3-thread-46] [                                                 ] o.s.d.c.c.c.MappingCassandraConverter    : Adding map.entry [address] - [Pool St 45]
2025-08-09T23:11:43.405-03:00 DEBUG 97564 --- [beauty-salon-backend] [ool-3-thread-31] [                                                 ] o.s.d.c.c.c.MappingCassandraConverter    : doWithProperties Property.type java.lang.String, Property.value 5550000030
2025-08-09T23:11:43.410-03:00 DEBUG 97564 --- [beauty-salon-backend] [ool-3-thread-46] [                                                 ] o.s.d.c.c.c.MappingCassandraConverter    : doWithProperties Property.type java.time.Instant, Property.value 2025-08-10T02:11:43.409638Z
2025-08-09T23:11:43.410-03:00 DEBUG 97564 --- [beauty-salon-backend] [ool-3-thread-31] [                                                 ] o.s.d.c.c.c.MappingCassandraConverter    : Adding map.entry [phone] - [5550000030]
2025-08-09T23:11:43.410-03:00 DEBUG 97564 --- [beauty-salon-backend] [ool-3-thread-46] [                                                 ] o.s.d.c.c.c.MappingCassandraConverter    : Adding map.entry [created_at] - [2025-08-10T02:11:43.409638Z]
2025-08-09T23:11:43.410-03:00 DEBUG 97564 --- [beauty-salon-backend] [ool-3-thread-46] [                                                 ] o.s.d.c.c.c.MappingCassandraConverter    : doWithProperties Property.type java.time.Instant, Property.value 2025-08-10T02:11:43.409639Z
2025-08-09T23:11:43.410-03:00 DEBUG 97564 --- [beauty-salon-backend] [ool-3-thread-46] [                                                 ] o.s.d.c.c.c.MappingCassandraConverter    : Adding map.entry [updated_at] - [2025-08-10T02:11:43.409639Z]
2025-08-09T23:11:43.411-03:00 DEBUG 97564 --- [beauty-salon-backend] [ool-3-thread-46] [                                                 ] o.s.data.cassandra.core.cql.CqlTemplate  : Preparing statement [INSERT INTO customers (id,name,email,phone,address,created_at,updated_at) VALUES (?,?,?,?,?,?,?)] using org.springframework.data.cassandra.core.CassandraTemplate$PreparedStatementHandler@381caa75
2025-08-09T23:11:43.406-03:00 DEBUG 97564 --- [beauty-salon-backend] [ool-3-thread-40] [                                                 ] o.s.d.c.c.c.MappingCassandraConverter    : doWithProperties Property.type java.util.UUID, Property.value 11d99298-e8db-493d-9cdb-f12efafd9d0f
2025-08-09T23:11:43.411-03:00 DEBUG 97564 --- [beauty-salon-backend] [ool-3-thread-46] [                                                 ] o.s.data.cassandra.core.cql.CqlTemplate  : Executing prepared statement [INSERT INTO customers (id,name,email,phone,address,created_at,updated_at) VALUES (?,?,?,?,?,?,?)]
2025-08-09T23:11:43.411-03:00 DEBUG 97564 --- [beauty-salon-backend] [ool-3-thread-40] [                                                 ] o.s.d.c.c.c.MappingCassandraConverter    : Adding map.entry [id] - [11d99298-e8db-493d-9cdb-f12efafd9d0f]
2025-08-09T23:11:43.411-03:00 DEBUG 97564 --- [beauty-salon-backend] [ool-3-thread-40] [                                                 ] o.s.d.c.c.c.MappingCassandraConverter    : doWithProperties Property.type java.lang.String, Property.value Pool Test 39
2025-08-09T23:11:43.411-03:00 DEBUG 97564 --- [beauty-salon-backend] [ool-3-thread-40] [                                                 ] o.s.d.c.c.c.MappingCassandraConverter    : Adding map.entry [name] - [Pool Test 39]
2025-08-09T23:11:43.411-03:00 DEBUG 97564 --- [beauty-salon-backend] [ool-3-thread-40] [                                                 ] o.s.d.c.c.c.MappingCassandraConverter    : doWithProperties Property.type java.lang.String, Property.value pool39@test.com
2025-08-09T23:11:43.411-03:00 DEBUG 97564 --- [beauty-salon-backend] [ool-3-thread-40] [                                                 ] o.s.d.c.c.c.MappingCassandraConverter    : Adding map.entry [email] - [pool39@test.com]
2025-08-09T23:11:43.411-03:00 DEBUG 97564 --- [beauty-salon-backend] [ool-3-thread-40] [                                                 ] o.s.d.c.c.c.MappingCassandraConverter    : doWithProperties Property.type java.lang.String, Property.value 5550000039
2025-08-09T23:11:43.411-03:00 DEBUG 97564 --- [beauty-salon-backend] [ool-3-thread-40] [                                                 ] o.s.d.c.c.c.MappingCassandraConverter    : Adding map.entry [phone] - [5550000039]
2025-08-09T23:11:43.407-03:00 DEBUG 97564 --- [beauty-salon-backend] [ool-3-thread-34] [                                                 ] o.s.d.c.c.c.MappingCassandraConverter    : Adding map.entry [name] - [Pool Test 33]
2025-08-09T23:11:43.411-03:00 DEBUG 97564 --- [beauty-salon-backend] [ool-3-thread-34] [                                                 ] o.s.d.c.c.c.MappingCassandraConverter    : doWithProperties Property.type java.lang.String, Property.value pool33@test.com
2025-08-09T23:11:43.412-03:00 DEBUG 97564 --- [beauty-salon-backend] [ool-3-thread-34] [                                                 ] o.s.d.c.c.c.MappingCassandraConverter    : Adding map.entry [email] - [pool33@test.com]
2025-08-09T23:11:43.412-03:00 DEBUG 97564 --- [beauty-salon-backend] [ool-3-thread-34] [                                                 ] o.s.d.c.c.c.MappingCassandraConverter    : doWithProperties Property.type java.lang.String, Property.value 5550000033
2025-08-09T23:11:43.412-03:00 DEBUG 97564 --- [beauty-salon-backend] [ool-3-thread-34] [                                                 ] o.s.d.c.c.c.MappingCassandraConverter    : Adding map.entry [phone] - [5550000033]
2025-08-09T23:11:43.412-03:00 DEBUG 97564 --- [beauty-salon-backend] [ool-3-thread-34] [                                                 ] o.s.d.c.c.c.MappingCassandraConverter    : doWithProperties Property.type java.lang.String, Property.value Pool St 33
2025-08-09T23:11:43.412-03:00 DEBUG 97564 --- [beauty-salon-backend] [ool-3-thread-34] [                                                 ] o.s.d.c.c.c.MappingCassandraConverter    : Adding map.entry [address] - [Pool St 33]
2025-08-09T23:11:43.412-03:00 DEBUG 97564 --- [beauty-salon-backend] [ool-3-thread-34] [                                                 ] o.s.d.c.c.c.MappingCassandraConverter    : doWithProperties Property.type java.time.Instant, Property.value 2025-08-10T02:11:43.404826Z
2025-08-09T23:11:43.412-03:00 DEBUG 97564 --- [beauty-salon-backend] [ool-3-thread-34] [                                                 ] o.s.d.c.c.c.MappingCassandraConverter    : Adding map.entry [created_at] - [2025-08-10T02:11:43.404826Z]
2025-08-09T23:11:43.412-03:00 DEBUG 97564 --- [beauty-salon-backend] [ool-3-thread-34] [                                                 ] o.s.d.c.c.c.MappingCassandraConverter    : doWithProperties Property.type java.time.Instant, Property.value 2025-08-10T02:11:43.404826Z
2025-08-09T23:11:43.407-03:00 DEBUG 97564 --- [beauty-salon-backend] [ool-3-thread-43] [                                                 ] o.s.d.c.c.c.MappingCassandraConverter    : doWithProperties Property.type java.lang.String, Property.value Pool Test 42
2025-08-09T23:11:43.412-03:00 DEBUG 97564 --- [beauty-salon-backend] [ool-3-thread-34] [                                                 ] o.s.d.c.c.c.MappingCassandraConverter    : Adding map.entry [updated_at] - [2025-08-10T02:11:43.404826Z]
2025-08-09T23:11:43.412-03:00 DEBUG 97564 --- [beauty-salon-backend] [ool-3-thread-43] [                                                 ] o.s.d.c.c.c.MappingCassandraConverter    : Adding map.entry [name] - [Pool Test 42]
2025-08-09T23:11:43.412-03:00 DEBUG 97564 --- [beauty-salon-backend] [ool-3-thread-43] [                                                 ] o.s.d.c.c.c.MappingCassandraConverter    : doWithProperties Property.type java.lang.String, Property.value pool42@test.com
2025-08-09T23:11:43.412-03:00 DEBUG 97564 --- [beauty-salon-backend] [ool-3-thread-43] [                                                 ] o.s.d.c.c.c.MappingCassandraConverter    : Adding map.entry [email] - [pool42@test.com]
2025-08-09T23:11:43.412-03:00 DEBUG 97564 --- [beauty-salon-backend] [ool-3-thread-43] [                                                 ] o.s.d.c.c.c.MappingCassandraConverter    : doWithProperties Property.type java.lang.String, Property.value 5550000042
2025-08-09T23:11:43.412-03:00 DEBUG 97564 --- [beauty-salon-backend] [ool-3-thread-43] [                                                 ] o.s.d.c.c.c.MappingCassandraConverter    : Adding map.entry [phone] - [5550000042]
2025-08-09T23:11:43.413-03:00 DEBUG 97564 --- [beauty-salon-backend] [ool-3-thread-43] [                                                 ] o.s.d.c.c.c.MappingCassandraConverter    : doWithProperties Property.type java.lang.String, Property.value Pool St 42
2025-08-09T23:11:43.413-03:00 DEBUG 97564 --- [beauty-salon-backend] [ool-3-thread-43] [                                                 ] o.s.d.c.c.c.MappingCassandraConverter    : Adding map.entry [address] - [Pool St 42]
2025-08-09T23:11:43.413-03:00 DEBUG 97564 --- [beauty-salon-backend] [ool-3-thread-43] [                                                 ] o.s.d.c.c.c.MappingCassandraConverter    : doWithProperties Property.type java.time.Instant, Property.value 2025-08-10T02:11:43.407280Z
2025-08-09T23:11:43.413-03:00 DEBUG 97564 --- [beauty-salon-backend] [ool-3-thread-43] [                                                 ] o.s.d.c.c.c.MappingCassandraConverter    : Adding map.entry [created_at] - [2025-08-10T02:11:43.407280Z]
2025-08-09T23:11:43.413-03:00 DEBUG 97564 --- [beauty-salon-backend] [ool-3-thread-43] [                                                 ] o.s.d.c.c.c.MappingCassandraConverter    : doWithProperties Property.type java.time.Instant, Property.value 2025-08-10T02:11:43.407281Z
2025-08-09T23:11:43.413-03:00 DEBUG 97564 --- [beauty-salon-backend] [ool-3-thread-43] [                                                 ] o.s.d.c.c.c.MappingCassandraConverter    : Adding map.entry [updated_at] - [2025-08-10T02:11:43.407281Z]
2025-08-09T23:11:43.413-03:00 DEBUG 97564 --- [beauty-salon-backend] [ool-3-thread-43] [                                                 ] o.s.data.cassandra.core.cql.CqlTemplate  : Preparing statement [INSERT INTO customers (id,name,email,phone,address,created_at,updated_at) VALUES (?,?,?,?,?,?,?)] using org.springframework.data.cassandra.core.CassandraTemplate$PreparedStatementHandler@6ca5ba27
2025-08-09T23:11:43.413-03:00 DEBUG 97564 --- [beauty-salon-backend] [ool-3-thread-49] [                                                 ] o.s.d.c.c.c.MappingCassandraConverter    : doWithProperties Property.type java.util.UUID, Property.value 8e6e2478-5324-4a2a-8e7e-909588f2528e
2025-08-09T23:11:43.413-03:00 DEBUG 97564 --- [beauty-salon-backend] [ool-3-thread-49] [                                                 ] o.s.d.c.c.c.MappingCassandraConverter    : Adding map.entry [id] - [8e6e2478-5324-4a2a-8e7e-909588f2528e]
2025-08-09T23:11:43.413-03:00 DEBUG 97564 --- [beauty-salon-backend] [ool-3-thread-49] [                                                 ] o.s.d.c.c.c.MappingCassandraConverter    : doWithProperties Property.type java.lang.String, Property.value Pool Test 48
2025-08-09T23:11:43.413-03:00 DEBUG 97564 --- [beauty-salon-backend] [ool-3-thread-49] [                                                 ] o.s.d.c.c.c.MappingCassandraConverter    : Adding map.entry [name] - [Pool Test 48]
2025-08-09T23:11:43.413-03:00 DEBUG 97564 --- [beauty-salon-backend] [ool-3-thread-49] [                                                 ] o.s.d.c.c.c.MappingCassandraConverter    : doWithProperties Property.type java.lang.String, Property.value pool48@test.com
2025-08-09T23:11:43.414-03:00 DEBUG 97564 --- [beauty-salon-backend] [ool-3-thread-49] [                                                 ] o.s.d.c.c.c.MappingCassandraConverter    : Adding map.entry [email] - [pool48@test.com]
2025-08-09T23:11:43.414-03:00 DEBUG 97564 --- [beauty-salon-backend] [ool-3-thread-49] [                                                 ] o.s.d.c.c.c.MappingCassandraConverter    : doWithProperties Property.type java.lang.String, Property.value 5550000048
2025-08-09T23:11:43.414-03:00 DEBUG 97564 --- [beauty-salon-backend] [ool-3-thread-49] [                                                 ] o.s.d.c.c.c.MappingCassandraConverter    : Adding map.entry [phone] - [5550000048]
2025-08-09T23:11:43.414-03:00 DEBUG 97564 --- [beauty-salon-backend] [ool-3-thread-49] [                                                 ] o.s.d.c.c.c.MappingCassandraConverter    : doWithProperties Property.type java.lang.String, Property.value Pool St 48
2025-08-09T23:11:43.414-03:00 DEBUG 97564 --- [beauty-salon-backend] [ool-3-thread-49] [                                                 ] o.s.d.c.c.c.MappingCassandraConverter    : Adding map.entry [address] - [Pool St 48]
2025-08-09T23:11:43.407-03:00 DEBUG 97564 --- [beauty-salon-backend] [ool-3-thread-22] [                                                 ] o.s.d.c.c.c.MappingCassandraConverter    : doWithProperties Property.type java.time.Instant, Property.value 2025-08-10T02:11:43.402661Z
2025-08-09T23:11:43.414-03:00 DEBUG 97564 --- [beauty-salon-backend] [ool-3-thread-49] [                                                 ] o.s.d.c.c.c.MappingCassandraConverter    : doWithProperties Property.type java.time.Instant, Property.value 2025-08-10T02:11:43.413636Z
2025-08-09T23:11:43.414-03:00 DEBUG 97564 --- [beauty-salon-backend] [ool-3-thread-22] [                                                 ] o.s.d.c.c.c.MappingCassandraConverter    : Adding map.entry [created_at] - [2025-08-10T02:11:43.402661Z]
2025-08-09T23:11:43.414-03:00 DEBUG 97564 --- [beauty-salon-backend] [ool-3-thread-49] [                                                 ] o.s.d.c.c.c.MappingCassandraConverter    : Adding map.entry [created_at] - [2025-08-10T02:11:43.413636Z]
2025-08-09T23:11:43.414-03:00 DEBUG 97564 --- [beauty-salon-backend] [ool-3-thread-22] [                                                 ] o.s.d.c.c.c.MappingCassandraConverter    : doWithProperties Property.type java.time.Instant, Property.value 2025-08-10T02:11:43.402661Z
2025-08-09T23:11:43.414-03:00 DEBUG 97564 --- [beauty-salon-backend] [ool-3-thread-22] [                                                 ] o.s.d.c.c.c.MappingCassandraConverter    : Adding map.entry [updated_at] - [2025-08-10T02:11:43.402661Z]
2025-08-09T23:11:43.408-03:00 DEBUG 97564 --- [beauty-salon-backend] [ool-3-thread-16] [                                                 ] o.s.data.cassandra.core.cql.CqlTemplate  : Executing prepared statement [INSERT INTO customers (id,name,email,phone,address,created_at,updated_at) VALUES (?,?,?,?,?,?,?)]
2025-08-09T23:11:43.414-03:00 DEBUG 97564 --- [beauty-salon-backend] [pool-3-thread-4] [                                                 ] o.s.d.c.c.c.MappingCassandraConverter    : doWithProperties Property.type java.util.UUID, Property.value 3821e615-f3f8-438b-8204-c7e7454819b6
2025-08-09T23:11:43.414-03:00 DEBUG 97564 --- [beauty-salon-backend] [pool-3-thread-4] [                                                 ] o.s.d.c.c.c.MappingCassandraConverter    : Adding map.entry [id] - [3821e615-f3f8-438b-8204-c7e7454819b6]
2025-08-09T23:11:43.414-03:00 DEBUG 97564 --- [beauty-salon-backend] [ool-3-thread-22] [                                                 ] o.s.data.cassandra.core.cql.CqlTemplate  : Preparing statement [INSERT INTO customers (id,name,email,phone,address,created_at,updated_at) VALUES (?,?,?,?,?,?,?)] using org.springframework.data.cassandra.core.CassandraTemplate$PreparedStatementHandler@793dbcd
2025-08-09T23:11:43.408-03:00 DEBUG 97564 --- [beauty-salon-backend] [ool-3-thread-28] [                                                 ] o.s.data.cassandra.core.cql.CqlTemplate  : Preparing statement [INSERT INTO customers (id,name,email,phone,address,created_at,updated_at) VALUES (?,?,?,?,?,?,?)] using org.springframework.data.cassandra.core.CassandraTemplate$PreparedStatementHandler@56fde501
2025-08-09T23:11:43.414-03:00 DEBUG 97564 --- [beauty-salon-backend] [ool-3-thread-22] [                                                 ] o.s.data.cassandra.core.cql.CqlTemplate  : Executing prepared statement [INSERT INTO customers (id,name,email,phone,address,created_at,updated_at) VALUES (?,?,?,?,?,?,?)]
2025-08-09T23:11:43.410-03:00 DEBUG 97564 --- [beauty-salon-backend] [ool-3-thread-25] [                                                 ] o.s.d.c.c.c.MappingCassandraConverter    : Adding map.entry [address] - [Pool St 24]
2025-08-09T23:11:43.411-03:00 DEBUG 97564 --- [beauty-salon-backend] [ool-3-thread-31] [                                                 ] o.s.d.c.c.c.MappingCassandraConverter    : doWithProperties Property.type java.lang.String, Property.value Pool St 30
2025-08-09T23:11:43.415-03:00 DEBUG 97564 --- [beauty-salon-backend] [ool-3-thread-31] [                                                 ] o.s.d.c.c.c.MappingCassandraConverter    : Adding map.entry [address] - [Pool St 30]
2025-08-09T23:11:43.411-03:00 DEBUG 97564 --- [beauty-salon-backend] [ool-3-thread-40] [                                                 ] o.s.d.c.c.c.MappingCassandraConverter    : doWithProperties Property.type java.lang.String, Property.value Pool St 39
2025-08-09T23:11:43.415-03:00 DEBUG 97564 --- [beauty-salon-backend] [ool-3-thread-40] [                                                 ] o.s.d.c.c.c.MappingCassandraConverter    : Adding map.entry [address] - [Pool St 39]
2025-08-09T23:11:43.415-03:00 DEBUG 97564 --- [beauty-salon-backend] [ool-3-thread-40] [                                                 ] o.s.d.c.c.c.MappingCassandraConverter    : doWithProperties Property.type java.time.Instant, Property.value 2025-08-10T02:11:43.406573Z
2025-08-09T23:11:43.415-03:00 DEBUG 97564 --- [beauty-salon-backend] [ool-3-thread-40] [                                                 ] o.s.d.c.c.c.MappingCassandraConverter    : Adding map.entry [created_at] - [2025-08-10T02:11:43.406573Z]
2025-08-09T23:11:43.415-03:00 DEBUG 97564 --- [beauty-salon-backend] [ool-3-thread-40] [                                                 ] o.s.d.c.c.c.MappingCassandraConverter    : doWithProperties Property.type java.time.Instant, Property.value 2025-08-10T02:11:43.406573Z
2025-08-09T23:11:43.415-03:00 DEBUG 97564 --- [beauty-salon-backend] [ool-3-thread-40] [                                                 ] o.s.d.c.c.c.MappingCassandraConverter    : Adding map.entry [updated_at] - [2025-08-10T02:11:43.406573Z]
2025-08-09T23:11:43.412-03:00 DEBUG 97564 --- [beauty-salon-backend] [ool-3-thread-34] [                                                 ] o.s.data.cassandra.core.cql.CqlTemplate  : Preparing statement [INSERT INTO customers (id,name,email,phone,address,created_at,updated_at) VALUES (?,?,?,?,?,?,?)] using org.springframework.data.cassandra.core.CassandraTemplate$PreparedStatementHandler@604cae39
2025-08-09T23:11:43.416-03:00 DEBUG 97564 --- [beauty-salon-backend] [ool-3-thread-34] [                                                 ] o.s.data.cassandra.core.cql.CqlTemplate  : Executing prepared statement [INSERT INTO customers (id,name,email,phone,address,created_at,updated_at) VALUES (?,?,?,?,?,?,?)]
2025-08-09T23:11:43.413-03:00 DEBUG 97564 --- [beauty-salon-backend] [ool-3-thread-43] [                                                 ] o.s.data.cassandra.core.cql.CqlTemplate  : Executing prepared statement [INSERT INTO customers (id,name,email,phone,address,created_at,updated_at) VALUES (?,?,?,?,?,?,?)]
2025-08-09T23:11:43.414-03:00 DEBUG 97564 --- [beauty-salon-backend] [ool-3-thread-49] [                                                 ] o.s.d.c.c.c.MappingCassandraConverter    : doWithProperties Property.type java.time.Instant, Property.value 2025-08-10T02:11:43.413637Z
2025-08-09T23:11:43.416-03:00 DEBUG 97564 --- [beauty-salon-backend] [ool-3-thread-49] [                                                 ] o.s.d.c.c.c.MappingCassandraConverter    : Adding map.entry [updated_at] - [2025-08-10T02:11:43.413637Z]
2025-08-09T23:11:43.416-03:00 DEBUG 97564 --- [beauty-salon-backend] [ool-3-thread-17] [                                                 ] o.s.data.cassandra.core.cql.CqlTemplate  : Preparing statement [SELECT * FROM customers] using org.springframework.data.cassandra.core.CassandraTemplate$PreparedStatementHandler@4ee2cd72
2025-08-09T23:11:43.416-03:00 DEBUG 97564 --- [beauty-salon-backend] [ool-3-thread-26] [                                                 ] o.s.data.cassandra.core.cql.CqlTemplate  : Preparing statement [SELECT * FROM customers] using org.springframework.data.cassandra.core.CassandraTemplate$PreparedStatementHandler@6bd595b1
2025-08-09T23:11:43.417-03:00 DEBUG 97564 --- [beauty-salon-backend] [ool-3-thread-49] [                                                 ] o.s.data.cassandra.core.cql.CqlTemplate  : Preparing statement [INSERT INTO customers (id,name,email,phone,address,created_at,updated_at) VALUES (?,?,?,?,?,?,?)] using org.springframework.data.cassandra.core.CassandraTemplate$PreparedStatementHandler@3c3437f0
2025-08-09T23:11:43.417-03:00 DEBUG 97564 --- [beauty-salon-backend] [ool-3-thread-47] [                                                 ] o.s.data.cassandra.core.cql.CqlTemplate  : Preparing statement [SELECT * FROM customers] using org.springframework.data.cassandra.core.CassandraTemplate$PreparedStatementHandler@29cb7dd2
2025-08-09T23:11:43.417-03:00 DEBUG 97564 --- [beauty-salon-backend] [pool-3-thread-5] [                                                 ] o.s.data.cassandra.core.cql.CqlTemplate  : Preparing statement [SELECT * FROM customers] using org.springframework.data.cassandra.core.CassandraTemplate$PreparedStatementHandler@3b58bfa7
2025-08-09T23:11:43.417-03:00 DEBUG 97564 --- [beauty-salon-backend] [pool-3-thread-3] [                                                 ] o.s.data.cassandra.core.cql.CqlTemplate  : Preparing statement [SELECT * FROM customers] using org.springframework.data.cassandra.core.CassandraTemplate$PreparedStatementHandler@1394b4cf
2025-08-09T23:11:43.417-03:00 DEBUG 97564 --- [beauty-salon-backend] [ool-3-thread-39] [                                                 ] o.s.data.cassandra.core.cql.CqlTemplate  : Preparing statement [SELECT * FROM customers] using org.springframework.data.cassandra.core.CassandraTemplate$PreparedStatementHandler@53ed9dc2
2025-08-09T23:11:43.417-03:00 DEBUG 97564 --- [beauty-salon-backend] [ool-3-thread-30] [                                                 ] o.s.data.cassandra.core.cql.CqlTemplate  : Preparing statement [SELECT * FROM customers] using org.springframework.data.cassandra.core.CassandraTemplate$PreparedStatementHandler@429fccc7
2025-08-09T23:11:43.417-03:00 DEBUG 97564 --- [beauty-salon-backend] [ool-3-thread-15] [                                                 ] o.s.data.cassandra.core.cql.CqlTemplate  : Preparing statement [SELECT * FROM customers] using org.springframework.data.cassandra.core.CassandraTemplate$PreparedStatementHandler@6d9b9181
2025-08-09T23:11:43.417-03:00 DEBUG 97564 --- [beauty-salon-backend] [ool-3-thread-45] [                                                 ] o.s.data.cassandra.core.cql.CqlTemplate  : Preparing statement [SELECT * FROM customers] using org.springframework.data.cassandra.core.CassandraTemplate$PreparedStatementHandler@7b27a2ed
2025-08-09T23:11:43.417-03:00 DEBUG 97564 --- [beauty-salon-backend] [ool-3-thread-41] [                                                 ] o.s.data.cassandra.core.cql.CqlTemplate  : Preparing statement [SELECT * FROM customers] using org.springframework.data.cassandra.core.CassandraTemplate$PreparedStatementHandler@1ed3b82
2025-08-09T23:11:43.417-03:00 DEBUG 97564 --- [beauty-salon-backend] [ool-3-thread-11] [                                                 ] o.s.data.cassandra.core.cql.CqlTemplate  : Preparing statement [SELECT * FROM customers] using org.springframework.data.cassandra.core.CassandraTemplate$PreparedStatementHandler@1d130f03
2025-08-09T23:11:43.417-03:00 DEBUG 97564 --- [beauty-salon-backend] [ool-3-thread-38] [                                                 ] o.s.data.cassandra.core.cql.CqlTemplate  : Preparing statement [SELECT * FROM customers] using org.springframework.data.cassandra.core.CassandraTemplate$PreparedStatementHandler@1463ad48
2025-08-09T23:11:43.417-03:00 DEBUG 97564 --- [beauty-salon-backend] [ool-3-thread-10] [                                                 ] o.s.data.cassandra.core.cql.CqlTemplate  : Preparing statement [SELECT * FROM customers] using org.springframework.data.cassandra.core.CassandraTemplate$PreparedStatementHandler@39e7472d
2025-08-09T23:11:43.417-03:00 DEBUG 97564 --- [beauty-salon-backend] [ool-3-thread-12] [                                                 ] o.s.data.cassandra.core.cql.CqlTemplate  : Preparing statement [SELECT * FROM customers] using org.springframework.data.cassandra.core.CassandraTemplate$PreparedStatementHandler@73cd2985
2025-08-09T23:11:43.417-03:00 DEBUG 97564 --- [beauty-salon-backend] [ool-3-thread-24] [                                                 ] o.s.data.cassandra.core.cql.CqlTemplate  : Preparing statement [SELECT * FROM customers] using org.springframework.data.cassandra.core.CassandraTemplate$PreparedStatementHandler@68ce0b74
2025-08-09T23:11:43.414-03:00 DEBUG 97564 --- [beauty-salon-backend] [pool-3-thread-4] [                                                 ] o.s.d.c.c.c.MappingCassandraConverter    : doWithProperties Property.type java.lang.String, Property.value Pool Test 51
2025-08-09T23:11:43.418-03:00 DEBUG 97564 --- [beauty-salon-backend] [pool-3-thread-4] [                                                 ] o.s.d.c.c.c.MappingCassandraConverter    : Adding map.entry [name] - [Pool Test 51]
2025-08-09T23:11:43.418-03:00 DEBUG 97564 --- [beauty-salon-backend] [pool-3-thread-4] [                                                 ] o.s.d.c.c.c.MappingCassandraConverter    : doWithProperties Property.type java.lang.String, Property.value pool51@test.com
2025-08-09T23:11:43.418-03:00 DEBUG 97564 --- [beauty-salon-backend] [pool-3-thread-4] [                                                 ] o.s.d.c.c.c.MappingCassandraConverter    : Adding map.entry [email] - [pool51@test.com]
2025-08-09T23:11:43.418-03:00 DEBUG 97564 --- [beauty-salon-backend] [pool-3-thread-4] [                                                 ] o.s.d.c.c.c.MappingCassandraConverter    : doWithProperties Property.type java.lang.String, Property.value 5550000051
2025-08-09T23:11:43.419-03:00 DEBUG 97564 --- [beauty-salon-backend] [ool-3-thread-35] [                                                 ] o.s.data.cassandra.core.cql.CqlTemplate  : Preparing statement [SELECT * FROM customers] using org.springframework.data.cassandra.core.CassandraTemplate$PreparedStatementHandler@16b1912e
2025-08-09T23:11:43.419-03:00 DEBUG 97564 --- [beauty-salon-backend] [pool-3-thread-4] [                                                 ] o.s.d.c.c.c.MappingCassandraConverter    : Adding map.entry [phone] - [5550000051]
2025-08-09T23:11:43.418-03:00 DEBUG 97564 --- [beauty-salon-backend] [ool-3-thread-23] [                                                 ] o.s.data.cassandra.core.cql.CqlTemplate  : Preparing statement [SELECT * FROM customers] using org.springframework.data.cassandra.core.CassandraTemplate$PreparedStatementHandler@61ce6ad
2025-08-09T23:11:43.419-03:00 DEBUG 97564 --- [beauty-salon-backend] [pool-3-thread-4] [                                                 ] o.s.d.c.c.c.MappingCassandraConverter    : doWithProperties Property.type java.lang.String, Property.value Pool St 51
2025-08-09T23:11:43.419-03:00 DEBUG 97564 --- [beauty-salon-backend] [pool-3-thread-4] [                                                 ] o.s.d.c.c.c.MappingCassandraConverter    : Adding map.entry [address] - [Pool St 51]
2025-08-09T23:11:43.414-03:00 DEBUG 97564 --- [beauty-salon-backend] [ool-3-thread-28] [                                                 ] o.s.data.cassandra.core.cql.CqlTemplate  : Executing prepared statement [INSERT INTO customers (id,name,email,phone,address,created_at,updated_at) VALUES (?,?,?,?,?,?,?)]
2025-08-09T23:11:43.419-03:00 DEBUG 97564 --- [beauty-salon-backend] [pool-3-thread-4] [                                                 ] o.s.d.c.c.c.MappingCassandraConverter    : doWithProperties Property.type java.time.Instant, Property.value 2025-08-10T02:11:43.414540Z
2025-08-09T23:11:43.419-03:00 DEBUG 97564 --- [beauty-salon-backend] [pool-3-thread-4] [                                                 ] o.s.d.c.c.c.MappingCassandraConverter    : Adding map.entry [created_at] - [2025-08-10T02:11:43.414540Z]
2025-08-09T23:11:43.419-03:00 DEBUG 97564 --- [beauty-salon-backend] [pool-3-thread-4] [                                                 ] o.s.d.c.c.c.MappingCassandraConverter    : doWithProperties Property.type java.time.Instant, Property.value 2025-08-10T02:11:43.414540Z
2025-08-09T23:11:43.419-03:00 DEBUG 97564 --- [beauty-salon-backend] [pool-3-thread-4] [                                                 ] o.s.d.c.c.c.MappingCassandraConverter    : Adding map.entry [updated_at] - [2025-08-10T02:11:43.414540Z]
2025-08-09T23:11:43.419-03:00 DEBUG 97564 --- [beauty-salon-backend] [pool-3-thread-9] [                                                 ] o.s.data.cassandra.core.cql.CqlTemplate  : Preparing statement [SELECT * FROM customers] using org.springframework.data.cassandra.core.CassandraTemplate$PreparedStatementHandler@30761dd3
2025-08-09T23:11:43.419-03:00 DEBUG 97564 --- [beauty-salon-backend] [pool-3-thread-4] [                                                 ] o.s.data.cassandra.core.cql.CqlTemplate  : Preparing statement [INSERT INTO customers (id,name,email,phone,address,created_at,updated_at) VALUES (?,?,?,?,?,?,?)] using org.springframework.data.cassandra.core.CassandraTemplate$PreparedStatementHandler@6959a127
2025-08-09T23:11:43.420-03:00 DEBUG 97564 --- [beauty-salon-backend] [pool-3-thread-4] [                                                 ] o.s.data.cassandra.core.cql.CqlTemplate  : Executing prepared statement [INSERT INTO customers (id,name,email,phone,address,created_at,updated_at) VALUES (?,?,?,?,?,?,?)]
2025-08-09T23:11:43.415-03:00 DEBUG 97564 --- [beauty-salon-backend] [ool-3-thread-25] [                                                 ] o.s.d.c.c.c.MappingCassandraConverter    : doWithProperties Property.type java.time.Instant, Property.value 2025-08-10T02:11:43.402914Z
2025-08-09T23:11:43.420-03:00 DEBUG 97564 --- [beauty-salon-backend] [ool-3-thread-46] [                                                 ] o.s.d.c.c.c.MappingCassandraConverter    : doWithProperties Property.type java.util.UUID, Property.value 7cdf466e-0471-4db3-9d5c-952871e2f7e9
2025-08-09T23:11:43.420-03:00 DEBUG 97564 --- [beauty-salon-backend] [ool-3-thread-46] [                                                 ] o.s.d.c.c.c.MappingCassandraConverter    : Adding map.entry [id] - [7cdf466e-0471-4db3-9d5c-952871e2f7e9]
2025-08-09T23:11:43.421-03:00 DEBUG 97564 --- [beauty-salon-backend] [ool-3-thread-46] [                                                 ] o.s.d.c.c.c.MappingCassandraConverter    : doWithProperties Property.type java.lang.String, Property.value Pool Test 57
2025-08-09T23:11:43.421-03:00 DEBUG 97564 --- [beauty-salon-backend] [ool-3-thread-46] [                                                 ] o.s.d.c.c.c.MappingCassandraConverter    : Adding map.entry [name] - [Pool Test 57]
2025-08-09T23:11:43.415-03:00 DEBUG 97564 --- [beauty-salon-backend] [ool-3-thread-31] [                                                 ] o.s.d.c.c.c.MappingCassandraConverter    : doWithProperties Property.type java.time.Instant, Property.value 2025-08-10T02:11:43.403563Z
2025-08-09T23:11:43.421-03:00 DEBUG 97564 --- [beauty-salon-backend] [ool-3-thread-31] [                                                 ] o.s.d.c.c.c.MappingCassandraConverter    : Adding map.entry [created_at] - [2025-08-10T02:11:43.403563Z]
2025-08-09T23:11:43.421-03:00 DEBUG 97564 --- [beauty-salon-backend] [ool-3-thread-46] [                                                 ] o.s.d.c.c.c.MappingCassandraConverter    : doWithProperties Property.type java.lang.String, Property.value pool57@test.com
2025-08-09T23:11:43.421-03:00 DEBUG 97564 --- [beauty-salon-backend] [ool-3-thread-46] [                                                 ] o.s.d.c.c.c.MappingCassandraConverter    : Adding map.entry [email] - [pool57@test.com]
2025-08-09T23:11:43.421-03:00 DEBUG 97564 --- [beauty-salon-backend] [ool-3-thread-43] [                                                 ] o.s.data.cassandra.core.cql.CqlTemplate  : Preparing statement [SELECT * FROM customers] using org.springframework.data.cassandra.core.CassandraTemplate$PreparedStatementHandler@2d98b01c
2025-08-09T23:11:43.421-03:00 DEBUG 97564 --- [beauty-salon-backend] [ool-3-thread-46] [                                                 ] o.s.d.c.c.c.MappingCassandraConverter    : doWithProperties Property.type java.lang.String, Property.value 5550000057
2025-08-09T23:11:43.421-03:00 DEBUG 97564 --- [beauty-salon-backend] [ool-3-thread-46] [                                                 ] o.s.d.c.c.c.MappingCassandraConverter    : Adding map.entry [phone] - [5550000057]
2025-08-09T23:11:43.421-03:00 DEBUG 97564 --- [beauty-salon-backend] [ool-3-thread-50] [                                                 ] o.s.data.cassandra.core.cql.CqlTemplate  : Preparing statement [SELECT * FROM customers] using org.springframework.data.cassandra.core.CassandraTemplate$PreparedStatementHandler@1dd8429f
2025-08-09T23:11:43.421-03:00 DEBUG 97564 --- [beauty-salon-backend] [ool-3-thread-44] [                                                 ] o.s.data.cassandra.core.cql.CqlTemplate  : Preparing statement [SELECT * FROM customers] using org.springframework.data.cassandra.core.CassandraTemplate$PreparedStatementHandler@6c6aba98
2025-08-09T23:11:43.416-03:00 DEBUG 97564 --- [beauty-salon-backend] [ool-3-thread-40] [                                                 ] o.s.data.cassandra.core.cql.CqlTemplate  : Preparing statement [INSERT INTO customers (id,name,email,phone,address,created_at,updated_at) VALUES (?,?,?,?,?,?,?)] using org.springframework.data.cassandra.core.CassandraTemplate$PreparedStatementHandler@1f2de9b9
2025-08-09T23:11:43.421-03:00 DEBUG 97564 --- [beauty-salon-backend] [ool-3-thread-40] [                                                 ] o.s.data.cassandra.core.cql.CqlTemplate  : Executing prepared statement [INSERT INTO customers (id,name,email,phone,address,created_at,updated_at) VALUES (?,?,?,?,?,?,?)]
2025-08-09T23:11:43.421-03:00 DEBUG 97564 --- [beauty-salon-backend] [ool-3-thread-16] [                                                 ] o.s.data.cassandra.core.cql.CqlTemplate  : Preparing statement [SELECT * FROM customers] using org.springframework.data.cassandra.core.CassandraTemplate$PreparedStatementHandler@26033906
2025-08-09T23:11:43.421-03:00 DEBUG 97564 --- [beauty-salon-backend] [ool-3-thread-16] [                                                 ] o.s.data.cassandra.core.cql.CqlTemplate  : Executing prepared statement [SELECT * FROM customers]
2025-08-09T23:11:43.421-03:00 DEBUG 97564 --- [beauty-salon-backend] [ool-3-thread-14] [                                                 ] o.s.data.cassandra.core.cql.CqlTemplate  : Preparing statement [SELECT * FROM customers] using org.springframework.data.cassandra.core.CassandraTemplate$PreparedStatementHandler@6156ee5c
2025-08-09T23:11:43.421-03:00 DEBUG 97564 --- [beauty-salon-backend] [ool-3-thread-19] [                                                 ] o.s.data.cassandra.core.cql.CqlTemplate  : Preparing statement [SELECT * FROM customers] using org.springframework.data.cassandra.core.CassandraTemplate$PreparedStatementHandler@101d5676
2025-08-09T23:11:43.421-03:00 DEBUG 97564 --- [beauty-salon-backend] [ool-3-thread-50] [                                                 ] o.s.data.cassandra.core.cql.CqlTemplate  : Executing prepared statement [SELECT * FROM customers]
2025-08-09T23:11:43.421-03:00 DEBUG 97564 --- [beauty-salon-backend] [ool-3-thread-14] [                                                 ] o.s.data.cassandra.core.cql.CqlTemplate  : Executing prepared statement [SELECT * FROM customers]
2025-08-09T23:11:43.421-03:00 DEBUG 97564 --- [beauty-salon-backend] [ool-3-thread-19] [                                                 ] o.s.data.cassandra.core.cql.CqlTemplate  : Executing prepared statement [SELECT * FROM customers]
2025-08-09T23:11:43.422-03:00 DEBUG 97564 --- [beauty-salon-backend] [ool-3-thread-35] [                                                 ] o.s.data.cassandra.core.cql.CqlTemplate  : Executing prepared statement [SELECT * FROM customers]
2025-08-09T23:11:43.422-03:00 DEBUG 97564 --- [beauty-salon-backend] [pool-3-thread-9] [                                                 ] o.s.data.cassandra.core.cql.CqlTemplate  : Executing prepared statement [SELECT * FROM customers]
2025-08-09T23:11:43.422-03:00 DEBUG 97564 --- [beauty-salon-backend] [ool-3-thread-12] [                                                 ] o.s.data.cassandra.core.cql.CqlTemplate  : Executing prepared statement [SELECT * FROM customers]
2025-08-09T23:11:43.422-03:00 DEBUG 97564 --- [beauty-salon-backend] [ool-3-thread-10] [                                                 ] o.s.data.cassandra.core.cql.CqlTemplate  : Executing prepared statement [SELECT * FROM customers]
2025-08-09T23:11:43.422-03:00 DEBUG 97564 --- [beauty-salon-backend] [ool-3-thread-38] [                                                 ] o.s.data.cassandra.core.cql.CqlTemplate  : Executing prepared statement [SELECT * FROM customers]
2025-08-09T23:11:43.422-03:00 DEBUG 97564 --- [beauty-salon-backend] [ool-3-thread-45] [                                                 ] o.s.data.cassandra.core.cql.CqlTemplate  : Executing prepared statement [SELECT * FROM customers]
2025-08-09T23:11:43.422-03:00 DEBUG 97564 --- [beauty-salon-backend] [ool-3-thread-15] [                                                 ] o.s.data.cassandra.core.cql.CqlTemplate  : Executing prepared statement [SELECT * FROM customers]
2025-08-09T23:11:43.422-03:00 DEBUG 97564 --- [beauty-salon-backend] [ool-3-thread-39] [                                                 ] o.s.data.cassandra.core.cql.CqlTemplate  : Executing prepared statement [SELECT * FROM customers]
2025-08-09T23:11:43.422-03:00 DEBUG 97564 --- [beauty-salon-backend] [pool-3-thread-3] [                                                 ] o.s.data.cassandra.core.cql.CqlTemplate  : Executing prepared statement [SELECT * FROM customers]
2025-08-09T23:11:43.422-03:00 DEBUG 97564 --- [beauty-salon-backend] [pool-3-thread-5] [                                                 ] o.s.data.cassandra.core.cql.CqlTemplate  : Executing prepared statement [SELECT * FROM customers]
2025-08-09T23:11:43.422-03:00 DEBUG 97564 --- [beauty-salon-backend] [ool-3-thread-17] [                                                 ] o.s.data.cassandra.core.cql.CqlTemplate  : Executing prepared statement [SELECT * FROM customers]
2025-08-09T23:11:43.416-03:00 DEBUG 97564 --- [beauty-salon-backend] [ool-3-thread-13] [                                                 ] o.s.d.c.c.c.MappingCassandraConverter    : doWithProperties Property.type java.util.UUID, Property.value 171dcef3-4911-4910-a6f4-7a061ca9eb8c
2025-08-09T23:11:43.422-03:00 DEBUG 97564 --- [beauty-salon-backend] [ool-3-thread-37] [                                                 ] o.s.data.cassandra.core.cql.CqlTemplate  : Preparing statement [SELECT * FROM customers] using org.springframework.data.cassandra.core.CassandraTemplate$PreparedStatementHandler@7c4f478d
2025-08-09T23:11:43.416-03:00 DEBUG 97564 --- [beauty-salon-backend] [ool-3-thread-33] [                                                 ] o.s.data.cassandra.core.cql.CqlTemplate  : Preparing statement [SELECT * FROM customers] using org.springframework.data.cassandra.core.CassandraTemplate$PreparedStatementHandler@6cd8e8b4
2025-08-09T23:11:43.422-03:00 DEBUG 97564 --- [beauty-salon-backend] [ool-3-thread-13] [                                                 ] o.s.d.c.c.c.MappingCassandraConverter    : Adding map.entry [id] - [171dcef3-4911-4910-a6f4-7a061ca9eb8c]
2025-08-09T23:11:43.422-03:00 DEBUG 97564 --- [beauty-salon-backend] [pool-3-thread-7] [                                                 ] o.s.data.cassandra.core.cql.CqlTemplate  : Preparing statement [SELECT * FROM customers] using org.springframework.data.cassandra.core.CassandraTemplate$PreparedStatementHandler@2634f8b5
2025-08-09T23:11:43.422-03:00 DEBUG 97564 --- [beauty-salon-backend] [ool-3-thread-13] [                                                 ] o.s.d.c.c.c.MappingCassandraConverter    : doWithProperties Property.type java.lang.String, Property.value Pool Test 54
2025-08-09T23:11:43.422-03:00 DEBUG 97564 --- [beauty-salon-backend] [ool-3-thread-33] [                                                 ] o.s.data.cassandra.core.cql.CqlTemplate  : Executing prepared statement [SELECT * FROM customers]
2025-08-09T23:11:43.422-03:00 DEBUG 97564 --- [beauty-salon-backend] [ool-3-thread-13] [                                                 ] o.s.d.c.c.c.MappingCassandraConverter    : Adding map.entry [name] - [Pool Test 54]
2025-08-09T23:11:43.422-03:00 DEBUG 97564 --- [beauty-salon-backend] [pool-3-thread-7] [                                                 ] o.s.data.cassandra.core.cql.CqlTemplate  : Executing prepared statement [SELECT * FROM customers]
2025-08-09T23:11:43.416-03:00 DEBUG 97564 --- [beauty-salon-backend] [ool-3-thread-18] [                                                 ] o.s.data.cassandra.core.cql.CqlTemplate  : Preparing statement [SELECT * FROM customers] using org.springframework.data.cassandra.core.CassandraTemplate$PreparedStatementHandler@11b82f7b
2025-08-09T23:11:43.422-03:00 DEBUG 97564 --- [beauty-salon-backend] [ool-3-thread-34] [                                                 ] o.s.d.c.c.c.MappingCassandraConverter    : doWithProperties Property.type java.util.UUID, Property.value 980b7ffb-9304-4b5f-b00e-b3b215017002
2025-08-09T23:11:43.417-03:00 DEBUG 97564 --- [beauty-salon-backend] [ool-3-thread-49] [                                                 ] o.s.data.cassandra.core.cql.CqlTemplate  : Executing prepared statement [INSERT INTO customers (id,name,email,phone,address,created_at,updated_at) VALUES (?,?,?,?,?,?,?)]
2025-08-09T23:11:43.422-03:00 DEBUG 97564 --- [beauty-salon-backend] [ool-3-thread-18] [                                                 ] o.s.data.cassandra.core.cql.CqlTemplate  : Executing prepared statement [SELECT * FROM customers]
2025-08-09T23:11:43.422-03:00 DEBUG 97564 --- [beauty-salon-backend] [ool-3-thread-34] [                                                 ] o.s.d.c.c.c.MappingCassandraConverter    : Adding map.entry [id] - [980b7ffb-9304-4b5f-b00e-b3b215017002]
2025-08-09T23:11:43.417-03:00 DEBUG 97564 --- [beauty-salon-backend] [pool-3-thread-6] [                                                 ] o.s.data.cassandra.core.cql.CqlTemplate  : Preparing statement [SELECT * FROM customers] using org.springframework.data.cassandra.core.CassandraTemplate$PreparedStatementHandler@712edab7
2025-08-09T23:11:43.417-03:00 DEBUG 97564 --- [beauty-salon-backend] [ool-3-thread-36] [                                                 ] o.s.data.cassandra.core.cql.CqlTemplate  : Preparing statement [SELECT * FROM customers] using org.springframework.data.cassandra.core.CassandraTemplate$PreparedStatementHandler@4cc98550
2025-08-09T23:11:43.423-03:00 DEBUG 97564 --- [beauty-salon-backend] [ool-3-thread-34] [                                                 ] o.s.d.c.c.c.MappingCassandraConverter    : doWithProperties Property.type java.lang.String, Property.value Pool Test 60
2025-08-09T23:11:43.423-03:00 DEBUG 97564 --- [beauty-salon-backend] [pool-3-thread-6] [                                                 ] o.s.data.cassandra.core.cql.CqlTemplate  : Executing prepared statement [SELECT * FROM customers]
2025-08-09T23:11:43.423-03:00 DEBUG 97564 --- [beauty-salon-backend] [ool-3-thread-34] [                                                 ] o.s.d.c.c.c.MappingCassandraConverter    : Adding map.entry [name] - [Pool Test 60]
2025-08-09T23:11:43.417-03:00 DEBUG 97564 --- [beauty-salon-backend] [ool-3-thread-42] [                                                 ] o.s.data.cassandra.core.cql.CqlTemplate  : Preparing statement [SELECT * FROM customers] using org.springframework.data.cassandra.core.CassandraTemplate$PreparedStatementHandler@7d84c784
2025-08-09T23:11:43.423-03:00 DEBUG 97564 --- [beauty-salon-backend] [ool-3-thread-42] [                                                 ] o.s.data.cassandra.core.cql.CqlTemplate  : Executing prepared statement [SELECT * FROM customers]
2025-08-09T23:11:43.423-03:00 DEBUG 97564 --- [beauty-salon-backend] [ool-3-thread-34] [                                                 ] o.s.d.c.c.c.MappingCassandraConverter    : doWithProperties Property.type java.lang.String, Property.value pool60@test.com
2025-08-09T23:11:43.417-03:00 DEBUG 97564 --- [beauty-salon-backend] [ool-3-thread-32] [                                                 ] o.s.data.cassandra.core.cql.CqlTemplate  : Preparing statement [SELECT * FROM customers] using org.springframework.data.cassandra.core.CassandraTemplate$PreparedStatementHandler@15570eda
2025-08-09T23:11:43.417-03:00 DEBUG 97564 --- [beauty-salon-backend] [ool-3-thread-20] [                                                 ] o.s.data.cassandra.core.cql.CqlTemplate  : Preparing statement [SELECT * FROM customers] using org.springframework.data.cassandra.core.CassandraTemplate$PreparedStatementHandler@4b9dc028
2025-08-09T23:11:43.423-03:00 DEBUG 97564 --- [beauty-salon-backend] [ool-3-thread-34] [                                                 ] o.s.d.c.c.c.MappingCassandraConverter    : Adding map.entry [email] - [pool60@test.com]
2025-08-09T23:11:43.423-03:00 DEBUG 97564 --- [beauty-salon-backend] [ool-3-thread-32] [                                                 ] o.s.data.cassandra.core.cql.CqlTemplate  : Executing prepared statement [SELECT * FROM customers]
2025-08-09T23:11:43.423-03:00 DEBUG 97564 --- [beauty-salon-backend] [ool-3-thread-34] [                                                 ] o.s.d.c.c.c.MappingCassandraConverter    : doWithProperties Property.type java.lang.String, Property.value 5550000060
2025-08-09T23:11:43.423-03:00 DEBUG 97564 --- [beauty-salon-backend] [ool-3-thread-34] [                                                 ] o.s.d.c.c.c.MappingCassandraConverter    : Adding map.entry [phone] - [5550000060]
2025-08-09T23:11:43.423-03:00 DEBUG 97564 --- [beauty-salon-backend] [ool-3-thread-34] [                                                 ] o.s.d.c.c.c.MappingCassandraConverter    : doWithProperties Property.type java.lang.String, Property.value Pool St 60
2025-08-09T23:11:43.423-03:00 DEBUG 97564 --- [beauty-salon-backend] [ool-3-thread-34] [                                                 ] o.s.d.c.c.c.MappingCassandraConverter    : Adding map.entry [address] - [Pool St 60]
2025-08-09T23:11:43.423-03:00 DEBUG 97564 --- [beauty-salon-backend] [ool-3-thread-34] [                                                 ] o.s.d.c.c.c.MappingCassandraConverter    : doWithProperties Property.type java.time.Instant, Property.value 2025-08-10T02:11:43.422598Z
2025-08-09T23:11:43.423-03:00 DEBUG 97564 --- [beauty-salon-backend] [ool-3-thread-34] [                                                 ] o.s.d.c.c.c.MappingCassandraConverter    : Adding map.entry [created_at] - [2025-08-10T02:11:43.422598Z]
2025-08-09T23:11:43.423-03:00 DEBUG 97564 --- [beauty-salon-backend] [ool-3-thread-34] [                                                 ] o.s.d.c.c.c.MappingCassandraConverter    : doWithProperties Property.type java.time.Instant, Property.value 2025-08-10T02:11:43.422599Z
2025-08-09T23:11:43.423-03:00 DEBUG 97564 --- [beauty-salon-backend] [ool-3-thread-34] [                                                 ] o.s.d.c.c.c.MappingCassandraConverter    : Adding map.entry [updated_at] - [2025-08-10T02:11:43.422599Z]
2025-08-09T23:11:43.424-03:00 DEBUG 97564 --- [beauty-salon-backend] [ool-3-thread-34] [                                                 ] o.s.data.cassandra.core.cql.CqlTemplate  : Preparing statement [INSERT INTO customers (id,name,email,phone,address,created_at,updated_at) VALUES (?,?,?,?,?,?,?)] using org.springframework.data.cassandra.core.CassandraTemplate$PreparedStatementHandler@2171a402
2025-08-09T23:11:43.424-03:00 DEBUG 97564 --- [beauty-salon-backend] [ool-3-thread-34] [                                                 ] o.s.data.cassandra.core.cql.CqlTemplate  : Executing prepared statement [INSERT INTO customers (id,name,email,phone,address,created_at,updated_at) VALUES (?,?,?,?,?,?,?)]
2025-08-09T23:11:43.418-03:00 DEBUG 97564 --- [beauty-salon-backend] [pool-3-thread-1] [                                                 ] o.s.data.cassandra.core.cql.CqlTemplate  : Preparing statement [SELECT * FROM customers] using org.springframework.data.cassandra.core.CassandraTemplate$PreparedStatementHandler@1dec4046
2025-08-09T23:11:43.425-03:00 DEBUG 97564 --- [beauty-salon-backend] [pool-3-thread-1] [                                                 ] o.s.data.cassandra.core.cql.CqlTemplate  : Executing prepared statement [SELECT * FROM customers]
2025-08-09T23:11:43.418-03:00 DEBUG 97564 --- [beauty-salon-backend] [pool-3-thread-8] [                                                 ] o.s.data.cassandra.core.cql.CqlTemplate  : Preparing statement [SELECT * FROM customers] using org.springframework.data.cassandra.core.CassandraTemplate$PreparedStatementHandler@184dae19
2025-08-09T23:11:43.426-03:00 DEBUG 97564 --- [beauty-salon-backend] [pool-3-thread-8] [                                                 ] o.s.data.cassandra.core.cql.CqlTemplate  : Executing prepared statement [SELECT * FROM customers]
2025-08-09T23:11:43.418-03:00 DEBUG 97564 --- [beauty-salon-backend] [ool-3-thread-48] [                                                 ] o.s.data.cassandra.core.cql.CqlTemplate  : Preparing statement [SELECT * FROM customers] using org.springframework.data.cassandra.core.CassandraTemplate$PreparedStatementHandler@522b4237
2025-08-09T23:11:43.419-03:00 DEBUG 97564 --- [beauty-salon-backend] [pool-3-thread-2] [                                                 ] o.s.data.cassandra.core.cql.CqlTemplate  : Preparing statement [SELECT * FROM customers] using org.springframework.data.cassandra.core.CassandraTemplate$PreparedStatementHandler@5ba87afb
2025-08-09T23:11:43.419-03:00 DEBUG 97564 --- [beauty-salon-backend] [ool-3-thread-27] [                                                 ] o.s.data.cassandra.core.cql.CqlTemplate  : Preparing statement [SELECT * FROM customers] using org.springframework.data.cassandra.core.CassandraTemplate$PreparedStatementHandler@4ff0ac25
2025-08-09T23:11:43.420-03:00 DEBUG 97564 --- [beauty-salon-backend] [ool-3-thread-25] [                                                 ] o.s.d.c.c.c.MappingCassandraConverter    : Adding map.entry [created_at] - [2025-08-10T02:11:43.402914Z]
2025-08-09T23:11:43.429-03:00 DEBUG 97564 --- [beauty-salon-backend] [ool-3-thread-25] [                                                 ] o.s.d.c.c.c.MappingCassandraConverter    : doWithProperties Property.type java.time.Instant, Property.value 2025-08-10T02:11:43.402914Z
2025-08-09T23:11:43.429-03:00 DEBUG 97564 --- [beauty-salon-backend] [ool-3-thread-25] [                                                 ] o.s.d.c.c.c.MappingCassandraConverter    : Adding map.entry [updated_at] - [2025-08-10T02:11:43.402914Z]
2025-08-09T23:11:43.429-03:00 DEBUG 97564 --- [beauty-salon-backend] [ool-3-thread-25] [                                                 ] o.s.data.cassandra.core.cql.CqlTemplate  : Preparing statement [INSERT INTO customers (id,name,email,phone,address,created_at,updated_at) VALUES (?,?,?,?,?,?,?)] using org.springframework.data.cassandra.core.CassandraTemplate$PreparedStatementHandler@3c61aac1
2025-08-09T23:11:43.429-03:00 DEBUG 97564 --- [beauty-salon-backend] [ool-3-thread-25] [                                                 ] o.s.data.cassandra.core.cql.CqlTemplate  : Executing prepared statement [INSERT INTO customers (id,name,email,phone,address,created_at,updated_at) VALUES (?,?,?,?,?,?,?)]
2025-08-09T23:11:43.420-03:00 DEBUG 97564 --- [beauty-salon-backend] [ool-3-thread-21] [                                                 ] o.s.data.cassandra.core.cql.CqlTemplate  : Preparing statement [SELECT * FROM customers] using org.springframework.data.cassandra.core.CassandraTemplate$PreparedStatementHandler@4e113722
2025-08-09T23:11:43.429-03:00 DEBUG 97564 --- [beauty-salon-backend] [ool-3-thread-21] [                                                 ] o.s.data.cassandra.core.cql.CqlTemplate  : Executing prepared statement [SELECT * FROM customers]
2025-08-09T23:11:43.432-03:00 DEBUG 97564 --- [beauty-salon-backend] [ool-3-thread-40] [                                                 ] o.s.d.c.c.c.MappingCassandraConverter    : doWithProperties Property.type java.util.UUID, Property.value db02224e-0bb9-4a38-8088-2deb03757002
2025-08-09T23:11:43.432-03:00 DEBUG 97564 --- [beauty-salon-backend] [ool-3-thread-40] [                                                 ] o.s.d.c.c.c.MappingCassandraConverter    : Adding map.entry [id] - [db02224e-0bb9-4a38-8088-2deb03757002]
2025-08-09T23:11:43.432-03:00 DEBUG 97564 --- [beauty-salon-backend] [ool-3-thread-40] [                                                 ] o.s.d.c.c.c.MappingCassandraConverter    : doWithProperties Property.type java.lang.String, Property.value Pool Test 63
2025-08-09T23:11:43.432-03:00 DEBUG 97564 --- [beauty-salon-backend] [ool-3-thread-40] [                                                 ] o.s.d.c.c.c.MappingCassandraConverter    : Adding map.entry [name] - [Pool Test 63]
2025-08-09T23:11:43.432-03:00 DEBUG 97564 --- [beauty-salon-backend] [ool-3-thread-40] [                                                 ] o.s.d.c.c.c.MappingCassandraConverter    : doWithProperties Property.type java.lang.String, Property.value pool63@test.com
2025-08-09T23:11:43.432-03:00 DEBUG 97564 --- [beauty-salon-backend] [ool-3-thread-40] [                                                 ] o.s.d.c.c.c.MappingCassandraConverter    : Adding map.entry [email] - [pool63@test.com]
2025-08-09T23:11:43.432-03:00 DEBUG 97564 --- [beauty-salon-backend] [ool-3-thread-40] [                                                 ] o.s.d.c.c.c.MappingCassandraConverter    : doWithProperties Property.type java.lang.String, Property.value 5550000063
2025-08-09T23:11:43.432-03:00 DEBUG 97564 --- [beauty-salon-backend] [ool-3-thread-40] [                                                 ] o.s.d.c.c.c.MappingCassandraConverter    : Adding map.entry [phone] - [5550000063]
2025-08-09T23:11:43.432-03:00 DEBUG 97564 --- [beauty-salon-backend] [ool-3-thread-40] [                                                 ] o.s.d.c.c.c.MappingCassandraConverter    : doWithProperties Property.type java.lang.String, Property.value Pool St 63
2025-08-09T23:11:43.432-03:00 DEBUG 97564 --- [beauty-salon-backend] [ool-3-thread-40] [                                                 ] o.s.d.c.c.c.MappingCassandraConverter    : Adding map.entry [address] - [Pool St 63]
2025-08-09T23:11:43.433-03:00 DEBUG 97564 --- [beauty-salon-backend] [ool-3-thread-40] [                                                 ] o.s.d.c.c.c.MappingCassandraConverter    : doWithProperties Property.type java.time.Instant, Property.value 2025-08-10T02:11:43.432180Z
2025-08-09T23:11:43.433-03:00 DEBUG 97564 --- [beauty-salon-backend] [ool-3-thread-40] [                                                 ] o.s.d.c.c.c.MappingCassandraConverter    : Adding map.entry [created_at] - [2025-08-10T02:11:43.432180Z]
2025-08-09T23:11:43.433-03:00 DEBUG 97564 --- [beauty-salon-backend] [ool-3-thread-40] [                                                 ] o.s.d.c.c.c.MappingCassandraConverter    : doWithProperties Property.type java.time.Instant, Property.value 2025-08-10T02:11:43.432181Z
2025-08-09T23:11:43.433-03:00 DEBUG 97564 --- [beauty-salon-backend] [ool-3-thread-40] [                                                 ] o.s.d.c.c.c.MappingCassandraConverter    : Adding map.entry [updated_at] - [2025-08-10T02:11:43.432181Z]
2025-08-09T23:11:43.433-03:00 DEBUG 97564 --- [beauty-salon-backend] [ool-3-thread-40] [                                                 ] o.s.data.cassandra.core.cql.CqlTemplate  : Preparing statement [INSERT INTO customers (id,name,email,phone,address,created_at,updated_at) VALUES (?,?,?,?,?,?,?)] using org.springframework.data.cassandra.core.CassandraTemplate$PreparedStatementHandler@5e10e382
2025-08-09T23:11:43.433-03:00 DEBUG 97564 --- [beauty-salon-backend] [ool-3-thread-40] [                                                 ] o.s.data.cassandra.core.cql.CqlTemplate  : Executing prepared statement [INSERT INTO customers (id,name,email,phone,address,created_at,updated_at) VALUES (?,?,?,?,?,?,?)]
2025-08-09T23:11:43.431-03:00 DEBUG 97564 --- [beauty-salon-backend] [pool-3-thread-4] [                                                 ] o.s.data.cassandra.core.cql.CqlTemplate  : Preparing statement [SELECT * FROM customers] using org.springframework.data.cassandra.core.CassandraTemplate$PreparedStatementHandler@587aeecb
2025-08-09T23:11:43.435-03:00 DEBUG 97564 --- [beauty-salon-backend] [pool-3-thread-4] [                                                 ] o.s.data.cassandra.core.cql.CqlTemplate  : Executing prepared statement [SELECT * FROM customers]
2025-08-09T23:11:43.421-03:00 DEBUG 97564 --- [beauty-salon-backend] [ool-3-thread-31] [                                                 ] o.s.d.c.c.c.MappingCassandraConverter    : doWithProperties Property.type java.time.Instant, Property.value 2025-08-10T02:11:43.403564Z
2025-08-09T23:11:43.436-03:00 DEBUG 97564 --- [beauty-salon-backend] [ool-3-thread-31] [                                                 ] o.s.d.c.c.c.MappingCassandraConverter    : Adding map.entry [updated_at] - [2025-08-10T02:11:43.403564Z]
2025-08-09T23:11:43.421-03:00 DEBUG 97564 --- [beauty-salon-backend] [ool-3-thread-29] [                                                 ] o.s.data.cassandra.core.cql.CqlTemplate  : Preparing statement [SELECT * FROM customers] using org.springframework.data.cassandra.core.CassandraTemplate$PreparedStatementHandler@7cae7c2e
2025-08-09T23:11:43.437-03:00 DEBUG 97564 --- [beauty-salon-backend] [ool-3-thread-29] [                                                 ] o.s.data.cassandra.core.cql.CqlTemplate  : Executing prepared statement [SELECT * FROM customers]
2025-08-09T23:11:43.437-03:00 DEBUG 97564 --- [beauty-salon-backend] [ool-3-thread-31] [                                                 ] o.s.data.cassandra.core.cql.CqlTemplate  : Preparing statement [INSERT INTO customers (id,name,email,phone,address,created_at,updated_at) VALUES (?,?,?,?,?,?,?)] using org.springframework.data.cassandra.core.CassandraTemplate$PreparedStatementHandler@cc6d7e0
2025-08-09T23:11:43.421-03:00 DEBUG 97564 --- [beauty-salon-backend] [ool-3-thread-46] [                                                 ] o.s.d.c.c.c.MappingCassandraConverter    : doWithProperties Property.type java.lang.String, Property.value Pool St 57
2025-08-09T23:11:43.438-03:00 DEBUG 97564 --- [beauty-salon-backend] [ool-3-thread-46] [                                                 ] o.s.d.c.c.c.MappingCassandraConverter    : Adding map.entry [address] - [Pool St 57]
2025-08-09T23:11:43.438-03:00 DEBUG 97564 --- [beauty-salon-backend] [ool-3-thread-31] [                                                 ] o.s.data.cassandra.core.cql.CqlTemplate  : Executing prepared statement [INSERT INTO customers (id,name,email,phone,address,created_at,updated_at) VALUES (?,?,?,?,?,?,?)]
2025-08-09T23:11:43.438-03:00 DEBUG 97564 --- [beauty-salon-backend] [ool-3-thread-46] [                                                 ] o.s.d.c.c.c.MappingCassandraConverter    : doWithProperties Property.type java.time.Instant, Property.value 2025-08-10T02:11:43.420610Z
2025-08-09T23:11:43.438-03:00 DEBUG 97564 --- [beauty-salon-backend] [ool-3-thread-46] [                                                 ] o.s.d.c.c.c.MappingCassandraConverter    : Adding map.entry [created_at] - [2025-08-10T02:11:43.420610Z]
2025-08-09T23:11:43.438-03:00 DEBUG 97564 --- [beauty-salon-backend] [ool-3-thread-46] [                                                 ] o.s.d.c.c.c.MappingCassandraConverter    : doWithProperties Property.type java.time.Instant, Property.value 2025-08-10T02:11:43.420611Z
2025-08-09T23:11:43.438-03:00 DEBUG 97564 --- [beauty-salon-backend] [ool-3-thread-46] [                                                 ] o.s.d.c.c.c.MappingCassandraConverter    : Adding map.entry [updated_at] - [2025-08-10T02:11:43.420611Z]
2025-08-09T23:11:43.439-03:00 DEBUG 97564 --- [beauty-salon-backend] [ool-3-thread-46] [                                                 ] o.s.data.cassandra.core.cql.CqlTemplate  : Preparing statement [INSERT INTO customers (id,name,email,phone,address,created_at,updated_at) VALUES (?,?,?,?,?,?,?)] using org.springframework.data.cassandra.core.CassandraTemplate$PreparedStatementHandler@7921a04e
2025-08-09T23:11:43.439-03:00 DEBUG 97564 --- [beauty-salon-backend] [ool-3-thread-46] [                                                 ] o.s.data.cassandra.core.cql.CqlTemplate  : Executing prepared statement [INSERT INTO customers (id,name,email,phone,address,created_at,updated_at) VALUES (?,?,?,?,?,?,?)]
2025-08-09T23:11:43.441-03:00 DEBUG 97564 --- [beauty-salon-backend] [ool-3-thread-28] [                                                 ] o.s.data.cassandra.core.cql.CqlTemplate  : Preparing statement [SELECT * FROM customers] using org.springframework.data.cassandra.core.CassandraTemplate$PreparedStatementHandler@17c0ef3a
2025-08-09T23:11:43.441-03:00 DEBUG 97564 --- [beauty-salon-backend] [ool-3-thread-28] [                                                 ] o.s.data.cassandra.core.cql.CqlTemplate  : Executing prepared statement [SELECT * FROM customers]
2025-08-09T23:11:43.421-03:00 DEBUG 97564 --- [beauty-salon-backend] [ool-3-thread-44] [                                                 ] o.s.data.cassandra.core.cql.CqlTemplate  : Executing prepared statement [SELECT * FROM customers]
2025-08-09T23:11:43.421-03:00 DEBUG 97564 --- [beauty-salon-backend] [ool-3-thread-22] [                                                 ] o.s.data.cassandra.core.cql.CqlTemplate  : Preparing statement [SELECT * FROM customers] using org.springframework.data.cassandra.core.CassandraTemplate$PreparedStatementHandler@122febec
2025-08-09T23:11:43.443-03:00 DEBUG 97564 --- [beauty-salon-backend] [ool-3-thread-22] [                                                 ] o.s.data.cassandra.core.cql.CqlTemplate  : Executing prepared statement [SELECT * FROM customers]
2025-08-09T23:11:43.421-03:00 DEBUG 97564 --- [beauty-salon-backend] [ool-3-thread-43] [                                                 ] o.s.data.cassandra.core.cql.CqlTemplate  : Executing prepared statement [SELECT * FROM customers]
2025-08-09T23:11:43.422-03:00 DEBUG 97564 --- [beauty-salon-backend] [ool-3-thread-23] [                                                 ] o.s.data.cassandra.core.cql.CqlTemplate  : Executing prepared statement [SELECT * FROM customers]
2025-08-09T23:11:43.422-03:00 DEBUG 97564 --- [beauty-salon-backend] [ool-3-thread-24] [                                                 ] o.s.data.cassandra.core.cql.CqlTemplate  : Executing prepared statement [SELECT * FROM customers]
2025-08-09T23:11:43.451-03:00 DEBUG 97564 --- [beauty-salon-backend] [ool-3-thread-34] [                                                 ] o.s.d.c.c.c.MappingCassandraConverter    : doWithProperties Property.type java.util.UUID, Property.value f3e3bb44-bb60-45f6-8547-040982671cc5
2025-08-09T23:11:43.451-03:00 DEBUG 97564 --- [beauty-salon-backend] [ool-3-thread-34] [                                                 ] o.s.d.c.c.c.MappingCassandraConverter    : Adding map.entry [id] - [f3e3bb44-bb60-45f6-8547-040982671cc5]
2025-08-09T23:11:43.451-03:00 DEBUG 97564 --- [beauty-salon-backend] [ool-3-thread-34] [                                                 ] o.s.d.c.c.c.MappingCassandraConverter    : doWithProperties Property.type java.lang.String, Property.value Pool Test 66
2025-08-09T23:11:43.451-03:00 DEBUG 97564 --- [beauty-salon-backend] [ool-3-thread-34] [                                                 ] o.s.d.c.c.c.MappingCassandraConverter    : Adding map.entry [name] - [Pool Test 66]
2025-08-09T23:11:43.451-03:00 DEBUG 97564 --- [beauty-salon-backend] [ool-3-thread-34] [                                                 ] o.s.d.c.c.c.MappingCassandraConverter    : doWithProperties Property.type java.lang.String, Property.value pool66@test.com
2025-08-09T23:11:43.451-03:00 DEBUG 97564 --- [beauty-salon-backend] [ool-3-thread-34] [                                                 ] o.s.d.c.c.c.MappingCassandraConverter    : Adding map.entry [email] - [pool66@test.com]
2025-08-09T23:11:43.451-03:00 DEBUG 97564 --- [beauty-salon-backend] [ool-3-thread-34] [                                                 ] o.s.d.c.c.c.MappingCassandraConverter    : doWithProperties Property.type java.lang.String, Property.value 5550000066
2025-08-09T23:11:43.451-03:00 DEBUG 97564 --- [beauty-salon-backend] [ool-3-thread-34] [                                                 ] o.s.d.c.c.c.MappingCassandraConverter    : Adding map.entry [phone] - [5550000066]
2025-08-09T23:11:43.451-03:00 DEBUG 97564 --- [beauty-salon-backend] [ool-3-thread-34] [                                                 ] o.s.d.c.c.c.MappingCassandraConverter    : doWithProperties Property.type java.lang.String, Property.value Pool St 66
2025-08-09T23:11:43.451-03:00 DEBUG 97564 --- [beauty-salon-backend] [ool-3-thread-34] [                                                 ] o.s.d.c.c.c.MappingCassandraConverter    : Adding map.entry [address] - [Pool St 66]
2025-08-09T23:11:43.451-03:00 DEBUG 97564 --- [beauty-salon-backend] [ool-3-thread-34] [                                                 ] o.s.d.c.c.c.MappingCassandraConverter    : doWithProperties Property.type java.time.Instant, Property.value 2025-08-10T02:11:43.449070Z
2025-08-09T23:11:43.451-03:00 DEBUG 97564 --- [beauty-salon-backend] [ool-3-thread-34] [                                                 ] o.s.d.c.c.c.MappingCassandraConverter    : Adding map.entry [created_at] - [2025-08-10T02:11:43.449070Z]
2025-08-09T23:11:43.451-03:00 DEBUG 97564 --- [beauty-salon-backend] [ool-3-thread-34] [                                                 ] o.s.d.c.c.c.MappingCassandraConverter    : doWithProperties Property.type java.time.Instant, Property.value 2025-08-10T02:11:43.449070Z
2025-08-09T23:11:43.451-03:00 DEBUG 97564 --- [beauty-salon-backend] [ool-3-thread-34] [                                                 ] o.s.d.c.c.c.MappingCassandraConverter    : Adding map.entry [updated_at] - [2025-08-10T02:11:43.449070Z]
2025-08-09T23:11:43.452-03:00 DEBUG 97564 --- [beauty-salon-backend] [ool-3-thread-34] [                                                 ] o.s.data.cassandra.core.cql.CqlTemplate  : Preparing statement [INSERT INTO customers (id,name,email,phone,address,created_at,updated_at) VALUES (?,?,?,?,?,?,?)] using org.springframework.data.cassandra.core.CassandraTemplate$PreparedStatementHandler@101a83c2
2025-08-09T23:11:43.452-03:00 DEBUG 97564 --- [beauty-salon-backend] [ool-3-thread-34] [                                                 ] o.s.data.cassandra.core.cql.CqlTemplate  : Executing prepared statement [INSERT INTO customers (id,name,email,phone,address,created_at,updated_at) VALUES (?,?,?,?,?,?,?)]
2025-08-09T23:11:43.422-03:00 DEBUG 97564 --- [beauty-salon-backend] [ool-3-thread-11] [                                                 ] o.s.data.cassandra.core.cql.CqlTemplate  : Executing prepared statement [SELECT * FROM customers]
2025-08-09T23:11:43.454-03:00 DEBUG 97564 --- [beauty-salon-backend] [ool-3-thread-46] [                                                 ] o.s.data.cassandra.core.cql.CqlTemplate  : Preparing statement [SELECT * FROM customers] using org.springframework.data.cassandra.core.CassandraTemplate$PreparedStatementHandler@48921fd1
2025-08-09T23:11:43.454-03:00 DEBUG 97564 --- [beauty-salon-backend] [ool-3-thread-40] [                                                 ] o.s.data.cassandra.core.cql.CqlTemplate  : Preparing statement [SELECT * FROM customers] using org.springframework.data.cassandra.core.CassandraTemplate$PreparedStatementHandler@6f04da6b
2025-08-09T23:11:43.454-03:00 DEBUG 97564 --- [beauty-salon-backend] [ool-3-thread-46] [                                                 ] o.s.data.cassandra.core.cql.CqlTemplate  : Executing prepared statement [SELECT * FROM customers]
2025-08-09T23:11:43.454-03:00 DEBUG 97564 --- [beauty-salon-backend] [ool-3-thread-40] [                                                 ] o.s.data.cassandra.core.cql.CqlTemplate  : Executing prepared statement [SELECT * FROM customers]
2025-08-09T23:11:43.455-03:00 DEBUG 97564 --- [beauty-salon-backend] [ool-3-thread-25] [                                                 ] o.s.d.c.c.c.MappingCassandraConverter    : doWithProperties Property.type java.util.UUID, Property.value f65cdcbd-2b9f-49c6-8dce-14cbbf877be5
2025-08-09T23:11:43.455-03:00 DEBUG 97564 --- [beauty-salon-backend] [ool-3-thread-25] [                                                 ] o.s.d.c.c.c.MappingCassandraConverter    : Adding map.entry [id] - [f65cdcbd-2b9f-49c6-8dce-14cbbf877be5]
2025-08-09T23:11:43.455-03:00 DEBUG 97564 --- [beauty-salon-backend] [ool-3-thread-25] [                                                 ] o.s.d.c.c.c.MappingCassandraConverter    : doWithProperties Property.type java.lang.String, Property.value Pool Test 69
2025-08-09T23:11:43.456-03:00 DEBUG 97564 --- [beauty-salon-backend] [ool-3-thread-25] [                                                 ] o.s.d.c.c.c.MappingCassandraConverter    : Adding map.entry [name] - [Pool Test 69]
2025-08-09T23:11:43.456-03:00 DEBUG 97564 --- [beauty-salon-backend] [ool-3-thread-25] [                                                 ] o.s.d.c.c.c.MappingCassandraConverter    : doWithProperties Property.type java.lang.String, Property.value pool69@test.com
2025-08-09T23:11:43.456-03:00 DEBUG 97564 --- [beauty-salon-backend] [ool-3-thread-25] [                                                 ] o.s.d.c.c.c.MappingCassandraConverter    : Adding map.entry [email] - [pool69@test.com]
2025-08-09T23:11:43.422-03:00 DEBUG 97564 --- [beauty-salon-backend] [ool-3-thread-41] [                                                 ] o.s.data.cassandra.core.cql.CqlTemplate  : Executing prepared statement [SELECT * FROM customers]
2025-08-09T23:11:43.422-03:00 DEBUG 97564 --- [beauty-salon-backend] [ool-3-thread-30] [                                                 ] o.s.data.cassandra.core.cql.CqlTemplate  : Executing prepared statement [SELECT * FROM customers]
2025-08-09T23:11:43.455-03:00 DEBUG 97564 --- [beauty-salon-backend] [ool-3-thread-31] [                                                 ] o.s.data.cassandra.core.cql.CqlTemplate  : Preparing statement [SELECT * FROM customers] using org.springframework.data.cassandra.core.CassandraTemplate$PreparedStatementHandler@4dfbdddb
2025-08-09T23:11:43.422-03:00 DEBUG 97564 --- [beauty-salon-backend] [ool-3-thread-26] [                                                 ] o.s.data.cassandra.core.cql.CqlTemplate  : Executing prepared statement [SELECT * FROM customers]
2025-08-09T23:11:43.456-03:00 DEBUG 97564 --- [beauty-salon-backend] [ool-3-thread-25] [                                                 ] o.s.d.c.c.c.MappingCassandraConverter    : doWithProperties Property.type java.lang.String, Property.value 5550000069
2025-08-09T23:11:43.467-03:00 DEBUG 97564 --- [beauty-salon-backend] [ool-3-thread-25] [                                                 ] o.s.d.c.c.c.MappingCassandraConverter    : Adding map.entry [phone] - [5550000069]
2025-08-09T23:11:43.467-03:00 DEBUG 97564 --- [beauty-salon-backend] [ool-3-thread-25] [                                                 ] o.s.d.c.c.c.MappingCassandraConverter    : doWithProperties Property.type java.lang.String, Property.value Pool St 69
2025-08-09T23:11:43.467-03:00 DEBUG 97564 --- [beauty-salon-backend] [ool-3-thread-25] [                                                 ] o.s.d.c.c.c.MappingCassandraConverter    : Adding map.entry [address] - [Pool St 69]
2025-08-09T23:11:43.422-03:00 DEBUG 97564 --- [beauty-salon-backend] [ool-3-thread-47] [                                                 ] o.s.data.cassandra.core.cql.CqlTemplate  : Executing prepared statement [SELECT * FROM customers]
2025-08-09T23:11:43.467-03:00 DEBUG 97564 --- [beauty-salon-backend] [ool-3-thread-25] [                                                 ] o.s.d.c.c.c.MappingCassandraConverter    : doWithProperties Property.type java.time.Instant, Property.value 2025-08-10T02:11:43.455766Z
2025-08-09T23:11:43.467-03:00 DEBUG 97564 --- [beauty-salon-backend] [ool-3-thread-25] [                                                 ] o.s.d.c.c.c.MappingCassandraConverter    : Adding map.entry [created_at] - [2025-08-10T02:11:43.455766Z]
2025-08-09T23:11:43.467-03:00 DEBUG 97564 --- [beauty-salon-backend] [ool-3-thread-25] [                                                 ] o.s.d.c.c.c.MappingCassandraConverter    : doWithProperties Property.type java.time.Instant, Property.value 2025-08-10T02:11:43.455766Z
2025-08-09T23:11:43.467-03:00 DEBUG 97564 --- [beauty-salon-backend] [ool-3-thread-25] [                                                 ] o.s.d.c.c.c.MappingCassandraConverter    : Adding map.entry [updated_at] - [2025-08-10T02:11:43.455766Z]
2025-08-09T23:11:43.468-03:00 DEBUG 97564 --- [beauty-salon-backend] [ool-3-thread-25] [                                                 ] o.s.data.cassandra.core.cql.CqlTemplate  : Preparing statement [INSERT INTO customers (id,name,email,phone,address,created_at,updated_at) VALUES (?,?,?,?,?,?,?)] using org.springframework.data.cassandra.core.CassandraTemplate$PreparedStatementHandler@7d5ca0fa
2025-08-09T23:11:43.422-03:00 DEBUG 97564 --- [beauty-salon-backend] [ool-3-thread-37] [                                                 ] o.s.data.cassandra.core.cql.CqlTemplate  : Executing prepared statement [SELECT * FROM customers]
2025-08-09T23:11:43.422-03:00 DEBUG 97564 --- [beauty-salon-backend] [ool-3-thread-13] [                                                 ] o.s.d.c.c.c.MappingCassandraConverter    : doWithProperties Property.type java.lang.String, Property.value pool54@test.com
2025-08-09T23:11:43.469-03:00 DEBUG 97564 --- [beauty-salon-backend] [ool-3-thread-13] [                                                 ] o.s.d.c.c.c.MappingCassandraConverter    : Adding map.entry [email] - [pool54@test.com]
2025-08-09T23:11:43.469-03:00 DEBUG 97564 --- [beauty-salon-backend] [ool-3-thread-13] [                                                 ] o.s.d.c.c.c.MappingCassandraConverter    : doWithProperties Property.type java.lang.String, Property.value 5550000054
2025-08-09T23:11:43.469-03:00 DEBUG 97564 --- [beauty-salon-backend] [ool-3-thread-13] [                                                 ] o.s.d.c.c.c.MappingCassandraConverter    : Adding map.entry [phone] - [5550000054]
2025-08-09T23:11:43.469-03:00 DEBUG 97564 --- [beauty-salon-backend] [ool-3-thread-13] [                                                 ] o.s.d.c.c.c.MappingCassandraConverter    : doWithProperties Property.type java.lang.String, Property.value Pool St 54
2025-08-09T23:11:43.469-03:00 DEBUG 97564 --- [beauty-salon-backend] [ool-3-thread-13] [                                                 ] o.s.d.c.c.c.MappingCassandraConverter    : Adding map.entry [address] - [Pool St 54]
2025-08-09T23:11:43.470-03:00 DEBUG 97564 --- [beauty-salon-backend] [ool-3-thread-13] [                                                 ] o.s.d.c.c.c.MappingCassandraConverter    : doWithProperties Property.type java.time.Instant, Property.value 2025-08-10T02:11:43.416091Z
2025-08-09T23:11:43.470-03:00 DEBUG 97564 --- [beauty-salon-backend] [ool-3-thread-13] [                                                 ] o.s.d.c.c.c.MappingCassandraConverter    : Adding map.entry [created_at] - [2025-08-10T02:11:43.416091Z]
2025-08-09T23:11:43.423-03:00 DEBUG 97564 --- [beauty-salon-backend] [ool-3-thread-36] [                                                 ] o.s.data.cassandra.core.cql.CqlTemplate  : Executing prepared statement [SELECT * FROM customers]
2025-08-09T23:11:43.470-03:00 DEBUG 97564 --- [beauty-salon-backend] [ool-3-thread-13] [                                                 ] o.s.d.c.c.c.MappingCassandraConverter    : doWithProperties Property.type java.time.Instant, Property.value 2025-08-10T02:11:43.416092Z
2025-08-09T23:11:43.470-03:00 DEBUG 97564 --- [beauty-salon-backend] [ool-3-thread-13] [                                                 ] o.s.d.c.c.c.MappingCassandraConverter    : Adding map.entry [updated_at] - [2025-08-10T02:11:43.416092Z]
2025-08-09T23:11:43.470-03:00 DEBUG 97564 --- [beauty-salon-backend] [ool-3-thread-13] [                                                 ] o.s.data.cassandra.core.cql.CqlTemplate  : Preparing statement [INSERT INTO customers (id,name,email,phone,address,created_at,updated_at) VALUES (?,?,?,?,?,?,?)] using org.springframework.data.cassandra.core.CassandraTemplate$PreparedStatementHandler@173f61eb
2025-08-09T23:11:43.423-03:00 DEBUG 97564 --- [beauty-salon-backend] [ool-3-thread-20] [                                                 ] o.s.data.cassandra.core.cql.CqlTemplate  : Executing prepared statement [SELECT * FROM customers]
2025-08-09T23:11:43.428-03:00 DEBUG 97564 --- [beauty-salon-backend] [pool-3-thread-2] [                                                 ] o.s.data.cassandra.core.cql.CqlTemplate  : Executing prepared statement [SELECT * FROM customers]
2025-08-09T23:11:43.428-03:00 DEBUG 97564 --- [beauty-salon-backend] [ool-3-thread-48] [                                                 ] o.s.data.cassandra.core.cql.CqlTemplate  : Executing prepared statement [SELECT * FROM customers]
2025-08-09T23:11:43.477-03:00 DEBUG 97564 --- [beauty-salon-backend] [ool-3-thread-13] [                                                 ] o.s.data.cassandra.core.cql.CqlTemplate  : Executing prepared statement [INSERT INTO customers (id,name,email,phone,address,created_at,updated_at) VALUES (?,?,?,?,?,?,?)]
2025-08-09T23:11:43.478-03:00 DEBUG 97564 --- [beauty-salon-backend] [ool-3-thread-31] [                                                 ] o.s.data.cassandra.core.cql.CqlTemplate  : Executing prepared statement [SELECT * FROM customers]
2025-08-09T23:11:43.429-03:00 DEBUG 97564 --- [beauty-salon-backend] [ool-3-thread-27] [                                                 ] o.s.data.cassandra.core.cql.CqlTemplate  : Executing prepared statement [SELECT * FROM customers]
2025-08-09T23:11:43.443-03:00 DEBUG 97564 --- [beauty-salon-backend] [ool-3-thread-49] [                                                 ] o.s.data.cassandra.core.cql.CqlTemplate  : Preparing statement [SELECT * FROM customers] using org.springframework.data.cassandra.core.CassandraTemplate$PreparedStatementHandler@7d093dcb
2025-08-09T23:11:43.478-03:00 DEBUG 97564 --- [beauty-salon-backend] [ool-3-thread-49] [                                                 ] o.s.data.cassandra.core.cql.CqlTemplate  : Executing prepared statement [SELECT * FROM customers]
2025-08-09T23:11:43.477-03:00 DEBUG 97564 --- [beauty-salon-backend] [ool-3-thread-25] [                                                 ] o.s.data.cassandra.core.cql.CqlTemplate  : Executing prepared statement [INSERT INTO customers (id,name,email,phone,address,created_at,updated_at) VALUES (?,?,?,?,?,?,?)]
2025-08-09T23:11:43.481-03:00 DEBUG 97564 --- [beauty-salon-backend] [ool-3-thread-34] [                                                 ] o.s.data.cassandra.core.cql.CqlTemplate  : Preparing statement [SELECT * FROM customers] using org.springframework.data.cassandra.core.CassandraTemplate$PreparedStatementHandler@415e5b4d
2025-08-09T23:11:43.481-03:00 DEBUG 97564 --- [beauty-salon-backend] [ool-3-thread-34] [                                                 ] o.s.data.cassandra.core.cql.CqlTemplate  : Executing prepared statement [SELECT * FROM customers]
2025-08-09T23:11:43.494-03:00 DEBUG 97564 --- [beauty-salon-backend] [ool-3-thread-14] [                                                 ] o.s.d.c.c.c.MappingCassandraConverter    : doWithProperties Property.type java.util.UUID, Property.value 1c34c28f-e312-4b24-9254-01437588eb31
2025-08-09T23:11:43.494-03:00 DEBUG 97564 --- [beauty-salon-backend] [ool-3-thread-14] [                                                 ] o.s.d.c.c.c.MappingCassandraConverter    : Adding map.entry [id] - [1c34c28f-e312-4b24-9254-01437588eb31]
2025-08-09T23:11:43.494-03:00 DEBUG 97564 --- [beauty-salon-backend] [ool-3-thread-14] [                                                 ] o.s.d.c.c.c.MappingCassandraConverter    : doWithProperties Property.type java.lang.String, Property.value Pool Test 75
2025-08-09T23:11:43.494-03:00 DEBUG 97564 --- [beauty-salon-backend] [ool-3-thread-14] [                                                 ] o.s.d.c.c.c.MappingCassandraConverter    : Adding map.entry [name] - [Pool Test 75]
2025-08-09T23:11:43.494-03:00 DEBUG 97564 --- [beauty-salon-backend] [ool-3-thread-14] [                                                 ] o.s.d.c.c.c.MappingCassandraConverter    : doWithProperties Property.type java.lang.String, Property.value pool75@test.com
2025-08-09T23:11:43.494-03:00 DEBUG 97564 --- [beauty-salon-backend] [ool-3-thread-14] [                                                 ] o.s.d.c.c.c.MappingCassandraConverter    : Adding map.entry [email] - [pool75@test.com]
2025-08-09T23:11:43.494-03:00 DEBUG 97564 --- [beauty-salon-backend] [ool-3-thread-14] [                                                 ] o.s.d.c.c.c.MappingCassandraConverter    : doWithProperties Property.type java.lang.String, Property.value 5550000075
2025-08-09T23:11:43.494-03:00 DEBUG 97564 --- [beauty-salon-backend] [ool-3-thread-14] [                                                 ] o.s.d.c.c.c.MappingCassandraConverter    : Adding map.entry [phone] - [5550000075]
2025-08-09T23:11:43.494-03:00 DEBUG 97564 --- [beauty-salon-backend] [ool-3-thread-14] [                                                 ] o.s.d.c.c.c.MappingCassandraConverter    : doWithProperties Property.type java.lang.String, Property.value Pool St 75
2025-08-09T23:11:43.494-03:00 DEBUG 97564 --- [beauty-salon-backend] [ool-3-thread-14] [                                                 ] o.s.d.c.c.c.MappingCassandraConverter    : Adding map.entry [address] - [Pool St 75]
2025-08-09T23:11:43.494-03:00 DEBUG 97564 --- [beauty-salon-backend] [ool-3-thread-14] [                                                 ] o.s.d.c.c.c.MappingCassandraConverter    : doWithProperties Property.type java.time.Instant, Property.value 2025-08-10T02:11:43.494101Z
2025-08-09T23:11:43.494-03:00 DEBUG 97564 --- [beauty-salon-backend] [ool-3-thread-14] [                                                 ] o.s.d.c.c.c.MappingCassandraConverter    : Adding map.entry [created_at] - [2025-08-10T02:11:43.494101Z]
2025-08-09T23:11:43.494-03:00 DEBUG 97564 --- [beauty-salon-backend] [ool-3-thread-14] [                                                 ] o.s.d.c.c.c.MappingCassandraConverter    : doWithProperties Property.type java.time.Instant, Property.value 2025-08-10T02:11:43.494101Z
2025-08-09T23:11:43.494-03:00 DEBUG 97564 --- [beauty-salon-backend] [ool-3-thread-14] [                                                 ] o.s.d.c.c.c.MappingCassandraConverter    : Adding map.entry [updated_at] - [2025-08-10T02:11:43.494101Z]
2025-08-09T23:11:43.494-03:00 DEBUG 97564 --- [beauty-salon-backend] [ool-3-thread-14] [                                                 ] o.s.data.cassandra.core.cql.CqlTemplate  : Preparing statement [INSERT INTO customers (id,name,email,phone,address,created_at,updated_at) VALUES (?,?,?,?,?,?,?)] using org.springframework.data.cassandra.core.CassandraTemplate$PreparedStatementHandler@3b4c0a51
2025-08-09T23:11:43.494-03:00 DEBUG 97564 --- [beauty-salon-backend] [ool-3-thread-14] [                                                 ] o.s.data.cassandra.core.cql.CqlTemplate  : Executing prepared statement [INSERT INTO customers (id,name,email,phone,address,created_at,updated_at) VALUES (?,?,?,?,?,?,?)]
2025-08-09T23:11:43.497-03:00 DEBUG 97564 --- [beauty-salon-backend] [ool-3-thread-29] [                                                 ] o.s.d.c.c.c.MappingCassandraConverter    : doWithProperties Property.type java.util.UUID, Property.value 7f485472-015a-41b2-aeca-07a478dcd998
2025-08-09T23:11:43.497-03:00 DEBUG 97564 --- [beauty-salon-backend] [ool-3-thread-29] [                                                 ] o.s.d.c.c.c.MappingCassandraConverter    : Adding map.entry [id] - [7f485472-015a-41b2-aeca-07a478dcd998]
2025-08-09T23:11:43.498-03:00 DEBUG 97564 --- [beauty-salon-backend] [ool-3-thread-29] [                                                 ] o.s.d.c.c.c.MappingCassandraConverter    : doWithProperties Property.type java.lang.String, Property.value Pool Test 72
2025-08-09T23:11:43.498-03:00 DEBUG 97564 --- [beauty-salon-backend] [ool-3-thread-29] [                                                 ] o.s.d.c.c.c.MappingCassandraConverter    : Adding map.entry [name] - [Pool Test 72]
2025-08-09T23:11:43.498-03:00 DEBUG 97564 --- [beauty-salon-backend] [ool-3-thread-29] [                                                 ] o.s.d.c.c.c.MappingCassandraConverter    : doWithProperties Property.type java.lang.String, Property.value pool72@test.com
2025-08-09T23:11:43.498-03:00 DEBUG 97564 --- [beauty-salon-backend] [ool-3-thread-29] [                                                 ] o.s.d.c.c.c.MappingCassandraConverter    : Adding map.entry [email] - [pool72@test.com]
2025-08-09T23:11:43.498-03:00 DEBUG 97564 --- [beauty-salon-backend] [ool-3-thread-29] [                                                 ] o.s.d.c.c.c.MappingCassandraConverter    : doWithProperties Property.type java.lang.String, Property.value 5550000072
2025-08-09T23:11:43.498-03:00 DEBUG 97564 --- [beauty-salon-backend] [ool-3-thread-29] [                                                 ] o.s.d.c.c.c.MappingCassandraConverter    : Adding map.entry [phone] - [5550000072]
2025-08-09T23:11:43.498-03:00 DEBUG 97564 --- [beauty-salon-backend] [ool-3-thread-29] [                                                 ] o.s.d.c.c.c.MappingCassandraConverter    : doWithProperties Property.type java.lang.String, Property.value Pool St 72
2025-08-09T23:11:43.498-03:00 DEBUG 97564 --- [beauty-salon-backend] [ool-3-thread-29] [                                                 ] o.s.d.c.c.c.MappingCassandraConverter    : Adding map.entry [address] - [Pool St 72]
2025-08-09T23:11:43.498-03:00 DEBUG 97564 --- [beauty-salon-backend] [ool-3-thread-29] [                                                 ] o.s.d.c.c.c.MappingCassandraConverter    : doWithProperties Property.type java.time.Instant, Property.value 2025-08-10T02:11:43.497769Z
2025-08-09T23:11:43.498-03:00 DEBUG 97564 --- [beauty-salon-backend] [ool-3-thread-29] [                                                 ] o.s.d.c.c.c.MappingCassandraConverter    : Adding map.entry [created_at] - [2025-08-10T02:11:43.497769Z]
2025-08-09T23:11:43.499-03:00 DEBUG 97564 --- [beauty-salon-backend] [ool-3-thread-29] [                                                 ] o.s.d.c.c.c.MappingCassandraConverter    : doWithProperties Property.type java.time.Instant, Property.value 2025-08-10T02:11:43.497769Z
2025-08-09T23:11:43.499-03:00 DEBUG 97564 --- [beauty-salon-backend] [ool-3-thread-29] [                                                 ] o.s.d.c.c.c.MappingCassandraConverter    : Adding map.entry [updated_at] - [2025-08-10T02:11:43.497769Z]
2025-08-09T23:11:43.499-03:00 DEBUG 97564 --- [beauty-salon-backend] [ool-3-thread-29] [                                                 ] o.s.data.cassandra.core.cql.CqlTemplate  : Preparing statement [INSERT INTO customers (id,name,email,phone,address,created_at,updated_at) VALUES (?,?,?,?,?,?,?)] using org.springframework.data.cassandra.core.CassandraTemplate$PreparedStatementHandler@cbcc229
2025-08-09T23:11:43.499-03:00 DEBUG 97564 --- [beauty-salon-backend] [ool-3-thread-29] [                                                 ] o.s.data.cassandra.core.cql.CqlTemplate  : Executing prepared statement [INSERT INTO customers (id,name,email,phone,address,created_at,updated_at) VALUES (?,?,?,?,?,?,?)]
2025-08-09T23:11:43.500-03:00 DEBUG 97564 --- [beauty-salon-backend] [ool-3-thread-21] [                                                 ] o.s.d.c.c.c.MappingCassandraConverter    : doWithProperties Property.type java.util.UUID, Property.value 07504bef-78ba-4280-aea6-cf1b6a01c707
2025-08-09T23:11:43.500-03:00 DEBUG 97564 --- [beauty-salon-backend] [ool-3-thread-21] [                                                 ] o.s.d.c.c.c.MappingCassandraConverter    : Adding map.entry [id] - [07504bef-78ba-4280-aea6-cf1b6a01c707]
2025-08-09T23:11:43.500-03:00 DEBUG 97564 --- [beauty-salon-backend] [ool-3-thread-21] [                                                 ] o.s.d.c.c.c.MappingCassandraConverter    : doWithProperties Property.type java.lang.String, Property.value Pool Test 81
2025-08-09T23:11:43.501-03:00 DEBUG 97564 --- [beauty-salon-backend] [ool-3-thread-21] [                                                 ] o.s.d.c.c.c.MappingCassandraConverter    : Adding map.entry [name] - [Pool Test 81]
2025-08-09T23:11:43.501-03:00 DEBUG 97564 --- [beauty-salon-backend] [ool-3-thread-21] [                                                 ] o.s.d.c.c.c.MappingCassandraConverter    : doWithProperties Property.type java.lang.String, Property.value pool81@test.com
2025-08-09T23:11:43.501-03:00 DEBUG 97564 --- [beauty-salon-backend] [ool-3-thread-21] [                                                 ] o.s.d.c.c.c.MappingCassandraConverter    : Adding map.entry [email] - [pool81@test.com]
2025-08-09T23:11:43.501-03:00 DEBUG 97564 --- [beauty-salon-backend] [ool-3-thread-21] [                                                 ] o.s.d.c.c.c.MappingCassandraConverter    : doWithProperties Property.type java.lang.String, Property.value 5550000081
2025-08-09T23:11:43.501-03:00 DEBUG 97564 --- [beauty-salon-backend] [ool-3-thread-21] [                                                 ] o.s.d.c.c.c.MappingCassandraConverter    : Adding map.entry [phone] - [5550000081]
2025-08-09T23:11:43.501-03:00 DEBUG 97564 --- [beauty-salon-backend] [ool-3-thread-21] [                                                 ] o.s.d.c.c.c.MappingCassandraConverter    : doWithProperties Property.type java.lang.String, Property.value Pool St 81
2025-08-09T23:11:43.501-03:00 DEBUG 97564 --- [beauty-salon-backend] [ool-3-thread-21] [                                                 ] o.s.d.c.c.c.MappingCassandraConverter    : Adding map.entry [address] - [Pool St 81]
2025-08-09T23:11:43.501-03:00 DEBUG 97564 --- [beauty-salon-backend] [ool-3-thread-21] [                                                 ] o.s.d.c.c.c.MappingCassandraConverter    : doWithProperties Property.type java.time.Instant, Property.value 2025-08-10T02:11:43.500765Z
2025-08-09T23:11:43.501-03:00 DEBUG 97564 --- [beauty-salon-backend] [ool-3-thread-21] [                                                 ] o.s.d.c.c.c.MappingCassandraConverter    : Adding map.entry [created_at] - [2025-08-10T02:11:43.500765Z]
2025-08-09T23:11:43.501-03:00 DEBUG 97564 --- [beauty-salon-backend] [ool-3-thread-21] [                                                 ] o.s.d.c.c.c.MappingCassandraConverter    : doWithProperties Property.type java.time.Instant, Property.value 2025-08-10T02:11:43.500766Z
2025-08-09T23:11:43.501-03:00 DEBUG 97564 --- [beauty-salon-backend] [ool-3-thread-21] [                                                 ] o.s.d.c.c.c.MappingCassandraConverter    : Adding map.entry [updated_at] - [2025-08-10T02:11:43.500766Z]
2025-08-09T23:11:43.501-03:00 DEBUG 97564 --- [beauty-salon-backend] [ool-3-thread-21] [                                                 ] o.s.data.cassandra.core.cql.CqlTemplate  : Preparing statement [INSERT INTO customers (id,name,email,phone,address,created_at,updated_at) VALUES (?,?,?,?,?,?,?)] using org.springframework.data.cassandra.core.CassandraTemplate$PreparedStatementHandler@f2c3d19
2025-08-09T23:11:43.501-03:00 DEBUG 97564 --- [beauty-salon-backend] [ool-3-thread-21] [                                                 ] o.s.data.cassandra.core.cql.CqlTemplate  : Executing prepared statement [INSERT INTO customers (id,name,email,phone,address,created_at,updated_at) VALUES (?,?,?,?,?,?,?)]
2025-08-09T23:11:43.501-03:00 DEBUG 97564 --- [beauty-salon-backend] [ool-3-thread-14] [                                                 ] o.s.data.cassandra.core.cql.CqlTemplate  : Preparing statement [SELECT * FROM customers] using org.springframework.data.cassandra.core.CassandraTemplate$PreparedStatementHandler@43c853ca
2025-08-09T23:11:43.501-03:00 DEBUG 97564 --- [beauty-salon-backend] [ool-3-thread-14] [                                                 ] o.s.data.cassandra.core.cql.CqlTemplate  : Executing prepared statement [SELECT * FROM customers]
2025-08-09T23:11:43.501-03:00 DEBUG 97564 --- [beauty-salon-backend] [ool-3-thread-13] [                                                 ] o.s.d.c.c.c.MappingCassandraConverter    : doWithProperties Property.type java.util.UUID, Property.value e3880bd6-88a6-447c-aa91-1b821dec08c0
2025-08-09T23:11:43.502-03:00 DEBUG 97564 --- [beauty-salon-backend] [ool-3-thread-13] [                                                 ] o.s.d.c.c.c.MappingCassandraConverter    : Adding map.entry [id] - [e3880bd6-88a6-447c-aa91-1b821dec08c0]
2025-08-09T23:11:43.502-03:00 DEBUG 97564 --- [beauty-salon-backend] [ool-3-thread-13] [                                                 ] o.s.d.c.c.c.MappingCassandraConverter    : doWithProperties Property.type java.lang.String, Property.value Pool Test 78
2025-08-09T23:11:43.502-03:00 DEBUG 97564 --- [beauty-salon-backend] [ool-3-thread-13] [                                                 ] o.s.d.c.c.c.MappingCassandraConverter    : Adding map.entry [name] - [Pool Test 78]
2025-08-09T23:11:43.502-03:00 DEBUG 97564 --- [beauty-salon-backend] [ool-3-thread-13] [                                                 ] o.s.d.c.c.c.MappingCassandraConverter    : doWithProperties Property.type java.lang.String, Property.value pool78@test.com
2025-08-09T23:11:43.502-03:00 DEBUG 97564 --- [beauty-salon-backend] [ool-3-thread-13] [                                                 ] o.s.d.c.c.c.MappingCassandraConverter    : Adding map.entry [email] - [pool78@test.com]
2025-08-09T23:11:43.502-03:00 DEBUG 97564 --- [beauty-salon-backend] [ool-3-thread-13] [                                                 ] o.s.d.c.c.c.MappingCassandraConverter    : doWithProperties Property.type java.lang.String, Property.value 5550000078
2025-08-09T23:11:43.502-03:00 DEBUG 97564 --- [beauty-salon-backend] [ool-3-thread-13] [                                                 ] o.s.d.c.c.c.MappingCassandraConverter    : Adding map.entry [phone] - [5550000078]
2025-08-09T23:11:43.502-03:00 DEBUG 97564 --- [beauty-salon-backend] [ool-3-thread-13] [                                                 ] o.s.d.c.c.c.MappingCassandraConverter    : doWithProperties Property.type java.lang.String, Property.value Pool St 78
2025-08-09T23:11:43.502-03:00 DEBUG 97564 --- [beauty-salon-backend] [ool-3-thread-13] [                                                 ] o.s.d.c.c.c.MappingCassandraConverter    : Adding map.entry [address] - [Pool St 78]
2025-08-09T23:11:43.502-03:00 DEBUG 97564 --- [beauty-salon-backend] [ool-3-thread-13] [                                                 ] o.s.d.c.c.c.MappingCassandraConverter    : doWithProperties Property.type java.time.Instant, Property.value 2025-08-10T02:11:43.501930Z
2025-08-09T23:11:43.502-03:00 DEBUG 97564 --- [beauty-salon-backend] [ool-3-thread-13] [                                                 ] o.s.d.c.c.c.MappingCassandraConverter    : Adding map.entry [created_at] - [2025-08-10T02:11:43.501930Z]
2025-08-09T23:11:43.502-03:00 DEBUG 97564 --- [beauty-salon-backend] [ool-3-thread-13] [                                                 ] o.s.d.c.c.c.MappingCassandraConverter    : doWithProperties Property.type java.time.Instant, Property.value 2025-08-10T02:11:43.501930Z
2025-08-09T23:11:43.502-03:00 DEBUG 97564 --- [beauty-salon-backend] [ool-3-thread-13] [                                                 ] o.s.d.c.c.c.MappingCassandraConverter    : Adding map.entry [updated_at] - [2025-08-10T02:11:43.501930Z]
2025-08-09T23:11:43.502-03:00 DEBUG 97564 --- [beauty-salon-backend] [ool-3-thread-13] [                                                 ] o.s.data.cassandra.core.cql.CqlTemplate  : Preparing statement [INSERT INTO customers (id,name,email,phone,address,created_at,updated_at) VALUES (?,?,?,?,?,?,?)] using org.springframework.data.cassandra.core.CassandraTemplate$PreparedStatementHandler@77109ea4
2025-08-09T23:11:43.502-03:00 DEBUG 97564 --- [beauty-salon-backend] [ool-3-thread-13] [                                                 ] o.s.data.cassandra.core.cql.CqlTemplate  : Executing prepared statement [INSERT INTO customers (id,name,email,phone,address,created_at,updated_at) VALUES (?,?,?,?,?,?,?)]
2025-08-09T23:11:43.503-03:00 DEBUG 97564 --- [beauty-salon-backend] [ool-3-thread-25] [                                                 ] o.s.data.cassandra.core.cql.CqlTemplate  : Preparing statement [SELECT * FROM customers] using org.springframework.data.cassandra.core.CassandraTemplate$PreparedStatementHandler@1144721c
2025-08-09T23:11:43.503-03:00 DEBUG 97564 --- [beauty-salon-backend] [ool-3-thread-25] [                                                 ] o.s.data.cassandra.core.cql.CqlTemplate  : Executing prepared statement [SELECT * FROM customers]
2025-08-09T23:11:43.506-03:00 DEBUG 97564 --- [beauty-salon-backend] [ool-3-thread-35] [                                                 ] o.s.data.cassandra.core.cql.CqlTemplate  : Preparing statement [SELECT * FROM customers] using org.springframework.data.cassandra.core.CassandraTemplate$PreparedStatementHandler@fb86be
2025-08-09T23:11:43.506-03:00 DEBUG 97564 --- [beauty-salon-backend] [ool-3-thread-35] [                                                 ] o.s.data.cassandra.core.cql.CqlTemplate  : Executing prepared statement [SELECT * FROM customers]
2025-08-09T23:11:43.506-03:00 DEBUG 97564 --- [beauty-salon-backend] [ool-3-thread-29] [                                                 ] o.s.d.c.c.c.MappingCassandraConverter    : doWithProperties Property.type java.util.UUID, Property.value c927cef0-afed-42d5-8c41-a434d1fca4d3
2025-08-09T23:11:43.506-03:00 DEBUG 97564 --- [beauty-salon-backend] [ool-3-thread-29] [                                                 ] o.s.d.c.c.c.MappingCassandraConverter    : Adding map.entry [id] - [c927cef0-afed-42d5-8c41-a434d1fca4d3]
2025-08-09T23:11:43.506-03:00 DEBUG 97564 --- [beauty-salon-backend] [ool-3-thread-29] [                                                 ] o.s.d.c.c.c.MappingCassandraConverter    : doWithProperties Property.type java.lang.String, Property.value Pool Test 84
2025-08-09T23:11:43.506-03:00 DEBUG 97564 --- [beauty-salon-backend] [ool-3-thread-29] [                                                 ] o.s.d.c.c.c.MappingCassandraConverter    : Adding map.entry [name] - [Pool Test 84]
2025-08-09T23:11:43.506-03:00 DEBUG 97564 --- [beauty-salon-backend] [ool-3-thread-29] [                                                 ] o.s.d.c.c.c.MappingCassandraConverter    : doWithProperties Property.type java.lang.String, Property.value pool84@test.com
2025-08-09T23:11:43.506-03:00 DEBUG 97564 --- [beauty-salon-backend] [ool-3-thread-29] [                                                 ] o.s.d.c.c.c.MappingCassandraConverter    : Adding map.entry [email] - [pool84@test.com]
2025-08-09T23:11:43.506-03:00 DEBUG 97564 --- [beauty-salon-backend] [ool-3-thread-29] [                                                 ] o.s.d.c.c.c.MappingCassandraConverter    : doWithProperties Property.type java.lang.String, Property.value 5550000084
2025-08-09T23:11:43.506-03:00 DEBUG 97564 --- [beauty-salon-backend] [ool-3-thread-29] [                                                 ] o.s.d.c.c.c.MappingCassandraConverter    : Adding map.entry [phone] - [5550000084]
2025-08-09T23:11:43.507-03:00 DEBUG 97564 --- [beauty-salon-backend] [ool-3-thread-29] [                                                 ] o.s.d.c.c.c.MappingCassandraConverter    : doWithProperties Property.type java.lang.String, Property.value Pool St 84
2025-08-09T23:11:43.507-03:00 DEBUG 97564 --- [beauty-salon-backend] [ool-3-thread-29] [                                                 ] o.s.d.c.c.c.MappingCassandraConverter    : Adding map.entry [address] - [Pool St 84]
2025-08-09T23:11:43.507-03:00 DEBUG 97564 --- [beauty-salon-backend] [ool-3-thread-29] [                                                 ] o.s.d.c.c.c.MappingCassandraConverter    : doWithProperties Property.type java.time.Instant, Property.value 2025-08-10T02:11:43.506714Z
2025-08-09T23:11:43.507-03:00 DEBUG 97564 --- [beauty-salon-backend] [ool-3-thread-29] [                                                 ] o.s.d.c.c.c.MappingCassandraConverter    : Adding map.entry [created_at] - [2025-08-10T02:11:43.506714Z]
2025-08-09T23:11:43.507-03:00 DEBUG 97564 --- [beauty-salon-backend] [ool-3-thread-29] [                                                 ] o.s.d.c.c.c.MappingCassandraConverter    : doWithProperties Property.type java.time.Instant, Property.value 2025-08-10T02:11:43.506714Z
2025-08-09T23:11:43.507-03:00 DEBUG 97564 --- [beauty-salon-backend] [ool-3-thread-29] [                                                 ] o.s.d.c.c.c.MappingCassandraConverter    : Adding map.entry [updated_at] - [2025-08-10T02:11:43.506714Z]
2025-08-09T23:11:43.507-03:00 DEBUG 97564 --- [beauty-salon-backend] [ool-3-thread-50] [                                                 ] o.s.data.cassandra.core.cql.CqlTemplate  : Preparing statement [SELECT * FROM customers] using org.springframework.data.cassandra.core.CassandraTemplate$PreparedStatementHandler@7f943ddd
2025-08-09T23:11:43.507-03:00 DEBUG 97564 --- [beauty-salon-backend] [ool-3-thread-29] [                                                 ] o.s.data.cassandra.core.cql.CqlTemplate  : Preparing statement [INSERT INTO customers (id,name,email,phone,address,created_at,updated_at) VALUES (?,?,?,?,?,?,?)] using org.springframework.data.cassandra.core.CassandraTemplate$PreparedStatementHandler@3da4756
2025-08-09T23:11:43.507-03:00 DEBUG 97564 --- [beauty-salon-backend] [ool-3-thread-29] [                                                 ] o.s.data.cassandra.core.cql.CqlTemplate  : Executing prepared statement [INSERT INTO customers (id,name,email,phone,address,created_at,updated_at) VALUES (?,?,?,?,?,?,?)]
2025-08-09T23:11:43.507-03:00 DEBUG 97564 --- [beauty-salon-backend] [ool-3-thread-50] [                                                 ] o.s.data.cassandra.core.cql.CqlTemplate  : Executing prepared statement [SELECT * FROM customers]
2025-08-09T23:11:43.507-03:00 DEBUG 97564 --- [beauty-salon-backend] [pool-3-thread-8] [                                                 ] o.s.data.cassandra.core.cql.CqlTemplate  : Preparing statement [SELECT * FROM customers] using org.springframework.data.cassandra.core.CassandraTemplate$PreparedStatementHandler@687f0f9
2025-08-09T23:11:43.507-03:00 DEBUG 97564 --- [beauty-salon-backend] [pool-3-thread-8] [                                                 ] o.s.data.cassandra.core.cql.CqlTemplate  : Executing prepared statement [SELECT * FROM customers]
2025-08-09T23:11:43.507-03:00 DEBUG 97564 --- [beauty-salon-backend] [ool-3-thread-13] [                                                 ] o.s.data.cassandra.core.cql.CqlTemplate  : Preparing statement [SELECT * FROM customers] using org.springframework.data.cassandra.core.CassandraTemplate$PreparedStatementHandler@7fdbd10e
2025-08-09T23:11:43.507-03:00 DEBUG 97564 --- [beauty-salon-backend] [ool-3-thread-13] [                                                 ] o.s.data.cassandra.core.cql.CqlTemplate  : Executing prepared statement [SELECT * FROM customers]
2025-08-09T23:11:43.514-03:00 DEBUG 97564 --- [beauty-salon-backend] [pool-3-thread-3] [                                                 ] o.s.d.c.c.c.MappingCassandraConverter    : doWithProperties Property.type java.util.UUID, Property.value 110d4c0a-11b2-4b5d-b4c3-1d30d9c7697c
2025-08-09T23:11:43.514-03:00 DEBUG 97564 --- [beauty-salon-backend] [pool-3-thread-3] [                                                 ] o.s.d.c.c.c.MappingCassandraConverter    : Adding map.entry [id] - [110d4c0a-11b2-4b5d-b4c3-1d30d9c7697c]
2025-08-09T23:11:43.514-03:00 DEBUG 97564 --- [beauty-salon-backend] [pool-3-thread-3] [                                                 ] o.s.d.c.c.c.MappingCassandraConverter    : doWithProperties Property.type java.lang.String, Property.value Pool Test 90
2025-08-09T23:11:43.514-03:00 DEBUG 97564 --- [beauty-salon-backend] [pool-3-thread-3] [                                                 ] o.s.d.c.c.c.MappingCassandraConverter    : Adding map.entry [name] - [Pool Test 90]
2025-08-09T23:11:43.514-03:00 DEBUG 97564 --- [beauty-salon-backend] [pool-3-thread-3] [                                                 ] o.s.d.c.c.c.MappingCassandraConverter    : doWithProperties Property.type java.lang.String, Property.value pool90@test.com
2025-08-09T23:11:43.514-03:00 DEBUG 97564 --- [beauty-salon-backend] [pool-3-thread-3] [                                                 ] o.s.d.c.c.c.MappingCassandraConverter    : Adding map.entry [email] - [pool90@test.com]
2025-08-09T23:11:43.514-03:00 DEBUG 97564 --- [beauty-salon-backend] [pool-3-thread-3] [                                                 ] o.s.d.c.c.c.MappingCassandraConverter    : doWithProperties Property.type java.lang.String, Property.value 5550000090
2025-08-09T23:11:43.514-03:00 DEBUG 97564 --- [beauty-salon-backend] [pool-3-thread-3] [                                                 ] o.s.d.c.c.c.MappingCassandraConverter    : Adding map.entry [phone] - [5550000090]
2025-08-09T23:11:43.514-03:00 DEBUG 97564 --- [beauty-salon-backend] [pool-3-thread-3] [                                                 ] o.s.d.c.c.c.MappingCassandraConverter    : doWithProperties Property.type java.lang.String, Property.value Pool St 90
2025-08-09T23:11:43.514-03:00 DEBUG 97564 --- [beauty-salon-backend] [pool-3-thread-3] [                                                 ] o.s.d.c.c.c.MappingCassandraConverter    : Adding map.entry [address] - [Pool St 90]
2025-08-09T23:11:43.514-03:00 DEBUG 97564 --- [beauty-salon-backend] [pool-3-thread-3] [                                                 ] o.s.d.c.c.c.MappingCassandraConverter    : doWithProperties Property.type java.time.Instant, Property.value 2025-08-10T02:11:43.514413Z
2025-08-09T23:11:43.514-03:00 DEBUG 97564 --- [beauty-salon-backend] [pool-3-thread-3] [                                                 ] o.s.d.c.c.c.MappingCassandraConverter    : Adding map.entry [created_at] - [2025-08-10T02:11:43.514413Z]
2025-08-09T23:11:43.514-03:00 DEBUG 97564 --- [beauty-salon-backend] [pool-3-thread-3] [                                                 ] o.s.d.c.c.c.MappingCassandraConverter    : doWithProperties Property.type java.time.Instant, Property.value 2025-08-10T02:11:43.514414Z
2025-08-09T23:11:43.514-03:00 DEBUG 97564 --- [beauty-salon-backend] [pool-3-thread-3] [                                                 ] o.s.d.c.c.c.MappingCassandraConverter    : Adding map.entry [updated_at] - [2025-08-10T02:11:43.514414Z]
2025-08-09T23:11:43.515-03:00 DEBUG 97564 --- [beauty-salon-backend] [pool-3-thread-3] [                                                 ] o.s.data.cassandra.core.cql.CqlTemplate  : Preparing statement [INSERT INTO customers (id,name,email,phone,address,created_at,updated_at) VALUES (?,?,?,?,?,?,?)] using org.springframework.data.cassandra.core.CassandraTemplate$PreparedStatementHandler@153620b3
2025-08-09T23:11:43.515-03:00 DEBUG 97564 --- [beauty-salon-backend] [pool-3-thread-3] [                                                 ] o.s.data.cassandra.core.cql.CqlTemplate  : Executing prepared statement [INSERT INTO customers (id,name,email,phone,address,created_at,updated_at) VALUES (?,?,?,?,?,?,?)]
2025-08-09T23:11:43.515-03:00 DEBUG 97564 --- [beauty-salon-backend] [ool-3-thread-29] [                                                 ] o.s.d.c.c.c.MappingCassandraConverter    : doWithProperties Property.type java.util.UUID, Property.value 53061180-c675-4f0b-b7a5-1ab064363ee0
2025-08-09T23:11:43.516-03:00 DEBUG 97564 --- [beauty-salon-backend] [ool-3-thread-29] [                                                 ] o.s.d.c.c.c.MappingCassandraConverter    : Adding map.entry [id] - [53061180-c675-4f0b-b7a5-1ab064363ee0]
2025-08-09T23:11:43.516-03:00 DEBUG 97564 --- [beauty-salon-backend] [ool-3-thread-29] [                                                 ] o.s.d.c.c.c.MappingCassandraConverter    : doWithProperties Property.type java.lang.String, Property.value Pool Test 93
2025-08-09T23:11:43.516-03:00 DEBUG 97564 --- [beauty-salon-backend] [ool-3-thread-29] [                                                 ] o.s.d.c.c.c.MappingCassandraConverter    : Adding map.entry [name] - [Pool Test 93]
2025-08-09T23:11:43.516-03:00 DEBUG 97564 --- [beauty-salon-backend] [ool-3-thread-29] [                                                 ] o.s.d.c.c.c.MappingCassandraConverter    : doWithProperties Property.type java.lang.String, Property.value pool93@test.com
2025-08-09T23:11:43.516-03:00 DEBUG 97564 --- [beauty-salon-backend] [ool-3-thread-29] [                                                 ] o.s.d.c.c.c.MappingCassandraConverter    : Adding map.entry [email] - [pool93@test.com]
2025-08-09T23:11:43.516-03:00 DEBUG 97564 --- [beauty-salon-backend] [ool-3-thread-29] [                                                 ] o.s.d.c.c.c.MappingCassandraConverter    : doWithProperties Property.type java.lang.String, Property.value 5550000093
2025-08-09T23:11:43.516-03:00 DEBUG 97564 --- [beauty-salon-backend] [ool-3-thread-29] [                                                 ] o.s.d.c.c.c.MappingCassandraConverter    : Adding map.entry [phone] - [5550000093]
2025-08-09T23:11:43.516-03:00 DEBUG 97564 --- [beauty-salon-backend] [ool-3-thread-29] [                                                 ] o.s.d.c.c.c.MappingCassandraConverter    : doWithProperties Property.type java.lang.String, Property.value Pool St 93
2025-08-09T23:11:43.516-03:00 DEBUG 97564 --- [beauty-salon-backend] [ool-3-thread-29] [                                                 ] o.s.d.c.c.c.MappingCassandraConverter    : Adding map.entry [address] - [Pool St 93]
2025-08-09T23:11:43.516-03:00 DEBUG 97564 --- [beauty-salon-backend] [ool-3-thread-29] [                                                 ] o.s.d.c.c.c.MappingCassandraConverter    : doWithProperties Property.type java.time.Instant, Property.value 2025-08-10T02:11:43.515947Z
2025-08-09T23:11:43.516-03:00 DEBUG 97564 --- [beauty-salon-backend] [ool-3-thread-29] [                                                 ] o.s.d.c.c.c.MappingCassandraConverter    : Adding map.entry [created_at] - [2025-08-10T02:11:43.515947Z]
2025-08-09T23:11:43.516-03:00 DEBUG 97564 --- [beauty-salon-backend] [ool-3-thread-29] [                                                 ] o.s.d.c.c.c.MappingCassandraConverter    : doWithProperties Property.type java.time.Instant, Property.value 2025-08-10T02:11:43.515947Z
2025-08-09T23:11:43.516-03:00 DEBUG 97564 --- [beauty-salon-backend] [ool-3-thread-29] [                                                 ] o.s.d.c.c.c.MappingCassandraConverter    : Adding map.entry [updated_at] - [2025-08-10T02:11:43.515947Z]
2025-08-09T23:11:43.516-03:00 DEBUG 97564 --- [beauty-salon-backend] [ool-3-thread-29] [                                                 ] o.s.data.cassandra.core.cql.CqlTemplate  : Preparing statement [INSERT INTO customers (id,name,email,phone,address,created_at,updated_at) VALUES (?,?,?,?,?,?,?)] using org.springframework.data.cassandra.core.CassandraTemplate$PreparedStatementHandler@5710e9d9
2025-08-09T23:11:43.516-03:00 DEBUG 97564 --- [beauty-salon-backend] [ool-3-thread-29] [                                                 ] o.s.data.cassandra.core.cql.CqlTemplate  : Executing prepared statement [INSERT INTO customers (id,name,email,phone,address,created_at,updated_at) VALUES (?,?,?,?,?,?,?)]
2025-08-09T23:11:43.523-03:00 DEBUG 97564 --- [beauty-salon-backend] [pool-3-thread-3] [                                                 ] o.s.d.c.c.c.MappingCassandraConverter    : doWithProperties Property.type java.util.UUID, Property.value e1c8f771-2b92-44b5-9c4f-fe4b32f07ca8
2025-08-09T23:11:43.523-03:00 DEBUG 97564 --- [beauty-salon-backend] [pool-3-thread-3] [                                                 ] o.s.d.c.c.c.MappingCassandraConverter    : Adding map.entry [id] - [e1c8f771-2b92-44b5-9c4f-fe4b32f07ca8]
2025-08-09T23:11:43.523-03:00 DEBUG 97564 --- [beauty-salon-backend] [pool-3-thread-3] [                                                 ] o.s.d.c.c.c.MappingCassandraConverter    : doWithProperties Property.type java.lang.String, Property.value Pool Test 102
2025-08-09T23:11:43.523-03:00 DEBUG 97564 --- [beauty-salon-backend] [pool-3-thread-3] [                                                 ] o.s.d.c.c.c.MappingCassandraConverter    : Adding map.entry [name] - [Pool Test 102]
2025-08-09T23:11:43.523-03:00 DEBUG 97564 --- [beauty-salon-backend] [pool-3-thread-3] [                                                 ] o.s.d.c.c.c.MappingCassandraConverter    : doWithProperties Property.type java.lang.String, Property.value pool102@test.com
2025-08-09T23:11:43.523-03:00 DEBUG 97564 --- [beauty-salon-backend] [pool-3-thread-3] [                                                 ] o.s.d.c.c.c.MappingCassandraConverter    : Adding map.entry [email] - [pool102@test.com]
2025-08-09T23:11:43.523-03:00 DEBUG 97564 --- [beauty-salon-backend] [pool-3-thread-3] [                                                 ] o.s.d.c.c.c.MappingCassandraConverter    : doWithProperties Property.type java.lang.String, Property.value 5550000102
2025-08-09T23:11:43.523-03:00 DEBUG 97564 --- [beauty-salon-backend] [pool-3-thread-3] [                                                 ] o.s.d.c.c.c.MappingCassandraConverter    : Adding map.entry [phone] - [5550000102]
2025-08-09T23:11:43.523-03:00 DEBUG 97564 --- [beauty-salon-backend] [pool-3-thread-3] [                                                 ] o.s.d.c.c.c.MappingCassandraConverter    : doWithProperties Property.type java.lang.String, Property.value Pool St 102
2025-08-09T23:11:43.523-03:00 DEBUG 97564 --- [beauty-salon-backend] [pool-3-thread-3] [                                                 ] o.s.d.c.c.c.MappingCassandraConverter    : Adding map.entry [address] - [Pool St 102]
2025-08-09T23:11:43.523-03:00 DEBUG 97564 --- [beauty-salon-backend] [pool-3-thread-3] [                                                 ] o.s.d.c.c.c.MappingCassandraConverter    : doWithProperties Property.type java.time.Instant, Property.value 2025-08-10T02:11:43.522913Z
2025-08-09T23:11:43.523-03:00 DEBUG 97564 --- [beauty-salon-backend] [pool-3-thread-3] [                                                 ] o.s.d.c.c.c.MappingCassandraConverter    : Adding map.entry [created_at] - [2025-08-10T02:11:43.522913Z]
2025-08-09T23:11:43.523-03:00 DEBUG 97564 --- [beauty-salon-backend] [pool-3-thread-3] [                                                 ] o.s.d.c.c.c.MappingCassandraConverter    : doWithProperties Property.type java.time.Instant, Property.value 2025-08-10T02:11:43.522914Z
2025-08-09T23:11:43.523-03:00 DEBUG 97564 --- [beauty-salon-backend] [pool-3-thread-3] [                                                 ] o.s.d.c.c.c.MappingCassandraConverter    : Adding map.entry [updated_at] - [2025-08-10T02:11:43.522914Z]
2025-08-09T23:11:43.524-03:00 DEBUG 97564 --- [beauty-salon-backend] [pool-3-thread-3] [                                                 ] o.s.data.cassandra.core.cql.CqlTemplate  : Preparing statement [INSERT INTO customers (id,name,email,phone,address,created_at,updated_at) VALUES (?,?,?,?,?,?,?)] using org.springframework.data.cassandra.core.CassandraTemplate$PreparedStatementHandler@383d2613
2025-08-09T23:11:43.524-03:00 DEBUG 97564 --- [beauty-salon-backend] [pool-3-thread-3] [                                                 ] o.s.data.cassandra.core.cql.CqlTemplate  : Executing prepared statement [INSERT INTO customers (id,name,email,phone,address,created_at,updated_at) VALUES (?,?,?,?,?,?,?)]
2025-08-09T23:11:43.526-03:00 DEBUG 97564 --- [beauty-salon-backend] [ool-3-thread-29] [                                                 ] o.s.d.c.c.c.MappingCassandraConverter    : doWithProperties Property.type java.util.UUID, Property.value ba7ecac2-7eb1-4149-a943-4e467333033a
2025-08-09T23:11:43.526-03:00 DEBUG 97564 --- [beauty-salon-backend] [ool-3-thread-29] [                                                 ] o.s.d.c.c.c.MappingCassandraConverter    : Adding map.entry [id] - [ba7ecac2-7eb1-4149-a943-4e467333033a]
2025-08-09T23:11:43.526-03:00 DEBUG 97564 --- [beauty-salon-backend] [ool-3-thread-29] [                                                 ] o.s.d.c.c.c.MappingCassandraConverter    : doWithProperties Property.type java.lang.String, Property.value Pool Test 111
2025-08-09T23:11:43.526-03:00 DEBUG 97564 --- [beauty-salon-backend] [ool-3-thread-29] [                                                 ] o.s.d.c.c.c.MappingCassandraConverter    : Adding map.entry [name] - [Pool Test 111]
2025-08-09T23:11:43.526-03:00 DEBUG 97564 --- [beauty-salon-backend] [ool-3-thread-29] [                                                 ] o.s.d.c.c.c.MappingCassandraConverter    : doWithProperties Property.type java.lang.String, Property.value pool111@test.com
2025-08-09T23:11:43.526-03:00 DEBUG 97564 --- [beauty-salon-backend] [ool-3-thread-29] [                                                 ] o.s.d.c.c.c.MappingCassandraConverter    : Adding map.entry [email] - [pool111@test.com]
2025-08-09T23:11:43.526-03:00 DEBUG 97564 --- [beauty-salon-backend] [ool-3-thread-29] [                                                 ] o.s.d.c.c.c.MappingCassandraConverter    : doWithProperties Property.type java.lang.String, Property.value 5550000111
2025-08-09T23:11:43.526-03:00 DEBUG 97564 --- [beauty-salon-backend] [ool-3-thread-29] [                                                 ] o.s.d.c.c.c.MappingCassandraConverter    : Adding map.entry [phone] - [5550000111]
2025-08-09T23:11:43.527-03:00 DEBUG 97564 --- [beauty-salon-backend] [ool-3-thread-29] [                                                 ] o.s.d.c.c.c.MappingCassandraConverter    : doWithProperties Property.type java.lang.String, Property.value Pool St 111
2025-08-09T23:11:43.527-03:00 DEBUG 97564 --- [beauty-salon-backend] [ool-3-thread-29] [                                                 ] o.s.d.c.c.c.MappingCassandraConverter    : Adding map.entry [address] - [Pool St 111]
2025-08-09T23:11:43.527-03:00 DEBUG 97564 --- [beauty-salon-backend] [ool-3-thread-29] [                                                 ] o.s.d.c.c.c.MappingCassandraConverter    : doWithProperties Property.type java.time.Instant, Property.value 2025-08-10T02:11:43.526476Z
2025-08-09T23:11:43.527-03:00 DEBUG 97564 --- [beauty-salon-backend] [ool-3-thread-29] [                                                 ] o.s.d.c.c.c.MappingCassandraConverter    : Adding map.entry [created_at] - [2025-08-10T02:11:43.526476Z]
2025-08-09T23:11:43.527-03:00 DEBUG 97564 --- [beauty-salon-backend] [ool-3-thread-29] [                                                 ] o.s.d.c.c.c.MappingCassandraConverter    : doWithProperties Property.type java.time.Instant, Property.value 2025-08-10T02:11:43.526477Z
2025-08-09T23:11:43.527-03:00 DEBUG 97564 --- [beauty-salon-backend] [ool-3-thread-29] [                                                 ] o.s.d.c.c.c.MappingCassandraConverter    : Adding map.entry [updated_at] - [2025-08-10T02:11:43.526477Z]
2025-08-09T23:11:43.527-03:00 DEBUG 97564 --- [beauty-salon-backend] [ool-3-thread-29] [                                                 ] o.s.data.cassandra.core.cql.CqlTemplate  : Preparing statement [INSERT INTO customers (id,name,email,phone,address,created_at,updated_at) VALUES (?,?,?,?,?,?,?)] using org.springframework.data.cassandra.core.CassandraTemplate$PreparedStatementHandler@7a99a30b
2025-08-09T23:11:43.528-03:00 DEBUG 97564 --- [beauty-salon-backend] [ool-3-thread-29] [                                                 ] o.s.data.cassandra.core.cql.CqlTemplate  : Executing prepared statement [INSERT INTO customers (id,name,email,phone,address,created_at,updated_at) VALUES (?,?,?,?,?,?,?)]
2025-08-09T23:11:43.528-03:00 DEBUG 97564 --- [beauty-salon-backend] [ool-3-thread-12] [                                                 ] o.s.d.c.c.c.MappingCassandraConverter    : doWithProperties Property.type java.util.UUID, Property.value 460edd51-738f-45e4-b06c-f11e275a4991
2025-08-09T23:11:43.529-03:00 DEBUG 97564 --- [beauty-salon-backend] [ool-3-thread-12] [                                                 ] o.s.d.c.c.c.MappingCassandraConverter    : Adding map.entry [id] - [460edd51-738f-45e4-b06c-f11e275a4991]
2025-08-09T23:11:43.529-03:00 DEBUG 97564 --- [beauty-salon-backend] [ool-3-thread-12] [                                                 ] o.s.d.c.c.c.MappingCassandraConverter    : doWithProperties Property.type java.lang.String, Property.value Pool Test 117
2025-08-09T23:11:43.529-03:00 DEBUG 97564 --- [beauty-salon-backend] [ool-3-thread-12] [                                                 ] o.s.d.c.c.c.MappingCassandraConverter    : Adding map.entry [name] - [Pool Test 117]
2025-08-09T23:11:43.529-03:00 DEBUG 97564 --- [beauty-salon-backend] [ool-3-thread-12] [                                                 ] o.s.d.c.c.c.MappingCassandraConverter    : doWithProperties Property.type java.lang.String, Property.value pool117@test.com
2025-08-09T23:11:43.529-03:00 DEBUG 97564 --- [beauty-salon-backend] [ool-3-thread-12] [                                                 ] o.s.d.c.c.c.MappingCassandraConverter    : Adding map.entry [email] - [pool117@test.com]
2025-08-09T23:11:43.529-03:00 DEBUG 97564 --- [beauty-salon-backend] [ool-3-thread-12] [                                                 ] o.s.d.c.c.c.MappingCassandraConverter    : doWithProperties Property.type java.lang.String, Property.value 5550000117
2025-08-09T23:11:43.529-03:00 DEBUG 97564 --- [beauty-salon-backend] [ool-3-thread-12] [                                                 ] o.s.d.c.c.c.MappingCassandraConverter    : Adding map.entry [phone] - [5550000117]
2025-08-09T23:11:43.529-03:00 DEBUG 97564 --- [beauty-salon-backend] [ool-3-thread-12] [                                                 ] o.s.d.c.c.c.MappingCassandraConverter    : doWithProperties Property.type java.lang.String, Property.value Pool St 117
2025-08-09T23:11:43.529-03:00 DEBUG 97564 --- [beauty-salon-backend] [ool-3-thread-12] [                                                 ] o.s.d.c.c.c.MappingCassandraConverter    : Adding map.entry [address] - [Pool St 117]
2025-08-09T23:11:43.529-03:00 DEBUG 97564 --- [beauty-salon-backend] [ool-3-thread-12] [                                                 ] o.s.d.c.c.c.MappingCassandraConverter    : doWithProperties Property.type java.time.Instant, Property.value 2025-08-10T02:11:43.528922Z
2025-08-09T23:11:43.529-03:00 DEBUG 97564 --- [beauty-salon-backend] [ool-3-thread-12] [                                                 ] o.s.d.c.c.c.MappingCassandraConverter    : Adding map.entry [created_at] - [2025-08-10T02:11:43.528922Z]
2025-08-09T23:11:43.529-03:00 DEBUG 97564 --- [beauty-salon-backend] [ool-3-thread-12] [                                                 ] o.s.d.c.c.c.MappingCassandraConverter    : doWithProperties Property.type java.time.Instant, Property.value 2025-08-10T02:11:43.528922Z
2025-08-09T23:11:43.529-03:00 DEBUG 97564 --- [beauty-salon-backend] [ool-3-thread-12] [                                                 ] o.s.d.c.c.c.MappingCassandraConverter    : Adding map.entry [updated_at] - [2025-08-10T02:11:43.528922Z]
2025-08-09T23:11:43.529-03:00 DEBUG 97564 --- [beauty-salon-backend] [ool-3-thread-12] [                                                 ] o.s.data.cassandra.core.cql.CqlTemplate  : Preparing statement [INSERT INTO customers (id,name,email,phone,address,created_at,updated_at) VALUES (?,?,?,?,?,?,?)] using org.springframework.data.cassandra.core.CassandraTemplate$PreparedStatementHandler@6181eeac
2025-08-09T23:11:43.529-03:00 DEBUG 97564 --- [beauty-salon-backend] [ool-3-thread-12] [                                                 ] o.s.data.cassandra.core.cql.CqlTemplate  : Executing prepared statement [INSERT INTO customers (id,name,email,phone,address,created_at,updated_at) VALUES (?,?,?,?,?,?,?)]
2025-08-09T23:11:43.529-03:00 DEBUG 97564 --- [beauty-salon-backend] [ool-3-thread-28] [                                                 ] o.s.d.c.c.c.MappingCassandraConverter    : doWithProperties Property.type java.util.UUID, Property.value b8aea9ad-8180-4276-ba36-dafacd2729f1
2025-08-09T23:11:43.529-03:00 DEBUG 97564 --- [beauty-salon-backend] [ool-3-thread-28] [                                                 ] o.s.d.c.c.c.MappingCassandraConverter    : Adding map.entry [id] - [b8aea9ad-8180-4276-ba36-dafacd2729f1]
2025-08-09T23:11:43.529-03:00 DEBUG 97564 --- [beauty-salon-backend] [ool-3-thread-28] [                                                 ] o.s.d.c.c.c.MappingCassandraConverter    : doWithProperties Property.type java.lang.String, Property.value Pool Test 114
2025-08-09T23:11:43.529-03:00 DEBUG 97564 --- [beauty-salon-backend] [ool-3-thread-28] [                                                 ] o.s.d.c.c.c.MappingCassandraConverter    : Adding map.entry [name] - [Pool Test 114]
2025-08-09T23:11:43.530-03:00 DEBUG 97564 --- [beauty-salon-backend] [ool-3-thread-28] [                                                 ] o.s.d.c.c.c.MappingCassandraConverter    : doWithProperties Property.type java.lang.String, Property.value pool114@test.com
2025-08-09T23:11:43.530-03:00 DEBUG 97564 --- [beauty-salon-backend] [ool-3-thread-28] [                                                 ] o.s.d.c.c.c.MappingCassandraConverter    : Adding map.entry [email] - [pool114@test.com]
2025-08-09T23:11:43.530-03:00 DEBUG 97564 --- [beauty-salon-backend] [ool-3-thread-28] [                                                 ] o.s.d.c.c.c.MappingCassandraConverter    : doWithProperties Property.type java.lang.String, Property.value 5550000114
2025-08-09T23:11:43.530-03:00 DEBUG 97564 --- [beauty-salon-backend] [ool-3-thread-28] [                                                 ] o.s.d.c.c.c.MappingCassandraConverter    : Adding map.entry [phone] - [5550000114]
2025-08-09T23:11:43.530-03:00 DEBUG 97564 --- [beauty-salon-backend] [ool-3-thread-28] [                                                 ] o.s.d.c.c.c.MappingCassandraConverter    : doWithProperties Property.type java.lang.String, Property.value Pool St 114
2025-08-09T23:11:43.530-03:00 DEBUG 97564 --- [beauty-salon-backend] [ool-3-thread-28] [                                                 ] o.s.d.c.c.c.MappingCassandraConverter    : Adding map.entry [address] - [Pool St 114]
2025-08-09T23:11:43.530-03:00 DEBUG 97564 --- [beauty-salon-backend] [ool-3-thread-28] [                                                 ] o.s.d.c.c.c.MappingCassandraConverter    : doWithProperties Property.type java.time.Instant, Property.value 2025-08-10T02:11:43.529845Z
2025-08-09T23:11:43.530-03:00 DEBUG 97564 --- [beauty-salon-backend] [ool-3-thread-45] [                                                 ] o.s.data.cassandra.core.cql.CqlTemplate  : Preparing statement [SELECT * FROM customers] using org.springframework.data.cassandra.core.CassandraTemplate$PreparedStatementHandler@8fc9aa5
2025-08-09T23:11:43.530-03:00 DEBUG 97564 --- [beauty-salon-backend] [ool-3-thread-45] [                                                 ] o.s.data.cassandra.core.cql.CqlTemplate  : Executing prepared statement [SELECT * FROM customers]
2025-08-09T23:11:43.530-03:00 DEBUG 97564 --- [beauty-salon-backend] [ool-3-thread-28] [                                                 ] o.s.d.c.c.c.MappingCassandraConverter    : Adding map.entry [created_at] - [2025-08-10T02:11:43.529845Z]
2025-08-09T23:11:43.530-03:00 DEBUG 97564 --- [beauty-salon-backend] [ool-3-thread-28] [                                                 ] o.s.d.c.c.c.MappingCassandraConverter    : doWithProperties Property.type java.time.Instant, Property.value 2025-08-10T02:11:43.529845Z
2025-08-09T23:11:43.531-03:00 DEBUG 97564 --- [beauty-salon-backend] [ool-3-thread-28] [                                                 ] o.s.d.c.c.c.MappingCassandraConverter    : Adding map.entry [updated_at] - [2025-08-10T02:11:43.529845Z]
2025-08-09T23:11:43.531-03:00 DEBUG 97564 --- [beauty-salon-backend] [ool-3-thread-28] [                                                 ] o.s.data.cassandra.core.cql.CqlTemplate  : Preparing statement [INSERT INTO customers (id,name,email,phone,address,created_at,updated_at) VALUES (?,?,?,?,?,?,?)] using org.springframework.data.cassandra.core.CassandraTemplate$PreparedStatementHandler@261ddf06
2025-08-09T23:11:43.531-03:00 DEBUG 97564 --- [beauty-salon-backend] [ool-3-thread-28] [                                                 ] o.s.data.cassandra.core.cql.CqlTemplate  : Executing prepared statement [INSERT INTO customers (id,name,email,phone,address,created_at,updated_at) VALUES (?,?,?,?,?,?,?)]
2025-08-09T23:11:43.531-03:00 DEBUG 97564 --- [beauty-salon-backend] [pool-3-thread-3] [                                                 ] o.s.data.cassandra.core.cql.CqlTemplate  : Preparing statement [SELECT * FROM customers] using org.springframework.data.cassandra.core.CassandraTemplate$PreparedStatementHandler@14fbd2bf
2025-08-09T23:11:43.531-03:00 DEBUG 97564 --- [beauty-salon-backend] [pool-3-thread-3] [                                                 ] o.s.data.cassandra.core.cql.CqlTemplate  : Executing prepared statement [SELECT * FROM customers]
2025-08-09T23:11:43.532-03:00 DEBUG 97564 --- [beauty-salon-backend] [ool-3-thread-21] [                                                 ] o.s.d.c.c.c.MappingCassandraConverter    : doWithProperties Property.type java.util.UUID, Property.value 21d5511c-1d26-4fd2-93c1-617dd4dc8d45
2025-08-09T23:11:43.532-03:00 DEBUG 97564 --- [beauty-salon-backend] [ool-3-thread-21] [                                                 ] o.s.d.c.c.c.MappingCassandraConverter    : Adding map.entry [id] - [21d5511c-1d26-4fd2-93c1-617dd4dc8d45]
2025-08-09T23:11:43.532-03:00 DEBUG 97564 --- [beauty-salon-backend] [ool-3-thread-21] [                                                 ] o.s.d.c.c.c.MappingCassandraConverter    : doWithProperties Property.type java.lang.String, Property.value Pool Test 87
2025-08-09T23:11:43.532-03:00 DEBUG 97564 --- [beauty-salon-backend] [ool-3-thread-21] [                                                 ] o.s.d.c.c.c.MappingCassandraConverter    : Adding map.entry [name] - [Pool Test 87]
2025-08-09T23:11:43.532-03:00 DEBUG 97564 --- [beauty-salon-backend] [ool-3-thread-21] [                                                 ] o.s.d.c.c.c.MappingCassandraConverter    : doWithProperties Property.type java.lang.String, Property.value pool87@test.com
2025-08-09T23:11:43.532-03:00 DEBUG 97564 --- [beauty-salon-backend] [ool-3-thread-21] [                                                 ] o.s.d.c.c.c.MappingCassandraConverter    : Adding map.entry [email] - [pool87@test.com]
2025-08-09T23:11:43.532-03:00 DEBUG 97564 --- [beauty-salon-backend] [ool-3-thread-21] [                                                 ] o.s.d.c.c.c.MappingCassandraConverter    : doWithProperties Property.type java.lang.String, Property.value 5550000087
2025-08-09T23:11:43.532-03:00 DEBUG 97564 --- [beauty-salon-backend] [ool-3-thread-21] [                                                 ] o.s.d.c.c.c.MappingCassandraConverter    : Adding map.entry [phone] - [5550000087]
2025-08-09T23:11:43.532-03:00 DEBUG 97564 --- [beauty-salon-backend] [ool-3-thread-21] [                                                 ] o.s.d.c.c.c.MappingCassandraConverter    : doWithProperties Property.type java.lang.String, Property.value Pool St 87
2025-08-09T23:11:43.532-03:00 DEBUG 97564 --- [beauty-salon-backend] [ool-3-thread-21] [                                                 ] o.s.d.c.c.c.MappingCassandraConverter    : Adding map.entry [address] - [Pool St 87]
2025-08-09T23:11:43.532-03:00 DEBUG 97564 --- [beauty-salon-backend] [ool-3-thread-21] [                                                 ] o.s.d.c.c.c.MappingCassandraConverter    : doWithProperties Property.type java.time.Instant, Property.value 2025-08-10T02:11:43.532251Z
2025-08-09T23:11:43.532-03:00 DEBUG 97564 --- [beauty-salon-backend] [ool-3-thread-21] [                                                 ] o.s.d.c.c.c.MappingCassandraConverter    : Adding map.entry [created_at] - [2025-08-10T02:11:43.532251Z]
2025-08-09T23:11:43.532-03:00 DEBUG 97564 --- [beauty-salon-backend] [ool-3-thread-21] [                                                 ] o.s.d.c.c.c.MappingCassandraConverter    : doWithProperties Property.type java.time.Instant, Property.value 2025-08-10T02:11:43.532251Z
2025-08-09T23:11:43.532-03:00 DEBUG 97564 --- [beauty-salon-backend] [ool-3-thread-21] [                                                 ] o.s.d.c.c.c.MappingCassandraConverter    : Adding map.entry [updated_at] - [2025-08-10T02:11:43.532251Z]
2025-08-09T23:11:43.532-03:00 DEBUG 97564 --- [beauty-salon-backend] [ool-3-thread-21] [                                                 ] o.s.data.cassandra.core.cql.CqlTemplate  : Preparing statement [INSERT INTO customers (id,name,email,phone,address,created_at,updated_at) VALUES (?,?,?,?,?,?,?)] using org.springframework.data.cassandra.core.CassandraTemplate$PreparedStatementHandler@3e697100
2025-08-09T23:11:43.532-03:00 DEBUG 97564 --- [beauty-salon-backend] [ool-3-thread-21] [                                                 ] o.s.data.cassandra.core.cql.CqlTemplate  : Executing prepared statement [INSERT INTO customers (id,name,email,phone,address,created_at,updated_at) VALUES (?,?,?,?,?,?,?)]
2025-08-09T23:11:43.536-03:00 DEBUG 97564 --- [beauty-salon-backend] [ool-3-thread-29] [                                                 ] o.s.d.c.c.c.MappingCassandraConverter    : doWithProperties Property.type java.util.UUID, Property.value 8dbb8b8a-d563-435c-8ac2-ca300bae6a06
2025-08-09T23:11:43.536-03:00 DEBUG 97564 --- [beauty-salon-backend] [ool-3-thread-29] [                                                 ] o.s.d.c.c.c.MappingCassandraConverter    : Adding map.entry [id] - [8dbb8b8a-d563-435c-8ac2-ca300bae6a06]
2025-08-09T23:11:43.536-03:00 DEBUG 97564 --- [beauty-salon-backend] [ool-3-thread-29] [                                                 ] o.s.d.c.c.c.MappingCassandraConverter    : doWithProperties Property.type java.lang.String, Property.value Pool Test 126
2025-08-09T23:11:43.536-03:00 DEBUG 97564 --- [beauty-salon-backend] [ool-3-thread-32] [                                                 ] o.s.d.c.c.c.MappingCassandraConverter    : doWithProperties Property.type java.util.UUID, Property.value 040fbf00-1c39-434a-b5ec-3f5df636aec9
2025-08-09T23:11:43.536-03:00 DEBUG 97564 --- [beauty-salon-backend] [ool-3-thread-29] [                                                 ] o.s.d.c.c.c.MappingCassandraConverter    : Adding map.entry [name] - [Pool Test 126]
2025-08-09T23:11:43.536-03:00 DEBUG 97564 --- [beauty-salon-backend] [ool-3-thread-32] [                                                 ] o.s.d.c.c.c.MappingCassandraConverter    : Adding map.entry [id] - [040fbf00-1c39-434a-b5ec-3f5df636aec9]
2025-08-09T23:11:43.536-03:00 DEBUG 97564 --- [beauty-salon-backend] [ool-3-thread-32] [                                                 ] o.s.d.c.c.c.MappingCassandraConverter    : doWithProperties Property.type java.lang.String, Property.value Pool Test 129
2025-08-09T23:11:43.536-03:00 DEBUG 97564 --- [beauty-salon-backend] [ool-3-thread-29] [                                                 ] o.s.d.c.c.c.MappingCassandraConverter    : doWithProperties Property.type java.lang.String, Property.value pool126@test.com
2025-08-09T23:11:43.536-03:00 DEBUG 97564 --- [beauty-salon-backend] [ool-3-thread-29] [                                                 ] o.s.d.c.c.c.MappingCassandraConverter    : Adding map.entry [email] - [pool126@test.com]
2025-08-09T23:11:43.536-03:00 DEBUG 97564 --- [beauty-salon-backend] [ool-3-thread-29] [                                                 ] o.s.d.c.c.c.MappingCassandraConverter    : doWithProperties Property.type java.lang.String, Property.value 5550000126
2025-08-09T23:11:43.536-03:00 DEBUG 97564 --- [beauty-salon-backend] [ool-3-thread-29] [                                                 ] o.s.d.c.c.c.MappingCassandraConverter    : Adding map.entry [phone] - [5550000126]
2025-08-09T23:11:43.537-03:00 DEBUG 97564 --- [beauty-salon-backend] [ool-3-thread-29] [                                                 ] o.s.d.c.c.c.MappingCassandraConverter    : doWithProperties Property.type java.lang.String, Property.value Pool St 126
2025-08-09T23:11:43.537-03:00 DEBUG 97564 --- [beauty-salon-backend] [ool-3-thread-29] [                                                 ] o.s.d.c.c.c.MappingCassandraConverter    : Adding map.entry [address] - [Pool St 126]
2025-08-09T23:11:43.537-03:00 DEBUG 97564 --- [beauty-salon-backend] [ool-3-thread-29] [                                                 ] o.s.d.c.c.c.MappingCassandraConverter    : doWithProperties Property.type java.time.Instant, Property.value 2025-08-10T02:11:43.536258Z
2025-08-09T23:11:43.537-03:00 DEBUG 97564 --- [beauty-salon-backend] [ool-3-thread-29] [                                                 ] o.s.d.c.c.c.MappingCassandraConverter    : Adding map.entry [created_at] - [2025-08-10T02:11:43.536258Z]
2025-08-09T23:11:43.537-03:00 DEBUG 97564 --- [beauty-salon-backend] [ool-3-thread-29] [                                                 ] o.s.d.c.c.c.MappingCassandraConverter    : doWithProperties Property.type java.time.Instant, Property.value 2025-08-10T02:11:43.536259Z
2025-08-09T23:11:43.537-03:00 DEBUG 97564 --- [beauty-salon-backend] [ool-3-thread-29] [                                                 ] o.s.d.c.c.c.MappingCassandraConverter    : Adding map.entry [updated_at] - [2025-08-10T02:11:43.536259Z]
2025-08-09T23:11:43.537-03:00 DEBUG 97564 --- [beauty-salon-backend] [ool-3-thread-29] [                                                 ] o.s.data.cassandra.core.cql.CqlTemplate  : Preparing statement [INSERT INTO customers (id,name,email,phone,address,created_at,updated_at) VALUES (?,?,?,?,?,?,?)] using org.springframework.data.cassandra.core.CassandraTemplate$PreparedStatementHandler@298d1c09
2025-08-09T23:11:43.538-03:00 DEBUG 97564 --- [beauty-salon-backend] [ool-3-thread-29] [                                                 ] o.s.data.cassandra.core.cql.CqlTemplate  : Executing prepared statement [INSERT INTO customers (id,name,email,phone,address,created_at,updated_at) VALUES (?,?,?,?,?,?,?)]
2025-08-09T23:11:43.538-03:00 DEBUG 97564 --- [beauty-salon-backend] [pool-3-thread-2] [                                                 ] o.s.d.c.c.c.MappingCassandraConverter    : doWithProperties Property.type java.util.UUID, Property.value 283e7131-adb8-4d99-bc8b-32375f676ad1
2025-08-09T23:11:43.538-03:00 DEBUG 97564 --- [beauty-salon-backend] [pool-3-thread-2] [                                                 ] o.s.d.c.c.c.MappingCassandraConverter    : Adding map.entry [id] - [283e7131-adb8-4d99-bc8b-32375f676ad1]
2025-08-09T23:11:43.538-03:00 DEBUG 97564 --- [beauty-salon-backend] [pool-3-thread-2] [                                                 ] o.s.d.c.c.c.MappingCassandraConverter    : doWithProperties Property.type java.lang.String, Property.value Pool Test 120
2025-08-09T23:11:43.538-03:00 DEBUG 97564 --- [beauty-salon-backend] [pool-3-thread-2] [                                                 ] o.s.d.c.c.c.MappingCassandraConverter    : Adding map.entry [name] - [Pool Test 120]
2025-08-09T23:11:43.538-03:00 DEBUG 97564 --- [beauty-salon-backend] [pool-3-thread-2] [                                                 ] o.s.d.c.c.c.MappingCassandraConverter    : doWithProperties Property.type java.lang.String, Property.value pool120@test.com
2025-08-09T23:11:43.538-03:00 DEBUG 97564 --- [beauty-salon-backend] [pool-3-thread-2] [                                                 ] o.s.d.c.c.c.MappingCassandraConverter    : Adding map.entry [email] - [pool120@test.com]
2025-08-09T23:11:43.536-03:00 DEBUG 97564 --- [beauty-salon-backend] [ool-3-thread-32] [                                                 ] o.s.d.c.c.c.MappingCassandraConverter    : Adding map.entry [name] - [Pool Test 129]
2025-08-09T23:11:43.538-03:00 DEBUG 97564 --- [beauty-salon-backend] [ool-3-thread-32] [                                                 ] o.s.d.c.c.c.MappingCassandraConverter    : doWithProperties Property.type java.lang.String, Property.value pool129@test.com
2025-08-09T23:11:43.538-03:00 DEBUG 97564 --- [beauty-salon-backend] [ool-3-thread-32] [                                                 ] o.s.d.c.c.c.MappingCassandraConverter    : Adding map.entry [email] - [pool129@test.com]
2025-08-09T23:11:43.538-03:00 DEBUG 97564 --- [beauty-salon-backend] [ool-3-thread-32] [                                                 ] o.s.d.c.c.c.MappingCassandraConverter    : doWithProperties Property.type java.lang.String, Property.value 5550000129
2025-08-09T23:11:43.538-03:00 DEBUG 97564 --- [beauty-salon-backend] [ool-3-thread-32] [                                                 ] o.s.d.c.c.c.MappingCassandraConverter    : Adding map.entry [phone] - [5550000129]
2025-08-09T23:11:43.538-03:00 DEBUG 97564 --- [beauty-salon-backend] [ool-3-thread-32] [                                                 ] o.s.d.c.c.c.MappingCassandraConverter    : doWithProperties Property.type java.lang.String, Property.value Pool St 129
2025-08-09T23:11:43.538-03:00 DEBUG 97564 --- [beauty-salon-backend] [ool-3-thread-12] [                                                 ] o.s.d.c.c.c.MappingCassandraConverter    : doWithProperties Property.type java.util.UUID, Property.value 8fee2419-f872-43a4-a533-45e242d00d4a
2025-08-09T23:11:43.539-03:00 DEBUG 97564 --- [beauty-salon-backend] [ool-3-thread-12] [                                                 ] o.s.d.c.c.c.MappingCassandraConverter    : Adding map.entry [id] - [8fee2419-f872-43a4-a533-45e242d00d4a]
2025-08-09T23:11:43.539-03:00 DEBUG 97564 --- [beauty-salon-backend] [ool-3-thread-12] [                                                 ] o.s.d.c.c.c.MappingCassandraConverter    : doWithProperties Property.type java.lang.String, Property.value Pool Test 132
2025-08-09T23:11:43.539-03:00 DEBUG 97564 --- [beauty-salon-backend] [ool-3-thread-12] [                                                 ] o.s.d.c.c.c.MappingCassandraConverter    : Adding map.entry [name] - [Pool Test 132]
2025-08-09T23:11:43.539-03:00 DEBUG 97564 --- [beauty-salon-backend] [ool-3-thread-12] [                                                 ] o.s.d.c.c.c.MappingCassandraConverter    : doWithProperties Property.type java.lang.String, Property.value pool132@test.com
2025-08-09T23:11:43.539-03:00 DEBUG 97564 --- [beauty-salon-backend] [ool-3-thread-12] [                                                 ] o.s.d.c.c.c.MappingCassandraConverter    : Adding map.entry [email] - [pool132@test.com]
2025-08-09T23:11:43.539-03:00 DEBUG 97564 --- [beauty-salon-backend] [ool-3-thread-12] [                                                 ] o.s.d.c.c.c.MappingCassandraConverter    : doWithProperties Property.type java.lang.String, Property.value 5550000132
2025-08-09T23:11:43.539-03:00 DEBUG 97564 --- [beauty-salon-backend] [ool-3-thread-12] [                                                 ] o.s.d.c.c.c.MappingCassandraConverter    : Adding map.entry [phone] - [5550000132]
2025-08-09T23:11:43.539-03:00 DEBUG 97564 --- [beauty-salon-backend] [ool-3-thread-12] [                                                 ] o.s.d.c.c.c.MappingCassandraConverter    : doWithProperties Property.type java.lang.String, Property.value Pool St 132
2025-08-09T23:11:43.539-03:00 DEBUG 97564 --- [beauty-salon-backend] [ool-3-thread-12] [                                                 ] o.s.d.c.c.c.MappingCassandraConverter    : Adding map.entry [address] - [Pool St 132]
2025-08-09T23:11:43.539-03:00 DEBUG 97564 --- [beauty-salon-backend] [ool-3-thread-12] [                                                 ] o.s.d.c.c.c.MappingCassandraConverter    : doWithProperties Property.type java.time.Instant, Property.value 2025-08-10T02:11:43.538054Z
2025-08-09T23:11:43.539-03:00 DEBUG 97564 --- [beauty-salon-backend] [ool-3-thread-12] [                                                 ] o.s.d.c.c.c.MappingCassandraConverter    : Adding map.entry [created_at] - [2025-08-10T02:11:43.538054Z]
2025-08-09T23:11:43.539-03:00 DEBUG 97564 --- [beauty-salon-backend] [ool-3-thread-12] [                                                 ] o.s.d.c.c.c.MappingCassandraConverter    : doWithProperties Property.type java.time.Instant, Property.value 2025-08-10T02:11:43.538054Z
2025-08-09T23:11:43.539-03:00 DEBUG 97564 --- [beauty-salon-backend] [ool-3-thread-12] [                                                 ] o.s.d.c.c.c.MappingCassandraConverter    : Adding map.entry [updated_at] - [2025-08-10T02:11:43.538054Z]
2025-08-09T23:11:43.539-03:00 DEBUG 97564 --- [beauty-salon-backend] [ool-3-thread-12] [                                                 ] o.s.data.cassandra.core.cql.CqlTemplate  : Preparing statement [INSERT INTO customers (id,name,email,phone,address,created_at,updated_at) VALUES (?,?,?,?,?,?,?)] using org.springframework.data.cassandra.core.CassandraTemplate$PreparedStatementHandler@53e31e93
2025-08-09T23:11:43.539-03:00 DEBUG 97564 --- [beauty-salon-backend] [ool-3-thread-12] [                                                 ] o.s.data.cassandra.core.cql.CqlTemplate  : Executing prepared statement [INSERT INTO customers (id,name,email,phone,address,created_at,updated_at) VALUES (?,?,?,?,?,?,?)]
2025-08-09T23:11:43.538-03:00 DEBUG 97564 --- [beauty-salon-backend] [pool-3-thread-2] [                                                 ] o.s.d.c.c.c.MappingCassandraConverter    : doWithProperties Property.type java.lang.String, Property.value 5550000120
2025-08-09T23:11:43.541-03:00 DEBUG 97564 --- [beauty-salon-backend] [pool-3-thread-2] [                                                 ] o.s.d.c.c.c.MappingCassandraConverter    : Adding map.entry [phone] - [5550000120]
2025-08-09T23:11:43.541-03:00 DEBUG 97564 --- [beauty-salon-backend] [ool-3-thread-21] [                                                 ] o.s.data.cassandra.core.cql.CqlTemplate  : Preparing statement [SELECT * FROM customers] using org.springframework.data.cassandra.core.CassandraTemplate$PreparedStatementHandler@6f03c256
2025-08-09T23:11:43.541-03:00 DEBUG 97564 --- [beauty-salon-backend] [pool-3-thread-2] [                                                 ] o.s.d.c.c.c.MappingCassandraConverter    : doWithProperties Property.type java.lang.String, Property.value Pool St 120
2025-08-09T23:11:43.541-03:00 DEBUG 97564 --- [beauty-salon-backend] [pool-3-thread-2] [                                                 ] o.s.d.c.c.c.MappingCassandraConverter    : Adding map.entry [address] - [Pool St 120]
2025-08-09T23:11:43.541-03:00 DEBUG 97564 --- [beauty-salon-backend] [pool-3-thread-2] [                                                 ] o.s.d.c.c.c.MappingCassandraConverter    : doWithProperties Property.type java.time.Instant, Property.value 2025-08-10T02:11:43.538399Z
2025-08-09T23:11:43.541-03:00 DEBUG 97564 --- [beauty-salon-backend] [pool-3-thread-2] [                                                 ] o.s.d.c.c.c.MappingCassandraConverter    : Adding map.entry [created_at] - [2025-08-10T02:11:43.538399Z]
2025-08-09T23:11:43.541-03:00 DEBUG 97564 --- [beauty-salon-backend] [pool-3-thread-2] [                                                 ] o.s.d.c.c.c.MappingCassandraConverter    : doWithProperties Property.type java.time.Instant, Property.value 2025-08-10T02:11:43.538400Z
2025-08-09T23:11:43.541-03:00 DEBUG 97564 --- [beauty-salon-backend] [pool-3-thread-2] [                                                 ] o.s.d.c.c.c.MappingCassandraConverter    : Adding map.entry [updated_at] - [2025-08-10T02:11:43.538400Z]
2025-08-09T23:11:43.541-03:00 DEBUG 97564 --- [beauty-salon-backend] [ool-3-thread-16] [                                                 ] o.s.data.cassandra.core.cql.CqlTemplate  : Preparing statement [SELECT * FROM customers] using org.springframework.data.cassandra.core.CassandraTemplate$PreparedStatementHandler@79581b6d
2025-08-09T23:11:43.542-03:00 DEBUG 97564 --- [beauty-salon-backend] [ool-3-thread-16] [                                                 ] o.s.data.cassandra.core.cql.CqlTemplate  : Executing prepared statement [SELECT * FROM customers]
2025-08-09T23:11:43.542-03:00 DEBUG 97564 --- [beauty-salon-backend] [pool-3-thread-2] [                                                 ] o.s.data.cassandra.core.cql.CqlTemplate  : Preparing statement [INSERT INTO customers (id,name,email,phone,address,created_at,updated_at) VALUES (?,?,?,?,?,?,?)] using org.springframework.data.cassandra.core.CassandraTemplate$PreparedStatementHandler@4f2769fd
2025-08-09T23:11:43.542-03:00 DEBUG 97564 --- [beauty-salon-backend] [pool-3-thread-2] [                                                 ] o.s.data.cassandra.core.cql.CqlTemplate  : Executing prepared statement [INSERT INTO customers (id,name,email,phone,address,created_at,updated_at) VALUES (?,?,?,?,?,?,?)]
2025-08-09T23:11:43.539-03:00 DEBUG 97564 --- [beauty-salon-backend] [ool-3-thread-32] [                                                 ] o.s.d.c.c.c.MappingCassandraConverter    : Adding map.entry [address] - [Pool St 129]
2025-08-09T23:11:43.542-03:00 DEBUG 97564 --- [beauty-salon-backend] [ool-3-thread-28] [                                                 ] o.s.d.c.c.c.MappingCassandraConverter    : doWithProperties Property.type java.util.UUID, Property.value f60f6079-1b14-4bea-b121-932f4b84b1c1
2025-08-09T23:11:43.542-03:00 DEBUG 97564 --- [beauty-salon-backend] [ool-3-thread-28] [                                                 ] o.s.d.c.c.c.MappingCassandraConverter    : Adding map.entry [id] - [f60f6079-1b14-4bea-b121-932f4b84b1c1]
2025-08-09T23:11:43.542-03:00 DEBUG 97564 --- [beauty-salon-backend] [ool-3-thread-49] [                                                 ] o.s.data.cassandra.core.cql.CqlTemplate  : Preparing statement [SELECT * FROM customers] using org.springframework.data.cassandra.core.CassandraTemplate$PreparedStatementHandler@4cbea6e9
2025-08-09T23:11:43.542-03:00 DEBUG 97564 --- [beauty-salon-backend] [ool-3-thread-28] [                                                 ] o.s.d.c.c.c.MappingCassandraConverter    : doWithProperties Property.type java.lang.String, Property.value Pool Test 135
2025-08-09T23:11:43.542-03:00 DEBUG 97564 --- [beauty-salon-backend] [ool-3-thread-32] [                                                 ] o.s.d.c.c.c.MappingCassandraConverter    : doWithProperties Property.type java.time.Instant, Property.value 2025-08-10T02:11:43.536628Z
2025-08-09T23:11:43.542-03:00 DEBUG 97564 --- [beauty-salon-backend] [ool-3-thread-32] [                                                 ] o.s.d.c.c.c.MappingCassandraConverter    : Adding map.entry [created_at] - [2025-08-10T02:11:43.536628Z]
2025-08-09T23:11:43.541-03:00 DEBUG 97564 --- [beauty-salon-backend] [ool-3-thread-21] [                                                 ] o.s.data.cassandra.core.cql.CqlTemplate  : Executing prepared statement [SELECT * FROM customers]
2025-08-09T23:11:43.543-03:00 DEBUG 97564 --- [beauty-salon-backend] [ool-3-thread-38] [                                                 ] o.s.data.cassandra.core.cql.CqlTemplate  : Preparing statement [SELECT * FROM customers] using org.springframework.data.cassandra.core.CassandraTemplate$PreparedStatementHandler@6441d399
2025-08-09T23:11:43.542-03:00 DEBUG 97564 --- [beauty-salon-backend] [ool-3-thread-28] [                                                 ] o.s.d.c.c.c.MappingCassandraConverter    : Adding map.entry [name] - [Pool Test 135]
2025-08-09T23:11:43.543-03:00 DEBUG 97564 --- [beauty-salon-backend] [ool-3-thread-38] [                                                 ] o.s.data.cassandra.core.cql.CqlTemplate  : Executing prepared statement [SELECT * FROM customers]
2025-08-09T23:11:43.543-03:00 DEBUG 97564 --- [beauty-salon-backend] [ool-3-thread-28] [                                                 ] o.s.d.c.c.c.MappingCassandraConverter    : doWithProperties Property.type java.lang.String, Property.value pool135@test.com
2025-08-09T23:11:43.543-03:00 DEBUG 97564 --- [beauty-salon-backend] [ool-3-thread-28] [                                                 ] o.s.d.c.c.c.MappingCassandraConverter    : Adding map.entry [email] - [pool135@test.com]
2025-08-09T23:11:43.542-03:00 DEBUG 97564 --- [beauty-salon-backend] [ool-3-thread-49] [                                                 ] o.s.data.cassandra.core.cql.CqlTemplate  : Executing prepared statement [SELECT * FROM customers]
2025-08-09T23:11:43.543-03:00 DEBUG 97564 --- [beauty-salon-backend] [ool-3-thread-28] [                                                 ] o.s.d.c.c.c.MappingCassandraConverter    : doWithProperties Property.type java.lang.String, Property.value 5550000135
2025-08-09T23:11:43.543-03:00 DEBUG 97564 --- [beauty-salon-backend] [ool-3-thread-28] [                                                 ] o.s.d.c.c.c.MappingCassandraConverter    : Adding map.entry [phone] - [5550000135]
2025-08-09T23:11:43.543-03:00 DEBUG 97564 --- [beauty-salon-backend] [ool-3-thread-28] [                                                 ] o.s.d.c.c.c.MappingCassandraConverter    : doWithProperties Property.type java.lang.String, Property.value Pool St 135
2025-08-09T23:11:43.543-03:00 DEBUG 97564 --- [beauty-salon-backend] [ool-3-thread-28] [                                                 ] o.s.d.c.c.c.MappingCassandraConverter    : Adding map.entry [address] - [Pool St 135]
2025-08-09T23:11:43.543-03:00 DEBUG 97564 --- [beauty-salon-backend] [ool-3-thread-28] [                                                 ] o.s.d.c.c.c.MappingCassandraConverter    : doWithProperties Property.type java.time.Instant, Property.value 2025-08-10T02:11:43.542715Z
2025-08-09T23:11:43.543-03:00 DEBUG 97564 --- [beauty-salon-backend] [ool-3-thread-28] [                                                 ] o.s.d.c.c.c.MappingCassandraConverter    : Adding map.entry [created_at] - [2025-08-10T02:11:43.542715Z]
2025-08-09T23:11:43.543-03:00 DEBUG 97564 --- [beauty-salon-backend] [ool-3-thread-28] [                                                 ] o.s.d.c.c.c.MappingCassandraConverter    : doWithProperties Property.type java.time.Instant, Property.value 2025-08-10T02:11:43.542716Z
2025-08-09T23:11:43.543-03:00 DEBUG 97564 --- [beauty-salon-backend] [ool-3-thread-28] [                                                 ] o.s.d.c.c.c.MappingCassandraConverter    : Adding map.entry [updated_at] - [2025-08-10T02:11:43.542716Z]
2025-08-09T23:11:43.543-03:00 DEBUG 97564 --- [beauty-salon-backend] [ool-3-thread-32] [                                                 ] o.s.d.c.c.c.MappingCassandraConverter    : doWithProperties Property.type java.time.Instant, Property.value 2025-08-10T02:11:43.536628Z
2025-08-09T23:11:43.543-03:00 DEBUG 97564 --- [beauty-salon-backend] [ool-3-thread-32] [                                                 ] o.s.d.c.c.c.MappingCassandraConverter    : Adding map.entry [updated_at] - [2025-08-10T02:11:43.536628Z]
2025-08-09T23:11:43.543-03:00 DEBUG 97564 --- [beauty-salon-backend] [ool-3-thread-39] [                                                 ] o.s.d.c.c.c.MappingCassandraConverter    : doWithProperties Property.type java.util.UUID, Property.value e81bdfad-0cf5-4d78-bd14-158f27475d1d
2025-08-09T23:11:43.543-03:00 DEBUG 97564 --- [beauty-salon-backend] [ool-3-thread-39] [                                                 ] o.s.d.c.c.c.MappingCassandraConverter    : Adding map.entry [id] - [e81bdfad-0cf5-4d78-bd14-158f27475d1d]
2025-08-09T23:11:43.543-03:00 DEBUG 97564 --- [beauty-salon-backend] [ool-3-thread-39] [                                                 ] o.s.d.c.c.c.MappingCassandraConverter    : doWithProperties Property.type java.lang.String, Property.value Pool Test 105
2025-08-09T23:11:43.543-03:00 DEBUG 97564 --- [beauty-salon-backend] [ool-3-thread-39] [                                                 ] o.s.d.c.c.c.MappingCassandraConverter    : Adding map.entry [name] - [Pool Test 105]
2025-08-09T23:11:43.543-03:00 DEBUG 97564 --- [beauty-salon-backend] [ool-3-thread-28] [                                                 ] o.s.data.cassandra.core.cql.CqlTemplate  : Preparing statement [INSERT INTO customers (id,name,email,phone,address,created_at,updated_at) VALUES (?,?,?,?,?,?,?)] using org.springframework.data.cassandra.core.CassandraTemplate$PreparedStatementHandler@77ef1075
2025-08-09T23:11:43.543-03:00 DEBUG 97564 --- [beauty-salon-backend] [ool-3-thread-39] [                                                 ] o.s.d.c.c.c.MappingCassandraConverter    : doWithProperties Property.type java.lang.String, Property.value pool105@test.com
2025-08-09T23:11:43.544-03:00 DEBUG 97564 --- [beauty-salon-backend] [ool-3-thread-39] [                                                 ] o.s.d.c.c.c.MappingCassandraConverter    : Adding map.entry [email] - [pool105@test.com]
2025-08-09T23:11:43.544-03:00 DEBUG 97564 --- [beauty-salon-backend] [ool-3-thread-28] [                                                 ] o.s.data.cassandra.core.cql.CqlTemplate  : Executing prepared statement [INSERT INTO customers (id,name,email,phone,address,created_at,updated_at) VALUES (?,?,?,?,?,?,?)]
2025-08-09T23:11:43.544-03:00 DEBUG 97564 --- [beauty-salon-backend] [ool-3-thread-39] [                                                 ] o.s.d.c.c.c.MappingCassandraConverter    : doWithProperties Property.type java.lang.String, Property.value 5550000105
2025-08-09T23:11:43.544-03:00 DEBUG 97564 --- [beauty-salon-backend] [ool-3-thread-39] [                                                 ] o.s.d.c.c.c.MappingCassandraConverter    : Adding map.entry [phone] - [5550000105]
2025-08-09T23:11:43.544-03:00 DEBUG 97564 --- [beauty-salon-backend] [ool-3-thread-39] [                                                 ] o.s.d.c.c.c.MappingCassandraConverter    : doWithProperties Property.type java.lang.String, Property.value Pool St 105
2025-08-09T23:11:43.544-03:00 DEBUG 97564 --- [beauty-salon-backend] [ool-3-thread-39] [                                                 ] o.s.d.c.c.c.MappingCassandraConverter    : Adding map.entry [address] - [Pool St 105]
2025-08-09T23:11:43.544-03:00 DEBUG 97564 --- [beauty-salon-backend] [ool-3-thread-32] [                                                 ] o.s.data.cassandra.core.cql.CqlTemplate  : Preparing statement [INSERT INTO customers (id,name,email,phone,address,created_at,updated_at) VALUES (?,?,?,?,?,?,?)] using org.springframework.data.cassandra.core.CassandraTemplate$PreparedStatementHandler@4cc393e5
2025-08-09T23:11:43.543-03:00 DEBUG 97564 --- [beauty-salon-backend] [ool-3-thread-23] [                                                 ] o.s.d.c.c.c.MappingCassandraConverter    : doWithProperties Property.type java.util.UUID, Property.value 6ffe3a06-b54a-4056-9a97-3211a4af36ef
2025-08-09T23:11:43.544-03:00 DEBUG 97564 --- [beauty-salon-backend] [ool-3-thread-32] [                                                 ] o.s.data.cassandra.core.cql.CqlTemplate  : Executing prepared statement [INSERT INTO customers (id,name,email,phone,address,created_at,updated_at) VALUES (?,?,?,?,?,?,?)]
2025-08-09T23:11:43.544-03:00 DEBUG 97564 --- [beauty-salon-backend] [ool-3-thread-39] [                                                 ] o.s.d.c.c.c.MappingCassandraConverter    : doWithProperties Property.type java.time.Instant, Property.value 2025-08-10T02:11:43.543822Z
2025-08-09T23:11:43.545-03:00 DEBUG 97564 --- [beauty-salon-backend] [ool-3-thread-39] [                                                 ] o.s.d.c.c.c.MappingCassandraConverter    : Adding map.entry [created_at] - [2025-08-10T02:11:43.543822Z]
2025-08-09T23:11:43.560-03:00 DEBUG 97564 --- [beauty-salon-backend] [ool-3-thread-39] [                                                 ] o.s.d.c.c.c.MappingCassandraConverter    : doWithProperties Property.type java.time.Instant, Property.value 2025-08-10T02:11:43.543823Z
2025-08-09T23:11:43.560-03:00 DEBUG 97564 --- [beauty-salon-backend] [ool-3-thread-39] [                                                 ] o.s.d.c.c.c.MappingCassandraConverter    : Adding map.entry [updated_at] - [2025-08-10T02:11:43.543823Z]
2025-08-09T23:11:43.544-03:00 DEBUG 97564 --- [beauty-salon-backend] [ool-3-thread-23] [                                                 ] o.s.d.c.c.c.MappingCassandraConverter    : Adding map.entry [id] - [6ffe3a06-b54a-4056-9a97-3211a4af36ef]
2025-08-09T23:11:43.560-03:00 DEBUG 97564 --- [beauty-salon-backend] [ool-3-thread-39] [                                                 ] o.s.data.cassandra.core.cql.CqlTemplate  : Preparing statement [INSERT INTO customers (id,name,email,phone,address,created_at,updated_at) VALUES (?,?,?,?,?,?,?)] using org.springframework.data.cassandra.core.CassandraTemplate$PreparedStatementHandler@2b3a9255
2025-08-09T23:11:43.560-03:00 DEBUG 97564 --- [beauty-salon-backend] [ool-3-thread-23] [                                                 ] o.s.d.c.c.c.MappingCassandraConverter    : doWithProperties Property.type java.lang.String, Property.value Pool Test 108
2025-08-09T23:11:43.560-03:00 DEBUG 97564 --- [beauty-salon-backend] [ool-3-thread-23] [                                                 ] o.s.d.c.c.c.MappingCassandraConverter    : Adding map.entry [name] - [Pool Test 108]
2025-08-09T23:11:43.560-03:00 DEBUG 97564 --- [beauty-salon-backend] [ool-3-thread-23] [                                                 ] o.s.d.c.c.c.MappingCassandraConverter    : doWithProperties Property.type java.lang.String, Property.value pool108@test.com
2025-08-09T23:11:43.561-03:00 DEBUG 97564 --- [beauty-salon-backend] [ool-3-thread-23] [                                                 ] o.s.d.c.c.c.MappingCassandraConverter    : Adding map.entry [email] - [pool108@test.com]
2025-08-09T23:11:43.561-03:00 DEBUG 97564 --- [beauty-salon-backend] [ool-3-thread-23] [                                                 ] o.s.d.c.c.c.MappingCassandraConverter    : doWithProperties Property.type java.lang.String, Property.value 5550000108
2025-08-09T23:11:43.561-03:00 DEBUG 97564 --- [beauty-salon-backend] [ool-3-thread-23] [                                                 ] o.s.d.c.c.c.MappingCassandraConverter    : Adding map.entry [phone] - [5550000108]
2025-08-09T23:11:43.562-03:00 DEBUG 97564 --- [beauty-salon-backend] [ool-3-thread-23] [                                                 ] o.s.d.c.c.c.MappingCassandraConverter    : doWithProperties Property.type java.lang.String, Property.value Pool St 108
2025-08-09T23:11:43.563-03:00 DEBUG 97564 --- [beauty-salon-backend] [ool-3-thread-23] [                                                 ] o.s.d.c.c.c.MappingCassandraConverter    : Adding map.entry [address] - [Pool St 108]
2025-08-09T23:11:43.563-03:00 DEBUG 97564 --- [beauty-salon-backend] [ool-3-thread-23] [                                                 ] o.s.d.c.c.c.MappingCassandraConverter    : doWithProperties Property.type java.time.Instant, Property.value 2025-08-10T02:11:43.543267Z
2025-08-09T23:11:43.563-03:00 DEBUG 97564 --- [beauty-salon-backend] [ool-3-thread-23] [                                                 ] o.s.d.c.c.c.MappingCassandraConverter    : Adding map.entry [created_at] - [2025-08-10T02:11:43.543267Z]
2025-08-09T23:11:43.563-03:00 DEBUG 97564 --- [beauty-salon-backend] [ool-3-thread-23] [                                                 ] o.s.d.c.c.c.MappingCassandraConverter    : doWithProperties Property.type java.time.Instant, Property.value 2025-08-10T02:11:43.543267Z
2025-08-09T23:11:43.563-03:00 DEBUG 97564 --- [beauty-salon-backend] [ool-3-thread-23] [                                                 ] o.s.d.c.c.c.MappingCassandraConverter    : Adding map.entry [updated_at] - [2025-08-10T02:11:43.543267Z]
2025-08-09T23:11:43.563-03:00 DEBUG 97564 --- [beauty-salon-backend] [ool-3-thread-23] [                                                 ] o.s.data.cassandra.core.cql.CqlTemplate  : Preparing statement [INSERT INTO customers (id,name,email,phone,address,created_at,updated_at) VALUES (?,?,?,?,?,?,?)] using org.springframework.data.cassandra.core.CassandraTemplate$PreparedStatementHandler@4721ec96
2025-08-09T23:11:43.564-03:00 DEBUG 97564 --- [beauty-salon-backend] [ool-3-thread-23] [                                                 ] o.s.data.cassandra.core.cql.CqlTemplate  : Executing prepared statement [INSERT INTO customers (id,name,email,phone,address,created_at,updated_at) VALUES (?,?,?,?,?,?,?)]
2025-08-09T23:11:43.560-03:00 DEBUG 97564 --- [beauty-salon-backend] [ool-3-thread-39] [                                                 ] o.s.data.cassandra.core.cql.CqlTemplate  : Executing prepared statement [INSERT INTO customers (id,name,email,phone,address,created_at,updated_at) VALUES (?,?,?,?,?,?,?)]
2025-08-09T23:11:43.565-03:00 DEBUG 97564 --- [beauty-salon-backend] [pool-3-thread-2] [                                                 ] o.s.data.cassandra.core.cql.CqlTemplate  : Preparing statement [SELECT * FROM customers] using org.springframework.data.cassandra.core.CassandraTemplate$PreparedStatementHandler@3799ec13
2025-08-09T23:11:43.565-03:00 DEBUG 97564 --- [beauty-salon-backend] [pool-3-thread-2] [                                                 ] o.s.data.cassandra.core.cql.CqlTemplate  : Executing prepared statement [SELECT * FROM customers]
2025-08-09T23:11:43.566-03:00 DEBUG 97564 --- [beauty-salon-backend] [ool-3-thread-44] [                                                 ] o.s.data.cassandra.core.cql.CqlTemplate  : Preparing statement [SELECT * FROM customers] using org.springframework.data.cassandra.core.CassandraTemplate$PreparedStatementHandler@5985b025
2025-08-09T23:11:43.566-03:00 DEBUG 97564 --- [beauty-salon-backend] [ool-3-thread-44] [                                                 ] o.s.data.cassandra.core.cql.CqlTemplate  : Executing prepared statement [SELECT * FROM customers]
2025-08-09T23:11:43.563-03:00 DEBUG 97564 --- [beauty-salon-backend] [ool-3-thread-47] [                                                 ] o.s.data.cassandra.core.cql.CqlTemplate  : Preparing statement [SELECT * FROM customers] using org.springframework.data.cassandra.core.CassandraTemplate$PreparedStatementHandler@68f677e9
2025-08-09T23:11:43.566-03:00 DEBUG 97564 --- [beauty-salon-backend] [ool-3-thread-12] [                                                 ] o.s.d.c.c.c.MappingCassandraConverter    : doWithProperties Property.type java.util.UUID, Property.value 94acff92-e225-4bb7-9c28-6dbcb9745aaa
2025-08-09T23:11:43.566-03:00 DEBUG 97564 --- [beauty-salon-backend] [ool-3-thread-47] [                                                 ] o.s.data.cassandra.core.cql.CqlTemplate  : Executing prepared statement [SELECT * FROM customers]
2025-08-09T23:11:43.566-03:00 DEBUG 97564 --- [beauty-salon-backend] [ool-3-thread-12] [                                                 ] o.s.d.c.c.c.MappingCassandraConverter    : Adding map.entry [id] - [94acff92-e225-4bb7-9c28-6dbcb9745aaa]
2025-08-09T23:11:43.566-03:00 DEBUG 97564 --- [beauty-salon-backend] [ool-3-thread-12] [                                                 ] o.s.d.c.c.c.MappingCassandraConverter    : doWithProperties Property.type java.lang.String, Property.value Pool Test 144
2025-08-09T23:11:43.566-03:00 DEBUG 97564 --- [beauty-salon-backend] [ool-3-thread-12] [                                                 ] o.s.d.c.c.c.MappingCassandraConverter    : Adding map.entry [name] - [Pool Test 144]
2025-08-09T23:11:43.567-03:00 DEBUG 97564 --- [beauty-salon-backend] [ool-3-thread-12] [                                                 ] o.s.d.c.c.c.MappingCassandraConverter    : doWithProperties Property.type java.lang.String, Property.value pool144@test.com
2025-08-09T23:11:43.567-03:00 DEBUG 97564 --- [beauty-salon-backend] [ool-3-thread-12] [                                                 ] o.s.d.c.c.c.MappingCassandraConverter    : Adding map.entry [email] - [pool144@test.com]
2025-08-09T23:11:43.567-03:00 DEBUG 97564 --- [beauty-salon-backend] [ool-3-thread-40] [                                                 ] o.s.d.c.c.c.MappingCassandraConverter    : doWithProperties Property.type java.util.UUID, Property.value 51b598f5-1405-41c7-a9ec-7081c2054c39
2025-08-09T23:11:43.567-03:00 DEBUG 97564 --- [beauty-salon-backend] [ool-3-thread-46] [                                                 ] o.s.data.cassandra.core.cql.CqlTemplate  : Preparing statement [SELECT * FROM customers] using org.springframework.data.cassandra.core.CassandraTemplate$PreparedStatementHandler@190e5f01
2025-08-09T23:11:43.567-03:00 DEBUG 97564 --- [beauty-salon-backend] [ool-3-thread-46] [                                                 ] o.s.data.cassandra.core.cql.CqlTemplate  : Executing prepared statement [SELECT * FROM customers]
2025-08-09T23:11:43.567-03:00 DEBUG 97564 --- [beauty-salon-backend] [ool-3-thread-12] [                                                 ] o.s.d.c.c.c.MappingCassandraConverter    : doWithProperties Property.type java.lang.String, Property.value 5550000144
2025-08-09T23:11:43.567-03:00 DEBUG 97564 --- [beauty-salon-backend] [ool-3-thread-12] [                                                 ] o.s.d.c.c.c.MappingCassandraConverter    : Adding map.entry [phone] - [5550000144]
2025-08-09T23:11:43.567-03:00 DEBUG 97564 --- [beauty-salon-backend] [ool-3-thread-28] [                                                 ] o.s.data.cassandra.core.cql.CqlTemplate  : Preparing statement [SELECT * FROM customers] using org.springframework.data.cassandra.core.CassandraTemplate$PreparedStatementHandler@2f839dc4
2025-08-09T23:11:43.567-03:00 DEBUG 97564 --- [beauty-salon-backend] [ool-3-thread-28] [                                                 ] o.s.data.cassandra.core.cql.CqlTemplate  : Executing prepared statement [SELECT * FROM customers]
2025-08-09T23:11:43.567-03:00 DEBUG 97564 --- [beauty-salon-backend] [ool-3-thread-12] [                                                 ] o.s.d.c.c.c.MappingCassandraConverter    : doWithProperties Property.type java.lang.String, Property.value Pool St 144
2025-08-09T23:11:43.567-03:00 DEBUG 97564 --- [beauty-salon-backend] [ool-3-thread-12] [                                                 ] o.s.d.c.c.c.MappingCassandraConverter    : Adding map.entry [address] - [Pool St 144]
2025-08-09T23:11:43.567-03:00 DEBUG 97564 --- [beauty-salon-backend] [ool-3-thread-40] [                                                 ] o.s.d.c.c.c.MappingCassandraConverter    : Adding map.entry [id] - [51b598f5-1405-41c7-a9ec-7081c2054c39]
2025-08-09T23:11:43.567-03:00 DEBUG 97564 --- [beauty-salon-backend] [ool-3-thread-40] [                                                 ] o.s.d.c.c.c.MappingCassandraConverter    : doWithProperties Property.type java.lang.String, Property.value Pool Test 96
2025-08-09T23:11:43.567-03:00 DEBUG 97564 --- [beauty-salon-backend] [ool-3-thread-40] [                                                 ] o.s.d.c.c.c.MappingCassandraConverter    : Adding map.entry [name] - [Pool Test 96]
2025-08-09T23:11:43.567-03:00 DEBUG 97564 --- [beauty-salon-backend] [ool-3-thread-12] [                                                 ] o.s.d.c.c.c.MappingCassandraConverter    : doWithProperties Property.type java.time.Instant, Property.value 2025-08-10T02:11:43.566519Z
2025-08-09T23:11:43.567-03:00 DEBUG 97564 --- [beauty-salon-backend] [ool-3-thread-40] [                                                 ] o.s.d.c.c.c.MappingCassandraConverter    : doWithProperties Property.type java.lang.String, Property.value pool96@test.com
2025-08-09T23:11:43.567-03:00 DEBUG 97564 --- [beauty-salon-backend] [ool-3-thread-12] [                                                 ] o.s.d.c.c.c.MappingCassandraConverter    : Adding map.entry [created_at] - [2025-08-10T02:11:43.566519Z]
2025-08-09T23:11:43.567-03:00 DEBUG 97564 --- [beauty-salon-backend] [ool-3-thread-12] [                                                 ] o.s.d.c.c.c.MappingCassandraConverter    : doWithProperties Property.type java.time.Instant, Property.value 2025-08-10T02:11:43.566520Z
2025-08-09T23:11:43.567-03:00 DEBUG 97564 --- [beauty-salon-backend] [ool-3-thread-12] [                                                 ] o.s.d.c.c.c.MappingCassandraConverter    : Adding map.entry [updated_at] - [2025-08-10T02:11:43.566520Z]
2025-08-09T23:11:43.568-03:00 DEBUG 97564 --- [beauty-salon-backend] [ool-3-thread-12] [                                                 ] o.s.data.cassandra.core.cql.CqlTemplate  : Preparing statement [INSERT INTO customers (id,name,email,phone,address,created_at,updated_at) VALUES (?,?,?,?,?,?,?)] using org.springframework.data.cassandra.core.CassandraTemplate$PreparedStatementHandler@7a850172
2025-08-09T23:11:43.567-03:00 DEBUG 97564 --- [beauty-salon-backend] [ool-3-thread-32] [                                                 ] o.s.data.cassandra.core.cql.CqlTemplate  : Preparing statement [SELECT * FROM customers] using org.springframework.data.cassandra.core.CassandraTemplate$PreparedStatementHandler@1d1813e2
2025-08-09T23:11:43.568-03:00 DEBUG 97564 --- [beauty-salon-backend] [ool-3-thread-32] [                                                 ] o.s.data.cassandra.core.cql.CqlTemplate  : Executing prepared statement [SELECT * FROM customers]
2025-08-09T23:11:43.568-03:00 DEBUG 97564 --- [beauty-salon-backend] [ool-3-thread-12] [                                                 ] o.s.data.cassandra.core.cql.CqlTemplate  : Executing prepared statement [INSERT INTO customers (id,name,email,phone,address,created_at,updated_at) VALUES (?,?,?,?,?,?,?)]
2025-08-09T23:11:43.567-03:00 DEBUG 97564 --- [beauty-salon-backend] [ool-3-thread-40] [                                                 ] o.s.d.c.c.c.MappingCassandraConverter    : Adding map.entry [email] - [pool96@test.com]
2025-08-09T23:11:43.568-03:00 DEBUG 97564 --- [beauty-salon-backend] [ool-3-thread-40] [                                                 ] o.s.d.c.c.c.MappingCassandraConverter    : doWithProperties Property.type java.lang.String, Property.value 5550000096
2025-08-09T23:11:43.568-03:00 DEBUG 97564 --- [beauty-salon-backend] [ool-3-thread-40] [                                                 ] o.s.d.c.c.c.MappingCassandraConverter    : Adding map.entry [phone] - [5550000096]
2025-08-09T23:11:43.568-03:00 DEBUG 97564 --- [beauty-salon-backend] [ool-3-thread-40] [                                                 ] o.s.d.c.c.c.MappingCassandraConverter    : doWithProperties Property.type java.lang.String, Property.value Pool St 96
2025-08-09T23:11:43.568-03:00 DEBUG 97564 --- [beauty-salon-backend] [ool-3-thread-40] [                                                 ] o.s.d.c.c.c.MappingCassandraConverter    : Adding map.entry [address] - [Pool St 96]
2025-08-09T23:11:43.568-03:00 DEBUG 97564 --- [beauty-salon-backend] [ool-3-thread-40] [                                                 ] o.s.d.c.c.c.MappingCassandraConverter    : doWithProperties Property.type java.time.Instant, Property.value 2025-08-10T02:11:43.567144Z
2025-08-09T23:11:43.568-03:00 DEBUG 97564 --- [beauty-salon-backend] [ool-3-thread-40] [                                                 ] o.s.d.c.c.c.MappingCassandraConverter    : Adding map.entry [created_at] - [2025-08-10T02:11:43.567144Z]
2025-08-09T23:11:43.568-03:00 DEBUG 97564 --- [beauty-salon-backend] [ool-3-thread-40] [                                                 ] o.s.d.c.c.c.MappingCassandraConverter    : doWithProperties Property.type java.time.Instant, Property.value 2025-08-10T02:11:43.567144Z
2025-08-09T23:11:43.568-03:00 DEBUG 97564 --- [beauty-salon-backend] [ool-3-thread-40] [                                                 ] o.s.d.c.c.c.MappingCassandraConverter    : Adding map.entry [updated_at] - [2025-08-10T02:11:43.567144Z]
2025-08-09T23:11:43.568-03:00 DEBUG 97564 --- [beauty-salon-backend] [ool-3-thread-40] [                                                 ] o.s.data.cassandra.core.cql.CqlTemplate  : Preparing statement [INSERT INTO customers (id,name,email,phone,address,created_at,updated_at) VALUES (?,?,?,?,?,?,?)] using org.springframework.data.cassandra.core.CassandraTemplate$PreparedStatementHandler@3e3f1ccd
2025-08-09T23:11:43.568-03:00 DEBUG 97564 --- [beauty-salon-backend] [ool-3-thread-40] [                                                 ] o.s.data.cassandra.core.cql.CqlTemplate  : Executing prepared statement [INSERT INTO customers (id,name,email,phone,address,created_at,updated_at) VALUES (?,?,?,?,?,?,?)]
2025-08-09T23:11:43.571-03:00 DEBUG 97564 --- [beauty-salon-backend] [pool-3-thread-9] [                                                 ] o.s.d.c.c.c.MappingCassandraConverter    : doWithProperties Property.type java.util.UUID, Property.value 5be9b65d-98b1-4723-918f-673b63e5aab5
2025-08-09T23:11:43.571-03:00 DEBUG 97564 --- [beauty-salon-backend] [pool-3-thread-9] [                                                 ] o.s.d.c.c.c.MappingCassandraConverter    : Adding map.entry [id] - [5be9b65d-98b1-4723-918f-673b63e5aab5]
2025-08-09T23:11:43.571-03:00 DEBUG 97564 --- [beauty-salon-backend] [pool-3-thread-9] [                                                 ] o.s.d.c.c.c.MappingCassandraConverter    : doWithProperties Property.type java.lang.String, Property.value Pool Test 150
2025-08-09T23:11:43.571-03:00 DEBUG 97564 --- [beauty-salon-backend] [pool-3-thread-9] [                                                 ] o.s.d.c.c.c.MappingCassandraConverter    : Adding map.entry [name] - [Pool Test 150]
2025-08-09T23:11:43.571-03:00 DEBUG 97564 --- [beauty-salon-backend] [pool-3-thread-9] [                                                 ] o.s.d.c.c.c.MappingCassandraConverter    : doWithProperties Property.type java.lang.String, Property.value pool150@test.com
2025-08-09T23:11:43.571-03:00 DEBUG 97564 --- [beauty-salon-backend] [pool-3-thread-9] [                                                 ] o.s.d.c.c.c.MappingCassandraConverter    : Adding map.entry [email] - [pool150@test.com]
2025-08-09T23:11:43.571-03:00 DEBUG 97564 --- [beauty-salon-backend] [pool-3-thread-9] [                                                 ] o.s.d.c.c.c.MappingCassandraConverter    : doWithProperties Property.type java.lang.String, Property.value 5550000150
2025-08-09T23:11:43.571-03:00 DEBUG 97564 --- [beauty-salon-backend] [pool-3-thread-9] [                                                 ] o.s.d.c.c.c.MappingCassandraConverter    : Adding map.entry [phone] - [5550000150]
2025-08-09T23:11:43.571-03:00 DEBUG 97564 --- [beauty-salon-backend] [pool-3-thread-9] [                                                 ] o.s.d.c.c.c.MappingCassandraConverter    : doWithProperties Property.type java.lang.String, Property.value Pool St 150
2025-08-09T23:11:43.571-03:00 DEBUG 97564 --- [beauty-salon-backend] [pool-3-thread-9] [                                                 ] o.s.d.c.c.c.MappingCassandraConverter    : Adding map.entry [address] - [Pool St 150]
2025-08-09T23:11:43.571-03:00 DEBUG 97564 --- [beauty-salon-backend] [pool-3-thread-9] [                                                 ] o.s.d.c.c.c.MappingCassandraConverter    : doWithProperties Property.type java.time.Instant, Property.value 2025-08-10T02:11:43.570993Z
2025-08-09T23:11:43.571-03:00 DEBUG 97564 --- [beauty-salon-backend] [pool-3-thread-9] [                                                 ] o.s.d.c.c.c.MappingCassandraConverter    : Adding map.entry [created_at] - [2025-08-10T02:11:43.570993Z]
2025-08-09T23:11:43.571-03:00 DEBUG 97564 --- [beauty-salon-backend] [pool-3-thread-9] [                                                 ] o.s.d.c.c.c.MappingCassandraConverter    : doWithProperties Property.type java.time.Instant, Property.value 2025-08-10T02:11:43.570993Z
2025-08-09T23:11:43.571-03:00 DEBUG 97564 --- [beauty-salon-backend] [pool-3-thread-9] [                                                 ] o.s.d.c.c.c.MappingCassandraConverter    : Adding map.entry [updated_at] - [2025-08-10T02:11:43.570993Z]
2025-08-09T23:11:43.571-03:00 DEBUG 97564 --- [beauty-salon-backend] [pool-3-thread-9] [                                                 ] o.s.data.cassandra.core.cql.CqlTemplate  : Preparing statement [INSERT INTO customers (id,name,email,phone,address,created_at,updated_at) VALUES (?,?,?,?,?,?,?)] using org.springframework.data.cassandra.core.CassandraTemplate$PreparedStatementHandler@b791f45
2025-08-09T23:11:43.571-03:00 DEBUG 97564 --- [beauty-salon-backend] [pool-3-thread-9] [                                                 ] o.s.data.cassandra.core.cql.CqlTemplate  : Executing prepared statement [INSERT INTO customers (id,name,email,phone,address,created_at,updated_at) VALUES (?,?,?,?,?,?,?)]
2025-08-09T23:11:43.573-03:00 DEBUG 97564 --- [beauty-salon-backend] [ool-3-thread-33] [                                                 ] o.s.d.c.c.c.MappingCassandraConverter    : doWithProperties Property.type java.util.UUID, Property.value b9ec82c1-aab7-47aa-8b69-2e5f271d5ee0
2025-08-09T23:11:43.573-03:00 DEBUG 97564 --- [beauty-salon-backend] [ool-3-thread-33] [                                                 ] o.s.d.c.c.c.MappingCassandraConverter    : Adding map.entry [id] - [b9ec82c1-aab7-47aa-8b69-2e5f271d5ee0]
2025-08-09T23:11:43.573-03:00 DEBUG 97564 --- [beauty-salon-backend] [ool-3-thread-33] [                                                 ] o.s.d.c.c.c.MappingCassandraConverter    : doWithProperties Property.type java.lang.String, Property.value Pool Test 147
2025-08-09T23:11:43.573-03:00 DEBUG 97564 --- [beauty-salon-backend] [ool-3-thread-33] [                                                 ] o.s.d.c.c.c.MappingCassandraConverter    : Adding map.entry [name] - [Pool Test 147]
2025-08-09T23:11:43.573-03:00 DEBUG 97564 --- [beauty-salon-backend] [ool-3-thread-33] [                                                 ] o.s.d.c.c.c.MappingCassandraConverter    : doWithProperties Property.type java.lang.String, Property.value pool147@test.com
2025-08-09T23:11:43.574-03:00 DEBUG 97564 --- [beauty-salon-backend] [ool-3-thread-33] [                                                 ] o.s.d.c.c.c.MappingCassandraConverter    : Adding map.entry [email] - [pool147@test.com]
2025-08-09T23:11:43.574-03:00 DEBUG 97564 --- [beauty-salon-backend] [ool-3-thread-17] [                                                 ] o.s.d.c.c.c.MappingCassandraConverter    : doWithProperties Property.type java.util.UUID, Property.value 2e991ab3-47b5-4f9a-bd3e-232c9c3c9a8c
2025-08-09T23:11:43.574-03:00 DEBUG 97564 --- [beauty-salon-backend] [ool-3-thread-17] [                                                 ] o.s.d.c.c.c.MappingCassandraConverter    : Adding map.entry [id] - [2e991ab3-47b5-4f9a-bd3e-232c9c3c9a8c]
2025-08-09T23:11:43.574-03:00 DEBUG 97564 --- [beauty-salon-backend] [ool-3-thread-33] [                                                 ] o.s.d.c.c.c.MappingCassandraConverter    : doWithProperties Property.type java.lang.String, Property.value 5550000147
2025-08-09T23:11:43.574-03:00 DEBUG 97564 --- [beauty-salon-backend] [ool-3-thread-17] [                                                 ] o.s.d.c.c.c.MappingCassandraConverter    : doWithProperties Property.type java.lang.String, Property.value Pool Test 99
2025-08-09T23:11:43.574-03:00 DEBUG 97564 --- [beauty-salon-backend] [ool-3-thread-33] [                                                 ] o.s.d.c.c.c.MappingCassandraConverter    : Adding map.entry [phone] - [5550000147]
2025-08-09T23:11:43.574-03:00 DEBUG 97564 --- [beauty-salon-backend] [ool-3-thread-17] [                                                 ] o.s.d.c.c.c.MappingCassandraConverter    : Adding map.entry [name] - [Pool Test 99]
2025-08-09T23:11:43.574-03:00 DEBUG 97564 --- [beauty-salon-backend] [ool-3-thread-33] [                                                 ] o.s.d.c.c.c.MappingCassandraConverter    : doWithProperties Property.type java.lang.String, Property.value Pool St 147
2025-08-09T23:11:43.574-03:00 DEBUG 97564 --- [beauty-salon-backend] [ool-3-thread-17] [                                                 ] o.s.d.c.c.c.MappingCassandraConverter    : doWithProperties Property.type java.lang.String, Property.value pool99@test.com
2025-08-09T23:11:43.574-03:00 DEBUG 97564 --- [beauty-salon-backend] [ool-3-thread-33] [                                                 ] o.s.d.c.c.c.MappingCassandraConverter    : Adding map.entry [address] - [Pool St 147]
2025-08-09T23:11:43.574-03:00 DEBUG 97564 --- [beauty-salon-backend] [ool-3-thread-17] [                                                 ] o.s.d.c.c.c.MappingCassandraConverter    : Adding map.entry [email] - [pool99@test.com]
2025-08-09T23:11:43.574-03:00 DEBUG 97564 --- [beauty-salon-backend] [ool-3-thread-33] [                                                 ] o.s.d.c.c.c.MappingCassandraConverter    : doWithProperties Property.type java.time.Instant, Property.value 2025-08-10T02:11:43.573769Z
2025-08-09T23:11:43.574-03:00 DEBUG 97564 --- [beauty-salon-backend] [ool-3-thread-17] [                                                 ] o.s.d.c.c.c.MappingCassandraConverter    : doWithProperties Property.type java.lang.String, Property.value 5550000099
2025-08-09T23:11:43.574-03:00 DEBUG 97564 --- [beauty-salon-backend] [ool-3-thread-33] [                                                 ] o.s.d.c.c.c.MappingCassandraConverter    : Adding map.entry [created_at] - [2025-08-10T02:11:43.573769Z]
2025-08-09T23:11:43.574-03:00 DEBUG 97564 --- [beauty-salon-backend] [ool-3-thread-17] [                                                 ] o.s.d.c.c.c.MappingCassandraConverter    : Adding map.entry [phone] - [5550000099]
2025-08-09T23:11:43.574-03:00 DEBUG 97564 --- [beauty-salon-backend] [ool-3-thread-17] [                                                 ] o.s.d.c.c.c.MappingCassandraConverter    : doWithProperties Property.type java.lang.String, Property.value Pool St 99
2025-08-09T23:11:43.574-03:00 DEBUG 97564 --- [beauty-salon-backend] [ool-3-thread-33] [                                                 ] o.s.d.c.c.c.MappingCassandraConverter    : doWithProperties Property.type java.time.Instant, Property.value 2025-08-10T02:11:43.573769Z
2025-08-09T23:11:43.574-03:00 DEBUG 97564 --- [beauty-salon-backend] [ool-3-thread-17] [                                                 ] o.s.d.c.c.c.MappingCassandraConverter    : Adding map.entry [address] - [Pool St 99]
2025-08-09T23:11:43.574-03:00 DEBUG 97564 --- [beauty-salon-backend] [ool-3-thread-33] [                                                 ] o.s.d.c.c.c.MappingCassandraConverter    : Adding map.entry [updated_at] - [2025-08-10T02:11:43.573769Z]
2025-08-09T23:11:43.574-03:00 DEBUG 97564 --- [beauty-salon-backend] [ool-3-thread-17] [                                                 ] o.s.d.c.c.c.MappingCassandraConverter    : doWithProperties Property.type java.time.Instant, Property.value 2025-08-10T02:11:43.573964Z
2025-08-09T23:11:43.574-03:00 DEBUG 97564 --- [beauty-salon-backend] [ool-3-thread-17] [                                                 ] o.s.d.c.c.c.MappingCassandraConverter    : Adding map.entry [created_at] - [2025-08-10T02:11:43.573964Z]
2025-08-09T23:11:43.574-03:00 DEBUG 97564 --- [beauty-salon-backend] [ool-3-thread-17] [                                                 ] o.s.d.c.c.c.MappingCassandraConverter    : doWithProperties Property.type java.time.Instant, Property.value 2025-08-10T02:11:43.573964Z
2025-08-09T23:11:43.574-03:00 DEBUG 97564 --- [beauty-salon-backend] [ool-3-thread-17] [                                                 ] o.s.d.c.c.c.MappingCassandraConverter    : Adding map.entry [updated_at] - [2025-08-10T02:11:43.573964Z]
2025-08-09T23:11:43.574-03:00 DEBUG 97564 --- [beauty-salon-backend] [ool-3-thread-33] [                                                 ] o.s.data.cassandra.core.cql.CqlTemplate  : Preparing statement [INSERT INTO customers (id,name,email,phone,address,created_at,updated_at) VALUES (?,?,?,?,?,?,?)] using org.springframework.data.cassandra.core.CassandraTemplate$PreparedStatementHandler@5dfe2390
2025-08-09T23:11:43.574-03:00 DEBUG 97564 --- [beauty-salon-backend] [ool-3-thread-17] [                                                 ] o.s.data.cassandra.core.cql.CqlTemplate  : Preparing statement [INSERT INTO customers (id,name,email,phone,address,created_at,updated_at) VALUES (?,?,?,?,?,?,?)] using org.springframework.data.cassandra.core.CassandraTemplate$PreparedStatementHandler@664b20bf
2025-08-09T23:11:43.574-03:00 DEBUG 97564 --- [beauty-salon-backend] [ool-3-thread-33] [                                                 ] o.s.data.cassandra.core.cql.CqlTemplate  : Executing prepared statement [INSERT INTO customers (id,name,email,phone,address,created_at,updated_at) VALUES (?,?,?,?,?,?,?)]
2025-08-09T23:11:43.574-03:00 DEBUG 97564 --- [beauty-salon-backend] [ool-3-thread-17] [                                                 ] o.s.data.cassandra.core.cql.CqlTemplate  : Executing prepared statement [INSERT INTO customers (id,name,email,phone,address,created_at,updated_at) VALUES (?,?,?,?,?,?,?)]
2025-08-09T23:11:43.576-03:00 DEBUG 97564 --- [beauty-salon-backend] [ool-3-thread-15] [                                                 ] o.s.d.c.c.c.MappingCassandraConverter    : doWithProperties Property.type java.util.UUID, Property.value ded908d5-1d9d-423b-97a7-455bcf864b67
2025-08-09T23:11:43.576-03:00 DEBUG 97564 --- [beauty-salon-backend] [ool-3-thread-15] [                                                 ] o.s.d.c.c.c.MappingCassandraConverter    : Adding map.entry [id] - [ded908d5-1d9d-423b-97a7-455bcf864b67]
2025-08-09T23:11:43.576-03:00 DEBUG 97564 --- [beauty-salon-backend] [ool-3-thread-15] [                                                 ] o.s.d.c.c.c.MappingCassandraConverter    : doWithProperties Property.type java.lang.String, Property.value Pool Test 123
2025-08-09T23:11:43.576-03:00 DEBUG 97564 --- [beauty-salon-backend] [ool-3-thread-15] [                                                 ] o.s.d.c.c.c.MappingCassandraConverter    : Adding map.entry [name] - [Pool Test 123]
2025-08-09T23:11:43.576-03:00 DEBUG 97564 --- [beauty-salon-backend] [ool-3-thread-15] [                                                 ] o.s.d.c.c.c.MappingCassandraConverter    : doWithProperties Property.type java.lang.String, Property.value pool123@test.com
2025-08-09T23:11:43.576-03:00 DEBUG 97564 --- [beauty-salon-backend] [ool-3-thread-15] [                                                 ] o.s.d.c.c.c.MappingCassandraConverter    : Adding map.entry [email] - [pool123@test.com]
2025-08-09T23:11:43.576-03:00 DEBUG 97564 --- [beauty-salon-backend] [ool-3-thread-15] [                                                 ] o.s.d.c.c.c.MappingCassandraConverter    : doWithProperties Property.type java.lang.String, Property.value 5550000123
2025-08-09T23:11:43.576-03:00 DEBUG 97564 --- [beauty-salon-backend] [ool-3-thread-15] [                                                 ] o.s.d.c.c.c.MappingCassandraConverter    : Adding map.entry [phone] - [5550000123]
2025-08-09T23:11:43.576-03:00 DEBUG 97564 --- [beauty-salon-backend] [ool-3-thread-15] [                                                 ] o.s.d.c.c.c.MappingCassandraConverter    : doWithProperties Property.type java.lang.String, Property.value Pool St 123
2025-08-09T23:11:43.576-03:00 DEBUG 97564 --- [beauty-salon-backend] [ool-3-thread-15] [                                                 ] o.s.d.c.c.c.MappingCassandraConverter    : Adding map.entry [address] - [Pool St 123]
2025-08-09T23:11:43.576-03:00 DEBUG 97564 --- [beauty-salon-backend] [ool-3-thread-15] [                                                 ] o.s.d.c.c.c.MappingCassandraConverter    : doWithProperties Property.type java.time.Instant, Property.value 2025-08-10T02:11:43.576053Z
2025-08-09T23:11:43.576-03:00 DEBUG 97564 --- [beauty-salon-backend] [ool-3-thread-15] [                                                 ] o.s.d.c.c.c.MappingCassandraConverter    : Adding map.entry [created_at] - [2025-08-10T02:11:43.576053Z]
2025-08-09T23:11:43.576-03:00 DEBUG 97564 --- [beauty-salon-backend] [ool-3-thread-15] [                                                 ] o.s.d.c.c.c.MappingCassandraConverter    : doWithProperties Property.type java.time.Instant, Property.value 2025-08-10T02:11:43.576054Z
2025-08-09T23:11:43.577-03:00 DEBUG 97564 --- [beauty-salon-backend] [ool-3-thread-15] [                                                 ] o.s.d.c.c.c.MappingCassandraConverter    : Adding map.entry [updated_at] - [2025-08-10T02:11:43.576054Z]
2025-08-09T23:11:43.577-03:00 DEBUG 97564 --- [beauty-salon-backend] [ool-3-thread-15] [                                                 ] o.s.data.cassandra.core.cql.CqlTemplate  : Preparing statement [INSERT INTO customers (id,name,email,phone,address,created_at,updated_at) VALUES (?,?,?,?,?,?,?)] using org.springframework.data.cassandra.core.CassandraTemplate$PreparedStatementHandler@159fca48
2025-08-09T23:11:43.577-03:00 DEBUG 97564 --- [beauty-salon-backend] [ool-3-thread-15] [                                                 ] o.s.data.cassandra.core.cql.CqlTemplate  : Executing prepared statement [INSERT INTO customers (id,name,email,phone,address,created_at,updated_at) VALUES (?,?,?,?,?,?,?)]
2025-08-09T23:11:43.579-03:00 DEBUG 97564 --- [beauty-salon-backend] [ool-3-thread-41] [                                                 ] o.s.d.c.c.c.MappingCassandraConverter    : doWithProperties Property.type java.util.UUID, Property.value 108a6b50-3ca1-430b-b37e-8f9334de1621
2025-08-09T23:11:43.579-03:00 DEBUG 97564 --- [beauty-salon-backend] [ool-3-thread-41] [                                                 ] o.s.d.c.c.c.MappingCassandraConverter    : Adding map.entry [id] - [108a6b50-3ca1-430b-b37e-8f9334de1621]
2025-08-09T23:11:43.579-03:00 DEBUG 97564 --- [beauty-salon-backend] [ool-3-thread-41] [                                                 ] o.s.d.c.c.c.MappingCassandraConverter    : doWithProperties Property.type java.lang.String, Property.value Pool Test 162
2025-08-09T23:11:43.579-03:00 DEBUG 97564 --- [beauty-salon-backend] [ool-3-thread-41] [                                                 ] o.s.d.c.c.c.MappingCassandraConverter    : Adding map.entry [name] - [Pool Test 162]
2025-08-09T23:11:43.579-03:00 DEBUG 97564 --- [beauty-salon-backend] [ool-3-thread-41] [                                                 ] o.s.d.c.c.c.MappingCassandraConverter    : doWithProperties Property.type java.lang.String, Property.value pool162@test.com
2025-08-09T23:11:43.579-03:00 DEBUG 97564 --- [beauty-salon-backend] [ool-3-thread-41] [                                                 ] o.s.d.c.c.c.MappingCassandraConverter    : Adding map.entry [email] - [pool162@test.com]
2025-08-09T23:11:43.579-03:00 DEBUG 97564 --- [beauty-salon-backend] [ool-3-thread-41] [                                                 ] o.s.d.c.c.c.MappingCassandraConverter    : doWithProperties Property.type java.lang.String, Property.value 5550000162
2025-08-09T23:11:43.580-03:00 DEBUG 97564 --- [beauty-salon-backend] [ool-3-thread-41] [                                                 ] o.s.d.c.c.c.MappingCassandraConverter    : Adding map.entry [phone] - [5550000162]
2025-08-09T23:11:43.580-03:00 DEBUG 97564 --- [beauty-salon-backend] [ool-3-thread-41] [                                                 ] o.s.d.c.c.c.MappingCassandraConverter    : doWithProperties Property.type java.lang.String, Property.value Pool St 162
2025-08-09T23:11:43.580-03:00 DEBUG 97564 --- [beauty-salon-backend] [ool-3-thread-41] [                                                 ] o.s.d.c.c.c.MappingCassandraConverter    : Adding map.entry [address] - [Pool St 162]
2025-08-09T23:11:43.580-03:00 DEBUG 97564 --- [beauty-salon-backend] [ool-3-thread-41] [                                                 ] o.s.d.c.c.c.MappingCassandraConverter    : doWithProperties Property.type java.time.Instant, Property.value 2025-08-10T02:11:43.579685Z
2025-08-09T23:11:43.580-03:00 DEBUG 97564 --- [beauty-salon-backend] [ool-3-thread-41] [                                                 ] o.s.d.c.c.c.MappingCassandraConverter    : Adding map.entry [created_at] - [2025-08-10T02:11:43.579685Z]
2025-08-09T23:11:43.580-03:00 DEBUG 97564 --- [beauty-salon-backend] [ool-3-thread-41] [                                                 ] o.s.d.c.c.c.MappingCassandraConverter    : doWithProperties Property.type java.time.Instant, Property.value 2025-08-10T02:11:43.579685Z
2025-08-09T23:11:43.580-03:00 DEBUG 97564 --- [beauty-salon-backend] [ool-3-thread-41] [                                                 ] o.s.d.c.c.c.MappingCassandraConverter    : Adding map.entry [updated_at] - [2025-08-10T02:11:43.579685Z]
2025-08-09T23:11:43.580-03:00 DEBUG 97564 --- [beauty-salon-backend] [ool-3-thread-41] [                                                 ] o.s.data.cassandra.core.cql.CqlTemplate  : Preparing statement [INSERT INTO customers (id,name,email,phone,address,created_at,updated_at) VALUES (?,?,?,?,?,?,?)] using org.springframework.data.cassandra.core.CassandraTemplate$PreparedStatementHandler@550a4f90
2025-08-09T23:11:43.580-03:00 DEBUG 97564 --- [beauty-salon-backend] [ool-3-thread-41] [                                                 ] o.s.data.cassandra.core.cql.CqlTemplate  : Executing prepared statement [INSERT INTO customers (id,name,email,phone,address,created_at,updated_at) VALUES (?,?,?,?,?,?,?)]
2025-08-09T23:11:43.576-03:00 DEBUG 97564 --- [beauty-salon-backend] [ool-3-thread-29] [                                                 ] o.s.d.c.c.c.MappingCassandraConverter    : doWithProperties Property.type java.util.UUID, Property.value 0eeec1ce-5540-4e96-adf0-44a10ebc54b1
2025-08-09T23:11:43.581-03:00 DEBUG 97564 --- [beauty-salon-backend] [ool-3-thread-29] [                                                 ] o.s.d.c.c.c.MappingCassandraConverter    : Adding map.entry [id] - [0eeec1ce-5540-4e96-adf0-44a10ebc54b1]
2025-08-09T23:11:43.581-03:00 DEBUG 97564 --- [beauty-salon-backend] [ool-3-thread-29] [                                                 ] o.s.d.c.c.c.MappingCassandraConverter    : doWithProperties Property.type java.lang.String, Property.value Pool Test 141
2025-08-09T23:11:43.581-03:00 DEBUG 97564 --- [beauty-salon-backend] [ool-3-thread-29] [                                                 ] o.s.d.c.c.c.MappingCassandraConverter    : Adding map.entry [name] - [Pool Test 141]
2025-08-09T23:11:43.581-03:00 DEBUG 97564 --- [beauty-salon-backend] [ool-3-thread-29] [                                                 ] o.s.d.c.c.c.MappingCassandraConverter    : doWithProperties Property.type java.lang.String, Property.value pool141@test.com
2025-08-09T23:11:43.581-03:00 DEBUG 97564 --- [beauty-salon-backend] [ool-3-thread-29] [                                                 ] o.s.d.c.c.c.MappingCassandraConverter    : Adding map.entry [email] - [pool141@test.com]
2025-08-09T23:11:43.581-03:00 DEBUG 97564 --- [beauty-salon-backend] [ool-3-thread-29] [                                                 ] o.s.d.c.c.c.MappingCassandraConverter    : doWithProperties Property.type java.lang.String, Property.value 5550000141
2025-08-09T23:11:43.581-03:00 DEBUG 97564 --- [beauty-salon-backend] [ool-3-thread-29] [                                                 ] o.s.d.c.c.c.MappingCassandraConverter    : Adding map.entry [phone] - [5550000141]
2025-08-09T23:11:43.581-03:00 DEBUG 97564 --- [beauty-salon-backend] [ool-3-thread-29] [                                                 ] o.s.d.c.c.c.MappingCassandraConverter    : doWithProperties Property.type java.lang.String, Property.value Pool St 141
2025-08-09T23:11:43.581-03:00 DEBUG 97564 --- [beauty-salon-backend] [ool-3-thread-29] [                                                 ] o.s.d.c.c.c.MappingCassandraConverter    : Adding map.entry [address] - [Pool St 141]
2025-08-09T23:11:43.581-03:00 DEBUG 97564 --- [beauty-salon-backend] [ool-3-thread-29] [                                                 ] o.s.d.c.c.c.MappingCassandraConverter    : doWithProperties Property.type java.time.Instant, Property.value 2025-08-10T02:11:43.576053Z
2025-08-09T23:11:43.581-03:00 DEBUG 97564 --- [beauty-salon-backend] [ool-3-thread-29] [                                                 ] o.s.d.c.c.c.MappingCassandraConverter    : Adding map.entry [created_at] - [2025-08-10T02:11:43.576053Z]
2025-08-09T23:11:43.581-03:00 DEBUG 97564 --- [beauty-salon-backend] [ool-3-thread-29] [                                                 ] o.s.d.c.c.c.MappingCassandraConverter    : doWithProperties Property.type java.time.Instant, Property.value 2025-08-10T02:11:43.576054Z
2025-08-09T23:11:43.581-03:00 DEBUG 97564 --- [beauty-salon-backend] [ool-3-thread-29] [                                                 ] o.s.d.c.c.c.MappingCassandraConverter    : Adding map.entry [updated_at] - [2025-08-10T02:11:43.576054Z]
2025-08-09T23:11:43.586-03:00 DEBUG 97564 --- [beauty-salon-backend] [ool-3-thread-43] [                                                 ] o.s.d.c.c.c.MappingCassandraConverter    : doWithProperties Property.type java.util.UUID, Property.value 7f1e17dd-3762-43ad-8886-7704a9714879
2025-08-09T23:11:43.586-03:00 DEBUG 97564 --- [beauty-salon-backend] [ool-3-thread-43] [                                                 ] o.s.d.c.c.c.MappingCassandraConverter    : Adding map.entry [id] - [7f1e17dd-3762-43ad-8886-7704a9714879]
2025-08-09T23:11:43.586-03:00 DEBUG 97564 --- [beauty-salon-backend] [ool-3-thread-43] [                                                 ] o.s.d.c.c.c.MappingCassandraConverter    : doWithProperties Property.type java.lang.String, Property.value Pool Test 138
2025-08-09T23:11:43.586-03:00 DEBUG 97564 --- [beauty-salon-backend] [ool-3-thread-43] [                                                 ] o.s.d.c.c.c.MappingCassandraConverter    : Adding map.entry [name] - [Pool Test 138]
2025-08-09T23:11:43.583-03:00 DEBUG 97564 --- [beauty-salon-backend] [ool-3-thread-42] [                                                 ] o.s.d.c.c.c.MappingCassandraConverter    : doWithProperties Property.type java.util.UUID, Property.value 43080219-27b8-4fa8-81e5-5358a85f4162
2025-08-09T23:11:43.587-03:00 DEBUG 97564 --- [beauty-salon-backend] [ool-3-thread-42] [                                                 ] o.s.d.c.c.c.MappingCassandraConverter    : Adding map.entry [id] - [43080219-27b8-4fa8-81e5-5358a85f4162]
2025-08-09T23:11:43.587-03:00 DEBUG 97564 --- [beauty-salon-backend] [ool-3-thread-42] [                                                 ] o.s.d.c.c.c.MappingCassandraConverter    : doWithProperties Property.type java.lang.String, Property.value Pool Test 165
2025-08-09T23:11:43.587-03:00 DEBUG 97564 --- [beauty-salon-backend] [ool-3-thread-42] [                                                 ] o.s.d.c.c.c.MappingCassandraConverter    : Adding map.entry [name] - [Pool Test 165]
2025-08-09T23:11:43.587-03:00 DEBUG 97564 --- [beauty-salon-backend] [ool-3-thread-42] [                                                 ] o.s.d.c.c.c.MappingCassandraConverter    : doWithProperties Property.type java.lang.String, Property.value pool165@test.com
2025-08-09T23:11:43.587-03:00 DEBUG 97564 --- [beauty-salon-backend] [ool-3-thread-42] [                                                 ] o.s.d.c.c.c.MappingCassandraConverter    : Adding map.entry [email] - [pool165@test.com]
2025-08-09T23:11:43.587-03:00 DEBUG 97564 --- [beauty-salon-backend] [ool-3-thread-42] [                                                 ] o.s.d.c.c.c.MappingCassandraConverter    : doWithProperties Property.type java.lang.String, Property.value 5550000165
2025-08-09T23:11:43.587-03:00 DEBUG 97564 --- [beauty-salon-backend] [ool-3-thread-42] [                                                 ] o.s.d.c.c.c.MappingCassandraConverter    : Adding map.entry [phone] - [5550000165]
2025-08-09T23:11:43.587-03:00 DEBUG 97564 --- [beauty-salon-backend] [ool-3-thread-42] [                                                 ] o.s.d.c.c.c.MappingCassandraConverter    : doWithProperties Property.type java.lang.String, Property.value Pool St 165
2025-08-09T23:11:43.587-03:00 DEBUG 97564 --- [beauty-salon-backend] [ool-3-thread-42] [                                                 ] o.s.d.c.c.c.MappingCassandraConverter    : Adding map.entry [address] - [Pool St 165]
2025-08-09T23:11:43.587-03:00 DEBUG 97564 --- [beauty-salon-backend] [ool-3-thread-42] [                                                 ] o.s.d.c.c.c.MappingCassandraConverter    : doWithProperties Property.type java.time.Instant, Property.value 2025-08-10T02:11:43.583488Z
2025-08-09T23:11:43.587-03:00 DEBUG 97564 --- [beauty-salon-backend] [ool-3-thread-42] [                                                 ] o.s.d.c.c.c.MappingCassandraConverter    : Adding map.entry [created_at] - [2025-08-10T02:11:43.583488Z]
2025-08-09T23:11:43.587-03:00 DEBUG 97564 --- [beauty-salon-backend] [ool-3-thread-42] [                                                 ] o.s.d.c.c.c.MappingCassandraConverter    : doWithProperties Property.type java.time.Instant, Property.value 2025-08-10T02:11:43.583488Z
2025-08-09T23:11:43.587-03:00 DEBUG 97564 --- [beauty-salon-backend] [ool-3-thread-42] [                                                 ] o.s.d.c.c.c.MappingCassandraConverter    : Adding map.entry [updated_at] - [2025-08-10T02:11:43.583488Z]
2025-08-09T23:11:43.587-03:00 DEBUG 97564 --- [beauty-salon-backend] [ool-3-thread-42] [                                                 ] o.s.data.cassandra.core.cql.CqlTemplate  : Preparing statement [INSERT INTO customers (id,name,email,phone,address,created_at,updated_at) VALUES (?,?,?,?,?,?,?)] using org.springframework.data.cassandra.core.CassandraTemplate$PreparedStatementHandler@521751db
2025-08-09T23:11:43.587-03:00 DEBUG 97564 --- [beauty-salon-backend] [ool-3-thread-42] [                                                 ] o.s.data.cassandra.core.cql.CqlTemplate  : Executing prepared statement [INSERT INTO customers (id,name,email,phone,address,created_at,updated_at) VALUES (?,?,?,?,?,?,?)]
2025-08-09T23:11:43.588-03:00 DEBUG 97564 --- [beauty-salon-backend] [ool-3-thread-23] [                                                 ] o.s.d.c.c.c.MappingCassandraConverter    : doWithProperties Property.type java.util.UUID, Property.value 6a62e417-fc5a-4ec0-8f83-49fb6603762b
2025-08-09T23:11:43.588-03:00 DEBUG 97564 --- [beauty-salon-backend] [ool-3-thread-23] [                                                 ] o.s.d.c.c.c.MappingCassandraConverter    : Adding map.entry [id] - [6a62e417-fc5a-4ec0-8f83-49fb6603762b]
2025-08-09T23:11:43.588-03:00 DEBUG 97564 --- [beauty-salon-backend] [ool-3-thread-23] [                                                 ] o.s.d.c.c.c.MappingCassandraConverter    : doWithProperties Property.type java.lang.String, Property.value Pool Test 171
2025-08-09T23:11:43.588-03:00 DEBUG 97564 --- [beauty-salon-backend] [ool-3-thread-23] [                                                 ] o.s.d.c.c.c.MappingCassandraConverter    : Adding map.entry [name] - [Pool Test 171]
2025-08-09T23:11:43.588-03:00 DEBUG 97564 --- [beauty-salon-backend] [ool-3-thread-23] [                                                 ] o.s.d.c.c.c.MappingCassandraConverter    : doWithProperties Property.type java.lang.String, Property.value pool171@test.com
2025-08-09T23:11:43.588-03:00 DEBUG 97564 --- [beauty-salon-backend] [ool-3-thread-23] [                                                 ] o.s.d.c.c.c.MappingCassandraConverter    : Adding map.entry [email] - [pool171@test.com]
2025-08-09T23:11:43.588-03:00 DEBUG 97564 --- [beauty-salon-backend] [ool-3-thread-23] [                                                 ] o.s.d.c.c.c.MappingCassandraConverter    : doWithProperties Property.type java.lang.String, Property.value 5550000171
2025-08-09T23:11:43.588-03:00 DEBUG 97564 --- [beauty-salon-backend] [ool-3-thread-23] [                                                 ] o.s.d.c.c.c.MappingCassandraConverter    : Adding map.entry [phone] - [5550000171]
2025-08-09T23:11:43.588-03:00 DEBUG 97564 --- [beauty-salon-backend] [ool-3-thread-23] [                                                 ] o.s.d.c.c.c.MappingCassandraConverter    : doWithProperties Property.type java.lang.String, Property.value Pool St 171
2025-08-09T23:11:43.588-03:00 DEBUG 97564 --- [beauty-salon-backend] [ool-3-thread-23] [                                                 ] o.s.d.c.c.c.MappingCassandraConverter    : Adding map.entry [address] - [Pool St 171]
2025-08-09T23:11:43.588-03:00 DEBUG 97564 --- [beauty-salon-backend] [ool-3-thread-23] [                                                 ] o.s.d.c.c.c.MappingCassandraConverter    : doWithProperties Property.type java.time.Instant, Property.value 2025-08-10T02:11:43.588046Z
2025-08-09T23:11:43.588-03:00 DEBUG 97564 --- [beauty-salon-backend] [ool-3-thread-23] [                                                 ] o.s.d.c.c.c.MappingCassandraConverter    : Adding map.entry [created_at] - [2025-08-10T02:11:43.588046Z]
2025-08-09T23:11:43.588-03:00 DEBUG 97564 --- [beauty-salon-backend] [ool-3-thread-23] [                                                 ] o.s.d.c.c.c.MappingCassandraConverter    : doWithProperties Property.type java.time.Instant, Property.value 2025-08-10T02:11:43.588047Z
2025-08-09T23:11:43.588-03:00 DEBUG 97564 --- [beauty-salon-backend] [ool-3-thread-23] [                                                 ] o.s.d.c.c.c.MappingCassandraConverter    : Adding map.entry [updated_at] - [2025-08-10T02:11:43.588047Z]
2025-08-09T23:11:43.588-03:00 DEBUG 97564 --- [beauty-salon-backend] [ool-3-thread-23] [                                                 ] o.s.data.cassandra.core.cql.CqlTemplate  : Preparing statement [INSERT INTO customers (id,name,email,phone,address,created_at,updated_at) VALUES (?,?,?,?,?,?,?)] using org.springframework.data.cassandra.core.CassandraTemplate$PreparedStatementHandler@6f0317f3
2025-08-09T23:11:43.589-03:00 DEBUG 97564 --- [beauty-salon-backend] [ool-3-thread-23] [                                                 ] o.s.data.cassandra.core.cql.CqlTemplate  : Executing prepared statement [INSERT INTO customers (id,name,email,phone,address,created_at,updated_at) VALUES (?,?,?,?,?,?,?)]
2025-08-09T23:11:43.586-03:00 DEBUG 97564 --- [beauty-salon-backend] [ool-3-thread-43] [                                                 ] o.s.d.c.c.c.MappingCassandraConverter    : doWithProperties Property.type java.lang.String, Property.value pool138@test.com
2025-08-09T23:11:43.589-03:00 DEBUG 97564 --- [beauty-salon-backend] [ool-3-thread-43] [                                                 ] o.s.d.c.c.c.MappingCassandraConverter    : Adding map.entry [email] - [pool138@test.com]
2025-08-09T23:11:43.589-03:00 DEBUG 97564 --- [beauty-salon-backend] [ool-3-thread-43] [                                                 ] o.s.d.c.c.c.MappingCassandraConverter    : doWithProperties Property.type java.lang.String, Property.value 5550000138
2025-08-09T23:11:43.589-03:00 DEBUG 97564 --- [beauty-salon-backend] [ool-3-thread-43] [                                                 ] o.s.d.c.c.c.MappingCassandraConverter    : Adding map.entry [phone] - [5550000138]
2025-08-09T23:11:43.589-03:00 DEBUG 97564 --- [beauty-salon-backend] [ool-3-thread-43] [                                                 ] o.s.d.c.c.c.MappingCassandraConverter    : doWithProperties Property.type java.lang.String, Property.value Pool St 138
2025-08-09T23:11:43.589-03:00 DEBUG 97564 --- [beauty-salon-backend] [ool-3-thread-43] [                                                 ] o.s.d.c.c.c.MappingCassandraConverter    : Adding map.entry [address] - [Pool St 138]
2025-08-09T23:11:43.589-03:00 DEBUG 97564 --- [beauty-salon-backend] [ool-3-thread-43] [                                                 ] o.s.d.c.c.c.MappingCassandraConverter    : doWithProperties Property.type java.time.Instant, Property.value 2025-08-10T02:11:43.586525Z
2025-08-09T23:11:43.589-03:00 DEBUG 97564 --- [beauty-salon-backend] [ool-3-thread-43] [                                                 ] o.s.d.c.c.c.MappingCassandraConverter    : Adding map.entry [created_at] - [2025-08-10T02:11:43.586525Z]
2025-08-09T23:11:43.589-03:00 DEBUG 97564 --- [beauty-salon-backend] [ool-3-thread-43] [                                                 ] o.s.d.c.c.c.MappingCassandraConverter    : doWithProperties Property.type java.time.Instant, Property.value 2025-08-10T02:11:43.586526Z
2025-08-09T23:11:43.589-03:00 DEBUG 97564 --- [beauty-salon-backend] [ool-3-thread-43] [                                                 ] o.s.d.c.c.c.MappingCassandraConverter    : Adding map.entry [updated_at] - [2025-08-10T02:11:43.586526Z]
2025-08-09T23:11:43.590-03:00 DEBUG 97564 --- [beauty-salon-backend] [ool-3-thread-43] [                                                 ] o.s.data.cassandra.core.cql.CqlTemplate  : Preparing statement [INSERT INTO customers (id,name,email,phone,address,created_at,updated_at) VALUES (?,?,?,?,?,?,?)] using org.springframework.data.cassandra.core.CassandraTemplate$PreparedStatementHandler@1cff7a28
2025-08-09T23:11:43.590-03:00 DEBUG 97564 --- [beauty-salon-backend] [ool-3-thread-43] [                                                 ] o.s.data.cassandra.core.cql.CqlTemplate  : Executing prepared statement [INSERT INTO customers (id,name,email,phone,address,created_at,updated_at) VALUES (?,?,?,?,?,?,?)]
2025-08-09T23:11:43.586-03:00 DEBUG 97564 --- [beauty-salon-backend] [ool-3-thread-29] [                                                 ] o.s.data.cassandra.core.cql.CqlTemplate  : Preparing statement [INSERT INTO customers (id,name,email,phone,address,created_at,updated_at) VALUES (?,?,?,?,?,?,?)] using org.springframework.data.cassandra.core.CassandraTemplate$PreparedStatementHandler@70730426
2025-08-09T23:11:43.592-03:00 DEBUG 97564 --- [beauty-salon-backend] [ool-3-thread-29] [                                                 ] o.s.data.cassandra.core.cql.CqlTemplate  : Executing prepared statement [INSERT INTO customers (id,name,email,phone,address,created_at,updated_at) VALUES (?,?,?,?,?,?,?)]
2025-08-09T23:11:43.594-03:00 DEBUG 97564 --- [beauty-salon-backend] [ool-3-thread-48] [                                                 ] o.s.d.c.c.c.MappingCassandraConverter    : doWithProperties Property.type java.util.UUID, Property.value a832d080-9aa2-4dfa-9476-b5747ebd5088
2025-08-09T23:11:43.594-03:00 DEBUG 97564 --- [beauty-salon-backend] [ool-3-thread-48] [                                                 ] o.s.d.c.c.c.MappingCassandraConverter    : Adding map.entry [id] - [a832d080-9aa2-4dfa-9476-b5747ebd5088]
2025-08-09T23:11:43.595-03:00 DEBUG 97564 --- [beauty-salon-backend] [ool-3-thread-48] [                                                 ] o.s.d.c.c.c.MappingCassandraConverter    : doWithProperties Property.type java.lang.String, Property.value Pool Test 174
2025-08-09T23:11:43.595-03:00 DEBUG 97564 --- [beauty-salon-backend] [ool-3-thread-48] [                                                 ] o.s.d.c.c.c.MappingCassandraConverter    : Adding map.entry [name] - [Pool Test 174]
2025-08-09T23:11:43.595-03:00 DEBUG 97564 --- [beauty-salon-backend] [ool-3-thread-48] [                                                 ] o.s.d.c.c.c.MappingCassandraConverter    : doWithProperties Property.type java.lang.String, Property.value pool174@test.com
2025-08-09T23:11:43.595-03:00 DEBUG 97564 --- [beauty-salon-backend] [ool-3-thread-48] [                                                 ] o.s.d.c.c.c.MappingCassandraConverter    : Adding map.entry [email] - [pool174@test.com]
2025-08-09T23:11:43.595-03:00 DEBUG 97564 --- [beauty-salon-backend] [ool-3-thread-48] [                                                 ] o.s.d.c.c.c.MappingCassandraConverter    : doWithProperties Property.type java.lang.String, Property.value 5550000174
2025-08-09T23:11:43.595-03:00 DEBUG 97564 --- [beauty-salon-backend] [ool-3-thread-48] [                                                 ] o.s.d.c.c.c.MappingCassandraConverter    : Adding map.entry [phone] - [5550000174]
2025-08-09T23:11:43.595-03:00 DEBUG 97564 --- [beauty-salon-backend] [ool-3-thread-48] [                                                 ] o.s.d.c.c.c.MappingCassandraConverter    : doWithProperties Property.type java.lang.String, Property.value Pool St 174
2025-08-09T23:11:43.595-03:00 DEBUG 97564 --- [beauty-salon-backend] [ool-3-thread-48] [                                                 ] o.s.d.c.c.c.MappingCassandraConverter    : Adding map.entry [address] - [Pool St 174]
2025-08-09T23:11:43.596-03:00 DEBUG 97564 --- [beauty-salon-backend] [ool-3-thread-48] [                                                 ] o.s.d.c.c.c.MappingCassandraConverter    : doWithProperties Property.type java.time.Instant, Property.value 2025-08-10T02:11:43.594510Z
2025-08-09T23:11:43.596-03:00 DEBUG 97564 --- [beauty-salon-backend] [ool-3-thread-48] [                                                 ] o.s.d.c.c.c.MappingCassandraConverter    : Adding map.entry [created_at] - [2025-08-10T02:11:43.594510Z]
2025-08-09T23:11:43.596-03:00 DEBUG 97564 --- [beauty-salon-backend] [ool-3-thread-48] [                                                 ] o.s.d.c.c.c.MappingCassandraConverter    : doWithProperties Property.type java.time.Instant, Property.value 2025-08-10T02:11:43.594510Z
2025-08-09T23:11:43.596-03:00 DEBUG 97564 --- [beauty-salon-backend] [ool-3-thread-48] [                                                 ] o.s.d.c.c.c.MappingCassandraConverter    : Adding map.entry [updated_at] - [2025-08-10T02:11:43.594510Z]
2025-08-09T23:11:43.596-03:00 DEBUG 97564 --- [beauty-salon-backend] [ool-3-thread-48] [                                                 ] o.s.data.cassandra.core.cql.CqlTemplate  : Preparing statement [INSERT INTO customers (id,name,email,phone,address,created_at,updated_at) VALUES (?,?,?,?,?,?,?)] using org.springframework.data.cassandra.core.CassandraTemplate$PreparedStatementHandler@1316480c
2025-08-09T23:11:43.596-03:00 DEBUG 97564 --- [beauty-salon-backend] [ool-3-thread-40] [                                                 ] o.s.data.cassandra.core.cql.CqlTemplate  : Preparing statement [SELECT * FROM customers] using org.springframework.data.cassandra.core.CassandraTemplate$PreparedStatementHandler@4c4e1a58
2025-08-09T23:11:43.596-03:00 DEBUG 97564 --- [beauty-salon-backend] [ool-3-thread-48] [                                                 ] o.s.data.cassandra.core.cql.CqlTemplate  : Executing prepared statement [INSERT INTO customers (id,name,email,phone,address,created_at,updated_at) VALUES (?,?,?,?,?,?,?)]
2025-08-09T23:11:43.596-03:00 DEBUG 97564 --- [beauty-salon-backend] [ool-3-thread-40] [                                                 ] o.s.data.cassandra.core.cql.CqlTemplate  : Executing prepared statement [SELECT * FROM customers]
2025-08-09T23:11:43.596-03:00 DEBUG 97564 --- [beauty-salon-backend] [ool-3-thread-27] [                                                 ] o.s.data.cassandra.core.cql.CqlTemplate  : Preparing statement [SELECT * FROM customers] using org.springframework.data.cassandra.core.CassandraTemplate$PreparedStatementHandler@ecda61e
2025-08-09T23:11:43.594-03:00 DEBUG 97564 --- [beauty-salon-backend] [pool-3-thread-6] [                                                 ] o.s.d.c.c.c.MappingCassandraConverter    : doWithProperties Property.type java.util.UUID, Property.value 3f602724-32aa-43a1-93c7-bd8131fe0c40
2025-08-09T23:11:43.597-03:00 DEBUG 97564 --- [beauty-salon-backend] [ool-3-thread-27] [                                                 ] o.s.data.cassandra.core.cql.CqlTemplate  : Executing prepared statement [SELECT * FROM customers]
2025-08-09T23:11:43.597-03:00 DEBUG 97564 --- [beauty-salon-backend] [pool-3-thread-6] [                                                 ] o.s.d.c.c.c.MappingCassandraConverter    : Adding map.entry [id] - [3f602724-32aa-43a1-93c7-bd8131fe0c40]
2025-08-09T23:11:43.597-03:00 DEBUG 97564 --- [beauty-salon-backend] [pool-3-thread-6] [                                                 ] o.s.d.c.c.c.MappingCassandraConverter    : doWithProperties Property.type java.lang.String, Property.value Pool Test 177
2025-08-09T23:11:43.597-03:00 DEBUG 97564 --- [beauty-salon-backend] [pool-3-thread-6] [                                                 ] o.s.d.c.c.c.MappingCassandraConverter    : Adding map.entry [name] - [Pool Test 177]
2025-08-09T23:11:43.597-03:00 DEBUG 97564 --- [beauty-salon-backend] [pool-3-thread-6] [                                                 ] o.s.d.c.c.c.MappingCassandraConverter    : doWithProperties Property.type java.lang.String, Property.value pool177@test.com
2025-08-09T23:11:43.597-03:00 DEBUG 97564 --- [beauty-salon-backend] [pool-3-thread-6] [                                                 ] o.s.d.c.c.c.MappingCassandraConverter    : Adding map.entry [email] - [pool177@test.com]
2025-08-09T23:11:43.597-03:00 DEBUG 97564 --- [beauty-salon-backend] [pool-3-thread-6] [                                                 ] o.s.d.c.c.c.MappingCassandraConverter    : doWithProperties Property.type java.lang.String, Property.value 5550000177
2025-08-09T23:11:43.597-03:00 DEBUG 97564 --- [beauty-salon-backend] [pool-3-thread-6] [                                                 ] o.s.d.c.c.c.MappingCassandraConverter    : Adding map.entry [phone] - [5550000177]
2025-08-09T23:11:43.597-03:00 DEBUG 97564 --- [beauty-salon-backend] [pool-3-thread-6] [                                                 ] o.s.d.c.c.c.MappingCassandraConverter    : doWithProperties Property.type java.lang.String, Property.value Pool St 177
2025-08-09T23:11:43.597-03:00 DEBUG 97564 --- [beauty-salon-backend] [pool-3-thread-6] [                                                 ] o.s.d.c.c.c.MappingCassandraConverter    : Adding map.entry [address] - [Pool St 177]
2025-08-09T23:11:43.597-03:00 DEBUG 97564 --- [beauty-salon-backend] [pool-3-thread-6] [                                                 ] o.s.d.c.c.c.MappingCassandraConverter    : doWithProperties Property.type java.time.Instant, Property.value 2025-08-10T02:11:43.594457Z
2025-08-09T23:11:43.597-03:00 DEBUG 97564 --- [beauty-salon-backend] [pool-3-thread-6] [                                                 ] o.s.d.c.c.c.MappingCassandraConverter    : Adding map.entry [created_at] - [2025-08-10T02:11:43.594457Z]
2025-08-09T23:11:43.597-03:00 DEBUG 97564 --- [beauty-salon-backend] [pool-3-thread-6] [                                                 ] o.s.d.c.c.c.MappingCassandraConverter    : doWithProperties Property.type java.time.Instant, Property.value 2025-08-10T02:11:43.594457Z
2025-08-09T23:11:43.597-03:00 DEBUG 97564 --- [beauty-salon-backend] [pool-3-thread-6] [                                                 ] o.s.d.c.c.c.MappingCassandraConverter    : Adding map.entry [updated_at] - [2025-08-10T02:11:43.594457Z]
2025-08-09T23:11:43.594-03:00 DEBUG 97564 --- [beauty-salon-backend] [pool-3-thread-1] [                                                 ] o.s.d.c.c.c.MappingCassandraConverter    : doWithProperties Property.type java.util.UUID, Property.value c093d00b-d6da-4a2e-a65b-e5b14b45a1f2
2025-08-09T23:11:43.597-03:00 DEBUG 97564 --- [beauty-salon-backend] [pool-3-thread-1] [                                                 ] o.s.d.c.c.c.MappingCassandraConverter    : Adding map.entry [id] - [c093d00b-d6da-4a2e-a65b-e5b14b45a1f2]
2025-08-09T23:11:43.597-03:00 DEBUG 97564 --- [beauty-salon-backend] [pool-3-thread-1] [                                                 ] o.s.d.c.c.c.MappingCassandraConverter    : doWithProperties Property.type java.lang.String, Property.value Pool Test 180
2025-08-09T23:11:43.597-03:00 DEBUG 97564 --- [beauty-salon-backend] [pool-3-thread-1] [                                                 ] o.s.d.c.c.c.MappingCassandraConverter    : Adding map.entry [name] - [Pool Test 180]
2025-08-09T23:11:43.597-03:00 DEBUG 97564 --- [beauty-salon-backend] [pool-3-thread-1] [                                                 ] o.s.d.c.c.c.MappingCassandraConverter    : doWithProperties Property.type java.lang.String, Property.value pool180@test.com
2025-08-09T23:11:43.597-03:00 DEBUG 97564 --- [beauty-salon-backend] [pool-3-thread-1] [                                                 ] o.s.d.c.c.c.MappingCassandraConverter    : Adding map.entry [email] - [pool180@test.com]
2025-08-09T23:11:43.597-03:00 DEBUG 97564 --- [beauty-salon-backend] [pool-3-thread-1] [                                                 ] o.s.d.c.c.c.MappingCassandraConverter    : doWithProperties Property.type java.lang.String, Property.value 5550000180
2025-08-09T23:11:43.598-03:00 DEBUG 97564 --- [beauty-salon-backend] [pool-3-thread-1] [                                                 ] o.s.d.c.c.c.MappingCassandraConverter    : Adding map.entry [phone] - [5550000180]
2025-08-09T23:11:43.598-03:00 DEBUG 97564 --- [beauty-salon-backend] [ool-3-thread-18] [                                                 ] o.s.d.c.c.c.MappingCassandraConverter    : doWithProperties Property.type java.util.UUID, Property.value 7a8db09f-2cc6-4b35-a1aa-c49f543c9acf
2025-08-09T23:11:43.598-03:00 DEBUG 97564 --- [beauty-salon-backend] [ool-3-thread-18] [                                                 ] o.s.d.c.c.c.MappingCassandraConverter    : Adding map.entry [id] - [7a8db09f-2cc6-4b35-a1aa-c49f543c9acf]
2025-08-09T23:11:43.598-03:00 DEBUG 97564 --- [beauty-salon-backend] [ool-3-thread-18] [                                                 ] o.s.d.c.c.c.MappingCassandraConverter    : doWithProperties Property.type java.lang.String, Property.value Pool Test 156
2025-08-09T23:11:43.598-03:00 DEBUG 97564 --- [beauty-salon-backend] [ool-3-thread-18] [                                                 ] o.s.d.c.c.c.MappingCassandraConverter    : Adding map.entry [name] - [Pool Test 156]
2025-08-09T23:11:43.598-03:00 DEBUG 97564 --- [beauty-salon-backend] [ool-3-thread-18] [                                                 ] o.s.d.c.c.c.MappingCassandraConverter    : doWithProperties Property.type java.lang.String, Property.value pool156@test.com
2025-08-09T23:11:43.598-03:00 DEBUG 97564 --- [beauty-salon-backend] [ool-3-thread-18] [                                                 ] o.s.d.c.c.c.MappingCassandraConverter    : Adding map.entry [email] - [pool156@test.com]
2025-08-09T23:11:43.598-03:00 DEBUG 97564 --- [beauty-salon-backend] [ool-3-thread-18] [                                                 ] o.s.d.c.c.c.MappingCassandraConverter    : doWithProperties Property.type java.lang.String, Property.value 5550000156
2025-08-09T23:11:43.598-03:00 DEBUG 97564 --- [beauty-salon-backend] [ool-3-thread-18] [                                                 ] o.s.d.c.c.c.MappingCassandraConverter    : Adding map.entry [phone] - [5550000156]
2025-08-09T23:11:43.598-03:00 DEBUG 97564 --- [beauty-salon-backend] [ool-3-thread-18] [                                                 ] o.s.d.c.c.c.MappingCassandraConverter    : doWithProperties Property.type java.lang.String, Property.value Pool St 156
2025-08-09T23:11:43.598-03:00 DEBUG 97564 --- [beauty-salon-backend] [ool-3-thread-18] [                                                 ] o.s.d.c.c.c.MappingCassandraConverter    : Adding map.entry [address] - [Pool St 156]
2025-08-09T23:11:43.598-03:00 DEBUG 97564 --- [beauty-salon-backend] [ool-3-thread-18] [                                                 ] o.s.d.c.c.c.MappingCassandraConverter    : doWithProperties Property.type java.time.Instant, Property.value 2025-08-10T02:11:43.597998Z
2025-08-09T23:11:43.598-03:00 DEBUG 97564 --- [beauty-salon-backend] [ool-3-thread-18] [                                                 ] o.s.d.c.c.c.MappingCassandraConverter    : Adding map.entry [created_at] - [2025-08-10T02:11:43.597998Z]
2025-08-09T23:11:43.598-03:00 DEBUG 97564 --- [beauty-salon-backend] [ool-3-thread-18] [                                                 ] o.s.d.c.c.c.MappingCassandraConverter    : doWithProperties Property.type java.time.Instant, Property.value 2025-08-10T02:11:43.597998Z
2025-08-09T23:11:43.598-03:00 DEBUG 97564 --- [beauty-salon-backend] [ool-3-thread-18] [                                                 ] o.s.d.c.c.c.MappingCassandraConverter    : Adding map.entry [updated_at] - [2025-08-10T02:11:43.597998Z]
2025-08-09T23:11:43.598-03:00 DEBUG 97564 --- [beauty-salon-backend] [ool-3-thread-18] [                                                 ] o.s.data.cassandra.core.cql.CqlTemplate  : Preparing statement [INSERT INTO customers (id,name,email,phone,address,created_at,updated_at) VALUES (?,?,?,?,?,?,?)] using org.springframework.data.cassandra.core.CassandraTemplate$PreparedStatementHandler@1147c0cb
2025-08-09T23:11:43.598-03:00 DEBUG 97564 --- [beauty-salon-backend] [ool-3-thread-18] [                                                 ] o.s.data.cassandra.core.cql.CqlTemplate  : Executing prepared statement [INSERT INTO customers (id,name,email,phone,address,created_at,updated_at) VALUES (?,?,?,?,?,?,?)]
2025-08-09T23:11:43.600-03:00 DEBUG 97564 --- [beauty-salon-backend] [ool-3-thread-36] [                                                 ] o.s.d.c.c.c.MappingCassandraConverter    : doWithProperties Property.type java.util.UUID, Property.value bdb56f81-73f5-4ae7-9621-604e422431e7
2025-08-09T23:11:43.601-03:00 DEBUG 97564 --- [beauty-salon-backend] [ool-3-thread-36] [                                                 ] o.s.d.c.c.c.MappingCassandraConverter    : Adding map.entry [id] - [bdb56f81-73f5-4ae7-9621-604e422431e7]
2025-08-09T23:11:43.601-03:00 DEBUG 97564 --- [beauty-salon-backend] [ool-3-thread-36] [                                                 ] o.s.d.c.c.c.MappingCassandraConverter    : doWithProperties Property.type java.lang.String, Property.value Pool Test 189
2025-08-09T23:11:43.601-03:00 DEBUG 97564 --- [beauty-salon-backend] [ool-3-thread-36] [                                                 ] o.s.d.c.c.c.MappingCassandraConverter    : Adding map.entry [name] - [Pool Test 189]
2025-08-09T23:11:43.601-03:00 DEBUG 97564 --- [beauty-salon-backend] [ool-3-thread-36] [                                                 ] o.s.d.c.c.c.MappingCassandraConverter    : doWithProperties Property.type java.lang.String, Property.value pool189@test.com
2025-08-09T23:11:43.601-03:00 DEBUG 97564 --- [beauty-salon-backend] [ool-3-thread-36] [                                                 ] o.s.d.c.c.c.MappingCassandraConverter    : Adding map.entry [email] - [pool189@test.com]
2025-08-09T23:11:43.601-03:00 DEBUG 97564 --- [beauty-salon-backend] [ool-3-thread-36] [                                                 ] o.s.d.c.c.c.MappingCassandraConverter    : doWithProperties Property.type java.lang.String, Property.value 5550000189
2025-08-09T23:11:43.601-03:00 DEBUG 97564 --- [beauty-salon-backend] [ool-3-thread-36] [                                                 ] o.s.d.c.c.c.MappingCassandraConverter    : Adding map.entry [phone] - [5550000189]
2025-08-09T23:11:43.601-03:00 DEBUG 97564 --- [beauty-salon-backend] [ool-3-thread-36] [                                                 ] o.s.d.c.c.c.MappingCassandraConverter    : doWithProperties Property.type java.lang.String, Property.value Pool St 189
2025-08-09T23:11:43.601-03:00 DEBUG 97564 --- [beauty-salon-backend] [ool-3-thread-36] [                                                 ] o.s.d.c.c.c.MappingCassandraConverter    : Adding map.entry [address] - [Pool St 189]
2025-08-09T23:11:43.601-03:00 DEBUG 97564 --- [beauty-salon-backend] [ool-3-thread-36] [                                                 ] o.s.d.c.c.c.MappingCassandraConverter    : doWithProperties Property.type java.time.Instant, Property.value 2025-08-10T02:11:43.600822Z
2025-08-09T23:11:43.601-03:00 DEBUG 97564 --- [beauty-salon-backend] [ool-3-thread-36] [                                                 ] o.s.d.c.c.c.MappingCassandraConverter    : Adding map.entry [created_at] - [2025-08-10T02:11:43.600822Z]
2025-08-09T23:11:43.601-03:00 DEBUG 97564 --- [beauty-salon-backend] [ool-3-thread-36] [                                                 ] o.s.d.c.c.c.MappingCassandraConverter    : doWithProperties Property.type java.time.Instant, Property.value 2025-08-10T02:11:43.600823Z
2025-08-09T23:11:43.601-03:00 DEBUG 97564 --- [beauty-salon-backend] [ool-3-thread-36] [                                                 ] o.s.d.c.c.c.MappingCassandraConverter    : Adding map.entry [updated_at] - [2025-08-10T02:11:43.600823Z]
2025-08-09T23:11:43.602-03:00 DEBUG 97564 --- [beauty-salon-backend] [ool-3-thread-17] [                                                 ] o.s.d.c.c.c.MappingCassandraConverter    : doWithProperties Property.type java.util.UUID, Property.value 5c326c31-a6da-48b1-9b2c-07d88246d821
2025-08-09T23:11:43.602-03:00 DEBUG 97564 --- [beauty-salon-backend] [ool-3-thread-17] [                                                 ] o.s.d.c.c.c.MappingCassandraConverter    : Adding map.entry [id] - [5c326c31-a6da-48b1-9b2c-07d88246d821]
2025-08-09T23:11:43.602-03:00 DEBUG 97564 --- [beauty-salon-backend] [ool-3-thread-36] [                                                 ] o.s.data.cassandra.core.cql.CqlTemplate  : Preparing statement [INSERT INTO customers (id,name,email,phone,address,created_at,updated_at) VALUES (?,?,?,?,?,?,?)] using org.springframework.data.cassandra.core.CassandraTemplate$PreparedStatementHandler@4042ad5a
2025-08-09T23:11:43.602-03:00 DEBUG 97564 --- [beauty-salon-backend] [ool-3-thread-36] [                                                 ] o.s.data.cassandra.core.cql.CqlTemplate  : Executing prepared statement [INSERT INTO customers (id,name,email,phone,address,created_at,updated_at) VALUES (?,?,?,?,?,?,?)]
2025-08-09T23:11:43.604-03:00 DEBUG 97564 --- [beauty-salon-backend] [ool-3-thread-22] [                                                 ] o.s.d.c.c.c.MappingCassandraConverter    : doWithProperties Property.type java.util.UUID, Property.value 4494ba44-dd96-4743-9133-7ed1f96050ec
2025-08-09T23:11:43.604-03:00 DEBUG 97564 --- [beauty-salon-backend] [ool-3-thread-22] [                                                 ] o.s.d.c.c.c.MappingCassandraConverter    : Adding map.entry [id] - [4494ba44-dd96-4743-9133-7ed1f96050ec]
2025-08-09T23:11:43.604-03:00 DEBUG 97564 --- [beauty-salon-backend] [ool-3-thread-22] [                                                 ] o.s.d.c.c.c.MappingCassandraConverter    : doWithProperties Property.type java.lang.String, Property.value Pool Test 153
2025-08-09T23:11:43.604-03:00 DEBUG 97564 --- [beauty-salon-backend] [ool-3-thread-22] [                                                 ] o.s.d.c.c.c.MappingCassandraConverter    : Adding map.entry [name] - [Pool Test 153]
2025-08-09T23:11:43.604-03:00 DEBUG 97564 --- [beauty-salon-backend] [ool-3-thread-22] [                                                 ] o.s.d.c.c.c.MappingCassandraConverter    : doWithProperties Property.type java.lang.String, Property.value pool153@test.com
2025-08-09T23:11:43.604-03:00 DEBUG 97564 --- [beauty-salon-backend] [ool-3-thread-22] [                                                 ] o.s.d.c.c.c.MappingCassandraConverter    : Adding map.entry [email] - [pool153@test.com]
2025-08-09T23:11:43.604-03:00 DEBUG 97564 --- [beauty-salon-backend] [ool-3-thread-22] [                                                 ] o.s.d.c.c.c.MappingCassandraConverter    : doWithProperties Property.type java.lang.String, Property.value 5550000153
2025-08-09T23:11:43.604-03:00 DEBUG 97564 --- [beauty-salon-backend] [ool-3-thread-22] [                                                 ] o.s.d.c.c.c.MappingCassandraConverter    : Adding map.entry [phone] - [5550000153]
2025-08-09T23:11:43.604-03:00 DEBUG 97564 --- [beauty-salon-backend] [ool-3-thread-22] [                                                 ] o.s.d.c.c.c.MappingCassandraConverter    : doWithProperties Property.type java.lang.String, Property.value Pool St 153
2025-08-09T23:11:43.604-03:00 DEBUG 97564 --- [beauty-salon-backend] [ool-3-thread-22] [                                                 ] o.s.d.c.c.c.MappingCassandraConverter    : Adding map.entry [address] - [Pool St 153]
2025-08-09T23:11:43.604-03:00 DEBUG 97564 --- [beauty-salon-backend] [ool-3-thread-22] [                                                 ] o.s.d.c.c.c.MappingCassandraConverter    : doWithProperties Property.type java.time.Instant, Property.value 2025-08-10T02:11:43.603934Z
2025-08-09T23:11:43.604-03:00 DEBUG 97564 --- [beauty-salon-backend] [ool-3-thread-22] [                                                 ] o.s.d.c.c.c.MappingCassandraConverter    : Adding map.entry [created_at] - [2025-08-10T02:11:43.603934Z]
2025-08-09T23:11:43.604-03:00 DEBUG 97564 --- [beauty-salon-backend] [ool-3-thread-22] [                                                 ] o.s.d.c.c.c.MappingCassandraConverter    : doWithProperties Property.type java.time.Instant, Property.value 2025-08-10T02:11:43.603934Z
2025-08-09T23:11:43.604-03:00 DEBUG 97564 --- [beauty-salon-backend] [ool-3-thread-22] [                                                 ] o.s.d.c.c.c.MappingCassandraConverter    : Adding map.entry [updated_at] - [2025-08-10T02:11:43.603934Z]
2025-08-09T23:11:43.605-03:00 DEBUG 97564 --- [beauty-salon-backend] [ool-3-thread-22] [                                                 ] o.s.data.cassandra.core.cql.CqlTemplate  : Preparing statement [INSERT INTO customers (id,name,email,phone,address,created_at,updated_at) VALUES (?,?,?,?,?,?,?)] using org.springframework.data.cassandra.core.CassandraTemplate$PreparedStatementHandler@6a4d919b
2025-08-09T23:11:43.605-03:00 DEBUG 97564 --- [beauty-salon-backend] [ool-3-thread-22] [                                                 ] o.s.data.cassandra.core.cql.CqlTemplate  : Executing prepared statement [INSERT INTO customers (id,name,email,phone,address,created_at,updated_at) VALUES (?,?,?,?,?,?,?)]
2025-08-09T23:11:43.595-03:00 DEBUG 97564 --- [beauty-salon-backend] [pool-3-thread-5] [                                                 ] o.s.d.c.c.c.MappingCassandraConverter    : doWithProperties Property.type java.util.UUID, Property.value 6778f87a-eecf-45a9-9f76-adcca0f2ee98
2025-08-09T23:11:43.597-03:00 DEBUG 97564 --- [beauty-salon-backend] [pool-3-thread-6] [                                                 ] o.s.data.cassandra.core.cql.CqlTemplate  : Preparing statement [INSERT INTO customers (id,name,email,phone,address,created_at,updated_at) VALUES (?,?,?,?,?,?,?)] using org.springframework.data.cassandra.core.CassandraTemplate$PreparedStatementHandler@9f3db68
2025-08-09T23:11:43.598-03:00 DEBUG 97564 --- [beauty-salon-backend] [pool-3-thread-1] [                                                 ] o.s.d.c.c.c.MappingCassandraConverter    : doWithProperties Property.type java.lang.String, Property.value Pool St 180
2025-08-09T23:11:43.601-03:00 DEBUG 97564 --- [beauty-salon-backend] [ool-3-thread-11] [                                                 ] o.s.d.c.c.c.MappingCassandraConverter    : doWithProperties Property.type java.util.UUID, Property.value 27a4c406-9d57-4979-9561-447c7d984493
2025-08-09T23:11:43.602-03:00 DEBUG 97564 --- [beauty-salon-backend] [ool-3-thread-17] [                                                 ] o.s.d.c.c.c.MappingCassandraConverter    : doWithProperties Property.type java.lang.String, Property.value Pool Test 192
2025-08-09T23:11:43.607-03:00 DEBUG 97564 --- [beauty-salon-backend] [ool-3-thread-17] [                                                 ] o.s.d.c.c.c.MappingCassandraConverter    : Adding map.entry [name] - [Pool Test 192]
2025-08-09T23:11:43.607-03:00 DEBUG 97564 --- [beauty-salon-backend] [pool-3-thread-1] [                                                 ] o.s.d.c.c.c.MappingCassandraConverter    : Adding map.entry [address] - [Pool St 180]
2025-08-09T23:11:43.607-03:00 DEBUG 97564 --- [beauty-salon-backend] [ool-3-thread-11] [                                                 ] o.s.d.c.c.c.MappingCassandraConverter    : Adding map.entry [id] - [27a4c406-9d57-4979-9561-447c7d984493]
2025-08-09T23:11:43.607-03:00 DEBUG 97564 --- [beauty-salon-backend] [pool-3-thread-6] [                                                 ] o.s.data.cassandra.core.cql.CqlTemplate  : Executing prepared statement [INSERT INTO customers (id,name,email,phone,address,created_at,updated_at) VALUES (?,?,?,?,?,?,?)]
2025-08-09T23:11:43.607-03:00 DEBUG 97564 --- [beauty-salon-backend] [pool-3-thread-1] [                                                 ] o.s.d.c.c.c.MappingCassandraConverter    : doWithProperties Property.type java.time.Instant, Property.value 2025-08-10T02:11:43.594902Z
2025-08-09T23:11:43.607-03:00 DEBUG 97564 --- [beauty-salon-backend] [ool-3-thread-17] [                                                 ] o.s.d.c.c.c.MappingCassandraConverter    : doWithProperties Property.type java.lang.String, Property.value pool192@test.com
2025-08-09T23:11:43.607-03:00 DEBUG 97564 --- [beauty-salon-backend] [pool-3-thread-1] [                                                 ] o.s.d.c.c.c.MappingCassandraConverter    : Adding map.entry [created_at] - [2025-08-10T02:11:43.594902Z]
2025-08-09T23:11:43.607-03:00 DEBUG 97564 --- [beauty-salon-backend] [ool-3-thread-17] [                                                 ] o.s.d.c.c.c.MappingCassandraConverter    : Adding map.entry [email] - [pool192@test.com]
2025-08-09T23:11:43.607-03:00 DEBUG 97564 --- [beauty-salon-backend] [pool-3-thread-1] [                                                 ] o.s.d.c.c.c.MappingCassandraConverter    : doWithProperties Property.type java.time.Instant, Property.value 2025-08-10T02:11:43.594902Z
2025-08-09T23:11:43.607-03:00 DEBUG 97564 --- [beauty-salon-backend] [ool-3-thread-17] [                                                 ] o.s.d.c.c.c.MappingCassandraConverter    : doWithProperties Property.type java.lang.String, Property.value 5550000192
2025-08-09T23:11:43.607-03:00 DEBUG 97564 --- [beauty-salon-backend] [pool-3-thread-1] [                                                 ] o.s.d.c.c.c.MappingCassandraConverter    : Adding map.entry [updated_at] - [2025-08-10T02:11:43.594902Z]
2025-08-09T23:11:43.607-03:00 DEBUG 97564 --- [beauty-salon-backend] [ool-3-thread-11] [                                                 ] o.s.d.c.c.c.MappingCassandraConverter    : doWithProperties Property.type java.lang.String, Property.value Pool Test 195
2025-08-09T23:11:43.607-03:00 DEBUG 97564 --- [beauty-salon-backend] [ool-3-thread-17] [                                                 ] o.s.d.c.c.c.MappingCassandraConverter    : Adding map.entry [phone] - [5550000192]
2025-08-09T23:11:43.607-03:00 DEBUG 97564 --- [beauty-salon-backend] [ool-3-thread-11] [                                                 ] o.s.d.c.c.c.MappingCassandraConverter    : Adding map.entry [name] - [Pool Test 195]
2025-08-09T23:11:43.607-03:00 DEBUG 97564 --- [beauty-salon-backend] [ool-3-thread-17] [                                                 ] o.s.d.c.c.c.MappingCassandraConverter    : doWithProperties Property.type java.lang.String, Property.value Pool St 192
2025-08-09T23:11:43.607-03:00 DEBUG 97564 --- [beauty-salon-backend] [ool-3-thread-17] [                                                 ] o.s.d.c.c.c.MappingCassandraConverter    : Adding map.entry [address] - [Pool St 192]
2025-08-09T23:11:43.607-03:00 DEBUG 97564 --- [beauty-salon-backend] [ool-3-thread-11] [                                                 ] o.s.d.c.c.c.MappingCassandraConverter    : doWithProperties Property.type java.lang.String, Property.value pool195@test.com
2025-08-09T23:11:43.607-03:00 DEBUG 97564 --- [beauty-salon-backend] [ool-3-thread-11] [                                                 ] o.s.d.c.c.c.MappingCassandraConverter    : Adding map.entry [email] - [pool195@test.com]
2025-08-09T23:11:43.607-03:00 DEBUG 97564 --- [beauty-salon-backend] [ool-3-thread-17] [                                                 ] o.s.d.c.c.c.MappingCassandraConverter    : doWithProperties Property.type java.time.Instant, Property.value 2025-08-10T02:11:43.602041Z
2025-08-09T23:11:43.608-03:00 DEBUG 97564 --- [beauty-salon-backend] [ool-3-thread-17] [                                                 ] o.s.d.c.c.c.MappingCassandraConverter    : Adding map.entry [created_at] - [2025-08-10T02:11:43.602041Z]
2025-08-09T23:11:43.607-03:00 DEBUG 97564 --- [beauty-salon-backend] [pool-3-thread-1] [                                                 ] o.s.data.cassandra.core.cql.CqlTemplate  : Preparing statement [INSERT INTO customers (id,name,email,phone,address,created_at,updated_at) VALUES (?,?,?,?,?,?,?)] using org.springframework.data.cassandra.core.CassandraTemplate$PreparedStatementHandler@2d23165
2025-08-09T23:11:43.608-03:00 DEBUG 97564 --- [beauty-salon-backend] [ool-3-thread-11] [                                                 ] o.s.d.c.c.c.MappingCassandraConverter    : doWithProperties Property.type java.lang.String, Property.value 5550000195
2025-08-09T23:11:43.608-03:00 DEBUG 97564 --- [beauty-salon-backend] [pool-3-thread-1] [                                                 ] o.s.data.cassandra.core.cql.CqlTemplate  : Executing prepared statement [INSERT INTO customers (id,name,email,phone,address,created_at,updated_at) VALUES (?,?,?,?,?,?,?)]
2025-08-09T23:11:43.608-03:00 DEBUG 97564 --- [beauty-salon-backend] [ool-3-thread-17] [                                                 ] o.s.d.c.c.c.MappingCassandraConverter    : doWithProperties Property.type java.time.Instant, Property.value 2025-08-10T02:11:43.602042Z
2025-08-09T23:11:43.608-03:00 DEBUG 97564 --- [beauty-salon-backend] [ool-3-thread-11] [                                                 ] o.s.d.c.c.c.MappingCassandraConverter    : Adding map.entry [phone] - [5550000195]
2025-08-09T23:11:43.608-03:00 DEBUG 97564 --- [beauty-salon-backend] [ool-3-thread-17] [                                                 ] o.s.d.c.c.c.MappingCassandraConverter    : Adding map.entry [updated_at] - [2025-08-10T02:11:43.602042Z]
2025-08-09T23:11:43.608-03:00 DEBUG 97564 --- [beauty-salon-backend] [ool-3-thread-11] [                                                 ] o.s.d.c.c.c.MappingCassandraConverter    : doWithProperties Property.type java.lang.String, Property.value Pool St 195
2025-08-09T23:11:43.608-03:00 DEBUG 97564 --- [beauty-salon-backend] [ool-3-thread-17] [                                                 ] o.s.data.cassandra.core.cql.CqlTemplate  : Preparing statement [INSERT INTO customers (id,name,email,phone,address,created_at,updated_at) VALUES (?,?,?,?,?,?,?)] using org.springframework.data.cassandra.core.CassandraTemplate$PreparedStatementHandler@1e64510c
2025-08-09T23:11:43.608-03:00 DEBUG 97564 --- [beauty-salon-backend] [ool-3-thread-11] [                                                 ] o.s.d.c.c.c.MappingCassandraConverter    : Adding map.entry [address] - [Pool St 195]
2025-08-09T23:11:43.608-03:00 DEBUG 97564 --- [beauty-salon-backend] [ool-3-thread-17] [                                                 ] o.s.data.cassandra.core.cql.CqlTemplate  : Executing prepared statement [INSERT INTO customers (id,name,email,phone,address,created_at,updated_at) VALUES (?,?,?,?,?,?,?)]
2025-08-09T23:11:43.608-03:00 DEBUG 97564 --- [beauty-salon-backend] [ool-3-thread-11] [                                                 ] o.s.d.c.c.c.MappingCassandraConverter    : doWithProperties Property.type java.time.Instant, Property.value 2025-08-10T02:11:43.601716Z
2025-08-09T23:11:43.608-03:00 DEBUG 97564 --- [beauty-salon-backend] [ool-3-thread-11] [                                                 ] o.s.d.c.c.c.MappingCassandraConverter    : Adding map.entry [created_at] - [2025-08-10T02:11:43.601716Z]
2025-08-09T23:11:43.608-03:00 DEBUG 97564 --- [beauty-salon-backend] [ool-3-thread-11] [                                                 ] o.s.d.c.c.c.MappingCassandraConverter    : doWithProperties Property.type java.time.Instant, Property.value 2025-08-10T02:11:43.601717Z
2025-08-09T23:11:43.608-03:00 DEBUG 97564 --- [beauty-salon-backend] [ool-3-thread-11] [                                                 ] o.s.d.c.c.c.MappingCassandraConverter    : Adding map.entry [updated_at] - [2025-08-10T02:11:43.601717Z]
2025-08-09T23:11:43.608-03:00 DEBUG 97564 --- [beauty-salon-backend] [ool-3-thread-11] [                                                 ] o.s.data.cassandra.core.cql.CqlTemplate  : Preparing statement [INSERT INTO customers (id,name,email,phone,address,created_at,updated_at) VALUES (?,?,?,?,?,?,?)] using org.springframework.data.cassandra.core.CassandraTemplate$PreparedStatementHandler@3cd0eaa5
2025-08-09T23:11:43.609-03:00 DEBUG 97564 --- [beauty-salon-backend] [ool-3-thread-11] [                                                 ] o.s.data.cassandra.core.cql.CqlTemplate  : Executing prepared statement [INSERT INTO customers (id,name,email,phone,address,created_at,updated_at) VALUES (?,?,?,?,?,?,?)]
2025-08-09T23:11:43.609-03:00 DEBUG 97564 --- [beauty-salon-backend] [ool-3-thread-33] [                                                 ] o.s.d.c.c.c.MappingCassandraConverter    : doWithProperties Property.type java.util.UUID, Property.value e28162a2-c01b-44bf-bf92-252b0c466fbe
2025-08-09T23:11:43.609-03:00 DEBUG 97564 --- [beauty-salon-backend] [ool-3-thread-33] [                                                 ] o.s.d.c.c.c.MappingCassandraConverter    : Adding map.entry [id] - [e28162a2-c01b-44bf-bf92-252b0c466fbe]
2025-08-09T23:11:43.609-03:00 DEBUG 97564 --- [beauty-salon-backend] [ool-3-thread-33] [                                                 ] o.s.d.c.c.c.MappingCassandraConverter    : doWithProperties Property.type java.lang.String, Property.value Pool Test 198
2025-08-09T23:11:43.609-03:00 DEBUG 97564 --- [beauty-salon-backend] [ool-3-thread-33] [                                                 ] o.s.d.c.c.c.MappingCassandraConverter    : Adding map.entry [name] - [Pool Test 198]
2025-08-09T23:11:43.609-03:00 DEBUG 97564 --- [beauty-salon-backend] [ool-3-thread-33] [                                                 ] o.s.d.c.c.c.MappingCassandraConverter    : doWithProperties Property.type java.lang.String, Property.value pool198@test.com
2025-08-09T23:11:43.609-03:00 DEBUG 97564 --- [beauty-salon-backend] [ool-3-thread-33] [                                                 ] o.s.d.c.c.c.MappingCassandraConverter    : Adding map.entry [email] - [pool198@test.com]
2025-08-09T23:11:43.609-03:00 DEBUG 97564 --- [beauty-salon-backend] [ool-3-thread-33] [                                                 ] o.s.d.c.c.c.MappingCassandraConverter    : doWithProperties Property.type java.lang.String, Property.value 5550000198
2025-08-09T23:11:43.609-03:00 DEBUG 97564 --- [beauty-salon-backend] [ool-3-thread-33] [                                                 ] o.s.d.c.c.c.MappingCassandraConverter    : Adding map.entry [phone] - [5550000198]
2025-08-09T23:11:43.609-03:00 DEBUG 97564 --- [beauty-salon-backend] [ool-3-thread-33] [                                                 ] o.s.d.c.c.c.MappingCassandraConverter    : doWithProperties Property.type java.lang.String, Property.value Pool St 198
2025-08-09T23:11:43.609-03:00 DEBUG 97564 --- [beauty-salon-backend] [ool-3-thread-33] [                                                 ] o.s.d.c.c.c.MappingCassandraConverter    : Adding map.entry [address] - [Pool St 198]
2025-08-09T23:11:43.609-03:00 DEBUG 97564 --- [beauty-salon-backend] [ool-3-thread-33] [                                                 ] o.s.d.c.c.c.MappingCassandraConverter    : doWithProperties Property.type java.time.Instant, Property.value 2025-08-10T02:11:43.609170Z
2025-08-09T23:11:43.609-03:00 DEBUG 97564 --- [beauty-salon-backend] [ool-3-thread-33] [                                                 ] o.s.d.c.c.c.MappingCassandraConverter    : Adding map.entry [created_at] - [2025-08-10T02:11:43.609170Z]
2025-08-09T23:11:43.609-03:00 DEBUG 97564 --- [beauty-salon-backend] [ool-3-thread-33] [                                                 ] o.s.d.c.c.c.MappingCassandraConverter    : doWithProperties Property.type java.time.Instant, Property.value 2025-08-10T02:11:43.609171Z
2025-08-09T23:11:43.609-03:00 DEBUG 97564 --- [beauty-salon-backend] [ool-3-thread-33] [                                                 ] o.s.d.c.c.c.MappingCassandraConverter    : Adding map.entry [updated_at] - [2025-08-10T02:11:43.609171Z]
2025-08-09T23:11:43.609-03:00 DEBUG 97564 --- [beauty-salon-backend] [ool-3-thread-33] [                                                 ] o.s.data.cassandra.core.cql.CqlTemplate  : Preparing statement [INSERT INTO customers (id,name,email,phone,address,created_at,updated_at) VALUES (?,?,?,?,?,?,?)] using org.springframework.data.cassandra.core.CassandraTemplate$PreparedStatementHandler@cf717fb
2025-08-09T23:11:43.609-03:00 DEBUG 97564 --- [beauty-salon-backend] [ool-3-thread-33] [                                                 ] o.s.data.cassandra.core.cql.CqlTemplate  : Executing prepared statement [INSERT INTO customers (id,name,email,phone,address,created_at,updated_at) VALUES (?,?,?,?,?,?,?)]
2025-08-09T23:11:43.607-03:00 DEBUG 97564 --- [beauty-salon-backend] [pool-3-thread-5] [                                                 ] o.s.d.c.c.c.MappingCassandraConverter    : Adding map.entry [id] - [6778f87a-eecf-45a9-9f76-adcca0f2ee98]
2025-08-09T23:11:43.612-03:00 DEBUG 97564 --- [beauty-salon-backend] [ool-3-thread-20] [                                                 ] o.s.d.c.c.c.MappingCassandraConverter    : doWithProperties Property.type java.util.UUID, Property.value 02c9a14e-b898-4b94-9f50-cd7ea6b54532
2025-08-09T23:11:43.612-03:00 DEBUG 97564 --- [beauty-salon-backend] [ool-3-thread-20] [                                                 ] o.s.d.c.c.c.MappingCassandraConverter    : Adding map.entry [id] - [02c9a14e-b898-4b94-9f50-cd7ea6b54532]
2025-08-09T23:11:43.612-03:00 DEBUG 97564 --- [beauty-salon-backend] [ool-3-thread-20] [                                                 ] o.s.d.c.c.c.MappingCassandraConverter    : doWithProperties Property.type java.lang.String, Property.value Pool Test 186
2025-08-09T23:11:43.612-03:00 DEBUG 97564 --- [beauty-salon-backend] [ool-3-thread-20] [                                                 ] o.s.d.c.c.c.MappingCassandraConverter    : Adding map.entry [name] - [Pool Test 186]
2025-08-09T23:11:43.612-03:00 DEBUG 97564 --- [beauty-salon-backend] [ool-3-thread-31] [                                                 ] o.s.d.c.c.c.MappingCassandraConverter    : doWithProperties Property.type java.util.UUID, Property.value f620fddd-4e25-4d30-9794-2cf7e7e17e70
2025-08-09T23:11:43.610-03:00 DEBUG 97564 --- [beauty-salon-backend] [pool-3-thread-5] [                                                 ] o.s.d.c.c.c.MappingCassandraConverter    : doWithProperties Property.type java.lang.String, Property.value Pool Test 183
2025-08-09T23:11:43.612-03:00 DEBUG 97564 --- [beauty-salon-backend] [pool-3-thread-5] [                                                 ] o.s.d.c.c.c.MappingCassandraConverter    : Adding map.entry [name] - [Pool Test 183]
2025-08-09T23:11:43.612-03:00 DEBUG 97564 --- [beauty-salon-backend] [ool-3-thread-31] [                                                 ] o.s.d.c.c.c.MappingCassandraConverter    : Adding map.entry [id] - [f620fddd-4e25-4d30-9794-2cf7e7e17e70]
2025-08-09T23:11:43.612-03:00 DEBUG 97564 --- [beauty-salon-backend] [ool-3-thread-20] [                                                 ] o.s.d.c.c.c.MappingCassandraConverter    : doWithProperties Property.type java.lang.String, Property.value pool186@test.com
2025-08-09T23:11:43.612-03:00 DEBUG 97564 --- [beauty-salon-backend] [pool-3-thread-5] [                                                 ] o.s.d.c.c.c.MappingCassandraConverter    : doWithProperties Property.type java.lang.String, Property.value pool183@test.com
2025-08-09T23:11:43.613-03:00 DEBUG 97564 --- [beauty-salon-backend] [ool-3-thread-31] [                                                 ] o.s.d.c.c.c.MappingCassandraConverter    : doWithProperties Property.type java.lang.String, Property.value Pool Test 168
2025-08-09T23:11:43.613-03:00 DEBUG 97564 --- [beauty-salon-backend] [ool-3-thread-31] [                                                 ] o.s.d.c.c.c.MappingCassandraConverter    : Adding map.entry [name] - [Pool Test 168]
2025-08-09T23:11:43.613-03:00 DEBUG 97564 --- [beauty-salon-backend] [ool-3-thread-31] [                                                 ] o.s.d.c.c.c.MappingCassandraConverter    : doWithProperties Property.type java.lang.String, Property.value pool168@test.com
2025-08-09T23:11:43.613-03:00 DEBUG 97564 --- [beauty-salon-backend] [ool-3-thread-31] [                                                 ] o.s.d.c.c.c.MappingCassandraConverter    : Adding map.entry [email] - [pool168@test.com]
2025-08-09T23:11:43.613-03:00 DEBUG 97564 --- [beauty-salon-backend] [ool-3-thread-20] [                                                 ] o.s.d.c.c.c.MappingCassandraConverter    : Adding map.entry [email] - [pool186@test.com]
2025-08-09T23:11:43.613-03:00 DEBUG 97564 --- [beauty-salon-backend] [ool-3-thread-31] [                                                 ] o.s.d.c.c.c.MappingCassandraConverter    : doWithProperties Property.type java.lang.String, Property.value 5550000168
2025-08-09T23:11:43.613-03:00 DEBUG 97564 --- [beauty-salon-backend] [ool-3-thread-31] [                                                 ] o.s.d.c.c.c.MappingCassandraConverter    : Adding map.entry [phone] - [5550000168]
2025-08-09T23:11:43.613-03:00 DEBUG 97564 --- [beauty-salon-backend] [ool-3-thread-31] [                                                 ] o.s.d.c.c.c.MappingCassandraConverter    : doWithProperties Property.type java.lang.String, Property.value Pool St 168
2025-08-09T23:11:43.613-03:00 DEBUG 97564 --- [beauty-salon-backend] [ool-3-thread-31] [                                                 ] o.s.d.c.c.c.MappingCassandraConverter    : Adding map.entry [address] - [Pool St 168]
2025-08-09T23:11:43.613-03:00 DEBUG 97564 --- [beauty-salon-backend] [ool-3-thread-31] [                                                 ] o.s.d.c.c.c.MappingCassandraConverter    : doWithProperties Property.type java.time.Instant, Property.value 2025-08-10T02:11:43.612633Z
2025-08-09T23:11:43.613-03:00 DEBUG 97564 --- [beauty-salon-backend] [ool-3-thread-31] [                                                 ] o.s.d.c.c.c.MappingCassandraConverter    : Adding map.entry [created_at] - [2025-08-10T02:11:43.612633Z]
2025-08-09T23:11:43.613-03:00 DEBUG 97564 --- [beauty-salon-backend] [ool-3-thread-31] [                                                 ] o.s.d.c.c.c.MappingCassandraConverter    : doWithProperties Property.type java.time.Instant, Property.value 2025-08-10T02:11:43.612633Z
2025-08-09T23:11:43.613-03:00 DEBUG 97564 --- [beauty-salon-backend] [ool-3-thread-31] [                                                 ] o.s.d.c.c.c.MappingCassandraConverter    : Adding map.entry [updated_at] - [2025-08-10T02:11:43.612633Z]
2025-08-09T23:11:43.613-03:00 DEBUG 97564 --- [beauty-salon-backend] [pool-3-thread-5] [                                                 ] o.s.d.c.c.c.MappingCassandraConverter    : Adding map.entry [email] - [pool183@test.com]
2025-08-09T23:11:43.613-03:00 DEBUG 97564 --- [beauty-salon-backend] [pool-3-thread-5] [                                                 ] o.s.d.c.c.c.MappingCassandraConverter    : doWithProperties Property.type java.lang.String, Property.value 5550000183
2025-08-09T23:11:43.613-03:00 DEBUG 97564 --- [beauty-salon-backend] [pool-3-thread-5] [                                                 ] o.s.d.c.c.c.MappingCassandraConverter    : Adding map.entry [phone] - [5550000183]
2025-08-09T23:11:43.613-03:00 DEBUG 97564 --- [beauty-salon-backend] [pool-3-thread-5] [                                                 ] o.s.d.c.c.c.MappingCassandraConverter    : doWithProperties Property.type java.lang.String, Property.value Pool St 183
2025-08-09T23:11:43.613-03:00 DEBUG 97564 --- [beauty-salon-backend] [pool-3-thread-5] [                                                 ] o.s.d.c.c.c.MappingCassandraConverter    : Adding map.entry [address] - [Pool St 183]
2025-08-09T23:11:43.613-03:00 DEBUG 97564 --- [beauty-salon-backend] [pool-3-thread-5] [                                                 ] o.s.d.c.c.c.MappingCassandraConverter    : doWithProperties Property.type java.time.Instant, Property.value 2025-08-10T02:11:43.595497Z
2025-08-09T23:11:43.613-03:00 DEBUG 97564 --- [beauty-salon-backend] [ool-3-thread-20] [                                                 ] o.s.d.c.c.c.MappingCassandraConverter    : doWithProperties Property.type java.lang.String, Property.value 5550000186
2025-08-09T23:11:43.613-03:00 DEBUG 97564 --- [beauty-salon-backend] [ool-3-thread-31] [                                                 ] o.s.data.cassandra.core.cql.CqlTemplate  : Preparing statement [INSERT INTO customers (id,name,email,phone,address,created_at,updated_at) VALUES (?,?,?,?,?,?,?)] using org.springframework.data.cassandra.core.CassandraTemplate$PreparedStatementHandler@6148b15c
2025-08-09T23:11:43.613-03:00 DEBUG 97564 --- [beauty-salon-backend] [ool-3-thread-20] [                                                 ] o.s.d.c.c.c.MappingCassandraConverter    : Adding map.entry [phone] - [5550000186]
2025-08-09T23:11:43.613-03:00 DEBUG 97564 --- [beauty-salon-backend] [pool-3-thread-5] [                                                 ] o.s.d.c.c.c.MappingCassandraConverter    : Adding map.entry [created_at] - [2025-08-10T02:11:43.595497Z]
2025-08-09T23:11:43.614-03:00 DEBUG 97564 --- [beauty-salon-backend] [ool-3-thread-20] [                                                 ] o.s.d.c.c.c.MappingCassandraConverter    : doWithProperties Property.type java.lang.String, Property.value Pool St 186
2025-08-09T23:11:43.614-03:00 DEBUG 97564 --- [beauty-salon-backend] [ool-3-thread-20] [                                                 ] o.s.d.c.c.c.MappingCassandraConverter    : Adding map.entry [address] - [Pool St 186]
2025-08-09T23:11:43.614-03:00 DEBUG 97564 --- [beauty-salon-backend] [ool-3-thread-31] [                                                 ] o.s.data.cassandra.core.cql.CqlTemplate  : Executing prepared statement [INSERT INTO customers (id,name,email,phone,address,created_at,updated_at) VALUES (?,?,?,?,?,?,?)]
2025-08-09T23:11:43.614-03:00 DEBUG 97564 --- [beauty-salon-backend] [ool-3-thread-20] [                                                 ] o.s.d.c.c.c.MappingCassandraConverter    : doWithProperties Property.type java.time.Instant, Property.value 2025-08-10T02:11:43.612587Z
2025-08-09T23:11:43.614-03:00 DEBUG 97564 --- [beauty-salon-backend] [ool-3-thread-20] [                                                 ] o.s.d.c.c.c.MappingCassandraConverter    : Adding map.entry [created_at] - [2025-08-10T02:11:43.612587Z]
2025-08-09T23:11:43.614-03:00 DEBUG 97564 --- [beauty-salon-backend] [ool-3-thread-20] [                                                 ] o.s.d.c.c.c.MappingCassandraConverter    : doWithProperties Property.type java.time.Instant, Property.value 2025-08-10T02:11:43.612587Z
2025-08-09T23:11:43.614-03:00 DEBUG 97564 --- [beauty-salon-backend] [ool-3-thread-20] [                                                 ] o.s.d.c.c.c.MappingCassandraConverter    : Adding map.entry [updated_at] - [2025-08-10T02:11:43.612587Z]
2025-08-09T23:11:43.614-03:00 DEBUG 97564 --- [beauty-salon-backend] [ool-3-thread-20] [                                                 ] o.s.data.cassandra.core.cql.CqlTemplate  : Preparing statement [INSERT INTO customers (id,name,email,phone,address,created_at,updated_at) VALUES (?,?,?,?,?,?,?)] using org.springframework.data.cassandra.core.CassandraTemplate$PreparedStatementHandler@aa0ca13
2025-08-09T23:11:43.614-03:00 DEBUG 97564 --- [beauty-salon-backend] [ool-3-thread-20] [                                                 ] o.s.data.cassandra.core.cql.CqlTemplate  : Executing prepared statement [INSERT INTO customers (id,name,email,phone,address,created_at,updated_at) VALUES (?,?,?,?,?,?,?)]
2025-08-09T23:11:43.614-03:00 DEBUG 97564 --- [beauty-salon-backend] [ool-3-thread-19] [                                                 ] o.s.d.c.c.c.MappingCassandraConverter    : doWithProperties Property.type java.util.UUID, Property.value 66324cd4-e1be-4b62-9d2d-81132111a738
2025-08-09T23:11:43.614-03:00 DEBUG 97564 --- [beauty-salon-backend] [ool-3-thread-19] [                                                 ] o.s.d.c.c.c.MappingCassandraConverter    : Adding map.entry [id] - [66324cd4-e1be-4b62-9d2d-81132111a738]
2025-08-09T23:11:43.614-03:00 DEBUG 97564 --- [beauty-salon-backend] [ool-3-thread-19] [                                                 ] o.s.d.c.c.c.MappingCassandraConverter    : doWithProperties Property.type java.lang.String, Property.value Pool Test 159
2025-08-09T23:11:43.615-03:00 DEBUG 97564 --- [beauty-salon-backend] [ool-3-thread-19] [                                                 ] o.s.d.c.c.c.MappingCassandraConverter    : Adding map.entry [name] - [Pool Test 159]
2025-08-09T23:11:43.615-03:00 DEBUG 97564 --- [beauty-salon-backend] [ool-3-thread-19] [                                                 ] o.s.d.c.c.c.MappingCassandraConverter    : doWithProperties Property.type java.lang.String, Property.value pool159@test.com
2025-08-09T23:11:43.615-03:00 DEBUG 97564 --- [beauty-salon-backend] [ool-3-thread-19] [                                                 ] o.s.d.c.c.c.MappingCassandraConverter    : Adding map.entry [email] - [pool159@test.com]
2025-08-09T23:11:43.615-03:00 DEBUG 97564 --- [beauty-salon-backend] [ool-3-thread-19] [                                                 ] o.s.d.c.c.c.MappingCassandraConverter    : doWithProperties Property.type java.lang.String, Property.value 5550000159
2025-08-09T23:11:43.615-03:00 DEBUG 97564 --- [beauty-salon-backend] [ool-3-thread-19] [                                                 ] o.s.d.c.c.c.MappingCassandraConverter    : Adding map.entry [phone] - [5550000159]
2025-08-09T23:11:43.615-03:00 DEBUG 97564 --- [beauty-salon-backend] [ool-3-thread-19] [                                                 ] o.s.d.c.c.c.MappingCassandraConverter    : doWithProperties Property.type java.lang.String, Property.value Pool St 159
2025-08-09T23:11:43.615-03:00 DEBUG 97564 --- [beauty-salon-backend] [ool-3-thread-19] [                                                 ] o.s.d.c.c.c.MappingCassandraConverter    : Adding map.entry [address] - [Pool St 159]
2025-08-09T23:11:43.615-03:00 DEBUG 97564 --- [beauty-salon-backend] [ool-3-thread-19] [                                                 ] o.s.d.c.c.c.MappingCassandraConverter    : doWithProperties Property.type java.time.Instant, Property.value 2025-08-10T02:11:43.614700Z
2025-08-09T23:11:43.615-03:00 DEBUG 97564 --- [beauty-salon-backend] [ool-3-thread-19] [                                                 ] o.s.d.c.c.c.MappingCassandraConverter    : Adding map.entry [created_at] - [2025-08-10T02:11:43.614700Z]
2025-08-09T23:11:43.614-03:00 DEBUG 97564 --- [beauty-salon-backend] [pool-3-thread-5] [                                                 ] o.s.d.c.c.c.MappingCassandraConverter    : doWithProperties Property.type java.time.Instant, Property.value 2025-08-10T02:11:43.595497Z
2025-08-09T23:11:43.615-03:00 DEBUG 97564 --- [beauty-salon-backend] [pool-3-thread-5] [                                                 ] o.s.d.c.c.c.MappingCassandraConverter    : Adding map.entry [updated_at] - [2025-08-10T02:11:43.595497Z]
2025-08-09T23:11:43.615-03:00 DEBUG 97564 --- [beauty-salon-backend] [ool-3-thread-19] [                                                 ] o.s.d.c.c.c.MappingCassandraConverter    : doWithProperties Property.type java.time.Instant, Property.value 2025-08-10T02:11:43.614701Z
2025-08-09T23:11:43.615-03:00 DEBUG 97564 --- [beauty-salon-backend] [ool-3-thread-19] [                                                 ] o.s.d.c.c.c.MappingCassandraConverter    : Adding map.entry [updated_at] - [2025-08-10T02:11:43.614701Z]
2025-08-09T23:11:43.615-03:00 DEBUG 97564 --- [beauty-salon-backend] [ool-3-thread-19] [                                                 ] o.s.data.cassandra.core.cql.CqlTemplate  : Preparing statement [INSERT INTO customers (id,name,email,phone,address,created_at,updated_at) VALUES (?,?,?,?,?,?,?)] using org.springframework.data.cassandra.core.CassandraTemplate$PreparedStatementHandler@21c7a436
2025-08-09T23:11:43.616-03:00 DEBUG 97564 --- [beauty-salon-backend] [ool-3-thread-19] [                                                 ] o.s.data.cassandra.core.cql.CqlTemplate  : Executing prepared statement [INSERT INTO customers (id,name,email,phone,address,created_at,updated_at) VALUES (?,?,?,?,?,?,?)]
2025-08-09T23:11:43.616-03:00 DEBUG 97564 --- [beauty-salon-backend] [pool-3-thread-5] [                                                 ] o.s.data.cassandra.core.cql.CqlTemplate  : Preparing statement [INSERT INTO customers (id,name,email,phone,address,created_at,updated_at) VALUES (?,?,?,?,?,?,?)] using org.springframework.data.cassandra.core.CassandraTemplate$PreparedStatementHandler@1b5ac38f
2025-08-09T23:11:43.616-03:00 DEBUG 97564 --- [beauty-salon-backend] [pool-3-thread-5] [                                                 ] o.s.data.cassandra.core.cql.CqlTemplate  : Executing prepared statement [INSERT INTO customers (id,name,email,phone,address,created_at,updated_at) VALUES (?,?,?,?,?,?,?)]
📊 PHASE 2 CONNECTION POOL PERFORMANCE RESULTS:
✅ Success Rate: 100,00% (200/200)
🚀 Throughput: 793,65 req/s
⏱️  Average Response Time: 54,76 ms
⚡ Min Response Time: 0 ms
🔥 Max Response Time: 212 ms
⏰ Total Test Duration: 252 ms
🔗 Concurrency Level: 50 threads
✅ Phase 2 Connection Pool Performance Test PASSED!
]]></system-out>
    <system-err><![CDATA[Mockito is currently self-attaching to enable the inline-mock-maker. This will no longer work in future releases of the JDK. Please add Mockito as an agent to your build as described in Mockito's documentation: https://javadoc.io/doc/org.mockito/mockito-core/latest/org.mockito/org/mockito/Mockito.html#0.3
WARNING: A Java agent has been loaded dynamically (/Users/leandro.yamaniha/.m2/repository/net/bytebuddy/byte-buddy-agent/1.17.6/byte-buddy-agent-1.17.6.jar)
WARNING: If a serviceability tool is in use, please run with -XX:+EnableDynamicAgentLoading to hide this warning
WARNING: If a serviceability tool is not in use, please run with -Djdk.instrument.traceUsage for more information
WARNING: Dynamic loading of agents will be disallowed by default in a future release
]]></system-err>
  </testcase>
  <testcase name="testCachePerformance" classname="com.beautysalon.performance.Phase2PerformanceTest" time="0.19">
    <failure message="Success rate should be &gt;= 95%, got: 50.0%" type="java.lang.AssertionError"><![CDATA[java.lang.AssertionError: Success rate should be >= 95%, got: 50.0%
	at com.beautysalon.performance.Phase2PerformanceTest.testCachePerformance(Phase2PerformanceTest.java:172)
	at java.base/java.lang.reflect.Method.invoke(Method.java:565)
	at java.base/java.util.ArrayList.forEach(ArrayList.java:1604)
	at java.base/java.util.ArrayList.forEach(ArrayList.java:1604)
]]></failure>
    <system-out><![CDATA[2025-08-09T23:11:43.663-03:00 DEBUG 97564 --- [beauty-salon-backend] [           main] [                                                 ] o.s.d.c.c.c.MappingCassandraConverter    : doWithProperties Property.type java.util.UUID, Property.value d977f8bd-2a36-45eb-bf28-04d7bb038bdb
2025-08-09T23:11:43.663-03:00 DEBUG 97564 --- [beauty-salon-backend] [           main] [                                                 ] o.s.d.c.c.c.MappingCassandraConverter    : Adding map.entry [id] - [d977f8bd-2a36-45eb-bf28-04d7bb038bdb]
2025-08-09T23:11:43.664-03:00 DEBUG 97564 --- [beauty-salon-backend] [           main] [                                                 ] o.s.d.c.c.c.MappingCassandraConverter    : doWithProperties Property.type java.lang.String, Property.value Cache Test Customer 0
2025-08-09T23:11:43.664-03:00 DEBUG 97564 --- [beauty-salon-backend] [           main] [                                                 ] o.s.d.c.c.c.MappingCassandraConverter    : Adding map.entry [name] - [Cache Test Customer 0]
2025-08-09T23:11:43.664-03:00 DEBUG 97564 --- [beauty-salon-backend] [           main] [                                                 ] o.s.d.c.c.c.MappingCassandraConverter    : doWithProperties Property.type java.lang.String, Property.value cache0@test.com
2025-08-09T23:11:43.664-03:00 DEBUG 97564 --- [beauty-salon-backend] [           main] [                                                 ] o.s.d.c.c.c.MappingCassandraConverter    : Adding map.entry [email] - [cache0@test.com]
2025-08-09T23:11:43.664-03:00 DEBUG 97564 --- [beauty-salon-backend] [           main] [                                                 ] o.s.d.c.c.c.MappingCassandraConverter    : doWithProperties Property.type java.lang.String, Property.value 5550000000
2025-08-09T23:11:43.664-03:00 DEBUG 97564 --- [beauty-salon-backend] [           main] [                                                 ] o.s.d.c.c.c.MappingCassandraConverter    : Adding map.entry [phone] - [5550000000]
2025-08-09T23:11:43.664-03:00 DEBUG 97564 --- [beauty-salon-backend] [           main] [                                                 ] o.s.d.c.c.c.MappingCassandraConverter    : doWithProperties Property.type java.lang.String, Property.value 123 Cache St 0
2025-08-09T23:11:43.664-03:00 DEBUG 97564 --- [beauty-salon-backend] [           main] [                                                 ] o.s.d.c.c.c.MappingCassandraConverter    : Adding map.entry [address] - [123 Cache St 0]
2025-08-09T23:11:43.664-03:00 DEBUG 97564 --- [beauty-salon-backend] [           main] [                                                 ] o.s.d.c.c.c.MappingCassandraConverter    : doWithProperties Property.type java.time.Instant, Property.value 2025-08-10T02:11:43.663682Z
2025-08-09T23:11:43.664-03:00 DEBUG 97564 --- [beauty-salon-backend] [           main] [                                                 ] o.s.d.c.c.c.MappingCassandraConverter    : Adding map.entry [created_at] - [2025-08-10T02:11:43.663682Z]
2025-08-09T23:11:43.664-03:00 DEBUG 97564 --- [beauty-salon-backend] [           main] [                                                 ] o.s.d.c.c.c.MappingCassandraConverter    : doWithProperties Property.type java.time.Instant, Property.value 2025-08-10T02:11:43.663682Z
2025-08-09T23:11:43.664-03:00 DEBUG 97564 --- [beauty-salon-backend] [           main] [                                                 ] o.s.d.c.c.c.MappingCassandraConverter    : Adding map.entry [updated_at] - [2025-08-10T02:11:43.663682Z]
2025-08-09T23:11:43.664-03:00 DEBUG 97564 --- [beauty-salon-backend] [           main] [                                                 ] o.s.data.cassandra.core.cql.CqlTemplate  : Preparing statement [INSERT INTO customers (id,name,email,phone,address,created_at,updated_at) VALUES (?,?,?,?,?,?,?)] using org.springframework.data.cassandra.core.CassandraTemplate$PreparedStatementHandler@6939ce9c
2025-08-09T23:11:43.664-03:00 DEBUG 97564 --- [beauty-salon-backend] [           main] [                                                 ] o.s.data.cassandra.core.cql.CqlTemplate  : Executing prepared statement [INSERT INTO customers (id,name,email,phone,address,created_at,updated_at) VALUES (?,?,?,?,?,?,?)]
2025-08-09T23:11:43.672-03:00 DEBUG 97564 --- [beauty-salon-backend] [           main] [                                                 ] o.s.d.c.c.c.MappingCassandraConverter    : doWithProperties Property.type java.util.UUID, Property.value fdc0fb79-32c0-4586-b507-dd526462da6b
2025-08-09T23:11:43.672-03:00 DEBUG 97564 --- [beauty-salon-backend] [           main] [                                                 ] o.s.d.c.c.c.MappingCassandraConverter    : Adding map.entry [id] - [fdc0fb79-32c0-4586-b507-dd526462da6b]
2025-08-09T23:11:43.672-03:00 DEBUG 97564 --- [beauty-salon-backend] [           main] [                                                 ] o.s.d.c.c.c.MappingCassandraConverter    : doWithProperties Property.type java.lang.String, Property.value Cache Test Customer 1
2025-08-09T23:11:43.672-03:00 DEBUG 97564 --- [beauty-salon-backend] [           main] [                                                 ] o.s.d.c.c.c.MappingCassandraConverter    : Adding map.entry [name] - [Cache Test Customer 1]
2025-08-09T23:11:43.672-03:00 DEBUG 97564 --- [beauty-salon-backend] [           main] [                                                 ] o.s.d.c.c.c.MappingCassandraConverter    : doWithProperties Property.type java.lang.String, Property.value cache1@test.com
2025-08-09T23:11:43.672-03:00 DEBUG 97564 --- [beauty-salon-backend] [           main] [                                                 ] o.s.d.c.c.c.MappingCassandraConverter    : Adding map.entry [email] - [cache1@test.com]
2025-08-09T23:11:43.673-03:00 DEBUG 97564 --- [beauty-salon-backend] [           main] [                                                 ] o.s.d.c.c.c.MappingCassandraConverter    : doWithProperties Property.type java.lang.String, Property.value 5550000001
2025-08-09T23:11:43.673-03:00 DEBUG 97564 --- [beauty-salon-backend] [           main] [                                                 ] o.s.d.c.c.c.MappingCassandraConverter    : Adding map.entry [phone] - [5550000001]
2025-08-09T23:11:43.673-03:00 DEBUG 97564 --- [beauty-salon-backend] [           main] [                                                 ] o.s.d.c.c.c.MappingCassandraConverter    : doWithProperties Property.type java.lang.String, Property.value 123 Cache St 1
2025-08-09T23:11:43.673-03:00 DEBUG 97564 --- [beauty-salon-backend] [           main] [                                                 ] o.s.d.c.c.c.MappingCassandraConverter    : Adding map.entry [address] - [123 Cache St 1]
2025-08-09T23:11:43.673-03:00 DEBUG 97564 --- [beauty-salon-backend] [           main] [                                                 ] o.s.d.c.c.c.MappingCassandraConverter    : doWithProperties Property.type java.time.Instant, Property.value 2025-08-10T02:11:43.672513Z
2025-08-09T23:11:43.673-03:00 DEBUG 97564 --- [beauty-salon-backend] [           main] [                                                 ] o.s.d.c.c.c.MappingCassandraConverter    : Adding map.entry [created_at] - [2025-08-10T02:11:43.672513Z]
2025-08-09T23:11:43.673-03:00 DEBUG 97564 --- [beauty-salon-backend] [           main] [                                                 ] o.s.d.c.c.c.MappingCassandraConverter    : doWithProperties Property.type java.time.Instant, Property.value 2025-08-10T02:11:43.672514Z
2025-08-09T23:11:43.673-03:00 DEBUG 97564 --- [beauty-salon-backend] [           main] [                                                 ] o.s.d.c.c.c.MappingCassandraConverter    : Adding map.entry [updated_at] - [2025-08-10T02:11:43.672514Z]
2025-08-09T23:11:43.673-03:00 DEBUG 97564 --- [beauty-salon-backend] [           main] [                                                 ] o.s.data.cassandra.core.cql.CqlTemplate  : Preparing statement [INSERT INTO customers (id,name,email,phone,address,created_at,updated_at) VALUES (?,?,?,?,?,?,?)] using org.springframework.data.cassandra.core.CassandraTemplate$PreparedStatementHandler@438496a9
2025-08-09T23:11:43.673-03:00 DEBUG 97564 --- [beauty-salon-backend] [           main] [                                                 ] o.s.data.cassandra.core.cql.CqlTemplate  : Executing prepared statement [INSERT INTO customers (id,name,email,phone,address,created_at,updated_at) VALUES (?,?,?,?,?,?,?)]
2025-08-09T23:11:43.681-03:00 DEBUG 97564 --- [beauty-salon-backend] [           main] [                                                 ] o.s.d.c.c.c.MappingCassandraConverter    : doWithProperties Property.type java.util.UUID, Property.value d3fbbb37-e478-4ec3-b47e-0007f21e16fc
2025-08-09T23:11:43.681-03:00 DEBUG 97564 --- [beauty-salon-backend] [           main] [                                                 ] o.s.d.c.c.c.MappingCassandraConverter    : Adding map.entry [id] - [d3fbbb37-e478-4ec3-b47e-0007f21e16fc]
2025-08-09T23:11:43.681-03:00 DEBUG 97564 --- [beauty-salon-backend] [           main] [                                                 ] o.s.d.c.c.c.MappingCassandraConverter    : doWithProperties Property.type java.lang.String, Property.value Cache Test Customer 2
2025-08-09T23:11:43.681-03:00 DEBUG 97564 --- [beauty-salon-backend] [           main] [                                                 ] o.s.d.c.c.c.MappingCassandraConverter    : Adding map.entry [name] - [Cache Test Customer 2]
2025-08-09T23:11:43.681-03:00 DEBUG 97564 --- [beauty-salon-backend] [           main] [                                                 ] o.s.d.c.c.c.MappingCassandraConverter    : doWithProperties Property.type java.lang.String, Property.value cache2@test.com
2025-08-09T23:11:43.681-03:00 DEBUG 97564 --- [beauty-salon-backend] [           main] [                                                 ] o.s.d.c.c.c.MappingCassandraConverter    : Adding map.entry [email] - [cache2@test.com]
2025-08-09T23:11:43.681-03:00 DEBUG 97564 --- [beauty-salon-backend] [           main] [                                                 ] o.s.d.c.c.c.MappingCassandraConverter    : doWithProperties Property.type java.lang.String, Property.value 5550000002
2025-08-09T23:11:43.681-03:00 DEBUG 97564 --- [beauty-salon-backend] [           main] [                                                 ] o.s.d.c.c.c.MappingCassandraConverter    : Adding map.entry [phone] - [5550000002]
2025-08-09T23:11:43.681-03:00 DEBUG 97564 --- [beauty-salon-backend] [           main] [                                                 ] o.s.d.c.c.c.MappingCassandraConverter    : doWithProperties Property.type java.lang.String, Property.value 123 Cache St 2
2025-08-09T23:11:43.681-03:00 DEBUG 97564 --- [beauty-salon-backend] [           main] [                                                 ] o.s.d.c.c.c.MappingCassandraConverter    : Adding map.entry [address] - [123 Cache St 2]
2025-08-09T23:11:43.681-03:00 DEBUG 97564 --- [beauty-salon-backend] [           main] [                                                 ] o.s.d.c.c.c.MappingCassandraConverter    : doWithProperties Property.type java.time.Instant, Property.value 2025-08-10T02:11:43.680905Z
2025-08-09T23:11:43.681-03:00 DEBUG 97564 --- [beauty-salon-backend] [           main] [                                                 ] o.s.d.c.c.c.MappingCassandraConverter    : Adding map.entry [created_at] - [2025-08-10T02:11:43.680905Z]
2025-08-09T23:11:43.681-03:00 DEBUG 97564 --- [beauty-salon-backend] [           main] [                                                 ] o.s.d.c.c.c.MappingCassandraConverter    : doWithProperties Property.type java.time.Instant, Property.value 2025-08-10T02:11:43.680905Z
2025-08-09T23:11:43.681-03:00 DEBUG 97564 --- [beauty-salon-backend] [           main] [                                                 ] o.s.d.c.c.c.MappingCassandraConverter    : Adding map.entry [updated_at] - [2025-08-10T02:11:43.680905Z]
2025-08-09T23:11:43.681-03:00 DEBUG 97564 --- [beauty-salon-backend] [           main] [                                                 ] o.s.data.cassandra.core.cql.CqlTemplate  : Preparing statement [INSERT INTO customers (id,name,email,phone,address,created_at,updated_at) VALUES (?,?,?,?,?,?,?)] using org.springframework.data.cassandra.core.CassandraTemplate$PreparedStatementHandler@4f58dd75
2025-08-09T23:11:43.681-03:00 DEBUG 97564 --- [beauty-salon-backend] [           main] [                                                 ] o.s.data.cassandra.core.cql.CqlTemplate  : Executing prepared statement [INSERT INTO customers (id,name,email,phone,address,created_at,updated_at) VALUES (?,?,?,?,?,?,?)]
2025-08-09T23:11:43.687-03:00 DEBUG 97564 --- [beauty-salon-backend] [           main] [                                                 ] o.s.d.c.c.c.MappingCassandraConverter    : doWithProperties Property.type java.util.UUID, Property.value 4ea6654f-68af-426f-8de4-c7be5d151b9a
2025-08-09T23:11:43.687-03:00 DEBUG 97564 --- [beauty-salon-backend] [           main] [                                                 ] o.s.d.c.c.c.MappingCassandraConverter    : Adding map.entry [id] - [4ea6654f-68af-426f-8de4-c7be5d151b9a]
2025-08-09T23:11:43.687-03:00 DEBUG 97564 --- [beauty-salon-backend] [           main] [                                                 ] o.s.d.c.c.c.MappingCassandraConverter    : doWithProperties Property.type java.lang.String, Property.value Cache Test Customer 3
2025-08-09T23:11:43.687-03:00 DEBUG 97564 --- [beauty-salon-backend] [           main] [                                                 ] o.s.d.c.c.c.MappingCassandraConverter    : Adding map.entry [name] - [Cache Test Customer 3]
2025-08-09T23:11:43.687-03:00 DEBUG 97564 --- [beauty-salon-backend] [           main] [                                                 ] o.s.d.c.c.c.MappingCassandraConverter    : doWithProperties Property.type java.lang.String, Property.value cache3@test.com
2025-08-09T23:11:43.687-03:00 DEBUG 97564 --- [beauty-salon-backend] [           main] [                                                 ] o.s.d.c.c.c.MappingCassandraConverter    : Adding map.entry [email] - [cache3@test.com]
2025-08-09T23:11:43.687-03:00 DEBUG 97564 --- [beauty-salon-backend] [           main] [                                                 ] o.s.d.c.c.c.MappingCassandraConverter    : doWithProperties Property.type java.lang.String, Property.value 5550000003
2025-08-09T23:11:43.687-03:00 DEBUG 97564 --- [beauty-salon-backend] [           main] [                                                 ] o.s.d.c.c.c.MappingCassandraConverter    : Adding map.entry [phone] - [5550000003]
2025-08-09T23:11:43.687-03:00 DEBUG 97564 --- [beauty-salon-backend] [           main] [                                                 ] o.s.d.c.c.c.MappingCassandraConverter    : doWithProperties Property.type java.lang.String, Property.value 123 Cache St 3
2025-08-09T23:11:43.687-03:00 DEBUG 97564 --- [beauty-salon-backend] [           main] [                                                 ] o.s.d.c.c.c.MappingCassandraConverter    : Adding map.entry [address] - [123 Cache St 3]
2025-08-09T23:11:43.687-03:00 DEBUG 97564 --- [beauty-salon-backend] [           main] [                                                 ] o.s.d.c.c.c.MappingCassandraConverter    : doWithProperties Property.type java.time.Instant, Property.value 2025-08-10T02:11:43.687190Z
2025-08-09T23:11:43.687-03:00 DEBUG 97564 --- [beauty-salon-backend] [           main] [                                                 ] o.s.d.c.c.c.MappingCassandraConverter    : Adding map.entry [created_at] - [2025-08-10T02:11:43.687190Z]
2025-08-09T23:11:43.687-03:00 DEBUG 97564 --- [beauty-salon-backend] [           main] [                                                 ] o.s.d.c.c.c.MappingCassandraConverter    : doWithProperties Property.type java.time.Instant, Property.value 2025-08-10T02:11:43.687191Z
2025-08-09T23:11:43.687-03:00 DEBUG 97564 --- [beauty-salon-backend] [           main] [                                                 ] o.s.d.c.c.c.MappingCassandraConverter    : Adding map.entry [updated_at] - [2025-08-10T02:11:43.687191Z]
2025-08-09T23:11:43.687-03:00 DEBUG 97564 --- [beauty-salon-backend] [           main] [                                                 ] o.s.data.cassandra.core.cql.CqlTemplate  : Preparing statement [INSERT INTO customers (id,name,email,phone,address,created_at,updated_at) VALUES (?,?,?,?,?,?,?)] using org.springframework.data.cassandra.core.CassandraTemplate$PreparedStatementHandler@442d9790
2025-08-09T23:11:43.687-03:00 DEBUG 97564 --- [beauty-salon-backend] [           main] [                                                 ] o.s.data.cassandra.core.cql.CqlTemplate  : Executing prepared statement [INSERT INTO customers (id,name,email,phone,address,created_at,updated_at) VALUES (?,?,?,?,?,?,?)]
2025-08-09T23:11:43.694-03:00 DEBUG 97564 --- [beauty-salon-backend] [           main] [                                                 ] o.s.d.c.c.c.MappingCassandraConverter    : doWithProperties Property.type java.util.UUID, Property.value 6ac01666-d77d-441c-9b22-3361ccd8667b
2025-08-09T23:11:43.694-03:00 DEBUG 97564 --- [beauty-salon-backend] [           main] [                                                 ] o.s.d.c.c.c.MappingCassandraConverter    : Adding map.entry [id] - [6ac01666-d77d-441c-9b22-3361ccd8667b]
2025-08-09T23:11:43.695-03:00 DEBUG 97564 --- [beauty-salon-backend] [           main] [                                                 ] o.s.d.c.c.c.MappingCassandraConverter    : doWithProperties Property.type java.lang.String, Property.value Cache Test Customer 4
2025-08-09T23:11:43.695-03:00 DEBUG 97564 --- [beauty-salon-backend] [           main] [                                                 ] o.s.d.c.c.c.MappingCassandraConverter    : Adding map.entry [name] - [Cache Test Customer 4]
2025-08-09T23:11:43.695-03:00 DEBUG 97564 --- [beauty-salon-backend] [           main] [                                                 ] o.s.d.c.c.c.MappingCassandraConverter    : doWithProperties Property.type java.lang.String, Property.value cache4@test.com
2025-08-09T23:11:43.695-03:00 DEBUG 97564 --- [beauty-salon-backend] [           main] [                                                 ] o.s.d.c.c.c.MappingCassandraConverter    : Adding map.entry [email] - [cache4@test.com]
2025-08-09T23:11:43.695-03:00 DEBUG 97564 --- [beauty-salon-backend] [           main] [                                                 ] o.s.d.c.c.c.MappingCassandraConverter    : doWithProperties Property.type java.lang.String, Property.value 5550000004
2025-08-09T23:11:43.695-03:00 DEBUG 97564 --- [beauty-salon-backend] [           main] [                                                 ] o.s.d.c.c.c.MappingCassandraConverter    : Adding map.entry [phone] - [5550000004]
2025-08-09T23:11:43.695-03:00 DEBUG 97564 --- [beauty-salon-backend] [           main] [                                                 ] o.s.d.c.c.c.MappingCassandraConverter    : doWithProperties Property.type java.lang.String, Property.value 123 Cache St 4
2025-08-09T23:11:43.695-03:00 DEBUG 97564 --- [beauty-salon-backend] [           main] [                                                 ] o.s.d.c.c.c.MappingCassandraConverter    : Adding map.entry [address] - [123 Cache St 4]
2025-08-09T23:11:43.696-03:00 DEBUG 97564 --- [beauty-salon-backend] [           main] [                                                 ] o.s.d.c.c.c.MappingCassandraConverter    : doWithProperties Property.type java.time.Instant, Property.value 2025-08-10T02:11:43.694726Z
2025-08-09T23:11:43.696-03:00 DEBUG 97564 --- [beauty-salon-backend] [           main] [                                                 ] o.s.d.c.c.c.MappingCassandraConverter    : Adding map.entry [created_at] - [2025-08-10T02:11:43.694726Z]
2025-08-09T23:11:43.696-03:00 DEBUG 97564 --- [beauty-salon-backend] [           main] [                                                 ] o.s.d.c.c.c.MappingCassandraConverter    : doWithProperties Property.type java.time.Instant, Property.value 2025-08-10T02:11:43.694726Z
2025-08-09T23:11:43.696-03:00 DEBUG 97564 --- [beauty-salon-backend] [           main] [                                                 ] o.s.d.c.c.c.MappingCassandraConverter    : Adding map.entry [updated_at] - [2025-08-10T02:11:43.694726Z]
2025-08-09T23:11:43.696-03:00 DEBUG 97564 --- [beauty-salon-backend] [           main] [                                                 ] o.s.data.cassandra.core.cql.CqlTemplate  : Preparing statement [INSERT INTO customers (id,name,email,phone,address,created_at,updated_at) VALUES (?,?,?,?,?,?,?)] using org.springframework.data.cassandra.core.CassandraTemplate$PreparedStatementHandler@30465940
2025-08-09T23:11:43.696-03:00 DEBUG 97564 --- [beauty-salon-backend] [           main] [                                                 ] o.s.data.cassandra.core.cql.CqlTemplate  : Executing prepared statement [INSERT INTO customers (id,name,email,phone,address,created_at,updated_at) VALUES (?,?,?,?,?,?,?)]
2025-08-09T23:11:43.702-03:00 DEBUG 97564 --- [beauty-salon-backend] [           main] [                                                 ] o.s.d.c.c.c.MappingCassandraConverter    : doWithProperties Property.type java.util.UUID, Property.value f3bd5096-8a7d-44ff-9f17-b4a6c1dc0c39
2025-08-09T23:11:43.702-03:00 DEBUG 97564 --- [beauty-salon-backend] [           main] [                                                 ] o.s.d.c.c.c.MappingCassandraConverter    : Adding map.entry [id] - [f3bd5096-8a7d-44ff-9f17-b4a6c1dc0c39]
2025-08-09T23:11:43.702-03:00 DEBUG 97564 --- [beauty-salon-backend] [           main] [                                                 ] o.s.d.c.c.c.MappingCassandraConverter    : doWithProperties Property.type java.lang.String, Property.value Cache Test Customer 5
2025-08-09T23:11:43.702-03:00 DEBUG 97564 --- [beauty-salon-backend] [           main] [                                                 ] o.s.d.c.c.c.MappingCassandraConverter    : Adding map.entry [name] - [Cache Test Customer 5]
2025-08-09T23:11:43.702-03:00 DEBUG 97564 --- [beauty-salon-backend] [           main] [                                                 ] o.s.d.c.c.c.MappingCassandraConverter    : doWithProperties Property.type java.lang.String, Property.value cache5@test.com
2025-08-09T23:11:43.702-03:00 DEBUG 97564 --- [beauty-salon-backend] [           main] [                                                 ] o.s.d.c.c.c.MappingCassandraConverter    : Adding map.entry [email] - [cache5@test.com]
2025-08-09T23:11:43.702-03:00 DEBUG 97564 --- [beauty-salon-backend] [           main] [                                                 ] o.s.d.c.c.c.MappingCassandraConverter    : doWithProperties Property.type java.lang.String, Property.value 5550000005
2025-08-09T23:11:43.702-03:00 DEBUG 97564 --- [beauty-salon-backend] [           main] [                                                 ] o.s.d.c.c.c.MappingCassandraConverter    : Adding map.entry [phone] - [5550000005]
2025-08-09T23:11:43.702-03:00 DEBUG 97564 --- [beauty-salon-backend] [           main] [                                                 ] o.s.d.c.c.c.MappingCassandraConverter    : doWithProperties Property.type java.lang.String, Property.value 123 Cache St 5
2025-08-09T23:11:43.702-03:00 DEBUG 97564 --- [beauty-salon-backend] [           main] [                                                 ] o.s.d.c.c.c.MappingCassandraConverter    : Adding map.entry [address] - [123 Cache St 5]
2025-08-09T23:11:43.702-03:00 DEBUG 97564 --- [beauty-salon-backend] [           main] [                                                 ] o.s.d.c.c.c.MappingCassandraConverter    : doWithProperties Property.type java.time.Instant, Property.value 2025-08-10T02:11:43.701902Z
2025-08-09T23:11:43.702-03:00 DEBUG 97564 --- [beauty-salon-backend] [           main] [                                                 ] o.s.d.c.c.c.MappingCassandraConverter    : Adding map.entry [created_at] - [2025-08-10T02:11:43.701902Z]
2025-08-09T23:11:43.702-03:00 DEBUG 97564 --- [beauty-salon-backend] [           main] [                                                 ] o.s.d.c.c.c.MappingCassandraConverter    : doWithProperties Property.type java.time.Instant, Property.value 2025-08-10T02:11:43.701902Z
2025-08-09T23:11:43.702-03:00 DEBUG 97564 --- [beauty-salon-backend] [           main] [                                                 ] o.s.d.c.c.c.MappingCassandraConverter    : Adding map.entry [updated_at] - [2025-08-10T02:11:43.701902Z]
2025-08-09T23:11:43.702-03:00 DEBUG 97564 --- [beauty-salon-backend] [           main] [                                                 ] o.s.data.cassandra.core.cql.CqlTemplate  : Preparing statement [INSERT INTO customers (id,name,email,phone,address,created_at,updated_at) VALUES (?,?,?,?,?,?,?)] using org.springframework.data.cassandra.core.CassandraTemplate$PreparedStatementHandler@6018e36f
2025-08-09T23:11:43.702-03:00 DEBUG 97564 --- [beauty-salon-backend] [           main] [                                                 ] o.s.data.cassandra.core.cql.CqlTemplate  : Executing prepared statement [INSERT INTO customers (id,name,email,phone,address,created_at,updated_at) VALUES (?,?,?,?,?,?,?)]
2025-08-09T23:11:43.729-03:00 DEBUG 97564 --- [beauty-salon-backend] [           main] [                                                 ] o.s.d.c.c.c.MappingCassandraConverter    : doWithProperties Property.type java.util.UUID, Property.value 84ae3896-45cc-4384-a8de-6fe3d30e0894
2025-08-09T23:11:43.729-03:00 DEBUG 97564 --- [beauty-salon-backend] [           main] [                                                 ] o.s.d.c.c.c.MappingCassandraConverter    : Adding map.entry [id] - [84ae3896-45cc-4384-a8de-6fe3d30e0894]
2025-08-09T23:11:43.729-03:00 DEBUG 97564 --- [beauty-salon-backend] [           main] [                                                 ] o.s.d.c.c.c.MappingCassandraConverter    : doWithProperties Property.type java.lang.String, Property.value Cache Test Customer 6
2025-08-09T23:11:43.729-03:00 DEBUG 97564 --- [beauty-salon-backend] [           main] [                                                 ] o.s.d.c.c.c.MappingCassandraConverter    : Adding map.entry [name] - [Cache Test Customer 6]
2025-08-09T23:11:43.729-03:00 DEBUG 97564 --- [beauty-salon-backend] [           main] [                                                 ] o.s.d.c.c.c.MappingCassandraConverter    : doWithProperties Property.type java.lang.String, Property.value cache6@test.com
2025-08-09T23:11:43.729-03:00 DEBUG 97564 --- [beauty-salon-backend] [           main] [                                                 ] o.s.d.c.c.c.MappingCassandraConverter    : Adding map.entry [email] - [cache6@test.com]
2025-08-09T23:11:43.729-03:00 DEBUG 97564 --- [beauty-salon-backend] [           main] [                                                 ] o.s.d.c.c.c.MappingCassandraConverter    : doWithProperties Property.type java.lang.String, Property.value 5550000006
2025-08-09T23:11:43.730-03:00 DEBUG 97564 --- [beauty-salon-backend] [           main] [                                                 ] o.s.d.c.c.c.MappingCassandraConverter    : Adding map.entry [phone] - [5550000006]
2025-08-09T23:11:43.731-03:00 DEBUG 97564 --- [beauty-salon-backend] [           main] [                                                 ] o.s.d.c.c.c.MappingCassandraConverter    : doWithProperties Property.type java.lang.String, Property.value 123 Cache St 6
2025-08-09T23:11:43.731-03:00 DEBUG 97564 --- [beauty-salon-backend] [           main] [                                                 ] o.s.d.c.c.c.MappingCassandraConverter    : Adding map.entry [address] - [123 Cache St 6]
2025-08-09T23:11:43.731-03:00 DEBUG 97564 --- [beauty-salon-backend] [           main] [                                                 ] o.s.d.c.c.c.MappingCassandraConverter    : doWithProperties Property.type java.time.Instant, Property.value 2025-08-10T02:11:43.728633Z
2025-08-09T23:11:43.732-03:00 DEBUG 97564 --- [beauty-salon-backend] [           main] [                                                 ] o.s.d.c.c.c.MappingCassandraConverter    : Adding map.entry [created_at] - [2025-08-10T02:11:43.728633Z]
2025-08-09T23:11:43.732-03:00 DEBUG 97564 --- [beauty-salon-backend] [           main] [                                                 ] o.s.d.c.c.c.MappingCassandraConverter    : doWithProperties Property.type java.time.Instant, Property.value 2025-08-10T02:11:43.728633Z
2025-08-09T23:11:43.732-03:00 DEBUG 97564 --- [beauty-salon-backend] [           main] [                                                 ] o.s.d.c.c.c.MappingCassandraConverter    : Adding map.entry [updated_at] - [2025-08-10T02:11:43.728633Z]
2025-08-09T23:11:43.732-03:00 DEBUG 97564 --- [beauty-salon-backend] [           main] [                                                 ] o.s.data.cassandra.core.cql.CqlTemplate  : Preparing statement [INSERT INTO customers (id,name,email,phone,address,created_at,updated_at) VALUES (?,?,?,?,?,?,?)] using org.springframework.data.cassandra.core.CassandraTemplate$PreparedStatementHandler@3f747255
2025-08-09T23:11:43.733-03:00 DEBUG 97564 --- [beauty-salon-backend] [           main] [                                                 ] o.s.data.cassandra.core.cql.CqlTemplate  : Executing prepared statement [INSERT INTO customers (id,name,email,phone,address,created_at,updated_at) VALUES (?,?,?,?,?,?,?)]
2025-08-09T23:11:43.746-03:00 DEBUG 97564 --- [beauty-salon-backend] [           main] [                                                 ] o.s.d.c.c.c.MappingCassandraConverter    : doWithProperties Property.type java.util.UUID, Property.value 7f17db88-4b3b-4fb5-b10e-f1720652c01f
2025-08-09T23:11:43.746-03:00 DEBUG 97564 --- [beauty-salon-backend] [           main] [                                                 ] o.s.d.c.c.c.MappingCassandraConverter    : Adding map.entry [id] - [7f17db88-4b3b-4fb5-b10e-f1720652c01f]
2025-08-09T23:11:43.746-03:00 DEBUG 97564 --- [beauty-salon-backend] [           main] [                                                 ] o.s.d.c.c.c.MappingCassandraConverter    : doWithProperties Property.type java.lang.String, Property.value Cache Test Customer 7
2025-08-09T23:11:43.746-03:00 DEBUG 97564 --- [beauty-salon-backend] [           main] [                                                 ] o.s.d.c.c.c.MappingCassandraConverter    : Adding map.entry [name] - [Cache Test Customer 7]
2025-08-09T23:11:43.747-03:00 DEBUG 97564 --- [beauty-salon-backend] [           main] [                                                 ] o.s.d.c.c.c.MappingCassandraConverter    : doWithProperties Property.type java.lang.String, Property.value cache7@test.com
2025-08-09T23:11:43.747-03:00 DEBUG 97564 --- [beauty-salon-backend] [           main] [                                                 ] o.s.d.c.c.c.MappingCassandraConverter    : Adding map.entry [email] - [cache7@test.com]
2025-08-09T23:11:43.747-03:00 DEBUG 97564 --- [beauty-salon-backend] [           main] [                                                 ] o.s.d.c.c.c.MappingCassandraConverter    : doWithProperties Property.type java.lang.String, Property.value 5550000007
2025-08-09T23:11:43.747-03:00 DEBUG 97564 --- [beauty-salon-backend] [           main] [                                                 ] o.s.d.c.c.c.MappingCassandraConverter    : Adding map.entry [phone] - [5550000007]
2025-08-09T23:11:43.747-03:00 DEBUG 97564 --- [beauty-salon-backend] [           main] [                                                 ] o.s.d.c.c.c.MappingCassandraConverter    : doWithProperties Property.type java.lang.String, Property.value 123 Cache St 7
2025-08-09T23:11:43.747-03:00 DEBUG 97564 --- [beauty-salon-backend] [           main] [                                                 ] o.s.d.c.c.c.MappingCassandraConverter    : Adding map.entry [address] - [123 Cache St 7]
2025-08-09T23:11:43.747-03:00 DEBUG 97564 --- [beauty-salon-backend] [           main] [                                                 ] o.s.d.c.c.c.MappingCassandraConverter    : doWithProperties Property.type java.time.Instant, Property.value 2025-08-10T02:11:43.746683Z
2025-08-09T23:11:43.747-03:00 DEBUG 97564 --- [beauty-salon-backend] [           main] [                                                 ] o.s.d.c.c.c.MappingCassandraConverter    : Adding map.entry [created_at] - [2025-08-10T02:11:43.746683Z]
2025-08-09T23:11:43.747-03:00 DEBUG 97564 --- [beauty-salon-backend] [           main] [                                                 ] o.s.d.c.c.c.MappingCassandraConverter    : doWithProperties Property.type java.time.Instant, Property.value 2025-08-10T02:11:43.746683Z
2025-08-09T23:11:43.747-03:00 DEBUG 97564 --- [beauty-salon-backend] [           main] [                                                 ] o.s.d.c.c.c.MappingCassandraConverter    : Adding map.entry [updated_at] - [2025-08-10T02:11:43.746683Z]
2025-08-09T23:11:43.747-03:00 DEBUG 97564 --- [beauty-salon-backend] [           main] [                                                 ] o.s.data.cassandra.core.cql.CqlTemplate  : Preparing statement [INSERT INTO customers (id,name,email,phone,address,created_at,updated_at) VALUES (?,?,?,?,?,?,?)] using org.springframework.data.cassandra.core.CassandraTemplate$PreparedStatementHandler@5bd52831
2025-08-09T23:11:43.747-03:00 DEBUG 97564 --- [beauty-salon-backend] [           main] [                                                 ] o.s.data.cassandra.core.cql.CqlTemplate  : Executing prepared statement [INSERT INTO customers (id,name,email,phone,address,created_at,updated_at) VALUES (?,?,?,?,?,?,?)]
2025-08-09T23:11:43.752-03:00 DEBUG 97564 --- [beauty-salon-backend] [           main] [                                                 ] o.s.d.c.c.c.MappingCassandraConverter    : doWithProperties Property.type java.util.UUID, Property.value f2e8a271-ad6a-4457-b862-783b015835b0
2025-08-09T23:11:43.752-03:00 DEBUG 97564 --- [beauty-salon-backend] [           main] [                                                 ] o.s.d.c.c.c.MappingCassandraConverter    : Adding map.entry [id] - [f2e8a271-ad6a-4457-b862-783b015835b0]
2025-08-09T23:11:43.752-03:00 DEBUG 97564 --- [beauty-salon-backend] [           main] [                                                 ] o.s.d.c.c.c.MappingCassandraConverter    : doWithProperties Property.type java.lang.String, Property.value Cache Test Customer 8
2025-08-09T23:11:43.752-03:00 DEBUG 97564 --- [beauty-salon-backend] [           main] [                                                 ] o.s.d.c.c.c.MappingCassandraConverter    : Adding map.entry [name] - [Cache Test Customer 8]
2025-08-09T23:11:43.752-03:00 DEBUG 97564 --- [beauty-salon-backend] [           main] [                                                 ] o.s.d.c.c.c.MappingCassandraConverter    : doWithProperties Property.type java.lang.String, Property.value cache8@test.com
2025-08-09T23:11:43.752-03:00 DEBUG 97564 --- [beauty-salon-backend] [           main] [                                                 ] o.s.d.c.c.c.MappingCassandraConverter    : Adding map.entry [email] - [cache8@test.com]
2025-08-09T23:11:43.752-03:00 DEBUG 97564 --- [beauty-salon-backend] [           main] [                                                 ] o.s.d.c.c.c.MappingCassandraConverter    : doWithProperties Property.type java.lang.String, Property.value 5550000008
2025-08-09T23:11:43.752-03:00 DEBUG 97564 --- [beauty-salon-backend] [           main] [                                                 ] o.s.d.c.c.c.MappingCassandraConverter    : Adding map.entry [phone] - [5550000008]
2025-08-09T23:11:43.752-03:00 DEBUG 97564 --- [beauty-salon-backend] [           main] [                                                 ] o.s.d.c.c.c.MappingCassandraConverter    : doWithProperties Property.type java.lang.String, Property.value 123 Cache St 8
2025-08-09T23:11:43.753-03:00 DEBUG 97564 --- [beauty-salon-backend] [           main] [                                                 ] o.s.d.c.c.c.MappingCassandraConverter    : Adding map.entry [address] - [123 Cache St 8]
2025-08-09T23:11:43.753-03:00 DEBUG 97564 --- [beauty-salon-backend] [           main] [                                                 ] o.s.d.c.c.c.MappingCassandraConverter    : doWithProperties Property.type java.time.Instant, Property.value 2025-08-10T02:11:43.752549Z
2025-08-09T23:11:43.753-03:00 DEBUG 97564 --- [beauty-salon-backend] [           main] [                                                 ] o.s.d.c.c.c.MappingCassandraConverter    : Adding map.entry [created_at] - [2025-08-10T02:11:43.752549Z]
2025-08-09T23:11:43.753-03:00 DEBUG 97564 --- [beauty-salon-backend] [           main] [                                                 ] o.s.d.c.c.c.MappingCassandraConverter    : doWithProperties Property.type java.time.Instant, Property.value 2025-08-10T02:11:43.752549Z
2025-08-09T23:11:43.753-03:00 DEBUG 97564 --- [beauty-salon-backend] [           main] [                                                 ] o.s.d.c.c.c.MappingCassandraConverter    : Adding map.entry [updated_at] - [2025-08-10T02:11:43.752549Z]
2025-08-09T23:11:43.753-03:00 DEBUG 97564 --- [beauty-salon-backend] [           main] [                                                 ] o.s.data.cassandra.core.cql.CqlTemplate  : Preparing statement [INSERT INTO customers (id,name,email,phone,address,created_at,updated_at) VALUES (?,?,?,?,?,?,?)] using org.springframework.data.cassandra.core.CassandraTemplate$PreparedStatementHandler@2f3a4ce7
2025-08-09T23:11:43.753-03:00 DEBUG 97564 --- [beauty-salon-backend] [           main] [                                                 ] o.s.data.cassandra.core.cql.CqlTemplate  : Executing prepared statement [INSERT INTO customers (id,name,email,phone,address,created_at,updated_at) VALUES (?,?,?,?,?,?,?)]
2025-08-09T23:11:43.759-03:00 DEBUG 97564 --- [beauty-salon-backend] [           main] [                                                 ] o.s.d.c.c.c.MappingCassandraConverter    : doWithProperties Property.type java.util.UUID, Property.value 808d39c0-c974-4759-bd8c-cc4cdea46c5e
2025-08-09T23:11:43.759-03:00 DEBUG 97564 --- [beauty-salon-backend] [           main] [                                                 ] o.s.d.c.c.c.MappingCassandraConverter    : Adding map.entry [id] - [808d39c0-c974-4759-bd8c-cc4cdea46c5e]
2025-08-09T23:11:43.759-03:00 DEBUG 97564 --- [beauty-salon-backend] [           main] [                                                 ] o.s.d.c.c.c.MappingCassandraConverter    : doWithProperties Property.type java.lang.String, Property.value Cache Test Customer 9
2025-08-09T23:11:43.759-03:00 DEBUG 97564 --- [beauty-salon-backend] [           main] [                                                 ] o.s.d.c.c.c.MappingCassandraConverter    : Adding map.entry [name] - [Cache Test Customer 9]
2025-08-09T23:11:43.759-03:00 DEBUG 97564 --- [beauty-salon-backend] [           main] [                                                 ] o.s.d.c.c.c.MappingCassandraConverter    : doWithProperties Property.type java.lang.String, Property.value cache9@test.com
2025-08-09T23:11:43.759-03:00 DEBUG 97564 --- [beauty-salon-backend] [           main] [                                                 ] o.s.d.c.c.c.MappingCassandraConverter    : Adding map.entry [email] - [cache9@test.com]
2025-08-09T23:11:43.759-03:00 DEBUG 97564 --- [beauty-salon-backend] [           main] [                                                 ] o.s.d.c.c.c.MappingCassandraConverter    : doWithProperties Property.type java.lang.String, Property.value 5550000009
2025-08-09T23:11:43.759-03:00 DEBUG 97564 --- [beauty-salon-backend] [           main] [                                                 ] o.s.d.c.c.c.MappingCassandraConverter    : Adding map.entry [phone] - [5550000009]
2025-08-09T23:11:43.759-03:00 DEBUG 97564 --- [beauty-salon-backend] [           main] [                                                 ] o.s.d.c.c.c.MappingCassandraConverter    : doWithProperties Property.type java.lang.String, Property.value 123 Cache St 9
2025-08-09T23:11:43.759-03:00 DEBUG 97564 --- [beauty-salon-backend] [           main] [                                                 ] o.s.d.c.c.c.MappingCassandraConverter    : Adding map.entry [address] - [123 Cache St 9]
2025-08-09T23:11:43.759-03:00 DEBUG 97564 --- [beauty-salon-backend] [           main] [                                                 ] o.s.d.c.c.c.MappingCassandraConverter    : doWithProperties Property.type java.time.Instant, Property.value 2025-08-10T02:11:43.759049Z
2025-08-09T23:11:43.759-03:00 DEBUG 97564 --- [beauty-salon-backend] [           main] [                                                 ] o.s.d.c.c.c.MappingCassandraConverter    : Adding map.entry [created_at] - [2025-08-10T02:11:43.759049Z]
2025-08-09T23:11:43.759-03:00 DEBUG 97564 --- [beauty-salon-backend] [           main] [                                                 ] o.s.d.c.c.c.MappingCassandraConverter    : doWithProperties Property.type java.time.Instant, Property.value 2025-08-10T02:11:43.759050Z
2025-08-09T23:11:43.759-03:00 DEBUG 97564 --- [beauty-salon-backend] [           main] [                                                 ] o.s.d.c.c.c.MappingCassandraConverter    : Adding map.entry [updated_at] - [2025-08-10T02:11:43.759050Z]
2025-08-09T23:11:43.759-03:00 DEBUG 97564 --- [beauty-salon-backend] [           main] [                                                 ] o.s.data.cassandra.core.cql.CqlTemplate  : Preparing statement [INSERT INTO customers (id,name,email,phone,address,created_at,updated_at) VALUES (?,?,?,?,?,?,?)] using org.springframework.data.cassandra.core.CassandraTemplate$PreparedStatementHandler@2c268ae5
2025-08-09T23:11:43.760-03:00 DEBUG 97564 --- [beauty-salon-backend] [           main] [                                                 ] o.s.data.cassandra.core.cql.CqlTemplate  : Executing prepared statement [INSERT INTO customers (id,name,email,phone,address,created_at,updated_at) VALUES (?,?,?,?,?,?,?)]

=== Phase 2: Cache Performance Test ===
2025-08-09T23:11:43.767-03:00 DEBUG 97564 --- [beauty-salon-backend] [pool-4-thread-5] [                                                 ] o.s.data.cassandra.core.cql.CqlTemplate  : Preparing statement [SELECT * FROM customers] using org.springframework.data.cassandra.core.CassandraTemplate$PreparedStatementHandler@7551128f
2025-08-09T23:11:43.767-03:00 DEBUG 97564 --- [beauty-salon-backend] [pool-4-thread-1] [                                                 ] o.s.data.cassandra.core.cql.CqlTemplate  : Preparing statement [SELECT * FROM customers] using org.springframework.data.cassandra.core.CassandraTemplate$PreparedStatementHandler@2a4a75ad
2025-08-09T23:11:43.767-03:00 DEBUG 97564 --- [beauty-salon-backend] [pool-4-thread-5] [                                                 ] o.s.data.cassandra.core.cql.CqlTemplate  : Executing prepared statement [SELECT * FROM customers]
2025-08-09T23:11:43.767-03:00 DEBUG 97564 --- [beauty-salon-backend] [pool-4-thread-1] [                                                 ] o.s.data.cassandra.core.cql.CqlTemplate  : Executing prepared statement [SELECT * FROM customers]
2025-08-09T23:11:43.768-03:00 DEBUG 97564 --- [beauty-salon-backend] [pool-4-thread-9] [                                                 ] o.s.data.cassandra.core.cql.CqlTemplate  : Preparing statement [SELECT * FROM customers] using org.springframework.data.cassandra.core.CassandraTemplate$PreparedStatementHandler@636e93
2025-08-09T23:11:43.768-03:00 DEBUG 97564 --- [beauty-salon-backend] [pool-4-thread-9] [                                                 ] o.s.data.cassandra.core.cql.CqlTemplate  : Executing prepared statement [SELECT * FROM customers]
2025-08-09T23:11:43.770-03:00 DEBUG 97564 --- [beauty-salon-backend] [ool-4-thread-13] [                                                 ] o.s.data.cassandra.core.cql.CqlTemplate  : Preparing statement [SELECT * FROM customers] using org.springframework.data.cassandra.core.CassandraTemplate$PreparedStatementHandler@4c65ac56
2025-08-09T23:11:43.770-03:00 DEBUG 97564 --- [beauty-salon-backend] [ool-4-thread-13] [                                                 ] o.s.data.cassandra.core.cql.CqlTemplate  : Executing prepared statement [SELECT * FROM customers]
2025-08-09T23:11:43.770-03:00 DEBUG 97564 --- [beauty-salon-backend] [ool-4-thread-17] [                                                 ] o.s.data.cassandra.core.cql.CqlTemplate  : Preparing statement [SELECT * FROM customers] using org.springframework.data.cassandra.core.CassandraTemplate$PreparedStatementHandler@6dea3cab
2025-08-09T23:11:43.771-03:00 DEBUG 97564 --- [beauty-salon-backend] [ool-4-thread-17] [                                                 ] o.s.data.cassandra.core.cql.CqlTemplate  : Executing prepared statement [SELECT * FROM customers]
2025-08-09T23:11:43.784-03:00 DEBUG 97564 --- [beauty-salon-backend] [pool-4-thread-2] [                                                 ] o.s.data.cassandra.core.cql.CqlTemplate  : Preparing statement [SELECT * FROM customers WHERE id=? LIMIT 1] using org.springframework.data.cassandra.core.CassandraTemplate$PreparedStatementHandler@331baf77
2025-08-09T23:11:43.784-03:00 DEBUG 97564 --- [beauty-salon-backend] [ool-4-thread-18] [                                                 ] o.s.data.cassandra.core.cql.CqlTemplate  : Preparing statement [SELECT * FROM customers WHERE id=? LIMIT 1] using org.springframework.data.cassandra.core.CassandraTemplate$PreparedStatementHandler@b1d5366
2025-08-09T23:11:43.784-03:00 DEBUG 97564 --- [beauty-salon-backend] [pool-4-thread-6] [                                                 ] o.s.data.cassandra.core.cql.CqlTemplate  : Preparing statement [SELECT * FROM customers WHERE id=? LIMIT 1] using org.springframework.data.cassandra.core.CassandraTemplate$PreparedStatementHandler@8bb2bf0
2025-08-09T23:11:43.784-03:00 DEBUG 97564 --- [beauty-salon-backend] [ool-4-thread-14] [                                                 ] o.s.data.cassandra.core.cql.CqlTemplate  : Preparing statement [SELECT * FROM customers WHERE id=? LIMIT 1] using org.springframework.data.cassandra.core.CassandraTemplate$PreparedStatementHandler@5d65b517
2025-08-09T23:11:43.784-03:00 DEBUG 97564 --- [beauty-salon-backend] [ool-4-thread-10] [                                                 ] o.s.data.cassandra.core.cql.CqlTemplate  : Preparing statement [SELECT * FROM customers WHERE id=? LIMIT 1] using org.springframework.data.cassandra.core.CassandraTemplate$PreparedStatementHandler@5fb9c0b4
2025-08-09T23:11:43.789-03:00 DEBUG 97564 --- [beauty-salon-backend] [ool-4-thread-10] [                                                 ] o.s.data.cassandra.core.cql.CqlTemplate  : Executing prepared statement [SELECT * FROM customers WHERE id=? LIMIT 1]
2025-08-09T23:11:43.789-03:00 DEBUG 97564 --- [beauty-salon-backend] [ool-4-thread-18] [                                                 ] o.s.data.cassandra.core.cql.CqlTemplate  : Executing prepared statement [SELECT * FROM customers WHERE id=? LIMIT 1]
2025-08-09T23:11:43.789-03:00 DEBUG 97564 --- [beauty-salon-backend] [ool-4-thread-14] [                                                 ] o.s.data.cassandra.core.cql.CqlTemplate  : Executing prepared statement [SELECT * FROM customers WHERE id=? LIMIT 1]
2025-08-09T23:11:43.789-03:00 DEBUG 97564 --- [beauty-salon-backend] [pool-4-thread-6] [                                                 ] o.s.data.cassandra.core.cql.CqlTemplate  : Executing prepared statement [SELECT * FROM customers WHERE id=? LIMIT 1]
2025-08-09T23:11:43.789-03:00 DEBUG 97564 --- [beauty-salon-backend] [pool-4-thread-2] [                                                 ] o.s.data.cassandra.core.cql.CqlTemplate  : Executing prepared statement [SELECT * FROM customers WHERE id=? LIMIT 1]
2025-08-09T23:11:43.790-03:00 DEBUG 97564 --- [beauty-salon-backend] [ool-4-thread-15] [                                                 ] o.s.d.c.r.query.QueryStatementCreator    : Created query [SELECT * FROM customers WHERE name LIKE ? ALLOW FILTERING]
2025-08-09T23:11:43.790-03:00 DEBUG 97564 --- [beauty-salon-backend] [ool-4-thread-20] [                                                 ] o.s.d.c.r.query.QueryStatementCreator    : Created query [SELECT * FROM customers WHERE email = ? ALLOW FILTERING]
2025-08-09T23:11:43.790-03:00 DEBUG 97564 --- [beauty-salon-backend] [ool-4-thread-19] [                                                 ] o.s.d.c.r.query.QueryStatementCreator    : Created query [SELECT * FROM customers WHERE name LIKE ? ALLOW FILTERING]
2025-08-09T23:11:43.790-03:00 DEBUG 97564 --- [beauty-salon-backend] [pool-4-thread-7] [                                                 ] o.s.d.c.r.query.QueryStatementCreator    : Created query [SELECT * FROM customers WHERE name LIKE ? ALLOW FILTERING]
2025-08-09T23:11:43.790-03:00 DEBUG 97564 --- [beauty-salon-backend] [ool-4-thread-16] [                                                 ] o.s.d.c.r.query.QueryStatementCreator    : Created query [SELECT * FROM customers WHERE email = ? ALLOW FILTERING]
2025-08-09T23:11:43.790-03:00 DEBUG 97564 --- [beauty-salon-backend] [ool-4-thread-11] [                                                 ] o.s.d.c.r.query.QueryStatementCreator    : Created query [SELECT * FROM customers WHERE name LIKE ? ALLOW FILTERING]
2025-08-09T23:11:43.790-03:00 DEBUG 97564 --- [beauty-salon-backend] [pool-4-thread-4] [                                                 ] o.s.d.c.r.query.QueryStatementCreator    : Created query [SELECT * FROM customers WHERE email = ? ALLOW FILTERING]
2025-08-09T23:11:43.791-03:00 DEBUG 97564 --- [beauty-salon-backend] [pool-4-thread-3] [                                                 ] o.s.d.c.r.query.QueryStatementCreator    : Created query [SELECT * FROM customers WHERE name LIKE ? ALLOW FILTERING]
2025-08-09T23:11:43.791-03:00 DEBUG 97564 --- [beauty-salon-backend] [ool-4-thread-12] [                                                 ] o.s.d.c.r.query.QueryStatementCreator    : Created query [SELECT * FROM customers WHERE email = ? ALLOW FILTERING]
2025-08-09T23:11:43.791-03:00 DEBUG 97564 --- [beauty-salon-backend] [pool-4-thread-8] [                                                 ] o.s.d.c.r.query.QueryStatementCreator    : Created query [SELECT * FROM customers WHERE email = ? ALLOW FILTERING]
2025-08-09T23:11:43.792-03:00 DEBUG 97564 --- [beauty-salon-backend] [ool-4-thread-15] [                                                 ] o.s.data.cassandra.core.cql.CqlTemplate  : Preparing statement [SELECT * FROM customers WHERE name LIKE ? ALLOW FILTERING] using org.springframework.data.cassandra.core.CassandraTemplate$PreparedStatementHandler@1f8986ca
2025-08-09T23:11:43.792-03:00 DEBUG 97564 --- [beauty-salon-backend] [pool-4-thread-3] [                                                 ] o.s.data.cassandra.core.cql.CqlTemplate  : Preparing statement [SELECT * FROM customers WHERE name LIKE ? ALLOW FILTERING] using org.springframework.data.cassandra.core.CassandraTemplate$PreparedStatementHandler@35948ddb
2025-08-09T23:11:43.792-03:00 DEBUG 97564 --- [beauty-salon-backend] [ool-4-thread-11] [                                                 ] o.s.data.cassandra.core.cql.CqlTemplate  : Preparing statement [SELECT * FROM customers WHERE name LIKE ? ALLOW FILTERING] using org.springframework.data.cassandra.core.CassandraTemplate$PreparedStatementHandler@32709e4d
2025-08-09T23:11:43.792-03:00 DEBUG 97564 --- [beauty-salon-backend] [pool-4-thread-7] [                                                 ] o.s.data.cassandra.core.cql.CqlTemplate  : Preparing statement [SELECT * FROM customers WHERE name LIKE ? ALLOW FILTERING] using org.springframework.data.cassandra.core.CassandraTemplate$PreparedStatementHandler@3bf96439
2025-08-09T23:11:43.792-03:00 DEBUG 97564 --- [beauty-salon-backend] [ool-4-thread-19] [                                                 ] o.s.data.cassandra.core.cql.CqlTemplate  : Preparing statement [SELECT * FROM customers WHERE name LIKE ? ALLOW FILTERING] using org.springframework.data.cassandra.core.CassandraTemplate$PreparedStatementHandler@34cac20
2025-08-09T23:11:43.792-03:00 DEBUG 97564 --- [beauty-salon-backend] [pool-4-thread-4] [                                                 ] o.s.data.cassandra.core.cql.CqlTemplate  : Preparing statement [SELECT * FROM customers WHERE email = ? ALLOW FILTERING] using org.springframework.data.cassandra.core.CassandraTemplate$PreparedStatementHandler@a23f31d
2025-08-09T23:11:43.793-03:00 DEBUG 97564 --- [beauty-salon-backend] [pool-4-thread-8] [                                                 ] o.s.data.cassandra.core.cql.CqlTemplate  : Preparing statement [SELECT * FROM customers WHERE email = ? ALLOW FILTERING] using org.springframework.data.cassandra.core.CassandraTemplate$PreparedStatementHandler@322992da
2025-08-09T23:11:43.793-03:00 DEBUG 97564 --- [beauty-salon-backend] [ool-4-thread-20] [                                                 ] o.s.data.cassandra.core.cql.CqlTemplate  : Preparing statement [SELECT * FROM customers WHERE email = ? ALLOW FILTERING] using org.springframework.data.cassandra.core.CassandraTemplate$PreparedStatementHandler@557565e3
2025-08-09T23:11:43.794-03:00 DEBUG 97564 --- [beauty-salon-backend] [ool-4-thread-12] [                                                 ] o.s.data.cassandra.core.cql.CqlTemplate  : Preparing statement [SELECT * FROM customers WHERE email = ? ALLOW FILTERING] using org.springframework.data.cassandra.core.CassandraTemplate$PreparedStatementHandler@62b1a10b
2025-08-09T23:11:43.794-03:00 DEBUG 97564 --- [beauty-salon-backend] [ool-4-thread-16] [                                                 ] o.s.data.cassandra.core.cql.CqlTemplate  : Preparing statement [SELECT * FROM customers WHERE email = ? ALLOW FILTERING] using org.springframework.data.cassandra.core.CassandraTemplate$PreparedStatementHandler@4533cc27
2025-08-09T23:11:43.799-03:00 DEBUG 97564 --- [beauty-salon-backend] [ool-4-thread-18] [                                                 ] o.s.d.c.r.query.QueryStatementCreator    : Created query [SELECT * FROM customers WHERE name LIKE ? ALLOW FILTERING]
2025-08-09T23:11:43.799-03:00 DEBUG 97564 --- [beauty-salon-backend] [ool-4-thread-17] [                                                 ] o.s.data.cassandra.core.cql.CqlTemplate  : Preparing statement [SELECT * FROM customers WHERE id=? LIMIT 1] using org.springframework.data.cassandra.core.CassandraTemplate$PreparedStatementHandler@2cd73690
2025-08-09T23:11:43.799-03:00 DEBUG 97564 --- [beauty-salon-backend] [ool-4-thread-17] [                                                 ] o.s.data.cassandra.core.cql.CqlTemplate  : Executing prepared statement [SELECT * FROM customers WHERE id=? LIMIT 1]
2025-08-09T23:11:43.800-03:00 DEBUG 97564 --- [beauty-salon-backend] [ool-4-thread-10] [                                                 ] o.s.d.c.r.query.QueryStatementCreator    : Created query [SELECT * FROM customers WHERE email = ? ALLOW FILTERING]
2025-08-09T23:11:43.800-03:00 DEBUG 97564 --- [beauty-salon-backend] [ool-4-thread-10] [                                                 ] o.s.data.cassandra.core.cql.CqlTemplate  : Preparing statement [SELECT * FROM customers WHERE email = ? ALLOW FILTERING] using org.springframework.data.cassandra.core.CassandraTemplate$PreparedStatementHandler@7c366781
2025-08-09T23:11:43.799-03:00 DEBUG 97564 --- [beauty-salon-backend] [ool-4-thread-18] [                                                 ] o.s.data.cassandra.core.cql.CqlTemplate  : Preparing statement [SELECT * FROM customers WHERE name LIKE ? ALLOW FILTERING] using org.springframework.data.cassandra.core.CassandraTemplate$PreparedStatementHandler@6692783c
2025-08-09T23:11:43.804-03:00 DEBUG 97564 --- [beauty-salon-backend] [pool-4-thread-1] [                                                 ] o.s.d.c.r.query.QueryStatementCreator    : Created query [SELECT * FROM customers WHERE name LIKE ? ALLOW FILTERING]
2025-08-09T23:11:43.804-03:00 DEBUG 97564 --- [beauty-salon-backend] [pool-4-thread-1] [                                                 ] o.s.data.cassandra.core.cql.CqlTemplate  : Preparing statement [SELECT * FROM customers WHERE name LIKE ? ALLOW FILTERING] using org.springframework.data.cassandra.core.CassandraTemplate$PreparedStatementHandler@6b777f96
2025-08-09T23:11:43.805-03:00 DEBUG 97564 --- [beauty-salon-backend] [pool-4-thread-2] [                                                 ] o.s.d.c.r.query.QueryStatementCreator    : Created query [SELECT * FROM customers WHERE email = ? ALLOW FILTERING]
2025-08-09T23:11:43.805-03:00 DEBUG 97564 --- [beauty-salon-backend] [pool-4-thread-2] [                                                 ] o.s.data.cassandra.core.cql.CqlTemplate  : Preparing statement [SELECT * FROM customers WHERE email = ? ALLOW FILTERING] using org.springframework.data.cassandra.core.CassandraTemplate$PreparedStatementHandler@353f8a2
2025-08-09T23:11:43.807-03:00 DEBUG 97564 --- [beauty-salon-backend] [ool-4-thread-11] [                                                 ] o.s.d.c.r.query.QueryStatementCreator    : Created query [SELECT * FROM customers WHERE email = ? ALLOW FILTERING]
2025-08-09T23:11:43.807-03:00 DEBUG 97564 --- [beauty-salon-backend] [ool-4-thread-15] [                                                 ] o.s.d.c.r.query.QueryStatementCreator    : Created query [SELECT * FROM customers WHERE name LIKE ? ALLOW FILTERING]
2025-08-09T23:11:43.807-03:00 DEBUG 97564 --- [beauty-salon-backend] [ool-4-thread-11] [                                                 ] o.s.data.cassandra.core.cql.CqlTemplate  : Preparing statement [SELECT * FROM customers WHERE email = ? ALLOW FILTERING] using org.springframework.data.cassandra.core.CassandraTemplate$PreparedStatementHandler@1a76b52
2025-08-09T23:11:43.807-03:00 DEBUG 97564 --- [beauty-salon-backend] [ool-4-thread-15] [                                                 ] o.s.data.cassandra.core.cql.CqlTemplate  : Preparing statement [SELECT * FROM customers WHERE name LIKE ? ALLOW FILTERING] using org.springframework.data.cassandra.core.CassandraTemplate$PreparedStatementHandler@53f352b9
2025-08-09T23:11:43.812-03:00 DEBUG 97564 --- [beauty-salon-backend] [ool-4-thread-11] [                                                 ] o.s.data.cassandra.core.cql.CqlTemplate  : Executing prepared statement [SELECT * FROM customers WHERE email = ? ALLOW FILTERING]
2025-08-09T23:11:43.812-03:00 DEBUG 97564 --- [beauty-salon-backend] [ool-4-thread-12] [                                                 ] o.s.data.cassandra.core.cql.CqlTemplate  : Executing prepared statement [SELECT * FROM customers WHERE email = ? ALLOW FILTERING]
2025-08-09T23:11:43.812-03:00 DEBUG 97564 --- [beauty-salon-backend] [ool-4-thread-10] [                                                 ] o.s.data.cassandra.core.cql.CqlTemplate  : Executing prepared statement [SELECT * FROM customers WHERE email = ? ALLOW FILTERING]
2025-08-09T23:11:43.812-03:00 DEBUG 97564 --- [beauty-salon-backend] [ool-4-thread-20] [                                                 ] o.s.data.cassandra.core.cql.CqlTemplate  : Executing prepared statement [SELECT * FROM customers WHERE email = ? ALLOW FILTERING]
2025-08-09T23:11:43.812-03:00 DEBUG 97564 --- [beauty-salon-backend] [pool-4-thread-8] [                                                 ] o.s.data.cassandra.core.cql.CqlTemplate  : Executing prepared statement [SELECT * FROM customers WHERE email = ? ALLOW FILTERING]
2025-08-09T23:11:43.812-03:00 DEBUG 97564 --- [beauty-salon-backend] [pool-4-thread-4] [                                                 ] o.s.data.cassandra.core.cql.CqlTemplate  : Executing prepared statement [SELECT * FROM customers WHERE email = ? ALLOW FILTERING]
2025-08-09T23:11:43.809-03:00 DEBUG 97564 --- [beauty-salon-backend] [pool-4-thread-1] [                                                 ] o.s.d.c.r.query.QueryStatementCreator    : Created query [SELECT * FROM customers WHERE name LIKE ? ALLOW FILTERING]
2025-08-09T23:11:43.812-03:00 DEBUG 97564 --- [beauty-salon-backend] [pool-4-thread-1] [                                                 ] o.s.data.cassandra.core.cql.CqlTemplate  : Preparing statement [SELECT * FROM customers WHERE name LIKE ? ALLOW FILTERING] using org.springframework.data.cassandra.core.CassandraTemplate$PreparedStatementHandler@7584e7f8
2025-08-09T23:11:43.809-03:00 DEBUG 97564 --- [beauty-salon-backend] [pool-4-thread-7] [                                                 ] o.s.d.c.r.query.QueryStatementCreator    : Created query [SELECT * FROM customers WHERE email = ? ALLOW FILTERING]
2025-08-09T23:11:43.814-03:00 DEBUG 97564 --- [beauty-salon-backend] [pool-4-thread-7] [                                                 ] o.s.data.cassandra.core.cql.CqlTemplate  : Preparing statement [SELECT * FROM customers WHERE email = ? ALLOW FILTERING] using org.springframework.data.cassandra.core.CassandraTemplate$PreparedStatementHandler@99999d7
2025-08-09T23:11:43.814-03:00 DEBUG 97564 --- [beauty-salon-backend] [pool-4-thread-6] [                                                 ] o.s.d.c.r.query.QueryStatementCreator    : Created query [SELECT * FROM customers WHERE name LIKE ? ALLOW FILTERING]
2025-08-09T23:11:43.814-03:00 DEBUG 97564 --- [beauty-salon-backend] [pool-4-thread-6] [                                                 ] o.s.data.cassandra.core.cql.CqlTemplate  : Preparing statement [SELECT * FROM customers WHERE name LIKE ? ALLOW FILTERING] using org.springframework.data.cassandra.core.CassandraTemplate$PreparedStatementHandler@5e47a162
2025-08-09T23:11:43.814-03:00 DEBUG 97564 --- [beauty-salon-backend] [pool-4-thread-7] [                                                 ] o.s.data.cassandra.core.cql.CqlTemplate  : Executing prepared statement [SELECT * FROM customers WHERE email = ? ALLOW FILTERING]
2025-08-09T23:11:43.812-03:00 DEBUG 97564 --- [beauty-salon-backend] [pool-4-thread-2] [                                                 ] o.s.data.cassandra.core.cql.CqlTemplate  : Executing prepared statement [SELECT * FROM customers WHERE email = ? ALLOW FILTERING]
2025-08-09T23:11:43.812-03:00 DEBUG 97564 --- [beauty-salon-backend] [ool-4-thread-16] [                                                 ] o.s.data.cassandra.core.cql.CqlTemplate  : Executing prepared statement [SELECT * FROM customers WHERE email = ? ALLOW FILTERING]
2025-08-09T23:11:43.813-03:00 DEBUG 97564 --- [beauty-salon-backend] [pool-4-thread-5] [                                                 ] o.s.d.c.r.query.QueryStatementCreator    : Created query [SELECT * FROM customers WHERE name LIKE ? ALLOW FILTERING]
2025-08-09T23:11:43.816-03:00 DEBUG 97564 --- [beauty-salon-backend] [pool-4-thread-5] [                                                 ] o.s.data.cassandra.core.cql.CqlTemplate  : Preparing statement [SELECT * FROM customers WHERE name LIKE ? ALLOW FILTERING] using org.springframework.data.cassandra.core.CassandraTemplate$PreparedStatementHandler@346c18b4
2025-08-09T23:11:43.816-03:00 DEBUG 97564 --- [beauty-salon-backend] [ool-4-thread-17] [                                                 ] o.s.d.c.r.query.QueryStatementCreator    : Created query [SELECT * FROM customers WHERE email = ? ALLOW FILTERING]
2025-08-09T23:11:43.816-03:00 DEBUG 97564 --- [beauty-salon-backend] [ool-4-thread-17] [                                                 ] o.s.data.cassandra.core.cql.CqlTemplate  : Preparing statement [SELECT * FROM customers WHERE email = ? ALLOW FILTERING] using org.springframework.data.cassandra.core.CassandraTemplate$PreparedStatementHandler@1db1ba65
2025-08-09T23:11:43.816-03:00 DEBUG 97564 --- [beauty-salon-backend] [ool-4-thread-17] [                                                 ] o.s.data.cassandra.core.cql.CqlTemplate  : Executing prepared statement [SELECT * FROM customers WHERE email = ? ALLOW FILTERING]
2025-08-09T23:11:43.814-03:00 DEBUG 97564 --- [beauty-salon-backend] [ool-4-thread-14] [                                                 ] o.s.d.c.r.query.QueryStatementCreator    : Created query [SELECT * FROM customers WHERE email = ? ALLOW FILTERING]
2025-08-09T23:11:43.817-03:00 DEBUG 97564 --- [beauty-salon-backend] [ool-4-thread-14] [                                                 ] o.s.data.cassandra.core.cql.CqlTemplate  : Preparing statement [SELECT * FROM customers WHERE email = ? ALLOW FILTERING] using org.springframework.data.cassandra.core.CassandraTemplate$PreparedStatementHandler@2935288a
2025-08-09T23:11:43.817-03:00 DEBUG 97564 --- [beauty-salon-backend] [ool-4-thread-14] [                                                 ] o.s.data.cassandra.core.cql.CqlTemplate  : Executing prepared statement [SELECT * FROM customers WHERE email = ? ALLOW FILTERING]
2025-08-09T23:11:43.818-03:00 DEBUG 97564 --- [beauty-salon-backend] [ool-4-thread-19] [                                                 ] o.s.d.c.r.query.QueryStatementCreator    : Created query [SELECT * FROM customers WHERE name LIKE ? ALLOW FILTERING]
2025-08-09T23:11:43.818-03:00 DEBUG 97564 --- [beauty-salon-backend] [ool-4-thread-19] [                                                 ] o.s.data.cassandra.core.cql.CqlTemplate  : Preparing statement [SELECT * FROM customers WHERE name LIKE ? ALLOW FILTERING] using org.springframework.data.cassandra.core.CassandraTemplate$PreparedStatementHandler@528c246
2025-08-09T23:11:43.818-03:00 DEBUG 97564 --- [beauty-salon-backend] [pool-4-thread-3] [                                                 ] o.s.d.c.r.query.QueryStatementCreator    : Created query [SELECT * FROM customers WHERE email = ? ALLOW FILTERING]
2025-08-09T23:11:43.818-03:00 DEBUG 97564 --- [beauty-salon-backend] [pool-4-thread-3] [                                                 ] o.s.data.cassandra.core.cql.CqlTemplate  : Preparing statement [SELECT * FROM customers WHERE email = ? ALLOW FILTERING] using org.springframework.data.cassandra.core.CassandraTemplate$PreparedStatementHandler@c0fb2b7
2025-08-09T23:11:43.818-03:00 DEBUG 97564 --- [beauty-salon-backend] [pool-4-thread-3] [                                                 ] o.s.data.cassandra.core.cql.CqlTemplate  : Executing prepared statement [SELECT * FROM customers WHERE email = ? ALLOW FILTERING]
2025-08-09T23:11:43.820-03:00 DEBUG 97564 --- [beauty-salon-backend] [ool-4-thread-18] [                                                 ] o.s.d.c.r.query.QueryStatementCreator    : Created query [SELECT * FROM customers WHERE name LIKE ? ALLOW FILTERING]
2025-08-09T23:11:43.820-03:00 DEBUG 97564 --- [beauty-salon-backend] [ool-4-thread-18] [                                                 ] o.s.data.cassandra.core.cql.CqlTemplate  : Preparing statement [SELECT * FROM customers WHERE name LIKE ? ALLOW FILTERING] using org.springframework.data.cassandra.core.CassandraTemplate$PreparedStatementHandler@1e7c0854
2025-08-09T23:11:43.820-03:00 DEBUG 97564 --- [beauty-salon-backend] [pool-4-thread-1] [                                                 ] o.s.d.c.r.query.QueryStatementCreator    : Created query [SELECT * FROM customers WHERE email = ? ALLOW FILTERING]
2025-08-09T23:11:43.820-03:00 DEBUG 97564 --- [beauty-salon-backend] [pool-4-thread-5] [                                                 ] o.s.d.c.r.query.QueryStatementCreator    : Created query [SELECT * FROM customers WHERE name LIKE ? ALLOW FILTERING]
2025-08-09T23:11:43.820-03:00 DEBUG 97564 --- [beauty-salon-backend] [pool-4-thread-5] [                                                 ] o.s.data.cassandra.core.cql.CqlTemplate  : Preparing statement [SELECT * FROM customers WHERE name LIKE ? ALLOW FILTERING] using org.springframework.data.cassandra.core.CassandraTemplate$PreparedStatementHandler@592afdf
2025-08-09T23:11:43.820-03:00 DEBUG 97564 --- [beauty-salon-backend] [pool-4-thread-1] [                                                 ] o.s.data.cassandra.core.cql.CqlTemplate  : Preparing statement [SELECT * FROM customers WHERE email = ? ALLOW FILTERING] using org.springframework.data.cassandra.core.CassandraTemplate$PreparedStatementHandler@2d858fb
2025-08-09T23:11:43.820-03:00 DEBUG 97564 --- [beauty-salon-backend] [pool-4-thread-6] [                                                 ] o.s.d.c.r.query.QueryStatementCreator    : Created query [SELECT * FROM customers WHERE email = ? ALLOW FILTERING]
2025-08-09T23:11:43.820-03:00 DEBUG 97564 --- [beauty-salon-backend] [pool-4-thread-6] [                                                 ] o.s.data.cassandra.core.cql.CqlTemplate  : Preparing statement [SELECT * FROM customers WHERE email = ? ALLOW FILTERING] using org.springframework.data.cassandra.core.CassandraTemplate$PreparedStatementHandler@dab3b73
2025-08-09T23:11:43.820-03:00 DEBUG 97564 --- [beauty-salon-backend] [pool-4-thread-6] [                                                 ] o.s.data.cassandra.core.cql.CqlTemplate  : Executing prepared statement [SELECT * FROM customers WHERE email = ? ALLOW FILTERING]
2025-08-09T23:11:43.820-03:00 DEBUG 97564 --- [beauty-salon-backend] [pool-4-thread-1] [                                                 ] o.s.data.cassandra.core.cql.CqlTemplate  : Executing prepared statement [SELECT * FROM customers WHERE email = ? ALLOW FILTERING]
2025-08-09T23:11:43.821-03:00 DEBUG 97564 --- [beauty-salon-backend] [ool-4-thread-19] [                                                 ] o.s.d.c.r.query.QueryStatementCreator    : Created query [SELECT * FROM customers WHERE name LIKE ? ALLOW FILTERING]
2025-08-09T23:11:43.821-03:00 DEBUG 97564 --- [beauty-salon-backend] [ool-4-thread-19] [                                                 ] o.s.data.cassandra.core.cql.CqlTemplate  : Preparing statement [SELECT * FROM customers WHERE name LIKE ? ALLOW FILTERING] using org.springframework.data.cassandra.core.CassandraTemplate$PreparedStatementHandler@6363536f
2025-08-09T23:11:43.822-03:00 DEBUG 97564 --- [beauty-salon-backend] [ool-4-thread-15] [                                                 ] o.s.d.c.r.query.QueryStatementCreator    : Created query [SELECT * FROM customers WHERE email = ? ALLOW FILTERING]
2025-08-09T23:11:43.823-03:00 DEBUG 97564 --- [beauty-salon-backend] [ool-4-thread-15] [                                                 ] o.s.data.cassandra.core.cql.CqlTemplate  : Preparing statement [SELECT * FROM customers WHERE email = ? ALLOW FILTERING] using org.springframework.data.cassandra.core.CassandraTemplate$PreparedStatementHandler@58ed60da
2025-08-09T23:11:43.823-03:00 DEBUG 97564 --- [beauty-salon-backend] [ool-4-thread-15] [                                                 ] o.s.data.cassandra.core.cql.CqlTemplate  : Executing prepared statement [SELECT * FROM customers WHERE email = ? ALLOW FILTERING]
2025-08-09T23:11:43.825-03:00 DEBUG 97564 --- [beauty-salon-backend] [pool-4-thread-9] [                                                 ] o.s.d.c.r.query.QueryStatementCreator    : Created query [SELECT * FROM customers WHERE name LIKE ? ALLOW FILTERING]
2025-08-09T23:11:43.825-03:00 DEBUG 97564 --- [beauty-salon-backend] [pool-4-thread-9] [                                                 ] o.s.data.cassandra.core.cql.CqlTemplate  : Preparing statement [SELECT * FROM customers WHERE name LIKE ? ALLOW FILTERING] using org.springframework.data.cassandra.core.CassandraTemplate$PreparedStatementHandler@415e64a8
2025-08-09T23:11:43.825-03:00 DEBUG 97564 --- [beauty-salon-backend] [ool-4-thread-13] [                                                 ] o.s.d.c.r.query.QueryStatementCreator    : Created query [SELECT * FROM customers WHERE email = ? ALLOW FILTERING]
2025-08-09T23:11:43.825-03:00 DEBUG 97564 --- [beauty-salon-backend] [ool-4-thread-13] [                                                 ] o.s.data.cassandra.core.cql.CqlTemplate  : Preparing statement [SELECT * FROM customers WHERE email = ? ALLOW FILTERING] using org.springframework.data.cassandra.core.CassandraTemplate$PreparedStatementHandler@d58a66d
2025-08-09T23:11:43.825-03:00 DEBUG 97564 --- [beauty-salon-backend] [ool-4-thread-13] [                                                 ] o.s.data.cassandra.core.cql.CqlTemplate  : Executing prepared statement [SELECT * FROM customers WHERE email = ? ALLOW FILTERING]
2025-08-09T23:11:43.827-03:00 DEBUG 97564 --- [beauty-salon-backend] [ool-4-thread-18] [                                                 ] o.s.d.c.r.query.QueryStatementCreator    : Created query [SELECT * FROM customers WHERE email = ? ALLOW FILTERING]
2025-08-09T23:11:43.827-03:00 DEBUG 97564 --- [beauty-salon-backend] [pool-4-thread-5] [                                                 ] o.s.d.c.r.query.QueryStatementCreator    : Created query [SELECT * FROM customers WHERE name LIKE ? ALLOW FILTERING]
2025-08-09T23:11:43.827-03:00 DEBUG 97564 --- [beauty-salon-backend] [ool-4-thread-18] [                                                 ] o.s.data.cassandra.core.cql.CqlTemplate  : Preparing statement [SELECT * FROM customers WHERE email = ? ALLOW FILTERING] using org.springframework.data.cassandra.core.CassandraTemplate$PreparedStatementHandler@5b16fd4c
2025-08-09T23:11:43.827-03:00 DEBUG 97564 --- [beauty-salon-backend] [pool-4-thread-5] [                                                 ] o.s.data.cassandra.core.cql.CqlTemplate  : Preparing statement [SELECT * FROM customers WHERE name LIKE ? ALLOW FILTERING] using org.springframework.data.cassandra.core.CassandraTemplate$PreparedStatementHandler@3ee6f0
2025-08-09T23:11:43.827-03:00 DEBUG 97564 --- [beauty-salon-backend] [ool-4-thread-18] [                                                 ] o.s.data.cassandra.core.cql.CqlTemplate  : Executing prepared statement [SELECT * FROM customers WHERE email = ? ALLOW FILTERING]
2025-08-09T23:11:43.832-03:00 DEBUG 97564 --- [beauty-salon-backend] [pool-4-thread-9] [                                                 ] o.s.d.c.r.query.QueryStatementCreator    : Created query [SELECT * FROM customers WHERE name LIKE ? ALLOW FILTERING]
2025-08-09T23:11:43.832-03:00 DEBUG 97564 --- [beauty-salon-backend] [pool-4-thread-9] [                                                 ] o.s.data.cassandra.core.cql.CqlTemplate  : Preparing statement [SELECT * FROM customers WHERE name LIKE ? ALLOW FILTERING] using org.springframework.data.cassandra.core.CassandraTemplate$PreparedStatementHandler@6b59789d
2025-08-09T23:11:43.833-03:00 DEBUG 97564 --- [beauty-salon-backend] [ool-4-thread-19] [                                                 ] o.s.d.c.r.query.QueryStatementCreator    : Created query [SELECT * FROM customers WHERE email = ? ALLOW FILTERING]
2025-08-09T23:11:43.833-03:00 DEBUG 97564 --- [beauty-salon-backend] [ool-4-thread-19] [                                                 ] o.s.data.cassandra.core.cql.CqlTemplate  : Preparing statement [SELECT * FROM customers WHERE email = ? ALLOW FILTERING] using org.springframework.data.cassandra.core.CassandraTemplate$PreparedStatementHandler@4328704a
2025-08-09T23:11:43.833-03:00 DEBUG 97564 --- [beauty-salon-backend] [ool-4-thread-19] [                                                 ] o.s.data.cassandra.core.cql.CqlTemplate  : Executing prepared statement [SELECT * FROM customers WHERE email = ? ALLOW FILTERING]
2025-08-09T23:11:43.833-03:00 DEBUG 97564 --- [beauty-salon-backend] [ool-4-thread-11] [                                                 ] o.s.d.c.r.query.QueryStatementCreator    : Created query [SELECT * FROM customers WHERE email = ? ALLOW FILTERING]
2025-08-09T23:11:43.833-03:00 DEBUG 97564 --- [beauty-salon-backend] [pool-4-thread-3] [                                                 ] o.s.d.c.r.query.QueryStatementCreator    : Created query [SELECT * FROM customers WHERE name LIKE ? ALLOW FILTERING]
2025-08-09T23:11:43.833-03:00 DEBUG 97564 --- [beauty-salon-backend] [ool-4-thread-11] [                                                 ] o.s.data.cassandra.core.cql.CqlTemplate  : Preparing statement [SELECT * FROM customers WHERE email = ? ALLOW FILTERING] using org.springframework.data.cassandra.core.CassandraTemplate$PreparedStatementHandler@586056f4
2025-08-09T23:11:43.833-03:00 DEBUG 97564 --- [beauty-salon-backend] [pool-4-thread-3] [                                                 ] o.s.data.cassandra.core.cql.CqlTemplate  : Preparing statement [SELECT * FROM customers WHERE name LIKE ? ALLOW FILTERING] using org.springframework.data.cassandra.core.CassandraTemplate$PreparedStatementHandler@214f7123
2025-08-09T23:11:43.833-03:00 DEBUG 97564 --- [beauty-salon-backend] [ool-4-thread-11] [                                                 ] o.s.data.cassandra.core.cql.CqlTemplate  : Executing prepared statement [SELECT * FROM customers WHERE email = ? ALLOW FILTERING]
2025-08-09T23:11:43.834-03:00 DEBUG 97564 --- [beauty-salon-backend] [ool-4-thread-14] [                                                 ] o.s.d.c.r.query.QueryStatementCreator    : Created query [SELECT * FROM customers WHERE email = ? ALLOW FILTERING]
2025-08-09T23:11:43.834-03:00 DEBUG 97564 --- [beauty-salon-backend] [ool-4-thread-14] [                                                 ] o.s.data.cassandra.core.cql.CqlTemplate  : Preparing statement [SELECT * FROM customers WHERE email = ? ALLOW FILTERING] using org.springframework.data.cassandra.core.CassandraTemplate$PreparedStatementHandler@7848cf90
2025-08-09T23:11:43.834-03:00 DEBUG 97564 --- [beauty-salon-backend] [ool-4-thread-14] [                                                 ] o.s.data.cassandra.core.cql.CqlTemplate  : Executing prepared statement [SELECT * FROM customers WHERE email = ? ALLOW FILTERING]
2025-08-09T23:11:43.834-03:00 DEBUG 97564 --- [beauty-salon-backend] [ool-4-thread-16] [                                                 ] o.s.d.c.r.query.QueryStatementCreator    : Created query [SELECT * FROM customers WHERE name LIKE ? ALLOW FILTERING]
2025-08-09T23:11:43.834-03:00 DEBUG 97564 --- [beauty-salon-backend] [ool-4-thread-16] [                                                 ] o.s.data.cassandra.core.cql.CqlTemplate  : Preparing statement [SELECT * FROM customers WHERE name LIKE ? ALLOW FILTERING] using org.springframework.data.cassandra.core.CassandraTemplate$PreparedStatementHandler@251c3368
2025-08-09T23:11:43.833-03:00 DEBUG 97564 --- [beauty-salon-backend] [pool-4-thread-2] [                                                 ] o.s.d.c.r.query.QueryStatementCreator    : Created query [SELECT * FROM customers WHERE name LIKE ? ALLOW FILTERING]
2025-08-09T23:11:43.835-03:00 DEBUG 97564 --- [beauty-salon-backend] [pool-4-thread-4] [                                                 ] o.s.d.c.r.query.QueryStatementCreator    : Created query [SELECT * FROM customers WHERE email = ? ALLOW FILTERING]
2025-08-09T23:11:43.835-03:00 DEBUG 97564 --- [beauty-salon-backend] [pool-4-thread-4] [                                                 ] o.s.data.cassandra.core.cql.CqlTemplate  : Preparing statement [SELECT * FROM customers WHERE email = ? ALLOW FILTERING] using org.springframework.data.cassandra.core.CassandraTemplate$PreparedStatementHandler@b99dad7
2025-08-09T23:11:43.835-03:00 DEBUG 97564 --- [beauty-salon-backend] [pool-4-thread-4] [                                                 ] o.s.data.cassandra.core.cql.CqlTemplate  : Executing prepared statement [SELECT * FROM customers WHERE email = ? ALLOW FILTERING]
2025-08-09T23:11:43.834-03:00 DEBUG 97564 --- [beauty-salon-backend] [pool-4-thread-6] [                                                 ] o.s.d.c.r.query.QueryStatementCreator    : Created query [SELECT * FROM customers WHERE email = ? ALLOW FILTERING]
2025-08-09T23:11:43.836-03:00 DEBUG 97564 --- [beauty-salon-backend] [pool-4-thread-6] [                                                 ] o.s.data.cassandra.core.cql.CqlTemplate  : Preparing statement [SELECT * FROM customers WHERE email = ? ALLOW FILTERING] using org.springframework.data.cassandra.core.CassandraTemplate$PreparedStatementHandler@24c7d7f5
2025-08-09T23:11:43.836-03:00 DEBUG 97564 --- [beauty-salon-backend] [ool-4-thread-18] [                                                 ] o.s.d.c.r.query.QueryStatementCreator    : Created query [SELECT * FROM customers WHERE name LIKE ? ALLOW FILTERING]
2025-08-09T23:11:43.836-03:00 DEBUG 97564 --- [beauty-salon-backend] [pool-4-thread-6] [                                                 ] o.s.data.cassandra.core.cql.CqlTemplate  : Executing prepared statement [SELECT * FROM customers WHERE email = ? ALLOW FILTERING]
2025-08-09T23:11:43.836-03:00 DEBUG 97564 --- [beauty-salon-backend] [ool-4-thread-18] [                                                 ] o.s.data.cassandra.core.cql.CqlTemplate  : Preparing statement [SELECT * FROM customers WHERE name LIKE ? ALLOW FILTERING] using org.springframework.data.cassandra.core.CassandraTemplate$PreparedStatementHandler@5788375
2025-08-09T23:11:43.835-03:00 DEBUG 97564 --- [beauty-salon-backend] [ool-4-thread-13] [                                                 ] o.s.d.c.r.query.QueryStatementCreator    : Created query [SELECT * FROM customers WHERE name LIKE ? ALLOW FILTERING]
2025-08-09T23:11:43.836-03:00 DEBUG 97564 --- [beauty-salon-backend] [ool-4-thread-13] [                                                 ] o.s.data.cassandra.core.cql.CqlTemplate  : Preparing statement [SELECT * FROM customers WHERE name LIKE ? ALLOW FILTERING] using org.springframework.data.cassandra.core.CassandraTemplate$PreparedStatementHandler@3c9f0c9b
2025-08-09T23:11:43.835-03:00 DEBUG 97564 --- [beauty-salon-backend] [pool-4-thread-2] [                                                 ] o.s.data.cassandra.core.cql.CqlTemplate  : Preparing statement [SELECT * FROM customers WHERE name LIKE ? ALLOW FILTERING] using org.springframework.data.cassandra.core.CassandraTemplate$PreparedStatementHandler@582bd492
2025-08-09T23:11:43.837-03:00 DEBUG 97564 --- [beauty-salon-backend] [ool-4-thread-15] [                                                 ] o.s.d.c.r.query.QueryStatementCreator    : Created query [SELECT * FROM customers WHERE email = ? ALLOW FILTERING]
2025-08-09T23:11:43.837-03:00 DEBUG 97564 --- [beauty-salon-backend] [ool-4-thread-15] [                                                 ] o.s.data.cassandra.core.cql.CqlTemplate  : Preparing statement [SELECT * FROM customers WHERE email = ? ALLOW FILTERING] using org.springframework.data.cassandra.core.CassandraTemplate$PreparedStatementHandler@4319586e
2025-08-09T23:11:43.837-03:00 DEBUG 97564 --- [beauty-salon-backend] [ool-4-thread-15] [                                                 ] o.s.data.cassandra.core.cql.CqlTemplate  : Executing prepared statement [SELECT * FROM customers WHERE email = ? ALLOW FILTERING]
2025-08-09T23:11:43.837-03:00 DEBUG 97564 --- [beauty-salon-backend] [pool-4-thread-7] [                                                 ] o.s.d.c.r.query.QueryStatementCreator    : Created query [SELECT * FROM customers WHERE name LIKE ? ALLOW FILTERING]
2025-08-09T23:11:43.837-03:00 DEBUG 97564 --- [beauty-salon-backend] [pool-4-thread-7] [                                                 ] o.s.data.cassandra.core.cql.CqlTemplate  : Preparing statement [SELECT * FROM customers WHERE name LIKE ? ALLOW FILTERING] using org.springframework.data.cassandra.core.CassandraTemplate$PreparedStatementHandler@2fef42e0
2025-08-09T23:11:43.837-03:00 DEBUG 97564 --- [beauty-salon-backend] [ool-4-thread-10] [                                                 ] o.s.d.c.r.query.QueryStatementCreator    : Created query [SELECT * FROM customers WHERE email = ? ALLOW FILTERING]
2025-08-09T23:11:43.838-03:00 DEBUG 97564 --- [beauty-salon-backend] [ool-4-thread-10] [                                                 ] o.s.data.cassandra.core.cql.CqlTemplate  : Preparing statement [SELECT * FROM customers WHERE email = ? ALLOW FILTERING] using org.springframework.data.cassandra.core.CassandraTemplate$PreparedStatementHandler@11a8a245
2025-08-09T23:11:43.838-03:00 DEBUG 97564 --- [beauty-salon-backend] [ool-4-thread-10] [                                                 ] o.s.data.cassandra.core.cql.CqlTemplate  : Executing prepared statement [SELECT * FROM customers WHERE email = ? ALLOW FILTERING]
2025-08-09T23:11:43.840-03:00 DEBUG 97564 --- [beauty-salon-backend] [ool-4-thread-17] [                                                 ] o.s.d.c.r.query.QueryStatementCreator    : Created query [SELECT * FROM customers WHERE name LIKE ? ALLOW FILTERING]
2025-08-09T23:11:43.840-03:00 DEBUG 97564 --- [beauty-salon-backend] [ool-4-thread-17] [                                                 ] o.s.data.cassandra.core.cql.CqlTemplate  : Preparing statement [SELECT * FROM customers WHERE name LIKE ? ALLOW FILTERING] using org.springframework.data.cassandra.core.CassandraTemplate$PreparedStatementHandler@4cf8c9df
2025-08-09T23:11:43.841-03:00 DEBUG 97564 --- [beauty-salon-backend] [pool-4-thread-5] [                                                 ] o.s.d.c.r.query.QueryStatementCreator    : Created query [SELECT * FROM customers WHERE email = ? ALLOW FILTERING]
2025-08-09T23:11:43.841-03:00 DEBUG 97564 --- [beauty-salon-backend] [pool-4-thread-5] [                                                 ] o.s.data.cassandra.core.cql.CqlTemplate  : Preparing statement [SELECT * FROM customers WHERE email = ? ALLOW FILTERING] using org.springframework.data.cassandra.core.CassandraTemplate$PreparedStatementHandler@7c3849bb
2025-08-09T23:11:43.842-03:00 DEBUG 97564 --- [beauty-salon-backend] [pool-4-thread-5] [                                                 ] o.s.data.cassandra.core.cql.CqlTemplate  : Executing prepared statement [SELECT * FROM customers WHERE email = ? ALLOW FILTERING]
📊 PHASE 2 CACHE PERFORMANCE RESULTS:
✅ Success Rate: 50,00% (50/100)
🚀 Throughput: 602,41 req/s
⏱️  Average Response Time: 10,32 ms
⚡ Min Response Time: 0 ms
🔥 Max Response Time: 46 ms
⏰ Total Test Duration: 83 ms

MockHttpServletRequest:
      HTTP Method = POST
      Request URI = /api/customers
       Parameters = {}
          Headers = [Content-Type:"application/json;charset=UTF-8", Content-Length:"234"]
             Body = {"id":"d977f8bd-2a36-45eb-bf28-04d7bb038bdb","name":"Cache Test Customer 0","email":"cache0@test.com","phone":"5550000000","address":"123 Cache St 0","createdAt":"2025-08-10T02:11:43.662434Z","updatedAt":"2025-08-10T02:11:43.662434Z"}
    Session Attrs = {}

Handler:
             Type = com.beautysalon.controller.CustomerController
           Method = com.beautysalon.controller.CustomerController#createCustomer(Customer)

Async:
    Async started = false
     Async result = null

Resolved Exception:
             Type = null

ModelAndView:
        View name = null
             View = null
            Model = null

FlashMap:
       Attributes = null

MockHttpServletResponse:
           Status = 201
    Error message = null
          Headers = [Vary:"Origin", "Access-Control-Request-Method", "Access-Control-Request-Headers", Content-Type:"application/json"]
     Content type = application/json
             Body = {"id":"d977f8bd-2a36-45eb-bf28-04d7bb038bdb","name":"Cache Test Customer 0","email":"cache0@test.com","phone":"5550000000","address":"123 Cache St 0","createdAt":"2025-08-10T02:11:43.663682Z","updatedAt":"2025-08-10T02:11:43.663682Z"}
    Forwarded URL = null
   Redirected URL = null
          Cookies = []

MockHttpServletRequest:
      HTTP Method = POST
      Request URI = /api/customers
       Parameters = {}
          Headers = [Content-Type:"application/json;charset=UTF-8", Content-Length:"234"]
             Body = {"id":"fdc0fb79-32c0-4586-b507-dd526462da6b","name":"Cache Test Customer 1","email":"cache1@test.com","phone":"5550000001","address":"123 Cache St 1","createdAt":"2025-08-10T02:11:43.671108Z","updatedAt":"2025-08-10T02:11:43.671108Z"}
    Session Attrs = {}

Handler:
             Type = com.beautysalon.controller.CustomerController
           Method = com.beautysalon.controller.CustomerController#createCustomer(Customer)

Async:
    Async started = false
     Async result = null

Resolved Exception:
             Type = null

ModelAndView:
        View name = null
             View = null
            Model = null

FlashMap:
       Attributes = null

MockHttpServletResponse:
           Status = 201
    Error message = null
          Headers = [Vary:"Origin", "Access-Control-Request-Method", "Access-Control-Request-Headers", Content-Type:"application/json"]
     Content type = application/json
             Body = {"id":"fdc0fb79-32c0-4586-b507-dd526462da6b","name":"Cache Test Customer 1","email":"cache1@test.com","phone":"5550000001","address":"123 Cache St 1","createdAt":"2025-08-10T02:11:43.672513Z","updatedAt":"2025-08-10T02:11:43.672514Z"}
    Forwarded URL = null
   Redirected URL = null
          Cookies = []

MockHttpServletRequest:
      HTTP Method = POST
      Request URI = /api/customers
       Parameters = {}
          Headers = [Content-Type:"application/json;charset=UTF-8", Content-Length:"234"]
             Body = {"id":"d3fbbb37-e478-4ec3-b47e-0007f21e16fc","name":"Cache Test Customer 2","email":"cache2@test.com","phone":"5550000002","address":"123 Cache St 2","createdAt":"2025-08-10T02:11:43.679873Z","updatedAt":"2025-08-10T02:11:43.679873Z"}
    Session Attrs = {}

Handler:
             Type = com.beautysalon.controller.CustomerController
           Method = com.beautysalon.controller.CustomerController#createCustomer(Customer)

Async:
    Async started = false
     Async result = null

Resolved Exception:
             Type = null

ModelAndView:
        View name = null
             View = null
            Model = null

FlashMap:
       Attributes = null

MockHttpServletResponse:
           Status = 201
    Error message = null
          Headers = [Vary:"Origin", "Access-Control-Request-Method", "Access-Control-Request-Headers", Content-Type:"application/json"]
     Content type = application/json
             Body = {"id":"d3fbbb37-e478-4ec3-b47e-0007f21e16fc","name":"Cache Test Customer 2","email":"cache2@test.com","phone":"5550000002","address":"123 Cache St 2","createdAt":"2025-08-10T02:11:43.680905Z","updatedAt":"2025-08-10T02:11:43.680905Z"}
    Forwarded URL = null
   Redirected URL = null
          Cookies = []

MockHttpServletRequest:
      HTTP Method = POST
      Request URI = /api/customers
       Parameters = {}
          Headers = [Content-Type:"application/json;charset=UTF-8", Content-Length:"234"]
             Body = {"id":"4ea6654f-68af-426f-8de4-c7be5d151b9a","name":"Cache Test Customer 3","email":"cache3@test.com","phone":"5550000003","address":"123 Cache St 3","createdAt":"2025-08-10T02:11:43.686396Z","updatedAt":"2025-08-10T02:11:43.686396Z"}
    Session Attrs = {}

Handler:
             Type = com.beautysalon.controller.CustomerController
           Method = com.beautysalon.controller.CustomerController#createCustomer(Customer)

Async:
    Async started = false
     Async result = null

Resolved Exception:
             Type = null

ModelAndView:
        View name = null
             View = null
            Model = null

FlashMap:
       Attributes = null

MockHttpServletResponse:
           Status = 201
    Error message = null
          Headers = [Vary:"Origin", "Access-Control-Request-Method", "Access-Control-Request-Headers", Content-Type:"application/json"]
     Content type = application/json
             Body = {"id":"4ea6654f-68af-426f-8de4-c7be5d151b9a","name":"Cache Test Customer 3","email":"cache3@test.com","phone":"5550000003","address":"123 Cache St 3","createdAt":"2025-08-10T02:11:43.687190Z","updatedAt":"2025-08-10T02:11:43.687191Z"}
    Forwarded URL = null
   Redirected URL = null
          Cookies = []

MockHttpServletRequest:
      HTTP Method = POST
      Request URI = /api/customers
       Parameters = {}
          Headers = [Content-Type:"application/json;charset=UTF-8", Content-Length:"234"]
             Body = {"id":"6ac01666-d77d-441c-9b22-3361ccd8667b","name":"Cache Test Customer 4","email":"cache4@test.com","phone":"5550000004","address":"123 Cache St 4","createdAt":"2025-08-10T02:11:43.693313Z","updatedAt":"2025-08-10T02:11:43.693316Z"}
    Session Attrs = {}

Handler:
             Type = com.beautysalon.controller.CustomerController
           Method = com.beautysalon.controller.CustomerController#createCustomer(Customer)

Async:
    Async started = false
     Async result = null

Resolved Exception:
             Type = null

ModelAndView:
        View name = null
             View = null
            Model = null

FlashMap:
       Attributes = null

MockHttpServletResponse:
           Status = 201
    Error message = null
          Headers = [Vary:"Origin", "Access-Control-Request-Method", "Access-Control-Request-Headers", Content-Type:"application/json"]
     Content type = application/json
             Body = {"id":"6ac01666-d77d-441c-9b22-3361ccd8667b","name":"Cache Test Customer 4","email":"cache4@test.com","phone":"5550000004","address":"123 Cache St 4","createdAt":"2025-08-10T02:11:43.694726Z","updatedAt":"2025-08-10T02:11:43.694726Z"}
    Forwarded URL = null
   Redirected URL = null
          Cookies = []

MockHttpServletRequest:
      HTTP Method = POST
      Request URI = /api/customers
       Parameters = {}
          Headers = [Content-Type:"application/json;charset=UTF-8", Content-Length:"234"]
             Body = {"id":"f3bd5096-8a7d-44ff-9f17-b4a6c1dc0c39","name":"Cache Test Customer 5","email":"cache5@test.com","phone":"5550000005","address":"123 Cache St 5","createdAt":"2025-08-10T02:11:43.701030Z","updatedAt":"2025-08-10T02:11:43.701030Z"}
    Session Attrs = {}

Handler:
             Type = com.beautysalon.controller.CustomerController
           Method = com.beautysalon.controller.CustomerController#createCustomer(Customer)

Async:
    Async started = false
     Async result = null

Resolved Exception:
             Type = null

ModelAndView:
        View name = null
             View = null
            Model = null

FlashMap:
       Attributes = null

MockHttpServletResponse:
           Status = 201
    Error message = null
          Headers = [Vary:"Origin", "Access-Control-Request-Method", "Access-Control-Request-Headers", Content-Type:"application/json"]
     Content type = application/json
             Body = {"id":"f3bd5096-8a7d-44ff-9f17-b4a6c1dc0c39","name":"Cache Test Customer 5","email":"cache5@test.com","phone":"5550000005","address":"123 Cache St 5","createdAt":"2025-08-10T02:11:43.701902Z","updatedAt":"2025-08-10T02:11:43.701902Z"}
    Forwarded URL = null
   Redirected URL = null
          Cookies = []

MockHttpServletRequest:
      HTTP Method = POST
      Request URI = /api/customers
       Parameters = {}
          Headers = [Content-Type:"application/json;charset=UTF-8", Content-Length:"234"]
             Body = {"id":"84ae3896-45cc-4384-a8de-6fe3d30e0894","name":"Cache Test Customer 6","email":"cache6@test.com","phone":"5550000006","address":"123 Cache St 6","createdAt":"2025-08-10T02:11:43.725369Z","updatedAt":"2025-08-10T02:11:43.725369Z"}
    Session Attrs = {}

Handler:
             Type = com.beautysalon.controller.CustomerController
           Method = com.beautysalon.controller.CustomerController#createCustomer(Customer)

Async:
    Async started = false
     Async result = null

Resolved Exception:
             Type = null

ModelAndView:
        View name = null
             View = null
            Model = null

FlashMap:
       Attributes = null

MockHttpServletResponse:
           Status = 201
    Error message = null
          Headers = [Vary:"Origin", "Access-Control-Request-Method", "Access-Control-Request-Headers", Content-Type:"application/json"]
     Content type = application/json
             Body = {"id":"84ae3896-45cc-4384-a8de-6fe3d30e0894","name":"Cache Test Customer 6","email":"cache6@test.com","phone":"5550000006","address":"123 Cache St 6","createdAt":"2025-08-10T02:11:43.728633Z","updatedAt":"2025-08-10T02:11:43.728633Z"}
    Forwarded URL = null
   Redirected URL = null
          Cookies = []

MockHttpServletRequest:
      HTTP Method = POST
      Request URI = /api/customers
       Parameters = {}
          Headers = [Content-Type:"application/json;charset=UTF-8", Content-Length:"234"]
             Body = {"id":"7f17db88-4b3b-4fb5-b10e-f1720652c01f","name":"Cache Test Customer 7","email":"cache7@test.com","phone":"5550000007","address":"123 Cache St 7","createdAt":"2025-08-10T02:11:43.745846Z","updatedAt":"2025-08-10T02:11:43.745846Z"}
    Session Attrs = {}

Handler:
             Type = com.beautysalon.controller.CustomerController
           Method = com.beautysalon.controller.CustomerController#createCustomer(Customer)

Async:
    Async started = false
     Async result = null

Resolved Exception:
             Type = null

ModelAndView:
        View name = null
             View = null
            Model = null

FlashMap:
       Attributes = null

MockHttpServletResponse:
           Status = 201
    Error message = null
          Headers = [Vary:"Origin", "Access-Control-Request-Method", "Access-Control-Request-Headers", Content-Type:"application/json"]
     Content type = application/json
             Body = {"id":"7f17db88-4b3b-4fb5-b10e-f1720652c01f","name":"Cache Test Customer 7","email":"cache7@test.com","phone":"5550000007","address":"123 Cache St 7","createdAt":"2025-08-10T02:11:43.746683Z","updatedAt":"2025-08-10T02:11:43.746683Z"}
    Forwarded URL = null
   Redirected URL = null
          Cookies = []

MockHttpServletRequest:
      HTTP Method = POST
      Request URI = /api/customers
       Parameters = {}
          Headers = [Content-Type:"application/json;charset=UTF-8", Content-Length:"234"]
             Body = {"id":"f2e8a271-ad6a-4457-b862-783b015835b0","name":"Cache Test Customer 8","email":"cache8@test.com","phone":"5550000008","address":"123 Cache St 8","createdAt":"2025-08-10T02:11:43.751652Z","updatedAt":"2025-08-10T02:11:43.751652Z"}
    Session Attrs = {}

Handler:
             Type = com.beautysalon.controller.CustomerController
           Method = com.beautysalon.controller.CustomerController#createCustomer(Customer)

Async:
    Async started = false
     Async result = null

Resolved Exception:
             Type = null

ModelAndView:
        View name = null
             View = null
            Model = null

FlashMap:
       Attributes = null

MockHttpServletResponse:
           Status = 201
    Error message = null
          Headers = [Vary:"Origin", "Access-Control-Request-Method", "Access-Control-Request-Headers", Content-Type:"application/json"]
     Content type = application/json
             Body = {"id":"f2e8a271-ad6a-4457-b862-783b015835b0","name":"Cache Test Customer 8","email":"cache8@test.com","phone":"5550000008","address":"123 Cache St 8","createdAt":"2025-08-10T02:11:43.752549Z","updatedAt":"2025-08-10T02:11:43.752549Z"}
    Forwarded URL = null
   Redirected URL = null
          Cookies = []

MockHttpServletRequest:
      HTTP Method = POST
      Request URI = /api/customers
       Parameters = {}
          Headers = [Content-Type:"application/json;charset=UTF-8", Content-Length:"234"]
             Body = {"id":"808d39c0-c974-4759-bd8c-cc4cdea46c5e","name":"Cache Test Customer 9","email":"cache9@test.com","phone":"5550000009","address":"123 Cache St 9","createdAt":"2025-08-10T02:11:43.757376Z","updatedAt":"2025-08-10T02:11:43.757377Z"}
    Session Attrs = {}

Handler:
             Type = com.beautysalon.controller.CustomerController
           Method = com.beautysalon.controller.CustomerController#createCustomer(Customer)

Async:
    Async started = false
     Async result = null

Resolved Exception:
             Type = null

ModelAndView:
        View name = null
             View = null
            Model = null

FlashMap:
       Attributes = null

MockHttpServletResponse:
           Status = 201
    Error message = null
          Headers = [Vary:"Origin", "Access-Control-Request-Method", "Access-Control-Request-Headers", Content-Type:"application/json"]
     Content type = application/json
             Body = {"id":"808d39c0-c974-4759-bd8c-cc4cdea46c5e","name":"Cache Test Customer 9","email":"cache9@test.com","phone":"5550000009","address":"123 Cache St 9","createdAt":"2025-08-10T02:11:43.759049Z","updatedAt":"2025-08-10T02:11:43.759050Z"}
    Forwarded URL = null
   Redirected URL = null
          Cookies = []
]]></system-out>
    <system-err><![CDATA[Request failed: Request processing failed: org.springframework.data.cassandra.CassandraInvalidQueryException: Query; CQL [SELECT * FROM customers WHERE name LIKE ? ALLOW FILTERING]; LIKE restriction is only supported on properly indexed columns. name LIKE ? is not valid.
Request failed: Request processing failed: org.springframework.data.cassandra.CassandraInvalidQueryException: Query; CQL [SELECT * FROM customers WHERE name LIKE ? ALLOW FILTERING]; LIKE restriction is only supported on properly indexed columns. name LIKE ? is not valid.
Request failed: Request processing failed: org.springframework.data.cassandra.CassandraInvalidQueryException: Query; CQL [SELECT * FROM customers WHERE name LIKE ? ALLOW FILTERING]; LIKE restriction is only supported on properly indexed columns. name LIKE ? is not valid.
Request failed: Request processing failed: org.springframework.data.cassandra.CassandraInvalidQueryException: Query; CQL [SELECT * FROM customers WHERE name LIKE ? ALLOW FILTERING]; LIKE restriction is only supported on properly indexed columns. name LIKE ? is not valid.
Request failed: Request processing failed: org.springframework.data.cassandra.CassandraInvalidQueryException: Query; CQL [SELECT * FROM customers WHERE name LIKE ? ALLOW FILTERING]; LIKE restriction is only supported on properly indexed columns. name LIKE ? is not valid.
Request failed: Request processing failed: org.springframework.data.cassandra.CassandraInvalidQueryException: Query; CQL [SELECT * FROM customers WHERE name LIKE ? ALLOW FILTERING]; LIKE restriction is only supported on properly indexed columns. name LIKE ? is not valid.
Request failed: Request processing failed: org.springframework.data.cassandra.CassandraInvalidQueryException: Query; CQL [SELECT * FROM customers WHERE name LIKE ? ALLOW FILTERING]; LIKE restriction is only supported on properly indexed columns. name LIKE ? is not valid.
Request failed: Request processing failed: org.springframework.data.cassandra.CassandraInvalidQueryException: Query; CQL [SELECT * FROM customers WHERE name LIKE ? ALLOW FILTERING]; LIKE restriction is only supported on properly indexed columns. name LIKE ? is not valid.
Request failed: Request processing failed: org.springframework.data.cassandra.CassandraInvalidQueryException: Query; CQL [SELECT * FROM customers WHERE name LIKE ? ALLOW FILTERING]; LIKE restriction is only supported on properly indexed columns. name LIKE ? is not valid.
Request failed: Request processing failed: org.springframework.data.cassandra.CassandraInvalidQueryException: Query; CQL [SELECT * FROM customers WHERE name LIKE ? ALLOW FILTERING]; LIKE restriction is only supported on properly indexed columns. name LIKE ? is not valid.
Request failed: Request processing failed: org.springframework.data.cassandra.CassandraInvalidQueryException: Query; CQL [SELECT * FROM customers WHERE name LIKE ? ALLOW FILTERING]; LIKE restriction is only supported on properly indexed columns. name LIKE ? is not valid.
Request failed: Request processing failed: org.springframework.data.cassandra.CassandraInvalidQueryException: Query; CQL [SELECT * FROM customers WHERE name LIKE ? ALLOW FILTERING]; LIKE restriction is only supported on properly indexed columns. name LIKE ? is not valid.
Request failed: Request processing failed: org.springframework.data.cassandra.CassandraInvalidQueryException: Query; CQL [SELECT * FROM customers WHERE name LIKE ? ALLOW FILTERING]; LIKE restriction is only supported on properly indexed columns. name LIKE ? is not valid.
Request failed: Request processing failed: org.springframework.data.cassandra.CassandraInvalidQueryException: Query; CQL [SELECT * FROM customers WHERE name LIKE ? ALLOW FILTERING]; LIKE restriction is only supported on properly indexed columns. name LIKE ? is not valid.
Request failed: Request processing failed: org.springframework.data.cassandra.CassandraInvalidQueryException: Query; CQL [SELECT * FROM customers WHERE name LIKE ? ALLOW FILTERING]; LIKE restriction is only supported on properly indexed columns. name LIKE ? is not valid.
Request failed: Request processing failed: org.springframework.data.cassandra.CassandraInvalidQueryException: Query; CQL [SELECT * FROM customers WHERE name LIKE ? ALLOW FILTERING]; LIKE restriction is only supported on properly indexed columns. name LIKE ? is not valid.
Request failed: Request processing failed: org.springframework.data.cassandra.CassandraInvalidQueryException: Query; CQL [SELECT * FROM customers WHERE name LIKE ? ALLOW FILTERING]; LIKE restriction is only supported on properly indexed columns. name LIKE ? is not valid.
Request failed: Request processing failed: org.springframework.dao.IncorrectResultSizeDataAccessException: Incorrect result size: expected 1, actual 2
Request failed: Request processing failed: org.springframework.dao.IncorrectResultSizeDataAccessException: Incorrect result size: expected 1, actual 2
Request failed: Request processing failed: org.springframework.dao.IncorrectResultSizeDataAccessException: Incorrect result size: expected 1, actual 2
Request failed: Request processing failed: org.springframework.dao.IncorrectResultSizeDataAccessException: Incorrect result size: expected 1, actual 2
Request failed: Request processing failed: org.springframework.dao.IncorrectResultSizeDataAccessException: Incorrect result size: expected 1, actual 2
Request failed: Request processing failed: org.springframework.dao.IncorrectResultSizeDataAccessException: Incorrect result size: expected 1, actual 2
Request failed: Request processing failed: org.springframework.dao.IncorrectResultSizeDataAccessException: Incorrect result size: expected 1, actual 2
Request failed: Request processing failed: org.springframework.dao.IncorrectResultSizeDataAccessException: Incorrect result size: expected 1, actual 2
Request failed: Request processing failed: org.springframework.dao.IncorrectResultSizeDataAccessException: Incorrect result size: expected 1, actual 2
Request failed: Request processing failed: org.springframework.dao.IncorrectResultSizeDataAccessException: Incorrect result size: expected 1, actual 2
Request failed: Request processing failed: org.springframework.dao.IncorrectResultSizeDataAccessException: Incorrect result size: expected 1, actual 2
Request failed: Request processing failed: org.springframework.dao.IncorrectResultSizeDataAccessException: Incorrect result size: expected 1, actual 2
Request failed: Request processing failed: org.springframework.dao.IncorrectResultSizeDataAccessException: Incorrect result size: expected 1, actual 2
Request failed: Request processing failed: org.springframework.dao.IncorrectResultSizeDataAccessException: Incorrect result size: expected 1, actual 2
Request failed: Request processing failed: org.springframework.dao.IncorrectResultSizeDataAccessException: Incorrect result size: expected 1, actual 2
Request failed: Request processing failed: org.springframework.dao.IncorrectResultSizeDataAccessException: Incorrect result size: expected 1, actual 2
Request failed: Request processing failed: org.springframework.dao.IncorrectResultSizeDataAccessException: Incorrect result size: expected 1, actual 2
Request failed: Request processing failed: org.springframework.data.cassandra.CassandraInvalidQueryException: Query; CQL [SELECT * FROM customers WHERE name LIKE ? ALLOW FILTERING]; LIKE restriction is only supported on properly indexed columns. name LIKE ? is not valid.
Request failed: Request processing failed: org.springframework.data.cassandra.CassandraInvalidQueryException: Query; CQL [SELECT * FROM customers WHERE name LIKE ? ALLOW FILTERING]; LIKE restriction is only supported on properly indexed columns. name LIKE ? is not valid.
Request failed: Request processing failed: org.springframework.data.cassandra.CassandraInvalidQueryException: Query; CQL [SELECT * FROM customers WHERE name LIKE ? ALLOW FILTERING]; LIKE restriction is only supported on properly indexed columns. name LIKE ? is not valid.
Request failed: Request processing failed: org.springframework.data.cassandra.CassandraInvalidQueryException: Query; CQL [SELECT * FROM customers WHERE name LIKE ? ALLOW FILTERING]; LIKE restriction is only supported on properly indexed columns. name LIKE ? is not valid.
Request failed: Request processing failed: org.springframework.data.cassandra.CassandraInvalidQueryException: Query; CQL [SELECT * FROM customers WHERE name LIKE ? ALLOW FILTERING]; LIKE restriction is only supported on properly indexed columns. name LIKE ? is not valid.
Request failed: Request processing failed: org.springframework.data.cassandra.CassandraInvalidQueryException: Query; CQL [SELECT * FROM customers WHERE name LIKE ? ALLOW FILTERING]; LIKE restriction is only supported on properly indexed columns. name LIKE ? is not valid.
Request failed: Request processing failed: org.springframework.data.cassandra.CassandraInvalidQueryException: Query; CQL [SELECT * FROM customers WHERE name LIKE ? ALLOW FILTERING]; LIKE restriction is only supported on properly indexed columns. name LIKE ? is not valid.
Request failed: Request processing failed: org.springframework.data.cassandra.CassandraInvalidQueryException: Query; CQL [SELECT * FROM customers WHERE name LIKE ? ALLOW FILTERING]; LIKE restriction is only supported on properly indexed columns. name LIKE ? is not valid.
Request failed: Request processing failed: org.springframework.dao.IncorrectResultSizeDataAccessException: Incorrect result size: expected 1, actual 2
Request failed: Request processing failed: org.springframework.dao.IncorrectResultSizeDataAccessException: Incorrect result size: expected 1, actual 2
Request failed: Request processing failed: org.springframework.dao.IncorrectResultSizeDataAccessException: Incorrect result size: expected 1, actual 2
Request failed: Request processing failed: org.springframework.dao.IncorrectResultSizeDataAccessException: Incorrect result size: expected 1, actual 2
Request failed: Request processing failed: org.springframework.dao.IncorrectResultSizeDataAccessException: Incorrect result size: expected 1, actual 2
Request failed: Request processing failed: org.springframework.dao.IncorrectResultSizeDataAccessException: Incorrect result size: expected 1, actual 2
Request failed: Request processing failed: org.springframework.dao.IncorrectResultSizeDataAccessException: Incorrect result size: expected 1, actual 2
Request failed: Request processing failed: org.springframework.dao.IncorrectResultSizeDataAccessException: Incorrect result size: expected 1, actual 2
]]></system-err>
  </testcase>
</testsuite>