<?xml version="1.0" encoding="UTF-8"?>
<testsuite xmlns:xsi="http://www.w3.org/2001/XMLSchema-instance" xsi:noNamespaceSchemaLocation="https://maven.apache.org/surefire/maven-surefire-plugin/xsd/surefire-test-report.xsd" version="3.0.2" name="com.beautysalon.validation.CustomerValidationTest" time="9.557" tests="1" errors="0" skipped="0" failures="0">
  <properties>
    <property name="java.specification.version" value="24"/>
    <property name="sun.jnu.encoding" value="UTF-8"/>
    <property name="java.class.path" value="/Volumes/Dock/ai/ide/windsurf/beauty-salon-app/backend/target/test-classes:/Volumes/Dock/ai/ide/windsurf/beauty-salon-app/backend/target/classes:/Users/leandro.yamaniha/.m2/repository/org/springframework/boot/spring-boot-starter-web/4.0.0-M1/spring-boot-starter-web-4.0.0-M1.jar:/Users/leandro.yamaniha/.m2/repository/org/springframework/boot/spring-boot-starter-webmvc/4.0.0-M1/spring-boot-starter-webmvc-4.0.0-M1.jar:/Users/leandro.yamaniha/.m2/repository/org/springframework/boot/spring-boot-starter-json/4.0.0-M1/spring-boot-starter-json-4.0.0-M1.jar:/Users/leandro.yamaniha/.m2/repository/org/springframework/boot/spring-boot-starter-jackson/4.0.0-M1/spring-boot-starter-jackson-4.0.0-M1.jar:/Users/leandro.yamaniha/.m2/repository/org/springframework/boot/spring-boot-jackson/4.0.0-M1/spring-boot-jackson-4.0.0-M1.jar:/Users/leandro.yamaniha/.m2/repository/com/fasterxml/jackson/datatype/jackson-datatype-jdk8/2.19.2/jackson-datatype-jdk8-2.19.2.jar:/Users/leandro.yamaniha/.m2/repository/com/fasterxml/jackson/module/jackson-module-parameter-names/2.19.2/jackson-module-parameter-names-2.19.2.jar:/Users/leandro.yamaniha/.m2/repository/org/springframework/boot/spring-boot-starter-tomcat/4.0.0-M1/spring-boot-starter-tomcat-4.0.0-M1.jar:/Users/leandro.yamaniha/.m2/repository/org/springframework/boot/spring-boot-tomcat/4.0.0-M1/spring-boot-tomcat-4.0.0-M1.jar:/Users/leandro.yamaniha/.m2/repository/org/springframework/boot/spring-boot-web-server/4.0.0-M1/spring-boot-web-server-4.0.0-M1.jar:/Users/leandro.yamaniha/.m2/repository/org/apache/tomcat/embed/tomcat-embed-core/11.0.9/tomcat-embed-core-11.0.9.jar:/Users/leandro.yamaniha/.m2/repository/org/apache/tomcat/embed/tomcat-embed-websocket/11.0.9/tomcat-embed-websocket-11.0.9.jar:/Users/leandro.yamaniha/.m2/repository/org/springframework/boot/spring-boot-http-converter/4.0.0-M1/spring-boot-http-converter-4.0.0-M1.jar:/Users/leandro.yamaniha/.m2/repository/org/springframework/spring-web/7.0.0-M7/spring-web-7.0.0-M7.jar:/Users/leandro.yamaniha/.m2/repository/org/springframework/boot/spring-boot-webmvc/4.0.0-M1/spring-boot-webmvc-4.0.0-M1.jar:/Users/leandro.yamaniha/.m2/repository/org/springframework/boot/spring-boot-servlet/4.0.0-M1/spring-boot-servlet-4.0.0-M1.jar:/Users/leandro.yamaniha/.m2/repository/org/springframework/boot/spring-boot-starter-data-cassandra/4.0.0-M1/spring-boot-starter-data-cassandra-4.0.0-M1.jar:/Users/leandro.yamaniha/.m2/repository/org/springframework/boot/spring-boot-starter-cassandra/4.0.0-M1/spring-boot-starter-cassandra-4.0.0-M1.jar:/Users/leandro.yamaniha/.m2/repository/org/springframework/boot/spring-boot-cassandra/4.0.0-M1/spring-boot-cassandra-4.0.0-M1.jar:/Users/leandro.yamaniha/.m2/repository/org/apache/cassandra/java-driver-core/4.19.0/java-driver-core-4.19.0.jar:/Users/leandro.yamaniha/.m2/repository/com/datastax/oss/native-protocol/1.5.1/native-protocol-1.5.1.jar:/Users/leandro.yamaniha/.m2/repository/org/apache/cassandra/java-driver-guava-shaded/4.19.0/java-driver-guava-shaded-4.19.0.jar:/Users/leandro.yamaniha/.m2/repository/com/typesafe/config/1.4.1/config-1.4.1.jar:/Users/leandro.yamaniha/.m2/repository/org/reactivestreams/reactive-streams/1.0.4/reactive-streams-1.0.4.jar:/Users/leandro.yamaniha/.m2/repository/org/springframework/boot/spring-boot-data-cassandra/4.0.0-M1/spring-boot-data-cassandra-4.0.0-M1.jar:/Users/leandro.yamaniha/.m2/repository/org/springframework/boot/spring-boot-data-commons/4.0.0-M1/spring-boot-data-commons-4.0.0-M1.jar:/Users/leandro.yamaniha/.m2/repository/org/springframework/data/spring-data-commons/4.0.0-M4/spring-data-commons-4.0.0-M4.jar:/Users/leandro.yamaniha/.m2/repository/org/springframework/data/spring-data-cassandra/5.0.0-M4/spring-data-cassandra-5.0.0-M4.jar:/Users/leandro.yamaniha/.m2/repository/org/springframework/spring-beans/7.0.0-M7/spring-beans-7.0.0-M7.jar:/Users/leandro.yamaniha/.m2/repository/org/springframework/spring-expression/7.0.0-M7/spring-expression-7.0.0-M7.jar:/Users/leandro.yamaniha/.m2/repository/org/springframework/spring-tx/7.0.0-M7/spring-tx-7.0.0-M7.jar:/Users/leandro.yamaniha/.m2/repository/org/apache/cassandra/java-driver-query-builder/4.19.0/java-driver-query-builder-4.19.0.jar:/Users/leandro.yamaniha/.m2/repository/org/springframework/boot/spring-boot-starter-validation/4.0.0-M1/spring-boot-starter-validation-4.0.0-M1.jar:/Users/leandro.yamaniha/.m2/repository/org/springframework/boot/spring-boot-starter/4.0.0-M1/spring-boot-starter-4.0.0-M1.jar:/Users/leandro.yamaniha/.m2/repository/org/springframework/boot/spring-boot-starter-logging/4.0.0-M1/spring-boot-starter-logging-4.0.0-M1.jar:/Users/leandro.yamaniha/.m2/repository/org/springframework/boot/spring-boot-starter-logback/4.0.0-M1/spring-boot-starter-logback-4.0.0-M1.jar:/Users/leandro.yamaniha/.m2/repository/ch/qos/logback/logback-classic/1.5.18/logback-classic-1.5.18.jar:/Users/leandro.yamaniha/.m2/repository/ch/qos/logback/logback-core/1.5.18/logback-core-1.5.18.jar:/Users/leandro.yamaniha/.m2/repository/org/apache/logging/log4j/log4j-to-slf4j/2.24.3/log4j-to-slf4j-2.24.3.jar:/Users/leandro.yamaniha/.m2/repository/org/apache/logging/log4j/log4j-api/2.24.3/log4j-api-2.24.3.jar:/Users/leandro.yamaniha/.m2/repository/org/slf4j/jul-to-slf4j/2.0.17/jul-to-slf4j-2.0.17.jar:/Users/leandro.yamaniha/.m2/repository/jakarta/annotation/jakarta.annotation-api/3.0.0/jakarta.annotation-api-3.0.0.jar:/Users/leandro.yamaniha/.m2/repository/org/yaml/snakeyaml/2.4/snakeyaml-2.4.jar:/Users/leandro.yamaniha/.m2/repository/org/springframework/boot/spring-boot-validation/4.0.0-M1/spring-boot-validation-4.0.0-M1.jar:/Users/leandro.yamaniha/.m2/repository/org/apache/tomcat/embed/tomcat-embed-el/11.0.9/tomcat-embed-el-11.0.9.jar:/Users/leandro.yamaniha/.m2/repository/org/hibernate/validator/hibernate-validator/9.0.1.Final/hibernate-validator-9.0.1.Final.jar:/Users/leandro.yamaniha/.m2/repository/jakarta/validation/jakarta.validation-api/3.1.1/jakarta.validation-api-3.1.1.jar:/Users/leandro.yamaniha/.m2/repository/org/jboss/logging/jboss-logging/3.6.1.Final/jboss-logging-3.6.1.Final.jar:/Users/leandro.yamaniha/.m2/repository/com/fasterxml/classmate/1.7.0/classmate-1.7.0.jar:/Users/leandro.yamaniha/.m2/repository/org/springframework/boot/spring-boot-starter-actuator/4.0.0-M1/spring-boot-starter-actuator-4.0.0-M1.jar:/Users/leandro.yamaniha/.m2/repository/org/springframework/boot/spring-boot-actuator-autoconfigure/4.0.0-M1/spring-boot-actuator-autoconfigure-4.0.0-M1.jar:/Users/leandro.yamaniha/.m2/repository/org/springframework/boot/spring-boot-actuator/4.0.0-M1/spring-boot-actuator-4.0.0-M1.jar:/Users/leandro.yamaniha/.m2/repository/com/fasterxml/jackson/datatype/jackson-datatype-jsr310/2.19.2/jackson-datatype-jsr310-2.19.2.jar:/Users/leandro.yamaniha/.m2/repository/org/springframework/boot/spring-boot-health/4.0.0-M1/spring-boot-health-4.0.0-M1.jar:/Users/leandro.yamaniha/.m2/repository/org/springframework/boot/spring-boot-metrics/4.0.0-M1/spring-boot-metrics-4.0.0-M1.jar:/Users/leandro.yamaniha/.m2/repository/org/springframework/boot/spring-boot-observation/4.0.0-M1/spring-boot-observation-4.0.0-M1.jar:/Users/leandro.yamaniha/.m2/repository/io/micrometer/micrometer-core/1.16.0-M1/micrometer-core-1.16.0-M1.jar:/Users/leandro.yamaniha/.m2/repository/org/hdrhistogram/HdrHistogram/2.2.2/HdrHistogram-2.2.2.jar:/Users/leandro.yamaniha/.m2/repository/org/latencyutils/LatencyUtils/2.0.3/LatencyUtils-2.0.3.jar:/Users/leandro.yamaniha/.m2/repository/org/springframework/boot/spring-boot-tracing/4.0.0-M1/spring-boot-tracing-4.0.0-M1.jar:/Users/leandro.yamaniha/.m2/repository/io/micrometer/micrometer-tracing/1.6.0-M1/micrometer-tracing-1.6.0-M1.jar:/Users/leandro.yamaniha/.m2/repository/io/micrometer/context-propagation/1.1.3/context-propagation-1.1.3.jar:/Users/leandro.yamaniha/.m2/repository/io/micrometer/micrometer-observation/1.16.0-M1/micrometer-observation-1.16.0-M1.jar:/Users/leandro.yamaniha/.m2/repository/org/jspecify/jspecify/1.0.0/jspecify-1.0.0.jar:/Users/leandro.yamaniha/.m2/repository/io/micrometer/micrometer-commons/1.16.0-M1/micrometer-commons-1.16.0-M1.jar:/Users/leandro.yamaniha/.m2/repository/io/micrometer/micrometer-jakarta9/1.16.0-M1/micrometer-jakarta9-1.16.0-M1.jar:/Users/leandro.yamaniha/.m2/repository/org/springframework/boot/spring-boot-devtools/4.0.0-M1/spring-boot-devtools-4.0.0-M1.jar:/Users/leandro.yamaniha/.m2/repository/org/springframework/boot/spring-boot/4.0.0-M1/spring-boot-4.0.0-M1.jar:/Users/leandro.yamaniha/.m2/repository/org/springframework/spring-context/7.0.0-M7/spring-context-7.0.0-M7.jar:/Users/leandro.yamaniha/.m2/repository/org/springframework/spring-aop/7.0.0-M7/spring-aop-7.0.0-M7.jar:/Users/leandro.yamaniha/.m2/repository/org/springframework/boot/spring-boot-autoconfigure/4.0.0-M1/spring-boot-autoconfigure-4.0.0-M1.jar:/Users/leandro.yamaniha/.m2/repository/org/springframework/boot/spring-boot-starter-test/4.0.0-M1/spring-boot-starter-test-4.0.0-M1.jar:/Users/leandro.yamaniha/.m2/repository/org/springframework/boot/spring-boot-restclient-test/4.0.0-M1/spring-boot-restclient-test-4.0.0-M1.jar:/Users/leandro.yamaniha/.m2/repository/org/springframework/boot/spring-boot-test-autoconfigure/4.0.0-M1/spring-boot-test-autoconfigure-4.0.0-M1.jar:/Users/leandro.yamaniha/.m2/repository/org/springframework/boot/spring-boot-web-server-test/4.0.0-M1/spring-boot-web-server-test-4.0.0-M1.jar:/Users/leandro.yamaniha/.m2/repository/com/jayway/jsonpath/json-path/2.9.0/json-path-2.9.0.jar:/Users/leandro.yamaniha/.m2/repository/jakarta/xml/bind/jakarta.xml.bind-api/4.0.2/jakarta.xml.bind-api-4.0.2.jar:/Users/leandro.yamaniha/.m2/repository/jakarta/activation/jakarta.activation-api/2.1.3/jakarta.activation-api-2.1.3.jar:/Users/leandro.yamaniha/.m2/repository/net/minidev/json-smart/2.5.2/json-smart-2.5.2.jar:/Users/leandro.yamaniha/.m2/repository/net/minidev/accessors-smart/2.5.2/accessors-smart-2.5.2.jar:/Users/leandro.yamaniha/.m2/repository/org/ow2/asm/asm/9.7.1/asm-9.7.1.jar:/Users/leandro.yamaniha/.m2/repository/org/assertj/assertj-core/3.27.3/assertj-core-3.27.3.jar:/Users/leandro.yamaniha/.m2/repository/net/bytebuddy/byte-buddy/1.17.6/byte-buddy-1.17.6.jar:/Users/leandro.yamaniha/.m2/repository/org/awaitility/awaitility/4.3.0/awaitility-4.3.0.jar:/Users/leandro.yamaniha/.m2/repository/org/hamcrest/hamcrest/3.0/hamcrest-3.0.jar:/Users/leandro.yamaniha/.m2/repository/org/junit/jupiter/junit-jupiter/5.13.4/junit-jupiter-5.13.4.jar:/Users/leandro.yamaniha/.m2/repository/org/junit/jupiter/junit-jupiter-api/5.13.4/junit-jupiter-api-5.13.4.jar:/Users/leandro.yamaniha/.m2/repository/org/junit/jupiter/junit-jupiter-params/5.13.4/junit-jupiter-params-5.13.4.jar:/Users/leandro.yamaniha/.m2/repository/org/junit/jupiter/junit-jupiter-engine/5.13.4/junit-jupiter-engine-5.13.4.jar:/Users/leandro.yamaniha/.m2/repository/org/mockito/mockito-core/5.18.0/mockito-core-5.18.0.jar:/Users/leandro.yamaniha/.m2/repository/net/bytebuddy/byte-buddy-agent/1.17.6/byte-buddy-agent-1.17.6.jar:/Users/leandro.yamaniha/.m2/repository/org/objenesis/objenesis/3.3/objenesis-3.3.jar:/Users/leandro.yamaniha/.m2/repository/org/mockito/mockito-junit-jupiter/5.18.0/mockito-junit-jupiter-5.18.0.jar:/Users/leandro.yamaniha/.m2/repository/org/skyscreamer/jsonassert/1.5.3/jsonassert-1.5.3.jar:/Users/leandro.yamaniha/.m2/repository/com/vaadin/external/google/android-json/0.0.20131108.vaadin1/android-json-0.0.20131108.vaadin1.jar:/Users/leandro.yamaniha/.m2/repository/org/springframework/spring-core/7.0.0-M7/spring-core-7.0.0-M7.jar:/Users/leandro.yamaniha/.m2/repository/commons-logging/commons-logging/1.3.5/commons-logging-1.3.5.jar:/Users/leandro.yamaniha/.m2/repository/org/springframework/spring-test/7.0.0-M7/spring-test-7.0.0-M7.jar:/Users/leandro.yamaniha/.m2/repository/org/xmlunit/xmlunit-core/2.10.3/xmlunit-core-2.10.3.jar:/Users/leandro.yamaniha/.m2/repository/org/springframework/boot/spring-boot-test/4.0.0-M1/spring-boot-test-4.0.0-M1.jar:/Users/leandro.yamaniha/.m2/repository/com/fasterxml/jackson/core/jackson-databind/2.19.2/jackson-databind-2.19.2.jar:/Users/leandro.yamaniha/.m2/repository/com/fasterxml/jackson/core/jackson-annotations/2.19.2/jackson-annotations-2.19.2.jar:/Users/leandro.yamaniha/.m2/repository/com/fasterxml/jackson/core/jackson-core/2.19.2/jackson-core-2.19.2.jar:/Users/leandro.yamaniha/.m2/repository/org/springdoc/springdoc-openapi-starter-webmvc-ui/2.2.0/springdoc-openapi-starter-webmvc-ui-2.2.0.jar:/Users/leandro.yamaniha/.m2/repository/org/springdoc/springdoc-openapi-starter-webmvc-api/2.2.0/springdoc-openapi-starter-webmvc-api-2.2.0.jar:/Users/leandro.yamaniha/.m2/repository/org/springdoc/springdoc-openapi-starter-common/2.2.0/springdoc-openapi-starter-common-2.2.0.jar:/Users/leandro.yamaniha/.m2/repository/io/swagger/core/v3/swagger-core-jakarta/2.2.15/swagger-core-jakarta-2.2.15.jar:/Users/leandro.yamaniha/.m2/repository/org/apache/commons/commons-lang3/3.18.0/commons-lang3-3.18.0.jar:/Users/leandro.yamaniha/.m2/repository/io/swagger/core/v3/swagger-annotations-jakarta/2.2.15/swagger-annotations-jakarta-2.2.15.jar:/Users/leandro.yamaniha/.m2/repository/io/swagger/core/v3/swagger-models-jakarta/2.2.15/swagger-models-jakarta-2.2.15.jar:/Users/leandro.yamaniha/.m2/repository/com/fasterxml/jackson/dataformat/jackson-dataformat-yaml/2.19.2/jackson-dataformat-yaml-2.19.2.jar:/Users/leandro.yamaniha/.m2/repository/org/springframework/spring-webmvc/7.0.0-M7/spring-webmvc-7.0.0-M7.jar:/Users/leandro.yamaniha/.m2/repository/org/webjars/swagger-ui/5.2.0/swagger-ui-5.2.0.jar:/Users/leandro.yamaniha/.m2/repository/io/cucumber/cucumber-java/7.18.0/cucumber-java-7.18.0.jar:/Users/leandro.yamaniha/.m2/repository/io/cucumber/cucumber-core/7.18.0/cucumber-core-7.18.0.jar:/Users/leandro.yamaniha/.m2/repository/io/cucumber/cucumber-gherkin/7.18.0/cucumber-gherkin-7.18.0.jar:/Users/leandro.yamaniha/.m2/repository/io/cucumber/cucumber-gherkin-messages/7.18.0/cucumber-gherkin-messages-7.18.0.jar:/Users/leandro.yamaniha/.m2/repository/io/cucumber/gherkin/28.0.0/gherkin-28.0.0.jar:/Users/leandro.yamaniha/.m2/repository/io/cucumber/messages/24.1.0/messages-24.1.0.jar:/Users/leandro.yamaniha/.m2/repository/io/cucumber/testng-xml-formatter/0.1.0/testng-xml-formatter-0.1.0.jar:/Users/leandro.yamaniha/.m2/repository/io/cucumber/query/12.2.0/query-12.2.0.jar:/Users/leandro.yamaniha/.m2/repository/io/cucumber/tag-expressions/6.1.0/tag-expressions-6.1.0.jar:/Users/leandro.yamaniha/.m2/repository/io/cucumber/cucumber-expressions/17.1.0/cucumber-expressions-17.1.0.jar:/Users/leandro.yamaniha/.m2/repository/io/cucumber/datatable/7.18.0/datatable-7.18.0.jar:/Users/leandro.yamaniha/.m2/repository/io/cucumber/cucumber-plugin/7.18.0/cucumber-plugin-7.18.0.jar:/Users/leandro.yamaniha/.m2/repository/io/cucumber/docstring/7.18.0/docstring-7.18.0.jar:/Users/leandro.yamaniha/.m2/repository/io/cucumber/html-formatter/21.3.1/html-formatter-21.3.1.jar:/Users/leandro.yamaniha/.m2/repository/io/cucumber/junit-xml-formatter/0.4.0/junit-xml-formatter-0.4.0.jar:/Users/leandro.yamaniha/.m2/repository/io/cucumber/ci-environment/10.0.1/ci-environment-10.0.1.jar:/Users/leandro.yamaniha/.m2/repository/org/apiguardian/apiguardian-api/1.1.2/apiguardian-api-1.1.2.jar:/Users/leandro.yamaniha/.m2/repository/io/cucumber/cucumber-spring/7.18.0/cucumber-spring-7.18.0.jar:/Users/leandro.yamaniha/.m2/repository/io/cucumber/cucumber-junit-platform-engine/7.18.0/cucumber-junit-platform-engine-7.18.0.jar:/Users/leandro.yamaniha/.m2/repository/org/junit/platform/junit-platform-engine/1.13.4/junit-platform-engine-1.13.4.jar:/Users/leandro.yamaniha/.m2/repository/org/opentest4j/opentest4j/1.3.0/opentest4j-1.3.0.jar:/Users/leandro.yamaniha/.m2/repository/org/junit/platform/junit-platform-commons/1.13.4/junit-platform-commons-1.13.4.jar:/Users/leandro.yamaniha/.m2/repository/org/testcontainers/testcontainers/1.19.8/testcontainers-1.19.8.jar:/Users/leandro.yamaniha/.m2/repository/junit/junit/4.13.2/junit-4.13.2.jar:/Users/leandro.yamaniha/.m2/repository/org/hamcrest/hamcrest-core/3.0/hamcrest-core-3.0.jar:/Users/leandro.yamaniha/.m2/repository/org/slf4j/slf4j-api/2.0.17/slf4j-api-2.0.17.jar:/Users/leandro.yamaniha/.m2/repository/org/apache/commons/commons-compress/1.24.0/commons-compress-1.24.0.jar:/Users/leandro.yamaniha/.m2/repository/org/rnorth/duct-tape/duct-tape/1.0.8/duct-tape-1.0.8.jar:/Users/leandro.yamaniha/.m2/repository/org/jetbrains/annotations/17.0.0/annotations-17.0.0.jar:/Users/leandro.yamaniha/.m2/repository/com/github/docker-java/docker-java-api/3.3.6/docker-java-api-3.3.6.jar:/Users/leandro.yamaniha/.m2/repository/com/github/docker-java/docker-java-transport-zerodep/3.3.6/docker-java-transport-zerodep-3.3.6.jar:/Users/leandro.yamaniha/.m2/repository/com/github/docker-java/docker-java-transport/3.3.6/docker-java-transport-3.3.6.jar:/Users/leandro.yamaniha/.m2/repository/net/java/dev/jna/jna/5.13.0/jna-5.13.0.jar:/Users/leandro.yamaniha/.m2/repository/org/testcontainers/junit-jupiter/1.19.8/junit-jupiter-1.19.8.jar:/Users/leandro.yamaniha/.m2/repository/org/testcontainers/cassandra/1.19.8/cassandra-1.19.8.jar:/Users/leandro.yamaniha/.m2/repository/org/testcontainers/database-commons/1.21.3/database-commons-1.21.3.jar:/Users/leandro.yamaniha/.m2/repository/com/datastax/cassandra/cassandra-driver-core/3.10.0/cassandra-driver-core-3.10.0.jar:/Users/leandro.yamaniha/.m2/repository/io/netty/netty-handler/4.2.3.Final/netty-handler-4.2.3.Final.jar:/Users/leandro.yamaniha/.m2/repository/io/netty/netty-common/4.2.3.Final/netty-common-4.2.3.Final.jar:/Users/leandro.yamaniha/.m2/repository/io/netty/netty-resolver/4.2.3.Final/netty-resolver-4.2.3.Final.jar:/Users/leandro.yamaniha/.m2/repository/io/netty/netty-buffer/4.2.3.Final/netty-buffer-4.2.3.Final.jar:/Users/leandro.yamaniha/.m2/repository/io/netty/netty-transport/4.2.3.Final/netty-transport-4.2.3.Final.jar:/Users/leandro.yamaniha/.m2/repository/io/netty/netty-transport-native-unix-common/4.2.3.Final/netty-transport-native-unix-common-4.2.3.Final.jar:/Users/leandro.yamaniha/.m2/repository/io/netty/netty-codec-base/4.2.3.Final/netty-codec-base-4.2.3.Final.jar:/Users/leandro.yamaniha/.m2/repository/com/google/guava/guava/19.0/guava-19.0.jar:/Users/leandro.yamaniha/.m2/repository/io/dropwizard/metrics/metrics-core/3.2.2/metrics-core-3.2.2.jar:/Users/leandro.yamaniha/.m2/repository/com/github/jnr/jnr-ffi/2.1.7/jnr-ffi-2.1.7.jar:/Users/leandro.yamaniha/.m2/repository/com/github/jnr/jffi/1.2.16/jffi-1.2.16.jar:/Users/leandro.yamaniha/.m2/repository/com/github/jnr/jffi/1.2.16/jffi-1.2.16-native.jar:/Users/leandro.yamaniha/.m2/repository/org/ow2/asm/asm-commons/5.0.3/asm-commons-5.0.3.jar:/Users/leandro.yamaniha/.m2/repository/org/ow2/asm/asm-analysis/5.0.3/asm-analysis-5.0.3.jar:/Users/leandro.yamaniha/.m2/repository/org/ow2/asm/asm-tree/5.0.3/asm-tree-5.0.3.jar:/Users/leandro.yamaniha/.m2/repository/org/ow2/asm/asm-util/5.0.3/asm-util-5.0.3.jar:/Users/leandro.yamaniha/.m2/repository/com/github/jnr/jnr-x86asm/1.0.2/jnr-x86asm-1.0.2.jar:/Users/leandro.yamaniha/.m2/repository/com/github/jnr/jnr-posix/3.0.44/jnr-posix-3.0.44.jar:/Users/leandro.yamaniha/.m2/repository/com/github/jnr/jnr-constants/0.9.9/jnr-constants-0.9.9.jar:/Users/leandro.yamaniha/.m2/repository/org/junit/platform/junit-platform-suite/1.13.4/junit-platform-suite-1.13.4.jar:/Users/leandro.yamaniha/.m2/repository/org/junit/platform/junit-platform-suite-api/1.13.4/junit-platform-suite-api-1.13.4.jar:/Users/leandro.yamaniha/.m2/repository/org/junit/platform/junit-platform-suite-engine/1.13.4/junit-platform-suite-engine-1.13.4.jar:/Users/leandro.yamaniha/.m2/repository/org/junit/platform/junit-platform-suite-commons/1.13.4/junit-platform-suite-commons-1.13.4.jar:/Users/leandro.yamaniha/.m2/repository/org/junit/platform/junit-platform-launcher/1.13.4/junit-platform-launcher-1.13.4.jar:"/>
    <property name="java.vm.vendor" value="Oracle Corporation"/>
    <property name="sun.arch.data.model" value="64"/>
    <property name="catalina.useNaming" value="false"/>
    <property name="java.vendor.url" value="https://java.oracle.com/"/>
    <property name="user.timezone" value="America/Sao_Paulo"/>
    <property name="org.jboss.logging.provider" value="slf4j"/>
    <property name="os.name" value="Mac OS X"/>
    <property name="java.vm.specification.version" value="24"/>
    <property name="APPLICATION_NAME" value="beauty-salon-backend"/>
    <property name="sun.java.launcher" value="SUN_STANDARD"/>
    <property name="user.country" value="BR"/>
    <property name="sun.boot.library.path" value="/Users/leandro.yamaniha/.sdkman/candidates/java/24.0.1-open/lib"/>
    <property name="sun.java.command" value="/Volumes/Dock/ai/ide/windsurf/beauty-salon-app/backend/target/surefire/surefirebooter-20250809230658564_3.jar /Volumes/Dock/ai/ide/windsurf/beauty-salon-app/backend/target/surefire 2025-08-09T23-06-58_533-jvmRun1 surefire-20250809230658564_1tmp surefire_0-20250809230658564_2tmp"/>
    <property name="http.nonProxyHosts" value="local|*.local|169.254/16|*.169.254/16"/>
    <property name="jdk.debug" value="release"/>
    <property name="test" value="CustomerValidationTest#testValidCustomerCreation"/>
    <property name="surefire.test.class.path" value="/Volumes/Dock/ai/ide/windsurf/beauty-salon-app/backend/target/test-classes:/Volumes/Dock/ai/ide/windsurf/beauty-salon-app/backend/target/classes:/Users/leandro.yamaniha/.m2/repository/org/springframework/boot/spring-boot-starter-web/4.0.0-M1/spring-boot-starter-web-4.0.0-M1.jar:/Users/leandro.yamaniha/.m2/repository/org/springframework/boot/spring-boot-starter-webmvc/4.0.0-M1/spring-boot-starter-webmvc-4.0.0-M1.jar:/Users/leandro.yamaniha/.m2/repository/org/springframework/boot/spring-boot-starter-json/4.0.0-M1/spring-boot-starter-json-4.0.0-M1.jar:/Users/leandro.yamaniha/.m2/repository/org/springframework/boot/spring-boot-starter-jackson/4.0.0-M1/spring-boot-starter-jackson-4.0.0-M1.jar:/Users/leandro.yamaniha/.m2/repository/org/springframework/boot/spring-boot-jackson/4.0.0-M1/spring-boot-jackson-4.0.0-M1.jar:/Users/leandro.yamaniha/.m2/repository/com/fasterxml/jackson/datatype/jackson-datatype-jdk8/2.19.2/jackson-datatype-jdk8-2.19.2.jar:/Users/leandro.yamaniha/.m2/repository/com/fasterxml/jackson/module/jackson-module-parameter-names/2.19.2/jackson-module-parameter-names-2.19.2.jar:/Users/leandro.yamaniha/.m2/repository/org/springframework/boot/spring-boot-starter-tomcat/4.0.0-M1/spring-boot-starter-tomcat-4.0.0-M1.jar:/Users/leandro.yamaniha/.m2/repository/org/springframework/boot/spring-boot-tomcat/4.0.0-M1/spring-boot-tomcat-4.0.0-M1.jar:/Users/leandro.yamaniha/.m2/repository/org/springframework/boot/spring-boot-web-server/4.0.0-M1/spring-boot-web-server-4.0.0-M1.jar:/Users/leandro.yamaniha/.m2/repository/org/apache/tomcat/embed/tomcat-embed-core/11.0.9/tomcat-embed-core-11.0.9.jar:/Users/leandro.yamaniha/.m2/repository/org/apache/tomcat/embed/tomcat-embed-websocket/11.0.9/tomcat-embed-websocket-11.0.9.jar:/Users/leandro.yamaniha/.m2/repository/org/springframework/boot/spring-boot-http-converter/4.0.0-M1/spring-boot-http-converter-4.0.0-M1.jar:/Users/leandro.yamaniha/.m2/repository/org/springframework/spring-web/7.0.0-M7/spring-web-7.0.0-M7.jar:/Users/leandro.yamaniha/.m2/repository/org/springframework/boot/spring-boot-webmvc/4.0.0-M1/spring-boot-webmvc-4.0.0-M1.jar:/Users/leandro.yamaniha/.m2/repository/org/springframework/boot/spring-boot-servlet/4.0.0-M1/spring-boot-servlet-4.0.0-M1.jar:/Users/leandro.yamaniha/.m2/repository/org/springframework/boot/spring-boot-starter-data-cassandra/4.0.0-M1/spring-boot-starter-data-cassandra-4.0.0-M1.jar:/Users/leandro.yamaniha/.m2/repository/org/springframework/boot/spring-boot-starter-cassandra/4.0.0-M1/spring-boot-starter-cassandra-4.0.0-M1.jar:/Users/leandro.yamaniha/.m2/repository/org/springframework/boot/spring-boot-cassandra/4.0.0-M1/spring-boot-cassandra-4.0.0-M1.jar:/Users/leandro.yamaniha/.m2/repository/org/apache/cassandra/java-driver-core/4.19.0/java-driver-core-4.19.0.jar:/Users/leandro.yamaniha/.m2/repository/com/datastax/oss/native-protocol/1.5.1/native-protocol-1.5.1.jar:/Users/leandro.yamaniha/.m2/repository/org/apache/cassandra/java-driver-guava-shaded/4.19.0/java-driver-guava-shaded-4.19.0.jar:/Users/leandro.yamaniha/.m2/repository/com/typesafe/config/1.4.1/config-1.4.1.jar:/Users/leandro.yamaniha/.m2/repository/org/reactivestreams/reactive-streams/1.0.4/reactive-streams-1.0.4.jar:/Users/leandro.yamaniha/.m2/repository/org/springframework/boot/spring-boot-data-cassandra/4.0.0-M1/spring-boot-data-cassandra-4.0.0-M1.jar:/Users/leandro.yamaniha/.m2/repository/org/springframework/boot/spring-boot-data-commons/4.0.0-M1/spring-boot-data-commons-4.0.0-M1.jar:/Users/leandro.yamaniha/.m2/repository/org/springframework/data/spring-data-commons/4.0.0-M4/spring-data-commons-4.0.0-M4.jar:/Users/leandro.yamaniha/.m2/repository/org/springframework/data/spring-data-cassandra/5.0.0-M4/spring-data-cassandra-5.0.0-M4.jar:/Users/leandro.yamaniha/.m2/repository/org/springframework/spring-beans/7.0.0-M7/spring-beans-7.0.0-M7.jar:/Users/leandro.yamaniha/.m2/repository/org/springframework/spring-expression/7.0.0-M7/spring-expression-7.0.0-M7.jar:/Users/leandro.yamaniha/.m2/repository/org/springframework/spring-tx/7.0.0-M7/spring-tx-7.0.0-M7.jar:/Users/leandro.yamaniha/.m2/repository/org/apache/cassandra/java-driver-query-builder/4.19.0/java-driver-query-builder-4.19.0.jar:/Users/leandro.yamaniha/.m2/repository/org/springframework/boot/spring-boot-starter-validation/4.0.0-M1/spring-boot-starter-validation-4.0.0-M1.jar:/Users/leandro.yamaniha/.m2/repository/org/springframework/boot/spring-boot-starter/4.0.0-M1/spring-boot-starter-4.0.0-M1.jar:/Users/leandro.yamaniha/.m2/repository/org/springframework/boot/spring-boot-starter-logging/4.0.0-M1/spring-boot-starter-logging-4.0.0-M1.jar:/Users/leandro.yamaniha/.m2/repository/org/springframework/boot/spring-boot-starter-logback/4.0.0-M1/spring-boot-starter-logback-4.0.0-M1.jar:/Users/leandro.yamaniha/.m2/repository/ch/qos/logback/logback-classic/1.5.18/logback-classic-1.5.18.jar:/Users/leandro.yamaniha/.m2/repository/ch/qos/logback/logback-core/1.5.18/logback-core-1.5.18.jar:/Users/leandro.yamaniha/.m2/repository/org/apache/logging/log4j/log4j-to-slf4j/2.24.3/log4j-to-slf4j-2.24.3.jar:/Users/leandro.yamaniha/.m2/repository/org/apache/logging/log4j/log4j-api/2.24.3/log4j-api-2.24.3.jar:/Users/leandro.yamaniha/.m2/repository/org/slf4j/jul-to-slf4j/2.0.17/jul-to-slf4j-2.0.17.jar:/Users/leandro.yamaniha/.m2/repository/jakarta/annotation/jakarta.annotation-api/3.0.0/jakarta.annotation-api-3.0.0.jar:/Users/leandro.yamaniha/.m2/repository/org/yaml/snakeyaml/2.4/snakeyaml-2.4.jar:/Users/leandro.yamaniha/.m2/repository/org/springframework/boot/spring-boot-validation/4.0.0-M1/spring-boot-validation-4.0.0-M1.jar:/Users/leandro.yamaniha/.m2/repository/org/apache/tomcat/embed/tomcat-embed-el/11.0.9/tomcat-embed-el-11.0.9.jar:/Users/leandro.yamaniha/.m2/repository/org/hibernate/validator/hibernate-validator/9.0.1.Final/hibernate-validator-9.0.1.Final.jar:/Users/leandro.yamaniha/.m2/repository/jakarta/validation/jakarta.validation-api/3.1.1/jakarta.validation-api-3.1.1.jar:/Users/leandro.yamaniha/.m2/repository/org/jboss/logging/jboss-logging/3.6.1.Final/jboss-logging-3.6.1.Final.jar:/Users/leandro.yamaniha/.m2/repository/com/fasterxml/classmate/1.7.0/classmate-1.7.0.jar:/Users/leandro.yamaniha/.m2/repository/org/springframework/boot/spring-boot-starter-actuator/4.0.0-M1/spring-boot-starter-actuator-4.0.0-M1.jar:/Users/leandro.yamaniha/.m2/repository/org/springframework/boot/spring-boot-actuator-autoconfigure/4.0.0-M1/spring-boot-actuator-autoconfigure-4.0.0-M1.jar:/Users/leandro.yamaniha/.m2/repository/org/springframework/boot/spring-boot-actuator/4.0.0-M1/spring-boot-actuator-4.0.0-M1.jar:/Users/leandro.yamaniha/.m2/repository/com/fasterxml/jackson/datatype/jackson-datatype-jsr310/2.19.2/jackson-datatype-jsr310-2.19.2.jar:/Users/leandro.yamaniha/.m2/repository/org/springframework/boot/spring-boot-health/4.0.0-M1/spring-boot-health-4.0.0-M1.jar:/Users/leandro.yamaniha/.m2/repository/org/springframework/boot/spring-boot-metrics/4.0.0-M1/spring-boot-metrics-4.0.0-M1.jar:/Users/leandro.yamaniha/.m2/repository/org/springframework/boot/spring-boot-observation/4.0.0-M1/spring-boot-observation-4.0.0-M1.jar:/Users/leandro.yamaniha/.m2/repository/io/micrometer/micrometer-core/1.16.0-M1/micrometer-core-1.16.0-M1.jar:/Users/leandro.yamaniha/.m2/repository/org/hdrhistogram/HdrHistogram/2.2.2/HdrHistogram-2.2.2.jar:/Users/leandro.yamaniha/.m2/repository/org/latencyutils/LatencyUtils/2.0.3/LatencyUtils-2.0.3.jar:/Users/leandro.yamaniha/.m2/repository/org/springframework/boot/spring-boot-tracing/4.0.0-M1/spring-boot-tracing-4.0.0-M1.jar:/Users/leandro.yamaniha/.m2/repository/io/micrometer/micrometer-tracing/1.6.0-M1/micrometer-tracing-1.6.0-M1.jar:/Users/leandro.yamaniha/.m2/repository/io/micrometer/context-propagation/1.1.3/context-propagation-1.1.3.jar:/Users/leandro.yamaniha/.m2/repository/io/micrometer/micrometer-observation/1.16.0-M1/micrometer-observation-1.16.0-M1.jar:/Users/leandro.yamaniha/.m2/repository/org/jspecify/jspecify/1.0.0/jspecify-1.0.0.jar:/Users/leandro.yamaniha/.m2/repository/io/micrometer/micrometer-commons/1.16.0-M1/micrometer-commons-1.16.0-M1.jar:/Users/leandro.yamaniha/.m2/repository/io/micrometer/micrometer-jakarta9/1.16.0-M1/micrometer-jakarta9-1.16.0-M1.jar:/Users/leandro.yamaniha/.m2/repository/org/springframework/boot/spring-boot-devtools/4.0.0-M1/spring-boot-devtools-4.0.0-M1.jar:/Users/leandro.yamaniha/.m2/repository/org/springframework/boot/spring-boot/4.0.0-M1/spring-boot-4.0.0-M1.jar:/Users/leandro.yamaniha/.m2/repository/org/springframework/spring-context/7.0.0-M7/spring-context-7.0.0-M7.jar:/Users/leandro.yamaniha/.m2/repository/org/springframework/spring-aop/7.0.0-M7/spring-aop-7.0.0-M7.jar:/Users/leandro.yamaniha/.m2/repository/org/springframework/boot/spring-boot-autoconfigure/4.0.0-M1/spring-boot-autoconfigure-4.0.0-M1.jar:/Users/leandro.yamaniha/.m2/repository/org/springframework/boot/spring-boot-starter-test/4.0.0-M1/spring-boot-starter-test-4.0.0-M1.jar:/Users/leandro.yamaniha/.m2/repository/org/springframework/boot/spring-boot-restclient-test/4.0.0-M1/spring-boot-restclient-test-4.0.0-M1.jar:/Users/leandro.yamaniha/.m2/repository/org/springframework/boot/spring-boot-test-autoconfigure/4.0.0-M1/spring-boot-test-autoconfigure-4.0.0-M1.jar:/Users/leandro.yamaniha/.m2/repository/org/springframework/boot/spring-boot-web-server-test/4.0.0-M1/spring-boot-web-server-test-4.0.0-M1.jar:/Users/leandro.yamaniha/.m2/repository/com/jayway/jsonpath/json-path/2.9.0/json-path-2.9.0.jar:/Users/leandro.yamaniha/.m2/repository/jakarta/xml/bind/jakarta.xml.bind-api/4.0.2/jakarta.xml.bind-api-4.0.2.jar:/Users/leandro.yamaniha/.m2/repository/jakarta/activation/jakarta.activation-api/2.1.3/jakarta.activation-api-2.1.3.jar:/Users/leandro.yamaniha/.m2/repository/net/minidev/json-smart/2.5.2/json-smart-2.5.2.jar:/Users/leandro.yamaniha/.m2/repository/net/minidev/accessors-smart/2.5.2/accessors-smart-2.5.2.jar:/Users/leandro.yamaniha/.m2/repository/org/ow2/asm/asm/9.7.1/asm-9.7.1.jar:/Users/leandro.yamaniha/.m2/repository/org/assertj/assertj-core/3.27.3/assertj-core-3.27.3.jar:/Users/leandro.yamaniha/.m2/repository/net/bytebuddy/byte-buddy/1.17.6/byte-buddy-1.17.6.jar:/Users/leandro.yamaniha/.m2/repository/org/awaitility/awaitility/4.3.0/awaitility-4.3.0.jar:/Users/leandro.yamaniha/.m2/repository/org/hamcrest/hamcrest/3.0/hamcrest-3.0.jar:/Users/leandro.yamaniha/.m2/repository/org/junit/jupiter/junit-jupiter/5.13.4/junit-jupiter-5.13.4.jar:/Users/leandro.yamaniha/.m2/repository/org/junit/jupiter/junit-jupiter-api/5.13.4/junit-jupiter-api-5.13.4.jar:/Users/leandro.yamaniha/.m2/repository/org/junit/jupiter/junit-jupiter-params/5.13.4/junit-jupiter-params-5.13.4.jar:/Users/leandro.yamaniha/.m2/repository/org/junit/jupiter/junit-jupiter-engine/5.13.4/junit-jupiter-engine-5.13.4.jar:/Users/leandro.yamaniha/.m2/repository/org/mockito/mockito-core/5.18.0/mockito-core-5.18.0.jar:/Users/leandro.yamaniha/.m2/repository/net/bytebuddy/byte-buddy-agent/1.17.6/byte-buddy-agent-1.17.6.jar:/Users/leandro.yamaniha/.m2/repository/org/objenesis/objenesis/3.3/objenesis-3.3.jar:/Users/leandro.yamaniha/.m2/repository/org/mockito/mockito-junit-jupiter/5.18.0/mockito-junit-jupiter-5.18.0.jar:/Users/leandro.yamaniha/.m2/repository/org/skyscreamer/jsonassert/1.5.3/jsonassert-1.5.3.jar:/Users/leandro.yamaniha/.m2/repository/com/vaadin/external/google/android-json/0.0.20131108.vaadin1/android-json-0.0.20131108.vaadin1.jar:/Users/leandro.yamaniha/.m2/repository/org/springframework/spring-core/7.0.0-M7/spring-core-7.0.0-M7.jar:/Users/leandro.yamaniha/.m2/repository/commons-logging/commons-logging/1.3.5/commons-logging-1.3.5.jar:/Users/leandro.yamaniha/.m2/repository/org/springframework/spring-test/7.0.0-M7/spring-test-7.0.0-M7.jar:/Users/leandro.yamaniha/.m2/repository/org/xmlunit/xmlunit-core/2.10.3/xmlunit-core-2.10.3.jar:/Users/leandro.yamaniha/.m2/repository/org/springframework/boot/spring-boot-test/4.0.0-M1/spring-boot-test-4.0.0-M1.jar:/Users/leandro.yamaniha/.m2/repository/com/fasterxml/jackson/core/jackson-databind/2.19.2/jackson-databind-2.19.2.jar:/Users/leandro.yamaniha/.m2/repository/com/fasterxml/jackson/core/jackson-annotations/2.19.2/jackson-annotations-2.19.2.jar:/Users/leandro.yamaniha/.m2/repository/com/fasterxml/jackson/core/jackson-core/2.19.2/jackson-core-2.19.2.jar:/Users/leandro.yamaniha/.m2/repository/org/springdoc/springdoc-openapi-starter-webmvc-ui/2.2.0/springdoc-openapi-starter-webmvc-ui-2.2.0.jar:/Users/leandro.yamaniha/.m2/repository/org/springdoc/springdoc-openapi-starter-webmvc-api/2.2.0/springdoc-openapi-starter-webmvc-api-2.2.0.jar:/Users/leandro.yamaniha/.m2/repository/org/springdoc/springdoc-openapi-starter-common/2.2.0/springdoc-openapi-starter-common-2.2.0.jar:/Users/leandro.yamaniha/.m2/repository/io/swagger/core/v3/swagger-core-jakarta/2.2.15/swagger-core-jakarta-2.2.15.jar:/Users/leandro.yamaniha/.m2/repository/org/apache/commons/commons-lang3/3.18.0/commons-lang3-3.18.0.jar:/Users/leandro.yamaniha/.m2/repository/io/swagger/core/v3/swagger-annotations-jakarta/2.2.15/swagger-annotations-jakarta-2.2.15.jar:/Users/leandro.yamaniha/.m2/repository/io/swagger/core/v3/swagger-models-jakarta/2.2.15/swagger-models-jakarta-2.2.15.jar:/Users/leandro.yamaniha/.m2/repository/com/fasterxml/jackson/dataformat/jackson-dataformat-yaml/2.19.2/jackson-dataformat-yaml-2.19.2.jar:/Users/leandro.yamaniha/.m2/repository/org/springframework/spring-webmvc/7.0.0-M7/spring-webmvc-7.0.0-M7.jar:/Users/leandro.yamaniha/.m2/repository/org/webjars/swagger-ui/5.2.0/swagger-ui-5.2.0.jar:/Users/leandro.yamaniha/.m2/repository/io/cucumber/cucumber-java/7.18.0/cucumber-java-7.18.0.jar:/Users/leandro.yamaniha/.m2/repository/io/cucumber/cucumber-core/7.18.0/cucumber-core-7.18.0.jar:/Users/leandro.yamaniha/.m2/repository/io/cucumber/cucumber-gherkin/7.18.0/cucumber-gherkin-7.18.0.jar:/Users/leandro.yamaniha/.m2/repository/io/cucumber/cucumber-gherkin-messages/7.18.0/cucumber-gherkin-messages-7.18.0.jar:/Users/leandro.yamaniha/.m2/repository/io/cucumber/gherkin/28.0.0/gherkin-28.0.0.jar:/Users/leandro.yamaniha/.m2/repository/io/cucumber/messages/24.1.0/messages-24.1.0.jar:/Users/leandro.yamaniha/.m2/repository/io/cucumber/testng-xml-formatter/0.1.0/testng-xml-formatter-0.1.0.jar:/Users/leandro.yamaniha/.m2/repository/io/cucumber/query/12.2.0/query-12.2.0.jar:/Users/leandro.yamaniha/.m2/repository/io/cucumber/tag-expressions/6.1.0/tag-expressions-6.1.0.jar:/Users/leandro.yamaniha/.m2/repository/io/cucumber/cucumber-expressions/17.1.0/cucumber-expressions-17.1.0.jar:/Users/leandro.yamaniha/.m2/repository/io/cucumber/datatable/7.18.0/datatable-7.18.0.jar:/Users/leandro.yamaniha/.m2/repository/io/cucumber/cucumber-plugin/7.18.0/cucumber-plugin-7.18.0.jar:/Users/leandro.yamaniha/.m2/repository/io/cucumber/docstring/7.18.0/docstring-7.18.0.jar:/Users/leandro.yamaniha/.m2/repository/io/cucumber/html-formatter/21.3.1/html-formatter-21.3.1.jar:/Users/leandro.yamaniha/.m2/repository/io/cucumber/junit-xml-formatter/0.4.0/junit-xml-formatter-0.4.0.jar:/Users/leandro.yamaniha/.m2/repository/io/cucumber/ci-environment/10.0.1/ci-environment-10.0.1.jar:/Users/leandro.yamaniha/.m2/repository/org/apiguardian/apiguardian-api/1.1.2/apiguardian-api-1.1.2.jar:/Users/leandro.yamaniha/.m2/repository/io/cucumber/cucumber-spring/7.18.0/cucumber-spring-7.18.0.jar:/Users/leandro.yamaniha/.m2/repository/io/cucumber/cucumber-junit-platform-engine/7.18.0/cucumber-junit-platform-engine-7.18.0.jar:/Users/leandro.yamaniha/.m2/repository/org/junit/platform/junit-platform-engine/1.13.4/junit-platform-engine-1.13.4.jar:/Users/leandro.yamaniha/.m2/repository/org/opentest4j/opentest4j/1.3.0/opentest4j-1.3.0.jar:/Users/leandro.yamaniha/.m2/repository/org/junit/platform/junit-platform-commons/1.13.4/junit-platform-commons-1.13.4.jar:/Users/leandro.yamaniha/.m2/repository/org/testcontainers/testcontainers/1.19.8/testcontainers-1.19.8.jar:/Users/leandro.yamaniha/.m2/repository/junit/junit/4.13.2/junit-4.13.2.jar:/Users/leandro.yamaniha/.m2/repository/org/hamcrest/hamcrest-core/3.0/hamcrest-core-3.0.jar:/Users/leandro.yamaniha/.m2/repository/org/slf4j/slf4j-api/2.0.17/slf4j-api-2.0.17.jar:/Users/leandro.yamaniha/.m2/repository/org/apache/commons/commons-compress/1.24.0/commons-compress-1.24.0.jar:/Users/leandro.yamaniha/.m2/repository/org/rnorth/duct-tape/duct-tape/1.0.8/duct-tape-1.0.8.jar:/Users/leandro.yamaniha/.m2/repository/org/jetbrains/annotations/17.0.0/annotations-17.0.0.jar:/Users/leandro.yamaniha/.m2/repository/com/github/docker-java/docker-java-api/3.3.6/docker-java-api-3.3.6.jar:/Users/leandro.yamaniha/.m2/repository/com/github/docker-java/docker-java-transport-zerodep/3.3.6/docker-java-transport-zerodep-3.3.6.jar:/Users/leandro.yamaniha/.m2/repository/com/github/docker-java/docker-java-transport/3.3.6/docker-java-transport-3.3.6.jar:/Users/leandro.yamaniha/.m2/repository/net/java/dev/jna/jna/5.13.0/jna-5.13.0.jar:/Users/leandro.yamaniha/.m2/repository/org/testcontainers/junit-jupiter/1.19.8/junit-jupiter-1.19.8.jar:/Users/leandro.yamaniha/.m2/repository/org/testcontainers/cassandra/1.19.8/cassandra-1.19.8.jar:/Users/leandro.yamaniha/.m2/repository/org/testcontainers/database-commons/1.21.3/database-commons-1.21.3.jar:/Users/leandro.yamaniha/.m2/repository/com/datastax/cassandra/cassandra-driver-core/3.10.0/cassandra-driver-core-3.10.0.jar:/Users/leandro.yamaniha/.m2/repository/io/netty/netty-handler/4.2.3.Final/netty-handler-4.2.3.Final.jar:/Users/leandro.yamaniha/.m2/repository/io/netty/netty-common/4.2.3.Final/netty-common-4.2.3.Final.jar:/Users/leandro.yamaniha/.m2/repository/io/netty/netty-resolver/4.2.3.Final/netty-resolver-4.2.3.Final.jar:/Users/leandro.yamaniha/.m2/repository/io/netty/netty-buffer/4.2.3.Final/netty-buffer-4.2.3.Final.jar:/Users/leandro.yamaniha/.m2/repository/io/netty/netty-transport/4.2.3.Final/netty-transport-4.2.3.Final.jar:/Users/leandro.yamaniha/.m2/repository/io/netty/netty-transport-native-unix-common/4.2.3.Final/netty-transport-native-unix-common-4.2.3.Final.jar:/Users/leandro.yamaniha/.m2/repository/io/netty/netty-codec-base/4.2.3.Final/netty-codec-base-4.2.3.Final.jar:/Users/leandro.yamaniha/.m2/repository/com/google/guava/guava/19.0/guava-19.0.jar:/Users/leandro.yamaniha/.m2/repository/io/dropwizard/metrics/metrics-core/3.2.2/metrics-core-3.2.2.jar:/Users/leandro.yamaniha/.m2/repository/com/github/jnr/jnr-ffi/2.1.7/jnr-ffi-2.1.7.jar:/Users/leandro.yamaniha/.m2/repository/com/github/jnr/jffi/1.2.16/jffi-1.2.16.jar:/Users/leandro.yamaniha/.m2/repository/com/github/jnr/jffi/1.2.16/jffi-1.2.16-native.jar:/Users/leandro.yamaniha/.m2/repository/org/ow2/asm/asm-commons/5.0.3/asm-commons-5.0.3.jar:/Users/leandro.yamaniha/.m2/repository/org/ow2/asm/asm-analysis/5.0.3/asm-analysis-5.0.3.jar:/Users/leandro.yamaniha/.m2/repository/org/ow2/asm/asm-tree/5.0.3/asm-tree-5.0.3.jar:/Users/leandro.yamaniha/.m2/repository/org/ow2/asm/asm-util/5.0.3/asm-util-5.0.3.jar:/Users/leandro.yamaniha/.m2/repository/com/github/jnr/jnr-x86asm/1.0.2/jnr-x86asm-1.0.2.jar:/Users/leandro.yamaniha/.m2/repository/com/github/jnr/jnr-posix/3.0.44/jnr-posix-3.0.44.jar:/Users/leandro.yamaniha/.m2/repository/com/github/jnr/jnr-constants/0.9.9/jnr-constants-0.9.9.jar:/Users/leandro.yamaniha/.m2/repository/org/junit/platform/junit-platform-suite/1.13.4/junit-platform-suite-1.13.4.jar:/Users/leandro.yamaniha/.m2/repository/org/junit/platform/junit-platform-suite-api/1.13.4/junit-platform-suite-api-1.13.4.jar:/Users/leandro.yamaniha/.m2/repository/org/junit/platform/junit-platform-suite-engine/1.13.4/junit-platform-suite-engine-1.13.4.jar:/Users/leandro.yamaniha/.m2/repository/org/junit/platform/junit-platform-suite-commons/1.13.4/junit-platform-suite-commons-1.13.4.jar:/Users/leandro.yamaniha/.m2/repository/org/junit/platform/junit-platform-launcher/1.13.4/junit-platform-launcher-1.13.4.jar:"/>
    <property name="sun.cpu.endian" value="little"/>
    <property name="user.home" value="/Users/leandro.yamaniha"/>
    <property name="user.language" value="pt"/>
    <property name="java.specification.vendor" value="Oracle Corporation"/>
    <property name="java.version.date" value="2025-04-15"/>
    <property name="java.home" value="/Users/leandro.yamaniha/.sdkman/candidates/java/24.0.1-open"/>
    <property name="file.separator" value="/"/>
    <property name="basedir" value="/Volumes/Dock/ai/ide/windsurf/beauty-salon-app/backend"/>
    <property name="java.vm.compressedOopsMode" value="Zero based"/>
    <property name="line.separator" value="&#10;"/>
    <property name="java.vm.specification.vendor" value="Oracle Corporation"/>
    <property name="java.specification.name" value="Java Platform API Specification"/>
    <property name="FILE_LOG_CHARSET" value="UTF-8"/>
    <property name="java.awt.headless" value="true"/>
    <property name="apple.awt.application.name" value="ForkedBooter"/>
    <property name="surefire.real.class.path" value="/Volumes/Dock/ai/ide/windsurf/beauty-salon-app/backend/target/surefire/surefirebooter-20250809230658564_3.jar"/>
    <property name="sun.management.compiler" value="HotSpot 64-Bit Tiered Compilers"/>
    <property name="ftp.nonProxyHosts" value="local|*.local|169.254/16|*.169.254/16"/>
    <property name="java.runtime.version" value="24.0.1+9-30"/>
    <property name="LOG_CORRELATION_PATTERN" value="%correlationId"/>
    <property name="user.name" value="leandro.yamaniha"/>
    <property name="stdout.encoding" value="UTF-8"/>
    <property name="path.separator" value=":"/>
    <property name="os.version" value="15.6"/>
    <property name="java.runtime.name" value="OpenJDK Runtime Environment"/>
    <property name="file.encoding" value="UTF-8"/>
    <property name="java.vm.name" value="OpenJDK 64-Bit Server VM"/>
    <property name="localRepository" value="/Users/leandro.yamaniha/.m2/repository"/>
    <property name="java.vendor.url.bug" value="https://bugreport.java.com/bugreport/"/>
    <property name="java.io.tmpdir" value="/var/folders/bq/3lwdr43j0434bbxzc_qyn5rw0000gn/T/"/>
    <property name="catalina.home" value="/private/var/folders/bq/3lwdr43j0434bbxzc_qyn5rw0000gn/T/tomcat.0.12605332222619791828"/>
    <property name="java.version" value="24.0.1"/>
    <property name="user.dir" value="/Volumes/Dock/ai/ide/windsurf/beauty-salon-app/backend"/>
    <property name="os.arch" value="aarch64"/>
    <property name="java.vm.specification.name" value="Java Virtual Machine Specification"/>
    <property name="PID" value="96915"/>
    <property name="CONSOLE_LOG_CHARSET" value="UTF-8"/>
    <property name="catalina.base" value="/private/var/folders/bq/3lwdr43j0434bbxzc_qyn5rw0000gn/T/tomcat.0.12605332222619791828"/>
    <property name="native.encoding" value="UTF-8"/>
    <property name="java.library.path" value="/Users/leandro.yamaniha/Library/Java/Extensions:/Library/Java/Extensions:/Network/Library/Java/Extensions:/System/Library/Java/Extensions:/usr/lib/java:."/>
    <property name="java.vm.info" value="mixed mode, sharing"/>
    <property name="stderr.encoding" value="UTF-8"/>
    <property name="java.vendor" value="Oracle Corporation"/>
    <property name="java.vm.version" value="24.0.1+9-30"/>
    <property name="sun.io.unicode.encoding" value="UnicodeBig"/>
    <property name="socksNonProxyHosts" value="local|*.local|169.254/16|*.169.254/16"/>
    <property name="java.class.version" value="68.0"/>
    <property name="LOGGED_APPLICATION_NAME" value="[beauty-salon-backend] "/>
  </properties>
  <testcase name="testValidCustomerCreation" classname="com.beautysalon.validation.CustomerValidationTest" time="0.55">
    <system-out><![CDATA[23:06:59.196 [main] INFO org.springframework.test.context.support.AnnotationConfigContextLoaderUtils -- Could not detect default configuration classes for test class [com.beautysalon.validation.CustomerValidationTest]: CustomerValidationTest does not declare any static, non-private, non-final, nested classes annotated with @Configuration.
23:06:59.272 [main] INFO org.springframework.boot.test.context.SpringBootTestContextBootstrapper -- Found @SpringBootConfiguration com.beautysalon.BeautySalonApplication for test class com.beautysalon.validation.CustomerValidationTest
23:06:59.352 [main] INFO org.testcontainers.images.PullPolicy -- Image pull policy will be performed by: DefaultPullPolicy()
23:06:59.353 [main] INFO org.testcontainers.utility.ImageNameSubstitutor -- Image name substitution will be performed by: DefaultImageNameSubstitutor (composite of 'ConfigurationFileImageNameSubstitutor' and 'PrefixingImageNameSubstitutor')
23:06:59.557 [main] INFO org.testcontainers.dockerclient.DockerClientProviderStrategy -- Loaded org.testcontainers.dockerclient.UnixSocketClientProviderStrategy from ~/.testcontainers.properties, will try it first
23:06:59.751 [main] INFO org.testcontainers.dockerclient.DockerClientProviderStrategy -- Found Docker environment with local Unix socket (unix:///var/run/docker.sock)
23:06:59.752 [main] INFO org.testcontainers.DockerClientFactory -- Docker host IP address is localhost
23:06:59.765 [main] INFO org.testcontainers.DockerClientFactory -- Connected to docker: 
  Server Version: 28.1.1
  API Version: 1.49
  Operating System: Docker Desktop
  Total Memory: 7837 MB
23:06:59.837 [main] INFO tc.testcontainers/ryuk:0.7.0 -- Creating container for image: testcontainers/ryuk:0.7.0
23:06:59.984 [main] INFO org.testcontainers.utility.RegistryAuthLocator -- Credential helper/store (docker-credential-desktop) does not have credentials for https://index.docker.io/v1/
23:07:00.072 [main] INFO tc.testcontainers/ryuk:0.7.0 -- Container testcontainers/ryuk:0.7.0 is starting: 2d846393fdbfc4579fde97d03cb6d58e5c014600f33de03c49e3a2b9f6d8f18c
23:07:00.309 [main] INFO tc.testcontainers/ryuk:0.7.0 -- Container testcontainers/ryuk:0.7.0 started in PT0.471815S
23:07:00.313 [main] INFO org.testcontainers.utility.RyukResourceReaper -- Ryuk started - will monitor and terminate Testcontainers containers on JVM exit
23:07:00.313 [main] INFO org.testcontainers.DockerClientFactory -- Checking the system...
23:07:00.313 [main] INFO org.testcontainers.DockerClientFactory -- ✔︎ Docker server version should be at least 1.6.0
23:07:00.315 [main] INFO tc.cassandra:4.1 -- Creating container for image: cassandra:4.1
23:07:00.316 [main] WARN tc.cassandra:4.1 -- Reuse was requested but the environment does not support the reuse of containers
To enable reuse of containers, you must set 'testcontainers.reuse.enable=true' in a file located at /Users/leandro.yamaniha/.testcontainers.properties
23:07:00.346 [main] INFO tc.cassandra:4.1 -- Container cassandra:4.1 is starting: 3ad2b230fec01c40d497c5e7d476aed5109960326629443d4495458e150f0ac5
23:07:03.238 [main] INFO tc.cassandra:4.1 -- Container cassandra:4.1 started in PT2.922806S
23:07:03.254 [main] INFO org.testcontainers.ext.ScriptUtils -- Executing database script from init.cql
23:07:03.258 [main] INFO com.datastax.driver.core -- DataStax Java driver 3.10.0 for Apache Cassandra
23:07:03.266 [main] INFO com.datastax.driver.core.GuavaCompatibility -- Detected Guava >= 19 in the classpath, using modern compatibility layer
23:07:03.293 [main] INFO com.datastax.driver.core.Native -- Could not load JNR C Library, native system calls through this library will not be available (set this logger level to DEBUG to see the full stack trace).
23:07:03.293 [main] INFO com.datastax.driver.core.ClockFactory -- Using java.lang.System clock to generate timestamps.
23:07:03.355 [main] INFO com.datastax.driver.core.NettyUtil -- Did not find Netty's native epoll transport in the classpath, defaulting to NIO.
23:07:03.672 [main] INFO com.datastax.driver.core.policies.DCAwareRoundRobinPolicy -- Using data-center name 'datacenter1' for DCAwareRoundRobinPolicy (if this is incorrect, please provide the correct datacenter name with DCAwareRoundRobinPolicy constructor)
23:07:03.673 [main] INFO com.datastax.driver.core.Cluster -- New Cassandra host localhost/127.0.0.1:55903 added
23:07:05.991 [main] INFO org.testcontainers.ext.ScriptUtils -- Executed database script from init.cql in 2737 ms.
23:07:06.046 [main] INFO org.springframework.boot.devtools.restart.RestartApplicationListener -- Restart disabled due to context in which it is running

  .   ____          _            __ _ _
 /\\ / ___'_ __ _ _(_)_ __  __ _ \ \ \ \
( ( )\___ | '_ | '_| | '_ \/ _` | \ \ \ \
 \\/  ___)| |_)| | | | | || (_| |  ) ) ) )
  '  |____| .__|_| |_|_| |_\__, | / / / /
 =========|_|==============|___/=/_/_/_/

 :: Spring Boot ::             (v4.0.0-M1)

2025-08-09T23:07:06.223-03:00  INFO 96915 --- [beauty-salon-backend] [           main] [                                                 ] c.b.validation.CustomerValidationTest    : Starting CustomerValidationTest using Java 24.0.1 with PID 96915 (started by leandro.yamaniha in /Volumes/Dock/ai/ide/windsurf/beauty-salon-app/backend)
2025-08-09T23:07:06.224-03:00 DEBUG 96915 --- [beauty-salon-backend] [           main] [                                                 ] c.b.validation.CustomerValidationTest    : Running with Spring Boot v4.0.0-M1, Spring v7.0.0-M7
2025-08-09T23:07:06.224-03:00  INFO 96915 --- [beauty-salon-backend] [           main] [                                                 ] c.b.validation.CustomerValidationTest    : The following 1 profile is active: "local"
2025-08-09T23:07:06.609-03:00  INFO 96915 --- [beauty-salon-backend] [           main] [                                                 ] .s.d.r.c.RepositoryConfigurationDelegate : Bootstrapping Spring Data Reactive Cassandra repositories in DEFAULT mode.
2025-08-09T23:07:06.626-03:00  INFO 96915 --- [beauty-salon-backend] [           main] [                                                 ] .s.d.r.c.RepositoryConfigurationDelegate : Finished Spring Data repository scanning in 13 ms. Found 0 Reactive Cassandra repository interfaces.
2025-08-09T23:07:06.629-03:00  INFO 96915 --- [beauty-salon-backend] [           main] [                                                 ] .s.d.r.c.RepositoryConfigurationDelegate : Bootstrapping Spring Data Cassandra repositories in DEFAULT mode.
2025-08-09T23:07:06.638-03:00  INFO 96915 --- [beauty-salon-backend] [           main] [                                                 ] .s.d.r.c.RepositoryConfigurationDelegate : Finished Spring Data repository scanning in 8 ms. Found 4 Cassandra repository interfaces.
2025-08-09T23:07:06.874-03:00  INFO 96915 --- [beauty-salon-backend] [           main] [                                                 ] o.s.boot.tomcat.TomcatWebServer          : Tomcat initialized with port 0 (http)
2025-08-09T23:07:06.883-03:00  INFO 96915 --- [beauty-salon-backend] [           main] [                                                 ] o.apache.catalina.core.StandardService   : Starting service [Tomcat]
2025-08-09T23:07:06.883-03:00  INFO 96915 --- [beauty-salon-backend] [           main] [                                                 ] o.apache.catalina.core.StandardEngine    : Starting Servlet engine: [Apache Tomcat/11.0.9]
2025-08-09T23:07:06.905-03:00  INFO 96915 --- [beauty-salon-backend] [           main] [                                                 ] b.w.c.s.WebApplicationContextInitializer : Root WebApplicationContext: initialization completed in 673 ms
2025-08-09T23:07:06.990-03:00  INFO 96915 --- [beauty-salon-backend] [           main] [                                                 ] c.d.o.d.i.core.DefaultMavenCoordinates   : Apache Cassandra Java Driver (org.apache.cassandra:java-driver-core) version 4.19.0
2025-08-09T23:07:07.172-03:00  INFO 96915 --- [beauty-salon-backend] [           main] [                                                 ] c.d.o.d.internal.core.ContactPoints      : Contact point localhost:55903 resolves to multiple addresses, will use them all ([localhost/127.0.0.1, localhost/0:0:0:0:0:0:0:1])
2025-08-09T23:07:07.210-03:00  INFO 96915 --- [beauty-salon-backend] [           main] [                                                 ] c.d.o.d.i.c.c.CqlPrepareAsyncProcessor   : Adding handler to invalidate cached prepared statements on type changes
2025-08-09T23:07:07.235-03:00  INFO 96915 --- [beauty-salon-backend] [     s0-admin-0] [                                                 ] c.d.oss.driver.internal.core.time.Clock  : Could not access native clock (see debug logs for details), falling back to Java system clock
2025-08-09T23:07:07.353-03:00  WARN 96915 --- [beauty-salon-backend] [     s0-admin-0] [                                                 ] c.d.o.d.i.c.l.h.OptionalLocalDcHelper    : [s0|default] You specified datacenter1 as the local DC, but some contact points are from a different DC: Node(endPoint=localhost/127.0.0.1:55903, hostId=null, hashCode=3d47bdf5)=null; please provide the correct local DC, or check your contact points
2025-08-09T23:07:07.379-03:00 DEBUG 96915 --- [beauty-salon-backend] [           main] [                                                 ] o.s.data.cassandra.core.cql.CqlTemplate  : Executing CQL statement [CREATE TABLE IF NOT EXISTS services (id uuid, name text, description text, duration int, price decimal, category text, is_active boolean, created_at timestamp, updated_at timestamp, PRIMARY KEY (id));]
2025-08-09T23:07:07.389-03:00 DEBUG 96915 --- [beauty-salon-backend] [           main] [                                                 ] o.s.data.cassandra.core.cql.CqlTemplate  : Executing CQL statement [CREATE TABLE IF NOT EXISTS customers (id uuid, name text, email text, phone text, address text, created_at timestamp, updated_at timestamp, PRIMARY KEY (id));]
2025-08-09T23:07:07.392-03:00 DEBUG 96915 --- [beauty-salon-backend] [           main] [                                                 ] o.s.data.cassandra.core.cql.CqlTemplate  : Executing CQL statement [CREATE TABLE IF NOT EXISTS appointments (id uuid, customer_id uuid, staff_id uuid, service_id uuid, appointment_date date, appointment_time time, status text, notes text, total_price decimal, created_at timestamp, updated_at timestamp, PRIMARY KEY (id));]
2025-08-09T23:07:07.394-03:00 DEBUG 96915 --- [beauty-salon-backend] [           main] [                                                 ] o.s.data.cassandra.core.cql.CqlTemplate  : Executing CQL statement [CREATE TABLE IF NOT EXISTS staff (id uuid, name text, email text, phone text, role text, specialties set<text>, is_active boolean, created_at timestamp, updated_at timestamp, PRIMARY KEY (id));]
2025-08-09T23:07:07.740-03:00  INFO 96915 --- [beauty-salon-backend] [           main] [                                                 ] o.a.c.c.C.[Tomcat].[localhost].[/]       : Initializing Spring TestDispatcherServlet ''
2025-08-09T23:07:07.741-03:00  INFO 96915 --- [beauty-salon-backend] [           main] [                                                 ] o.s.t.web.servlet.TestDispatcherServlet  : Initializing Servlet ''
2025-08-09T23:07:07.746-03:00  INFO 96915 --- [beauty-salon-backend] [           main] [                                                 ] o.s.b.a.e.web.EndpointLinksResolver      : Exposing 2 endpoints beneath base path '/actuator'
2025-08-09T23:07:07.749-03:00  INFO 96915 --- [beauty-salon-backend] [           main] [                                                 ] o.s.t.web.servlet.TestDispatcherServlet  : Completed initialization in 8 ms
2025-08-09T23:07:07.773-03:00  INFO 96915 --- [beauty-salon-backend] [           main] [                                                 ] o.s.boot.tomcat.TomcatWebServer          : Tomcat started on port 55918 (http) with context path '/'
2025-08-09T23:07:07.776-03:00  INFO 96915 --- [beauty-salon-backend] [           main] [                                                 ] c.b.validation.CustomerValidationTest    : Started CustomerValidationTest in 1.739 seconds (process running for 9.175)
🔍 Testing valid customer JSON: {"id":"1194ba2d-9e47-4421-b3c2-492d49781fbf","name":"Valid Customer","email":"valid@test.com","phone":"1234567890","address":"Valid Address","createdAt":"2025-08-10T02:07:08.184597Z","updatedAt":"2025-08-10T02:07:08.184600Z"}
2025-08-09T23:07:08.286-03:00 DEBUG 96915 --- [beauty-salon-backend] [           main] [                                                 ] o.s.d.c.c.c.MappingCassandraConverter    : doWithProperties Property.type java.util.UUID, Property.value 1194ba2d-9e47-4421-b3c2-492d49781fbf
2025-08-09T23:07:08.286-03:00 DEBUG 96915 --- [beauty-salon-backend] [           main] [                                                 ] o.s.d.c.c.c.MappingCassandraConverter    : Adding map.entry [id] - [1194ba2d-9e47-4421-b3c2-492d49781fbf]
2025-08-09T23:07:08.286-03:00 DEBUG 96915 --- [beauty-salon-backend] [           main] [                                                 ] o.s.d.c.c.c.MappingCassandraConverter    : doWithProperties Property.type java.lang.String, Property.value Valid Customer
2025-08-09T23:07:08.286-03:00 DEBUG 96915 --- [beauty-salon-backend] [           main] [                                                 ] o.s.d.c.c.c.MappingCassandraConverter    : Adding map.entry [name] - [Valid Customer]
2025-08-09T23:07:08.286-03:00 DEBUG 96915 --- [beauty-salon-backend] [           main] [                                                 ] o.s.d.c.c.c.MappingCassandraConverter    : doWithProperties Property.type java.lang.String, Property.value valid@test.com
2025-08-09T23:07:08.286-03:00 DEBUG 96915 --- [beauty-salon-backend] [           main] [                                                 ] o.s.d.c.c.c.MappingCassandraConverter    : Adding map.entry [email] - [valid@test.com]
2025-08-09T23:07:08.286-03:00 DEBUG 96915 --- [beauty-salon-backend] [           main] [                                                 ] o.s.d.c.c.c.MappingCassandraConverter    : doWithProperties Property.type java.lang.String, Property.value 1234567890
2025-08-09T23:07:08.286-03:00 DEBUG 96915 --- [beauty-salon-backend] [           main] [                                                 ] o.s.d.c.c.c.MappingCassandraConverter    : Adding map.entry [phone] - [1234567890]
2025-08-09T23:07:08.287-03:00 DEBUG 96915 --- [beauty-salon-backend] [           main] [                                                 ] o.s.d.c.c.c.MappingCassandraConverter    : doWithProperties Property.type java.lang.String, Property.value Valid Address
2025-08-09T23:07:08.287-03:00 DEBUG 96915 --- [beauty-salon-backend] [           main] [                                                 ] o.s.d.c.c.c.MappingCassandraConverter    : Adding map.entry [address] - [Valid Address]
2025-08-09T23:07:08.287-03:00 DEBUG 96915 --- [beauty-salon-backend] [           main] [                                                 ] o.s.d.c.c.c.MappingCassandraConverter    : doWithProperties Property.type java.time.Instant, Property.value 2025-08-10T02:07:08.267304Z
2025-08-09T23:07:08.287-03:00 DEBUG 96915 --- [beauty-salon-backend] [           main] [                                                 ] o.s.d.c.c.c.MappingCassandraConverter    : Adding map.entry [created_at] - [2025-08-10T02:07:08.267304Z]
2025-08-09T23:07:08.287-03:00 DEBUG 96915 --- [beauty-salon-backend] [           main] [                                                 ] o.s.d.c.c.c.MappingCassandraConverter    : doWithProperties Property.type java.time.Instant, Property.value 2025-08-10T02:07:08.267306Z
2025-08-09T23:07:08.287-03:00 DEBUG 96915 --- [beauty-salon-backend] [           main] [                                                 ] o.s.d.c.c.c.MappingCassandraConverter    : Adding map.entry [updated_at] - [2025-08-10T02:07:08.267306Z]
2025-08-09T23:07:08.297-03:00 DEBUG 96915 --- [beauty-salon-backend] [           main] [                                                 ] o.s.data.cassandra.core.cql.CqlTemplate  : Preparing statement [INSERT INTO customers (id,name,email,phone,address,created_at,updated_at) VALUES (?,?,?,?,?,?,?)] using org.springframework.data.cassandra.core.CassandraTemplate$PreparedStatementHandler@71ca5e49
2025-08-09T23:07:08.315-03:00 DEBUG 96915 --- [beauty-salon-backend] [           main] [                                                 ] o.s.data.cassandra.core.cql.CqlTemplate  : Executing prepared statement [INSERT INTO customers (id,name,email,phone,address,created_at,updated_at) VALUES (?,?,?,?,?,?,?)]
📊 Response Status: 201
📊 Response Body: {"id":"1194ba2d-9e47-4421-b3c2-492d49781fbf","name":"Valid Customer","email":"valid@test.com","phone":"1234567890","address":"Valid Address","createdAt":"2025-08-10T02:07:08.267304Z","updatedAt":"2025-08-10T02:07:08.267306Z"}
📊 Response Headers: [Vary, Content-Type]
]]></system-out>
    <system-err><![CDATA[Mockito is currently self-attaching to enable the inline-mock-maker. This will no longer work in future releases of the JDK. Please add Mockito as an agent to your build as described in Mockito's documentation: https://javadoc.io/doc/org.mockito/mockito-core/latest/org.mockito/org/mockito/Mockito.html#0.3
WARNING: A Java agent has been loaded dynamically (/Users/leandro.yamaniha/.m2/repository/net/bytebuddy/byte-buddy-agent/1.17.6/byte-buddy-agent-1.17.6.jar)
WARNING: If a serviceability tool is in use, please run with -XX:+EnableDynamicAgentLoading to hide this warning
WARNING: If a serviceability tool is not in use, please run with -Djdk.instrument.traceUsage for more information
WARNING: Dynamic loading of agents will be disallowed by default in a future release
]]></system-err>
  </testcase>
</testsuite>