<?xml version="1.0" encoding="UTF-8"?>
<testsuite xmlns:xsi="http://www.w3.org/2001/XMLSchema-instance" xsi:noNamespaceSchemaLocation="https://maven.apache.org/surefire/maven-surefire-plugin/xsd/surefire-test-report.xsd" version="3.0.2" name="com.beautysalon.integration.RunCucumberTest" time="5.999" tests="0" errors="0" skipped="0" failures="0">
  <properties>
    <property name="java.specification.version" value="24"/>
    <property name="sun.jnu.encoding" value="UTF-8"/>
    <property name="java.class.path" value="/Volumes/Dock/ai/ide/windsurf/beauty-salon-app/backend/target/test-classes:/Volumes/Dock/ai/ide/windsurf/beauty-salon-app/backend/target/classes:/Users/leandro.yamaniha/.m2/repository/org/springframework/boot/spring-boot-starter-web/4.0.0-M1/spring-boot-starter-web-4.0.0-M1.jar:/Users/leandro.yamaniha/.m2/repository/org/springframework/boot/spring-boot-starter-webmvc/4.0.0-M1/spring-boot-starter-webmvc-4.0.0-M1.jar:/Users/leandro.yamaniha/.m2/repository/org/springframework/boot/spring-boot-starter-json/4.0.0-M1/spring-boot-starter-json-4.0.0-M1.jar:/Users/leandro.yamaniha/.m2/repository/org/springframework/boot/spring-boot-starter-jackson/4.0.0-M1/spring-boot-starter-jackson-4.0.0-M1.jar:/Users/leandro.yamaniha/.m2/repository/org/springframework/boot/spring-boot-jackson/4.0.0-M1/spring-boot-jackson-4.0.0-M1.jar:/Users/leandro.yamaniha/.m2/repository/com/fasterxml/jackson/datatype/jackson-datatype-jdk8/2.19.2/jackson-datatype-jdk8-2.19.2.jar:/Users/leandro.yamaniha/.m2/repository/com/fasterxml/jackson/module/jackson-module-parameter-names/2.19.2/jackson-module-parameter-names-2.19.2.jar:/Users/leandro.yamaniha/.m2/repository/org/springframework/boot/spring-boot-starter-tomcat/4.0.0-M1/spring-boot-starter-tomcat-4.0.0-M1.jar:/Users/leandro.yamaniha/.m2/repository/org/springframework/boot/spring-boot-tomcat/4.0.0-M1/spring-boot-tomcat-4.0.0-M1.jar:/Users/leandro.yamaniha/.m2/repository/org/springframework/boot/spring-boot-web-server/4.0.0-M1/spring-boot-web-server-4.0.0-M1.jar:/Users/leandro.yamaniha/.m2/repository/org/apache/tomcat/embed/tomcat-embed-core/11.0.9/tomcat-embed-core-11.0.9.jar:/Users/leandro.yamaniha/.m2/repository/org/apache/tomcat/embed/tomcat-embed-websocket/11.0.9/tomcat-embed-websocket-11.0.9.jar:/Users/leandro.yamaniha/.m2/repository/org/springframework/boot/spring-boot-http-converter/4.0.0-M1/spring-boot-http-converter-4.0.0-M1.jar:/Users/leandro.yamaniha/.m2/repository/org/springframework/spring-web/7.0.0-M7/spring-web-7.0.0-M7.jar:/Users/leandro.yamaniha/.m2/repository/org/springframework/boot/spring-boot-webmvc/4.0.0-M1/spring-boot-webmvc-4.0.0-M1.jar:/Users/leandro.yamaniha/.m2/repository/org/springframework/boot/spring-boot-servlet/4.0.0-M1/spring-boot-servlet-4.0.0-M1.jar:/Users/leandro.yamaniha/.m2/repository/org/springframework/boot/spring-boot-starter-data-cassandra/4.0.0-M1/spring-boot-starter-data-cassandra-4.0.0-M1.jar:/Users/leandro.yamaniha/.m2/repository/org/springframework/boot/spring-boot-starter-cassandra/4.0.0-M1/spring-boot-starter-cassandra-4.0.0-M1.jar:/Users/leandro.yamaniha/.m2/repository/org/springframework/boot/spring-boot-cassandra/4.0.0-M1/spring-boot-cassandra-4.0.0-M1.jar:/Users/leandro.yamaniha/.m2/repository/org/apache/cassandra/java-driver-core/4.19.0/java-driver-core-4.19.0.jar:/Users/leandro.yamaniha/.m2/repository/com/datastax/oss/native-protocol/1.5.1/native-protocol-1.5.1.jar:/Users/leandro.yamaniha/.m2/repository/org/apache/cassandra/java-driver-guava-shaded/4.19.0/java-driver-guava-shaded-4.19.0.jar:/Users/leandro.yamaniha/.m2/repository/com/typesafe/config/1.4.1/config-1.4.1.jar:/Users/leandro.yamaniha/.m2/repository/org/reactivestreams/reactive-streams/1.0.4/reactive-streams-1.0.4.jar:/Users/leandro.yamaniha/.m2/repository/org/springframework/boot/spring-boot-data-cassandra/4.0.0-M1/spring-boot-data-cassandra-4.0.0-M1.jar:/Users/leandro.yamaniha/.m2/repository/org/springframework/boot/spring-boot-data-commons/4.0.0-M1/spring-boot-data-commons-4.0.0-M1.jar:/Users/leandro.yamaniha/.m2/repository/org/springframework/data/spring-data-commons/4.0.0-M4/spring-data-commons-4.0.0-M4.jar:/Users/leandro.yamaniha/.m2/repository/org/springframework/data/spring-data-cassandra/5.0.0-M4/spring-data-cassandra-5.0.0-M4.jar:/Users/leandro.yamaniha/.m2/repository/org/springframework/spring-beans/7.0.0-M7/spring-beans-7.0.0-M7.jar:/Users/leandro.yamaniha/.m2/repository/org/springframework/spring-expression/7.0.0-M7/spring-expression-7.0.0-M7.jar:/Users/leandro.yamaniha/.m2/repository/org/springframework/spring-tx/7.0.0-M7/spring-tx-7.0.0-M7.jar:/Users/leandro.yamaniha/.m2/repository/org/apache/cassandra/java-driver-query-builder/4.19.0/java-driver-query-builder-4.19.0.jar:/Users/leandro.yamaniha/.m2/repository/org/springframework/boot/spring-boot-starter-validation/4.0.0-M1/spring-boot-starter-validation-4.0.0-M1.jar:/Users/leandro.yamaniha/.m2/repository/org/springframework/boot/spring-boot-starter/4.0.0-M1/spring-boot-starter-4.0.0-M1.jar:/Users/leandro.yamaniha/.m2/repository/org/springframework/boot/spring-boot-starter-logging/4.0.0-M1/spring-boot-starter-logging-4.0.0-M1.jar:/Users/leandro.yamaniha/.m2/repository/org/springframework/boot/spring-boot-starter-logback/4.0.0-M1/spring-boot-starter-logback-4.0.0-M1.jar:/Users/leandro.yamaniha/.m2/repository/ch/qos/logback/logback-classic/1.5.18/logback-classic-1.5.18.jar:/Users/leandro.yamaniha/.m2/repository/ch/qos/logback/logback-core/1.5.18/logback-core-1.5.18.jar:/Users/leandro.yamaniha/.m2/repository/org/apache/logging/log4j/log4j-to-slf4j/2.24.3/log4j-to-slf4j-2.24.3.jar:/Users/leandro.yamaniha/.m2/repository/org/apache/logging/log4j/log4j-api/2.24.3/log4j-api-2.24.3.jar:/Users/leandro.yamaniha/.m2/repository/org/slf4j/jul-to-slf4j/2.0.17/jul-to-slf4j-2.0.17.jar:/Users/leandro.yamaniha/.m2/repository/jakarta/annotation/jakarta.annotation-api/3.0.0/jakarta.annotation-api-3.0.0.jar:/Users/leandro.yamaniha/.m2/repository/org/yaml/snakeyaml/2.4/snakeyaml-2.4.jar:/Users/leandro.yamaniha/.m2/repository/org/springframework/boot/spring-boot-validation/4.0.0-M1/spring-boot-validation-4.0.0-M1.jar:/Users/leandro.yamaniha/.m2/repository/org/apache/tomcat/embed/tomcat-embed-el/11.0.9/tomcat-embed-el-11.0.9.jar:/Users/leandro.yamaniha/.m2/repository/org/hibernate/validator/hibernate-validator/9.0.1.Final/hibernate-validator-9.0.1.Final.jar:/Users/leandro.yamaniha/.m2/repository/jakarta/validation/jakarta.validation-api/3.1.1/jakarta.validation-api-3.1.1.jar:/Users/leandro.yamaniha/.m2/repository/org/jboss/logging/jboss-logging/3.6.1.Final/jboss-logging-3.6.1.Final.jar:/Users/leandro.yamaniha/.m2/repository/com/fasterxml/classmate/1.7.0/classmate-1.7.0.jar:/Users/leandro.yamaniha/.m2/repository/org/springframework/boot/spring-boot-starter-actuator/4.0.0-M1/spring-boot-starter-actuator-4.0.0-M1.jar:/Users/leandro.yamaniha/.m2/repository/org/springframework/boot/spring-boot-actuator-autoconfigure/4.0.0-M1/spring-boot-actuator-autoconfigure-4.0.0-M1.jar:/Users/leandro.yamaniha/.m2/repository/org/springframework/boot/spring-boot-actuator/4.0.0-M1/spring-boot-actuator-4.0.0-M1.jar:/Users/leandro.yamaniha/.m2/repository/com/fasterxml/jackson/datatype/jackson-datatype-jsr310/2.19.2/jackson-datatype-jsr310-2.19.2.jar:/Users/leandro.yamaniha/.m2/repository/org/springframework/boot/spring-boot-health/4.0.0-M1/spring-boot-health-4.0.0-M1.jar:/Users/leandro.yamaniha/.m2/repository/org/springframework/boot/spring-boot-metrics/4.0.0-M1/spring-boot-metrics-4.0.0-M1.jar:/Users/leandro.yamaniha/.m2/repository/org/springframework/boot/spring-boot-observation/4.0.0-M1/spring-boot-observation-4.0.0-M1.jar:/Users/leandro.yamaniha/.m2/repository/io/micrometer/micrometer-core/1.16.0-M1/micrometer-core-1.16.0-M1.jar:/Users/leandro.yamaniha/.m2/repository/org/hdrhistogram/HdrHistogram/2.2.2/HdrHistogram-2.2.2.jar:/Users/leandro.yamaniha/.m2/repository/org/latencyutils/LatencyUtils/2.0.3/LatencyUtils-2.0.3.jar:/Users/leandro.yamaniha/.m2/repository/org/springframework/boot/spring-boot-tracing/4.0.0-M1/spring-boot-tracing-4.0.0-M1.jar:/Users/leandro.yamaniha/.m2/repository/io/micrometer/micrometer-tracing/1.6.0-M1/micrometer-tracing-1.6.0-M1.jar:/Users/leandro.yamaniha/.m2/repository/io/micrometer/context-propagation/1.1.3/context-propagation-1.1.3.jar:/Users/leandro.yamaniha/.m2/repository/io/micrometer/micrometer-observation/1.16.0-M1/micrometer-observation-1.16.0-M1.jar:/Users/leandro.yamaniha/.m2/repository/org/jspecify/jspecify/1.0.0/jspecify-1.0.0.jar:/Users/leandro.yamaniha/.m2/repository/io/micrometer/micrometer-commons/1.16.0-M1/micrometer-commons-1.16.0-M1.jar:/Users/leandro.yamaniha/.m2/repository/io/micrometer/micrometer-jakarta9/1.16.0-M1/micrometer-jakarta9-1.16.0-M1.jar:/Users/leandro.yamaniha/.m2/repository/org/springframework/boot/spring-boot-devtools/4.0.0-M1/spring-boot-devtools-4.0.0-M1.jar:/Users/leandro.yamaniha/.m2/repository/org/springframework/boot/spring-boot/4.0.0-M1/spring-boot-4.0.0-M1.jar:/Users/leandro.yamaniha/.m2/repository/org/springframework/spring-context/7.0.0-M7/spring-context-7.0.0-M7.jar:/Users/leandro.yamaniha/.m2/repository/org/springframework/spring-aop/7.0.0-M7/spring-aop-7.0.0-M7.jar:/Users/leandro.yamaniha/.m2/repository/org/springframework/boot/spring-boot-autoconfigure/4.0.0-M1/spring-boot-autoconfigure-4.0.0-M1.jar:/Users/leandro.yamaniha/.m2/repository/org/springframework/boot/spring-boot-starter-test/4.0.0-M1/spring-boot-starter-test-4.0.0-M1.jar:/Users/leandro.yamaniha/.m2/repository/org/springframework/boot/spring-boot-restclient-test/4.0.0-M1/spring-boot-restclient-test-4.0.0-M1.jar:/Users/leandro.yamaniha/.m2/repository/org/springframework/boot/spring-boot-test-autoconfigure/4.0.0-M1/spring-boot-test-autoconfigure-4.0.0-M1.jar:/Users/leandro.yamaniha/.m2/repository/org/springframework/boot/spring-boot-web-server-test/4.0.0-M1/spring-boot-web-server-test-4.0.0-M1.jar:/Users/leandro.yamaniha/.m2/repository/com/jayway/jsonpath/json-path/2.9.0/json-path-2.9.0.jar:/Users/leandro.yamaniha/.m2/repository/jakarta/xml/bind/jakarta.xml.bind-api/4.0.2/jakarta.xml.bind-api-4.0.2.jar:/Users/leandro.yamaniha/.m2/repository/jakarta/activation/jakarta.activation-api/2.1.3/jakarta.activation-api-2.1.3.jar:/Users/leandro.yamaniha/.m2/repository/net/minidev/json-smart/2.5.2/json-smart-2.5.2.jar:/Users/leandro.yamaniha/.m2/repository/net/minidev/accessors-smart/2.5.2/accessors-smart-2.5.2.jar:/Users/leandro.yamaniha/.m2/repository/org/ow2/asm/asm/9.7.1/asm-9.7.1.jar:/Users/leandro.yamaniha/.m2/repository/org/assertj/assertj-core/3.27.3/assertj-core-3.27.3.jar:/Users/leandro.yamaniha/.m2/repository/net/bytebuddy/byte-buddy/1.17.6/byte-buddy-1.17.6.jar:/Users/leandro.yamaniha/.m2/repository/org/awaitility/awaitility/4.3.0/awaitility-4.3.0.jar:/Users/leandro.yamaniha/.m2/repository/org/hamcrest/hamcrest/3.0/hamcrest-3.0.jar:/Users/leandro.yamaniha/.m2/repository/org/junit/jupiter/junit-jupiter/5.13.4/junit-jupiter-5.13.4.jar:/Users/leandro.yamaniha/.m2/repository/org/junit/jupiter/junit-jupiter-api/5.13.4/junit-jupiter-api-5.13.4.jar:/Users/leandro.yamaniha/.m2/repository/org/junit/jupiter/junit-jupiter-params/5.13.4/junit-jupiter-params-5.13.4.jar:/Users/leandro.yamaniha/.m2/repository/org/junit/jupiter/junit-jupiter-engine/5.13.4/junit-jupiter-engine-5.13.4.jar:/Users/leandro.yamaniha/.m2/repository/org/mockito/mockito-core/5.18.0/mockito-core-5.18.0.jar:/Users/leandro.yamaniha/.m2/repository/net/bytebuddy/byte-buddy-agent/1.17.6/byte-buddy-agent-1.17.6.jar:/Users/leandro.yamaniha/.m2/repository/org/objenesis/objenesis/3.3/objenesis-3.3.jar:/Users/leandro.yamaniha/.m2/repository/org/mockito/mockito-junit-jupiter/5.18.0/mockito-junit-jupiter-5.18.0.jar:/Users/leandro.yamaniha/.m2/repository/org/skyscreamer/jsonassert/1.5.3/jsonassert-1.5.3.jar:/Users/leandro.yamaniha/.m2/repository/com/vaadin/external/google/android-json/0.0.20131108.vaadin1/android-json-0.0.20131108.vaadin1.jar:/Users/leandro.yamaniha/.m2/repository/org/springframework/spring-core/7.0.0-M7/spring-core-7.0.0-M7.jar:/Users/leandro.yamaniha/.m2/repository/commons-logging/commons-logging/1.3.5/commons-logging-1.3.5.jar:/Users/leandro.yamaniha/.m2/repository/org/springframework/spring-test/7.0.0-M7/spring-test-7.0.0-M7.jar:/Users/leandro.yamaniha/.m2/repository/org/xmlunit/xmlunit-core/2.10.3/xmlunit-core-2.10.3.jar:/Users/leandro.yamaniha/.m2/repository/org/springframework/boot/spring-boot-test/4.0.0-M1/spring-boot-test-4.0.0-M1.jar:/Users/leandro.yamaniha/.m2/repository/com/fasterxml/jackson/core/jackson-databind/2.19.2/jackson-databind-2.19.2.jar:/Users/leandro.yamaniha/.m2/repository/com/fasterxml/jackson/core/jackson-annotations/2.19.2/jackson-annotations-2.19.2.jar:/Users/leandro.yamaniha/.m2/repository/com/fasterxml/jackson/core/jackson-core/2.19.2/jackson-core-2.19.2.jar:/Users/leandro.yamaniha/.m2/repository/org/springdoc/springdoc-openapi-starter-webmvc-ui/2.2.0/springdoc-openapi-starter-webmvc-ui-2.2.0.jar:/Users/leandro.yamaniha/.m2/repository/org/springdoc/springdoc-openapi-starter-webmvc-api/2.2.0/springdoc-openapi-starter-webmvc-api-2.2.0.jar:/Users/leandro.yamaniha/.m2/repository/org/springdoc/springdoc-openapi-starter-common/2.2.0/springdoc-openapi-starter-common-2.2.0.jar:/Users/leandro.yamaniha/.m2/repository/io/swagger/core/v3/swagger-core-jakarta/2.2.15/swagger-core-jakarta-2.2.15.jar:/Users/leandro.yamaniha/.m2/repository/org/apache/commons/commons-lang3/3.18.0/commons-lang3-3.18.0.jar:/Users/leandro.yamaniha/.m2/repository/io/swagger/core/v3/swagger-annotations-jakarta/2.2.15/swagger-annotations-jakarta-2.2.15.jar:/Users/leandro.yamaniha/.m2/repository/io/swagger/core/v3/swagger-models-jakarta/2.2.15/swagger-models-jakarta-2.2.15.jar:/Users/leandro.yamaniha/.m2/repository/com/fasterxml/jackson/dataformat/jackson-dataformat-yaml/2.19.2/jackson-dataformat-yaml-2.19.2.jar:/Users/leandro.yamaniha/.m2/repository/org/springframework/spring-webmvc/7.0.0-M7/spring-webmvc-7.0.0-M7.jar:/Users/leandro.yamaniha/.m2/repository/org/webjars/swagger-ui/5.2.0/swagger-ui-5.2.0.jar:/Users/leandro.yamaniha/.m2/repository/io/cucumber/cucumber-java/7.18.0/cucumber-java-7.18.0.jar:/Users/leandro.yamaniha/.m2/repository/io/cucumber/cucumber-core/7.18.0/cucumber-core-7.18.0.jar:/Users/leandro.yamaniha/.m2/repository/io/cucumber/cucumber-gherkin/7.18.0/cucumber-gherkin-7.18.0.jar:/Users/leandro.yamaniha/.m2/repository/io/cucumber/cucumber-gherkin-messages/7.18.0/cucumber-gherkin-messages-7.18.0.jar:/Users/leandro.yamaniha/.m2/repository/io/cucumber/gherkin/28.0.0/gherkin-28.0.0.jar:/Users/leandro.yamaniha/.m2/repository/io/cucumber/messages/24.1.0/messages-24.1.0.jar:/Users/leandro.yamaniha/.m2/repository/io/cucumber/testng-xml-formatter/0.1.0/testng-xml-formatter-0.1.0.jar:/Users/leandro.yamaniha/.m2/repository/io/cucumber/query/12.2.0/query-12.2.0.jar:/Users/leandro.yamaniha/.m2/repository/io/cucumber/tag-expressions/6.1.0/tag-expressions-6.1.0.jar:/Users/leandro.yamaniha/.m2/repository/io/cucumber/cucumber-expressions/17.1.0/cucumber-expressions-17.1.0.jar:/Users/leandro.yamaniha/.m2/repository/io/cucumber/datatable/7.18.0/datatable-7.18.0.jar:/Users/leandro.yamaniha/.m2/repository/io/cucumber/cucumber-plugin/7.18.0/cucumber-plugin-7.18.0.jar:/Users/leandro.yamaniha/.m2/repository/io/cucumber/docstring/7.18.0/docstring-7.18.0.jar:/Users/leandro.yamaniha/.m2/repository/io/cucumber/html-formatter/21.3.1/html-formatter-21.3.1.jar:/Users/leandro.yamaniha/.m2/repository/io/cucumber/junit-xml-formatter/0.4.0/junit-xml-formatter-0.4.0.jar:/Users/leandro.yamaniha/.m2/repository/io/cucumber/ci-environment/10.0.1/ci-environment-10.0.1.jar:/Users/leandro.yamaniha/.m2/repository/org/apiguardian/apiguardian-api/1.1.2/apiguardian-api-1.1.2.jar:/Users/leandro.yamaniha/.m2/repository/io/cucumber/cucumber-spring/7.18.0/cucumber-spring-7.18.0.jar:/Users/leandro.yamaniha/.m2/repository/io/cucumber/cucumber-junit-platform-engine/7.18.0/cucumber-junit-platform-engine-7.18.0.jar:/Users/leandro.yamaniha/.m2/repository/org/junit/platform/junit-platform-engine/1.13.4/junit-platform-engine-1.13.4.jar:/Users/leandro.yamaniha/.m2/repository/org/opentest4j/opentest4j/1.3.0/opentest4j-1.3.0.jar:/Users/leandro.yamaniha/.m2/repository/org/junit/platform/junit-platform-commons/1.13.4/junit-platform-commons-1.13.4.jar:/Users/leandro.yamaniha/.m2/repository/org/testcontainers/testcontainers/1.19.8/testcontainers-1.19.8.jar:/Users/leandro.yamaniha/.m2/repository/junit/junit/4.13.2/junit-4.13.2.jar:/Users/leandro.yamaniha/.m2/repository/org/hamcrest/hamcrest-core/3.0/hamcrest-core-3.0.jar:/Users/leandro.yamaniha/.m2/repository/org/slf4j/slf4j-api/2.0.17/slf4j-api-2.0.17.jar:/Users/leandro.yamaniha/.m2/repository/org/apache/commons/commons-compress/1.24.0/commons-compress-1.24.0.jar:/Users/leandro.yamaniha/.m2/repository/org/rnorth/duct-tape/duct-tape/1.0.8/duct-tape-1.0.8.jar:/Users/leandro.yamaniha/.m2/repository/org/jetbrains/annotations/17.0.0/annotations-17.0.0.jar:/Users/leandro.yamaniha/.m2/repository/com/github/docker-java/docker-java-api/3.3.6/docker-java-api-3.3.6.jar:/Users/leandro.yamaniha/.m2/repository/com/github/docker-java/docker-java-transport-zerodep/3.3.6/docker-java-transport-zerodep-3.3.6.jar:/Users/leandro.yamaniha/.m2/repository/com/github/docker-java/docker-java-transport/3.3.6/docker-java-transport-3.3.6.jar:/Users/leandro.yamaniha/.m2/repository/net/java/dev/jna/jna/5.13.0/jna-5.13.0.jar:/Users/leandro.yamaniha/.m2/repository/org/testcontainers/junit-jupiter/1.19.8/junit-jupiter-1.19.8.jar:/Users/leandro.yamaniha/.m2/repository/org/testcontainers/cassandra/1.19.8/cassandra-1.19.8.jar:/Users/leandro.yamaniha/.m2/repository/org/testcontainers/database-commons/1.21.3/database-commons-1.21.3.jar:/Users/leandro.yamaniha/.m2/repository/com/datastax/cassandra/cassandra-driver-core/3.10.0/cassandra-driver-core-3.10.0.jar:/Users/leandro.yamaniha/.m2/repository/io/netty/netty-handler/4.2.3.Final/netty-handler-4.2.3.Final.jar:/Users/leandro.yamaniha/.m2/repository/io/netty/netty-common/4.2.3.Final/netty-common-4.2.3.Final.jar:/Users/leandro.yamaniha/.m2/repository/io/netty/netty-resolver/4.2.3.Final/netty-resolver-4.2.3.Final.jar:/Users/leandro.yamaniha/.m2/repository/io/netty/netty-buffer/4.2.3.Final/netty-buffer-4.2.3.Final.jar:/Users/leandro.yamaniha/.m2/repository/io/netty/netty-transport/4.2.3.Final/netty-transport-4.2.3.Final.jar:/Users/leandro.yamaniha/.m2/repository/io/netty/netty-transport-native-unix-common/4.2.3.Final/netty-transport-native-unix-common-4.2.3.Final.jar:/Users/leandro.yamaniha/.m2/repository/io/netty/netty-codec-base/4.2.3.Final/netty-codec-base-4.2.3.Final.jar:/Users/leandro.yamaniha/.m2/repository/com/google/guava/guava/19.0/guava-19.0.jar:/Users/leandro.yamaniha/.m2/repository/io/dropwizard/metrics/metrics-core/3.2.2/metrics-core-3.2.2.jar:/Users/leandro.yamaniha/.m2/repository/com/github/jnr/jnr-ffi/2.1.7/jnr-ffi-2.1.7.jar:/Users/leandro.yamaniha/.m2/repository/com/github/jnr/jffi/1.2.16/jffi-1.2.16.jar:/Users/leandro.yamaniha/.m2/repository/com/github/jnr/jffi/1.2.16/jffi-1.2.16-native.jar:/Users/leandro.yamaniha/.m2/repository/org/ow2/asm/asm-commons/5.0.3/asm-commons-5.0.3.jar:/Users/leandro.yamaniha/.m2/repository/org/ow2/asm/asm-analysis/5.0.3/asm-analysis-5.0.3.jar:/Users/leandro.yamaniha/.m2/repository/org/ow2/asm/asm-tree/5.0.3/asm-tree-5.0.3.jar:/Users/leandro.yamaniha/.m2/repository/org/ow2/asm/asm-util/5.0.3/asm-util-5.0.3.jar:/Users/leandro.yamaniha/.m2/repository/com/github/jnr/jnr-x86asm/1.0.2/jnr-x86asm-1.0.2.jar:/Users/leandro.yamaniha/.m2/repository/com/github/jnr/jnr-posix/3.0.44/jnr-posix-3.0.44.jar:/Users/leandro.yamaniha/.m2/repository/com/github/jnr/jnr-constants/0.9.9/jnr-constants-0.9.9.jar:/Users/leandro.yamaniha/.m2/repository/org/junit/platform/junit-platform-suite/1.13.4/junit-platform-suite-1.13.4.jar:/Users/leandro.yamaniha/.m2/repository/org/junit/platform/junit-platform-suite-api/1.13.4/junit-platform-suite-api-1.13.4.jar:/Users/leandro.yamaniha/.m2/repository/org/junit/platform/junit-platform-suite-engine/1.13.4/junit-platform-suite-engine-1.13.4.jar:/Users/leandro.yamaniha/.m2/repository/org/junit/platform/junit-platform-suite-commons/1.13.4/junit-platform-suite-commons-1.13.4.jar:/Users/leandro.yamaniha/.m2/repository/org/junit/platform/junit-platform-launcher/1.13.4/junit-platform-launcher-1.13.4.jar:"/>
    <property name="java.vm.vendor" value="Oracle Corporation"/>
    <property name="sun.arch.data.model" value="64"/>
    <property name="java.vendor.url" value="https://java.oracle.com/"/>
    <property name="user.timezone" value="America/Sao_Paulo"/>
    <property name="org.jboss.logging.provider" value="slf4j"/>
    <property name="os.name" value="Mac OS X"/>
    <property name="java.vm.specification.version" value="24"/>
    <property name="APPLICATION_NAME" value="beauty-salon-backend"/>
    <property name="sun.java.launcher" value="SUN_STANDARD"/>
    <property name="user.country" value="BR"/>
    <property name="sun.boot.library.path" value="/Users/leandro.yamaniha/.sdkman/candidates/java/24.0.1-open/lib"/>
    <property name="sun.java.command" value="/Volumes/Dock/ai/ide/windsurf/beauty-salon-app/backend/target/surefire/surefirebooter-20250809221506839_3.jar /Volumes/Dock/ai/ide/windsurf/beauty-salon-app/backend/target/surefire 2025-08-09T22-15-06_809-jvmRun1 surefire-20250809221506839_1tmp surefire_0-20250809221506839_2tmp"/>
    <property name="http.nonProxyHosts" value="local|*.local|169.254/16|*.169.254/16"/>
    <property name="jdk.debug" value="release"/>
    <property name="test" value="*Integration*,RunCucumberTest"/>
    <property name="surefire.test.class.path" value="/Volumes/Dock/ai/ide/windsurf/beauty-salon-app/backend/target/test-classes:/Volumes/Dock/ai/ide/windsurf/beauty-salon-app/backend/target/classes:/Users/leandro.yamaniha/.m2/repository/org/springframework/boot/spring-boot-starter-web/4.0.0-M1/spring-boot-starter-web-4.0.0-M1.jar:/Users/leandro.yamaniha/.m2/repository/org/springframework/boot/spring-boot-starter-webmvc/4.0.0-M1/spring-boot-starter-webmvc-4.0.0-M1.jar:/Users/leandro.yamaniha/.m2/repository/org/springframework/boot/spring-boot-starter-json/4.0.0-M1/spring-boot-starter-json-4.0.0-M1.jar:/Users/leandro.yamaniha/.m2/repository/org/springframework/boot/spring-boot-starter-jackson/4.0.0-M1/spring-boot-starter-jackson-4.0.0-M1.jar:/Users/leandro.yamaniha/.m2/repository/org/springframework/boot/spring-boot-jackson/4.0.0-M1/spring-boot-jackson-4.0.0-M1.jar:/Users/leandro.yamaniha/.m2/repository/com/fasterxml/jackson/datatype/jackson-datatype-jdk8/2.19.2/jackson-datatype-jdk8-2.19.2.jar:/Users/leandro.yamaniha/.m2/repository/com/fasterxml/jackson/module/jackson-module-parameter-names/2.19.2/jackson-module-parameter-names-2.19.2.jar:/Users/leandro.yamaniha/.m2/repository/org/springframework/boot/spring-boot-starter-tomcat/4.0.0-M1/spring-boot-starter-tomcat-4.0.0-M1.jar:/Users/leandro.yamaniha/.m2/repository/org/springframework/boot/spring-boot-tomcat/4.0.0-M1/spring-boot-tomcat-4.0.0-M1.jar:/Users/leandro.yamaniha/.m2/repository/org/springframework/boot/spring-boot-web-server/4.0.0-M1/spring-boot-web-server-4.0.0-M1.jar:/Users/leandro.yamaniha/.m2/repository/org/apache/tomcat/embed/tomcat-embed-core/11.0.9/tomcat-embed-core-11.0.9.jar:/Users/leandro.yamaniha/.m2/repository/org/apache/tomcat/embed/tomcat-embed-websocket/11.0.9/tomcat-embed-websocket-11.0.9.jar:/Users/leandro.yamaniha/.m2/repository/org/springframework/boot/spring-boot-http-converter/4.0.0-M1/spring-boot-http-converter-4.0.0-M1.jar:/Users/leandro.yamaniha/.m2/repository/org/springframework/spring-web/7.0.0-M7/spring-web-7.0.0-M7.jar:/Users/leandro.yamaniha/.m2/repository/org/springframework/boot/spring-boot-webmvc/4.0.0-M1/spring-boot-webmvc-4.0.0-M1.jar:/Users/leandro.yamaniha/.m2/repository/org/springframework/boot/spring-boot-servlet/4.0.0-M1/spring-boot-servlet-4.0.0-M1.jar:/Users/leandro.yamaniha/.m2/repository/org/springframework/boot/spring-boot-starter-data-cassandra/4.0.0-M1/spring-boot-starter-data-cassandra-4.0.0-M1.jar:/Users/leandro.yamaniha/.m2/repository/org/springframework/boot/spring-boot-starter-cassandra/4.0.0-M1/spring-boot-starter-cassandra-4.0.0-M1.jar:/Users/leandro.yamaniha/.m2/repository/org/springframework/boot/spring-boot-cassandra/4.0.0-M1/spring-boot-cassandra-4.0.0-M1.jar:/Users/leandro.yamaniha/.m2/repository/org/apache/cassandra/java-driver-core/4.19.0/java-driver-core-4.19.0.jar:/Users/leandro.yamaniha/.m2/repository/com/datastax/oss/native-protocol/1.5.1/native-protocol-1.5.1.jar:/Users/leandro.yamaniha/.m2/repository/org/apache/cassandra/java-driver-guava-shaded/4.19.0/java-driver-guava-shaded-4.19.0.jar:/Users/leandro.yamaniha/.m2/repository/com/typesafe/config/1.4.1/config-1.4.1.jar:/Users/leandro.yamaniha/.m2/repository/org/reactivestreams/reactive-streams/1.0.4/reactive-streams-1.0.4.jar:/Users/leandro.yamaniha/.m2/repository/org/springframework/boot/spring-boot-data-cassandra/4.0.0-M1/spring-boot-data-cassandra-4.0.0-M1.jar:/Users/leandro.yamaniha/.m2/repository/org/springframework/boot/spring-boot-data-commons/4.0.0-M1/spring-boot-data-commons-4.0.0-M1.jar:/Users/leandro.yamaniha/.m2/repository/org/springframework/data/spring-data-commons/4.0.0-M4/spring-data-commons-4.0.0-M4.jar:/Users/leandro.yamaniha/.m2/repository/org/springframework/data/spring-data-cassandra/5.0.0-M4/spring-data-cassandra-5.0.0-M4.jar:/Users/leandro.yamaniha/.m2/repository/org/springframework/spring-beans/7.0.0-M7/spring-beans-7.0.0-M7.jar:/Users/leandro.yamaniha/.m2/repository/org/springframework/spring-expression/7.0.0-M7/spring-expression-7.0.0-M7.jar:/Users/leandro.yamaniha/.m2/repository/org/springframework/spring-tx/7.0.0-M7/spring-tx-7.0.0-M7.jar:/Users/leandro.yamaniha/.m2/repository/org/apache/cassandra/java-driver-query-builder/4.19.0/java-driver-query-builder-4.19.0.jar:/Users/leandro.yamaniha/.m2/repository/org/springframework/boot/spring-boot-starter-validation/4.0.0-M1/spring-boot-starter-validation-4.0.0-M1.jar:/Users/leandro.yamaniha/.m2/repository/org/springframework/boot/spring-boot-starter/4.0.0-M1/spring-boot-starter-4.0.0-M1.jar:/Users/leandro.yamaniha/.m2/repository/org/springframework/boot/spring-boot-starter-logging/4.0.0-M1/spring-boot-starter-logging-4.0.0-M1.jar:/Users/leandro.yamaniha/.m2/repository/org/springframework/boot/spring-boot-starter-logback/4.0.0-M1/spring-boot-starter-logback-4.0.0-M1.jar:/Users/leandro.yamaniha/.m2/repository/ch/qos/logback/logback-classic/1.5.18/logback-classic-1.5.18.jar:/Users/leandro.yamaniha/.m2/repository/ch/qos/logback/logback-core/1.5.18/logback-core-1.5.18.jar:/Users/leandro.yamaniha/.m2/repository/org/apache/logging/log4j/log4j-to-slf4j/2.24.3/log4j-to-slf4j-2.24.3.jar:/Users/leandro.yamaniha/.m2/repository/org/apache/logging/log4j/log4j-api/2.24.3/log4j-api-2.24.3.jar:/Users/leandro.yamaniha/.m2/repository/org/slf4j/jul-to-slf4j/2.0.17/jul-to-slf4j-2.0.17.jar:/Users/leandro.yamaniha/.m2/repository/jakarta/annotation/jakarta.annotation-api/3.0.0/jakarta.annotation-api-3.0.0.jar:/Users/leandro.yamaniha/.m2/repository/org/yaml/snakeyaml/2.4/snakeyaml-2.4.jar:/Users/leandro.yamaniha/.m2/repository/org/springframework/boot/spring-boot-validation/4.0.0-M1/spring-boot-validation-4.0.0-M1.jar:/Users/leandro.yamaniha/.m2/repository/org/apache/tomcat/embed/tomcat-embed-el/11.0.9/tomcat-embed-el-11.0.9.jar:/Users/leandro.yamaniha/.m2/repository/org/hibernate/validator/hibernate-validator/9.0.1.Final/hibernate-validator-9.0.1.Final.jar:/Users/leandro.yamaniha/.m2/repository/jakarta/validation/jakarta.validation-api/3.1.1/jakarta.validation-api-3.1.1.jar:/Users/leandro.yamaniha/.m2/repository/org/jboss/logging/jboss-logging/3.6.1.Final/jboss-logging-3.6.1.Final.jar:/Users/leandro.yamaniha/.m2/repository/com/fasterxml/classmate/1.7.0/classmate-1.7.0.jar:/Users/leandro.yamaniha/.m2/repository/org/springframework/boot/spring-boot-starter-actuator/4.0.0-M1/spring-boot-starter-actuator-4.0.0-M1.jar:/Users/leandro.yamaniha/.m2/repository/org/springframework/boot/spring-boot-actuator-autoconfigure/4.0.0-M1/spring-boot-actuator-autoconfigure-4.0.0-M1.jar:/Users/leandro.yamaniha/.m2/repository/org/springframework/boot/spring-boot-actuator/4.0.0-M1/spring-boot-actuator-4.0.0-M1.jar:/Users/leandro.yamaniha/.m2/repository/com/fasterxml/jackson/datatype/jackson-datatype-jsr310/2.19.2/jackson-datatype-jsr310-2.19.2.jar:/Users/leandro.yamaniha/.m2/repository/org/springframework/boot/spring-boot-health/4.0.0-M1/spring-boot-health-4.0.0-M1.jar:/Users/leandro.yamaniha/.m2/repository/org/springframework/boot/spring-boot-metrics/4.0.0-M1/spring-boot-metrics-4.0.0-M1.jar:/Users/leandro.yamaniha/.m2/repository/org/springframework/boot/spring-boot-observation/4.0.0-M1/spring-boot-observation-4.0.0-M1.jar:/Users/leandro.yamaniha/.m2/repository/io/micrometer/micrometer-core/1.16.0-M1/micrometer-core-1.16.0-M1.jar:/Users/leandro.yamaniha/.m2/repository/org/hdrhistogram/HdrHistogram/2.2.2/HdrHistogram-2.2.2.jar:/Users/leandro.yamaniha/.m2/repository/org/latencyutils/LatencyUtils/2.0.3/LatencyUtils-2.0.3.jar:/Users/leandro.yamaniha/.m2/repository/org/springframework/boot/spring-boot-tracing/4.0.0-M1/spring-boot-tracing-4.0.0-M1.jar:/Users/leandro.yamaniha/.m2/repository/io/micrometer/micrometer-tracing/1.6.0-M1/micrometer-tracing-1.6.0-M1.jar:/Users/leandro.yamaniha/.m2/repository/io/micrometer/context-propagation/1.1.3/context-propagation-1.1.3.jar:/Users/leandro.yamaniha/.m2/repository/io/micrometer/micrometer-observation/1.16.0-M1/micrometer-observation-1.16.0-M1.jar:/Users/leandro.yamaniha/.m2/repository/org/jspecify/jspecify/1.0.0/jspecify-1.0.0.jar:/Users/leandro.yamaniha/.m2/repository/io/micrometer/micrometer-commons/1.16.0-M1/micrometer-commons-1.16.0-M1.jar:/Users/leandro.yamaniha/.m2/repository/io/micrometer/micrometer-jakarta9/1.16.0-M1/micrometer-jakarta9-1.16.0-M1.jar:/Users/leandro.yamaniha/.m2/repository/org/springframework/boot/spring-boot-devtools/4.0.0-M1/spring-boot-devtools-4.0.0-M1.jar:/Users/leandro.yamaniha/.m2/repository/org/springframework/boot/spring-boot/4.0.0-M1/spring-boot-4.0.0-M1.jar:/Users/leandro.yamaniha/.m2/repository/org/springframework/spring-context/7.0.0-M7/spring-context-7.0.0-M7.jar:/Users/leandro.yamaniha/.m2/repository/org/springframework/spring-aop/7.0.0-M7/spring-aop-7.0.0-M7.jar:/Users/leandro.yamaniha/.m2/repository/org/springframework/boot/spring-boot-autoconfigure/4.0.0-M1/spring-boot-autoconfigure-4.0.0-M1.jar:/Users/leandro.yamaniha/.m2/repository/org/springframework/boot/spring-boot-starter-test/4.0.0-M1/spring-boot-starter-test-4.0.0-M1.jar:/Users/leandro.yamaniha/.m2/repository/org/springframework/boot/spring-boot-restclient-test/4.0.0-M1/spring-boot-restclient-test-4.0.0-M1.jar:/Users/leandro.yamaniha/.m2/repository/org/springframework/boot/spring-boot-test-autoconfigure/4.0.0-M1/spring-boot-test-autoconfigure-4.0.0-M1.jar:/Users/leandro.yamaniha/.m2/repository/org/springframework/boot/spring-boot-web-server-test/4.0.0-M1/spring-boot-web-server-test-4.0.0-M1.jar:/Users/leandro.yamaniha/.m2/repository/com/jayway/jsonpath/json-path/2.9.0/json-path-2.9.0.jar:/Users/leandro.yamaniha/.m2/repository/jakarta/xml/bind/jakarta.xml.bind-api/4.0.2/jakarta.xml.bind-api-4.0.2.jar:/Users/leandro.yamaniha/.m2/repository/jakarta/activation/jakarta.activation-api/2.1.3/jakarta.activation-api-2.1.3.jar:/Users/leandro.yamaniha/.m2/repository/net/minidev/json-smart/2.5.2/json-smart-2.5.2.jar:/Users/leandro.yamaniha/.m2/repository/net/minidev/accessors-smart/2.5.2/accessors-smart-2.5.2.jar:/Users/leandro.yamaniha/.m2/repository/org/ow2/asm/asm/9.7.1/asm-9.7.1.jar:/Users/leandro.yamaniha/.m2/repository/org/assertj/assertj-core/3.27.3/assertj-core-3.27.3.jar:/Users/leandro.yamaniha/.m2/repository/net/bytebuddy/byte-buddy/1.17.6/byte-buddy-1.17.6.jar:/Users/leandro.yamaniha/.m2/repository/org/awaitility/awaitility/4.3.0/awaitility-4.3.0.jar:/Users/leandro.yamaniha/.m2/repository/org/hamcrest/hamcrest/3.0/hamcrest-3.0.jar:/Users/leandro.yamaniha/.m2/repository/org/junit/jupiter/junit-jupiter/5.13.4/junit-jupiter-5.13.4.jar:/Users/leandro.yamaniha/.m2/repository/org/junit/jupiter/junit-jupiter-api/5.13.4/junit-jupiter-api-5.13.4.jar:/Users/leandro.yamaniha/.m2/repository/org/junit/jupiter/junit-jupiter-params/5.13.4/junit-jupiter-params-5.13.4.jar:/Users/leandro.yamaniha/.m2/repository/org/junit/jupiter/junit-jupiter-engine/5.13.4/junit-jupiter-engine-5.13.4.jar:/Users/leandro.yamaniha/.m2/repository/org/mockito/mockito-core/5.18.0/mockito-core-5.18.0.jar:/Users/leandro.yamaniha/.m2/repository/net/bytebuddy/byte-buddy-agent/1.17.6/byte-buddy-agent-1.17.6.jar:/Users/leandro.yamaniha/.m2/repository/org/objenesis/objenesis/3.3/objenesis-3.3.jar:/Users/leandro.yamaniha/.m2/repository/org/mockito/mockito-junit-jupiter/5.18.0/mockito-junit-jupiter-5.18.0.jar:/Users/leandro.yamaniha/.m2/repository/org/skyscreamer/jsonassert/1.5.3/jsonassert-1.5.3.jar:/Users/leandro.yamaniha/.m2/repository/com/vaadin/external/google/android-json/0.0.20131108.vaadin1/android-json-0.0.20131108.vaadin1.jar:/Users/leandro.yamaniha/.m2/repository/org/springframework/spring-core/7.0.0-M7/spring-core-7.0.0-M7.jar:/Users/leandro.yamaniha/.m2/repository/commons-logging/commons-logging/1.3.5/commons-logging-1.3.5.jar:/Users/leandro.yamaniha/.m2/repository/org/springframework/spring-test/7.0.0-M7/spring-test-7.0.0-M7.jar:/Users/leandro.yamaniha/.m2/repository/org/xmlunit/xmlunit-core/2.10.3/xmlunit-core-2.10.3.jar:/Users/leandro.yamaniha/.m2/repository/org/springframework/boot/spring-boot-test/4.0.0-M1/spring-boot-test-4.0.0-M1.jar:/Users/leandro.yamaniha/.m2/repository/com/fasterxml/jackson/core/jackson-databind/2.19.2/jackson-databind-2.19.2.jar:/Users/leandro.yamaniha/.m2/repository/com/fasterxml/jackson/core/jackson-annotations/2.19.2/jackson-annotations-2.19.2.jar:/Users/leandro.yamaniha/.m2/repository/com/fasterxml/jackson/core/jackson-core/2.19.2/jackson-core-2.19.2.jar:/Users/leandro.yamaniha/.m2/repository/org/springdoc/springdoc-openapi-starter-webmvc-ui/2.2.0/springdoc-openapi-starter-webmvc-ui-2.2.0.jar:/Users/leandro.yamaniha/.m2/repository/org/springdoc/springdoc-openapi-starter-webmvc-api/2.2.0/springdoc-openapi-starter-webmvc-api-2.2.0.jar:/Users/leandro.yamaniha/.m2/repository/org/springdoc/springdoc-openapi-starter-common/2.2.0/springdoc-openapi-starter-common-2.2.0.jar:/Users/leandro.yamaniha/.m2/repository/io/swagger/core/v3/swagger-core-jakarta/2.2.15/swagger-core-jakarta-2.2.15.jar:/Users/leandro.yamaniha/.m2/repository/org/apache/commons/commons-lang3/3.18.0/commons-lang3-3.18.0.jar:/Users/leandro.yamaniha/.m2/repository/io/swagger/core/v3/swagger-annotations-jakarta/2.2.15/swagger-annotations-jakarta-2.2.15.jar:/Users/leandro.yamaniha/.m2/repository/io/swagger/core/v3/swagger-models-jakarta/2.2.15/swagger-models-jakarta-2.2.15.jar:/Users/leandro.yamaniha/.m2/repository/com/fasterxml/jackson/dataformat/jackson-dataformat-yaml/2.19.2/jackson-dataformat-yaml-2.19.2.jar:/Users/leandro.yamaniha/.m2/repository/org/springframework/spring-webmvc/7.0.0-M7/spring-webmvc-7.0.0-M7.jar:/Users/leandro.yamaniha/.m2/repository/org/webjars/swagger-ui/5.2.0/swagger-ui-5.2.0.jar:/Users/leandro.yamaniha/.m2/repository/io/cucumber/cucumber-java/7.18.0/cucumber-java-7.18.0.jar:/Users/leandro.yamaniha/.m2/repository/io/cucumber/cucumber-core/7.18.0/cucumber-core-7.18.0.jar:/Users/leandro.yamaniha/.m2/repository/io/cucumber/cucumber-gherkin/7.18.0/cucumber-gherkin-7.18.0.jar:/Users/leandro.yamaniha/.m2/repository/io/cucumber/cucumber-gherkin-messages/7.18.0/cucumber-gherkin-messages-7.18.0.jar:/Users/leandro.yamaniha/.m2/repository/io/cucumber/gherkin/28.0.0/gherkin-28.0.0.jar:/Users/leandro.yamaniha/.m2/repository/io/cucumber/messages/24.1.0/messages-24.1.0.jar:/Users/leandro.yamaniha/.m2/repository/io/cucumber/testng-xml-formatter/0.1.0/testng-xml-formatter-0.1.0.jar:/Users/leandro.yamaniha/.m2/repository/io/cucumber/query/12.2.0/query-12.2.0.jar:/Users/leandro.yamaniha/.m2/repository/io/cucumber/tag-expressions/6.1.0/tag-expressions-6.1.0.jar:/Users/leandro.yamaniha/.m2/repository/io/cucumber/cucumber-expressions/17.1.0/cucumber-expressions-17.1.0.jar:/Users/leandro.yamaniha/.m2/repository/io/cucumber/datatable/7.18.0/datatable-7.18.0.jar:/Users/leandro.yamaniha/.m2/repository/io/cucumber/cucumber-plugin/7.18.0/cucumber-plugin-7.18.0.jar:/Users/leandro.yamaniha/.m2/repository/io/cucumber/docstring/7.18.0/docstring-7.18.0.jar:/Users/leandro.yamaniha/.m2/repository/io/cucumber/html-formatter/21.3.1/html-formatter-21.3.1.jar:/Users/leandro.yamaniha/.m2/repository/io/cucumber/junit-xml-formatter/0.4.0/junit-xml-formatter-0.4.0.jar:/Users/leandro.yamaniha/.m2/repository/io/cucumber/ci-environment/10.0.1/ci-environment-10.0.1.jar:/Users/leandro.yamaniha/.m2/repository/org/apiguardian/apiguardian-api/1.1.2/apiguardian-api-1.1.2.jar:/Users/leandro.yamaniha/.m2/repository/io/cucumber/cucumber-spring/7.18.0/cucumber-spring-7.18.0.jar:/Users/leandro.yamaniha/.m2/repository/io/cucumber/cucumber-junit-platform-engine/7.18.0/cucumber-junit-platform-engine-7.18.0.jar:/Users/leandro.yamaniha/.m2/repository/org/junit/platform/junit-platform-engine/1.13.4/junit-platform-engine-1.13.4.jar:/Users/leandro.yamaniha/.m2/repository/org/opentest4j/opentest4j/1.3.0/opentest4j-1.3.0.jar:/Users/leandro.yamaniha/.m2/repository/org/junit/platform/junit-platform-commons/1.13.4/junit-platform-commons-1.13.4.jar:/Users/leandro.yamaniha/.m2/repository/org/testcontainers/testcontainers/1.19.8/testcontainers-1.19.8.jar:/Users/leandro.yamaniha/.m2/repository/junit/junit/4.13.2/junit-4.13.2.jar:/Users/leandro.yamaniha/.m2/repository/org/hamcrest/hamcrest-core/3.0/hamcrest-core-3.0.jar:/Users/leandro.yamaniha/.m2/repository/org/slf4j/slf4j-api/2.0.17/slf4j-api-2.0.17.jar:/Users/leandro.yamaniha/.m2/repository/org/apache/commons/commons-compress/1.24.0/commons-compress-1.24.0.jar:/Users/leandro.yamaniha/.m2/repository/org/rnorth/duct-tape/duct-tape/1.0.8/duct-tape-1.0.8.jar:/Users/leandro.yamaniha/.m2/repository/org/jetbrains/annotations/17.0.0/annotations-17.0.0.jar:/Users/leandro.yamaniha/.m2/repository/com/github/docker-java/docker-java-api/3.3.6/docker-java-api-3.3.6.jar:/Users/leandro.yamaniha/.m2/repository/com/github/docker-java/docker-java-transport-zerodep/3.3.6/docker-java-transport-zerodep-3.3.6.jar:/Users/leandro.yamaniha/.m2/repository/com/github/docker-java/docker-java-transport/3.3.6/docker-java-transport-3.3.6.jar:/Users/leandro.yamaniha/.m2/repository/net/java/dev/jna/jna/5.13.0/jna-5.13.0.jar:/Users/leandro.yamaniha/.m2/repository/org/testcontainers/junit-jupiter/1.19.8/junit-jupiter-1.19.8.jar:/Users/leandro.yamaniha/.m2/repository/org/testcontainers/cassandra/1.19.8/cassandra-1.19.8.jar:/Users/leandro.yamaniha/.m2/repository/org/testcontainers/database-commons/1.21.3/database-commons-1.21.3.jar:/Users/leandro.yamaniha/.m2/repository/com/datastax/cassandra/cassandra-driver-core/3.10.0/cassandra-driver-core-3.10.0.jar:/Users/leandro.yamaniha/.m2/repository/io/netty/netty-handler/4.2.3.Final/netty-handler-4.2.3.Final.jar:/Users/leandro.yamaniha/.m2/repository/io/netty/netty-common/4.2.3.Final/netty-common-4.2.3.Final.jar:/Users/leandro.yamaniha/.m2/repository/io/netty/netty-resolver/4.2.3.Final/netty-resolver-4.2.3.Final.jar:/Users/leandro.yamaniha/.m2/repository/io/netty/netty-buffer/4.2.3.Final/netty-buffer-4.2.3.Final.jar:/Users/leandro.yamaniha/.m2/repository/io/netty/netty-transport/4.2.3.Final/netty-transport-4.2.3.Final.jar:/Users/leandro.yamaniha/.m2/repository/io/netty/netty-transport-native-unix-common/4.2.3.Final/netty-transport-native-unix-common-4.2.3.Final.jar:/Users/leandro.yamaniha/.m2/repository/io/netty/netty-codec-base/4.2.3.Final/netty-codec-base-4.2.3.Final.jar:/Users/leandro.yamaniha/.m2/repository/com/google/guava/guava/19.0/guava-19.0.jar:/Users/leandro.yamaniha/.m2/repository/io/dropwizard/metrics/metrics-core/3.2.2/metrics-core-3.2.2.jar:/Users/leandro.yamaniha/.m2/repository/com/github/jnr/jnr-ffi/2.1.7/jnr-ffi-2.1.7.jar:/Users/leandro.yamaniha/.m2/repository/com/github/jnr/jffi/1.2.16/jffi-1.2.16.jar:/Users/leandro.yamaniha/.m2/repository/com/github/jnr/jffi/1.2.16/jffi-1.2.16-native.jar:/Users/leandro.yamaniha/.m2/repository/org/ow2/asm/asm-commons/5.0.3/asm-commons-5.0.3.jar:/Users/leandro.yamaniha/.m2/repository/org/ow2/asm/asm-analysis/5.0.3/asm-analysis-5.0.3.jar:/Users/leandro.yamaniha/.m2/repository/org/ow2/asm/asm-tree/5.0.3/asm-tree-5.0.3.jar:/Users/leandro.yamaniha/.m2/repository/org/ow2/asm/asm-util/5.0.3/asm-util-5.0.3.jar:/Users/leandro.yamaniha/.m2/repository/com/github/jnr/jnr-x86asm/1.0.2/jnr-x86asm-1.0.2.jar:/Users/leandro.yamaniha/.m2/repository/com/github/jnr/jnr-posix/3.0.44/jnr-posix-3.0.44.jar:/Users/leandro.yamaniha/.m2/repository/com/github/jnr/jnr-constants/0.9.9/jnr-constants-0.9.9.jar:/Users/leandro.yamaniha/.m2/repository/org/junit/platform/junit-platform-suite/1.13.4/junit-platform-suite-1.13.4.jar:/Users/leandro.yamaniha/.m2/repository/org/junit/platform/junit-platform-suite-api/1.13.4/junit-platform-suite-api-1.13.4.jar:/Users/leandro.yamaniha/.m2/repository/org/junit/platform/junit-platform-suite-engine/1.13.4/junit-platform-suite-engine-1.13.4.jar:/Users/leandro.yamaniha/.m2/repository/org/junit/platform/junit-platform-suite-commons/1.13.4/junit-platform-suite-commons-1.13.4.jar:/Users/leandro.yamaniha/.m2/repository/org/junit/platform/junit-platform-launcher/1.13.4/junit-platform-launcher-1.13.4.jar:"/>
    <property name="sun.cpu.endian" value="little"/>
    <property name="user.home" value="/Users/leandro.yamaniha"/>
    <property name="user.language" value="pt"/>
    <property name="java.specification.vendor" value="Oracle Corporation"/>
    <property name="java.version.date" value="2025-04-15"/>
    <property name="java.home" value="/Users/leandro.yamaniha/.sdkman/candidates/java/24.0.1-open"/>
    <property name="file.separator" value="/"/>
    <property name="basedir" value="/Volumes/Dock/ai/ide/windsurf/beauty-salon-app/backend"/>
    <property name="java.vm.compressedOopsMode" value="Zero based"/>
    <property name="line.separator" value="&#10;"/>
    <property name="java.vm.specification.vendor" value="Oracle Corporation"/>
    <property name="java.specification.name" value="Java Platform API Specification"/>
    <property name="FILE_LOG_CHARSET" value="UTF-8"/>
    <property name="java.awt.headless" value="true"/>
    <property name="apple.awt.application.name" value="ForkedBooter"/>
    <property name="surefire.real.class.path" value="/Volumes/Dock/ai/ide/windsurf/beauty-salon-app/backend/target/surefire/surefirebooter-20250809221506839_3.jar"/>
    <property name="sun.management.compiler" value="HotSpot 64-Bit Tiered Compilers"/>
    <property name="ftp.nonProxyHosts" value="local|*.local|169.254/16|*.169.254/16"/>
    <property name="java.runtime.version" value="24.0.1+9-30"/>
    <property name="LOG_CORRELATION_PATTERN" value="%correlationId"/>
    <property name="user.name" value="leandro.yamaniha"/>
    <property name="stdout.encoding" value="UTF-8"/>
    <property name="path.separator" value=":"/>
    <property name="os.version" value="15.6"/>
    <property name="java.runtime.name" value="OpenJDK Runtime Environment"/>
    <property name="file.encoding" value="UTF-8"/>
    <property name="java.vm.name" value="OpenJDK 64-Bit Server VM"/>
    <property name="localRepository" value="/Users/leandro.yamaniha/.m2/repository"/>
    <property name="java.vendor.url.bug" value="https://bugreport.java.com/bugreport/"/>
    <property name="java.io.tmpdir" value="/var/folders/bq/3lwdr43j0434bbxzc_qyn5rw0000gn/T/"/>
    <property name="java.version" value="24.0.1"/>
    <property name="user.dir" value="/Volumes/Dock/ai/ide/windsurf/beauty-salon-app/backend"/>
    <property name="os.arch" value="aarch64"/>
    <property name="java.vm.specification.name" value="Java Virtual Machine Specification"/>
    <property name="PID" value="90673"/>
    <property name="CONSOLE_LOG_CHARSET" value="UTF-8"/>
    <property name="native.encoding" value="UTF-8"/>
    <property name="java.library.path" value="/Users/leandro.yamaniha/Library/Java/Extensions:/Library/Java/Extensions:/Network/Library/Java/Extensions:/System/Library/Java/Extensions:/usr/lib/java:."/>
    <property name="java.vm.info" value="mixed mode, sharing"/>
    <property name="stderr.encoding" value="UTF-8"/>
    <property name="java.vendor" value="Oracle Corporation"/>
    <property name="java.vm.version" value="24.0.1+9-30"/>
    <property name="sun.io.unicode.encoding" value="UnicodeBig"/>
    <property name="socksNonProxyHosts" value="local|*.local|169.254/16|*.169.254/16"/>
    <property name="java.class.version" value="68.0"/>
    <property name="LOGGED_APPLICATION_NAME" value="[beauty-salon-backend] "/>
  </properties>
</testsuite>