<?xml version="1.0" encoding="UTF-8"?>
<testsuite xmlns:xsi="http://www.w3.org/2001/XMLSchema-instance" xsi:noNamespaceSchemaLocation="https://maven.apache.org/surefire/maven-surefire-plugin/xsd/surefire-test-report.xsd" version="3.0.2" name="com.beautysalon.performance.Phase2ValidationTest" time="10.082" tests="3" errors="0" skipped="0" failures="0">
  <properties>
    <property name="java.specification.version" value="24"/>
    <property name="sun.jnu.encoding" value="UTF-8"/>
    <property name="java.class.path" value="/Volumes/Dock/ai/ide/windsurf/beauty-salon-app/backend/target/test-classes:/Volumes/Dock/ai/ide/windsurf/beauty-salon-app/backend/target/classes:/Users/leandro.yamaniha/.m2/repository/org/springframework/boot/spring-boot-starter-web/4.0.0-M1/spring-boot-starter-web-4.0.0-M1.jar:/Users/leandro.yamaniha/.m2/repository/org/springframework/boot/spring-boot-starter-webmvc/4.0.0-M1/spring-boot-starter-webmvc-4.0.0-M1.jar:/Users/leandro.yamaniha/.m2/repository/org/springframework/boot/spring-boot-starter-json/4.0.0-M1/spring-boot-starter-json-4.0.0-M1.jar:/Users/leandro.yamaniha/.m2/repository/org/springframework/boot/spring-boot-starter-jackson/4.0.0-M1/spring-boot-starter-jackson-4.0.0-M1.jar:/Users/leandro.yamaniha/.m2/repository/org/springframework/boot/spring-boot-jackson/4.0.0-M1/spring-boot-jackson-4.0.0-M1.jar:/Users/leandro.yamaniha/.m2/repository/com/fasterxml/jackson/datatype/jackson-datatype-jdk8/2.19.2/jackson-datatype-jdk8-2.19.2.jar:/Users/leandro.yamaniha/.m2/repository/com/fasterxml/jackson/module/jackson-module-parameter-names/2.19.2/jackson-module-parameter-names-2.19.2.jar:/Users/leandro.yamaniha/.m2/repository/org/springframework/boot/spring-boot-starter-tomcat/4.0.0-M1/spring-boot-starter-tomcat-4.0.0-M1.jar:/Users/leandro.yamaniha/.m2/repository/org/springframework/boot/spring-boot-tomcat/4.0.0-M1/spring-boot-tomcat-4.0.0-M1.jar:/Users/leandro.yamaniha/.m2/repository/org/springframework/boot/spring-boot-web-server/4.0.0-M1/spring-boot-web-server-4.0.0-M1.jar:/Users/leandro.yamaniha/.m2/repository/org/apache/tomcat/embed/tomcat-embed-core/11.0.9/tomcat-embed-core-11.0.9.jar:/Users/leandro.yamaniha/.m2/repository/org/apache/tomcat/embed/tomcat-embed-websocket/11.0.9/tomcat-embed-websocket-11.0.9.jar:/Users/leandro.yamaniha/.m2/repository/org/springframework/boot/spring-boot-http-converter/4.0.0-M1/spring-boot-http-converter-4.0.0-M1.jar:/Users/leandro.yamaniha/.m2/repository/org/springframework/spring-web/7.0.0-M7/spring-web-7.0.0-M7.jar:/Users/leandro.yamaniha/.m2/repository/org/springframework/boot/spring-boot-webmvc/4.0.0-M1/spring-boot-webmvc-4.0.0-M1.jar:/Users/leandro.yamaniha/.m2/repository/org/springframework/boot/spring-boot-servlet/4.0.0-M1/spring-boot-servlet-4.0.0-M1.jar:/Users/leandro.yamaniha/.m2/repository/org/springframework/boot/spring-boot-starter-data-cassandra/4.0.0-M1/spring-boot-starter-data-cassandra-4.0.0-M1.jar:/Users/leandro.yamaniha/.m2/repository/org/springframework/boot/spring-boot-starter-cassandra/4.0.0-M1/spring-boot-starter-cassandra-4.0.0-M1.jar:/Users/leandro.yamaniha/.m2/repository/org/springframework/boot/spring-boot-cassandra/4.0.0-M1/spring-boot-cassandra-4.0.0-M1.jar:/Users/leandro.yamaniha/.m2/repository/org/apache/cassandra/java-driver-core/4.19.0/java-driver-core-4.19.0.jar:/Users/leandro.yamaniha/.m2/repository/com/datastax/oss/native-protocol/1.5.1/native-protocol-1.5.1.jar:/Users/leandro.yamaniha/.m2/repository/org/apache/cassandra/java-driver-guava-shaded/4.19.0/java-driver-guava-shaded-4.19.0.jar:/Users/leandro.yamaniha/.m2/repository/com/typesafe/config/1.4.1/config-1.4.1.jar:/Users/leandro.yamaniha/.m2/repository/org/reactivestreams/reactive-streams/1.0.4/reactive-streams-1.0.4.jar:/Users/leandro.yamaniha/.m2/repository/org/springframework/boot/spring-boot-data-cassandra/4.0.0-M1/spring-boot-data-cassandra-4.0.0-M1.jar:/Users/leandro.yamaniha/.m2/repository/org/springframework/boot/spring-boot-data-commons/4.0.0-M1/spring-boot-data-commons-4.0.0-M1.jar:/Users/leandro.yamaniha/.m2/repository/org/springframework/data/spring-data-commons/4.0.0-M4/spring-data-commons-4.0.0-M4.jar:/Users/leandro.yamaniha/.m2/repository/org/springframework/data/spring-data-cassandra/5.0.0-M4/spring-data-cassandra-5.0.0-M4.jar:/Users/leandro.yamaniha/.m2/repository/org/springframework/spring-beans/7.0.0-M7/spring-beans-7.0.0-M7.jar:/Users/leandro.yamaniha/.m2/repository/org/springframework/spring-expression/7.0.0-M7/spring-expression-7.0.0-M7.jar:/Users/leandro.yamaniha/.m2/repository/org/springframework/spring-tx/7.0.0-M7/spring-tx-7.0.0-M7.jar:/Users/leandro.yamaniha/.m2/repository/org/apache/cassandra/java-driver-query-builder/4.19.0/java-driver-query-builder-4.19.0.jar:/Users/leandro.yamaniha/.m2/repository/org/springframework/boot/spring-boot-starter-validation/4.0.0-M1/spring-boot-starter-validation-4.0.0-M1.jar:/Users/leandro.yamaniha/.m2/repository/org/springframework/boot/spring-boot-starter/4.0.0-M1/spring-boot-starter-4.0.0-M1.jar:/Users/leandro.yamaniha/.m2/repository/org/springframework/boot/spring-boot-starter-logging/4.0.0-M1/spring-boot-starter-logging-4.0.0-M1.jar:/Users/leandro.yamaniha/.m2/repository/org/springframework/boot/spring-boot-starter-logback/4.0.0-M1/spring-boot-starter-logback-4.0.0-M1.jar:/Users/leandro.yamaniha/.m2/repository/ch/qos/logback/logback-classic/1.5.18/logback-classic-1.5.18.jar:/Users/leandro.yamaniha/.m2/repository/ch/qos/logback/logback-core/1.5.18/logback-core-1.5.18.jar:/Users/leandro.yamaniha/.m2/repository/org/apache/logging/log4j/log4j-to-slf4j/2.24.3/log4j-to-slf4j-2.24.3.jar:/Users/leandro.yamaniha/.m2/repository/org/apache/logging/log4j/log4j-api/2.24.3/log4j-api-2.24.3.jar:/Users/leandro.yamaniha/.m2/repository/org/slf4j/jul-to-slf4j/2.0.17/jul-to-slf4j-2.0.17.jar:/Users/leandro.yamaniha/.m2/repository/jakarta/annotation/jakarta.annotation-api/3.0.0/jakarta.annotation-api-3.0.0.jar:/Users/leandro.yamaniha/.m2/repository/org/yaml/snakeyaml/2.4/snakeyaml-2.4.jar:/Users/leandro.yamaniha/.m2/repository/org/springframework/boot/spring-boot-validation/4.0.0-M1/spring-boot-validation-4.0.0-M1.jar:/Users/leandro.yamaniha/.m2/repository/org/apache/tomcat/embed/tomcat-embed-el/11.0.9/tomcat-embed-el-11.0.9.jar:/Users/leandro.yamaniha/.m2/repository/org/hibernate/validator/hibernate-validator/9.0.1.Final/hibernate-validator-9.0.1.Final.jar:/Users/leandro.yamaniha/.m2/repository/jakarta/validation/jakarta.validation-api/3.1.1/jakarta.validation-api-3.1.1.jar:/Users/leandro.yamaniha/.m2/repository/org/jboss/logging/jboss-logging/3.6.1.Final/jboss-logging-3.6.1.Final.jar:/Users/leandro.yamaniha/.m2/repository/com/fasterxml/classmate/1.7.0/classmate-1.7.0.jar:/Users/leandro.yamaniha/.m2/repository/org/springframework/boot/spring-boot-starter-cache/4.0.0-M1/spring-boot-starter-cache-4.0.0-M1.jar:/Users/leandro.yamaniha/.m2/repository/org/springframework/boot/spring-boot-cache/4.0.0-M1/spring-boot-cache-4.0.0-M1.jar:/Users/leandro.yamaniha/.m2/repository/org/springframework/spring-context-support/7.0.0-M7/spring-context-support-7.0.0-M7.jar:/Users/leandro.yamaniha/.m2/repository/org/springframework/boot/spring-boot-starter-actuator/4.0.0-M1/spring-boot-starter-actuator-4.0.0-M1.jar:/Users/leandro.yamaniha/.m2/repository/org/springframework/boot/spring-boot-actuator-autoconfigure/4.0.0-M1/spring-boot-actuator-autoconfigure-4.0.0-M1.jar:/Users/leandro.yamaniha/.m2/repository/org/springframework/boot/spring-boot-actuator/4.0.0-M1/spring-boot-actuator-4.0.0-M1.jar:/Users/leandro.yamaniha/.m2/repository/com/fasterxml/jackson/datatype/jackson-datatype-jsr310/2.19.2/jackson-datatype-jsr310-2.19.2.jar:/Users/leandro.yamaniha/.m2/repository/org/springframework/boot/spring-boot-health/4.0.0-M1/spring-boot-health-4.0.0-M1.jar:/Users/leandro.yamaniha/.m2/repository/org/springframework/boot/spring-boot-metrics/4.0.0-M1/spring-boot-metrics-4.0.0-M1.jar:/Users/leandro.yamaniha/.m2/repository/org/springframework/boot/spring-boot-observation/4.0.0-M1/spring-boot-observation-4.0.0-M1.jar:/Users/leandro.yamaniha/.m2/repository/io/micrometer/micrometer-core/1.16.0-M1/micrometer-core-1.16.0-M1.jar:/Users/leandro.yamaniha/.m2/repository/org/hdrhistogram/HdrHistogram/2.2.2/HdrHistogram-2.2.2.jar:/Users/leandro.yamaniha/.m2/repository/org/latencyutils/LatencyUtils/2.0.3/LatencyUtils-2.0.3.jar:/Users/leandro.yamaniha/.m2/repository/org/springframework/boot/spring-boot-tracing/4.0.0-M1/spring-boot-tracing-4.0.0-M1.jar:/Users/leandro.yamaniha/.m2/repository/io/micrometer/micrometer-tracing/1.6.0-M1/micrometer-tracing-1.6.0-M1.jar:/Users/leandro.yamaniha/.m2/repository/io/micrometer/context-propagation/1.1.3/context-propagation-1.1.3.jar:/Users/leandro.yamaniha/.m2/repository/io/micrometer/micrometer-observation/1.16.0-M1/micrometer-observation-1.16.0-M1.jar:/Users/leandro.yamaniha/.m2/repository/org/jspecify/jspecify/1.0.0/jspecify-1.0.0.jar:/Users/leandro.yamaniha/.m2/repository/io/micrometer/micrometer-commons/1.16.0-M1/micrometer-commons-1.16.0-M1.jar:/Users/leandro.yamaniha/.m2/repository/io/micrometer/micrometer-jakarta9/1.16.0-M1/micrometer-jakarta9-1.16.0-M1.jar:/Users/leandro.yamaniha/.m2/repository/org/springframework/boot/spring-boot-devtools/4.0.0-M1/spring-boot-devtools-4.0.0-M1.jar:/Users/leandro.yamaniha/.m2/repository/org/springframework/boot/spring-boot/4.0.0-M1/spring-boot-4.0.0-M1.jar:/Users/leandro.yamaniha/.m2/repository/org/springframework/spring-context/7.0.0-M7/spring-context-7.0.0-M7.jar:/Users/leandro.yamaniha/.m2/repository/org/springframework/spring-aop/7.0.0-M7/spring-aop-7.0.0-M7.jar:/Users/leandro.yamaniha/.m2/repository/org/springframework/boot/spring-boot-autoconfigure/4.0.0-M1/spring-boot-autoconfigure-4.0.0-M1.jar:/Users/leandro.yamaniha/.m2/repository/org/springframework/boot/spring-boot-starter-test/4.0.0-M1/spring-boot-starter-test-4.0.0-M1.jar:/Users/leandro.yamaniha/.m2/repository/org/springframework/boot/spring-boot-restclient-test/4.0.0-M1/spring-boot-restclient-test-4.0.0-M1.jar:/Users/leandro.yamaniha/.m2/repository/org/springframework/boot/spring-boot-test-autoconfigure/4.0.0-M1/spring-boot-test-autoconfigure-4.0.0-M1.jar:/Users/leandro.yamaniha/.m2/repository/org/springframework/boot/spring-boot-web-server-test/4.0.0-M1/spring-boot-web-server-test-4.0.0-M1.jar:/Users/leandro.yamaniha/.m2/repository/com/jayway/jsonpath/json-path/2.9.0/json-path-2.9.0.jar:/Users/leandro.yamaniha/.m2/repository/jakarta/xml/bind/jakarta.xml.bind-api/4.0.2/jakarta.xml.bind-api-4.0.2.jar:/Users/leandro.yamaniha/.m2/repository/jakarta/activation/jakarta.activation-api/2.1.3/jakarta.activation-api-2.1.3.jar:/Users/leandro.yamaniha/.m2/repository/net/minidev/json-smart/2.5.2/json-smart-2.5.2.jar:/Users/leandro.yamaniha/.m2/repository/net/minidev/accessors-smart/2.5.2/accessors-smart-2.5.2.jar:/Users/leandro.yamaniha/.m2/repository/org/ow2/asm/asm/9.7.1/asm-9.7.1.jar:/Users/leandro.yamaniha/.m2/repository/org/assertj/assertj-core/3.27.3/assertj-core-3.27.3.jar:/Users/leandro.yamaniha/.m2/repository/net/bytebuddy/byte-buddy/1.17.6/byte-buddy-1.17.6.jar:/Users/leandro.yamaniha/.m2/repository/org/awaitility/awaitility/4.3.0/awaitility-4.3.0.jar:/Users/leandro.yamaniha/.m2/repository/org/hamcrest/hamcrest/3.0/hamcrest-3.0.jar:/Users/leandro.yamaniha/.m2/repository/org/junit/jupiter/junit-jupiter/5.13.4/junit-jupiter-5.13.4.jar:/Users/leandro.yamaniha/.m2/repository/org/junit/jupiter/junit-jupiter-api/5.13.4/junit-jupiter-api-5.13.4.jar:/Users/leandro.yamaniha/.m2/repository/org/junit/jupiter/junit-jupiter-params/5.13.4/junit-jupiter-params-5.13.4.jar:/Users/leandro.yamaniha/.m2/repository/org/junit/jupiter/junit-jupiter-engine/5.13.4/junit-jupiter-engine-5.13.4.jar:/Users/leandro.yamaniha/.m2/repository/org/mockito/mockito-core/5.18.0/mockito-core-5.18.0.jar:/Users/leandro.yamaniha/.m2/repository/net/bytebuddy/byte-buddy-agent/1.17.6/byte-buddy-agent-1.17.6.jar:/Users/leandro.yamaniha/.m2/repository/org/objenesis/objenesis/3.3/objenesis-3.3.jar:/Users/leandro.yamaniha/.m2/repository/org/mockito/mockito-junit-jupiter/5.18.0/mockito-junit-jupiter-5.18.0.jar:/Users/leandro.yamaniha/.m2/repository/org/skyscreamer/jsonassert/1.5.3/jsonassert-1.5.3.jar:/Users/leandro.yamaniha/.m2/repository/com/vaadin/external/google/android-json/0.0.20131108.vaadin1/android-json-0.0.20131108.vaadin1.jar:/Users/leandro.yamaniha/.m2/repository/org/springframework/spring-core/7.0.0-M7/spring-core-7.0.0-M7.jar:/Users/leandro.yamaniha/.m2/repository/commons-logging/commons-logging/1.3.5/commons-logging-1.3.5.jar:/Users/leandro.yamaniha/.m2/repository/org/springframework/spring-test/7.0.0-M7/spring-test-7.0.0-M7.jar:/Users/leandro.yamaniha/.m2/repository/org/xmlunit/xmlunit-core/2.10.3/xmlunit-core-2.10.3.jar:/Users/leandro.yamaniha/.m2/repository/org/springframework/boot/spring-boot-test/4.0.0-M1/spring-boot-test-4.0.0-M1.jar:/Users/leandro.yamaniha/.m2/repository/com/fasterxml/jackson/core/jackson-databind/2.19.2/jackson-databind-2.19.2.jar:/Users/leandro.yamaniha/.m2/repository/com/fasterxml/jackson/core/jackson-annotations/2.19.2/jackson-annotations-2.19.2.jar:/Users/leandro.yamaniha/.m2/repository/com/fasterxml/jackson/core/jackson-core/2.19.2/jackson-core-2.19.2.jar:/Users/leandro.yamaniha/.m2/repository/org/springdoc/springdoc-openapi-starter-webmvc-ui/2.2.0/springdoc-openapi-starter-webmvc-ui-2.2.0.jar:/Users/leandro.yamaniha/.m2/repository/org/springdoc/springdoc-openapi-starter-webmvc-api/2.2.0/springdoc-openapi-starter-webmvc-api-2.2.0.jar:/Users/leandro.yamaniha/.m2/repository/org/springdoc/springdoc-openapi-starter-common/2.2.0/springdoc-openapi-starter-common-2.2.0.jar:/Users/leandro.yamaniha/.m2/repository/io/swagger/core/v3/swagger-core-jakarta/2.2.15/swagger-core-jakarta-2.2.15.jar:/Users/leandro.yamaniha/.m2/repository/org/apache/commons/commons-lang3/3.18.0/commons-lang3-3.18.0.jar:/Users/leandro.yamaniha/.m2/repository/io/swagger/core/v3/swagger-annotations-jakarta/2.2.15/swagger-annotations-jakarta-2.2.15.jar:/Users/leandro.yamaniha/.m2/repository/io/swagger/core/v3/swagger-models-jakarta/2.2.15/swagger-models-jakarta-2.2.15.jar:/Users/leandro.yamaniha/.m2/repository/com/fasterxml/jackson/dataformat/jackson-dataformat-yaml/2.19.2/jackson-dataformat-yaml-2.19.2.jar:/Users/leandro.yamaniha/.m2/repository/org/springframework/spring-webmvc/7.0.0-M7/spring-webmvc-7.0.0-M7.jar:/Users/leandro.yamaniha/.m2/repository/org/webjars/swagger-ui/5.2.0/swagger-ui-5.2.0.jar:/Users/leandro.yamaniha/.m2/repository/io/cucumber/cucumber-java/7.18.0/cucumber-java-7.18.0.jar:/Users/leandro.yamaniha/.m2/repository/io/cucumber/cucumber-core/7.18.0/cucumber-core-7.18.0.jar:/Users/leandro.yamaniha/.m2/repository/io/cucumber/cucumber-gherkin/7.18.0/cucumber-gherkin-7.18.0.jar:/Users/leandro.yamaniha/.m2/repository/io/cucumber/cucumber-gherkin-messages/7.18.0/cucumber-gherkin-messages-7.18.0.jar:/Users/leandro.yamaniha/.m2/repository/io/cucumber/gherkin/28.0.0/gherkin-28.0.0.jar:/Users/leandro.yamaniha/.m2/repository/io/cucumber/messages/24.1.0/messages-24.1.0.jar:/Users/leandro.yamaniha/.m2/repository/io/cucumber/testng-xml-formatter/0.1.0/testng-xml-formatter-0.1.0.jar:/Users/leandro.yamaniha/.m2/repository/io/cucumber/query/12.2.0/query-12.2.0.jar:/Users/leandro.yamaniha/.m2/repository/io/cucumber/tag-expressions/6.1.0/tag-expressions-6.1.0.jar:/Users/leandro.yamaniha/.m2/repository/io/cucumber/cucumber-expressions/17.1.0/cucumber-expressions-17.1.0.jar:/Users/leandro.yamaniha/.m2/repository/io/cucumber/datatable/7.18.0/datatable-7.18.0.jar:/Users/leandro.yamaniha/.m2/repository/io/cucumber/cucumber-plugin/7.18.0/cucumber-plugin-7.18.0.jar:/Users/leandro.yamaniha/.m2/repository/io/cucumber/docstring/7.18.0/docstring-7.18.0.jar:/Users/leandro.yamaniha/.m2/repository/io/cucumber/html-formatter/21.3.1/html-formatter-21.3.1.jar:/Users/leandro.yamaniha/.m2/repository/io/cucumber/junit-xml-formatter/0.4.0/junit-xml-formatter-0.4.0.jar:/Users/leandro.yamaniha/.m2/repository/io/cucumber/ci-environment/10.0.1/ci-environment-10.0.1.jar:/Users/leandro.yamaniha/.m2/repository/org/apiguardian/apiguardian-api/1.1.2/apiguardian-api-1.1.2.jar:/Users/leandro.yamaniha/.m2/repository/io/cucumber/cucumber-spring/7.18.0/cucumber-spring-7.18.0.jar:/Users/leandro.yamaniha/.m2/repository/io/cucumber/cucumber-junit-platform-engine/7.18.0/cucumber-junit-platform-engine-7.18.0.jar:/Users/leandro.yamaniha/.m2/repository/org/junit/platform/junit-platform-engine/1.13.4/junit-platform-engine-1.13.4.jar:/Users/leandro.yamaniha/.m2/repository/org/opentest4j/opentest4j/1.3.0/opentest4j-1.3.0.jar:/Users/leandro.yamaniha/.m2/repository/org/junit/platform/junit-platform-commons/1.13.4/junit-platform-commons-1.13.4.jar:/Users/leandro.yamaniha/.m2/repository/org/testcontainers/testcontainers/1.19.8/testcontainers-1.19.8.jar:/Users/leandro.yamaniha/.m2/repository/junit/junit/4.13.2/junit-4.13.2.jar:/Users/leandro.yamaniha/.m2/repository/org/hamcrest/hamcrest-core/3.0/hamcrest-core-3.0.jar:/Users/leandro.yamaniha/.m2/repository/org/slf4j/slf4j-api/2.0.17/slf4j-api-2.0.17.jar:/Users/leandro.yamaniha/.m2/repository/org/apache/commons/commons-compress/1.24.0/commons-compress-1.24.0.jar:/Users/leandro.yamaniha/.m2/repository/org/rnorth/duct-tape/duct-tape/1.0.8/duct-tape-1.0.8.jar:/Users/leandro.yamaniha/.m2/repository/org/jetbrains/annotations/17.0.0/annotations-17.0.0.jar:/Users/leandro.yamaniha/.m2/repository/com/github/docker-java/docker-java-api/3.3.6/docker-java-api-3.3.6.jar:/Users/leandro.yamaniha/.m2/repository/com/github/docker-java/docker-java-transport-zerodep/3.3.6/docker-java-transport-zerodep-3.3.6.jar:/Users/leandro.yamaniha/.m2/repository/com/github/docker-java/docker-java-transport/3.3.6/docker-java-transport-3.3.6.jar:/Users/leandro.yamaniha/.m2/repository/net/java/dev/jna/jna/5.13.0/jna-5.13.0.jar:/Users/leandro.yamaniha/.m2/repository/org/testcontainers/junit-jupiter/1.19.8/junit-jupiter-1.19.8.jar:/Users/leandro.yamaniha/.m2/repository/org/testcontainers/cassandra/1.19.8/cassandra-1.19.8.jar:/Users/leandro.yamaniha/.m2/repository/org/testcontainers/database-commons/1.21.3/database-commons-1.21.3.jar:/Users/leandro.yamaniha/.m2/repository/com/datastax/cassandra/cassandra-driver-core/3.10.0/cassandra-driver-core-3.10.0.jar:/Users/leandro.yamaniha/.m2/repository/io/netty/netty-handler/4.2.3.Final/netty-handler-4.2.3.Final.jar:/Users/leandro.yamaniha/.m2/repository/io/netty/netty-common/4.2.3.Final/netty-common-4.2.3.Final.jar:/Users/leandro.yamaniha/.m2/repository/io/netty/netty-resolver/4.2.3.Final/netty-resolver-4.2.3.Final.jar:/Users/leandro.yamaniha/.m2/repository/io/netty/netty-buffer/4.2.3.Final/netty-buffer-4.2.3.Final.jar:/Users/leandro.yamaniha/.m2/repository/io/netty/netty-transport/4.2.3.Final/netty-transport-4.2.3.Final.jar:/Users/leandro.yamaniha/.m2/repository/io/netty/netty-transport-native-unix-common/4.2.3.Final/netty-transport-native-unix-common-4.2.3.Final.jar:/Users/leandro.yamaniha/.m2/repository/io/netty/netty-codec-base/4.2.3.Final/netty-codec-base-4.2.3.Final.jar:/Users/leandro.yamaniha/.m2/repository/com/google/guava/guava/19.0/guava-19.0.jar:/Users/leandro.yamaniha/.m2/repository/io/dropwizard/metrics/metrics-core/3.2.2/metrics-core-3.2.2.jar:/Users/leandro.yamaniha/.m2/repository/com/github/jnr/jnr-ffi/2.1.7/jnr-ffi-2.1.7.jar:/Users/leandro.yamaniha/.m2/repository/com/github/jnr/jffi/1.2.16/jffi-1.2.16.jar:/Users/leandro.yamaniha/.m2/repository/com/github/jnr/jffi/1.2.16/jffi-1.2.16-native.jar:/Users/leandro.yamaniha/.m2/repository/org/ow2/asm/asm-commons/5.0.3/asm-commons-5.0.3.jar:/Users/leandro.yamaniha/.m2/repository/org/ow2/asm/asm-analysis/5.0.3/asm-analysis-5.0.3.jar:/Users/leandro.yamaniha/.m2/repository/org/ow2/asm/asm-tree/5.0.3/asm-tree-5.0.3.jar:/Users/leandro.yamaniha/.m2/repository/org/ow2/asm/asm-util/5.0.3/asm-util-5.0.3.jar:/Users/leandro.yamaniha/.m2/repository/com/github/jnr/jnr-x86asm/1.0.2/jnr-x86asm-1.0.2.jar:/Users/leandro.yamaniha/.m2/repository/com/github/jnr/jnr-posix/3.0.44/jnr-posix-3.0.44.jar:/Users/leandro.yamaniha/.m2/repository/com/github/jnr/jnr-constants/0.9.9/jnr-constants-0.9.9.jar:/Users/leandro.yamaniha/.m2/repository/org/junit/platform/junit-platform-suite/1.13.4/junit-platform-suite-1.13.4.jar:/Users/leandro.yamaniha/.m2/repository/org/junit/platform/junit-platform-suite-api/1.13.4/junit-platform-suite-api-1.13.4.jar:/Users/leandro.yamaniha/.m2/repository/org/junit/platform/junit-platform-suite-engine/1.13.4/junit-platform-suite-engine-1.13.4.jar:/Users/leandro.yamaniha/.m2/repository/org/junit/platform/junit-platform-suite-commons/1.13.4/junit-platform-suite-commons-1.13.4.jar:/Users/leandro.yamaniha/.m2/repository/org/junit/platform/junit-platform-launcher/1.13.4/junit-platform-launcher-1.13.4.jar:"/>
    <property name="java.vm.vendor" value="Oracle Corporation"/>
    <property name="sun.arch.data.model" value="64"/>
    <property name="java.vendor.url" value="https://java.oracle.com/"/>
    <property name="user.timezone" value="America/Sao_Paulo"/>
    <property name="org.jboss.logging.provider" value="slf4j"/>
    <property name="os.name" value="Mac OS X"/>
    <property name="java.vm.specification.version" value="24"/>
    <property name="APPLICATION_NAME" value="beauty-salon-backend"/>
    <property name="sun.java.launcher" value="SUN_STANDARD"/>
    <property name="user.country" value="BR"/>
    <property name="sun.boot.library.path" value="/Users/leandro.yamaniha/.sdkman/candidates/java/24.0.1-open/lib"/>
    <property name="sun.java.command" value="/Volumes/Dock/ai/ide/windsurf/beauty-salon-app/backend/target/surefire/surefirebooter-20250809231659659_3.jar /Volumes/Dock/ai/ide/windsurf/beauty-salon-app/backend/target/surefire 2025-08-09T23-16-59_630-jvmRun1 surefire-20250809231659659_1tmp surefire_0-20250809231659659_2tmp"/>
    <property name="http.nonProxyHosts" value="local|*.local|169.254/16|*.169.254/16"/>
    <property name="jdk.debug" value="release"/>
    <property name="test" value="Phase2ValidationTest"/>
    <property name="surefire.test.class.path" value="/Volumes/Dock/ai/ide/windsurf/beauty-salon-app/backend/target/test-classes:/Volumes/Dock/ai/ide/windsurf/beauty-salon-app/backend/target/classes:/Users/leandro.yamaniha/.m2/repository/org/springframework/boot/spring-boot-starter-web/4.0.0-M1/spring-boot-starter-web-4.0.0-M1.jar:/Users/leandro.yamaniha/.m2/repository/org/springframework/boot/spring-boot-starter-webmvc/4.0.0-M1/spring-boot-starter-webmvc-4.0.0-M1.jar:/Users/leandro.yamaniha/.m2/repository/org/springframework/boot/spring-boot-starter-json/4.0.0-M1/spring-boot-starter-json-4.0.0-M1.jar:/Users/leandro.yamaniha/.m2/repository/org/springframework/boot/spring-boot-starter-jackson/4.0.0-M1/spring-boot-starter-jackson-4.0.0-M1.jar:/Users/leandro.yamaniha/.m2/repository/org/springframework/boot/spring-boot-jackson/4.0.0-M1/spring-boot-jackson-4.0.0-M1.jar:/Users/leandro.yamaniha/.m2/repository/com/fasterxml/jackson/datatype/jackson-datatype-jdk8/2.19.2/jackson-datatype-jdk8-2.19.2.jar:/Users/leandro.yamaniha/.m2/repository/com/fasterxml/jackson/module/jackson-module-parameter-names/2.19.2/jackson-module-parameter-names-2.19.2.jar:/Users/leandro.yamaniha/.m2/repository/org/springframework/boot/spring-boot-starter-tomcat/4.0.0-M1/spring-boot-starter-tomcat-4.0.0-M1.jar:/Users/leandro.yamaniha/.m2/repository/org/springframework/boot/spring-boot-tomcat/4.0.0-M1/spring-boot-tomcat-4.0.0-M1.jar:/Users/leandro.yamaniha/.m2/repository/org/springframework/boot/spring-boot-web-server/4.0.0-M1/spring-boot-web-server-4.0.0-M1.jar:/Users/leandro.yamaniha/.m2/repository/org/apache/tomcat/embed/tomcat-embed-core/11.0.9/tomcat-embed-core-11.0.9.jar:/Users/leandro.yamaniha/.m2/repository/org/apache/tomcat/embed/tomcat-embed-websocket/11.0.9/tomcat-embed-websocket-11.0.9.jar:/Users/leandro.yamaniha/.m2/repository/org/springframework/boot/spring-boot-http-converter/4.0.0-M1/spring-boot-http-converter-4.0.0-M1.jar:/Users/leandro.yamaniha/.m2/repository/org/springframework/spring-web/7.0.0-M7/spring-web-7.0.0-M7.jar:/Users/leandro.yamaniha/.m2/repository/org/springframework/boot/spring-boot-webmvc/4.0.0-M1/spring-boot-webmvc-4.0.0-M1.jar:/Users/leandro.yamaniha/.m2/repository/org/springframework/boot/spring-boot-servlet/4.0.0-M1/spring-boot-servlet-4.0.0-M1.jar:/Users/leandro.yamaniha/.m2/repository/org/springframework/boot/spring-boot-starter-data-cassandra/4.0.0-M1/spring-boot-starter-data-cassandra-4.0.0-M1.jar:/Users/leandro.yamaniha/.m2/repository/org/springframework/boot/spring-boot-starter-cassandra/4.0.0-M1/spring-boot-starter-cassandra-4.0.0-M1.jar:/Users/leandro.yamaniha/.m2/repository/org/springframework/boot/spring-boot-cassandra/4.0.0-M1/spring-boot-cassandra-4.0.0-M1.jar:/Users/leandro.yamaniha/.m2/repository/org/apache/cassandra/java-driver-core/4.19.0/java-driver-core-4.19.0.jar:/Users/leandro.yamaniha/.m2/repository/com/datastax/oss/native-protocol/1.5.1/native-protocol-1.5.1.jar:/Users/leandro.yamaniha/.m2/repository/org/apache/cassandra/java-driver-guava-shaded/4.19.0/java-driver-guava-shaded-4.19.0.jar:/Users/leandro.yamaniha/.m2/repository/com/typesafe/config/1.4.1/config-1.4.1.jar:/Users/leandro.yamaniha/.m2/repository/org/reactivestreams/reactive-streams/1.0.4/reactive-streams-1.0.4.jar:/Users/leandro.yamaniha/.m2/repository/org/springframework/boot/spring-boot-data-cassandra/4.0.0-M1/spring-boot-data-cassandra-4.0.0-M1.jar:/Users/leandro.yamaniha/.m2/repository/org/springframework/boot/spring-boot-data-commons/4.0.0-M1/spring-boot-data-commons-4.0.0-M1.jar:/Users/leandro.yamaniha/.m2/repository/org/springframework/data/spring-data-commons/4.0.0-M4/spring-data-commons-4.0.0-M4.jar:/Users/leandro.yamaniha/.m2/repository/org/springframework/data/spring-data-cassandra/5.0.0-M4/spring-data-cassandra-5.0.0-M4.jar:/Users/leandro.yamaniha/.m2/repository/org/springframework/spring-beans/7.0.0-M7/spring-beans-7.0.0-M7.jar:/Users/leandro.yamaniha/.m2/repository/org/springframework/spring-expression/7.0.0-M7/spring-expression-7.0.0-M7.jar:/Users/leandro.yamaniha/.m2/repository/org/springframework/spring-tx/7.0.0-M7/spring-tx-7.0.0-M7.jar:/Users/leandro.yamaniha/.m2/repository/org/apache/cassandra/java-driver-query-builder/4.19.0/java-driver-query-builder-4.19.0.jar:/Users/leandro.yamaniha/.m2/repository/org/springframework/boot/spring-boot-starter-validation/4.0.0-M1/spring-boot-starter-validation-4.0.0-M1.jar:/Users/leandro.yamaniha/.m2/repository/org/springframework/boot/spring-boot-starter/4.0.0-M1/spring-boot-starter-4.0.0-M1.jar:/Users/leandro.yamaniha/.m2/repository/org/springframework/boot/spring-boot-starter-logging/4.0.0-M1/spring-boot-starter-logging-4.0.0-M1.jar:/Users/leandro.yamaniha/.m2/repository/org/springframework/boot/spring-boot-starter-logback/4.0.0-M1/spring-boot-starter-logback-4.0.0-M1.jar:/Users/leandro.yamaniha/.m2/repository/ch/qos/logback/logback-classic/1.5.18/logback-classic-1.5.18.jar:/Users/leandro.yamaniha/.m2/repository/ch/qos/logback/logback-core/1.5.18/logback-core-1.5.18.jar:/Users/leandro.yamaniha/.m2/repository/org/apache/logging/log4j/log4j-to-slf4j/2.24.3/log4j-to-slf4j-2.24.3.jar:/Users/leandro.yamaniha/.m2/repository/org/apache/logging/log4j/log4j-api/2.24.3/log4j-api-2.24.3.jar:/Users/leandro.yamaniha/.m2/repository/org/slf4j/jul-to-slf4j/2.0.17/jul-to-slf4j-2.0.17.jar:/Users/leandro.yamaniha/.m2/repository/jakarta/annotation/jakarta.annotation-api/3.0.0/jakarta.annotation-api-3.0.0.jar:/Users/leandro.yamaniha/.m2/repository/org/yaml/snakeyaml/2.4/snakeyaml-2.4.jar:/Users/leandro.yamaniha/.m2/repository/org/springframework/boot/spring-boot-validation/4.0.0-M1/spring-boot-validation-4.0.0-M1.jar:/Users/leandro.yamaniha/.m2/repository/org/apache/tomcat/embed/tomcat-embed-el/11.0.9/tomcat-embed-el-11.0.9.jar:/Users/leandro.yamaniha/.m2/repository/org/hibernate/validator/hibernate-validator/9.0.1.Final/hibernate-validator-9.0.1.Final.jar:/Users/leandro.yamaniha/.m2/repository/jakarta/validation/jakarta.validation-api/3.1.1/jakarta.validation-api-3.1.1.jar:/Users/leandro.yamaniha/.m2/repository/org/jboss/logging/jboss-logging/3.6.1.Final/jboss-logging-3.6.1.Final.jar:/Users/leandro.yamaniha/.m2/repository/com/fasterxml/classmate/1.7.0/classmate-1.7.0.jar:/Users/leandro.yamaniha/.m2/repository/org/springframework/boot/spring-boot-starter-cache/4.0.0-M1/spring-boot-starter-cache-4.0.0-M1.jar:/Users/leandro.yamaniha/.m2/repository/org/springframework/boot/spring-boot-cache/4.0.0-M1/spring-boot-cache-4.0.0-M1.jar:/Users/leandro.yamaniha/.m2/repository/org/springframework/spring-context-support/7.0.0-M7/spring-context-support-7.0.0-M7.jar:/Users/leandro.yamaniha/.m2/repository/org/springframework/boot/spring-boot-starter-actuator/4.0.0-M1/spring-boot-starter-actuator-4.0.0-M1.jar:/Users/leandro.yamaniha/.m2/repository/org/springframework/boot/spring-boot-actuator-autoconfigure/4.0.0-M1/spring-boot-actuator-autoconfigure-4.0.0-M1.jar:/Users/leandro.yamaniha/.m2/repository/org/springframework/boot/spring-boot-actuator/4.0.0-M1/spring-boot-actuator-4.0.0-M1.jar:/Users/leandro.yamaniha/.m2/repository/com/fasterxml/jackson/datatype/jackson-datatype-jsr310/2.19.2/jackson-datatype-jsr310-2.19.2.jar:/Users/leandro.yamaniha/.m2/repository/org/springframework/boot/spring-boot-health/4.0.0-M1/spring-boot-health-4.0.0-M1.jar:/Users/leandro.yamaniha/.m2/repository/org/springframework/boot/spring-boot-metrics/4.0.0-M1/spring-boot-metrics-4.0.0-M1.jar:/Users/leandro.yamaniha/.m2/repository/org/springframework/boot/spring-boot-observation/4.0.0-M1/spring-boot-observation-4.0.0-M1.jar:/Users/leandro.yamaniha/.m2/repository/io/micrometer/micrometer-core/1.16.0-M1/micrometer-core-1.16.0-M1.jar:/Users/leandro.yamaniha/.m2/repository/org/hdrhistogram/HdrHistogram/2.2.2/HdrHistogram-2.2.2.jar:/Users/leandro.yamaniha/.m2/repository/org/latencyutils/LatencyUtils/2.0.3/LatencyUtils-2.0.3.jar:/Users/leandro.yamaniha/.m2/repository/org/springframework/boot/spring-boot-tracing/4.0.0-M1/spring-boot-tracing-4.0.0-M1.jar:/Users/leandro.yamaniha/.m2/repository/io/micrometer/micrometer-tracing/1.6.0-M1/micrometer-tracing-1.6.0-M1.jar:/Users/leandro.yamaniha/.m2/repository/io/micrometer/context-propagation/1.1.3/context-propagation-1.1.3.jar:/Users/leandro.yamaniha/.m2/repository/io/micrometer/micrometer-observation/1.16.0-M1/micrometer-observation-1.16.0-M1.jar:/Users/leandro.yamaniha/.m2/repository/org/jspecify/jspecify/1.0.0/jspecify-1.0.0.jar:/Users/leandro.yamaniha/.m2/repository/io/micrometer/micrometer-commons/1.16.0-M1/micrometer-commons-1.16.0-M1.jar:/Users/leandro.yamaniha/.m2/repository/io/micrometer/micrometer-jakarta9/1.16.0-M1/micrometer-jakarta9-1.16.0-M1.jar:/Users/leandro.yamaniha/.m2/repository/org/springframework/boot/spring-boot-devtools/4.0.0-M1/spring-boot-devtools-4.0.0-M1.jar:/Users/leandro.yamaniha/.m2/repository/org/springframework/boot/spring-boot/4.0.0-M1/spring-boot-4.0.0-M1.jar:/Users/leandro.yamaniha/.m2/repository/org/springframework/spring-context/7.0.0-M7/spring-context-7.0.0-M7.jar:/Users/leandro.yamaniha/.m2/repository/org/springframework/spring-aop/7.0.0-M7/spring-aop-7.0.0-M7.jar:/Users/leandro.yamaniha/.m2/repository/org/springframework/boot/spring-boot-autoconfigure/4.0.0-M1/spring-boot-autoconfigure-4.0.0-M1.jar:/Users/leandro.yamaniha/.m2/repository/org/springframework/boot/spring-boot-starter-test/4.0.0-M1/spring-boot-starter-test-4.0.0-M1.jar:/Users/leandro.yamaniha/.m2/repository/org/springframework/boot/spring-boot-restclient-test/4.0.0-M1/spring-boot-restclient-test-4.0.0-M1.jar:/Users/leandro.yamaniha/.m2/repository/org/springframework/boot/spring-boot-test-autoconfigure/4.0.0-M1/spring-boot-test-autoconfigure-4.0.0-M1.jar:/Users/leandro.yamaniha/.m2/repository/org/springframework/boot/spring-boot-web-server-test/4.0.0-M1/spring-boot-web-server-test-4.0.0-M1.jar:/Users/leandro.yamaniha/.m2/repository/com/jayway/jsonpath/json-path/2.9.0/json-path-2.9.0.jar:/Users/leandro.yamaniha/.m2/repository/jakarta/xml/bind/jakarta.xml.bind-api/4.0.2/jakarta.xml.bind-api-4.0.2.jar:/Users/leandro.yamaniha/.m2/repository/jakarta/activation/jakarta.activation-api/2.1.3/jakarta.activation-api-2.1.3.jar:/Users/leandro.yamaniha/.m2/repository/net/minidev/json-smart/2.5.2/json-smart-2.5.2.jar:/Users/leandro.yamaniha/.m2/repository/net/minidev/accessors-smart/2.5.2/accessors-smart-2.5.2.jar:/Users/leandro.yamaniha/.m2/repository/org/ow2/asm/asm/9.7.1/asm-9.7.1.jar:/Users/leandro.yamaniha/.m2/repository/org/assertj/assertj-core/3.27.3/assertj-core-3.27.3.jar:/Users/leandro.yamaniha/.m2/repository/net/bytebuddy/byte-buddy/1.17.6/byte-buddy-1.17.6.jar:/Users/leandro.yamaniha/.m2/repository/org/awaitility/awaitility/4.3.0/awaitility-4.3.0.jar:/Users/leandro.yamaniha/.m2/repository/org/hamcrest/hamcrest/3.0/hamcrest-3.0.jar:/Users/leandro.yamaniha/.m2/repository/org/junit/jupiter/junit-jupiter/5.13.4/junit-jupiter-5.13.4.jar:/Users/leandro.yamaniha/.m2/repository/org/junit/jupiter/junit-jupiter-api/5.13.4/junit-jupiter-api-5.13.4.jar:/Users/leandro.yamaniha/.m2/repository/org/junit/jupiter/junit-jupiter-params/5.13.4/junit-jupiter-params-5.13.4.jar:/Users/leandro.yamaniha/.m2/repository/org/junit/jupiter/junit-jupiter-engine/5.13.4/junit-jupiter-engine-5.13.4.jar:/Users/leandro.yamaniha/.m2/repository/org/mockito/mockito-core/5.18.0/mockito-core-5.18.0.jar:/Users/leandro.yamaniha/.m2/repository/net/bytebuddy/byte-buddy-agent/1.17.6/byte-buddy-agent-1.17.6.jar:/Users/leandro.yamaniha/.m2/repository/org/objenesis/objenesis/3.3/objenesis-3.3.jar:/Users/leandro.yamaniha/.m2/repository/org/mockito/mockito-junit-jupiter/5.18.0/mockito-junit-jupiter-5.18.0.jar:/Users/leandro.yamaniha/.m2/repository/org/skyscreamer/jsonassert/1.5.3/jsonassert-1.5.3.jar:/Users/leandro.yamaniha/.m2/repository/com/vaadin/external/google/android-json/0.0.20131108.vaadin1/android-json-0.0.20131108.vaadin1.jar:/Users/leandro.yamaniha/.m2/repository/org/springframework/spring-core/7.0.0-M7/spring-core-7.0.0-M7.jar:/Users/leandro.yamaniha/.m2/repository/commons-logging/commons-logging/1.3.5/commons-logging-1.3.5.jar:/Users/leandro.yamaniha/.m2/repository/org/springframework/spring-test/7.0.0-M7/spring-test-7.0.0-M7.jar:/Users/leandro.yamaniha/.m2/repository/org/xmlunit/xmlunit-core/2.10.3/xmlunit-core-2.10.3.jar:/Users/leandro.yamaniha/.m2/repository/org/springframework/boot/spring-boot-test/4.0.0-M1/spring-boot-test-4.0.0-M1.jar:/Users/leandro.yamaniha/.m2/repository/com/fasterxml/jackson/core/jackson-databind/2.19.2/jackson-databind-2.19.2.jar:/Users/leandro.yamaniha/.m2/repository/com/fasterxml/jackson/core/jackson-annotations/2.19.2/jackson-annotations-2.19.2.jar:/Users/leandro.yamaniha/.m2/repository/com/fasterxml/jackson/core/jackson-core/2.19.2/jackson-core-2.19.2.jar:/Users/leandro.yamaniha/.m2/repository/org/springdoc/springdoc-openapi-starter-webmvc-ui/2.2.0/springdoc-openapi-starter-webmvc-ui-2.2.0.jar:/Users/leandro.yamaniha/.m2/repository/org/springdoc/springdoc-openapi-starter-webmvc-api/2.2.0/springdoc-openapi-starter-webmvc-api-2.2.0.jar:/Users/leandro.yamaniha/.m2/repository/org/springdoc/springdoc-openapi-starter-common/2.2.0/springdoc-openapi-starter-common-2.2.0.jar:/Users/leandro.yamaniha/.m2/repository/io/swagger/core/v3/swagger-core-jakarta/2.2.15/swagger-core-jakarta-2.2.15.jar:/Users/leandro.yamaniha/.m2/repository/org/apache/commons/commons-lang3/3.18.0/commons-lang3-3.18.0.jar:/Users/leandro.yamaniha/.m2/repository/io/swagger/core/v3/swagger-annotations-jakarta/2.2.15/swagger-annotations-jakarta-2.2.15.jar:/Users/leandro.yamaniha/.m2/repository/io/swagger/core/v3/swagger-models-jakarta/2.2.15/swagger-models-jakarta-2.2.15.jar:/Users/leandro.yamaniha/.m2/repository/com/fasterxml/jackson/dataformat/jackson-dataformat-yaml/2.19.2/jackson-dataformat-yaml-2.19.2.jar:/Users/leandro.yamaniha/.m2/repository/org/springframework/spring-webmvc/7.0.0-M7/spring-webmvc-7.0.0-M7.jar:/Users/leandro.yamaniha/.m2/repository/org/webjars/swagger-ui/5.2.0/swagger-ui-5.2.0.jar:/Users/leandro.yamaniha/.m2/repository/io/cucumber/cucumber-java/7.18.0/cucumber-java-7.18.0.jar:/Users/leandro.yamaniha/.m2/repository/io/cucumber/cucumber-core/7.18.0/cucumber-core-7.18.0.jar:/Users/leandro.yamaniha/.m2/repository/io/cucumber/cucumber-gherkin/7.18.0/cucumber-gherkin-7.18.0.jar:/Users/leandro.yamaniha/.m2/repository/io/cucumber/cucumber-gherkin-messages/7.18.0/cucumber-gherkin-messages-7.18.0.jar:/Users/leandro.yamaniha/.m2/repository/io/cucumber/gherkin/28.0.0/gherkin-28.0.0.jar:/Users/leandro.yamaniha/.m2/repository/io/cucumber/messages/24.1.0/messages-24.1.0.jar:/Users/leandro.yamaniha/.m2/repository/io/cucumber/testng-xml-formatter/0.1.0/testng-xml-formatter-0.1.0.jar:/Users/leandro.yamaniha/.m2/repository/io/cucumber/query/12.2.0/query-12.2.0.jar:/Users/leandro.yamaniha/.m2/repository/io/cucumber/tag-expressions/6.1.0/tag-expressions-6.1.0.jar:/Users/leandro.yamaniha/.m2/repository/io/cucumber/cucumber-expressions/17.1.0/cucumber-expressions-17.1.0.jar:/Users/leandro.yamaniha/.m2/repository/io/cucumber/datatable/7.18.0/datatable-7.18.0.jar:/Users/leandro.yamaniha/.m2/repository/io/cucumber/cucumber-plugin/7.18.0/cucumber-plugin-7.18.0.jar:/Users/leandro.yamaniha/.m2/repository/io/cucumber/docstring/7.18.0/docstring-7.18.0.jar:/Users/leandro.yamaniha/.m2/repository/io/cucumber/html-formatter/21.3.1/html-formatter-21.3.1.jar:/Users/leandro.yamaniha/.m2/repository/io/cucumber/junit-xml-formatter/0.4.0/junit-xml-formatter-0.4.0.jar:/Users/leandro.yamaniha/.m2/repository/io/cucumber/ci-environment/10.0.1/ci-environment-10.0.1.jar:/Users/leandro.yamaniha/.m2/repository/org/apiguardian/apiguardian-api/1.1.2/apiguardian-api-1.1.2.jar:/Users/leandro.yamaniha/.m2/repository/io/cucumber/cucumber-spring/7.18.0/cucumber-spring-7.18.0.jar:/Users/leandro.yamaniha/.m2/repository/io/cucumber/cucumber-junit-platform-engine/7.18.0/cucumber-junit-platform-engine-7.18.0.jar:/Users/leandro.yamaniha/.m2/repository/org/junit/platform/junit-platform-engine/1.13.4/junit-platform-engine-1.13.4.jar:/Users/leandro.yamaniha/.m2/repository/org/opentest4j/opentest4j/1.3.0/opentest4j-1.3.0.jar:/Users/leandro.yamaniha/.m2/repository/org/junit/platform/junit-platform-commons/1.13.4/junit-platform-commons-1.13.4.jar:/Users/leandro.yamaniha/.m2/repository/org/testcontainers/testcontainers/1.19.8/testcontainers-1.19.8.jar:/Users/leandro.yamaniha/.m2/repository/junit/junit/4.13.2/junit-4.13.2.jar:/Users/leandro.yamaniha/.m2/repository/org/hamcrest/hamcrest-core/3.0/hamcrest-core-3.0.jar:/Users/leandro.yamaniha/.m2/repository/org/slf4j/slf4j-api/2.0.17/slf4j-api-2.0.17.jar:/Users/leandro.yamaniha/.m2/repository/org/apache/commons/commons-compress/1.24.0/commons-compress-1.24.0.jar:/Users/leandro.yamaniha/.m2/repository/org/rnorth/duct-tape/duct-tape/1.0.8/duct-tape-1.0.8.jar:/Users/leandro.yamaniha/.m2/repository/org/jetbrains/annotations/17.0.0/annotations-17.0.0.jar:/Users/leandro.yamaniha/.m2/repository/com/github/docker-java/docker-java-api/3.3.6/docker-java-api-3.3.6.jar:/Users/leandro.yamaniha/.m2/repository/com/github/docker-java/docker-java-transport-zerodep/3.3.6/docker-java-transport-zerodep-3.3.6.jar:/Users/leandro.yamaniha/.m2/repository/com/github/docker-java/docker-java-transport/3.3.6/docker-java-transport-3.3.6.jar:/Users/leandro.yamaniha/.m2/repository/net/java/dev/jna/jna/5.13.0/jna-5.13.0.jar:/Users/leandro.yamaniha/.m2/repository/org/testcontainers/junit-jupiter/1.19.8/junit-jupiter-1.19.8.jar:/Users/leandro.yamaniha/.m2/repository/org/testcontainers/cassandra/1.19.8/cassandra-1.19.8.jar:/Users/leandro.yamaniha/.m2/repository/org/testcontainers/database-commons/1.21.3/database-commons-1.21.3.jar:/Users/leandro.yamaniha/.m2/repository/com/datastax/cassandra/cassandra-driver-core/3.10.0/cassandra-driver-core-3.10.0.jar:/Users/leandro.yamaniha/.m2/repository/io/netty/netty-handler/4.2.3.Final/netty-handler-4.2.3.Final.jar:/Users/leandro.yamaniha/.m2/repository/io/netty/netty-common/4.2.3.Final/netty-common-4.2.3.Final.jar:/Users/leandro.yamaniha/.m2/repository/io/netty/netty-resolver/4.2.3.Final/netty-resolver-4.2.3.Final.jar:/Users/leandro.yamaniha/.m2/repository/io/netty/netty-buffer/4.2.3.Final/netty-buffer-4.2.3.Final.jar:/Users/leandro.yamaniha/.m2/repository/io/netty/netty-transport/4.2.3.Final/netty-transport-4.2.3.Final.jar:/Users/leandro.yamaniha/.m2/repository/io/netty/netty-transport-native-unix-common/4.2.3.Final/netty-transport-native-unix-common-4.2.3.Final.jar:/Users/leandro.yamaniha/.m2/repository/io/netty/netty-codec-base/4.2.3.Final/netty-codec-base-4.2.3.Final.jar:/Users/leandro.yamaniha/.m2/repository/com/google/guava/guava/19.0/guava-19.0.jar:/Users/leandro.yamaniha/.m2/repository/io/dropwizard/metrics/metrics-core/3.2.2/metrics-core-3.2.2.jar:/Users/leandro.yamaniha/.m2/repository/com/github/jnr/jnr-ffi/2.1.7/jnr-ffi-2.1.7.jar:/Users/leandro.yamaniha/.m2/repository/com/github/jnr/jffi/1.2.16/jffi-1.2.16.jar:/Users/leandro.yamaniha/.m2/repository/com/github/jnr/jffi/1.2.16/jffi-1.2.16-native.jar:/Users/leandro.yamaniha/.m2/repository/org/ow2/asm/asm-commons/5.0.3/asm-commons-5.0.3.jar:/Users/leandro.yamaniha/.m2/repository/org/ow2/asm/asm-analysis/5.0.3/asm-analysis-5.0.3.jar:/Users/leandro.yamaniha/.m2/repository/org/ow2/asm/asm-tree/5.0.3/asm-tree-5.0.3.jar:/Users/leandro.yamaniha/.m2/repository/org/ow2/asm/asm-util/5.0.3/asm-util-5.0.3.jar:/Users/leandro.yamaniha/.m2/repository/com/github/jnr/jnr-x86asm/1.0.2/jnr-x86asm-1.0.2.jar:/Users/leandro.yamaniha/.m2/repository/com/github/jnr/jnr-posix/3.0.44/jnr-posix-3.0.44.jar:/Users/leandro.yamaniha/.m2/repository/com/github/jnr/jnr-constants/0.9.9/jnr-constants-0.9.9.jar:/Users/leandro.yamaniha/.m2/repository/org/junit/platform/junit-platform-suite/1.13.4/junit-platform-suite-1.13.4.jar:/Users/leandro.yamaniha/.m2/repository/org/junit/platform/junit-platform-suite-api/1.13.4/junit-platform-suite-api-1.13.4.jar:/Users/leandro.yamaniha/.m2/repository/org/junit/platform/junit-platform-suite-engine/1.13.4/junit-platform-suite-engine-1.13.4.jar:/Users/leandro.yamaniha/.m2/repository/org/junit/platform/junit-platform-suite-commons/1.13.4/junit-platform-suite-commons-1.13.4.jar:/Users/leandro.yamaniha/.m2/repository/org/junit/platform/junit-platform-launcher/1.13.4/junit-platform-launcher-1.13.4.jar:"/>
    <property name="sun.cpu.endian" value="little"/>
    <property name="user.home" value="/Users/leandro.yamaniha"/>
    <property name="user.language" value="pt"/>
    <property name="java.specification.vendor" value="Oracle Corporation"/>
    <property name="java.version.date" value="2025-04-15"/>
    <property name="java.home" value="/Users/leandro.yamaniha/.sdkman/candidates/java/24.0.1-open"/>
    <property name="spring.profiles.active" value="test"/>
    <property name="file.separator" value="/"/>
    <property name="basedir" value="/Volumes/Dock/ai/ide/windsurf/beauty-salon-app/backend"/>
    <property name="java.vm.compressedOopsMode" value="Zero based"/>
    <property name="line.separator" value="&#10;"/>
    <property name="java.vm.specification.vendor" value="Oracle Corporation"/>
    <property name="java.specification.name" value="Java Platform API Specification"/>
    <property name="FILE_LOG_CHARSET" value="UTF-8"/>
    <property name="java.awt.headless" value="true"/>
    <property name="apple.awt.application.name" value="ForkedBooter"/>
    <property name="surefire.real.class.path" value="/Volumes/Dock/ai/ide/windsurf/beauty-salon-app/backend/target/surefire/surefirebooter-20250809231659659_3.jar"/>
    <property name="sun.management.compiler" value="HotSpot 64-Bit Tiered Compilers"/>
    <property name="ftp.nonProxyHosts" value="local|*.local|169.254/16|*.169.254/16"/>
    <property name="java.runtime.version" value="24.0.1+9-30"/>
    <property name="LOG_CORRELATION_PATTERN" value="%correlationId"/>
    <property name="user.name" value="leandro.yamaniha"/>
    <property name="stdout.encoding" value="UTF-8"/>
    <property name="path.separator" value=":"/>
    <property name="os.version" value="15.6"/>
    <property name="java.runtime.name" value="OpenJDK Runtime Environment"/>
    <property name="file.encoding" value="UTF-8"/>
    <property name="java.vm.name" value="OpenJDK 64-Bit Server VM"/>
    <property name="localRepository" value="/Users/leandro.yamaniha/.m2/repository"/>
    <property name="java.vendor.url.bug" value="https://bugreport.java.com/bugreport/"/>
    <property name="java.io.tmpdir" value="/var/folders/bq/3lwdr43j0434bbxzc_qyn5rw0000gn/T/"/>
    <property name="java.version" value="24.0.1"/>
    <property name="user.dir" value="/Volumes/Dock/ai/ide/windsurf/beauty-salon-app/backend"/>
    <property name="os.arch" value="aarch64"/>
    <property name="java.vm.specification.name" value="Java Virtual Machine Specification"/>
    <property name="PID" value="99081"/>
    <property name="CONSOLE_LOG_CHARSET" value="UTF-8"/>
    <property name="native.encoding" value="UTF-8"/>
    <property name="java.library.path" value="/Users/leandro.yamaniha/Library/Java/Extensions:/Library/Java/Extensions:/Network/Library/Java/Extensions:/System/Library/Java/Extensions:/usr/lib/java:."/>
    <property name="java.vm.info" value="mixed mode, sharing"/>
    <property name="stderr.encoding" value="UTF-8"/>
    <property name="java.vendor" value="Oracle Corporation"/>
    <property name="java.vm.version" value="24.0.1+9-30"/>
    <property name="sun.io.unicode.encoding" value="UnicodeBig"/>
    <property name="socksNonProxyHosts" value="local|*.local|169.254/16|*.169.254/16"/>
    <property name="java.class.version" value="68.0"/>
    <property name="LOGGED_APPLICATION_NAME" value="[beauty-salon-backend] "/>
  </properties>
  <testcase name="testPhase2CachePerformance" classname="com.beautysalon.performance.Phase2ValidationTest" time="0.563">
    <system-out><![CDATA[23:17:00.278 [main] INFO org.springframework.test.context.support.AnnotationConfigContextLoaderUtils -- Could not detect default configuration classes for test class [com.beautysalon.performance.Phase2ValidationTest]: Phase2ValidationTest does not declare any static, non-private, non-final, nested classes annotated with @Configuration.
23:17:00.379 [main] INFO org.springframework.boot.test.context.SpringBootTestContextBootstrapper -- Found @SpringBootConfiguration com.beautysalon.BeautySalonApplication for test class com.beautysalon.performance.Phase2ValidationTest
23:17:00.469 [main] INFO org.testcontainers.images.PullPolicy -- Image pull policy will be performed by: DefaultPullPolicy()
23:17:00.470 [main] INFO org.testcontainers.utility.ImageNameSubstitutor -- Image name substitution will be performed by: DefaultImageNameSubstitutor (composite of 'ConfigurationFileImageNameSubstitutor' and 'PrefixingImageNameSubstitutor')
23:17:00.672 [main] INFO org.testcontainers.dockerclient.DockerClientProviderStrategy -- Loaded org.testcontainers.dockerclient.UnixSocketClientProviderStrategy from ~/.testcontainers.properties, will try it first
23:17:00.869 [main] INFO org.testcontainers.dockerclient.DockerClientProviderStrategy -- Found Docker environment with local Unix socket (unix:///var/run/docker.sock)
23:17:00.869 [main] INFO org.testcontainers.DockerClientFactory -- Docker host IP address is localhost
23:17:00.884 [main] INFO org.testcontainers.DockerClientFactory -- Connected to docker: 
  Server Version: 28.1.1
  API Version: 1.49
  Operating System: Docker Desktop
  Total Memory: 7837 MB
23:17:00.961 [main] INFO tc.testcontainers/ryuk:0.7.0 -- Creating container for image: testcontainers/ryuk:0.7.0
23:17:01.125 [main] INFO org.testcontainers.utility.RegistryAuthLocator -- Credential helper/store (docker-credential-desktop) does not have credentials for https://index.docker.io/v1/
23:17:01.211 [main] INFO tc.testcontainers/ryuk:0.7.0 -- Container testcontainers/ryuk:0.7.0 is starting: 4b5f134930ada770e4ad33ae33b4f934942fffc5b13b85f02716b92f9fbe27e2
23:17:01.551 [main] INFO tc.testcontainers/ryuk:0.7.0 -- Container testcontainers/ryuk:0.7.0 started in PT0.589894S
23:17:01.555 [main] INFO org.testcontainers.utility.RyukResourceReaper -- Ryuk started - will monitor and terminate Testcontainers containers on JVM exit
23:17:01.555 [main] INFO org.testcontainers.DockerClientFactory -- Checking the system...
23:17:01.556 [main] INFO org.testcontainers.DockerClientFactory -- ✔︎ Docker server version should be at least 1.6.0
23:17:01.557 [main] INFO tc.cassandra:4.1 -- Creating container for image: cassandra:4.1
23:17:01.559 [main] WARN tc.cassandra:4.1 -- Reuse was requested but the environment does not support the reuse of containers
To enable reuse of containers, you must set 'testcontainers.reuse.enable=true' in a file located at /Users/leandro.yamaniha/.testcontainers.properties
23:17:01.598 [main] INFO tc.cassandra:4.1 -- Container cassandra:4.1 is starting: e74d4d0623283de6cc6e74ef2ee873fce1a448f413597e4afb9b0c5f73852d66
23:17:04.370 [main] INFO tc.cassandra:4.1 -- Container cassandra:4.1 started in PT2.812913S
23:17:04.386 [main] INFO org.testcontainers.ext.ScriptUtils -- Executing database script from init.cql
23:17:04.390 [main] INFO com.datastax.driver.core -- DataStax Java driver 3.10.0 for Apache Cassandra
23:17:04.397 [main] INFO com.datastax.driver.core.GuavaCompatibility -- Detected Guava >= 19 in the classpath, using modern compatibility layer
23:17:04.429 [main] INFO com.datastax.driver.core.Native -- Could not load JNR C Library, native system calls through this library will not be available (set this logger level to DEBUG to see the full stack trace).
23:17:04.429 [main] INFO com.datastax.driver.core.ClockFactory -- Using java.lang.System clock to generate timestamps.
23:17:04.485 [main] INFO com.datastax.driver.core.NettyUtil -- Did not find Netty's native epoll transport in the classpath, defaulting to NIO.
23:17:04.767 [main] INFO com.datastax.driver.core.policies.DCAwareRoundRobinPolicy -- Using data-center name 'datacenter1' for DCAwareRoundRobinPolicy (if this is incorrect, please provide the correct datacenter name with DCAwareRoundRobinPolicy constructor)
23:17:04.767 [main] INFO com.datastax.driver.core.Cluster -- New Cassandra host localhost/127.0.0.1:56836 added
23:17:07.291 [main] INFO org.testcontainers.ext.ScriptUtils -- Executed database script from init.cql in 2904 ms.
23:17:07.349 [main] INFO org.springframework.boot.devtools.restart.RestartApplicationListener -- Restart disabled due to context in which it is running

  .   ____          _            __ _ _
 /\\ / ___'_ __ _ _(_)_ __  __ _ \ \ \ \
( ( )\___ | '_ | '_| | '_ \/ _` | \ \ \ \
 \\/  ___)| |_)| | | | | || (_| |  ) ) ) )
  '  |____| .__|_| |_|_| |_\__, | / / / /
 =========|_|==============|___/=/_/_/_/

 :: Spring Boot ::             (v4.0.0-M1)

2025-08-09T23:17:07.523-03:00  INFO 99081 --- [beauty-salon-backend] [           main] [                                                 ] c.b.performance.Phase2ValidationTest     : Starting Phase2ValidationTest using Java 24.0.1 with PID 99081 (started by leandro.yamaniha in /Volumes/Dock/ai/ide/windsurf/beauty-salon-app/backend)
2025-08-09T23:17:07.523-03:00 DEBUG 99081 --- [beauty-salon-backend] [           main] [                                                 ] c.b.performance.Phase2ValidationTest     : Running with Spring Boot v4.0.0-M1, Spring v7.0.0-M7
2025-08-09T23:17:07.524-03:00  INFO 99081 --- [beauty-salon-backend] [           main] [                                                 ] c.b.performance.Phase2ValidationTest     : The following 1 profile is active: "test"
2025-08-09T23:17:07.935-03:00  INFO 99081 --- [beauty-salon-backend] [           main] [                                                 ] .s.d.r.c.RepositoryConfigurationDelegate : Bootstrapping Spring Data Reactive Cassandra repositories in DEFAULT mode.
2025-08-09T23:17:07.954-03:00  INFO 99081 --- [beauty-salon-backend] [           main] [                                                 ] .s.d.r.c.RepositoryConfigurationDelegate : Finished Spring Data repository scanning in 15 ms. Found 0 Reactive Cassandra repository interfaces.
2025-08-09T23:17:07.957-03:00  INFO 99081 --- [beauty-salon-backend] [           main] [                                                 ] .s.d.r.c.RepositoryConfigurationDelegate : Bootstrapping Spring Data Cassandra repositories in DEFAULT mode.
2025-08-09T23:17:07.970-03:00  INFO 99081 --- [beauty-salon-backend] [           main] [                                                 ] .s.d.r.c.RepositoryConfigurationDelegate : Finished Spring Data repository scanning in 12 ms. Found 4 Cassandra repository interfaces.
2025-08-09T23:17:08.086-03:00  INFO 99081 --- [beauty-salon-backend] [           main] [                                                 ] c.d.o.d.i.core.DefaultMavenCoordinates   : Apache Cassandra Java Driver (org.apache.cassandra:java-driver-core) version 4.19.0
2025-08-09T23:17:08.300-03:00  INFO 99081 --- [beauty-salon-backend] [           main] [                                                 ] c.d.o.d.internal.core.ContactPoints      : Contact point localhost:56836 resolves to multiple addresses, will use them all ([localhost/127.0.0.1, localhost/0:0:0:0:0:0:0:1])
2025-08-09T23:17:08.339-03:00  INFO 99081 --- [beauty-salon-backend] [           main] [                                                 ] c.d.o.d.i.c.c.CqlPrepareAsyncProcessor   : Adding handler to invalidate cached prepared statements on type changes
2025-08-09T23:17:08.365-03:00  INFO 99081 --- [beauty-salon-backend] [     s0-admin-0] [                                                 ] c.d.oss.driver.internal.core.time.Clock  : Could not access native clock (see debug logs for details), falling back to Java system clock
2025-08-09T23:17:08.485-03:00  WARN 99081 --- [beauty-salon-backend] [     s0-admin-0] [                                                 ] c.d.o.d.i.c.l.h.OptionalLocalDcHelper    : [s0|default] You specified datacenter1 as the local DC, but some contact points are from a different DC: Node(endPoint=localhost/[0:0:0:0:0:0:0:1]:56836, hostId=null, hashCode=7c9b6e83)=null; please provide the correct local DC, or check your contact points
2025-08-09T23:17:08.511-03:00 DEBUG 99081 --- [beauty-salon-backend] [           main] [                                                 ] o.s.data.cassandra.core.cql.CqlTemplate  : Executing CQL statement [CREATE TABLE IF NOT EXISTS staff (id uuid, name text, email text, phone text, role text, specialties set<text>, is_active boolean, created_at timestamp, updated_at timestamp, PRIMARY KEY (id));]
2025-08-09T23:17:08.520-03:00 DEBUG 99081 --- [beauty-salon-backend] [           main] [                                                 ] o.s.data.cassandra.core.cql.CqlTemplate  : Executing CQL statement [CREATE TABLE IF NOT EXISTS customers (id uuid, name text, email text, phone text, address text, created_at timestamp, updated_at timestamp, PRIMARY KEY (id));]
2025-08-09T23:17:08.522-03:00 DEBUG 99081 --- [beauty-salon-backend] [           main] [                                                 ] o.s.data.cassandra.core.cql.CqlTemplate  : Executing CQL statement [CREATE TABLE IF NOT EXISTS services (id uuid, name text, description text, duration int, price decimal, category text, is_active boolean, created_at timestamp, updated_at timestamp, PRIMARY KEY (id));]
2025-08-09T23:17:08.523-03:00 DEBUG 99081 --- [beauty-salon-backend] [           main] [                                                 ] o.s.data.cassandra.core.cql.CqlTemplate  : Executing CQL statement [CREATE TABLE IF NOT EXISTS appointments (id uuid, customer_id uuid, staff_id uuid, service_id uuid, appointment_date date, appointment_time time, status text, notes text, total_price decimal, created_at timestamp, updated_at timestamp, PRIMARY KEY (id));]
2025-08-09T23:17:09.082-03:00  INFO 99081 --- [beauty-salon-backend] [           main] [                                                 ] o.s.b.t.m.w.SpringBootMockServletContext : Initializing Spring TestDispatcherServlet ''
2025-08-09T23:17:09.082-03:00  INFO 99081 --- [beauty-salon-backend] [           main] [                                                 ] o.s.t.web.servlet.TestDispatcherServlet  : Initializing Servlet ''
2025-08-09T23:17:09.088-03:00  INFO 99081 --- [beauty-salon-backend] [           main] [                                                 ] o.s.b.a.e.web.EndpointLinksResolver      : Exposing 2 endpoints beneath base path '/actuator'
2025-08-09T23:17:09.093-03:00  INFO 99081 --- [beauty-salon-backend] [           main] [                                                 ] o.s.t.web.servlet.TestDispatcherServlet  : Completed initialization in 11 ms
2025-08-09T23:17:09.134-03:00  INFO 99081 --- [beauty-salon-backend] [           main] [                                                 ] c.b.performance.Phase2ValidationTest     : Started Phase2ValidationTest in 1.796 seconds (process running for 9.437)

=== Phase 2: Cache Performance Validation ===
2025-08-09T23:17:09.631-03:00 DEBUG 99081 --- [beauty-salon-backend] [           main] [                                                 ] o.s.d.c.c.c.MappingCassandraConverter    : doWithProperties Property.type java.util.UUID, Property.value 87216d75-e9aa-496c-ac4f-d73b5aee21dd
2025-08-09T23:17:09.632-03:00 DEBUG 99081 --- [beauty-salon-backend] [           main] [                                                 ] o.s.d.c.c.c.MappingCassandraConverter    : Adding map.entry [id] - [87216d75-e9aa-496c-ac4f-d73b5aee21dd]
2025-08-09T23:17:09.632-03:00 DEBUG 99081 --- [beauty-salon-backend] [           main] [                                                 ] o.s.d.c.c.c.MappingCassandraConverter    : doWithProperties Property.type java.lang.String, Property.value Cache Test 76310b76
2025-08-09T23:17:09.632-03:00 DEBUG 99081 --- [beauty-salon-backend] [           main] [                                                 ] o.s.d.c.c.c.MappingCassandraConverter    : Adding map.entry [name] - [Cache Test 76310b76]
2025-08-09T23:17:09.632-03:00 DEBUG 99081 --- [beauty-salon-backend] [           main] [                                                 ] o.s.d.c.c.c.MappingCassandraConverter    : doWithProperties Property.type java.lang.String, Property.value cachetest76310b76@phase2.com
2025-08-09T23:17:09.632-03:00 DEBUG 99081 --- [beauty-salon-backend] [           main] [                                                 ] o.s.d.c.c.c.MappingCassandraConverter    : Adding map.entry [email] - [cachetest76310b76@phase2.com]
2025-08-09T23:17:09.632-03:00 DEBUG 99081 --- [beauty-salon-backend] [           main] [                                                 ] o.s.d.c.c.c.MappingCassandraConverter    : doWithProperties Property.type java.lang.String, Property.value 5559999763
2025-08-09T23:17:09.632-03:00 DEBUG 99081 --- [beauty-salon-backend] [           main] [                                                 ] o.s.d.c.c.c.MappingCassandraConverter    : Adding map.entry [phone] - [5559999763]
2025-08-09T23:17:09.632-03:00 DEBUG 99081 --- [beauty-salon-backend] [           main] [                                                 ] o.s.d.c.c.c.MappingCassandraConverter    : doWithProperties Property.type java.lang.String, Property.value Cache Address 76310b76
2025-08-09T23:17:09.632-03:00 DEBUG 99081 --- [beauty-salon-backend] [           main] [                                                 ] o.s.d.c.c.c.MappingCassandraConverter    : Adding map.entry [address] - [Cache Address 76310b76]
2025-08-09T23:17:09.632-03:00 DEBUG 99081 --- [beauty-salon-backend] [           main] [                                                 ] o.s.d.c.c.c.MappingCassandraConverter    : doWithProperties Property.type java.time.Instant, Property.value 2025-08-10T02:17:09.624626Z
2025-08-09T23:17:09.633-03:00 DEBUG 99081 --- [beauty-salon-backend] [           main] [                                                 ] o.s.d.c.c.c.MappingCassandraConverter    : Adding map.entry [created_at] - [2025-08-10T02:17:09.624626Z]
2025-08-09T23:17:09.633-03:00 DEBUG 99081 --- [beauty-salon-backend] [           main] [                                                 ] o.s.d.c.c.c.MappingCassandraConverter    : doWithProperties Property.type java.time.Instant, Property.value 2025-08-10T02:17:09.624629Z
2025-08-09T23:17:09.633-03:00 DEBUG 99081 --- [beauty-salon-backend] [           main] [                                                 ] o.s.d.c.c.c.MappingCassandraConverter    : Adding map.entry [updated_at] - [2025-08-10T02:17:09.624629Z]
2025-08-09T23:17:09.642-03:00 DEBUG 99081 --- [beauty-salon-backend] [           main] [                                                 ] o.s.data.cassandra.core.cql.CqlTemplate  : Preparing statement [INSERT INTO customers (id,name,email,phone,address,created_at,updated_at) VALUES (?,?,?,?,?,?,?)] using org.springframework.data.cassandra.core.CassandraTemplate$PreparedStatementHandler@328faaed
2025-08-09T23:17:09.664-03:00 DEBUG 99081 --- [beauty-salon-backend] [           main] [                                                 ] o.s.data.cassandra.core.cql.CqlTemplate  : Executing prepared statement [INSERT INTO customers (id,name,email,phone,address,created_at,updated_at) VALUES (?,?,?,?,?,?,?)]
2025-08-09T23:17:09.705-03:00 DEBUG 99081 --- [beauty-salon-backend] [           main] [                                                 ] o.s.data.cassandra.core.cql.CqlTemplate  : Preparing statement [SELECT * FROM customers WHERE id=? LIMIT 1] using org.springframework.data.cassandra.core.CassandraTemplate$PreparedStatementHandler@6c18f0a8
2025-08-09T23:17:09.709-03:00 DEBUG 99081 --- [beauty-salon-backend] [           main] [                                                 ] o.s.data.cassandra.core.cql.CqlTemplate  : Executing prepared statement [SELECT * FROM customers WHERE id=? LIMIT 1]
📊 CACHE PERFORMANCE RESULTS:
🔍 Cache Miss Time: 17 ms
⚡ Cache Hit Time: 1 ms
📈 Average Cache Hit Time (5 requests): 0,00 ms
🚀 Cache Performance Improvement: 94,1%
✅ Cache Performance Validation PASSED!
]]></system-out>
    <system-err><![CDATA[Mockito is currently self-attaching to enable the inline-mock-maker. This will no longer work in future releases of the JDK. Please add Mockito as an agent to your build as described in Mockito's documentation: https://javadoc.io/doc/org.mockito/mockito-core/latest/org.mockito/org/mockito/Mockito.html#0.3
WARNING: A Java agent has been loaded dynamically (/Users/leandro.yamaniha/.m2/repository/net/bytebuddy/byte-buddy-agent/1.17.6/byte-buddy-agent-1.17.6.jar)
WARNING: If a serviceability tool is in use, please run with -XX:+EnableDynamicAgentLoading to hide this warning
WARNING: If a serviceability tool is not in use, please run with -Djdk.instrument.traceUsage for more information
WARNING: Dynamic loading of agents will be disallowed by default in a future release
]]></system-err>
  </testcase>
  <testcase name="testPhase2OverallPerformanceComparison" classname="com.beautysalon.performance.Phase2ValidationTest" time="0.209">
    <system-out><![CDATA[
=== Phase 2: Overall Performance Comparison ===
2025-08-09T23:17:09.732-03:00 DEBUG 99081 --- [beauty-salon-backend] [           main] [                                                 ] o.s.d.c.c.c.MappingCassandraConverter    : doWithProperties Property.type java.util.UUID, Property.value cd51a743-12dc-413d-b255-e7b8b8976645
2025-08-09T23:17:09.733-03:00 DEBUG 99081 --- [beauty-salon-backend] [           main] [                                                 ] o.s.d.c.c.c.MappingCassandraConverter    : Adding map.entry [id] - [cd51a743-12dc-413d-b255-e7b8b8976645]
2025-08-09T23:17:09.733-03:00 DEBUG 99081 --- [beauty-salon-backend] [           main] [                                                 ] o.s.d.c.c.c.MappingCassandraConverter    : doWithProperties Property.type java.lang.String, Property.value Comparison Test 75338651
2025-08-09T23:17:09.733-03:00 DEBUG 99081 --- [beauty-salon-backend] [           main] [                                                 ] o.s.d.c.c.c.MappingCassandraConverter    : Adding map.entry [name] - [Comparison Test 75338651]
2025-08-09T23:17:09.733-03:00 DEBUG 99081 --- [beauty-salon-backend] [           main] [                                                 ] o.s.d.c.c.c.MappingCassandraConverter    : doWithProperties Property.type java.lang.String, Property.value comparison75338651@phase2.com
2025-08-09T23:17:09.733-03:00 DEBUG 99081 --- [beauty-salon-backend] [           main] [                                                 ] o.s.d.c.c.c.MappingCassandraConverter    : Adding map.entry [email] - [comparison75338651@phase2.com]
2025-08-09T23:17:09.733-03:00 DEBUG 99081 --- [beauty-salon-backend] [           main] [                                                 ] o.s.d.c.c.c.MappingCassandraConverter    : doWithProperties Property.type java.lang.String, Property.value 5550000000
2025-08-09T23:17:09.733-03:00 DEBUG 99081 --- [beauty-salon-backend] [           main] [                                                 ] o.s.d.c.c.c.MappingCassandraConverter    : Adding map.entry [phone] - [5550000000]
2025-08-09T23:17:09.733-03:00 DEBUG 99081 --- [beauty-salon-backend] [           main] [                                                 ] o.s.d.c.c.c.MappingCassandraConverter    : doWithProperties Property.type java.lang.String, Property.value Comparison Address 75338651
2025-08-09T23:17:09.733-03:00 DEBUG 99081 --- [beauty-salon-backend] [           main] [                                                 ] o.s.d.c.c.c.MappingCassandraConverter    : Adding map.entry [address] - [Comparison Address 75338651]
2025-08-09T23:17:09.733-03:00 DEBUG 99081 --- [beauty-salon-backend] [           main] [                                                 ] o.s.d.c.c.c.MappingCassandraConverter    : doWithProperties Property.type java.time.Instant, Property.value 2025-08-10T02:17:09.732619Z
2025-08-09T23:17:09.733-03:00 DEBUG 99081 --- [beauty-salon-backend] [           main] [                                                 ] o.s.d.c.c.c.MappingCassandraConverter    : Adding map.entry [created_at] - [2025-08-10T02:17:09.732619Z]
2025-08-09T23:17:09.734-03:00 DEBUG 99081 --- [beauty-salon-backend] [           main] [                                                 ] o.s.d.c.c.c.MappingCassandraConverter    : doWithProperties Property.type java.time.Instant, Property.value 2025-08-10T02:17:09.732620Z
2025-08-09T23:17:09.734-03:00 DEBUG 99081 --- [beauty-salon-backend] [           main] [                                                 ] o.s.d.c.c.c.MappingCassandraConverter    : Adding map.entry [updated_at] - [2025-08-10T02:17:09.732620Z]
2025-08-09T23:17:09.734-03:00 DEBUG 99081 --- [beauty-salon-backend] [           main] [                                                 ] o.s.data.cassandra.core.cql.CqlTemplate  : Preparing statement [INSERT INTO customers (id,name,email,phone,address,created_at,updated_at) VALUES (?,?,?,?,?,?,?)] using org.springframework.data.cassandra.core.CassandraTemplate$PreparedStatementHandler@1f0d5dec
2025-08-09T23:17:09.734-03:00 DEBUG 99081 --- [beauty-salon-backend] [           main] [                                                 ] o.s.data.cassandra.core.cql.CqlTemplate  : Executing prepared statement [INSERT INTO customers (id,name,email,phone,address,created_at,updated_at) VALUES (?,?,?,?,?,?,?)]
2025-08-09T23:17:09.743-03:00 DEBUG 99081 --- [beauty-salon-backend] [           main] [                                                 ] o.s.d.c.c.c.MappingCassandraConverter    : doWithProperties Property.type java.util.UUID, Property.value ad88e705-403f-4460-8d2b-3a54423b4dd5
2025-08-09T23:17:09.743-03:00 DEBUG 99081 --- [beauty-salon-backend] [           main] [                                                 ] o.s.d.c.c.c.MappingCassandraConverter    : Adding map.entry [id] - [ad88e705-403f-4460-8d2b-3a54423b4dd5]
2025-08-09T23:17:09.743-03:00 DEBUG 99081 --- [beauty-salon-backend] [           main] [                                                 ] o.s.d.c.c.c.MappingCassandraConverter    : doWithProperties Property.type java.lang.String, Property.value Comparison Test a3c63c51
2025-08-09T23:17:09.743-03:00 DEBUG 99081 --- [beauty-salon-backend] [           main] [                                                 ] o.s.d.c.c.c.MappingCassandraConverter    : Adding map.entry [name] - [Comparison Test a3c63c51]
2025-08-09T23:17:09.743-03:00 DEBUG 99081 --- [beauty-salon-backend] [           main] [                                                 ] o.s.d.c.c.c.MappingCassandraConverter    : doWithProperties Property.type java.lang.String, Property.value comparisona3c63c51@phase2.com
2025-08-09T23:17:09.743-03:00 DEBUG 99081 --- [beauty-salon-backend] [           main] [                                                 ] o.s.d.c.c.c.MappingCassandraConverter    : Adding map.entry [email] - [comparisona3c63c51@phase2.com]
2025-08-09T23:17:09.743-03:00 DEBUG 99081 --- [beauty-salon-backend] [           main] [                                                 ] o.s.d.c.c.c.MappingCassandraConverter    : doWithProperties Property.type java.lang.String, Property.value 5550000001
2025-08-09T23:17:09.743-03:00 DEBUG 99081 --- [beauty-salon-backend] [           main] [                                                 ] o.s.d.c.c.c.MappingCassandraConverter    : Adding map.entry [phone] - [5550000001]
2025-08-09T23:17:09.743-03:00 DEBUG 99081 --- [beauty-salon-backend] [           main] [                                                 ] o.s.d.c.c.c.MappingCassandraConverter    : doWithProperties Property.type java.lang.String, Property.value Comparison Address a3c63c51
2025-08-09T23:17:09.743-03:00 DEBUG 99081 --- [beauty-salon-backend] [           main] [                                                 ] o.s.d.c.c.c.MappingCassandraConverter    : Adding map.entry [address] - [Comparison Address a3c63c51]
2025-08-09T23:17:09.743-03:00 DEBUG 99081 --- [beauty-salon-backend] [           main] [                                                 ] o.s.d.c.c.c.MappingCassandraConverter    : doWithProperties Property.type java.time.Instant, Property.value 2025-08-10T02:17:09.742946Z
2025-08-09T23:17:09.743-03:00 DEBUG 99081 --- [beauty-salon-backend] [           main] [                                                 ] o.s.d.c.c.c.MappingCassandraConverter    : Adding map.entry [created_at] - [2025-08-10T02:17:09.742946Z]
2025-08-09T23:17:09.743-03:00 DEBUG 99081 --- [beauty-salon-backend] [           main] [                                                 ] o.s.d.c.c.c.MappingCassandraConverter    : doWithProperties Property.type java.time.Instant, Property.value 2025-08-10T02:17:09.742946Z
2025-08-09T23:17:09.743-03:00 DEBUG 99081 --- [beauty-salon-backend] [           main] [                                                 ] o.s.d.c.c.c.MappingCassandraConverter    : Adding map.entry [updated_at] - [2025-08-10T02:17:09.742946Z]
2025-08-09T23:17:09.743-03:00 DEBUG 99081 --- [beauty-salon-backend] [           main] [                                                 ] o.s.data.cassandra.core.cql.CqlTemplate  : Preparing statement [INSERT INTO customers (id,name,email,phone,address,created_at,updated_at) VALUES (?,?,?,?,?,?,?)] using org.springframework.data.cassandra.core.CassandraTemplate$PreparedStatementHandler@60714568
2025-08-09T23:17:09.744-03:00 DEBUG 99081 --- [beauty-salon-backend] [           main] [                                                 ] o.s.data.cassandra.core.cql.CqlTemplate  : Executing prepared statement [INSERT INTO customers (id,name,email,phone,address,created_at,updated_at) VALUES (?,?,?,?,?,?,?)]
2025-08-09T23:17:09.749-03:00 DEBUG 99081 --- [beauty-salon-backend] [           main] [                                                 ] o.s.d.c.c.c.MappingCassandraConverter    : doWithProperties Property.type java.util.UUID, Property.value 709ce60f-5fce-4488-a4eb-ac3b505c8658
2025-08-09T23:17:09.749-03:00 DEBUG 99081 --- [beauty-salon-backend] [           main] [                                                 ] o.s.d.c.c.c.MappingCassandraConverter    : Adding map.entry [id] - [709ce60f-5fce-4488-a4eb-ac3b505c8658]
2025-08-09T23:17:09.750-03:00 DEBUG 99081 --- [beauty-salon-backend] [           main] [                                                 ] o.s.d.c.c.c.MappingCassandraConverter    : doWithProperties Property.type java.lang.String, Property.value Comparison Test 4dd37bf9
2025-08-09T23:17:09.750-03:00 DEBUG 99081 --- [beauty-salon-backend] [           main] [                                                 ] o.s.d.c.c.c.MappingCassandraConverter    : Adding map.entry [name] - [Comparison Test 4dd37bf9]
2025-08-09T23:17:09.750-03:00 DEBUG 99081 --- [beauty-salon-backend] [           main] [                                                 ] o.s.d.c.c.c.MappingCassandraConverter    : doWithProperties Property.type java.lang.String, Property.value comparison4dd37bf9@phase2.com
2025-08-09T23:17:09.750-03:00 DEBUG 99081 --- [beauty-salon-backend] [           main] [                                                 ] o.s.d.c.c.c.MappingCassandraConverter    : Adding map.entry [email] - [comparison4dd37bf9@phase2.com]
2025-08-09T23:17:09.750-03:00 DEBUG 99081 --- [beauty-salon-backend] [           main] [                                                 ] o.s.d.c.c.c.MappingCassandraConverter    : doWithProperties Property.type java.lang.String, Property.value 5550000002
2025-08-09T23:17:09.750-03:00 DEBUG 99081 --- [beauty-salon-backend] [           main] [                                                 ] o.s.d.c.c.c.MappingCassandraConverter    : Adding map.entry [phone] - [5550000002]
2025-08-09T23:17:09.750-03:00 DEBUG 99081 --- [beauty-salon-backend] [           main] [                                                 ] o.s.d.c.c.c.MappingCassandraConverter    : doWithProperties Property.type java.lang.String, Property.value Comparison Address 4dd37bf9
2025-08-09T23:17:09.750-03:00 DEBUG 99081 --- [beauty-salon-backend] [           main] [                                                 ] o.s.d.c.c.c.MappingCassandraConverter    : Adding map.entry [address] - [Comparison Address 4dd37bf9]
2025-08-09T23:17:09.750-03:00 DEBUG 99081 --- [beauty-salon-backend] [           main] [                                                 ] o.s.d.c.c.c.MappingCassandraConverter    : doWithProperties Property.type java.time.Instant, Property.value 2025-08-10T02:17:09.749680Z
2025-08-09T23:17:09.750-03:00 DEBUG 99081 --- [beauty-salon-backend] [           main] [                                                 ] o.s.d.c.c.c.MappingCassandraConverter    : Adding map.entry [created_at] - [2025-08-10T02:17:09.749680Z]
2025-08-09T23:17:09.750-03:00 DEBUG 99081 --- [beauty-salon-backend] [           main] [                                                 ] o.s.d.c.c.c.MappingCassandraConverter    : doWithProperties Property.type java.time.Instant, Property.value 2025-08-10T02:17:09.749680Z
2025-08-09T23:17:09.750-03:00 DEBUG 99081 --- [beauty-salon-backend] [           main] [                                                 ] o.s.d.c.c.c.MappingCassandraConverter    : Adding map.entry [updated_at] - [2025-08-10T02:17:09.749680Z]
2025-08-09T23:17:09.750-03:00 DEBUG 99081 --- [beauty-salon-backend] [           main] [                                                 ] o.s.data.cassandra.core.cql.CqlTemplate  : Preparing statement [INSERT INTO customers (id,name,email,phone,address,created_at,updated_at) VALUES (?,?,?,?,?,?,?)] using org.springframework.data.cassandra.core.CassandraTemplate$PreparedStatementHandler@73de16d1
2025-08-09T23:17:09.750-03:00 DEBUG 99081 --- [beauty-salon-backend] [           main] [                                                 ] o.s.data.cassandra.core.cql.CqlTemplate  : Executing prepared statement [INSERT INTO customers (id,name,email,phone,address,created_at,updated_at) VALUES (?,?,?,?,?,?,?)]
2025-08-09T23:17:09.757-03:00 DEBUG 99081 --- [beauty-salon-backend] [           main] [                                                 ] o.s.d.c.c.c.MappingCassandraConverter    : doWithProperties Property.type java.util.UUID, Property.value d4ca231c-b092-4677-82a5-e53752b0538b
2025-08-09T23:17:09.757-03:00 DEBUG 99081 --- [beauty-salon-backend] [           main] [                                                 ] o.s.d.c.c.c.MappingCassandraConverter    : Adding map.entry [id] - [d4ca231c-b092-4677-82a5-e53752b0538b]
2025-08-09T23:17:09.757-03:00 DEBUG 99081 --- [beauty-salon-backend] [           main] [                                                 ] o.s.d.c.c.c.MappingCassandraConverter    : doWithProperties Property.type java.lang.String, Property.value Comparison Test 979f7d58
2025-08-09T23:17:09.757-03:00 DEBUG 99081 --- [beauty-salon-backend] [           main] [                                                 ] o.s.d.c.c.c.MappingCassandraConverter    : Adding map.entry [name] - [Comparison Test 979f7d58]
2025-08-09T23:17:09.757-03:00 DEBUG 99081 --- [beauty-salon-backend] [           main] [                                                 ] o.s.d.c.c.c.MappingCassandraConverter    : doWithProperties Property.type java.lang.String, Property.value comparison979f7d58@phase2.com
2025-08-09T23:17:09.757-03:00 DEBUG 99081 --- [beauty-salon-backend] [           main] [                                                 ] o.s.d.c.c.c.MappingCassandraConverter    : Adding map.entry [email] - [comparison979f7d58@phase2.com]
2025-08-09T23:17:09.757-03:00 DEBUG 99081 --- [beauty-salon-backend] [           main] [                                                 ] o.s.d.c.c.c.MappingCassandraConverter    : doWithProperties Property.type java.lang.String, Property.value 5550000003
2025-08-09T23:17:09.757-03:00 DEBUG 99081 --- [beauty-salon-backend] [           main] [                                                 ] o.s.d.c.c.c.MappingCassandraConverter    : Adding map.entry [phone] - [5550000003]
2025-08-09T23:17:09.757-03:00 DEBUG 99081 --- [beauty-salon-backend] [           main] [                                                 ] o.s.d.c.c.c.MappingCassandraConverter    : doWithProperties Property.type java.lang.String, Property.value Comparison Address 979f7d58
2025-08-09T23:17:09.757-03:00 DEBUG 99081 --- [beauty-salon-backend] [           main] [                                                 ] o.s.d.c.c.c.MappingCassandraConverter    : Adding map.entry [address] - [Comparison Address 979f7d58]
2025-08-09T23:17:09.757-03:00 DEBUG 99081 --- [beauty-salon-backend] [           main] [                                                 ] o.s.d.c.c.c.MappingCassandraConverter    : doWithProperties Property.type java.time.Instant, Property.value 2025-08-10T02:17:09.757153Z
2025-08-09T23:17:09.757-03:00 DEBUG 99081 --- [beauty-salon-backend] [           main] [                                                 ] o.s.d.c.c.c.MappingCassandraConverter    : Adding map.entry [created_at] - [2025-08-10T02:17:09.757153Z]
2025-08-09T23:17:09.757-03:00 DEBUG 99081 --- [beauty-salon-backend] [           main] [                                                 ] o.s.d.c.c.c.MappingCassandraConverter    : doWithProperties Property.type java.time.Instant, Property.value 2025-08-10T02:17:09.757153Z
2025-08-09T23:17:09.757-03:00 DEBUG 99081 --- [beauty-salon-backend] [           main] [                                                 ] o.s.d.c.c.c.MappingCassandraConverter    : Adding map.entry [updated_at] - [2025-08-10T02:17:09.757153Z]
2025-08-09T23:17:09.758-03:00 DEBUG 99081 --- [beauty-salon-backend] [           main] [                                                 ] o.s.data.cassandra.core.cql.CqlTemplate  : Preparing statement [INSERT INTO customers (id,name,email,phone,address,created_at,updated_at) VALUES (?,?,?,?,?,?,?)] using org.springframework.data.cassandra.core.CassandraTemplate$PreparedStatementHandler@2ae99657
2025-08-09T23:17:09.758-03:00 DEBUG 99081 --- [beauty-salon-backend] [           main] [                                                 ] o.s.data.cassandra.core.cql.CqlTemplate  : Executing prepared statement [INSERT INTO customers (id,name,email,phone,address,created_at,updated_at) VALUES (?,?,?,?,?,?,?)]
2025-08-09T23:17:09.763-03:00 DEBUG 99081 --- [beauty-salon-backend] [           main] [                                                 ] o.s.d.c.c.c.MappingCassandraConverter    : doWithProperties Property.type java.util.UUID, Property.value 7a091764-a945-4177-b4e5-28e499678ed6
2025-08-09T23:17:09.763-03:00 DEBUG 99081 --- [beauty-salon-backend] [           main] [                                                 ] o.s.d.c.c.c.MappingCassandraConverter    : Adding map.entry [id] - [7a091764-a945-4177-b4e5-28e499678ed6]
2025-08-09T23:17:09.764-03:00 DEBUG 99081 --- [beauty-salon-backend] [           main] [                                                 ] o.s.d.c.c.c.MappingCassandraConverter    : doWithProperties Property.type java.lang.String, Property.value Comparison Test 6e647758
2025-08-09T23:17:09.764-03:00 DEBUG 99081 --- [beauty-salon-backend] [           main] [                                                 ] o.s.d.c.c.c.MappingCassandraConverter    : Adding map.entry [name] - [Comparison Test 6e647758]
2025-08-09T23:17:09.764-03:00 DEBUG 99081 --- [beauty-salon-backend] [           main] [                                                 ] o.s.d.c.c.c.MappingCassandraConverter    : doWithProperties Property.type java.lang.String, Property.value comparison6e647758@phase2.com
2025-08-09T23:17:09.764-03:00 DEBUG 99081 --- [beauty-salon-backend] [           main] [                                                 ] o.s.d.c.c.c.MappingCassandraConverter    : Adding map.entry [email] - [comparison6e647758@phase2.com]
2025-08-09T23:17:09.764-03:00 DEBUG 99081 --- [beauty-salon-backend] [           main] [                                                 ] o.s.d.c.c.c.MappingCassandraConverter    : doWithProperties Property.type java.lang.String, Property.value 5550000004
2025-08-09T23:17:09.764-03:00 DEBUG 99081 --- [beauty-salon-backend] [           main] [                                                 ] o.s.d.c.c.c.MappingCassandraConverter    : Adding map.entry [phone] - [5550000004]
2025-08-09T23:17:09.764-03:00 DEBUG 99081 --- [beauty-salon-backend] [           main] [                                                 ] o.s.d.c.c.c.MappingCassandraConverter    : doWithProperties Property.type java.lang.String, Property.value Comparison Address 6e647758
2025-08-09T23:17:09.764-03:00 DEBUG 99081 --- [beauty-salon-backend] [           main] [                                                 ] o.s.d.c.c.c.MappingCassandraConverter    : Adding map.entry [address] - [Comparison Address 6e647758]
2025-08-09T23:17:09.764-03:00 DEBUG 99081 --- [beauty-salon-backend] [           main] [                                                 ] o.s.d.c.c.c.MappingCassandraConverter    : doWithProperties Property.type java.time.Instant, Property.value 2025-08-10T02:17:09.763750Z
2025-08-09T23:17:09.764-03:00 DEBUG 99081 --- [beauty-salon-backend] [           main] [                                                 ] o.s.d.c.c.c.MappingCassandraConverter    : Adding map.entry [created_at] - [2025-08-10T02:17:09.763750Z]
2025-08-09T23:17:09.764-03:00 DEBUG 99081 --- [beauty-salon-backend] [           main] [                                                 ] o.s.d.c.c.c.MappingCassandraConverter    : doWithProperties Property.type java.time.Instant, Property.value 2025-08-10T02:17:09.763750Z
2025-08-09T23:17:09.764-03:00 DEBUG 99081 --- [beauty-salon-backend] [           main] [                                                 ] o.s.d.c.c.c.MappingCassandraConverter    : Adding map.entry [updated_at] - [2025-08-10T02:17:09.763750Z]
2025-08-09T23:17:09.764-03:00 DEBUG 99081 --- [beauty-salon-backend] [           main] [                                                 ] o.s.data.cassandra.core.cql.CqlTemplate  : Preparing statement [INSERT INTO customers (id,name,email,phone,address,created_at,updated_at) VALUES (?,?,?,?,?,?,?)] using org.springframework.data.cassandra.core.CassandraTemplate$PreparedStatementHandler@61cd6f49
2025-08-09T23:17:09.764-03:00 DEBUG 99081 --- [beauty-salon-backend] [           main] [                                                 ] o.s.data.cassandra.core.cql.CqlTemplate  : Executing prepared statement [INSERT INTO customers (id,name,email,phone,address,created_at,updated_at) VALUES (?,?,?,?,?,?,?)]
2025-08-09T23:17:09.769-03:00 DEBUG 99081 --- [beauty-salon-backend] [           main] [                                                 ] o.s.data.cassandra.core.cql.CqlTemplate  : Preparing statement [SELECT * FROM customers WHERE id=? LIMIT 1] using org.springframework.data.cassandra.core.CassandraTemplate$PreparedStatementHandler@9ae1213
2025-08-09T23:17:09.769-03:00 DEBUG 99081 --- [beauty-salon-backend] [           main] [                                                 ] o.s.data.cassandra.core.cql.CqlTemplate  : Executing prepared statement [SELECT * FROM customers WHERE id=? LIMIT 1]
2025-08-09T23:17:09.776-03:00 DEBUG 99081 --- [beauty-salon-backend] [           main] [                                                 ] o.s.data.cassandra.core.cql.CqlTemplate  : Preparing statement [SELECT * FROM customers] using org.springframework.data.cassandra.core.CassandraTemplate$PreparedStatementHandler@33521792
2025-08-09T23:17:09.779-03:00 DEBUG 99081 --- [beauty-salon-backend] [           main] [                                                 ] o.s.data.cassandra.core.cql.CqlTemplate  : Executing prepared statement [SELECT * FROM customers]
2025-08-09T23:17:09.788-03:00 DEBUG 99081 --- [beauty-salon-backend] [           main] [                                                 ] o.s.d.c.c.c.MappingCassandraConverter    : doWithProperties Property.type java.util.UUID, Property.value 6c733e04-df44-4b9a-9a2d-4e711ee347f4
2025-08-09T23:17:09.788-03:00 DEBUG 99081 --- [beauty-salon-backend] [           main] [                                                 ] o.s.d.c.c.c.MappingCassandraConverter    : Adding map.entry [id] - [6c733e04-df44-4b9a-9a2d-4e711ee347f4]
2025-08-09T23:17:09.788-03:00 DEBUG 99081 --- [beauty-salon-backend] [           main] [                                                 ] o.s.d.c.c.c.MappingCassandraConverter    : doWithProperties Property.type java.lang.String, Property.value Mixed Test 21756059
2025-08-09T23:17:09.788-03:00 DEBUG 99081 --- [beauty-salon-backend] [           main] [                                                 ] o.s.d.c.c.c.MappingCassandraConverter    : Adding map.entry [name] - [Mixed Test 21756059]
2025-08-09T23:17:09.788-03:00 DEBUG 99081 --- [beauty-salon-backend] [           main] [                                                 ] o.s.d.c.c.c.MappingCassandraConverter    : doWithProperties Property.type java.lang.String, Property.value mixed21756059@phase2.com
2025-08-09T23:17:09.788-03:00 DEBUG 99081 --- [beauty-salon-backend] [           main] [                                                 ] o.s.d.c.c.c.MappingCassandraConverter    : Adding map.entry [email] - [mixed21756059@phase2.com]
2025-08-09T23:17:09.788-03:00 DEBUG 99081 --- [beauty-salon-backend] [           main] [                                                 ] o.s.d.c.c.c.MappingCassandraConverter    : doWithProperties Property.type java.lang.String, Property.value 5550000002
2025-08-09T23:17:09.788-03:00 DEBUG 99081 --- [beauty-salon-backend] [           main] [                                                 ] o.s.d.c.c.c.MappingCassandraConverter    : Adding map.entry [phone] - [5550000002]
2025-08-09T23:17:09.788-03:00 DEBUG 99081 --- [beauty-salon-backend] [           main] [                                                 ] o.s.d.c.c.c.MappingCassandraConverter    : doWithProperties Property.type java.lang.String, Property.value Mixed Address 21756059
2025-08-09T23:17:09.788-03:00 DEBUG 99081 --- [beauty-salon-backend] [           main] [                                                 ] o.s.d.c.c.c.MappingCassandraConverter    : Adding map.entry [address] - [Mixed Address 21756059]
2025-08-09T23:17:09.788-03:00 DEBUG 99081 --- [beauty-salon-backend] [           main] [                                                 ] o.s.d.c.c.c.MappingCassandraConverter    : doWithProperties Property.type java.time.Instant, Property.value 2025-08-10T02:17:09.788289Z
2025-08-09T23:17:09.788-03:00 DEBUG 99081 --- [beauty-salon-backend] [           main] [                                                 ] o.s.d.c.c.c.MappingCassandraConverter    : Adding map.entry [created_at] - [2025-08-10T02:17:09.788289Z]
2025-08-09T23:17:09.789-03:00 DEBUG 99081 --- [beauty-salon-backend] [           main] [                                                 ] o.s.d.c.c.c.MappingCassandraConverter    : doWithProperties Property.type java.time.Instant, Property.value 2025-08-10T02:17:09.788289Z
2025-08-09T23:17:09.789-03:00 DEBUG 99081 --- [beauty-salon-backend] [           main] [                                                 ] o.s.d.c.c.c.MappingCassandraConverter    : Adding map.entry [updated_at] - [2025-08-10T02:17:09.788289Z]
2025-08-09T23:17:09.789-03:00 DEBUG 99081 --- [beauty-salon-backend] [           main] [                                                 ] o.s.data.cassandra.core.cql.CqlTemplate  : Preparing statement [INSERT INTO customers (id,name,email,phone,address,created_at,updated_at) VALUES (?,?,?,?,?,?,?)] using org.springframework.data.cassandra.core.CassandraTemplate$PreparedStatementHandler@10c10655
2025-08-09T23:17:09.789-03:00 DEBUG 99081 --- [beauty-salon-backend] [           main] [                                                 ] o.s.data.cassandra.core.cql.CqlTemplate  : Executing prepared statement [INSERT INTO customers (id,name,email,phone,address,created_at,updated_at) VALUES (?,?,?,?,?,?,?)]
2025-08-09T23:17:09.799-03:00 DEBUG 99081 --- [beauty-salon-backend] [           main] [                                                 ] o.s.data.cassandra.core.cql.CqlTemplate  : Preparing statement [SELECT * FROM customers WHERE id=? LIMIT 1] using org.springframework.data.cassandra.core.CassandraTemplate$PreparedStatementHandler@75472842
2025-08-09T23:17:09.799-03:00 DEBUG 99081 --- [beauty-salon-backend] [           main] [                                                 ] o.s.data.cassandra.core.cql.CqlTemplate  : Executing prepared statement [SELECT * FROM customers WHERE id=? LIMIT 1]
2025-08-09T23:17:09.807-03:00 DEBUG 99081 --- [beauty-salon-backend] [           main] [                                                 ] o.s.data.cassandra.core.cql.CqlTemplate  : Preparing statement [SELECT * FROM customers] using org.springframework.data.cassandra.core.CassandraTemplate$PreparedStatementHandler@18019109
2025-08-09T23:17:09.807-03:00 DEBUG 99081 --- [beauty-salon-backend] [           main] [                                                 ] o.s.data.cassandra.core.cql.CqlTemplate  : Executing prepared statement [SELECT * FROM customers]
2025-08-09T23:17:09.813-03:00 DEBUG 99081 --- [beauty-salon-backend] [           main] [                                                 ] o.s.d.c.c.c.MappingCassandraConverter    : doWithProperties Property.type java.util.UUID, Property.value c1b16524-6459-4174-a628-b495b805d274
2025-08-09T23:17:09.813-03:00 DEBUG 99081 --- [beauty-salon-backend] [           main] [                                                 ] o.s.d.c.c.c.MappingCassandraConverter    : Adding map.entry [id] - [c1b16524-6459-4174-a628-b495b805d274]
2025-08-09T23:17:09.813-03:00 DEBUG 99081 --- [beauty-salon-backend] [           main] [                                                 ] o.s.d.c.c.c.MappingCassandraConverter    : doWithProperties Property.type java.lang.String, Property.value Mixed Test fde9abb9
2025-08-09T23:17:09.813-03:00 DEBUG 99081 --- [beauty-salon-backend] [           main] [                                                 ] o.s.d.c.c.c.MappingCassandraConverter    : Adding map.entry [name] - [Mixed Test fde9abb9]
2025-08-09T23:17:09.813-03:00 DEBUG 99081 --- [beauty-salon-backend] [           main] [                                                 ] o.s.d.c.c.c.MappingCassandraConverter    : doWithProperties Property.type java.lang.String, Property.value mixedfde9abb9@phase2.com
2025-08-09T23:17:09.813-03:00 DEBUG 99081 --- [beauty-salon-backend] [           main] [                                                 ] o.s.d.c.c.c.MappingCassandraConverter    : Adding map.entry [email] - [mixedfde9abb9@phase2.com]
2025-08-09T23:17:09.814-03:00 DEBUG 99081 --- [beauty-salon-backend] [           main] [                                                 ] o.s.d.c.c.c.MappingCassandraConverter    : doWithProperties Property.type java.lang.String, Property.value 5550000005
2025-08-09T23:17:09.814-03:00 DEBUG 99081 --- [beauty-salon-backend] [           main] [                                                 ] o.s.d.c.c.c.MappingCassandraConverter    : Adding map.entry [phone] - [5550000005]
2025-08-09T23:17:09.814-03:00 DEBUG 99081 --- [beauty-salon-backend] [           main] [                                                 ] o.s.d.c.c.c.MappingCassandraConverter    : doWithProperties Property.type java.lang.String, Property.value Mixed Address fde9abb9
2025-08-09T23:17:09.814-03:00 DEBUG 99081 --- [beauty-salon-backend] [           main] [                                                 ] o.s.d.c.c.c.MappingCassandraConverter    : Adding map.entry [address] - [Mixed Address fde9abb9]
2025-08-09T23:17:09.814-03:00 DEBUG 99081 --- [beauty-salon-backend] [           main] [                                                 ] o.s.d.c.c.c.MappingCassandraConverter    : doWithProperties Property.type java.time.Instant, Property.value 2025-08-10T02:17:09.813602Z
2025-08-09T23:17:09.814-03:00 DEBUG 99081 --- [beauty-salon-backend] [           main] [                                                 ] o.s.d.c.c.c.MappingCassandraConverter    : Adding map.entry [created_at] - [2025-08-10T02:17:09.813602Z]
2025-08-09T23:17:09.814-03:00 DEBUG 99081 --- [beauty-salon-backend] [           main] [                                                 ] o.s.d.c.c.c.MappingCassandraConverter    : doWithProperties Property.type java.time.Instant, Property.value 2025-08-10T02:17:09.813602Z
2025-08-09T23:17:09.814-03:00 DEBUG 99081 --- [beauty-salon-backend] [           main] [                                                 ] o.s.d.c.c.c.MappingCassandraConverter    : Adding map.entry [updated_at] - [2025-08-10T02:17:09.813602Z]
2025-08-09T23:17:09.814-03:00 DEBUG 99081 --- [beauty-salon-backend] [           main] [                                                 ] o.s.data.cassandra.core.cql.CqlTemplate  : Preparing statement [INSERT INTO customers (id,name,email,phone,address,created_at,updated_at) VALUES (?,?,?,?,?,?,?)] using org.springframework.data.cassandra.core.CassandraTemplate$PreparedStatementHandler@2c1034c9
2025-08-09T23:17:09.814-03:00 DEBUG 99081 --- [beauty-salon-backend] [           main] [                                                 ] o.s.data.cassandra.core.cql.CqlTemplate  : Executing prepared statement [INSERT INTO customers (id,name,email,phone,address,created_at,updated_at) VALUES (?,?,?,?,?,?,?)]
2025-08-09T23:17:09.818-03:00 DEBUG 99081 --- [beauty-salon-backend] [           main] [                                                 ] o.s.data.cassandra.core.cql.CqlTemplate  : Preparing statement [SELECT * FROM customers WHERE id=? LIMIT 1] using org.springframework.data.cassandra.core.CassandraTemplate$PreparedStatementHandler@1f631eda
2025-08-09T23:17:09.818-03:00 DEBUG 99081 --- [beauty-salon-backend] [           main] [                                                 ] o.s.data.cassandra.core.cql.CqlTemplate  : Executing prepared statement [SELECT * FROM customers WHERE id=? LIMIT 1]
2025-08-09T23:17:09.822-03:00 DEBUG 99081 --- [beauty-salon-backend] [           main] [                                                 ] o.s.data.cassandra.core.cql.CqlTemplate  : Preparing statement [SELECT * FROM customers] using org.springframework.data.cassandra.core.CassandraTemplate$PreparedStatementHandler@1007d7b1
2025-08-09T23:17:09.822-03:00 DEBUG 99081 --- [beauty-salon-backend] [           main] [                                                 ] o.s.data.cassandra.core.cql.CqlTemplate  : Executing prepared statement [SELECT * FROM customers]
2025-08-09T23:17:09.827-03:00 DEBUG 99081 --- [beauty-salon-backend] [           main] [                                                 ] o.s.d.c.c.c.MappingCassandraConverter    : doWithProperties Property.type java.util.UUID, Property.value 7ddb5302-b7b4-40d6-b0c4-27a6fe6a458d
2025-08-09T23:17:09.827-03:00 DEBUG 99081 --- [beauty-salon-backend] [           main] [                                                 ] o.s.d.c.c.c.MappingCassandraConverter    : Adding map.entry [id] - [7ddb5302-b7b4-40d6-b0c4-27a6fe6a458d]
2025-08-09T23:17:09.827-03:00 DEBUG 99081 --- [beauty-salon-backend] [           main] [                                                 ] o.s.d.c.c.c.MappingCassandraConverter    : doWithProperties Property.type java.lang.String, Property.value Mixed Test 7c36fa16
2025-08-09T23:17:09.827-03:00 DEBUG 99081 --- [beauty-salon-backend] [           main] [                                                 ] o.s.d.c.c.c.MappingCassandraConverter    : Adding map.entry [name] - [Mixed Test 7c36fa16]
2025-08-09T23:17:09.827-03:00 DEBUG 99081 --- [beauty-salon-backend] [           main] [                                                 ] o.s.d.c.c.c.MappingCassandraConverter    : doWithProperties Property.type java.lang.String, Property.value mixed7c36fa16@phase2.com
2025-08-09T23:17:09.827-03:00 DEBUG 99081 --- [beauty-salon-backend] [           main] [                                                 ] o.s.d.c.c.c.MappingCassandraConverter    : Adding map.entry [email] - [mixed7c36fa16@phase2.com]
2025-08-09T23:17:09.827-03:00 DEBUG 99081 --- [beauty-salon-backend] [           main] [                                                 ] o.s.d.c.c.c.MappingCassandraConverter    : doWithProperties Property.type java.lang.String, Property.value 5550000008
2025-08-09T23:17:09.827-03:00 DEBUG 99081 --- [beauty-salon-backend] [           main] [                                                 ] o.s.d.c.c.c.MappingCassandraConverter    : Adding map.entry [phone] - [5550000008]
2025-08-09T23:17:09.827-03:00 DEBUG 99081 --- [beauty-salon-backend] [           main] [                                                 ] o.s.d.c.c.c.MappingCassandraConverter    : doWithProperties Property.type java.lang.String, Property.value Mixed Address 7c36fa16
2025-08-09T23:17:09.827-03:00 DEBUG 99081 --- [beauty-salon-backend] [           main] [                                                 ] o.s.d.c.c.c.MappingCassandraConverter    : Adding map.entry [address] - [Mixed Address 7c36fa16]
2025-08-09T23:17:09.827-03:00 DEBUG 99081 --- [beauty-salon-backend] [           main] [                                                 ] o.s.d.c.c.c.MappingCassandraConverter    : doWithProperties Property.type java.time.Instant, Property.value 2025-08-10T02:17:09.827409Z
2025-08-09T23:17:09.827-03:00 DEBUG 99081 --- [beauty-salon-backend] [           main] [                                                 ] o.s.d.c.c.c.MappingCassandraConverter    : Adding map.entry [created_at] - [2025-08-10T02:17:09.827409Z]
2025-08-09T23:17:09.827-03:00 DEBUG 99081 --- [beauty-salon-backend] [           main] [                                                 ] o.s.d.c.c.c.MappingCassandraConverter    : doWithProperties Property.type java.time.Instant, Property.value 2025-08-10T02:17:09.827409Z
2025-08-09T23:17:09.827-03:00 DEBUG 99081 --- [beauty-salon-backend] [           main] [                                                 ] o.s.d.c.c.c.MappingCassandraConverter    : Adding map.entry [updated_at] - [2025-08-10T02:17:09.827409Z]
2025-08-09T23:17:09.828-03:00 DEBUG 99081 --- [beauty-salon-backend] [           main] [                                                 ] o.s.data.cassandra.core.cql.CqlTemplate  : Preparing statement [INSERT INTO customers (id,name,email,phone,address,created_at,updated_at) VALUES (?,?,?,?,?,?,?)] using org.springframework.data.cassandra.core.CassandraTemplate$PreparedStatementHandler@44473eed
2025-08-09T23:17:09.828-03:00 DEBUG 99081 --- [beauty-salon-backend] [           main] [                                                 ] o.s.data.cassandra.core.cql.CqlTemplate  : Executing prepared statement [INSERT INTO customers (id,name,email,phone,address,created_at,updated_at) VALUES (?,?,?,?,?,?,?)]
2025-08-09T23:17:09.832-03:00 DEBUG 99081 --- [beauty-salon-backend] [           main] [                                                 ] o.s.data.cassandra.core.cql.CqlTemplate  : Preparing statement [SELECT * FROM customers WHERE id=? LIMIT 1] using org.springframework.data.cassandra.core.CassandraTemplate$PreparedStatementHandler@37c7abb4
2025-08-09T23:17:09.832-03:00 DEBUG 99081 --- [beauty-salon-backend] [           main] [                                                 ] o.s.data.cassandra.core.cql.CqlTemplate  : Executing prepared statement [SELECT * FROM customers WHERE id=? LIMIT 1]
2025-08-09T23:17:09.836-03:00 DEBUG 99081 --- [beauty-salon-backend] [           main] [                                                 ] o.s.data.cassandra.core.cql.CqlTemplate  : Preparing statement [SELECT * FROM customers] using org.springframework.data.cassandra.core.CassandraTemplate$PreparedStatementHandler@225b9cf3
2025-08-09T23:17:09.836-03:00 DEBUG 99081 --- [beauty-salon-backend] [           main] [                                                 ] o.s.data.cassandra.core.cql.CqlTemplate  : Executing prepared statement [SELECT * FROM customers]
2025-08-09T23:17:09.843-03:00 DEBUG 99081 --- [beauty-salon-backend] [           main] [                                                 ] o.s.d.c.c.c.MappingCassandraConverter    : doWithProperties Property.type java.util.UUID, Property.value 7e497324-33f2-49c9-9897-203e9a43dd75
2025-08-09T23:17:09.843-03:00 DEBUG 99081 --- [beauty-salon-backend] [           main] [                                                 ] o.s.d.c.c.c.MappingCassandraConverter    : Adding map.entry [id] - [7e497324-33f2-49c9-9897-203e9a43dd75]
2025-08-09T23:17:09.843-03:00 DEBUG 99081 --- [beauty-salon-backend] [           main] [                                                 ] o.s.d.c.c.c.MappingCassandraConverter    : doWithProperties Property.type java.lang.String, Property.value Mixed Test b939be37
2025-08-09T23:17:09.843-03:00 DEBUG 99081 --- [beauty-salon-backend] [           main] [                                                 ] o.s.d.c.c.c.MappingCassandraConverter    : Adding map.entry [name] - [Mixed Test b939be37]
2025-08-09T23:17:09.843-03:00 DEBUG 99081 --- [beauty-salon-backend] [           main] [                                                 ] o.s.d.c.c.c.MappingCassandraConverter    : doWithProperties Property.type java.lang.String, Property.value mixedb939be37@phase2.com
2025-08-09T23:17:09.843-03:00 DEBUG 99081 --- [beauty-salon-backend] [           main] [                                                 ] o.s.d.c.c.c.MappingCassandraConverter    : Adding map.entry [email] - [mixedb939be37@phase2.com]
2025-08-09T23:17:09.843-03:00 DEBUG 99081 --- [beauty-salon-backend] [           main] [                                                 ] o.s.d.c.c.c.MappingCassandraConverter    : doWithProperties Property.type java.lang.String, Property.value 5550000011
2025-08-09T23:17:09.843-03:00 DEBUG 99081 --- [beauty-salon-backend] [           main] [                                                 ] o.s.d.c.c.c.MappingCassandraConverter    : Adding map.entry [phone] - [5550000011]
2025-08-09T23:17:09.844-03:00 DEBUG 99081 --- [beauty-salon-backend] [           main] [                                                 ] o.s.d.c.c.c.MappingCassandraConverter    : doWithProperties Property.type java.lang.String, Property.value Mixed Address b939be37
2025-08-09T23:17:09.844-03:00 DEBUG 99081 --- [beauty-salon-backend] [           main] [                                                 ] o.s.d.c.c.c.MappingCassandraConverter    : Adding map.entry [address] - [Mixed Address b939be37]
2025-08-09T23:17:09.844-03:00 DEBUG 99081 --- [beauty-salon-backend] [           main] [                                                 ] o.s.d.c.c.c.MappingCassandraConverter    : doWithProperties Property.type java.time.Instant, Property.value 2025-08-10T02:17:09.843470Z
2025-08-09T23:17:09.844-03:00 DEBUG 99081 --- [beauty-salon-backend] [           main] [                                                 ] o.s.d.c.c.c.MappingCassandraConverter    : Adding map.entry [created_at] - [2025-08-10T02:17:09.843470Z]
2025-08-09T23:17:09.844-03:00 DEBUG 99081 --- [beauty-salon-backend] [           main] [                                                 ] o.s.d.c.c.c.MappingCassandraConverter    : doWithProperties Property.type java.time.Instant, Property.value 2025-08-10T02:17:09.843470Z
2025-08-09T23:17:09.844-03:00 DEBUG 99081 --- [beauty-salon-backend] [           main] [                                                 ] o.s.d.c.c.c.MappingCassandraConverter    : Adding map.entry [updated_at] - [2025-08-10T02:17:09.843470Z]
2025-08-09T23:17:09.844-03:00 DEBUG 99081 --- [beauty-salon-backend] [           main] [                                                 ] o.s.data.cassandra.core.cql.CqlTemplate  : Preparing statement [INSERT INTO customers (id,name,email,phone,address,created_at,updated_at) VALUES (?,?,?,?,?,?,?)] using org.springframework.data.cassandra.core.CassandraTemplate$PreparedStatementHandler@2b70e806
2025-08-09T23:17:09.844-03:00 DEBUG 99081 --- [beauty-salon-backend] [           main] [                                                 ] o.s.data.cassandra.core.cql.CqlTemplate  : Executing prepared statement [INSERT INTO customers (id,name,email,phone,address,created_at,updated_at) VALUES (?,?,?,?,?,?,?)]
2025-08-09T23:17:09.848-03:00 DEBUG 99081 --- [beauty-salon-backend] [           main] [                                                 ] o.s.data.cassandra.core.cql.CqlTemplate  : Preparing statement [SELECT * FROM customers WHERE id=? LIMIT 1] using org.springframework.data.cassandra.core.CassandraTemplate$PreparedStatementHandler@39c5f774
2025-08-09T23:17:09.848-03:00 DEBUG 99081 --- [beauty-salon-backend] [           main] [                                                 ] o.s.data.cassandra.core.cql.CqlTemplate  : Executing prepared statement [SELECT * FROM customers WHERE id=? LIMIT 1]
2025-08-09T23:17:09.853-03:00 DEBUG 99081 --- [beauty-salon-backend] [           main] [                                                 ] o.s.data.cassandra.core.cql.CqlTemplate  : Preparing statement [SELECT * FROM customers] using org.springframework.data.cassandra.core.CassandraTemplate$PreparedStatementHandler@37f7c2af
2025-08-09T23:17:09.853-03:00 DEBUG 99081 --- [beauty-salon-backend] [           main] [                                                 ] o.s.data.cassandra.core.cql.CqlTemplate  : Executing prepared statement [SELECT * FROM customers]
2025-08-09T23:17:09.861-03:00 DEBUG 99081 --- [beauty-salon-backend] [           main] [                                                 ] o.s.d.c.c.c.MappingCassandraConverter    : doWithProperties Property.type java.util.UUID, Property.value 4495ceed-d7f9-4b3e-806b-5e7af1909557
2025-08-09T23:17:09.861-03:00 DEBUG 99081 --- [beauty-salon-backend] [           main] [                                                 ] o.s.d.c.c.c.MappingCassandraConverter    : Adding map.entry [id] - [4495ceed-d7f9-4b3e-806b-5e7af1909557]
2025-08-09T23:17:09.861-03:00 DEBUG 99081 --- [beauty-salon-backend] [           main] [                                                 ] o.s.d.c.c.c.MappingCassandraConverter    : doWithProperties Property.type java.lang.String, Property.value Mixed Test 0ae79afd
2025-08-09T23:17:09.862-03:00 DEBUG 99081 --- [beauty-salon-backend] [           main] [                                                 ] o.s.d.c.c.c.MappingCassandraConverter    : Adding map.entry [name] - [Mixed Test 0ae79afd]
2025-08-09T23:17:09.862-03:00 DEBUG 99081 --- [beauty-salon-backend] [           main] [                                                 ] o.s.d.c.c.c.MappingCassandraConverter    : doWithProperties Property.type java.lang.String, Property.value mixed0ae79afd@phase2.com
2025-08-09T23:17:09.862-03:00 DEBUG 99081 --- [beauty-salon-backend] [           main] [                                                 ] o.s.d.c.c.c.MappingCassandraConverter    : Adding map.entry [email] - [mixed0ae79afd@phase2.com]
2025-08-09T23:17:09.862-03:00 DEBUG 99081 --- [beauty-salon-backend] [           main] [                                                 ] o.s.d.c.c.c.MappingCassandraConverter    : doWithProperties Property.type java.lang.String, Property.value 5550000014
2025-08-09T23:17:09.862-03:00 DEBUG 99081 --- [beauty-salon-backend] [           main] [                                                 ] o.s.d.c.c.c.MappingCassandraConverter    : Adding map.entry [phone] - [5550000014]
2025-08-09T23:17:09.862-03:00 DEBUG 99081 --- [beauty-salon-backend] [           main] [                                                 ] o.s.d.c.c.c.MappingCassandraConverter    : doWithProperties Property.type java.lang.String, Property.value Mixed Address 0ae79afd
2025-08-09T23:17:09.862-03:00 DEBUG 99081 --- [beauty-salon-backend] [           main] [                                                 ] o.s.d.c.c.c.MappingCassandraConverter    : Adding map.entry [address] - [Mixed Address 0ae79afd]
2025-08-09T23:17:09.862-03:00 DEBUG 99081 --- [beauty-salon-backend] [           main] [                                                 ] o.s.d.c.c.c.MappingCassandraConverter    : doWithProperties Property.type java.time.Instant, Property.value 2025-08-10T02:17:09.861708Z
2025-08-09T23:17:09.862-03:00 DEBUG 99081 --- [beauty-salon-backend] [           main] [                                                 ] o.s.d.c.c.c.MappingCassandraConverter    : Adding map.entry [created_at] - [2025-08-10T02:17:09.861708Z]
2025-08-09T23:17:09.862-03:00 DEBUG 99081 --- [beauty-salon-backend] [           main] [                                                 ] o.s.d.c.c.c.MappingCassandraConverter    : doWithProperties Property.type java.time.Instant, Property.value 2025-08-10T02:17:09.861709Z
2025-08-09T23:17:09.862-03:00 DEBUG 99081 --- [beauty-salon-backend] [           main] [                                                 ] o.s.d.c.c.c.MappingCassandraConverter    : Adding map.entry [updated_at] - [2025-08-10T02:17:09.861709Z]
2025-08-09T23:17:09.862-03:00 DEBUG 99081 --- [beauty-salon-backend] [           main] [                                                 ] o.s.data.cassandra.core.cql.CqlTemplate  : Preparing statement [INSERT INTO customers (id,name,email,phone,address,created_at,updated_at) VALUES (?,?,?,?,?,?,?)] using org.springframework.data.cassandra.core.CassandraTemplate$PreparedStatementHandler@5c5e0788
2025-08-09T23:17:09.862-03:00 DEBUG 99081 --- [beauty-salon-backend] [           main] [                                                 ] o.s.data.cassandra.core.cql.CqlTemplate  : Executing prepared statement [INSERT INTO customers (id,name,email,phone,address,created_at,updated_at) VALUES (?,?,?,?,?,?,?)]
2025-08-09T23:17:09.866-03:00 DEBUG 99081 --- [beauty-salon-backend] [           main] [                                                 ] o.s.data.cassandra.core.cql.CqlTemplate  : Preparing statement [SELECT * FROM customers WHERE id=? LIMIT 1] using org.springframework.data.cassandra.core.CassandraTemplate$PreparedStatementHandler@17543d14
2025-08-09T23:17:09.866-03:00 DEBUG 99081 --- [beauty-salon-backend] [           main] [                                                 ] o.s.data.cassandra.core.cql.CqlTemplate  : Executing prepared statement [SELECT * FROM customers WHERE id=? LIMIT 1]
2025-08-09T23:17:09.871-03:00 DEBUG 99081 --- [beauty-salon-backend] [           main] [                                                 ] o.s.data.cassandra.core.cql.CqlTemplate  : Preparing statement [SELECT * FROM customers] using org.springframework.data.cassandra.core.CassandraTemplate$PreparedStatementHandler@40e8c117
2025-08-09T23:17:09.871-03:00 DEBUG 99081 --- [beauty-salon-backend] [           main] [                                                 ] o.s.data.cassandra.core.cql.CqlTemplate  : Executing prepared statement [SELECT * FROM customers]
2025-08-09T23:17:09.877-03:00 DEBUG 99081 --- [beauty-salon-backend] [           main] [                                                 ] o.s.d.c.c.c.MappingCassandraConverter    : doWithProperties Property.type java.util.UUID, Property.value e1b8b18a-259e-44c6-a2d9-7d32ecb62005
2025-08-09T23:17:09.877-03:00 DEBUG 99081 --- [beauty-salon-backend] [           main] [                                                 ] o.s.d.c.c.c.MappingCassandraConverter    : Adding map.entry [id] - [e1b8b18a-259e-44c6-a2d9-7d32ecb62005]
2025-08-09T23:17:09.877-03:00 DEBUG 99081 --- [beauty-salon-backend] [           main] [                                                 ] o.s.d.c.c.c.MappingCassandraConverter    : doWithProperties Property.type java.lang.String, Property.value Mixed Test 1cf99039
2025-08-09T23:17:09.877-03:00 DEBUG 99081 --- [beauty-salon-backend] [           main] [                                                 ] o.s.d.c.c.c.MappingCassandraConverter    : Adding map.entry [name] - [Mixed Test 1cf99039]
2025-08-09T23:17:09.877-03:00 DEBUG 99081 --- [beauty-salon-backend] [           main] [                                                 ] o.s.d.c.c.c.MappingCassandraConverter    : doWithProperties Property.type java.lang.String, Property.value mixed1cf99039@phase2.com
2025-08-09T23:17:09.877-03:00 DEBUG 99081 --- [beauty-salon-backend] [           main] [                                                 ] o.s.d.c.c.c.MappingCassandraConverter    : Adding map.entry [email] - [mixed1cf99039@phase2.com]
2025-08-09T23:17:09.877-03:00 DEBUG 99081 --- [beauty-salon-backend] [           main] [                                                 ] o.s.d.c.c.c.MappingCassandraConverter    : doWithProperties Property.type java.lang.String, Property.value 5550000017
2025-08-09T23:17:09.877-03:00 DEBUG 99081 --- [beauty-salon-backend] [           main] [                                                 ] o.s.d.c.c.c.MappingCassandraConverter    : Adding map.entry [phone] - [5550000017]
2025-08-09T23:17:09.877-03:00 DEBUG 99081 --- [beauty-salon-backend] [           main] [                                                 ] o.s.d.c.c.c.MappingCassandraConverter    : doWithProperties Property.type java.lang.String, Property.value Mixed Address 1cf99039
2025-08-09T23:17:09.877-03:00 DEBUG 99081 --- [beauty-salon-backend] [           main] [                                                 ] o.s.d.c.c.c.MappingCassandraConverter    : Adding map.entry [address] - [Mixed Address 1cf99039]
2025-08-09T23:17:09.877-03:00 DEBUG 99081 --- [beauty-salon-backend] [           main] [                                                 ] o.s.d.c.c.c.MappingCassandraConverter    : doWithProperties Property.type java.time.Instant, Property.value 2025-08-10T02:17:09.877424Z
2025-08-09T23:17:09.877-03:00 DEBUG 99081 --- [beauty-salon-backend] [           main] [                                                 ] o.s.d.c.c.c.MappingCassandraConverter    : Adding map.entry [created_at] - [2025-08-10T02:17:09.877424Z]
2025-08-09T23:17:09.877-03:00 DEBUG 99081 --- [beauty-salon-backend] [           main] [                                                 ] o.s.d.c.c.c.MappingCassandraConverter    : doWithProperties Property.type java.time.Instant, Property.value 2025-08-10T02:17:09.877424Z
2025-08-09T23:17:09.877-03:00 DEBUG 99081 --- [beauty-salon-backend] [           main] [                                                 ] o.s.d.c.c.c.MappingCassandraConverter    : Adding map.entry [updated_at] - [2025-08-10T02:17:09.877424Z]
2025-08-09T23:17:09.878-03:00 DEBUG 99081 --- [beauty-salon-backend] [           main] [                                                 ] o.s.data.cassandra.core.cql.CqlTemplate  : Preparing statement [INSERT INTO customers (id,name,email,phone,address,created_at,updated_at) VALUES (?,?,?,?,?,?,?)] using org.springframework.data.cassandra.core.CassandraTemplate$PreparedStatementHandler@138ea3b3
2025-08-09T23:17:09.878-03:00 DEBUG 99081 --- [beauty-salon-backend] [           main] [                                                 ] o.s.data.cassandra.core.cql.CqlTemplate  : Executing prepared statement [INSERT INTO customers (id,name,email,phone,address,created_at,updated_at) VALUES (?,?,?,?,?,?,?)]
2025-08-09T23:17:09.882-03:00 DEBUG 99081 --- [beauty-salon-backend] [           main] [                                                 ] o.s.data.cassandra.core.cql.CqlTemplate  : Preparing statement [SELECT * FROM customers WHERE id=? LIMIT 1] using org.springframework.data.cassandra.core.CassandraTemplate$PreparedStatementHandler@4e5fd47e
2025-08-09T23:17:09.882-03:00 DEBUG 99081 --- [beauty-salon-backend] [           main] [                                                 ] o.s.data.cassandra.core.cql.CqlTemplate  : Executing prepared statement [SELECT * FROM customers WHERE id=? LIMIT 1]
2025-08-09T23:17:09.885-03:00 DEBUG 99081 --- [beauty-salon-backend] [           main] [                                                 ] o.s.data.cassandra.core.cql.CqlTemplate  : Preparing statement [SELECT * FROM customers] using org.springframework.data.cassandra.core.CassandraTemplate$PreparedStatementHandler@299b1a1c
2025-08-09T23:17:09.885-03:00 DEBUG 99081 --- [beauty-salon-backend] [           main] [                                                 ] o.s.data.cassandra.core.cql.CqlTemplate  : Executing prepared statement [SELECT * FROM customers]
2025-08-09T23:17:09.891-03:00 DEBUG 99081 --- [beauty-salon-backend] [           main] [                                                 ] o.s.d.c.c.c.MappingCassandraConverter    : doWithProperties Property.type java.util.UUID, Property.value 91d1d07c-a8bc-414b-88f8-f4a94e03af9e
2025-08-09T23:17:09.891-03:00 DEBUG 99081 --- [beauty-salon-backend] [           main] [                                                 ] o.s.d.c.c.c.MappingCassandraConverter    : Adding map.entry [id] - [91d1d07c-a8bc-414b-88f8-f4a94e03af9e]
2025-08-09T23:17:09.891-03:00 DEBUG 99081 --- [beauty-salon-backend] [           main] [                                                 ] o.s.d.c.c.c.MappingCassandraConverter    : doWithProperties Property.type java.lang.String, Property.value Mixed Test 609c1bd7
2025-08-09T23:17:09.891-03:00 DEBUG 99081 --- [beauty-salon-backend] [           main] [                                                 ] o.s.d.c.c.c.MappingCassandraConverter    : Adding map.entry [name] - [Mixed Test 609c1bd7]
2025-08-09T23:17:09.891-03:00 DEBUG 99081 --- [beauty-salon-backend] [           main] [                                                 ] o.s.d.c.c.c.MappingCassandraConverter    : doWithProperties Property.type java.lang.String, Property.value mixed609c1bd7@phase2.com
2025-08-09T23:17:09.891-03:00 DEBUG 99081 --- [beauty-salon-backend] [           main] [                                                 ] o.s.d.c.c.c.MappingCassandraConverter    : Adding map.entry [email] - [mixed609c1bd7@phase2.com]
2025-08-09T23:17:09.891-03:00 DEBUG 99081 --- [beauty-salon-backend] [           main] [                                                 ] o.s.d.c.c.c.MappingCassandraConverter    : doWithProperties Property.type java.lang.String, Property.value 5550000020
2025-08-09T23:17:09.891-03:00 DEBUG 99081 --- [beauty-salon-backend] [           main] [                                                 ] o.s.d.c.c.c.MappingCassandraConverter    : Adding map.entry [phone] - [5550000020]
2025-08-09T23:17:09.891-03:00 DEBUG 99081 --- [beauty-salon-backend] [           main] [                                                 ] o.s.d.c.c.c.MappingCassandraConverter    : doWithProperties Property.type java.lang.String, Property.value Mixed Address 609c1bd7
2025-08-09T23:17:09.891-03:00 DEBUG 99081 --- [beauty-salon-backend] [           main] [                                                 ] o.s.d.c.c.c.MappingCassandraConverter    : Adding map.entry [address] - [Mixed Address 609c1bd7]
2025-08-09T23:17:09.891-03:00 DEBUG 99081 --- [beauty-salon-backend] [           main] [                                                 ] o.s.d.c.c.c.MappingCassandraConverter    : doWithProperties Property.type java.time.Instant, Property.value 2025-08-10T02:17:09.890952Z
2025-08-09T23:17:09.891-03:00 DEBUG 99081 --- [beauty-salon-backend] [           main] [                                                 ] o.s.d.c.c.c.MappingCassandraConverter    : Adding map.entry [created_at] - [2025-08-10T02:17:09.890952Z]
2025-08-09T23:17:09.891-03:00 DEBUG 99081 --- [beauty-salon-backend] [           main] [                                                 ] o.s.d.c.c.c.MappingCassandraConverter    : doWithProperties Property.type java.time.Instant, Property.value 2025-08-10T02:17:09.890952Z
2025-08-09T23:17:09.891-03:00 DEBUG 99081 --- [beauty-salon-backend] [           main] [                                                 ] o.s.d.c.c.c.MappingCassandraConverter    : Adding map.entry [updated_at] - [2025-08-10T02:17:09.890952Z]
2025-08-09T23:17:09.891-03:00 DEBUG 99081 --- [beauty-salon-backend] [           main] [                                                 ] o.s.data.cassandra.core.cql.CqlTemplate  : Preparing statement [INSERT INTO customers (id,name,email,phone,address,created_at,updated_at) VALUES (?,?,?,?,?,?,?)] using org.springframework.data.cassandra.core.CassandraTemplate$PreparedStatementHandler@1b4cb7ee
2025-08-09T23:17:09.891-03:00 DEBUG 99081 --- [beauty-salon-backend] [           main] [                                                 ] o.s.data.cassandra.core.cql.CqlTemplate  : Executing prepared statement [INSERT INTO customers (id,name,email,phone,address,created_at,updated_at) VALUES (?,?,?,?,?,?,?)]
2025-08-09T23:17:09.895-03:00 DEBUG 99081 --- [beauty-salon-backend] [           main] [                                                 ] o.s.data.cassandra.core.cql.CqlTemplate  : Preparing statement [SELECT * FROM customers WHERE id=? LIMIT 1] using org.springframework.data.cassandra.core.CassandraTemplate$PreparedStatementHandler@5079c753
2025-08-09T23:17:09.895-03:00 DEBUG 99081 --- [beauty-salon-backend] [           main] [                                                 ] o.s.data.cassandra.core.cql.CqlTemplate  : Executing prepared statement [SELECT * FROM customers WHERE id=? LIMIT 1]
2025-08-09T23:17:09.898-03:00 DEBUG 99081 --- [beauty-salon-backend] [           main] [                                                 ] o.s.data.cassandra.core.cql.CqlTemplate  : Preparing statement [SELECT * FROM customers] using org.springframework.data.cassandra.core.CassandraTemplate$PreparedStatementHandler@60a6a6b
2025-08-09T23:17:09.898-03:00 DEBUG 99081 --- [beauty-salon-backend] [           main] [                                                 ] o.s.data.cassandra.core.cql.CqlTemplate  : Executing prepared statement [SELECT * FROM customers]
2025-08-09T23:17:09.904-03:00 DEBUG 99081 --- [beauty-salon-backend] [           main] [                                                 ] o.s.d.c.c.c.MappingCassandraConverter    : doWithProperties Property.type java.util.UUID, Property.value c7b76694-ccd1-46eb-9c23-ec30cb26c4d0
2025-08-09T23:17:09.904-03:00 DEBUG 99081 --- [beauty-salon-backend] [           main] [                                                 ] o.s.d.c.c.c.MappingCassandraConverter    : Adding map.entry [id] - [c7b76694-ccd1-46eb-9c23-ec30cb26c4d0]
2025-08-09T23:17:09.904-03:00 DEBUG 99081 --- [beauty-salon-backend] [           main] [                                                 ] o.s.d.c.c.c.MappingCassandraConverter    : doWithProperties Property.type java.lang.String, Property.value Mixed Test a073d0ac
2025-08-09T23:17:09.904-03:00 DEBUG 99081 --- [beauty-salon-backend] [           main] [                                                 ] o.s.d.c.c.c.MappingCassandraConverter    : Adding map.entry [name] - [Mixed Test a073d0ac]
2025-08-09T23:17:09.904-03:00 DEBUG 99081 --- [beauty-salon-backend] [           main] [                                                 ] o.s.d.c.c.c.MappingCassandraConverter    : doWithProperties Property.type java.lang.String, Property.value mixeda073d0ac@phase2.com
2025-08-09T23:17:09.904-03:00 DEBUG 99081 --- [beauty-salon-backend] [           main] [                                                 ] o.s.d.c.c.c.MappingCassandraConverter    : Adding map.entry [email] - [mixeda073d0ac@phase2.com]
2025-08-09T23:17:09.904-03:00 DEBUG 99081 --- [beauty-salon-backend] [           main] [                                                 ] o.s.d.c.c.c.MappingCassandraConverter    : doWithProperties Property.type java.lang.String, Property.value 5550000023
2025-08-09T23:17:09.904-03:00 DEBUG 99081 --- [beauty-salon-backend] [           main] [                                                 ] o.s.d.c.c.c.MappingCassandraConverter    : Adding map.entry [phone] - [5550000023]
2025-08-09T23:17:09.904-03:00 DEBUG 99081 --- [beauty-salon-backend] [           main] [                                                 ] o.s.d.c.c.c.MappingCassandraConverter    : doWithProperties Property.type java.lang.String, Property.value Mixed Address a073d0ac
2025-08-09T23:17:09.904-03:00 DEBUG 99081 --- [beauty-salon-backend] [           main] [                                                 ] o.s.d.c.c.c.MappingCassandraConverter    : Adding map.entry [address] - [Mixed Address a073d0ac]
2025-08-09T23:17:09.904-03:00 DEBUG 99081 --- [beauty-salon-backend] [           main] [                                                 ] o.s.d.c.c.c.MappingCassandraConverter    : doWithProperties Property.type java.time.Instant, Property.value 2025-08-10T02:17:09.904396Z
2025-08-09T23:17:09.904-03:00 DEBUG 99081 --- [beauty-salon-backend] [           main] [                                                 ] o.s.d.c.c.c.MappingCassandraConverter    : Adding map.entry [created_at] - [2025-08-10T02:17:09.904396Z]
2025-08-09T23:17:09.904-03:00 DEBUG 99081 --- [beauty-salon-backend] [           main] [                                                 ] o.s.d.c.c.c.MappingCassandraConverter    : doWithProperties Property.type java.time.Instant, Property.value 2025-08-10T02:17:09.904396Z
2025-08-09T23:17:09.904-03:00 DEBUG 99081 --- [beauty-salon-backend] [           main] [                                                 ] o.s.d.c.c.c.MappingCassandraConverter    : Adding map.entry [updated_at] - [2025-08-10T02:17:09.904396Z]
2025-08-09T23:17:09.904-03:00 DEBUG 99081 --- [beauty-salon-backend] [           main] [                                                 ] o.s.data.cassandra.core.cql.CqlTemplate  : Preparing statement [INSERT INTO customers (id,name,email,phone,address,created_at,updated_at) VALUES (?,?,?,?,?,?,?)] using org.springframework.data.cassandra.core.CassandraTemplate$PreparedStatementHandler@22babcad
2025-08-09T23:17:09.905-03:00 DEBUG 99081 --- [beauty-salon-backend] [           main] [                                                 ] o.s.data.cassandra.core.cql.CqlTemplate  : Executing prepared statement [INSERT INTO customers (id,name,email,phone,address,created_at,updated_at) VALUES (?,?,?,?,?,?,?)]
2025-08-09T23:17:09.908-03:00 DEBUG 99081 --- [beauty-salon-backend] [           main] [                                                 ] o.s.data.cassandra.core.cql.CqlTemplate  : Preparing statement [SELECT * FROM customers WHERE id=? LIMIT 1] using org.springframework.data.cassandra.core.CassandraTemplate$PreparedStatementHandler@35f913ae
2025-08-09T23:17:09.908-03:00 DEBUG 99081 --- [beauty-salon-backend] [           main] [                                                 ] o.s.data.cassandra.core.cql.CqlTemplate  : Executing prepared statement [SELECT * FROM customers WHERE id=? LIMIT 1]
2025-08-09T23:17:09.912-03:00 DEBUG 99081 --- [beauty-salon-backend] [           main] [                                                 ] o.s.data.cassandra.core.cql.CqlTemplate  : Preparing statement [SELECT * FROM customers] using org.springframework.data.cassandra.core.CassandraTemplate$PreparedStatementHandler@438e091e
2025-08-09T23:17:09.912-03:00 DEBUG 99081 --- [beauty-salon-backend] [           main] [                                                 ] o.s.data.cassandra.core.cql.CqlTemplate  : Executing prepared statement [SELECT * FROM customers]
2025-08-09T23:17:09.917-03:00 DEBUG 99081 --- [beauty-salon-backend] [           main] [                                                 ] o.s.d.c.c.c.MappingCassandraConverter    : doWithProperties Property.type java.util.UUID, Property.value 5760a02f-a1d3-41a9-9bac-e6a3d48c20f9
2025-08-09T23:17:09.917-03:00 DEBUG 99081 --- [beauty-salon-backend] [           main] [                                                 ] o.s.d.c.c.c.MappingCassandraConverter    : Adding map.entry [id] - [5760a02f-a1d3-41a9-9bac-e6a3d48c20f9]
2025-08-09T23:17:09.917-03:00 DEBUG 99081 --- [beauty-salon-backend] [           main] [                                                 ] o.s.d.c.c.c.MappingCassandraConverter    : doWithProperties Property.type java.lang.String, Property.value Mixed Test 39f80a93
2025-08-09T23:17:09.917-03:00 DEBUG 99081 --- [beauty-salon-backend] [           main] [                                                 ] o.s.d.c.c.c.MappingCassandraConverter    : Adding map.entry [name] - [Mixed Test 39f80a93]
2025-08-09T23:17:09.917-03:00 DEBUG 99081 --- [beauty-salon-backend] [           main] [                                                 ] o.s.d.c.c.c.MappingCassandraConverter    : doWithProperties Property.type java.lang.String, Property.value mixed39f80a93@phase2.com
2025-08-09T23:17:09.917-03:00 DEBUG 99081 --- [beauty-salon-backend] [           main] [                                                 ] o.s.d.c.c.c.MappingCassandraConverter    : Adding map.entry [email] - [mixed39f80a93@phase2.com]
2025-08-09T23:17:09.917-03:00 DEBUG 99081 --- [beauty-salon-backend] [           main] [                                                 ] o.s.d.c.c.c.MappingCassandraConverter    : doWithProperties Property.type java.lang.String, Property.value 5550000026
2025-08-09T23:17:09.917-03:00 DEBUG 99081 --- [beauty-salon-backend] [           main] [                                                 ] o.s.d.c.c.c.MappingCassandraConverter    : Adding map.entry [phone] - [5550000026]
2025-08-09T23:17:09.917-03:00 DEBUG 99081 --- [beauty-salon-backend] [           main] [                                                 ] o.s.d.c.c.c.MappingCassandraConverter    : doWithProperties Property.type java.lang.String, Property.value Mixed Address 39f80a93
2025-08-09T23:17:09.917-03:00 DEBUG 99081 --- [beauty-salon-backend] [           main] [                                                 ] o.s.d.c.c.c.MappingCassandraConverter    : Adding map.entry [address] - [Mixed Address 39f80a93]
2025-08-09T23:17:09.917-03:00 DEBUG 99081 --- [beauty-salon-backend] [           main] [                                                 ] o.s.d.c.c.c.MappingCassandraConverter    : doWithProperties Property.type java.time.Instant, Property.value 2025-08-10T02:17:09.917360Z
2025-08-09T23:17:09.917-03:00 DEBUG 99081 --- [beauty-salon-backend] [           main] [                                                 ] o.s.d.c.c.c.MappingCassandraConverter    : Adding map.entry [created_at] - [2025-08-10T02:17:09.917360Z]
2025-08-09T23:17:09.917-03:00 DEBUG 99081 --- [beauty-salon-backend] [           main] [                                                 ] o.s.d.c.c.c.MappingCassandraConverter    : doWithProperties Property.type java.time.Instant, Property.value 2025-08-10T02:17:09.917360Z
2025-08-09T23:17:09.917-03:00 DEBUG 99081 --- [beauty-salon-backend] [           main] [                                                 ] o.s.d.c.c.c.MappingCassandraConverter    : Adding map.entry [updated_at] - [2025-08-10T02:17:09.917360Z]
2025-08-09T23:17:09.917-03:00 DEBUG 99081 --- [beauty-salon-backend] [           main] [                                                 ] o.s.data.cassandra.core.cql.CqlTemplate  : Preparing statement [INSERT INTO customers (id,name,email,phone,address,created_at,updated_at) VALUES (?,?,?,?,?,?,?)] using org.springframework.data.cassandra.core.CassandraTemplate$PreparedStatementHandler@5ee617
2025-08-09T23:17:09.917-03:00 DEBUG 99081 --- [beauty-salon-backend] [           main] [                                                 ] o.s.data.cassandra.core.cql.CqlTemplate  : Executing prepared statement [INSERT INTO customers (id,name,email,phone,address,created_at,updated_at) VALUES (?,?,?,?,?,?,?)]
2025-08-09T23:17:09.921-03:00 DEBUG 99081 --- [beauty-salon-backend] [           main] [                                                 ] o.s.data.cassandra.core.cql.CqlTemplate  : Preparing statement [SELECT * FROM customers WHERE id=? LIMIT 1] using org.springframework.data.cassandra.core.CassandraTemplate$PreparedStatementHandler@2d90d552
2025-08-09T23:17:09.921-03:00 DEBUG 99081 --- [beauty-salon-backend] [           main] [                                                 ] o.s.data.cassandra.core.cql.CqlTemplate  : Executing prepared statement [SELECT * FROM customers WHERE id=? LIMIT 1]
2025-08-09T23:17:09.925-03:00 DEBUG 99081 --- [beauty-salon-backend] [           main] [                                                 ] o.s.data.cassandra.core.cql.CqlTemplate  : Preparing statement [SELECT * FROM customers] using org.springframework.data.cassandra.core.CassandraTemplate$PreparedStatementHandler@18d7c2c9
2025-08-09T23:17:09.925-03:00 DEBUG 99081 --- [beauty-salon-backend] [           main] [                                                 ] o.s.data.cassandra.core.cql.CqlTemplate  : Executing prepared statement [SELECT * FROM customers]
2025-08-09T23:17:09.931-03:00 DEBUG 99081 --- [beauty-salon-backend] [           main] [                                                 ] o.s.d.c.c.c.MappingCassandraConverter    : doWithProperties Property.type java.util.UUID, Property.value d8b56a07-b666-42e8-9691-ecc80a6da85d
2025-08-09T23:17:09.931-03:00 DEBUG 99081 --- [beauty-salon-backend] [           main] [                                                 ] o.s.d.c.c.c.MappingCassandraConverter    : Adding map.entry [id] - [d8b56a07-b666-42e8-9691-ecc80a6da85d]
2025-08-09T23:17:09.931-03:00 DEBUG 99081 --- [beauty-salon-backend] [           main] [                                                 ] o.s.d.c.c.c.MappingCassandraConverter    : doWithProperties Property.type java.lang.String, Property.value Mixed Test a7febc25
2025-08-09T23:17:09.931-03:00 DEBUG 99081 --- [beauty-salon-backend] [           main] [                                                 ] o.s.d.c.c.c.MappingCassandraConverter    : Adding map.entry [name] - [Mixed Test a7febc25]
2025-08-09T23:17:09.931-03:00 DEBUG 99081 --- [beauty-salon-backend] [           main] [                                                 ] o.s.d.c.c.c.MappingCassandraConverter    : doWithProperties Property.type java.lang.String, Property.value mixeda7febc25@phase2.com
2025-08-09T23:17:09.931-03:00 DEBUG 99081 --- [beauty-salon-backend] [           main] [                                                 ] o.s.d.c.c.c.MappingCassandraConverter    : Adding map.entry [email] - [mixeda7febc25@phase2.com]
2025-08-09T23:17:09.931-03:00 DEBUG 99081 --- [beauty-salon-backend] [           main] [                                                 ] o.s.d.c.c.c.MappingCassandraConverter    : doWithProperties Property.type java.lang.String, Property.value 5550000029
2025-08-09T23:17:09.931-03:00 DEBUG 99081 --- [beauty-salon-backend] [           main] [                                                 ] o.s.d.c.c.c.MappingCassandraConverter    : Adding map.entry [phone] - [5550000029]
2025-08-09T23:17:09.931-03:00 DEBUG 99081 --- [beauty-salon-backend] [           main] [                                                 ] o.s.d.c.c.c.MappingCassandraConverter    : doWithProperties Property.type java.lang.String, Property.value Mixed Address a7febc25
2025-08-09T23:17:09.931-03:00 DEBUG 99081 --- [beauty-salon-backend] [           main] [                                                 ] o.s.d.c.c.c.MappingCassandraConverter    : Adding map.entry [address] - [Mixed Address a7febc25]
2025-08-09T23:17:09.931-03:00 DEBUG 99081 --- [beauty-salon-backend] [           main] [                                                 ] o.s.d.c.c.c.MappingCassandraConverter    : doWithProperties Property.type java.time.Instant, Property.value 2025-08-10T02:17:09.931091Z
2025-08-09T23:17:09.931-03:00 DEBUG 99081 --- [beauty-salon-backend] [           main] [                                                 ] o.s.d.c.c.c.MappingCassandraConverter    : Adding map.entry [created_at] - [2025-08-10T02:17:09.931091Z]
2025-08-09T23:17:09.931-03:00 DEBUG 99081 --- [beauty-salon-backend] [           main] [                                                 ] o.s.d.c.c.c.MappingCassandraConverter    : doWithProperties Property.type java.time.Instant, Property.value 2025-08-10T02:17:09.931092Z
2025-08-09T23:17:09.931-03:00 DEBUG 99081 --- [beauty-salon-backend] [           main] [                                                 ] o.s.d.c.c.c.MappingCassandraConverter    : Adding map.entry [updated_at] - [2025-08-10T02:17:09.931092Z]
2025-08-09T23:17:09.931-03:00 DEBUG 99081 --- [beauty-salon-backend] [           main] [                                                 ] o.s.data.cassandra.core.cql.CqlTemplate  : Preparing statement [INSERT INTO customers (id,name,email,phone,address,created_at,updated_at) VALUES (?,?,?,?,?,?,?)] using org.springframework.data.cassandra.core.CassandraTemplate$PreparedStatementHandler@2667205e
2025-08-09T23:17:09.931-03:00 DEBUG 99081 --- [beauty-salon-backend] [           main] [                                                 ] o.s.data.cassandra.core.cql.CqlTemplate  : Executing prepared statement [INSERT INTO customers (id,name,email,phone,address,created_at,updated_at) VALUES (?,?,?,?,?,?,?)]
📊 PHASE 2 OVERALL PERFORMANCE RESULTS:
🚀 Overall Throughput: 178,57 req/s
⏱️  Average Response Time: 5,07 ms
⚡ Min Response Time: 3 ms
🔥 Max Response Time: 13 ms
⏰ Total Duration: 168 ms
📈 Requests Processed: 30
✅ Phase 2 Overall Performance Validation PASSED!

🎉 PHASE 2 OPTIMIZATIONS SUCCESSFULLY VALIDATED! 🎉
✅ Cache system working
✅ Connection pool optimized
✅ Overall performance improved
]]></system-out>
  </testcase>
  <testcase name="testPhase2ConnectionPoolPerformance" classname="com.beautysalon.performance.Phase2ValidationTest" time="0.061">
    <system-out><![CDATA[
=== Phase 2: Connection Pool Performance Validation ===
2025-08-09T23:17:09.941-03:00 DEBUG 99081 --- [beauty-salon-backend] [pool-3-thread-2] [                                                 ] o.s.data.cassandra.core.cql.CqlTemplate  : Preparing statement [SELECT * FROM customers] using org.springframework.data.cassandra.core.CassandraTemplate$PreparedStatementHandler@4ca56ebb
2025-08-09T23:17:09.941-03:00 DEBUG 99081 --- [beauty-salon-backend] [pool-3-thread-4] [                                                 ] o.s.data.cassandra.core.cql.CqlTemplate  : Preparing statement [SELECT * FROM customers] using org.springframework.data.cassandra.core.CassandraTemplate$PreparedStatementHandler@169a2b78
2025-08-09T23:17:09.941-03:00 DEBUG 99081 --- [beauty-salon-backend] [pool-3-thread-2] [                                                 ] o.s.data.cassandra.core.cql.CqlTemplate  : Executing prepared statement [SELECT * FROM customers]
2025-08-09T23:17:09.941-03:00 DEBUG 99081 --- [beauty-salon-backend] [pool-3-thread-4] [                                                 ] o.s.data.cassandra.core.cql.CqlTemplate  : Executing prepared statement [SELECT * FROM customers]
2025-08-09T23:17:09.941-03:00 DEBUG 99081 --- [beauty-salon-backend] [pool-3-thread-6] [                                                 ] o.s.data.cassandra.core.cql.CqlTemplate  : Preparing statement [SELECT * FROM customers] using org.springframework.data.cassandra.core.CassandraTemplate$PreparedStatementHandler@5b146e71
2025-08-09T23:17:09.942-03:00 DEBUG 99081 --- [beauty-salon-backend] [pool-3-thread-1] [                                                 ] o.s.d.c.c.c.MappingCassandraConverter    : doWithProperties Property.type java.util.UUID, Property.value 5a65833a-6ae6-41f8-a6ef-0d00b9d2ac71
2025-08-09T23:17:09.942-03:00 DEBUG 99081 --- [beauty-salon-backend] [pool-3-thread-6] [                                                 ] o.s.data.cassandra.core.cql.CqlTemplate  : Executing prepared statement [SELECT * FROM customers]
2025-08-09T23:17:09.942-03:00 DEBUG 99081 --- [beauty-salon-backend] [pool-3-thread-1] [                                                 ] o.s.d.c.c.c.MappingCassandraConverter    : Adding map.entry [id] - [5a65833a-6ae6-41f8-a6ef-0d00b9d2ac71]
2025-08-09T23:17:09.942-03:00 DEBUG 99081 --- [beauty-salon-backend] [pool-3-thread-3] [                                                 ] o.s.d.c.c.c.MappingCassandraConverter    : doWithProperties Property.type java.util.UUID, Property.value 4c2d2d8e-2036-476f-a0ee-bcbfaa0a9b0f
2025-08-09T23:17:09.942-03:00 DEBUG 99081 --- [beauty-salon-backend] [pool-3-thread-3] [                                                 ] o.s.d.c.c.c.MappingCassandraConverter    : Adding map.entry [id] - [4c2d2d8e-2036-476f-a0ee-bcbfaa0a9b0f]
2025-08-09T23:17:09.942-03:00 DEBUG 99081 --- [beauty-salon-backend] [pool-3-thread-1] [                                                 ] o.s.d.c.c.c.MappingCassandraConverter    : doWithProperties Property.type java.lang.String, Property.value Pool Test 927182c9
2025-08-09T23:17:09.942-03:00 DEBUG 99081 --- [beauty-salon-backend] [pool-3-thread-1] [                                                 ] o.s.d.c.c.c.MappingCassandraConverter    : Adding map.entry [name] - [Pool Test 927182c9]
2025-08-09T23:17:09.942-03:00 DEBUG 99081 --- [beauty-salon-backend] [pool-3-thread-7] [                                                 ] o.s.d.c.c.c.MappingCassandraConverter    : doWithProperties Property.type java.util.UUID, Property.value 92ab7dd9-a630-483f-9e10-3e226558adef
2025-08-09T23:17:09.942-03:00 DEBUG 99081 --- [beauty-salon-backend] [pool-3-thread-7] [                                                 ] o.s.d.c.c.c.MappingCassandraConverter    : Adding map.entry [id] - [92ab7dd9-a630-483f-9e10-3e226558adef]
2025-08-09T23:17:09.942-03:00 DEBUG 99081 --- [beauty-salon-backend] [pool-3-thread-7] [                                                 ] o.s.d.c.c.c.MappingCassandraConverter    : doWithProperties Property.type java.lang.String, Property.value Pool Test 97c6e836
2025-08-09T23:17:09.942-03:00 DEBUG 99081 --- [beauty-salon-backend] [pool-3-thread-5] [                                                 ] o.s.d.c.c.c.MappingCassandraConverter    : doWithProperties Property.type java.util.UUID, Property.value e8ec1c2c-e457-44d6-8f52-42a12d66e115
2025-08-09T23:17:09.942-03:00 DEBUG 99081 --- [beauty-salon-backend] [pool-3-thread-8] [                                                 ] o.s.data.cassandra.core.cql.CqlTemplate  : Preparing statement [SELECT * FROM customers] using org.springframework.data.cassandra.core.CassandraTemplate$PreparedStatementHandler@7efd1c54
2025-08-09T23:17:09.942-03:00 DEBUG 99081 --- [beauty-salon-backend] [pool-3-thread-3] [                                                 ] o.s.d.c.c.c.MappingCassandraConverter    : doWithProperties Property.type java.lang.String, Property.value Pool Test c71685d7
2025-08-09T23:17:09.943-03:00 DEBUG 99081 --- [beauty-salon-backend] [pool-3-thread-8] [                                                 ] o.s.data.cassandra.core.cql.CqlTemplate  : Executing prepared statement [SELECT * FROM customers]
2025-08-09T23:17:09.942-03:00 DEBUG 99081 --- [beauty-salon-backend] [pool-3-thread-1] [                                                 ] o.s.d.c.c.c.MappingCassandraConverter    : doWithProperties Property.type java.lang.String, Property.value pooltest927182c9@phase2.com
2025-08-09T23:17:09.943-03:00 DEBUG 99081 --- [beauty-salon-backend] [pool-3-thread-1] [                                                 ] o.s.d.c.c.c.MappingCassandraConverter    : Adding map.entry [email] - [pooltest927182c9@phase2.com]
2025-08-09T23:17:09.943-03:00 DEBUG 99081 --- [beauty-salon-backend] [pool-3-thread-3] [                                                 ] o.s.d.c.c.c.MappingCassandraConverter    : Adding map.entry [name] - [Pool Test c71685d7]
2025-08-09T23:17:09.943-03:00 DEBUG 99081 --- [beauty-salon-backend] [pool-3-thread-1] [                                                 ] o.s.d.c.c.c.MappingCassandraConverter    : doWithProperties Property.type java.lang.String, Property.value 5550000000
2025-08-09T23:17:09.943-03:00 DEBUG 99081 --- [beauty-salon-backend] [pool-3-thread-1] [                                                 ] o.s.d.c.c.c.MappingCassandraConverter    : Adding map.entry [phone] - [5550000000]
2025-08-09T23:17:09.942-03:00 DEBUG 99081 --- [beauty-salon-backend] [pool-3-thread-7] [                                                 ] o.s.d.c.c.c.MappingCassandraConverter    : Adding map.entry [name] - [Pool Test 97c6e836]
2025-08-09T23:17:09.943-03:00 DEBUG 99081 --- [beauty-salon-backend] [pool-3-thread-1] [                                                 ] o.s.d.c.c.c.MappingCassandraConverter    : doWithProperties Property.type java.lang.String, Property.value Pool Address 927182c9
2025-08-09T23:17:09.942-03:00 DEBUG 99081 --- [beauty-salon-backend] [pool-3-thread-9] [                                                 ] o.s.d.c.c.c.MappingCassandraConverter    : doWithProperties Property.type java.util.UUID, Property.value 54e94c08-8810-4ab7-8220-06b34646cd5b
2025-08-09T23:17:09.942-03:00 DEBUG 99081 --- [beauty-salon-backend] [ool-3-thread-10] [                                                 ] o.s.data.cassandra.core.cql.CqlTemplate  : Preparing statement [SELECT * FROM customers] using org.springframework.data.cassandra.core.CassandraTemplate$PreparedStatementHandler@1a924ab9
2025-08-09T23:17:09.942-03:00 DEBUG 99081 --- [beauty-salon-backend] [pool-3-thread-5] [                                                 ] o.s.d.c.c.c.MappingCassandraConverter    : Adding map.entry [id] - [e8ec1c2c-e457-44d6-8f52-42a12d66e115]
2025-08-09T23:17:09.943-03:00 DEBUG 99081 --- [beauty-salon-backend] [pool-3-thread-3] [                                                 ] o.s.d.c.c.c.MappingCassandraConverter    : doWithProperties Property.type java.lang.String, Property.value pooltestc71685d7@phase2.com
2025-08-09T23:17:09.943-03:00 DEBUG 99081 --- [beauty-salon-backend] [pool-3-thread-1] [                                                 ] o.s.d.c.c.c.MappingCassandraConverter    : Adding map.entry [address] - [Pool Address 927182c9]
2025-08-09T23:17:09.943-03:00 DEBUG 99081 --- [beauty-salon-backend] [pool-3-thread-7] [                                                 ] o.s.d.c.c.c.MappingCassandraConverter    : doWithProperties Property.type java.lang.String, Property.value pooltest97c6e836@phase2.com
2025-08-09T23:17:09.943-03:00 DEBUG 99081 --- [beauty-salon-backend] [pool-3-thread-9] [                                                 ] o.s.d.c.c.c.MappingCassandraConverter    : Adding map.entry [id] - [54e94c08-8810-4ab7-8220-06b34646cd5b]
2025-08-09T23:17:09.943-03:00 DEBUG 99081 --- [beauty-salon-backend] [ool-3-thread-10] [                                                 ] o.s.data.cassandra.core.cql.CqlTemplate  : Executing prepared statement [SELECT * FROM customers]
2025-08-09T23:17:09.943-03:00 DEBUG 99081 --- [beauty-salon-backend] [pool-3-thread-5] [                                                 ] o.s.d.c.c.c.MappingCassandraConverter    : doWithProperties Property.type java.lang.String, Property.value Pool Test d88f3c4f
2025-08-09T23:17:09.943-03:00 DEBUG 99081 --- [beauty-salon-backend] [pool-3-thread-1] [                                                 ] o.s.d.c.c.c.MappingCassandraConverter    : doWithProperties Property.type java.time.Instant, Property.value 2025-08-10T02:17:09.941930Z
2025-08-09T23:17:09.943-03:00 DEBUG 99081 --- [beauty-salon-backend] [pool-3-thread-5] [                                                 ] o.s.d.c.c.c.MappingCassandraConverter    : Adding map.entry [name] - [Pool Test d88f3c4f]
2025-08-09T23:17:09.943-03:00 DEBUG 99081 --- [beauty-salon-backend] [pool-3-thread-3] [                                                 ] o.s.d.c.c.c.MappingCassandraConverter    : Adding map.entry [email] - [pooltestc71685d7@phase2.com]
2025-08-09T23:17:09.943-03:00 DEBUG 99081 --- [beauty-salon-backend] [pool-3-thread-1] [                                                 ] o.s.d.c.c.c.MappingCassandraConverter    : Adding map.entry [created_at] - [2025-08-10T02:17:09.941930Z]
2025-08-09T23:17:09.943-03:00 DEBUG 99081 --- [beauty-salon-backend] [pool-3-thread-5] [                                                 ] o.s.d.c.c.c.MappingCassandraConverter    : doWithProperties Property.type java.lang.String, Property.value pooltestd88f3c4f@phase2.com
2025-08-09T23:17:09.943-03:00 DEBUG 99081 --- [beauty-salon-backend] [pool-3-thread-7] [                                                 ] o.s.d.c.c.c.MappingCassandraConverter    : Adding map.entry [email] - [pooltest97c6e836@phase2.com]
2025-08-09T23:17:09.943-03:00 DEBUG 99081 --- [beauty-salon-backend] [pool-3-thread-3] [                                                 ] o.s.d.c.c.c.MappingCassandraConverter    : doWithProperties Property.type java.lang.String, Property.value 5550000002
2025-08-09T23:17:09.943-03:00 DEBUG 99081 --- [beauty-salon-backend] [pool-3-thread-5] [                                                 ] o.s.d.c.c.c.MappingCassandraConverter    : Adding map.entry [email] - [pooltestd88f3c4f@phase2.com]
2025-08-09T23:17:09.943-03:00 DEBUG 99081 --- [beauty-salon-backend] [pool-3-thread-7] [                                                 ] o.s.d.c.c.c.MappingCassandraConverter    : doWithProperties Property.type java.lang.String, Property.value 5550000006
2025-08-09T23:17:09.943-03:00 DEBUG 99081 --- [beauty-salon-backend] [pool-3-thread-5] [                                                 ] o.s.d.c.c.c.MappingCassandraConverter    : doWithProperties Property.type java.lang.String, Property.value 5550000004
2025-08-09T23:17:09.943-03:00 DEBUG 99081 --- [beauty-salon-backend] [pool-3-thread-5] [                                                 ] o.s.d.c.c.c.MappingCassandraConverter    : Adding map.entry [phone] - [5550000004]
2025-08-09T23:17:09.943-03:00 DEBUG 99081 --- [beauty-salon-backend] [pool-3-thread-5] [                                                 ] o.s.d.c.c.c.MappingCassandraConverter    : doWithProperties Property.type java.lang.String, Property.value Pool Address d88f3c4f
2025-08-09T23:17:09.943-03:00 DEBUG 99081 --- [beauty-salon-backend] [pool-3-thread-5] [                                                 ] o.s.d.c.c.c.MappingCassandraConverter    : Adding map.entry [address] - [Pool Address d88f3c4f]
2025-08-09T23:17:09.943-03:00 DEBUG 99081 --- [beauty-salon-backend] [pool-3-thread-1] [                                                 ] o.s.d.c.c.c.MappingCassandraConverter    : doWithProperties Property.type java.time.Instant, Property.value 2025-08-10T02:17:09.941930Z
2025-08-09T23:17:09.944-03:00 DEBUG 99081 --- [beauty-salon-backend] [pool-3-thread-1] [                                                 ] o.s.d.c.c.c.MappingCassandraConverter    : Adding map.entry [updated_at] - [2025-08-10T02:17:09.941930Z]
2025-08-09T23:17:09.944-03:00 DEBUG 99081 --- [beauty-salon-backend] [pool-3-thread-1] [                                                 ] o.s.data.cassandra.core.cql.CqlTemplate  : Preparing statement [INSERT INTO customers (id,name,email,phone,address,created_at,updated_at) VALUES (?,?,?,?,?,?,?)] using org.springframework.data.cassandra.core.CassandraTemplate$PreparedStatementHandler@1df553aa
2025-08-09T23:17:09.943-03:00 DEBUG 99081 --- [beauty-salon-backend] [pool-3-thread-9] [                                                 ] o.s.d.c.c.c.MappingCassandraConverter    : doWithProperties Property.type java.lang.String, Property.value Pool Test 18fe2e5d
2025-08-09T23:17:09.943-03:00 DEBUG 99081 --- [beauty-salon-backend] [pool-3-thread-3] [                                                 ] o.s.d.c.c.c.MappingCassandraConverter    : Adding map.entry [phone] - [5550000002]
2025-08-09T23:17:09.944-03:00 DEBUG 99081 --- [beauty-salon-backend] [pool-3-thread-3] [                                                 ] o.s.d.c.c.c.MappingCassandraConverter    : doWithProperties Property.type java.lang.String, Property.value Pool Address c71685d7
2025-08-09T23:17:09.944-03:00 DEBUG 99081 --- [beauty-salon-backend] [pool-3-thread-3] [                                                 ] o.s.d.c.c.c.MappingCassandraConverter    : Adding map.entry [address] - [Pool Address c71685d7]
2025-08-09T23:17:09.944-03:00 DEBUG 99081 --- [beauty-salon-backend] [pool-3-thread-5] [                                                 ] o.s.d.c.c.c.MappingCassandraConverter    : doWithProperties Property.type java.time.Instant, Property.value 2025-08-10T02:17:09.942101Z
2025-08-09T23:17:09.944-03:00 DEBUG 99081 --- [beauty-salon-backend] [pool-3-thread-3] [                                                 ] o.s.d.c.c.c.MappingCassandraConverter    : doWithProperties Property.type java.time.Instant, Property.value 2025-08-10T02:17:09.942101Z
2025-08-09T23:17:09.944-03:00 DEBUG 99081 --- [beauty-salon-backend] [pool-3-thread-5] [                                                 ] o.s.d.c.c.c.MappingCassandraConverter    : Adding map.entry [created_at] - [2025-08-10T02:17:09.942101Z]
2025-08-09T23:17:09.944-03:00 DEBUG 99081 --- [beauty-salon-backend] [pool-3-thread-3] [                                                 ] o.s.d.c.c.c.MappingCassandraConverter    : Adding map.entry [created_at] - [2025-08-10T02:17:09.942101Z]
2025-08-09T23:17:09.944-03:00 DEBUG 99081 --- [beauty-salon-backend] [pool-3-thread-5] [                                                 ] o.s.d.c.c.c.MappingCassandraConverter    : doWithProperties Property.type java.time.Instant, Property.value 2025-08-10T02:17:09.942102Z
2025-08-09T23:17:09.944-03:00 DEBUG 99081 --- [beauty-salon-backend] [pool-3-thread-5] [                                                 ] o.s.d.c.c.c.MappingCassandraConverter    : Adding map.entry [updated_at] - [2025-08-10T02:17:09.942102Z]
2025-08-09T23:17:09.945-03:00 DEBUG 99081 --- [beauty-salon-backend] [pool-3-thread-5] [                                                 ] o.s.data.cassandra.core.cql.CqlTemplate  : Preparing statement [INSERT INTO customers (id,name,email,phone,address,created_at,updated_at) VALUES (?,?,?,?,?,?,?)] using org.springframework.data.cassandra.core.CassandraTemplate$PreparedStatementHandler@29a14b32
2025-08-09T23:17:09.945-03:00 DEBUG 99081 --- [beauty-salon-backend] [pool-3-thread-5] [                                                 ] o.s.data.cassandra.core.cql.CqlTemplate  : Executing prepared statement [INSERT INTO customers (id,name,email,phone,address,created_at,updated_at) VALUES (?,?,?,?,?,?,?)]
2025-08-09T23:17:09.943-03:00 DEBUG 99081 --- [beauty-salon-backend] [pool-3-thread-7] [                                                 ] o.s.d.c.c.c.MappingCassandraConverter    : Adding map.entry [phone] - [5550000006]
2025-08-09T23:17:09.946-03:00 DEBUG 99081 --- [beauty-salon-backend] [pool-3-thread-7] [                                                 ] o.s.d.c.c.c.MappingCassandraConverter    : doWithProperties Property.type java.lang.String, Property.value Pool Address 97c6e836
2025-08-09T23:17:09.946-03:00 DEBUG 99081 --- [beauty-salon-backend] [pool-3-thread-7] [                                                 ] o.s.d.c.c.c.MappingCassandraConverter    : Adding map.entry [address] - [Pool Address 97c6e836]
2025-08-09T23:17:09.946-03:00 DEBUG 99081 --- [beauty-salon-backend] [pool-3-thread-7] [                                                 ] o.s.d.c.c.c.MappingCassandraConverter    : doWithProperties Property.type java.time.Instant, Property.value 2025-08-10T02:17:09.942783Z
2025-08-09T23:17:09.947-03:00 DEBUG 99081 --- [beauty-salon-backend] [pool-3-thread-7] [                                                 ] o.s.d.c.c.c.MappingCassandraConverter    : Adding map.entry [created_at] - [2025-08-10T02:17:09.942783Z]
2025-08-09T23:17:09.947-03:00 DEBUG 99081 --- [beauty-salon-backend] [pool-3-thread-7] [                                                 ] o.s.d.c.c.c.MappingCassandraConverter    : doWithProperties Property.type java.time.Instant, Property.value 2025-08-10T02:17:09.942783Z
2025-08-09T23:17:09.947-03:00 DEBUG 99081 --- [beauty-salon-backend] [pool-3-thread-7] [                                                 ] o.s.d.c.c.c.MappingCassandraConverter    : Adding map.entry [updated_at] - [2025-08-10T02:17:09.942783Z]
2025-08-09T23:17:09.947-03:00 DEBUG 99081 --- [beauty-salon-backend] [pool-3-thread-7] [                                                 ] o.s.data.cassandra.core.cql.CqlTemplate  : Preparing statement [INSERT INTO customers (id,name,email,phone,address,created_at,updated_at) VALUES (?,?,?,?,?,?,?)] using org.springframework.data.cassandra.core.CassandraTemplate$PreparedStatementHandler@6e0633fc
2025-08-09T23:17:09.947-03:00 DEBUG 99081 --- [beauty-salon-backend] [pool-3-thread-7] [                                                 ] o.s.data.cassandra.core.cql.CqlTemplate  : Executing prepared statement [INSERT INTO customers (id,name,email,phone,address,created_at,updated_at) VALUES (?,?,?,?,?,?,?)]
2025-08-09T23:17:09.944-03:00 DEBUG 99081 --- [beauty-salon-backend] [pool-3-thread-1] [                                                 ] o.s.data.cassandra.core.cql.CqlTemplate  : Executing prepared statement [INSERT INTO customers (id,name,email,phone,address,created_at,updated_at) VALUES (?,?,?,?,?,?,?)]
2025-08-09T23:17:09.944-03:00 DEBUG 99081 --- [beauty-salon-backend] [pool-3-thread-9] [                                                 ] o.s.d.c.c.c.MappingCassandraConverter    : Adding map.entry [name] - [Pool Test 18fe2e5d]
2025-08-09T23:17:09.944-03:00 DEBUG 99081 --- [beauty-salon-backend] [pool-3-thread-3] [                                                 ] o.s.d.c.c.c.MappingCassandraConverter    : doWithProperties Property.type java.time.Instant, Property.value 2025-08-10T02:17:09.942102Z
2025-08-09T23:17:09.947-03:00 DEBUG 99081 --- [beauty-salon-backend] [pool-3-thread-3] [                                                 ] o.s.d.c.c.c.MappingCassandraConverter    : Adding map.entry [updated_at] - [2025-08-10T02:17:09.942102Z]
2025-08-09T23:17:09.947-03:00 DEBUG 99081 --- [beauty-salon-backend] [pool-3-thread-9] [                                                 ] o.s.d.c.c.c.MappingCassandraConverter    : doWithProperties Property.type java.lang.String, Property.value pooltest18fe2e5d@phase2.com
2025-08-09T23:17:09.948-03:00 DEBUG 99081 --- [beauty-salon-backend] [pool-3-thread-3] [                                                 ] o.s.data.cassandra.core.cql.CqlTemplate  : Preparing statement [INSERT INTO customers (id,name,email,phone,address,created_at,updated_at) VALUES (?,?,?,?,?,?,?)] using org.springframework.data.cassandra.core.CassandraTemplate$PreparedStatementHandler@565ea9db
2025-08-09T23:17:09.948-03:00 DEBUG 99081 --- [beauty-salon-backend] [pool-3-thread-3] [                                                 ] o.s.data.cassandra.core.cql.CqlTemplate  : Executing prepared statement [INSERT INTO customers (id,name,email,phone,address,created_at,updated_at) VALUES (?,?,?,?,?,?,?)]
2025-08-09T23:17:09.948-03:00 DEBUG 99081 --- [beauty-salon-backend] [pool-3-thread-9] [                                                 ] o.s.d.c.c.c.MappingCassandraConverter    : Adding map.entry [email] - [pooltest18fe2e5d@phase2.com]
2025-08-09T23:17:09.948-03:00 DEBUG 99081 --- [beauty-salon-backend] [pool-3-thread-9] [                                                 ] o.s.d.c.c.c.MappingCassandraConverter    : doWithProperties Property.type java.lang.String, Property.value 5550000008
2025-08-09T23:17:09.948-03:00 DEBUG 99081 --- [beauty-salon-backend] [pool-3-thread-9] [                                                 ] o.s.d.c.c.c.MappingCassandraConverter    : Adding map.entry [phone] - [5550000008]
2025-08-09T23:17:09.948-03:00 DEBUG 99081 --- [beauty-salon-backend] [pool-3-thread-9] [                                                 ] o.s.d.c.c.c.MappingCassandraConverter    : doWithProperties Property.type java.lang.String, Property.value Pool Address 18fe2e5d
2025-08-09T23:17:09.948-03:00 DEBUG 99081 --- [beauty-salon-backend] [pool-3-thread-9] [                                                 ] o.s.d.c.c.c.MappingCassandraConverter    : Adding map.entry [address] - [Pool Address 18fe2e5d]
2025-08-09T23:17:09.948-03:00 DEBUG 99081 --- [beauty-salon-backend] [pool-3-thread-9] [                                                 ] o.s.d.c.c.c.MappingCassandraConverter    : doWithProperties Property.type java.time.Instant, Property.value 2025-08-10T02:17:09.942903Z
2025-08-09T23:17:09.948-03:00 DEBUG 99081 --- [beauty-salon-backend] [pool-3-thread-9] [                                                 ] o.s.d.c.c.c.MappingCassandraConverter    : Adding map.entry [created_at] - [2025-08-10T02:17:09.942903Z]
2025-08-09T23:17:09.948-03:00 DEBUG 99081 --- [beauty-salon-backend] [pool-3-thread-9] [                                                 ] o.s.d.c.c.c.MappingCassandraConverter    : doWithProperties Property.type java.time.Instant, Property.value 2025-08-10T02:17:09.942903Z
2025-08-09T23:17:09.948-03:00 DEBUG 99081 --- [beauty-salon-backend] [pool-3-thread-9] [                                                 ] o.s.d.c.c.c.MappingCassandraConverter    : Adding map.entry [updated_at] - [2025-08-10T02:17:09.942903Z]
2025-08-09T23:17:09.948-03:00 DEBUG 99081 --- [beauty-salon-backend] [pool-3-thread-9] [                                                 ] o.s.data.cassandra.core.cql.CqlTemplate  : Preparing statement [INSERT INTO customers (id,name,email,phone,address,created_at,updated_at) VALUES (?,?,?,?,?,?,?)] using org.springframework.data.cassandra.core.CassandraTemplate$PreparedStatementHandler@21b75596
2025-08-09T23:17:09.948-03:00 DEBUG 99081 --- [beauty-salon-backend] [pool-3-thread-9] [                                                 ] o.s.data.cassandra.core.cql.CqlTemplate  : Executing prepared statement [INSERT INTO customers (id,name,email,phone,address,created_at,updated_at) VALUES (?,?,?,?,?,?,?)]
2025-08-09T23:17:09.952-03:00 DEBUG 99081 --- [beauty-salon-backend] [pool-3-thread-8] [                                                 ] o.s.d.c.c.c.MappingCassandraConverter    : doWithProperties Property.type java.util.UUID, Property.value 17946251-0c6d-4892-be9b-980f77477929
2025-08-09T23:17:09.952-03:00 DEBUG 99081 --- [beauty-salon-backend] [pool-3-thread-8] [                                                 ] o.s.d.c.c.c.MappingCassandraConverter    : Adding map.entry [id] - [17946251-0c6d-4892-be9b-980f77477929]
2025-08-09T23:17:09.952-03:00 DEBUG 99081 --- [beauty-salon-backend] [pool-3-thread-4] [                                                 ] o.s.d.c.c.c.MappingCassandraConverter    : doWithProperties Property.type java.util.UUID, Property.value b8a03238-3568-4969-a276-2ae254ae213a
2025-08-09T23:17:09.952-03:00 DEBUG 99081 --- [beauty-salon-backend] [pool-3-thread-4] [                                                 ] o.s.d.c.c.c.MappingCassandraConverter    : Adding map.entry [id] - [b8a03238-3568-4969-a276-2ae254ae213a]
2025-08-09T23:17:09.952-03:00 DEBUG 99081 --- [beauty-salon-backend] [pool-3-thread-4] [                                                 ] o.s.d.c.c.c.MappingCassandraConverter    : doWithProperties Property.type java.lang.String, Property.value Pool Test 66eb048e
2025-08-09T23:17:09.952-03:00 DEBUG 99081 --- [beauty-salon-backend] [pool-3-thread-4] [                                                 ] o.s.d.c.c.c.MappingCassandraConverter    : Adding map.entry [name] - [Pool Test 66eb048e]
2025-08-09T23:17:09.953-03:00 DEBUG 99081 --- [beauty-salon-backend] [pool-3-thread-4] [                                                 ] o.s.d.c.c.c.MappingCassandraConverter    : doWithProperties Property.type java.lang.String, Property.value pooltest66eb048e@phase2.com
2025-08-09T23:17:09.953-03:00 DEBUG 99081 --- [beauty-salon-backend] [pool-3-thread-4] [                                                 ] o.s.d.c.c.c.MappingCassandraConverter    : Adding map.entry [email] - [pooltest66eb048e@phase2.com]
2025-08-09T23:17:09.953-03:00 DEBUG 99081 --- [beauty-salon-backend] [pool-3-thread-4] [                                                 ] o.s.d.c.c.c.MappingCassandraConverter    : doWithProperties Property.type java.lang.String, Property.value 5550000010
2025-08-09T23:17:09.953-03:00 DEBUG 99081 --- [beauty-salon-backend] [pool-3-thread-4] [                                                 ] o.s.d.c.c.c.MappingCassandraConverter    : Adding map.entry [phone] - [5550000010]
2025-08-09T23:17:09.953-03:00 DEBUG 99081 --- [beauty-salon-backend] [pool-3-thread-4] [                                                 ] o.s.d.c.c.c.MappingCassandraConverter    : doWithProperties Property.type java.lang.String, Property.value Pool Address 66eb048e
2025-08-09T23:17:09.953-03:00 DEBUG 99081 --- [beauty-salon-backend] [pool-3-thread-4] [                                                 ] o.s.d.c.c.c.MappingCassandraConverter    : Adding map.entry [address] - [Pool Address 66eb048e]
2025-08-09T23:17:09.953-03:00 DEBUG 99081 --- [beauty-salon-backend] [pool-3-thread-4] [                                                 ] o.s.d.c.c.c.MappingCassandraConverter    : doWithProperties Property.type java.time.Instant, Property.value 2025-08-10T02:17:09.952202Z
2025-08-09T23:17:09.953-03:00 DEBUG 99081 --- [beauty-salon-backend] [pool-3-thread-4] [                                                 ] o.s.d.c.c.c.MappingCassandraConverter    : Adding map.entry [created_at] - [2025-08-10T02:17:09.952202Z]
2025-08-09T23:17:09.953-03:00 DEBUG 99081 --- [beauty-salon-backend] [pool-3-thread-4] [                                                 ] o.s.d.c.c.c.MappingCassandraConverter    : doWithProperties Property.type java.time.Instant, Property.value 2025-08-10T02:17:09.952202Z
2025-08-09T23:17:09.953-03:00 DEBUG 99081 --- [beauty-salon-backend] [pool-3-thread-4] [                                                 ] o.s.d.c.c.c.MappingCassandraConverter    : Adding map.entry [updated_at] - [2025-08-10T02:17:09.952202Z]
2025-08-09T23:17:09.952-03:00 DEBUG 99081 --- [beauty-salon-backend] [pool-3-thread-8] [                                                 ] o.s.d.c.c.c.MappingCassandraConverter    : doWithProperties Property.type java.lang.String, Property.value Pool Test 49dd5ab1
2025-08-09T23:17:09.953-03:00 DEBUG 99081 --- [beauty-salon-backend] [pool-3-thread-4] [                                                 ] o.s.data.cassandra.core.cql.CqlTemplate  : Preparing statement [INSERT INTO customers (id,name,email,phone,address,created_at,updated_at) VALUES (?,?,?,?,?,?,?)] using org.springframework.data.cassandra.core.CassandraTemplate$PreparedStatementHandler@663a36de
2025-08-09T23:17:09.953-03:00 DEBUG 99081 --- [beauty-salon-backend] [pool-3-thread-4] [                                                 ] o.s.data.cassandra.core.cql.CqlTemplate  : Executing prepared statement [INSERT INTO customers (id,name,email,phone,address,created_at,updated_at) VALUES (?,?,?,?,?,?,?)]
2025-08-09T23:17:09.953-03:00 DEBUG 99081 --- [beauty-salon-backend] [pool-3-thread-8] [                                                 ] o.s.d.c.c.c.MappingCassandraConverter    : Adding map.entry [name] - [Pool Test 49dd5ab1]
2025-08-09T23:17:09.954-03:00 DEBUG 99081 --- [beauty-salon-backend] [pool-3-thread-8] [                                                 ] o.s.d.c.c.c.MappingCassandraConverter    : doWithProperties Property.type java.lang.String, Property.value pooltest49dd5ab1@phase2.com
2025-08-09T23:17:09.953-03:00 DEBUG 99081 --- [beauty-salon-backend] [pool-3-thread-7] [                                                 ] o.s.d.c.c.c.MappingCassandraConverter    : doWithProperties Property.type java.util.UUID, Property.value f4be4996-b3d4-442e-a86e-f766f6ba7473
2025-08-09T23:17:09.954-03:00 DEBUG 99081 --- [beauty-salon-backend] [pool-3-thread-8] [                                                 ] o.s.d.c.c.c.MappingCassandraConverter    : Adding map.entry [email] - [pooltest49dd5ab1@phase2.com]
2025-08-09T23:17:09.954-03:00 DEBUG 99081 --- [beauty-salon-backend] [pool-3-thread-7] [                                                 ] o.s.d.c.c.c.MappingCassandraConverter    : Adding map.entry [id] - [f4be4996-b3d4-442e-a86e-f766f6ba7473]
2025-08-09T23:17:09.954-03:00 DEBUG 99081 --- [beauty-salon-backend] [pool-3-thread-8] [                                                 ] o.s.d.c.c.c.MappingCassandraConverter    : doWithProperties Property.type java.lang.String, Property.value 5550000012
2025-08-09T23:17:09.954-03:00 DEBUG 99081 --- [beauty-salon-backend] [pool-3-thread-7] [                                                 ] o.s.d.c.c.c.MappingCassandraConverter    : doWithProperties Property.type java.lang.String, Property.value Pool Test 03fecac0
2025-08-09T23:17:09.954-03:00 DEBUG 99081 --- [beauty-salon-backend] [pool-3-thread-8] [                                                 ] o.s.d.c.c.c.MappingCassandraConverter    : Adding map.entry [phone] - [5550000012]
2025-08-09T23:17:09.954-03:00 DEBUG 99081 --- [beauty-salon-backend] [pool-3-thread-7] [                                                 ] o.s.d.c.c.c.MappingCassandraConverter    : Adding map.entry [name] - [Pool Test 03fecac0]
2025-08-09T23:17:09.954-03:00 DEBUG 99081 --- [beauty-salon-backend] [pool-3-thread-8] [                                                 ] o.s.d.c.c.c.MappingCassandraConverter    : doWithProperties Property.type java.lang.String, Property.value Pool Address 49dd5ab1
2025-08-09T23:17:09.954-03:00 DEBUG 99081 --- [beauty-salon-backend] [pool-3-thread-8] [                                                 ] o.s.d.c.c.c.MappingCassandraConverter    : Adding map.entry [address] - [Pool Address 49dd5ab1]
2025-08-09T23:17:09.954-03:00 DEBUG 99081 --- [beauty-salon-backend] [pool-3-thread-8] [                                                 ] o.s.d.c.c.c.MappingCassandraConverter    : doWithProperties Property.type java.time.Instant, Property.value 2025-08-10T02:17:09.952374Z
2025-08-09T23:17:09.954-03:00 DEBUG 99081 --- [beauty-salon-backend] [pool-3-thread-8] [                                                 ] o.s.d.c.c.c.MappingCassandraConverter    : Adding map.entry [created_at] - [2025-08-10T02:17:09.952374Z]
2025-08-09T23:17:09.954-03:00 DEBUG 99081 --- [beauty-salon-backend] [pool-3-thread-8] [                                                 ] o.s.d.c.c.c.MappingCassandraConverter    : doWithProperties Property.type java.time.Instant, Property.value 2025-08-10T02:17:09.952374Z
2025-08-09T23:17:09.954-03:00 DEBUG 99081 --- [beauty-salon-backend] [pool-3-thread-8] [                                                 ] o.s.d.c.c.c.MappingCassandraConverter    : Adding map.entry [updated_at] - [2025-08-10T02:17:09.952374Z]
2025-08-09T23:17:09.954-03:00 DEBUG 99081 --- [beauty-salon-backend] [pool-3-thread-5] [                                                 ] o.s.d.c.c.c.MappingCassandraConverter    : doWithProperties Property.type java.util.UUID, Property.value 61d8a289-0d49-4a55-855a-f9e59052b119
2025-08-09T23:17:09.954-03:00 DEBUG 99081 --- [beauty-salon-backend] [pool-3-thread-5] [                                                 ] o.s.d.c.c.c.MappingCassandraConverter    : Adding map.entry [id] - [61d8a289-0d49-4a55-855a-f9e59052b119]
2025-08-09T23:17:09.954-03:00 DEBUG 99081 --- [beauty-salon-backend] [pool-3-thread-8] [                                                 ] o.s.data.cassandra.core.cql.CqlTemplate  : Preparing statement [INSERT INTO customers (id,name,email,phone,address,created_at,updated_at) VALUES (?,?,?,?,?,?,?)] using org.springframework.data.cassandra.core.CassandraTemplate$PreparedStatementHandler@183cae40
2025-08-09T23:17:09.954-03:00 DEBUG 99081 --- [beauty-salon-backend] [pool-3-thread-5] [                                                 ] o.s.d.c.c.c.MappingCassandraConverter    : doWithProperties Property.type java.lang.String, Property.value Pool Test 47e25c46
2025-08-09T23:17:09.954-03:00 DEBUG 99081 --- [beauty-salon-backend] [pool-3-thread-5] [                                                 ] o.s.d.c.c.c.MappingCassandraConverter    : Adding map.entry [name] - [Pool Test 47e25c46]
2025-08-09T23:17:09.954-03:00 DEBUG 99081 --- [beauty-salon-backend] [pool-3-thread-8] [                                                 ] o.s.data.cassandra.core.cql.CqlTemplate  : Executing prepared statement [INSERT INTO customers (id,name,email,phone,address,created_at,updated_at) VALUES (?,?,?,?,?,?,?)]
2025-08-09T23:17:09.954-03:00 DEBUG 99081 --- [beauty-salon-backend] [pool-3-thread-5] [                                                 ] o.s.d.c.c.c.MappingCassandraConverter    : doWithProperties Property.type java.lang.String, Property.value pooltest47e25c46@phase2.com
2025-08-09T23:17:09.954-03:00 DEBUG 99081 --- [beauty-salon-backend] [pool-3-thread-5] [                                                 ] o.s.d.c.c.c.MappingCassandraConverter    : Adding map.entry [email] - [pooltest47e25c46@phase2.com]
2025-08-09T23:17:09.954-03:00 DEBUG 99081 --- [beauty-salon-backend] [pool-3-thread-5] [                                                 ] o.s.d.c.c.c.MappingCassandraConverter    : doWithProperties Property.type java.lang.String, Property.value 5550000016
2025-08-09T23:17:09.954-03:00 DEBUG 99081 --- [beauty-salon-backend] [pool-3-thread-5] [                                                 ] o.s.d.c.c.c.MappingCassandraConverter    : Adding map.entry [phone] - [5550000016]
2025-08-09T23:17:09.954-03:00 DEBUG 99081 --- [beauty-salon-backend] [pool-3-thread-5] [                                                 ] o.s.d.c.c.c.MappingCassandraConverter    : doWithProperties Property.type java.lang.String, Property.value Pool Address 47e25c46
2025-08-09T23:17:09.954-03:00 DEBUG 99081 --- [beauty-salon-backend] [pool-3-thread-5] [                                                 ] o.s.d.c.c.c.MappingCassandraConverter    : Adding map.entry [address] - [Pool Address 47e25c46]
2025-08-09T23:17:09.954-03:00 DEBUG 99081 --- [beauty-salon-backend] [pool-3-thread-5] [                                                 ] o.s.d.c.c.c.MappingCassandraConverter    : doWithProperties Property.type java.time.Instant, Property.value 2025-08-10T02:17:09.954336Z
2025-08-09T23:17:09.954-03:00 DEBUG 99081 --- [beauty-salon-backend] [pool-3-thread-5] [                                                 ] o.s.d.c.c.c.MappingCassandraConverter    : Adding map.entry [created_at] - [2025-08-10T02:17:09.954336Z]
2025-08-09T23:17:09.954-03:00 DEBUG 99081 --- [beauty-salon-backend] [pool-3-thread-5] [                                                 ] o.s.d.c.c.c.MappingCassandraConverter    : doWithProperties Property.type java.time.Instant, Property.value 2025-08-10T02:17:09.954337Z
2025-08-09T23:17:09.954-03:00 DEBUG 99081 --- [beauty-salon-backend] [pool-3-thread-5] [                                                 ] o.s.d.c.c.c.MappingCassandraConverter    : Adding map.entry [updated_at] - [2025-08-10T02:17:09.954337Z]
2025-08-09T23:17:09.954-03:00 DEBUG 99081 --- [beauty-salon-backend] [pool-3-thread-5] [                                                 ] o.s.data.cassandra.core.cql.CqlTemplate  : Preparing statement [INSERT INTO customers (id,name,email,phone,address,created_at,updated_at) VALUES (?,?,?,?,?,?,?)] using org.springframework.data.cassandra.core.CassandraTemplate$PreparedStatementHandler@689c4109
2025-08-09T23:17:09.954-03:00 DEBUG 99081 --- [beauty-salon-backend] [pool-3-thread-5] [                                                 ] o.s.data.cassandra.core.cql.CqlTemplate  : Executing prepared statement [INSERT INTO customers (id,name,email,phone,address,created_at,updated_at) VALUES (?,?,?,?,?,?,?)]
2025-08-09T23:17:09.954-03:00 DEBUG 99081 --- [beauty-salon-backend] [pool-3-thread-7] [                                                 ] o.s.d.c.c.c.MappingCassandraConverter    : doWithProperties Property.type java.lang.String, Property.value pooltest03fecac0@phase2.com
2025-08-09T23:17:09.955-03:00 DEBUG 99081 --- [beauty-salon-backend] [pool-3-thread-7] [                                                 ] o.s.d.c.c.c.MappingCassandraConverter    : Adding map.entry [email] - [pooltest03fecac0@phase2.com]
2025-08-09T23:17:09.955-03:00 DEBUG 99081 --- [beauty-salon-backend] [pool-3-thread-7] [                                                 ] o.s.d.c.c.c.MappingCassandraConverter    : doWithProperties Property.type java.lang.String, Property.value 5550000014
2025-08-09T23:17:09.955-03:00 DEBUG 99081 --- [beauty-salon-backend] [pool-3-thread-7] [                                                 ] o.s.d.c.c.c.MappingCassandraConverter    : Adding map.entry [phone] - [5550000014]
2025-08-09T23:17:09.955-03:00 DEBUG 99081 --- [beauty-salon-backend] [ool-3-thread-10] [                                                 ] o.s.d.c.c.c.MappingCassandraConverter    : doWithProperties Property.type java.util.UUID, Property.value 53e628ed-9f4f-4a99-b96f-dd6e9b43797b
2025-08-09T23:17:09.955-03:00 DEBUG 99081 --- [beauty-salon-backend] [pool-3-thread-7] [                                                 ] o.s.d.c.c.c.MappingCassandraConverter    : doWithProperties Property.type java.lang.String, Property.value Pool Address 03fecac0
2025-08-09T23:17:09.955-03:00 DEBUG 99081 --- [beauty-salon-backend] [pool-3-thread-7] [                                                 ] o.s.d.c.c.c.MappingCassandraConverter    : Adding map.entry [address] - [Pool Address 03fecac0]
2025-08-09T23:17:09.955-03:00 DEBUG 99081 --- [beauty-salon-backend] [pool-3-thread-7] [                                                 ] o.s.d.c.c.c.MappingCassandraConverter    : doWithProperties Property.type java.time.Instant, Property.value 2025-08-10T02:17:09.953679Z
2025-08-09T23:17:09.955-03:00 DEBUG 99081 --- [beauty-salon-backend] [pool-3-thread-7] [                                                 ] o.s.d.c.c.c.MappingCassandraConverter    : Adding map.entry [created_at] - [2025-08-10T02:17:09.953679Z]
2025-08-09T23:17:09.955-03:00 DEBUG 99081 --- [beauty-salon-backend] [pool-3-thread-7] [                                                 ] o.s.d.c.c.c.MappingCassandraConverter    : doWithProperties Property.type java.time.Instant, Property.value 2025-08-10T02:17:09.953679Z
2025-08-09T23:17:09.955-03:00 DEBUG 99081 --- [beauty-salon-backend] [pool-3-thread-7] [                                                 ] o.s.d.c.c.c.MappingCassandraConverter    : Adding map.entry [updated_at] - [2025-08-10T02:17:09.953679Z]
2025-08-09T23:17:09.955-03:00 DEBUG 99081 --- [beauty-salon-backend] [pool-3-thread-7] [                                                 ] o.s.data.cassandra.core.cql.CqlTemplate  : Preparing statement [INSERT INTO customers (id,name,email,phone,address,created_at,updated_at) VALUES (?,?,?,?,?,?,?)] using org.springframework.data.cassandra.core.CassandraTemplate$PreparedStatementHandler@2f3b39c7
2025-08-09T23:17:09.955-03:00 DEBUG 99081 --- [beauty-salon-backend] [pool-3-thread-7] [                                                 ] o.s.data.cassandra.core.cql.CqlTemplate  : Executing prepared statement [INSERT INTO customers (id,name,email,phone,address,created_at,updated_at) VALUES (?,?,?,?,?,?,?)]
2025-08-09T23:17:09.955-03:00 DEBUG 99081 --- [beauty-salon-backend] [pool-3-thread-1] [                                                 ] o.s.d.c.c.c.MappingCassandraConverter    : doWithProperties Property.type java.util.UUID, Property.value bbed3d44-ebc7-443c-a1f0-0aeecec23b63
2025-08-09T23:17:09.955-03:00 DEBUG 99081 --- [beauty-salon-backend] [pool-3-thread-1] [                                                 ] o.s.d.c.c.c.MappingCassandraConverter    : Adding map.entry [id] - [bbed3d44-ebc7-443c-a1f0-0aeecec23b63]
2025-08-09T23:17:09.955-03:00 DEBUG 99081 --- [beauty-salon-backend] [pool-3-thread-1] [                                                 ] o.s.d.c.c.c.MappingCassandraConverter    : doWithProperties Property.type java.lang.String, Property.value Pool Test c8314d69
2025-08-09T23:17:09.955-03:00 DEBUG 99081 --- [beauty-salon-backend] [pool-3-thread-1] [                                                 ] o.s.d.c.c.c.MappingCassandraConverter    : Adding map.entry [name] - [Pool Test c8314d69]
2025-08-09T23:17:09.955-03:00 DEBUG 99081 --- [beauty-salon-backend] [pool-3-thread-1] [                                                 ] o.s.d.c.c.c.MappingCassandraConverter    : doWithProperties Property.type java.lang.String, Property.value pooltestc8314d69@phase2.com
2025-08-09T23:17:09.954-03:00 DEBUG 99081 --- [beauty-salon-backend] [pool-3-thread-9] [                                                 ] o.s.data.cassandra.core.cql.CqlTemplate  : Preparing statement [SELECT * FROM customers] using org.springframework.data.cassandra.core.CassandraTemplate$PreparedStatementHandler@608a5fad
2025-08-09T23:17:09.954-03:00 DEBUG 99081 --- [beauty-salon-backend] [pool-3-thread-6] [                                                 ] o.s.data.cassandra.core.cql.CqlTemplate  : Preparing statement [SELECT * FROM customers] using org.springframework.data.cassandra.core.CassandraTemplate$PreparedStatementHandler@2fc20498
2025-08-09T23:17:09.955-03:00 DEBUG 99081 --- [beauty-salon-backend] [ool-3-thread-10] [                                                 ] o.s.d.c.c.c.MappingCassandraConverter    : Adding map.entry [id] - [53e628ed-9f4f-4a99-b96f-dd6e9b43797b]
2025-08-09T23:17:09.955-03:00 DEBUG 99081 --- [beauty-salon-backend] [ool-3-thread-10] [                                                 ] o.s.d.c.c.c.MappingCassandraConverter    : doWithProperties Property.type java.lang.String, Property.value Pool Test 34aa53fe
2025-08-09T23:17:09.955-03:00 DEBUG 99081 --- [beauty-salon-backend] [pool-3-thread-1] [                                                 ] o.s.d.c.c.c.MappingCassandraConverter    : Adding map.entry [email] - [pooltestc8314d69@phase2.com]
2025-08-09T23:17:09.956-03:00 DEBUG 99081 --- [beauty-salon-backend] [ool-3-thread-10] [                                                 ] o.s.d.c.c.c.MappingCassandraConverter    : Adding map.entry [name] - [Pool Test 34aa53fe]
2025-08-09T23:17:09.955-03:00 DEBUG 99081 --- [beauty-salon-backend] [pool-3-thread-9] [                                                 ] o.s.data.cassandra.core.cql.CqlTemplate  : Executing prepared statement [SELECT * FROM customers]
2025-08-09T23:17:09.955-03:00 DEBUG 99081 --- [beauty-salon-backend] [pool-3-thread-6] [                                                 ] o.s.data.cassandra.core.cql.CqlTemplate  : Executing prepared statement [SELECT * FROM customers]
2025-08-09T23:17:09.956-03:00 DEBUG 99081 --- [beauty-salon-backend] [pool-3-thread-1] [                                                 ] o.s.d.c.c.c.MappingCassandraConverter    : doWithProperties Property.type java.lang.String, Property.value 5550000020
2025-08-09T23:17:09.956-03:00 DEBUG 99081 --- [beauty-salon-backend] [ool-3-thread-10] [                                                 ] o.s.d.c.c.c.MappingCassandraConverter    : doWithProperties Property.type java.lang.String, Property.value pooltest34aa53fe@phase2.com
2025-08-09T23:17:09.956-03:00 DEBUG 99081 --- [beauty-salon-backend] [pool-3-thread-1] [                                                 ] o.s.d.c.c.c.MappingCassandraConverter    : Adding map.entry [phone] - [5550000020]
2025-08-09T23:17:09.956-03:00 DEBUG 99081 --- [beauty-salon-backend] [ool-3-thread-10] [                                                 ] o.s.d.c.c.c.MappingCassandraConverter    : Adding map.entry [email] - [pooltest34aa53fe@phase2.com]
2025-08-09T23:17:09.956-03:00 DEBUG 99081 --- [beauty-salon-backend] [pool-3-thread-2] [                                                 ] o.s.data.cassandra.core.cql.CqlTemplate  : Preparing statement [SELECT * FROM customers] using org.springframework.data.cassandra.core.CassandraTemplate$PreparedStatementHandler@5b68f304
2025-08-09T23:17:09.956-03:00 DEBUG 99081 --- [beauty-salon-backend] [pool-3-thread-1] [                                                 ] o.s.d.c.c.c.MappingCassandraConverter    : doWithProperties Property.type java.lang.String, Property.value Pool Address c8314d69
2025-08-09T23:17:09.956-03:00 DEBUG 99081 --- [beauty-salon-backend] [pool-3-thread-2] [                                                 ] o.s.data.cassandra.core.cql.CqlTemplate  : Executing prepared statement [SELECT * FROM customers]
2025-08-09T23:17:09.956-03:00 DEBUG 99081 --- [beauty-salon-backend] [pool-3-thread-1] [                                                 ] o.s.d.c.c.c.MappingCassandraConverter    : Adding map.entry [address] - [Pool Address c8314d69]
2025-08-09T23:17:09.956-03:00 DEBUG 99081 --- [beauty-salon-backend] [ool-3-thread-10] [                                                 ] o.s.d.c.c.c.MappingCassandraConverter    : doWithProperties Property.type java.lang.String, Property.value 5550000018
2025-08-09T23:17:09.956-03:00 DEBUG 99081 --- [beauty-salon-backend] [pool-3-thread-3] [                                                 ] o.s.d.c.c.c.MappingCassandraConverter    : doWithProperties Property.type java.util.UUID, Property.value e75986d3-7e17-47ca-a015-444fd3825d2c
2025-08-09T23:17:09.956-03:00 DEBUG 99081 --- [beauty-salon-backend] [ool-3-thread-10] [                                                 ] o.s.d.c.c.c.MappingCassandraConverter    : Adding map.entry [phone] - [5550000018]
2025-08-09T23:17:09.956-03:00 DEBUG 99081 --- [beauty-salon-backend] [pool-3-thread-1] [                                                 ] o.s.d.c.c.c.MappingCassandraConverter    : doWithProperties Property.type java.time.Instant, Property.value 2025-08-10T02:17:09.955641Z
2025-08-09T23:17:09.957-03:00 DEBUG 99081 --- [beauty-salon-backend] [pool-3-thread-1] [                                                 ] o.s.d.c.c.c.MappingCassandraConverter    : Adding map.entry [created_at] - [2025-08-10T02:17:09.955641Z]
2025-08-09T23:17:09.957-03:00 DEBUG 99081 --- [beauty-salon-backend] [pool-3-thread-1] [                                                 ] o.s.d.c.c.c.MappingCassandraConverter    : doWithProperties Property.type java.time.Instant, Property.value 2025-08-10T02:17:09.955641Z
2025-08-09T23:17:09.957-03:00 DEBUG 99081 --- [beauty-salon-backend] [pool-3-thread-1] [                                                 ] o.s.d.c.c.c.MappingCassandraConverter    : Adding map.entry [updated_at] - [2025-08-10T02:17:09.955641Z]
2025-08-09T23:17:09.957-03:00 DEBUG 99081 --- [beauty-salon-backend] [pool-3-thread-1] [                                                 ] o.s.data.cassandra.core.cql.CqlTemplate  : Preparing statement [INSERT INTO customers (id,name,email,phone,address,created_at,updated_at) VALUES (?,?,?,?,?,?,?)] using org.springframework.data.cassandra.core.CassandraTemplate$PreparedStatementHandler@5cc85991
2025-08-09T23:17:09.957-03:00 DEBUG 99081 --- [beauty-salon-backend] [pool-3-thread-1] [                                                 ] o.s.data.cassandra.core.cql.CqlTemplate  : Executing prepared statement [INSERT INTO customers (id,name,email,phone,address,created_at,updated_at) VALUES (?,?,?,?,?,?,?)]
2025-08-09T23:17:09.957-03:00 DEBUG 99081 --- [beauty-salon-backend] [ool-3-thread-10] [                                                 ] o.s.d.c.c.c.MappingCassandraConverter    : doWithProperties Property.type java.lang.String, Property.value Pool Address 34aa53fe
2025-08-09T23:17:09.956-03:00 DEBUG 99081 --- [beauty-salon-backend] [pool-3-thread-3] [                                                 ] o.s.d.c.c.c.MappingCassandraConverter    : Adding map.entry [id] - [e75986d3-7e17-47ca-a015-444fd3825d2c]
2025-08-09T23:17:09.958-03:00 DEBUG 99081 --- [beauty-salon-backend] [pool-3-thread-3] [                                                 ] o.s.d.c.c.c.MappingCassandraConverter    : doWithProperties Property.type java.lang.String, Property.value Pool Test 1bda1c09
2025-08-09T23:17:09.958-03:00 DEBUG 99081 --- [beauty-salon-backend] [ool-3-thread-10] [                                                 ] o.s.d.c.c.c.MappingCassandraConverter    : Adding map.entry [address] - [Pool Address 34aa53fe]
2025-08-09T23:17:09.958-03:00 DEBUG 99081 --- [beauty-salon-backend] [ool-3-thread-10] [                                                 ] o.s.d.c.c.c.MappingCassandraConverter    : doWithProperties Property.type java.time.Instant, Property.value 2025-08-10T02:17:09.955269Z
2025-08-09T23:17:09.959-03:00 DEBUG 99081 --- [beauty-salon-backend] [ool-3-thread-10] [                                                 ] o.s.d.c.c.c.MappingCassandraConverter    : Adding map.entry [created_at] - [2025-08-10T02:17:09.955269Z]
2025-08-09T23:17:09.959-03:00 DEBUG 99081 --- [beauty-salon-backend] [ool-3-thread-10] [                                                 ] o.s.d.c.c.c.MappingCassandraConverter    : doWithProperties Property.type java.time.Instant, Property.value 2025-08-10T02:17:09.955270Z
2025-08-09T23:17:09.959-03:00 DEBUG 99081 --- [beauty-salon-backend] [ool-3-thread-10] [                                                 ] o.s.d.c.c.c.MappingCassandraConverter    : Adding map.entry [updated_at] - [2025-08-10T02:17:09.955270Z]
2025-08-09T23:17:09.959-03:00 DEBUG 99081 --- [beauty-salon-backend] [ool-3-thread-10] [                                                 ] o.s.data.cassandra.core.cql.CqlTemplate  : Preparing statement [INSERT INTO customers (id,name,email,phone,address,created_at,updated_at) VALUES (?,?,?,?,?,?,?)] using org.springframework.data.cassandra.core.CassandraTemplate$PreparedStatementHandler@6a3e5b7f
2025-08-09T23:17:09.959-03:00 DEBUG 99081 --- [beauty-salon-backend] [ool-3-thread-10] [                                                 ] o.s.data.cassandra.core.cql.CqlTemplate  : Executing prepared statement [INSERT INTO customers (id,name,email,phone,address,created_at,updated_at) VALUES (?,?,?,?,?,?,?)]
2025-08-09T23:17:09.958-03:00 DEBUG 99081 --- [beauty-salon-backend] [pool-3-thread-3] [                                                 ] o.s.d.c.c.c.MappingCassandraConverter    : Adding map.entry [name] - [Pool Test 1bda1c09]
2025-08-09T23:17:09.960-03:00 DEBUG 99081 --- [beauty-salon-backend] [pool-3-thread-3] [                                                 ] o.s.d.c.c.c.MappingCassandraConverter    : doWithProperties Property.type java.lang.String, Property.value pooltest1bda1c09@phase2.com
2025-08-09T23:17:09.960-03:00 DEBUG 99081 --- [beauty-salon-backend] [pool-3-thread-3] [                                                 ] o.s.d.c.c.c.MappingCassandraConverter    : Adding map.entry [email] - [pooltest1bda1c09@phase2.com]
2025-08-09T23:17:09.960-03:00 DEBUG 99081 --- [beauty-salon-backend] [pool-3-thread-3] [                                                 ] o.s.d.c.c.c.MappingCassandraConverter    : doWithProperties Property.type java.lang.String, Property.value 5550000022
2025-08-09T23:17:09.960-03:00 DEBUG 99081 --- [beauty-salon-backend] [pool-3-thread-3] [                                                 ] o.s.d.c.c.c.MappingCassandraConverter    : Adding map.entry [phone] - [5550000022]
2025-08-09T23:17:09.960-03:00 DEBUG 99081 --- [beauty-salon-backend] [pool-3-thread-7] [                                                 ] o.s.data.cassandra.core.cql.CqlTemplate  : Preparing statement [SELECT * FROM customers] using org.springframework.data.cassandra.core.CassandraTemplate$PreparedStatementHandler@1e5e52d9
2025-08-09T23:17:09.960-03:00 DEBUG 99081 --- [beauty-salon-backend] [pool-3-thread-7] [                                                 ] o.s.data.cassandra.core.cql.CqlTemplate  : Executing prepared statement [SELECT * FROM customers]
2025-08-09T23:17:09.960-03:00 DEBUG 99081 --- [beauty-salon-backend] [pool-3-thread-5] [                                                 ] o.s.d.c.c.c.MappingCassandraConverter    : doWithProperties Property.type java.util.UUID, Property.value 22dab20f-c8bf-4745-b8e9-b8d30df13346
2025-08-09T23:17:09.960-03:00 DEBUG 99081 --- [beauty-salon-backend] [pool-3-thread-5] [                                                 ] o.s.d.c.c.c.MappingCassandraConverter    : Adding map.entry [id] - [22dab20f-c8bf-4745-b8e9-b8d30df13346]
2025-08-09T23:17:09.960-03:00 DEBUG 99081 --- [beauty-salon-backend] [pool-3-thread-3] [                                                 ] o.s.d.c.c.c.MappingCassandraConverter    : doWithProperties Property.type java.lang.String, Property.value Pool Address 1bda1c09
2025-08-09T23:17:09.961-03:00 DEBUG 99081 --- [beauty-salon-backend] [pool-3-thread-3] [                                                 ] o.s.d.c.c.c.MappingCassandraConverter    : Adding map.entry [address] - [Pool Address 1bda1c09]
2025-08-09T23:17:09.961-03:00 DEBUG 99081 --- [beauty-salon-backend] [pool-3-thread-3] [                                                 ] o.s.d.c.c.c.MappingCassandraConverter    : doWithProperties Property.type java.time.Instant, Property.value 2025-08-10T02:17:09.956634Z
2025-08-09T23:17:09.961-03:00 DEBUG 99081 --- [beauty-salon-backend] [pool-3-thread-3] [                                                 ] o.s.d.c.c.c.MappingCassandraConverter    : Adding map.entry [created_at] - [2025-08-10T02:17:09.956634Z]
2025-08-09T23:17:09.961-03:00 DEBUG 99081 --- [beauty-salon-backend] [pool-3-thread-5] [                                                 ] o.s.d.c.c.c.MappingCassandraConverter    : doWithProperties Property.type java.lang.String, Property.value Pool Test 0e821b1e
2025-08-09T23:17:09.962-03:00 DEBUG 99081 --- [beauty-salon-backend] [pool-3-thread-5] [                                                 ] o.s.d.c.c.c.MappingCassandraConverter    : Adding map.entry [name] - [Pool Test 0e821b1e]
2025-08-09T23:17:09.962-03:00 DEBUG 99081 --- [beauty-salon-backend] [pool-3-thread-5] [                                                 ] o.s.d.c.c.c.MappingCassandraConverter    : doWithProperties Property.type java.lang.String, Property.value pooltest0e821b1e@phase2.com
2025-08-09T23:17:09.962-03:00 DEBUG 99081 --- [beauty-salon-backend] [pool-3-thread-5] [                                                 ] o.s.d.c.c.c.MappingCassandraConverter    : Adding map.entry [email] - [pooltest0e821b1e@phase2.com]
2025-08-09T23:17:09.962-03:00 DEBUG 99081 --- [beauty-salon-backend] [pool-3-thread-5] [                                                 ] o.s.d.c.c.c.MappingCassandraConverter    : doWithProperties Property.type java.lang.String, Property.value 5550000024
2025-08-09T23:17:09.962-03:00 DEBUG 99081 --- [beauty-salon-backend] [pool-3-thread-5] [                                                 ] o.s.d.c.c.c.MappingCassandraConverter    : Adding map.entry [phone] - [5550000024]
2025-08-09T23:17:09.962-03:00 DEBUG 99081 --- [beauty-salon-backend] [pool-3-thread-5] [                                                 ] o.s.d.c.c.c.MappingCassandraConverter    : doWithProperties Property.type java.lang.String, Property.value Pool Address 0e821b1e
2025-08-09T23:17:09.962-03:00 DEBUG 99081 --- [beauty-salon-backend] [pool-3-thread-5] [                                                 ] o.s.d.c.c.c.MappingCassandraConverter    : Adding map.entry [address] - [Pool Address 0e821b1e]
2025-08-09T23:17:09.962-03:00 DEBUG 99081 --- [beauty-salon-backend] [pool-3-thread-5] [                                                 ] o.s.d.c.c.c.MappingCassandraConverter    : doWithProperties Property.type java.time.Instant, Property.value 2025-08-10T02:17:09.960899Z
2025-08-09T23:17:09.962-03:00 DEBUG 99081 --- [beauty-salon-backend] [pool-3-thread-5] [                                                 ] o.s.d.c.c.c.MappingCassandraConverter    : Adding map.entry [created_at] - [2025-08-10T02:17:09.960899Z]
2025-08-09T23:17:09.962-03:00 DEBUG 99081 --- [beauty-salon-backend] [pool-3-thread-5] [                                                 ] o.s.d.c.c.c.MappingCassandraConverter    : doWithProperties Property.type java.time.Instant, Property.value 2025-08-10T02:17:09.960899Z
2025-08-09T23:17:09.962-03:00 DEBUG 99081 --- [beauty-salon-backend] [pool-3-thread-5] [                                                 ] o.s.d.c.c.c.MappingCassandraConverter    : Adding map.entry [updated_at] - [2025-08-10T02:17:09.960899Z]
2025-08-09T23:17:09.962-03:00 DEBUG 99081 --- [beauty-salon-backend] [pool-3-thread-5] [                                                 ] o.s.data.cassandra.core.cql.CqlTemplate  : Preparing statement [INSERT INTO customers (id,name,email,phone,address,created_at,updated_at) VALUES (?,?,?,?,?,?,?)] using org.springframework.data.cassandra.core.CassandraTemplate$PreparedStatementHandler@59becac0
2025-08-09T23:17:09.961-03:00 DEBUG 99081 --- [beauty-salon-backend] [pool-3-thread-3] [                                                 ] o.s.d.c.c.c.MappingCassandraConverter    : doWithProperties Property.type java.time.Instant, Property.value 2025-08-10T02:17:09.956634Z
2025-08-09T23:17:09.962-03:00 DEBUG 99081 --- [beauty-salon-backend] [pool-3-thread-5] [                                                 ] o.s.data.cassandra.core.cql.CqlTemplate  : Executing prepared statement [INSERT INTO customers (id,name,email,phone,address,created_at,updated_at) VALUES (?,?,?,?,?,?,?)]
2025-08-09T23:17:09.962-03:00 DEBUG 99081 --- [beauty-salon-backend] [pool-3-thread-3] [                                                 ] o.s.d.c.c.c.MappingCassandraConverter    : Adding map.entry [updated_at] - [2025-08-10T02:17:09.956634Z]
2025-08-09T23:17:09.962-03:00 DEBUG 99081 --- [beauty-salon-backend] [pool-3-thread-4] [                                                 ] o.s.data.cassandra.core.cql.CqlTemplate  : Preparing statement [SELECT * FROM customers] using org.springframework.data.cassandra.core.CassandraTemplate$PreparedStatementHandler@3788de0c
2025-08-09T23:17:09.962-03:00 DEBUG 99081 --- [beauty-salon-backend] [pool-3-thread-4] [                                                 ] o.s.data.cassandra.core.cql.CqlTemplate  : Executing prepared statement [SELECT * FROM customers]
2025-08-09T23:17:09.963-03:00 DEBUG 99081 --- [beauty-salon-backend] [pool-3-thread-3] [                                                 ] o.s.data.cassandra.core.cql.CqlTemplate  : Preparing statement [INSERT INTO customers (id,name,email,phone,address,created_at,updated_at) VALUES (?,?,?,?,?,?,?)] using org.springframework.data.cassandra.core.CassandraTemplate$PreparedStatementHandler@1763a3e0
2025-08-09T23:17:09.963-03:00 DEBUG 99081 --- [beauty-salon-backend] [pool-3-thread-3] [                                                 ] o.s.data.cassandra.core.cql.CqlTemplate  : Executing prepared statement [INSERT INTO customers (id,name,email,phone,address,created_at,updated_at) VALUES (?,?,?,?,?,?,?)]
2025-08-09T23:17:09.964-03:00 DEBUG 99081 --- [beauty-salon-backend] [pool-3-thread-8] [                                                 ] o.s.d.c.c.c.MappingCassandraConverter    : doWithProperties Property.type java.util.UUID, Property.value 2a661f0f-2c01-4342-9d76-cdd65e735118
2025-08-09T23:17:09.964-03:00 DEBUG 99081 --- [beauty-salon-backend] [pool-3-thread-8] [                                                 ] o.s.d.c.c.c.MappingCassandraConverter    : Adding map.entry [id] - [2a661f0f-2c01-4342-9d76-cdd65e735118]
2025-08-09T23:17:09.964-03:00 DEBUG 99081 --- [beauty-salon-backend] [pool-3-thread-8] [                                                 ] o.s.d.c.c.c.MappingCassandraConverter    : doWithProperties Property.type java.lang.String, Property.value Pool Test 230945ba
2025-08-09T23:17:09.964-03:00 DEBUG 99081 --- [beauty-salon-backend] [pool-3-thread-8] [                                                 ] o.s.d.c.c.c.MappingCassandraConverter    : Adding map.entry [name] - [Pool Test 230945ba]
2025-08-09T23:17:09.964-03:00 DEBUG 99081 --- [beauty-salon-backend] [pool-3-thread-8] [                                                 ] o.s.d.c.c.c.MappingCassandraConverter    : doWithProperties Property.type java.lang.String, Property.value pooltest230945ba@phase2.com
2025-08-09T23:17:09.964-03:00 DEBUG 99081 --- [beauty-salon-backend] [pool-3-thread-8] [                                                 ] o.s.d.c.c.c.MappingCassandraConverter    : Adding map.entry [email] - [pooltest230945ba@phase2.com]
2025-08-09T23:17:09.964-03:00 DEBUG 99081 --- [beauty-salon-backend] [pool-3-thread-8] [                                                 ] o.s.d.c.c.c.MappingCassandraConverter    : doWithProperties Property.type java.lang.String, Property.value 5550000026
2025-08-09T23:17:09.964-03:00 DEBUG 99081 --- [beauty-salon-backend] [pool-3-thread-8] [                                                 ] o.s.d.c.c.c.MappingCassandraConverter    : Adding map.entry [phone] - [5550000026]
2025-08-09T23:17:09.964-03:00 DEBUG 99081 --- [beauty-salon-backend] [pool-3-thread-8] [                                                 ] o.s.d.c.c.c.MappingCassandraConverter    : doWithProperties Property.type java.lang.String, Property.value Pool Address 230945ba
2025-08-09T23:17:09.964-03:00 DEBUG 99081 --- [beauty-salon-backend] [pool-3-thread-8] [                                                 ] o.s.d.c.c.c.MappingCassandraConverter    : Adding map.entry [address] - [Pool Address 230945ba]
2025-08-09T23:17:09.964-03:00 DEBUG 99081 --- [beauty-salon-backend] [pool-3-thread-8] [                                                 ] o.s.d.c.c.c.MappingCassandraConverter    : doWithProperties Property.type java.time.Instant, Property.value 2025-08-10T02:17:09.964632Z
2025-08-09T23:17:09.964-03:00 DEBUG 99081 --- [beauty-salon-backend] [pool-3-thread-8] [                                                 ] o.s.d.c.c.c.MappingCassandraConverter    : Adding map.entry [created_at] - [2025-08-10T02:17:09.964632Z]
2025-08-09T23:17:09.964-03:00 DEBUG 99081 --- [beauty-salon-backend] [pool-3-thread-8] [                                                 ] o.s.d.c.c.c.MappingCassandraConverter    : doWithProperties Property.type java.time.Instant, Property.value 2025-08-10T02:17:09.964632Z
2025-08-09T23:17:09.964-03:00 DEBUG 99081 --- [beauty-salon-backend] [pool-3-thread-8] [                                                 ] o.s.d.c.c.c.MappingCassandraConverter    : Adding map.entry [updated_at] - [2025-08-10T02:17:09.964632Z]
2025-08-09T23:17:09.965-03:00 DEBUG 99081 --- [beauty-salon-backend] [pool-3-thread-8] [                                                 ] o.s.data.cassandra.core.cql.CqlTemplate  : Preparing statement [INSERT INTO customers (id,name,email,phone,address,created_at,updated_at) VALUES (?,?,?,?,?,?,?)] using org.springframework.data.cassandra.core.CassandraTemplate$PreparedStatementHandler@6023e825
2025-08-09T23:17:09.965-03:00 DEBUG 99081 --- [beauty-salon-backend] [pool-3-thread-8] [                                                 ] o.s.data.cassandra.core.cql.CqlTemplate  : Executing prepared statement [INSERT INTO customers (id,name,email,phone,address,created_at,updated_at) VALUES (?,?,?,?,?,?,?)]
2025-08-09T23:17:09.966-03:00 DEBUG 99081 --- [beauty-salon-backend] [pool-3-thread-9] [                                                 ] o.s.data.cassandra.core.cql.CqlTemplate  : Preparing statement [SELECT * FROM customers] using org.springframework.data.cassandra.core.CassandraTemplate$PreparedStatementHandler@51205a6d
2025-08-09T23:17:09.966-03:00 DEBUG 99081 --- [beauty-salon-backend] [pool-3-thread-9] [                                                 ] o.s.data.cassandra.core.cql.CqlTemplate  : Executing prepared statement [SELECT * FROM customers]
2025-08-09T23:17:09.967-03:00 DEBUG 99081 --- [beauty-salon-backend] [pool-3-thread-2] [                                                 ] o.s.d.c.c.c.MappingCassandraConverter    : doWithProperties Property.type java.util.UUID, Property.value ab239fe4-8c16-453c-9d11-e9d87478a556
2025-08-09T23:17:09.967-03:00 DEBUG 99081 --- [beauty-salon-backend] [pool-3-thread-2] [                                                 ] o.s.d.c.c.c.MappingCassandraConverter    : Adding map.entry [id] - [ab239fe4-8c16-453c-9d11-e9d87478a556]
2025-08-09T23:17:09.967-03:00 DEBUG 99081 --- [beauty-salon-backend] [pool-3-thread-2] [                                                 ] o.s.d.c.c.c.MappingCassandraConverter    : doWithProperties Property.type java.lang.String, Property.value Pool Test 31032864
2025-08-09T23:17:09.967-03:00 DEBUG 99081 --- [beauty-salon-backend] [pool-3-thread-2] [                                                 ] o.s.d.c.c.c.MappingCassandraConverter    : Adding map.entry [name] - [Pool Test 31032864]
2025-08-09T23:17:09.967-03:00 DEBUG 99081 --- [beauty-salon-backend] [pool-3-thread-2] [                                                 ] o.s.d.c.c.c.MappingCassandraConverter    : doWithProperties Property.type java.lang.String, Property.value pooltest31032864@phase2.com
2025-08-09T23:17:09.967-03:00 DEBUG 99081 --- [beauty-salon-backend] [pool-3-thread-2] [                                                 ] o.s.d.c.c.c.MappingCassandraConverter    : Adding map.entry [email] - [pooltest31032864@phase2.com]
2025-08-09T23:17:09.967-03:00 DEBUG 99081 --- [beauty-salon-backend] [pool-3-thread-2] [                                                 ] o.s.d.c.c.c.MappingCassandraConverter    : doWithProperties Property.type java.lang.String, Property.value 5550000028
2025-08-09T23:17:09.967-03:00 DEBUG 99081 --- [beauty-salon-backend] [pool-3-thread-2] [                                                 ] o.s.d.c.c.c.MappingCassandraConverter    : Adding map.entry [phone] - [5550000028]
2025-08-09T23:17:09.967-03:00 DEBUG 99081 --- [beauty-salon-backend] [pool-3-thread-2] [                                                 ] o.s.d.c.c.c.MappingCassandraConverter    : doWithProperties Property.type java.lang.String, Property.value Pool Address 31032864
2025-08-09T23:17:09.967-03:00 DEBUG 99081 --- [beauty-salon-backend] [pool-3-thread-2] [                                                 ] o.s.d.c.c.c.MappingCassandraConverter    : Adding map.entry [address] - [Pool Address 31032864]
2025-08-09T23:17:09.967-03:00 DEBUG 99081 --- [beauty-salon-backend] [pool-3-thread-2] [                                                 ] o.s.d.c.c.c.MappingCassandraConverter    : doWithProperties Property.type java.time.Instant, Property.value 2025-08-10T02:17:09.966962Z
2025-08-09T23:17:09.967-03:00 DEBUG 99081 --- [beauty-salon-backend] [pool-3-thread-2] [                                                 ] o.s.d.c.c.c.MappingCassandraConverter    : Adding map.entry [created_at] - [2025-08-10T02:17:09.966962Z]
2025-08-09T23:17:09.967-03:00 DEBUG 99081 --- [beauty-salon-backend] [pool-3-thread-2] [                                                 ] o.s.d.c.c.c.MappingCassandraConverter    : doWithProperties Property.type java.time.Instant, Property.value 2025-08-10T02:17:09.966963Z
2025-08-09T23:17:09.968-03:00 DEBUG 99081 --- [beauty-salon-backend] [pool-3-thread-2] [                                                 ] o.s.d.c.c.c.MappingCassandraConverter    : Adding map.entry [updated_at] - [2025-08-10T02:17:09.966963Z]
2025-08-09T23:17:09.968-03:00 DEBUG 99081 --- [beauty-salon-backend] [pool-3-thread-2] [                                                 ] o.s.data.cassandra.core.cql.CqlTemplate  : Preparing statement [INSERT INTO customers (id,name,email,phone,address,created_at,updated_at) VALUES (?,?,?,?,?,?,?)] using org.springframework.data.cassandra.core.CassandraTemplate$PreparedStatementHandler@23c54753
2025-08-09T23:17:09.968-03:00 DEBUG 99081 --- [beauty-salon-backend] [pool-3-thread-2] [                                                 ] o.s.data.cassandra.core.cql.CqlTemplate  : Executing prepared statement [INSERT INTO customers (id,name,email,phone,address,created_at,updated_at) VALUES (?,?,?,?,?,?,?)]
2025-08-09T23:17:09.969-03:00 DEBUG 99081 --- [beauty-salon-backend] [pool-3-thread-1] [                                                 ] o.s.d.c.c.c.MappingCassandraConverter    : doWithProperties Property.type java.util.UUID, Property.value 86731cff-966c-4a9b-9710-a6c476402403
2025-08-09T23:17:09.969-03:00 DEBUG 99081 --- [beauty-salon-backend] [pool-3-thread-1] [                                                 ] o.s.d.c.c.c.MappingCassandraConverter    : Adding map.entry [id] - [86731cff-966c-4a9b-9710-a6c476402403]
2025-08-09T23:17:09.969-03:00 DEBUG 99081 --- [beauty-salon-backend] [pool-3-thread-1] [                                                 ] o.s.d.c.c.c.MappingCassandraConverter    : doWithProperties Property.type java.lang.String, Property.value Pool Test e0ae5321
2025-08-09T23:17:09.969-03:00 DEBUG 99081 --- [beauty-salon-backend] [pool-3-thread-1] [                                                 ] o.s.d.c.c.c.MappingCassandraConverter    : Adding map.entry [name] - [Pool Test e0ae5321]
2025-08-09T23:17:09.969-03:00 DEBUG 99081 --- [beauty-salon-backend] [pool-3-thread-1] [                                                 ] o.s.d.c.c.c.MappingCassandraConverter    : doWithProperties Property.type java.lang.String, Property.value poolteste0ae5321@phase2.com
2025-08-09T23:17:09.969-03:00 DEBUG 99081 --- [beauty-salon-backend] [pool-3-thread-1] [                                                 ] o.s.d.c.c.c.MappingCassandraConverter    : Adding map.entry [email] - [poolteste0ae5321@phase2.com]
2025-08-09T23:17:09.969-03:00 DEBUG 99081 --- [beauty-salon-backend] [pool-3-thread-1] [                                                 ] o.s.d.c.c.c.MappingCassandraConverter    : doWithProperties Property.type java.lang.String, Property.value 5550000030
2025-08-09T23:17:09.969-03:00 DEBUG 99081 --- [beauty-salon-backend] [pool-3-thread-1] [                                                 ] o.s.d.c.c.c.MappingCassandraConverter    : Adding map.entry [phone] - [5550000030]
2025-08-09T23:17:09.969-03:00 DEBUG 99081 --- [beauty-salon-backend] [pool-3-thread-1] [                                                 ] o.s.d.c.c.c.MappingCassandraConverter    : doWithProperties Property.type java.lang.String, Property.value Pool Address e0ae5321
2025-08-09T23:17:09.969-03:00 DEBUG 99081 --- [beauty-salon-backend] [pool-3-thread-1] [                                                 ] o.s.d.c.c.c.MappingCassandraConverter    : Adding map.entry [address] - [Pool Address e0ae5321]
2025-08-09T23:17:09.969-03:00 DEBUG 99081 --- [beauty-salon-backend] [pool-3-thread-1] [                                                 ] o.s.d.c.c.c.MappingCassandraConverter    : doWithProperties Property.type java.time.Instant, Property.value 2025-08-10T02:17:09.969094Z
2025-08-09T23:17:09.969-03:00 DEBUG 99081 --- [beauty-salon-backend] [pool-3-thread-1] [                                                 ] o.s.d.c.c.c.MappingCassandraConverter    : Adding map.entry [created_at] - [2025-08-10T02:17:09.969094Z]
2025-08-09T23:17:09.969-03:00 DEBUG 99081 --- [beauty-salon-backend] [pool-3-thread-1] [                                                 ] o.s.d.c.c.c.MappingCassandraConverter    : doWithProperties Property.type java.time.Instant, Property.value 2025-08-10T02:17:09.969094Z
2025-08-09T23:17:09.969-03:00 DEBUG 99081 --- [beauty-salon-backend] [pool-3-thread-1] [                                                 ] o.s.d.c.c.c.MappingCassandraConverter    : Adding map.entry [updated_at] - [2025-08-10T02:17:09.969094Z]
2025-08-09T23:17:09.969-03:00 DEBUG 99081 --- [beauty-salon-backend] [pool-3-thread-1] [                                                 ] o.s.data.cassandra.core.cql.CqlTemplate  : Preparing statement [INSERT INTO customers (id,name,email,phone,address,created_at,updated_at) VALUES (?,?,?,?,?,?,?)] using org.springframework.data.cassandra.core.CassandraTemplate$PreparedStatementHandler@6d5e2212
2025-08-09T23:17:09.969-03:00 DEBUG 99081 --- [beauty-salon-backend] [pool-3-thread-1] [                                                 ] o.s.data.cassandra.core.cql.CqlTemplate  : Executing prepared statement [INSERT INTO customers (id,name,email,phone,address,created_at,updated_at) VALUES (?,?,?,?,?,?,?)]
2025-08-09T23:17:09.969-03:00 DEBUG 99081 --- [beauty-salon-backend] [pool-3-thread-6] [                                                 ] o.s.data.cassandra.core.cql.CqlTemplate  : Preparing statement [SELECT * FROM customers] using org.springframework.data.cassandra.core.CassandraTemplate$PreparedStatementHandler@7e390438
2025-08-09T23:17:09.969-03:00 DEBUG 99081 --- [beauty-salon-backend] [pool-3-thread-5] [                                                 ] o.s.data.cassandra.core.cql.CqlTemplate  : Preparing statement [SELECT * FROM customers] using org.springframework.data.cassandra.core.CassandraTemplate$PreparedStatementHandler@8b3be46
2025-08-09T23:17:09.969-03:00 DEBUG 99081 --- [beauty-salon-backend] [pool-3-thread-6] [                                                 ] o.s.data.cassandra.core.cql.CqlTemplate  : Executing prepared statement [SELECT * FROM customers]
2025-08-09T23:17:09.969-03:00 DEBUG 99081 --- [beauty-salon-backend] [pool-3-thread-5] [                                                 ] o.s.data.cassandra.core.cql.CqlTemplate  : Executing prepared statement [SELECT * FROM customers]
2025-08-09T23:17:09.971-03:00 DEBUG 99081 --- [beauty-salon-backend] [ool-3-thread-10] [                                                 ] o.s.d.c.c.c.MappingCassandraConverter    : doWithProperties Property.type java.util.UUID, Property.value 3080fc4e-38e4-458e-864e-9b8176161a0e
2025-08-09T23:17:09.971-03:00 DEBUG 99081 --- [beauty-salon-backend] [ool-3-thread-10] [                                                 ] o.s.d.c.c.c.MappingCassandraConverter    : Adding map.entry [id] - [3080fc4e-38e4-458e-864e-9b8176161a0e]
2025-08-09T23:17:09.971-03:00 DEBUG 99081 --- [beauty-salon-backend] [ool-3-thread-10] [                                                 ] o.s.d.c.c.c.MappingCassandraConverter    : doWithProperties Property.type java.lang.String, Property.value Pool Test 699753f9
2025-08-09T23:17:09.971-03:00 DEBUG 99081 --- [beauty-salon-backend] [ool-3-thread-10] [                                                 ] o.s.d.c.c.c.MappingCassandraConverter    : Adding map.entry [name] - [Pool Test 699753f9]
2025-08-09T23:17:09.971-03:00 DEBUG 99081 --- [beauty-salon-backend] [ool-3-thread-10] [                                                 ] o.s.d.c.c.c.MappingCassandraConverter    : doWithProperties Property.type java.lang.String, Property.value pooltest699753f9@phase2.com
2025-08-09T23:17:09.971-03:00 DEBUG 99081 --- [beauty-salon-backend] [ool-3-thread-10] [                                                 ] o.s.d.c.c.c.MappingCassandraConverter    : Adding map.entry [email] - [pooltest699753f9@phase2.com]
2025-08-09T23:17:09.971-03:00 DEBUG 99081 --- [beauty-salon-backend] [ool-3-thread-10] [                                                 ] o.s.d.c.c.c.MappingCassandraConverter    : doWithProperties Property.type java.lang.String, Property.value 5550000032
2025-08-09T23:17:09.971-03:00 DEBUG 99081 --- [beauty-salon-backend] [ool-3-thread-10] [                                                 ] o.s.d.c.c.c.MappingCassandraConverter    : Adding map.entry [phone] - [5550000032]
2025-08-09T23:17:09.971-03:00 DEBUG 99081 --- [beauty-salon-backend] [ool-3-thread-10] [                                                 ] o.s.d.c.c.c.MappingCassandraConverter    : doWithProperties Property.type java.lang.String, Property.value Pool Address 699753f9
2025-08-09T23:17:09.971-03:00 DEBUG 99081 --- [beauty-salon-backend] [ool-3-thread-10] [                                                 ] o.s.d.c.c.c.MappingCassandraConverter    : Adding map.entry [address] - [Pool Address 699753f9]
2025-08-09T23:17:09.972-03:00 DEBUG 99081 --- [beauty-salon-backend] [ool-3-thread-10] [                                                 ] o.s.d.c.c.c.MappingCassandraConverter    : doWithProperties Property.type java.time.Instant, Property.value 2025-08-10T02:17:09.970873Z
2025-08-09T23:17:09.972-03:00 DEBUG 99081 --- [beauty-salon-backend] [ool-3-thread-10] [                                                 ] o.s.d.c.c.c.MappingCassandraConverter    : Adding map.entry [created_at] - [2025-08-10T02:17:09.970873Z]
2025-08-09T23:17:09.972-03:00 DEBUG 99081 --- [beauty-salon-backend] [ool-3-thread-10] [                                                 ] o.s.d.c.c.c.MappingCassandraConverter    : doWithProperties Property.type java.time.Instant, Property.value 2025-08-10T02:17:09.970873Z
2025-08-09T23:17:09.972-03:00 DEBUG 99081 --- [beauty-salon-backend] [ool-3-thread-10] [                                                 ] o.s.d.c.c.c.MappingCassandraConverter    : Adding map.entry [updated_at] - [2025-08-10T02:17:09.970873Z]
2025-08-09T23:17:09.972-03:00 DEBUG 99081 --- [beauty-salon-backend] [pool-3-thread-3] [                                                 ] o.s.d.c.c.c.MappingCassandraConverter    : doWithProperties Property.type java.util.UUID, Property.value 2cef1c22-08bb-48f9-8cab-4683f68c7051
2025-08-09T23:17:09.972-03:00 DEBUG 99081 --- [beauty-salon-backend] [pool-3-thread-3] [                                                 ] o.s.d.c.c.c.MappingCassandraConverter    : Adding map.entry [id] - [2cef1c22-08bb-48f9-8cab-4683f68c7051]
2025-08-09T23:17:09.972-03:00 DEBUG 99081 --- [beauty-salon-backend] [ool-3-thread-10] [                                                 ] o.s.data.cassandra.core.cql.CqlTemplate  : Preparing statement [INSERT INTO customers (id,name,email,phone,address,created_at,updated_at) VALUES (?,?,?,?,?,?,?)] using org.springframework.data.cassandra.core.CassandraTemplate$PreparedStatementHandler@3b80bfcd
2025-08-09T23:17:09.972-03:00 DEBUG 99081 --- [beauty-salon-backend] [ool-3-thread-10] [                                                 ] o.s.data.cassandra.core.cql.CqlTemplate  : Executing prepared statement [INSERT INTO customers (id,name,email,phone,address,created_at,updated_at) VALUES (?,?,?,?,?,?,?)]
2025-08-09T23:17:09.972-03:00 DEBUG 99081 --- [beauty-salon-backend] [pool-3-thread-3] [                                                 ] o.s.d.c.c.c.MappingCassandraConverter    : doWithProperties Property.type java.lang.String, Property.value Pool Test c66b04f5
2025-08-09T23:17:09.972-03:00 DEBUG 99081 --- [beauty-salon-backend] [pool-3-thread-3] [                                                 ] o.s.d.c.c.c.MappingCassandraConverter    : Adding map.entry [name] - [Pool Test c66b04f5]
2025-08-09T23:17:09.972-03:00 DEBUG 99081 --- [beauty-salon-backend] [pool-3-thread-8] [                                                 ] o.s.data.cassandra.core.cql.CqlTemplate  : Preparing statement [SELECT * FROM customers] using org.springframework.data.cassandra.core.CassandraTemplate$PreparedStatementHandler@225c0233
2025-08-09T23:17:09.972-03:00 DEBUG 99081 --- [beauty-salon-backend] [pool-3-thread-3] [                                                 ] o.s.d.c.c.c.MappingCassandraConverter    : doWithProperties Property.type java.lang.String, Property.value pooltestc66b04f5@phase2.com
2025-08-09T23:17:09.973-03:00 DEBUG 99081 --- [beauty-salon-backend] [pool-3-thread-8] [                                                 ] o.s.data.cassandra.core.cql.CqlTemplate  : Executing prepared statement [SELECT * FROM customers]
2025-08-09T23:17:09.973-03:00 DEBUG 99081 --- [beauty-salon-backend] [pool-3-thread-3] [                                                 ] o.s.d.c.c.c.MappingCassandraConverter    : Adding map.entry [email] - [pooltestc66b04f5@phase2.com]
2025-08-09T23:17:09.973-03:00 DEBUG 99081 --- [beauty-salon-backend] [pool-3-thread-3] [                                                 ] o.s.d.c.c.c.MappingCassandraConverter    : doWithProperties Property.type java.lang.String, Property.value 5550000034
2025-08-09T23:17:09.973-03:00 DEBUG 99081 --- [beauty-salon-backend] [pool-3-thread-3] [                                                 ] o.s.d.c.c.c.MappingCassandraConverter    : Adding map.entry [phone] - [5550000034]
2025-08-09T23:17:09.973-03:00 DEBUG 99081 --- [beauty-salon-backend] [pool-3-thread-7] [                                                 ] o.s.d.c.c.c.MappingCassandraConverter    : doWithProperties Property.type java.util.UUID, Property.value 5208e52a-4051-44a1-8aab-869600d5dd6f
2025-08-09T23:17:09.973-03:00 DEBUG 99081 --- [beauty-salon-backend] [pool-3-thread-7] [                                                 ] o.s.d.c.c.c.MappingCassandraConverter    : Adding map.entry [id] - [5208e52a-4051-44a1-8aab-869600d5dd6f]
2025-08-09T23:17:09.973-03:00 DEBUG 99081 --- [beauty-salon-backend] [pool-3-thread-3] [                                                 ] o.s.d.c.c.c.MappingCassandraConverter    : doWithProperties Property.type java.lang.String, Property.value Pool Address c66b04f5
2025-08-09T23:17:09.973-03:00 DEBUG 99081 --- [beauty-salon-backend] [pool-3-thread-7] [                                                 ] o.s.d.c.c.c.MappingCassandraConverter    : doWithProperties Property.type java.lang.String, Property.value Pool Test 2c815bf5
2025-08-09T23:17:09.973-03:00 DEBUG 99081 --- [beauty-salon-backend] [pool-3-thread-7] [                                                 ] o.s.d.c.c.c.MappingCassandraConverter    : Adding map.entry [name] - [Pool Test 2c815bf5]
2025-08-09T23:17:09.973-03:00 DEBUG 99081 --- [beauty-salon-backend] [pool-3-thread-3] [                                                 ] o.s.d.c.c.c.MappingCassandraConverter    : Adding map.entry [address] - [Pool Address c66b04f5]
2025-08-09T23:17:09.973-03:00 DEBUG 99081 --- [beauty-salon-backend] [pool-3-thread-7] [                                                 ] o.s.d.c.c.c.MappingCassandraConverter    : doWithProperties Property.type java.lang.String, Property.value pooltest2c815bf5@phase2.com
2025-08-09T23:17:09.973-03:00 DEBUG 99081 --- [beauty-salon-backend] [pool-3-thread-7] [                                                 ] o.s.d.c.c.c.MappingCassandraConverter    : Adding map.entry [email] - [pooltest2c815bf5@phase2.com]
2025-08-09T23:17:09.973-03:00 DEBUG 99081 --- [beauty-salon-backend] [pool-3-thread-3] [                                                 ] o.s.d.c.c.c.MappingCassandraConverter    : doWithProperties Property.type java.time.Instant, Property.value 2025-08-10T02:17:09.972191Z
2025-08-09T23:17:09.973-03:00 DEBUG 99081 --- [beauty-salon-backend] [pool-3-thread-7] [                                                 ] o.s.d.c.c.c.MappingCassandraConverter    : doWithProperties Property.type java.lang.String, Property.value 5550000036
2025-08-09T23:17:09.973-03:00 DEBUG 99081 --- [beauty-salon-backend] [pool-3-thread-3] [                                                 ] o.s.d.c.c.c.MappingCassandraConverter    : Adding map.entry [created_at] - [2025-08-10T02:17:09.972191Z]
2025-08-09T23:17:09.974-03:00 DEBUG 99081 --- [beauty-salon-backend] [pool-3-thread-3] [                                                 ] o.s.d.c.c.c.MappingCassandraConverter    : doWithProperties Property.type java.time.Instant, Property.value 2025-08-10T02:17:09.972191Z
2025-08-09T23:17:09.974-03:00 DEBUG 99081 --- [beauty-salon-backend] [pool-3-thread-3] [                                                 ] o.s.d.c.c.c.MappingCassandraConverter    : Adding map.entry [updated_at] - [2025-08-10T02:17:09.972191Z]
2025-08-09T23:17:09.973-03:00 DEBUG 99081 --- [beauty-salon-backend] [pool-3-thread-7] [                                                 ] o.s.d.c.c.c.MappingCassandraConverter    : Adding map.entry [phone] - [5550000036]
2025-08-09T23:17:09.974-03:00 DEBUG 99081 --- [beauty-salon-backend] [pool-3-thread-7] [                                                 ] o.s.d.c.c.c.MappingCassandraConverter    : doWithProperties Property.type java.lang.String, Property.value Pool Address 2c815bf5
2025-08-09T23:17:09.974-03:00 DEBUG 99081 --- [beauty-salon-backend] [pool-3-thread-7] [                                                 ] o.s.d.c.c.c.MappingCassandraConverter    : Adding map.entry [address] - [Pool Address 2c815bf5]
2025-08-09T23:17:09.974-03:00 DEBUG 99081 --- [beauty-salon-backend] [pool-3-thread-7] [                                                 ] o.s.d.c.c.c.MappingCassandraConverter    : doWithProperties Property.type java.time.Instant, Property.value 2025-08-10T02:17:09.973252Z
2025-08-09T23:17:09.974-03:00 DEBUG 99081 --- [beauty-salon-backend] [pool-3-thread-7] [                                                 ] o.s.d.c.c.c.MappingCassandraConverter    : Adding map.entry [created_at] - [2025-08-10T02:17:09.973252Z]
2025-08-09T23:17:09.974-03:00 DEBUG 99081 --- [beauty-salon-backend] [pool-3-thread-7] [                                                 ] o.s.d.c.c.c.MappingCassandraConverter    : doWithProperties Property.type java.time.Instant, Property.value 2025-08-10T02:17:09.973252Z
2025-08-09T23:17:09.974-03:00 DEBUG 99081 --- [beauty-salon-backend] [pool-3-thread-7] [                                                 ] o.s.d.c.c.c.MappingCassandraConverter    : Adding map.entry [updated_at] - [2025-08-10T02:17:09.973252Z]
2025-08-09T23:17:09.974-03:00 DEBUG 99081 --- [beauty-salon-backend] [pool-3-thread-7] [                                                 ] o.s.data.cassandra.core.cql.CqlTemplate  : Preparing statement [INSERT INTO customers (id,name,email,phone,address,created_at,updated_at) VALUES (?,?,?,?,?,?,?)] using org.springframework.data.cassandra.core.CassandraTemplate$PreparedStatementHandler@4f14c688
2025-08-09T23:17:09.974-03:00 DEBUG 99081 --- [beauty-salon-backend] [pool-3-thread-7] [                                                 ] o.s.data.cassandra.core.cql.CqlTemplate  : Executing prepared statement [INSERT INTO customers (id,name,email,phone,address,created_at,updated_at) VALUES (?,?,?,?,?,?,?)]
2025-08-09T23:17:09.974-03:00 DEBUG 99081 --- [beauty-salon-backend] [pool-3-thread-3] [                                                 ] o.s.data.cassandra.core.cql.CqlTemplate  : Preparing statement [INSERT INTO customers (id,name,email,phone,address,created_at,updated_at) VALUES (?,?,?,?,?,?,?)] using org.springframework.data.cassandra.core.CassandraTemplate$PreparedStatementHandler@263eb023
2025-08-09T23:17:09.975-03:00 DEBUG 99081 --- [beauty-salon-backend] [pool-3-thread-3] [                                                 ] o.s.data.cassandra.core.cql.CqlTemplate  : Executing prepared statement [INSERT INTO customers (id,name,email,phone,address,created_at,updated_at) VALUES (?,?,?,?,?,?,?)]
2025-08-09T23:17:09.978-03:00 DEBUG 99081 --- [beauty-salon-backend] [pool-3-thread-9] [                                                 ] o.s.d.c.c.c.MappingCassandraConverter    : doWithProperties Property.type java.util.UUID, Property.value a69124ae-e304-4271-adc6-88ab5e397349
2025-08-09T23:17:09.978-03:00 DEBUG 99081 --- [beauty-salon-backend] [pool-3-thread-9] [                                                 ] o.s.d.c.c.c.MappingCassandraConverter    : Adding map.entry [id] - [a69124ae-e304-4271-adc6-88ab5e397349]
2025-08-09T23:17:09.978-03:00 DEBUG 99081 --- [beauty-salon-backend] [pool-3-thread-9] [                                                 ] o.s.d.c.c.c.MappingCassandraConverter    : doWithProperties Property.type java.lang.String, Property.value Pool Test 9a7a25e2
2025-08-09T23:17:09.978-03:00 DEBUG 99081 --- [beauty-salon-backend] [pool-3-thread-9] [                                                 ] o.s.d.c.c.c.MappingCassandraConverter    : Adding map.entry [name] - [Pool Test 9a7a25e2]
2025-08-09T23:17:09.978-03:00 DEBUG 99081 --- [beauty-salon-backend] [pool-3-thread-9] [                                                 ] o.s.d.c.c.c.MappingCassandraConverter    : doWithProperties Property.type java.lang.String, Property.value pooltest9a7a25e2@phase2.com
2025-08-09T23:17:09.978-03:00 DEBUG 99081 --- [beauty-salon-backend] [pool-3-thread-9] [                                                 ] o.s.d.c.c.c.MappingCassandraConverter    : Adding map.entry [email] - [pooltest9a7a25e2@phase2.com]
2025-08-09T23:17:09.978-03:00 DEBUG 99081 --- [beauty-salon-backend] [pool-3-thread-9] [                                                 ] o.s.d.c.c.c.MappingCassandraConverter    : doWithProperties Property.type java.lang.String, Property.value 5550000038
2025-08-09T23:17:09.978-03:00 DEBUG 99081 --- [beauty-salon-backend] [pool-3-thread-9] [                                                 ] o.s.d.c.c.c.MappingCassandraConverter    : Adding map.entry [phone] - [5550000038]
2025-08-09T23:17:09.978-03:00 DEBUG 99081 --- [beauty-salon-backend] [pool-3-thread-9] [                                                 ] o.s.d.c.c.c.MappingCassandraConverter    : doWithProperties Property.type java.lang.String, Property.value Pool Address 9a7a25e2
2025-08-09T23:17:09.978-03:00 DEBUG 99081 --- [beauty-salon-backend] [pool-3-thread-9] [                                                 ] o.s.d.c.c.c.MappingCassandraConverter    : Adding map.entry [address] - [Pool Address 9a7a25e2]
2025-08-09T23:17:09.978-03:00 DEBUG 99081 --- [beauty-salon-backend] [pool-3-thread-9] [                                                 ] o.s.d.c.c.c.MappingCassandraConverter    : doWithProperties Property.type java.time.Instant, Property.value 2025-08-10T02:17:09.977280Z
2025-08-09T23:17:09.978-03:00 DEBUG 99081 --- [beauty-salon-backend] [pool-3-thread-9] [                                                 ] o.s.d.c.c.c.MappingCassandraConverter    : Adding map.entry [created_at] - [2025-08-10T02:17:09.977280Z]
2025-08-09T23:17:09.978-03:00 DEBUG 99081 --- [beauty-salon-backend] [pool-3-thread-9] [                                                 ] o.s.d.c.c.c.MappingCassandraConverter    : doWithProperties Property.type java.time.Instant, Property.value 2025-08-10T02:17:09.977280Z
2025-08-09T23:17:09.978-03:00 DEBUG 99081 --- [beauty-salon-backend] [pool-3-thread-9] [                                                 ] o.s.d.c.c.c.MappingCassandraConverter    : Adding map.entry [updated_at] - [2025-08-10T02:17:09.977280Z]
2025-08-09T23:17:09.979-03:00 DEBUG 99081 --- [beauty-salon-backend] [pool-3-thread-9] [                                                 ] o.s.data.cassandra.core.cql.CqlTemplate  : Preparing statement [INSERT INTO customers (id,name,email,phone,address,created_at,updated_at) VALUES (?,?,?,?,?,?,?)] using org.springframework.data.cassandra.core.CassandraTemplate$PreparedStatementHandler@a5a0e2
2025-08-09T23:17:09.978-03:00 DEBUG 99081 --- [beauty-salon-backend] [pool-3-thread-2] [                                                 ] o.s.data.cassandra.core.cql.CqlTemplate  : Preparing statement [SELECT * FROM customers] using org.springframework.data.cassandra.core.CassandraTemplate$PreparedStatementHandler@71dba5ae
2025-08-09T23:17:09.979-03:00 DEBUG 99081 --- [beauty-salon-backend] [pool-3-thread-9] [                                                 ] o.s.data.cassandra.core.cql.CqlTemplate  : Executing prepared statement [INSERT INTO customers (id,name,email,phone,address,created_at,updated_at) VALUES (?,?,?,?,?,?,?)]
2025-08-09T23:17:09.979-03:00 DEBUG 99081 --- [beauty-salon-backend] [ool-3-thread-10] [                                                 ] o.s.data.cassandra.core.cql.CqlTemplate  : Preparing statement [SELECT * FROM customers] using org.springframework.data.cassandra.core.CassandraTemplate$PreparedStatementHandler@49764798
2025-08-09T23:17:09.979-03:00 DEBUG 99081 --- [beauty-salon-backend] [pool-3-thread-2] [                                                 ] o.s.data.cassandra.core.cql.CqlTemplate  : Executing prepared statement [SELECT * FROM customers]
2025-08-09T23:17:09.979-03:00 DEBUG 99081 --- [beauty-salon-backend] [ool-3-thread-10] [                                                 ] o.s.data.cassandra.core.cql.CqlTemplate  : Executing prepared statement [SELECT * FROM customers]
2025-08-09T23:17:09.979-03:00 DEBUG 99081 --- [beauty-salon-backend] [pool-3-thread-4] [                                                 ] o.s.d.c.c.c.MappingCassandraConverter    : doWithProperties Property.type java.util.UUID, Property.value ec13d0f8-d694-4f06-9463-4f0eb80d6371
2025-08-09T23:17:09.979-03:00 DEBUG 99081 --- [beauty-salon-backend] [pool-3-thread-4] [                                                 ] o.s.d.c.c.c.MappingCassandraConverter    : Adding map.entry [id] - [ec13d0f8-d694-4f06-9463-4f0eb80d6371]
2025-08-09T23:17:09.979-03:00 DEBUG 99081 --- [beauty-salon-backend] [pool-3-thread-4] [                                                 ] o.s.d.c.c.c.MappingCassandraConverter    : doWithProperties Property.type java.lang.String, Property.value Pool Test 1efbc461
2025-08-09T23:17:09.979-03:00 DEBUG 99081 --- [beauty-salon-backend] [pool-3-thread-4] [                                                 ] o.s.d.c.c.c.MappingCassandraConverter    : Adding map.entry [name] - [Pool Test 1efbc461]
2025-08-09T23:17:09.979-03:00 DEBUG 99081 --- [beauty-salon-backend] [pool-3-thread-4] [                                                 ] o.s.d.c.c.c.MappingCassandraConverter    : doWithProperties Property.type java.lang.String, Property.value pooltest1efbc461@phase2.com
2025-08-09T23:17:09.979-03:00 DEBUG 99081 --- [beauty-salon-backend] [pool-3-thread-4] [                                                 ] o.s.d.c.c.c.MappingCassandraConverter    : Adding map.entry [email] - [pooltest1efbc461@phase2.com]
2025-08-09T23:17:09.979-03:00 DEBUG 99081 --- [beauty-salon-backend] [pool-3-thread-4] [                                                 ] o.s.d.c.c.c.MappingCassandraConverter    : doWithProperties Property.type java.lang.String, Property.value 5550000040
2025-08-09T23:17:09.979-03:00 DEBUG 99081 --- [beauty-salon-backend] [pool-3-thread-4] [                                                 ] o.s.d.c.c.c.MappingCassandraConverter    : Adding map.entry [phone] - [5550000040]
2025-08-09T23:17:09.979-03:00 DEBUG 99081 --- [beauty-salon-backend] [pool-3-thread-4] [                                                 ] o.s.d.c.c.c.MappingCassandraConverter    : doWithProperties Property.type java.lang.String, Property.value Pool Address 1efbc461
2025-08-09T23:17:09.979-03:00 DEBUG 99081 --- [beauty-salon-backend] [pool-3-thread-4] [                                                 ] o.s.d.c.c.c.MappingCassandraConverter    : Adding map.entry [address] - [Pool Address 1efbc461]
2025-08-09T23:17:09.979-03:00 DEBUG 99081 --- [beauty-salon-backend] [pool-3-thread-4] [                                                 ] o.s.d.c.c.c.MappingCassandraConverter    : doWithProperties Property.type java.time.Instant, Property.value 2025-08-10T02:17:09.979662Z
2025-08-09T23:17:09.979-03:00 DEBUG 99081 --- [beauty-salon-backend] [pool-3-thread-4] [                                                 ] o.s.d.c.c.c.MappingCassandraConverter    : Adding map.entry [created_at] - [2025-08-10T02:17:09.979662Z]
2025-08-09T23:17:09.979-03:00 DEBUG 99081 --- [beauty-salon-backend] [pool-3-thread-4] [                                                 ] o.s.d.c.c.c.MappingCassandraConverter    : doWithProperties Property.type java.time.Instant, Property.value 2025-08-10T02:17:09.979662Z
2025-08-09T23:17:09.979-03:00 DEBUG 99081 --- [beauty-salon-backend] [pool-3-thread-4] [                                                 ] o.s.d.c.c.c.MappingCassandraConverter    : Adding map.entry [updated_at] - [2025-08-10T02:17:09.979662Z]
2025-08-09T23:17:09.980-03:00 DEBUG 99081 --- [beauty-salon-backend] [pool-3-thread-4] [                                                 ] o.s.data.cassandra.core.cql.CqlTemplate  : Preparing statement [INSERT INTO customers (id,name,email,phone,address,created_at,updated_at) VALUES (?,?,?,?,?,?,?)] using org.springframework.data.cassandra.core.CassandraTemplate$PreparedStatementHandler@410d3b91
2025-08-09T23:17:09.980-03:00 DEBUG 99081 --- [beauty-salon-backend] [pool-3-thread-4] [                                                 ] o.s.data.cassandra.core.cql.CqlTemplate  : Executing prepared statement [INSERT INTO customers (id,name,email,phone,address,created_at,updated_at) VALUES (?,?,?,?,?,?,?)]
2025-08-09T23:17:09.980-03:00 DEBUG 99081 --- [beauty-salon-backend] [pool-3-thread-1] [                                                 ] o.s.d.c.c.c.MappingCassandraConverter    : doWithProperties Property.type java.util.UUID, Property.value ddeff20d-a6ca-4bbb-aef4-638c6bc856c1
2025-08-09T23:17:09.980-03:00 DEBUG 99081 --- [beauty-salon-backend] [pool-3-thread-1] [                                                 ] o.s.d.c.c.c.MappingCassandraConverter    : Adding map.entry [id] - [ddeff20d-a6ca-4bbb-aef4-638c6bc856c1]
2025-08-09T23:17:09.980-03:00 DEBUG 99081 --- [beauty-salon-backend] [pool-3-thread-1] [                                                 ] o.s.d.c.c.c.MappingCassandraConverter    : doWithProperties Property.type java.lang.String, Property.value Pool Test 282981ff
2025-08-09T23:17:09.980-03:00 DEBUG 99081 --- [beauty-salon-backend] [pool-3-thread-1] [                                                 ] o.s.d.c.c.c.MappingCassandraConverter    : Adding map.entry [name] - [Pool Test 282981ff]
2025-08-09T23:17:09.980-03:00 DEBUG 99081 --- [beauty-salon-backend] [pool-3-thread-1] [                                                 ] o.s.d.c.c.c.MappingCassandraConverter    : doWithProperties Property.type java.lang.String, Property.value pooltest282981ff@phase2.com
2025-08-09T23:17:09.980-03:00 DEBUG 99081 --- [beauty-salon-backend] [pool-3-thread-1] [                                                 ] o.s.d.c.c.c.MappingCassandraConverter    : Adding map.entry [email] - [pooltest282981ff@phase2.com]
2025-08-09T23:17:09.980-03:00 DEBUG 99081 --- [beauty-salon-backend] [pool-3-thread-1] [                                                 ] o.s.d.c.c.c.MappingCassandraConverter    : doWithProperties Property.type java.lang.String, Property.value 5550000042
2025-08-09T23:17:09.980-03:00 DEBUG 99081 --- [beauty-salon-backend] [pool-3-thread-1] [                                                 ] o.s.d.c.c.c.MappingCassandraConverter    : Adding map.entry [phone] - [5550000042]
2025-08-09T23:17:09.980-03:00 DEBUG 99081 --- [beauty-salon-backend] [pool-3-thread-1] [                                                 ] o.s.d.c.c.c.MappingCassandraConverter    : doWithProperties Property.type java.lang.String, Property.value Pool Address 282981ff
2025-08-09T23:17:09.980-03:00 DEBUG 99081 --- [beauty-salon-backend] [pool-3-thread-1] [                                                 ] o.s.d.c.c.c.MappingCassandraConverter    : Adding map.entry [address] - [Pool Address 282981ff]
2025-08-09T23:17:09.980-03:00 DEBUG 99081 --- [beauty-salon-backend] [pool-3-thread-1] [                                                 ] o.s.d.c.c.c.MappingCassandraConverter    : doWithProperties Property.type java.time.Instant, Property.value 2025-08-10T02:17:09.980763Z
2025-08-09T23:17:09.981-03:00 DEBUG 99081 --- [beauty-salon-backend] [pool-3-thread-1] [                                                 ] o.s.d.c.c.c.MappingCassandraConverter    : Adding map.entry [created_at] - [2025-08-10T02:17:09.980763Z]
2025-08-09T23:17:09.981-03:00 DEBUG 99081 --- [beauty-salon-backend] [pool-3-thread-1] [                                                 ] o.s.d.c.c.c.MappingCassandraConverter    : doWithProperties Property.type java.time.Instant, Property.value 2025-08-10T02:17:09.980764Z
2025-08-09T23:17:09.981-03:00 DEBUG 99081 --- [beauty-salon-backend] [pool-3-thread-1] [                                                 ] o.s.d.c.c.c.MappingCassandraConverter    : Adding map.entry [updated_at] - [2025-08-10T02:17:09.980764Z]
2025-08-09T23:17:09.981-03:00 DEBUG 99081 --- [beauty-salon-backend] [pool-3-thread-1] [                                                 ] o.s.data.cassandra.core.cql.CqlTemplate  : Preparing statement [INSERT INTO customers (id,name,email,phone,address,created_at,updated_at) VALUES (?,?,?,?,?,?,?)] using org.springframework.data.cassandra.core.CassandraTemplate$PreparedStatementHandler@3ce7a6de
2025-08-09T23:17:09.981-03:00 DEBUG 99081 --- [beauty-salon-backend] [pool-3-thread-1] [                                                 ] o.s.data.cassandra.core.cql.CqlTemplate  : Executing prepared statement [INSERT INTO customers (id,name,email,phone,address,created_at,updated_at) VALUES (?,?,?,?,?,?,?)]
2025-08-09T23:17:09.981-03:00 DEBUG 99081 --- [beauty-salon-backend] [pool-3-thread-7] [                                                 ] o.s.data.cassandra.core.cql.CqlTemplate  : Preparing statement [SELECT * FROM customers] using org.springframework.data.cassandra.core.CassandraTemplate$PreparedStatementHandler@222f2215
2025-08-09T23:17:09.981-03:00 DEBUG 99081 --- [beauty-salon-backend] [pool-3-thread-7] [                                                 ] o.s.data.cassandra.core.cql.CqlTemplate  : Executing prepared statement [SELECT * FROM customers]
2025-08-09T23:17:09.982-03:00 DEBUG 99081 --- [beauty-salon-backend] [pool-3-thread-3] [                                                 ] o.s.d.c.c.c.MappingCassandraConverter    : doWithProperties Property.type java.util.UUID, Property.value e6ee36af-57b2-47b6-8de9-aa2593cc6abd
2025-08-09T23:17:09.982-03:00 DEBUG 99081 --- [beauty-salon-backend] [pool-3-thread-3] [                                                 ] o.s.d.c.c.c.MappingCassandraConverter    : Adding map.entry [id] - [e6ee36af-57b2-47b6-8de9-aa2593cc6abd]
2025-08-09T23:17:09.982-03:00 DEBUG 99081 --- [beauty-salon-backend] [pool-3-thread-3] [                                                 ] o.s.d.c.c.c.MappingCassandraConverter    : doWithProperties Property.type java.lang.String, Property.value Pool Test e7769c89
2025-08-09T23:17:09.982-03:00 DEBUG 99081 --- [beauty-salon-backend] [pool-3-thread-3] [                                                 ] o.s.d.c.c.c.MappingCassandraConverter    : Adding map.entry [name] - [Pool Test e7769c89]
2025-08-09T23:17:09.982-03:00 DEBUG 99081 --- [beauty-salon-backend] [pool-3-thread-3] [                                                 ] o.s.d.c.c.c.MappingCassandraConverter    : doWithProperties Property.type java.lang.String, Property.value poolteste7769c89@phase2.com
2025-08-09T23:17:09.982-03:00 DEBUG 99081 --- [beauty-salon-backend] [pool-3-thread-3] [                                                 ] o.s.d.c.c.c.MappingCassandraConverter    : Adding map.entry [email] - [poolteste7769c89@phase2.com]
2025-08-09T23:17:09.982-03:00 DEBUG 99081 --- [beauty-salon-backend] [pool-3-thread-3] [                                                 ] o.s.d.c.c.c.MappingCassandraConverter    : doWithProperties Property.type java.lang.String, Property.value 5550000044
2025-08-09T23:17:09.982-03:00 DEBUG 99081 --- [beauty-salon-backend] [pool-3-thread-3] [                                                 ] o.s.d.c.c.c.MappingCassandraConverter    : Adding map.entry [phone] - [5550000044]
2025-08-09T23:17:09.982-03:00 DEBUG 99081 --- [beauty-salon-backend] [pool-3-thread-3] [                                                 ] o.s.d.c.c.c.MappingCassandraConverter    : doWithProperties Property.type java.lang.String, Property.value Pool Address e7769c89
2025-08-09T23:17:09.982-03:00 DEBUG 99081 --- [beauty-salon-backend] [pool-3-thread-3] [                                                 ] o.s.d.c.c.c.MappingCassandraConverter    : Adding map.entry [address] - [Pool Address e7769c89]
2025-08-09T23:17:09.982-03:00 DEBUG 99081 --- [beauty-salon-backend] [pool-3-thread-3] [                                                 ] o.s.d.c.c.c.MappingCassandraConverter    : doWithProperties Property.type java.time.Instant, Property.value 2025-08-10T02:17:09.982445Z
2025-08-09T23:17:09.982-03:00 DEBUG 99081 --- [beauty-salon-backend] [pool-3-thread-3] [                                                 ] o.s.d.c.c.c.MappingCassandraConverter    : Adding map.entry [created_at] - [2025-08-10T02:17:09.982445Z]
2025-08-09T23:17:09.982-03:00 DEBUG 99081 --- [beauty-salon-backend] [pool-3-thread-3] [                                                 ] o.s.d.c.c.c.MappingCassandraConverter    : doWithProperties Property.type java.time.Instant, Property.value 2025-08-10T02:17:09.982445Z
2025-08-09T23:17:09.982-03:00 DEBUG 99081 --- [beauty-salon-backend] [pool-3-thread-3] [                                                 ] o.s.d.c.c.c.MappingCassandraConverter    : Adding map.entry [updated_at] - [2025-08-10T02:17:09.982445Z]
2025-08-09T23:17:09.982-03:00 DEBUG 99081 --- [beauty-salon-backend] [pool-3-thread-3] [                                                 ] o.s.data.cassandra.core.cql.CqlTemplate  : Preparing statement [INSERT INTO customers (id,name,email,phone,address,created_at,updated_at) VALUES (?,?,?,?,?,?,?)] using org.springframework.data.cassandra.core.CassandraTemplate$PreparedStatementHandler@774c5caf
2025-08-09T23:17:09.982-03:00 DEBUG 99081 --- [beauty-salon-backend] [pool-3-thread-3] [                                                 ] o.s.data.cassandra.core.cql.CqlTemplate  : Executing prepared statement [INSERT INTO customers (id,name,email,phone,address,created_at,updated_at) VALUES (?,?,?,?,?,?,?)]
2025-08-09T23:17:09.984-03:00 DEBUG 99081 --- [beauty-salon-backend] [pool-3-thread-6] [                                                 ] o.s.d.c.c.c.MappingCassandraConverter    : doWithProperties Property.type java.util.UUID, Property.value 7c08745f-dd5c-4ff7-b08d-6ba2475637c9
2025-08-09T23:17:09.984-03:00 DEBUG 99081 --- [beauty-salon-backend] [pool-3-thread-6] [                                                 ] o.s.d.c.c.c.MappingCassandraConverter    : Adding map.entry [id] - [7c08745f-dd5c-4ff7-b08d-6ba2475637c9]
2025-08-09T23:17:09.984-03:00 DEBUG 99081 --- [beauty-salon-backend] [pool-3-thread-6] [                                                 ] o.s.d.c.c.c.MappingCassandraConverter    : doWithProperties Property.type java.lang.String, Property.value Pool Test 9e66ed11
2025-08-09T23:17:09.984-03:00 DEBUG 99081 --- [beauty-salon-backend] [pool-3-thread-6] [                                                 ] o.s.d.c.c.c.MappingCassandraConverter    : Adding map.entry [name] - [Pool Test 9e66ed11]
2025-08-09T23:17:09.984-03:00 DEBUG 99081 --- [beauty-salon-backend] [pool-3-thread-6] [                                                 ] o.s.d.c.c.c.MappingCassandraConverter    : doWithProperties Property.type java.lang.String, Property.value pooltest9e66ed11@phase2.com
2025-08-09T23:17:09.984-03:00 DEBUG 99081 --- [beauty-salon-backend] [pool-3-thread-6] [                                                 ] o.s.d.c.c.c.MappingCassandraConverter    : Adding map.entry [email] - [pooltest9e66ed11@phase2.com]
2025-08-09T23:17:09.984-03:00 DEBUG 99081 --- [beauty-salon-backend] [pool-3-thread-6] [                                                 ] o.s.d.c.c.c.MappingCassandraConverter    : doWithProperties Property.type java.lang.String, Property.value 5550000046
2025-08-09T23:17:09.984-03:00 DEBUG 99081 --- [beauty-salon-backend] [pool-3-thread-6] [                                                 ] o.s.d.c.c.c.MappingCassandraConverter    : Adding map.entry [phone] - [5550000046]
2025-08-09T23:17:09.984-03:00 DEBUG 99081 --- [beauty-salon-backend] [pool-3-thread-6] [                                                 ] o.s.d.c.c.c.MappingCassandraConverter    : doWithProperties Property.type java.lang.String, Property.value Pool Address 9e66ed11
2025-08-09T23:17:09.984-03:00 DEBUG 99081 --- [beauty-salon-backend] [pool-3-thread-6] [                                                 ] o.s.d.c.c.c.MappingCassandraConverter    : Adding map.entry [address] - [Pool Address 9e66ed11]
2025-08-09T23:17:09.984-03:00 DEBUG 99081 --- [beauty-salon-backend] [pool-3-thread-6] [                                                 ] o.s.d.c.c.c.MappingCassandraConverter    : doWithProperties Property.type java.time.Instant, Property.value 2025-08-10T02:17:09.984232Z
2025-08-09T23:17:09.984-03:00 DEBUG 99081 --- [beauty-salon-backend] [pool-3-thread-6] [                                                 ] o.s.d.c.c.c.MappingCassandraConverter    : Adding map.entry [created_at] - [2025-08-10T02:17:09.984232Z]
2025-08-09T23:17:09.984-03:00 DEBUG 99081 --- [beauty-salon-backend] [pool-3-thread-6] [                                                 ] o.s.d.c.c.c.MappingCassandraConverter    : doWithProperties Property.type java.time.Instant, Property.value 2025-08-10T02:17:09.984232Z
2025-08-09T23:17:09.984-03:00 DEBUG 99081 --- [beauty-salon-backend] [pool-3-thread-6] [                                                 ] o.s.d.c.c.c.MappingCassandraConverter    : Adding map.entry [updated_at] - [2025-08-10T02:17:09.984232Z]
2025-08-09T23:17:09.984-03:00 DEBUG 99081 --- [beauty-salon-backend] [pool-3-thread-6] [                                                 ] o.s.data.cassandra.core.cql.CqlTemplate  : Preparing statement [INSERT INTO customers (id,name,email,phone,address,created_at,updated_at) VALUES (?,?,?,?,?,?,?)] using org.springframework.data.cassandra.core.CassandraTemplate$PreparedStatementHandler@77b837ff
2025-08-09T23:17:09.984-03:00 DEBUG 99081 --- [beauty-salon-backend] [pool-3-thread-6] [                                                 ] o.s.data.cassandra.core.cql.CqlTemplate  : Executing prepared statement [INSERT INTO customers (id,name,email,phone,address,created_at,updated_at) VALUES (?,?,?,?,?,?,?)]
2025-08-09T23:17:09.987-03:00 DEBUG 99081 --- [beauty-salon-backend] [pool-3-thread-8] [                                                 ] o.s.d.c.c.c.MappingCassandraConverter    : doWithProperties Property.type java.util.UUID, Property.value 80b2f87e-065d-45cd-88ac-f64331a4dc20
2025-08-09T23:17:09.987-03:00 DEBUG 99081 --- [beauty-salon-backend] [pool-3-thread-8] [                                                 ] o.s.d.c.c.c.MappingCassandraConverter    : Adding map.entry [id] - [80b2f87e-065d-45cd-88ac-f64331a4dc20]
2025-08-09T23:17:09.987-03:00 DEBUG 99081 --- [beauty-salon-backend] [pool-3-thread-8] [                                                 ] o.s.d.c.c.c.MappingCassandraConverter    : doWithProperties Property.type java.lang.String, Property.value Pool Test c9b61545
2025-08-09T23:17:09.987-03:00 DEBUG 99081 --- [beauty-salon-backend] [pool-3-thread-8] [                                                 ] o.s.d.c.c.c.MappingCassandraConverter    : Adding map.entry [name] - [Pool Test c9b61545]
2025-08-09T23:17:09.987-03:00 DEBUG 99081 --- [beauty-salon-backend] [pool-3-thread-8] [                                                 ] o.s.d.c.c.c.MappingCassandraConverter    : doWithProperties Property.type java.lang.String, Property.value pooltestc9b61545@phase2.com
2025-08-09T23:17:09.987-03:00 DEBUG 99081 --- [beauty-salon-backend] [pool-3-thread-8] [                                                 ] o.s.d.c.c.c.MappingCassandraConverter    : Adding map.entry [email] - [pooltestc9b61545@phase2.com]
2025-08-09T23:17:09.987-03:00 DEBUG 99081 --- [beauty-salon-backend] [pool-3-thread-8] [                                                 ] o.s.d.c.c.c.MappingCassandraConverter    : doWithProperties Property.type java.lang.String, Property.value 5550000048
2025-08-09T23:17:09.987-03:00 DEBUG 99081 --- [beauty-salon-backend] [pool-3-thread-8] [                                                 ] o.s.d.c.c.c.MappingCassandraConverter    : Adding map.entry [phone] - [5550000048]
2025-08-09T23:17:09.987-03:00 DEBUG 99081 --- [beauty-salon-backend] [pool-3-thread-8] [                                                 ] o.s.d.c.c.c.MappingCassandraConverter    : doWithProperties Property.type java.lang.String, Property.value Pool Address c9b61545
2025-08-09T23:17:09.987-03:00 DEBUG 99081 --- [beauty-salon-backend] [pool-3-thread-8] [                                                 ] o.s.d.c.c.c.MappingCassandraConverter    : Adding map.entry [address] - [Pool Address c9b61545]
2025-08-09T23:17:09.987-03:00 DEBUG 99081 --- [beauty-salon-backend] [pool-3-thread-8] [                                                 ] o.s.d.c.c.c.MappingCassandraConverter    : doWithProperties Property.type java.time.Instant, Property.value 2025-08-10T02:17:09.986982Z
2025-08-09T23:17:09.987-03:00 DEBUG 99081 --- [beauty-salon-backend] [pool-3-thread-8] [                                                 ] o.s.d.c.c.c.MappingCassandraConverter    : Adding map.entry [created_at] - [2025-08-10T02:17:09.986982Z]
2025-08-09T23:17:09.987-03:00 DEBUG 99081 --- [beauty-salon-backend] [pool-3-thread-8] [                                                 ] o.s.d.c.c.c.MappingCassandraConverter    : doWithProperties Property.type java.time.Instant, Property.value 2025-08-10T02:17:09.986983Z
2025-08-09T23:17:09.987-03:00 DEBUG 99081 --- [beauty-salon-backend] [pool-3-thread-8] [                                                 ] o.s.d.c.c.c.MappingCassandraConverter    : Adding map.entry [updated_at] - [2025-08-10T02:17:09.986983Z]
2025-08-09T23:17:09.987-03:00 DEBUG 99081 --- [beauty-salon-backend] [pool-3-thread-8] [                                                 ] o.s.data.cassandra.core.cql.CqlTemplate  : Preparing statement [INSERT INTO customers (id,name,email,phone,address,created_at,updated_at) VALUES (?,?,?,?,?,?,?)] using org.springframework.data.cassandra.core.CassandraTemplate$PreparedStatementHandler@7b2782d3
2025-08-09T23:17:09.987-03:00 DEBUG 99081 --- [beauty-salon-backend] [pool-3-thread-8] [                                                 ] o.s.data.cassandra.core.cql.CqlTemplate  : Executing prepared statement [INSERT INTO customers (id,name,email,phone,address,created_at,updated_at) VALUES (?,?,?,?,?,?,?)]
2025-08-09T23:17:09.988-03:00 DEBUG 99081 --- [beauty-salon-backend] [pool-3-thread-5] [                                                 ] o.s.data.cassandra.core.cql.CqlTemplate  : Preparing statement [SELECT * FROM customers] using org.springframework.data.cassandra.core.CassandraTemplate$PreparedStatementHandler@72778e57
2025-08-09T23:17:09.989-03:00 DEBUG 99081 --- [beauty-salon-backend] [pool-3-thread-5] [                                                 ] o.s.data.cassandra.core.cql.CqlTemplate  : Executing prepared statement [SELECT * FROM customers]
📊 CONNECTION POOL PERFORMANCE RESULTS:
✅ Success Rate: 100,00% (50/50)
🚀 Throughput: 877,19 req/s
⏱️  Average Response Time: 9,76 ms
⚡ Min Response Time: 0 ms
🔥 Max Response Time: 16 ms
⏰ Total Test Duration: 57 ms
🔗 Concurrency Level: 10 threads
✅ Connection Pool Performance Validation PASSED!
]]></system-out>
  </testcase>
</testsuite>