<?xml version="1.0" encoding="UTF-8"?>
<testsuite xmlns:xsi="http://www.w3.org/2001/XMLSchema-instance" xsi:noNamespaceSchemaLocation="https://maven.apache.org/surefire/maven-surefire-plugin/xsd/surefire-test-report.xsd" version="3.0.2" name="com.beautysalon.performance.Phase2ComparisonTest" time="10.572" tests="4" errors="2" skipped="0" failures="0">
  <properties>
    <property name="java.specification.version" value="24"/>
    <property name="sun.jnu.encoding" value="UTF-8"/>
    <property name="java.class.path" value="/Volumes/Dock/ai/ide/windsurf/beauty-salon-app/backend/target/test-classes:/Volumes/Dock/ai/ide/windsurf/beauty-salon-app/backend/target/classes:/Users/leandro.yamaniha/.m2/repository/org/springframework/boot/spring-boot-starter-web/4.0.0-M1/spring-boot-starter-web-4.0.0-M1.jar:/Users/leandro.yamaniha/.m2/repository/org/springframework/boot/spring-boot-starter-webmvc/4.0.0-M1/spring-boot-starter-webmvc-4.0.0-M1.jar:/Users/leandro.yamaniha/.m2/repository/org/springframework/boot/spring-boot-starter-json/4.0.0-M1/spring-boot-starter-json-4.0.0-M1.jar:/Users/leandro.yamaniha/.m2/repository/org/springframework/boot/spring-boot-starter-jackson/4.0.0-M1/spring-boot-starter-jackson-4.0.0-M1.jar:/Users/leandro.yamaniha/.m2/repository/org/springframework/boot/spring-boot-jackson/4.0.0-M1/spring-boot-jackson-4.0.0-M1.jar:/Users/leandro.yamaniha/.m2/repository/com/fasterxml/jackson/datatype/jackson-datatype-jdk8/2.19.2/jackson-datatype-jdk8-2.19.2.jar:/Users/leandro.yamaniha/.m2/repository/com/fasterxml/jackson/module/jackson-module-parameter-names/2.19.2/jackson-module-parameter-names-2.19.2.jar:/Users/leandro.yamaniha/.m2/repository/org/springframework/boot/spring-boot-starter-tomcat/4.0.0-M1/spring-boot-starter-tomcat-4.0.0-M1.jar:/Users/leandro.yamaniha/.m2/repository/org/springframework/boot/spring-boot-tomcat/4.0.0-M1/spring-boot-tomcat-4.0.0-M1.jar:/Users/leandro.yamaniha/.m2/repository/org/springframework/boot/spring-boot-web-server/4.0.0-M1/spring-boot-web-server-4.0.0-M1.jar:/Users/leandro.yamaniha/.m2/repository/org/apache/tomcat/embed/tomcat-embed-core/11.0.9/tomcat-embed-core-11.0.9.jar:/Users/leandro.yamaniha/.m2/repository/org/apache/tomcat/embed/tomcat-embed-websocket/11.0.9/tomcat-embed-websocket-11.0.9.jar:/Users/leandro.yamaniha/.m2/repository/org/springframework/boot/spring-boot-http-converter/4.0.0-M1/spring-boot-http-converter-4.0.0-M1.jar:/Users/leandro.yamaniha/.m2/repository/org/springframework/spring-web/7.0.0-M7/spring-web-7.0.0-M7.jar:/Users/leandro.yamaniha/.m2/repository/org/springframework/boot/spring-boot-webmvc/4.0.0-M1/spring-boot-webmvc-4.0.0-M1.jar:/Users/leandro.yamaniha/.m2/repository/org/springframework/boot/spring-boot-servlet/4.0.0-M1/spring-boot-servlet-4.0.0-M1.jar:/Users/leandro.yamaniha/.m2/repository/org/springframework/boot/spring-boot-starter-data-cassandra/4.0.0-M1/spring-boot-starter-data-cassandra-4.0.0-M1.jar:/Users/leandro.yamaniha/.m2/repository/org/springframework/boot/spring-boot-starter-cassandra/4.0.0-M1/spring-boot-starter-cassandra-4.0.0-M1.jar:/Users/leandro.yamaniha/.m2/repository/org/springframework/boot/spring-boot-cassandra/4.0.0-M1/spring-boot-cassandra-4.0.0-M1.jar:/Users/leandro.yamaniha/.m2/repository/org/apache/cassandra/java-driver-core/4.19.0/java-driver-core-4.19.0.jar:/Users/leandro.yamaniha/.m2/repository/com/datastax/oss/native-protocol/1.5.1/native-protocol-1.5.1.jar:/Users/leandro.yamaniha/.m2/repository/org/apache/cassandra/java-driver-guava-shaded/4.19.0/java-driver-guava-shaded-4.19.0.jar:/Users/leandro.yamaniha/.m2/repository/com/typesafe/config/1.4.1/config-1.4.1.jar:/Users/leandro.yamaniha/.m2/repository/org/reactivestreams/reactive-streams/1.0.4/reactive-streams-1.0.4.jar:/Users/leandro.yamaniha/.m2/repository/org/springframework/boot/spring-boot-data-cassandra/4.0.0-M1/spring-boot-data-cassandra-4.0.0-M1.jar:/Users/leandro.yamaniha/.m2/repository/org/springframework/boot/spring-boot-data-commons/4.0.0-M1/spring-boot-data-commons-4.0.0-M1.jar:/Users/leandro.yamaniha/.m2/repository/org/springframework/data/spring-data-commons/4.0.0-M4/spring-data-commons-4.0.0-M4.jar:/Users/leandro.yamaniha/.m2/repository/org/springframework/data/spring-data-cassandra/5.0.0-M4/spring-data-cassandra-5.0.0-M4.jar:/Users/leandro.yamaniha/.m2/repository/org/springframework/spring-beans/7.0.0-M7/spring-beans-7.0.0-M7.jar:/Users/leandro.yamaniha/.m2/repository/org/springframework/spring-expression/7.0.0-M7/spring-expression-7.0.0-M7.jar:/Users/leandro.yamaniha/.m2/repository/org/springframework/spring-tx/7.0.0-M7/spring-tx-7.0.0-M7.jar:/Users/leandro.yamaniha/.m2/repository/org/apache/cassandra/java-driver-query-builder/4.19.0/java-driver-query-builder-4.19.0.jar:/Users/leandro.yamaniha/.m2/repository/org/springframework/boot/spring-boot-starter-validation/4.0.0-M1/spring-boot-starter-validation-4.0.0-M1.jar:/Users/leandro.yamaniha/.m2/repository/org/springframework/boot/spring-boot-starter/4.0.0-M1/spring-boot-starter-4.0.0-M1.jar:/Users/leandro.yamaniha/.m2/repository/org/springframework/boot/spring-boot-starter-logging/4.0.0-M1/spring-boot-starter-logging-4.0.0-M1.jar:/Users/leandro.yamaniha/.m2/repository/org/springframework/boot/spring-boot-starter-logback/4.0.0-M1/spring-boot-starter-logback-4.0.0-M1.jar:/Users/leandro.yamaniha/.m2/repository/ch/qos/logback/logback-classic/1.5.18/logback-classic-1.5.18.jar:/Users/leandro.yamaniha/.m2/repository/ch/qos/logback/logback-core/1.5.18/logback-core-1.5.18.jar:/Users/leandro.yamaniha/.m2/repository/org/apache/logging/log4j/log4j-to-slf4j/2.24.3/log4j-to-slf4j-2.24.3.jar:/Users/leandro.yamaniha/.m2/repository/org/apache/logging/log4j/log4j-api/2.24.3/log4j-api-2.24.3.jar:/Users/leandro.yamaniha/.m2/repository/org/slf4j/jul-to-slf4j/2.0.17/jul-to-slf4j-2.0.17.jar:/Users/leandro.yamaniha/.m2/repository/jakarta/annotation/jakarta.annotation-api/3.0.0/jakarta.annotation-api-3.0.0.jar:/Users/leandro.yamaniha/.m2/repository/org/yaml/snakeyaml/2.4/snakeyaml-2.4.jar:/Users/leandro.yamaniha/.m2/repository/org/springframework/boot/spring-boot-validation/4.0.0-M1/spring-boot-validation-4.0.0-M1.jar:/Users/leandro.yamaniha/.m2/repository/org/apache/tomcat/embed/tomcat-embed-el/11.0.9/tomcat-embed-el-11.0.9.jar:/Users/leandro.yamaniha/.m2/repository/org/hibernate/validator/hibernate-validator/9.0.1.Final/hibernate-validator-9.0.1.Final.jar:/Users/leandro.yamaniha/.m2/repository/jakarta/validation/jakarta.validation-api/3.1.1/jakarta.validation-api-3.1.1.jar:/Users/leandro.yamaniha/.m2/repository/org/jboss/logging/jboss-logging/3.6.1.Final/jboss-logging-3.6.1.Final.jar:/Users/leandro.yamaniha/.m2/repository/com/fasterxml/classmate/1.7.0/classmate-1.7.0.jar:/Users/leandro.yamaniha/.m2/repository/org/springframework/boot/spring-boot-starter-cache/4.0.0-M1/spring-boot-starter-cache-4.0.0-M1.jar:/Users/leandro.yamaniha/.m2/repository/org/springframework/boot/spring-boot-cache/4.0.0-M1/spring-boot-cache-4.0.0-M1.jar:/Users/leandro.yamaniha/.m2/repository/org/springframework/spring-context-support/7.0.0-M7/spring-context-support-7.0.0-M7.jar:/Users/leandro.yamaniha/.m2/repository/org/springframework/boot/spring-boot-starter-actuator/4.0.0-M1/spring-boot-starter-actuator-4.0.0-M1.jar:/Users/leandro.yamaniha/.m2/repository/org/springframework/boot/spring-boot-actuator-autoconfigure/4.0.0-M1/spring-boot-actuator-autoconfigure-4.0.0-M1.jar:/Users/leandro.yamaniha/.m2/repository/org/springframework/boot/spring-boot-actuator/4.0.0-M1/spring-boot-actuator-4.0.0-M1.jar:/Users/leandro.yamaniha/.m2/repository/com/fasterxml/jackson/datatype/jackson-datatype-jsr310/2.19.2/jackson-datatype-jsr310-2.19.2.jar:/Users/leandro.yamaniha/.m2/repository/org/springframework/boot/spring-boot-health/4.0.0-M1/spring-boot-health-4.0.0-M1.jar:/Users/leandro.yamaniha/.m2/repository/org/springframework/boot/spring-boot-metrics/4.0.0-M1/spring-boot-metrics-4.0.0-M1.jar:/Users/leandro.yamaniha/.m2/repository/org/springframework/boot/spring-boot-observation/4.0.0-M1/spring-boot-observation-4.0.0-M1.jar:/Users/leandro.yamaniha/.m2/repository/io/micrometer/micrometer-core/1.16.0-M1/micrometer-core-1.16.0-M1.jar:/Users/leandro.yamaniha/.m2/repository/org/hdrhistogram/HdrHistogram/2.2.2/HdrHistogram-2.2.2.jar:/Users/leandro.yamaniha/.m2/repository/org/latencyutils/LatencyUtils/2.0.3/LatencyUtils-2.0.3.jar:/Users/leandro.yamaniha/.m2/repository/org/springframework/boot/spring-boot-tracing/4.0.0-M1/spring-boot-tracing-4.0.0-M1.jar:/Users/leandro.yamaniha/.m2/repository/io/micrometer/micrometer-tracing/1.6.0-M1/micrometer-tracing-1.6.0-M1.jar:/Users/leandro.yamaniha/.m2/repository/io/micrometer/context-propagation/1.1.3/context-propagation-1.1.3.jar:/Users/leandro.yamaniha/.m2/repository/io/micrometer/micrometer-observation/1.16.0-M1/micrometer-observation-1.16.0-M1.jar:/Users/leandro.yamaniha/.m2/repository/org/jspecify/jspecify/1.0.0/jspecify-1.0.0.jar:/Users/leandro.yamaniha/.m2/repository/io/micrometer/micrometer-commons/1.16.0-M1/micrometer-commons-1.16.0-M1.jar:/Users/leandro.yamaniha/.m2/repository/io/micrometer/micrometer-jakarta9/1.16.0-M1/micrometer-jakarta9-1.16.0-M1.jar:/Users/leandro.yamaniha/.m2/repository/org/springframework/boot/spring-boot-devtools/4.0.0-M1/spring-boot-devtools-4.0.0-M1.jar:/Users/leandro.yamaniha/.m2/repository/org/springframework/boot/spring-boot/4.0.0-M1/spring-boot-4.0.0-M1.jar:/Users/leandro.yamaniha/.m2/repository/org/springframework/spring-context/7.0.0-M7/spring-context-7.0.0-M7.jar:/Users/leandro.yamaniha/.m2/repository/org/springframework/spring-aop/7.0.0-M7/spring-aop-7.0.0-M7.jar:/Users/leandro.yamaniha/.m2/repository/org/springframework/boot/spring-boot-autoconfigure/4.0.0-M1/spring-boot-autoconfigure-4.0.0-M1.jar:/Users/leandro.yamaniha/.m2/repository/org/springframework/boot/spring-boot-starter-test/4.0.0-M1/spring-boot-starter-test-4.0.0-M1.jar:/Users/leandro.yamaniha/.m2/repository/org/springframework/boot/spring-boot-restclient-test/4.0.0-M1/spring-boot-restclient-test-4.0.0-M1.jar:/Users/leandro.yamaniha/.m2/repository/org/springframework/boot/spring-boot-test-autoconfigure/4.0.0-M1/spring-boot-test-autoconfigure-4.0.0-M1.jar:/Users/leandro.yamaniha/.m2/repository/org/springframework/boot/spring-boot-web-server-test/4.0.0-M1/spring-boot-web-server-test-4.0.0-M1.jar:/Users/leandro.yamaniha/.m2/repository/com/jayway/jsonpath/json-path/2.9.0/json-path-2.9.0.jar:/Users/leandro.yamaniha/.m2/repository/jakarta/xml/bind/jakarta.xml.bind-api/4.0.2/jakarta.xml.bind-api-4.0.2.jar:/Users/leandro.yamaniha/.m2/repository/jakarta/activation/jakarta.activation-api/2.1.3/jakarta.activation-api-2.1.3.jar:/Users/leandro.yamaniha/.m2/repository/net/minidev/json-smart/2.5.2/json-smart-2.5.2.jar:/Users/leandro.yamaniha/.m2/repository/net/minidev/accessors-smart/2.5.2/accessors-smart-2.5.2.jar:/Users/leandro.yamaniha/.m2/repository/org/ow2/asm/asm/9.7.1/asm-9.7.1.jar:/Users/leandro.yamaniha/.m2/repository/org/assertj/assertj-core/3.27.3/assertj-core-3.27.3.jar:/Users/leandro.yamaniha/.m2/repository/net/bytebuddy/byte-buddy/1.17.6/byte-buddy-1.17.6.jar:/Users/leandro.yamaniha/.m2/repository/org/awaitility/awaitility/4.3.0/awaitility-4.3.0.jar:/Users/leandro.yamaniha/.m2/repository/org/hamcrest/hamcrest/3.0/hamcrest-3.0.jar:/Users/leandro.yamaniha/.m2/repository/org/junit/jupiter/junit-jupiter/5.13.4/junit-jupiter-5.13.4.jar:/Users/leandro.yamaniha/.m2/repository/org/junit/jupiter/junit-jupiter-api/5.13.4/junit-jupiter-api-5.13.4.jar:/Users/leandro.yamaniha/.m2/repository/org/junit/jupiter/junit-jupiter-params/5.13.4/junit-jupiter-params-5.13.4.jar:/Users/leandro.yamaniha/.m2/repository/org/junit/jupiter/junit-jupiter-engine/5.13.4/junit-jupiter-engine-5.13.4.jar:/Users/leandro.yamaniha/.m2/repository/org/mockito/mockito-core/5.18.0/mockito-core-5.18.0.jar:/Users/leandro.yamaniha/.m2/repository/net/bytebuddy/byte-buddy-agent/1.17.6/byte-buddy-agent-1.17.6.jar:/Users/leandro.yamaniha/.m2/repository/org/objenesis/objenesis/3.3/objenesis-3.3.jar:/Users/leandro.yamaniha/.m2/repository/org/mockito/mockito-junit-jupiter/5.18.0/mockito-junit-jupiter-5.18.0.jar:/Users/leandro.yamaniha/.m2/repository/org/skyscreamer/jsonassert/1.5.3/jsonassert-1.5.3.jar:/Users/leandro.yamaniha/.m2/repository/com/vaadin/external/google/android-json/0.0.20131108.vaadin1/android-json-0.0.20131108.vaadin1.jar:/Users/leandro.yamaniha/.m2/repository/org/springframework/spring-core/7.0.0-M7/spring-core-7.0.0-M7.jar:/Users/leandro.yamaniha/.m2/repository/commons-logging/commons-logging/1.3.5/commons-logging-1.3.5.jar:/Users/leandro.yamaniha/.m2/repository/org/springframework/spring-test/7.0.0-M7/spring-test-7.0.0-M7.jar:/Users/leandro.yamaniha/.m2/repository/org/xmlunit/xmlunit-core/2.10.3/xmlunit-core-2.10.3.jar:/Users/leandro.yamaniha/.m2/repository/org/springframework/boot/spring-boot-test/4.0.0-M1/spring-boot-test-4.0.0-M1.jar:/Users/leandro.yamaniha/.m2/repository/com/fasterxml/jackson/core/jackson-databind/2.19.2/jackson-databind-2.19.2.jar:/Users/leandro.yamaniha/.m2/repository/com/fasterxml/jackson/core/jackson-annotations/2.19.2/jackson-annotations-2.19.2.jar:/Users/leandro.yamaniha/.m2/repository/com/fasterxml/jackson/core/jackson-core/2.19.2/jackson-core-2.19.2.jar:/Users/leandro.yamaniha/.m2/repository/org/springdoc/springdoc-openapi-starter-webmvc-ui/2.2.0/springdoc-openapi-starter-webmvc-ui-2.2.0.jar:/Users/leandro.yamaniha/.m2/repository/org/springdoc/springdoc-openapi-starter-webmvc-api/2.2.0/springdoc-openapi-starter-webmvc-api-2.2.0.jar:/Users/leandro.yamaniha/.m2/repository/org/springdoc/springdoc-openapi-starter-common/2.2.0/springdoc-openapi-starter-common-2.2.0.jar:/Users/leandro.yamaniha/.m2/repository/io/swagger/core/v3/swagger-core-jakarta/2.2.15/swagger-core-jakarta-2.2.15.jar:/Users/leandro.yamaniha/.m2/repository/org/apache/commons/commons-lang3/3.18.0/commons-lang3-3.18.0.jar:/Users/leandro.yamaniha/.m2/repository/io/swagger/core/v3/swagger-annotations-jakarta/2.2.15/swagger-annotations-jakarta-2.2.15.jar:/Users/leandro.yamaniha/.m2/repository/io/swagger/core/v3/swagger-models-jakarta/2.2.15/swagger-models-jakarta-2.2.15.jar:/Users/leandro.yamaniha/.m2/repository/com/fasterxml/jackson/dataformat/jackson-dataformat-yaml/2.19.2/jackson-dataformat-yaml-2.19.2.jar:/Users/leandro.yamaniha/.m2/repository/org/springframework/spring-webmvc/7.0.0-M7/spring-webmvc-7.0.0-M7.jar:/Users/leandro.yamaniha/.m2/repository/org/webjars/swagger-ui/5.2.0/swagger-ui-5.2.0.jar:/Users/leandro.yamaniha/.m2/repository/io/cucumber/cucumber-java/7.18.0/cucumber-java-7.18.0.jar:/Users/leandro.yamaniha/.m2/repository/io/cucumber/cucumber-core/7.18.0/cucumber-core-7.18.0.jar:/Users/leandro.yamaniha/.m2/repository/io/cucumber/cucumber-gherkin/7.18.0/cucumber-gherkin-7.18.0.jar:/Users/leandro.yamaniha/.m2/repository/io/cucumber/cucumber-gherkin-messages/7.18.0/cucumber-gherkin-messages-7.18.0.jar:/Users/leandro.yamaniha/.m2/repository/io/cucumber/gherkin/28.0.0/gherkin-28.0.0.jar:/Users/leandro.yamaniha/.m2/repository/io/cucumber/messages/24.1.0/messages-24.1.0.jar:/Users/leandro.yamaniha/.m2/repository/io/cucumber/testng-xml-formatter/0.1.0/testng-xml-formatter-0.1.0.jar:/Users/leandro.yamaniha/.m2/repository/io/cucumber/query/12.2.0/query-12.2.0.jar:/Users/leandro.yamaniha/.m2/repository/io/cucumber/tag-expressions/6.1.0/tag-expressions-6.1.0.jar:/Users/leandro.yamaniha/.m2/repository/io/cucumber/cucumber-expressions/17.1.0/cucumber-expressions-17.1.0.jar:/Users/leandro.yamaniha/.m2/repository/io/cucumber/datatable/7.18.0/datatable-7.18.0.jar:/Users/leandro.yamaniha/.m2/repository/io/cucumber/cucumber-plugin/7.18.0/cucumber-plugin-7.18.0.jar:/Users/leandro.yamaniha/.m2/repository/io/cucumber/docstring/7.18.0/docstring-7.18.0.jar:/Users/leandro.yamaniha/.m2/repository/io/cucumber/html-formatter/21.3.1/html-formatter-21.3.1.jar:/Users/leandro.yamaniha/.m2/repository/io/cucumber/junit-xml-formatter/0.4.0/junit-xml-formatter-0.4.0.jar:/Users/leandro.yamaniha/.m2/repository/io/cucumber/ci-environment/10.0.1/ci-environment-10.0.1.jar:/Users/leandro.yamaniha/.m2/repository/org/apiguardian/apiguardian-api/1.1.2/apiguardian-api-1.1.2.jar:/Users/leandro.yamaniha/.m2/repository/io/cucumber/cucumber-spring/7.18.0/cucumber-spring-7.18.0.jar:/Users/leandro.yamaniha/.m2/repository/io/cucumber/cucumber-junit-platform-engine/7.18.0/cucumber-junit-platform-engine-7.18.0.jar:/Users/leandro.yamaniha/.m2/repository/org/junit/platform/junit-platform-engine/1.13.4/junit-platform-engine-1.13.4.jar:/Users/leandro.yamaniha/.m2/repository/org/opentest4j/opentest4j/1.3.0/opentest4j-1.3.0.jar:/Users/leandro.yamaniha/.m2/repository/org/junit/platform/junit-platform-commons/1.13.4/junit-platform-commons-1.13.4.jar:/Users/leandro.yamaniha/.m2/repository/org/testcontainers/testcontainers/1.19.8/testcontainers-1.19.8.jar:/Users/leandro.yamaniha/.m2/repository/junit/junit/4.13.2/junit-4.13.2.jar:/Users/leandro.yamaniha/.m2/repository/org/hamcrest/hamcrest-core/3.0/hamcrest-core-3.0.jar:/Users/leandro.yamaniha/.m2/repository/org/slf4j/slf4j-api/2.0.17/slf4j-api-2.0.17.jar:/Users/leandro.yamaniha/.m2/repository/org/apache/commons/commons-compress/1.24.0/commons-compress-1.24.0.jar:/Users/leandro.yamaniha/.m2/repository/org/rnorth/duct-tape/duct-tape/1.0.8/duct-tape-1.0.8.jar:/Users/leandro.yamaniha/.m2/repository/org/jetbrains/annotations/17.0.0/annotations-17.0.0.jar:/Users/leandro.yamaniha/.m2/repository/com/github/docker-java/docker-java-api/3.3.6/docker-java-api-3.3.6.jar:/Users/leandro.yamaniha/.m2/repository/com/github/docker-java/docker-java-transport-zerodep/3.3.6/docker-java-transport-zerodep-3.3.6.jar:/Users/leandro.yamaniha/.m2/repository/com/github/docker-java/docker-java-transport/3.3.6/docker-java-transport-3.3.6.jar:/Users/leandro.yamaniha/.m2/repository/net/java/dev/jna/jna/5.13.0/jna-5.13.0.jar:/Users/leandro.yamaniha/.m2/repository/org/testcontainers/junit-jupiter/1.19.8/junit-jupiter-1.19.8.jar:/Users/leandro.yamaniha/.m2/repository/org/testcontainers/cassandra/1.19.8/cassandra-1.19.8.jar:/Users/leandro.yamaniha/.m2/repository/org/testcontainers/database-commons/1.21.3/database-commons-1.21.3.jar:/Users/leandro.yamaniha/.m2/repository/com/datastax/cassandra/cassandra-driver-core/3.10.0/cassandra-driver-core-3.10.0.jar:/Users/leandro.yamaniha/.m2/repository/io/netty/netty-handler/4.2.3.Final/netty-handler-4.2.3.Final.jar:/Users/leandro.yamaniha/.m2/repository/io/netty/netty-common/4.2.3.Final/netty-common-4.2.3.Final.jar:/Users/leandro.yamaniha/.m2/repository/io/netty/netty-resolver/4.2.3.Final/netty-resolver-4.2.3.Final.jar:/Users/leandro.yamaniha/.m2/repository/io/netty/netty-buffer/4.2.3.Final/netty-buffer-4.2.3.Final.jar:/Users/leandro.yamaniha/.m2/repository/io/netty/netty-transport/4.2.3.Final/netty-transport-4.2.3.Final.jar:/Users/leandro.yamaniha/.m2/repository/io/netty/netty-transport-native-unix-common/4.2.3.Final/netty-transport-native-unix-common-4.2.3.Final.jar:/Users/leandro.yamaniha/.m2/repository/io/netty/netty-codec-base/4.2.3.Final/netty-codec-base-4.2.3.Final.jar:/Users/leandro.yamaniha/.m2/repository/com/google/guava/guava/19.0/guava-19.0.jar:/Users/leandro.yamaniha/.m2/repository/io/dropwizard/metrics/metrics-core/3.2.2/metrics-core-3.2.2.jar:/Users/leandro.yamaniha/.m2/repository/com/github/jnr/jnr-ffi/2.1.7/jnr-ffi-2.1.7.jar:/Users/leandro.yamaniha/.m2/repository/com/github/jnr/jffi/1.2.16/jffi-1.2.16.jar:/Users/leandro.yamaniha/.m2/repository/com/github/jnr/jffi/1.2.16/jffi-1.2.16-native.jar:/Users/leandro.yamaniha/.m2/repository/org/ow2/asm/asm-commons/5.0.3/asm-commons-5.0.3.jar:/Users/leandro.yamaniha/.m2/repository/org/ow2/asm/asm-analysis/5.0.3/asm-analysis-5.0.3.jar:/Users/leandro.yamaniha/.m2/repository/org/ow2/asm/asm-tree/5.0.3/asm-tree-5.0.3.jar:/Users/leandro.yamaniha/.m2/repository/org/ow2/asm/asm-util/5.0.3/asm-util-5.0.3.jar:/Users/leandro.yamaniha/.m2/repository/com/github/jnr/jnr-x86asm/1.0.2/jnr-x86asm-1.0.2.jar:/Users/leandro.yamaniha/.m2/repository/com/github/jnr/jnr-posix/3.0.44/jnr-posix-3.0.44.jar:/Users/leandro.yamaniha/.m2/repository/com/github/jnr/jnr-constants/0.9.9/jnr-constants-0.9.9.jar:/Users/leandro.yamaniha/.m2/repository/org/junit/platform/junit-platform-suite/1.13.4/junit-platform-suite-1.13.4.jar:/Users/leandro.yamaniha/.m2/repository/org/junit/platform/junit-platform-suite-api/1.13.4/junit-platform-suite-api-1.13.4.jar:/Users/leandro.yamaniha/.m2/repository/org/junit/platform/junit-platform-suite-engine/1.13.4/junit-platform-suite-engine-1.13.4.jar:/Users/leandro.yamaniha/.m2/repository/org/junit/platform/junit-platform-suite-commons/1.13.4/junit-platform-suite-commons-1.13.4.jar:/Users/leandro.yamaniha/.m2/repository/org/junit/platform/junit-platform-launcher/1.13.4/junit-platform-launcher-1.13.4.jar:"/>
    <property name="java.vm.vendor" value="Oracle Corporation"/>
    <property name="sun.arch.data.model" value="64"/>
    <property name="java.vendor.url" value="https://java.oracle.com/"/>
    <property name="user.timezone" value="America/Sao_Paulo"/>
    <property name="org.jboss.logging.provider" value="slf4j"/>
    <property name="os.name" value="Mac OS X"/>
    <property name="java.vm.specification.version" value="24"/>
    <property name="APPLICATION_NAME" value="beauty-salon-backend"/>
    <property name="sun.java.launcher" value="SUN_STANDARD"/>
    <property name="user.country" value="BR"/>
    <property name="sun.boot.library.path" value="/Users/leandro.yamaniha/.sdkman/candidates/java/24.0.1-open/lib"/>
    <property name="sun.java.command" value="/Volumes/Dock/ai/ide/windsurf/beauty-salon-app/backend/target/surefire/surefirebooter-20250809231445284_3.jar /Volumes/Dock/ai/ide/windsurf/beauty-salon-app/backend/target/surefire 2025-08-09T23-14-45_254-jvmRun1 surefire-20250809231445284_1tmp surefire_0-20250809231445284_2tmp"/>
    <property name="http.nonProxyHosts" value="local|*.local|169.254/16|*.169.254/16"/>
    <property name="jdk.debug" value="release"/>
    <property name="test" value="Phase2ComparisonTest"/>
    <property name="surefire.test.class.path" value="/Volumes/Dock/ai/ide/windsurf/beauty-salon-app/backend/target/test-classes:/Volumes/Dock/ai/ide/windsurf/beauty-salon-app/backend/target/classes:/Users/leandro.yamaniha/.m2/repository/org/springframework/boot/spring-boot-starter-web/4.0.0-M1/spring-boot-starter-web-4.0.0-M1.jar:/Users/leandro.yamaniha/.m2/repository/org/springframework/boot/spring-boot-starter-webmvc/4.0.0-M1/spring-boot-starter-webmvc-4.0.0-M1.jar:/Users/leandro.yamaniha/.m2/repository/org/springframework/boot/spring-boot-starter-json/4.0.0-M1/spring-boot-starter-json-4.0.0-M1.jar:/Users/leandro.yamaniha/.m2/repository/org/springframework/boot/spring-boot-starter-jackson/4.0.0-M1/spring-boot-starter-jackson-4.0.0-M1.jar:/Users/leandro.yamaniha/.m2/repository/org/springframework/boot/spring-boot-jackson/4.0.0-M1/spring-boot-jackson-4.0.0-M1.jar:/Users/leandro.yamaniha/.m2/repository/com/fasterxml/jackson/datatype/jackson-datatype-jdk8/2.19.2/jackson-datatype-jdk8-2.19.2.jar:/Users/leandro.yamaniha/.m2/repository/com/fasterxml/jackson/module/jackson-module-parameter-names/2.19.2/jackson-module-parameter-names-2.19.2.jar:/Users/leandro.yamaniha/.m2/repository/org/springframework/boot/spring-boot-starter-tomcat/4.0.0-M1/spring-boot-starter-tomcat-4.0.0-M1.jar:/Users/leandro.yamaniha/.m2/repository/org/springframework/boot/spring-boot-tomcat/4.0.0-M1/spring-boot-tomcat-4.0.0-M1.jar:/Users/leandro.yamaniha/.m2/repository/org/springframework/boot/spring-boot-web-server/4.0.0-M1/spring-boot-web-server-4.0.0-M1.jar:/Users/leandro.yamaniha/.m2/repository/org/apache/tomcat/embed/tomcat-embed-core/11.0.9/tomcat-embed-core-11.0.9.jar:/Users/leandro.yamaniha/.m2/repository/org/apache/tomcat/embed/tomcat-embed-websocket/11.0.9/tomcat-embed-websocket-11.0.9.jar:/Users/leandro.yamaniha/.m2/repository/org/springframework/boot/spring-boot-http-converter/4.0.0-M1/spring-boot-http-converter-4.0.0-M1.jar:/Users/leandro.yamaniha/.m2/repository/org/springframework/spring-web/7.0.0-M7/spring-web-7.0.0-M7.jar:/Users/leandro.yamaniha/.m2/repository/org/springframework/boot/spring-boot-webmvc/4.0.0-M1/spring-boot-webmvc-4.0.0-M1.jar:/Users/leandro.yamaniha/.m2/repository/org/springframework/boot/spring-boot-servlet/4.0.0-M1/spring-boot-servlet-4.0.0-M1.jar:/Users/leandro.yamaniha/.m2/repository/org/springframework/boot/spring-boot-starter-data-cassandra/4.0.0-M1/spring-boot-starter-data-cassandra-4.0.0-M1.jar:/Users/leandro.yamaniha/.m2/repository/org/springframework/boot/spring-boot-starter-cassandra/4.0.0-M1/spring-boot-starter-cassandra-4.0.0-M1.jar:/Users/leandro.yamaniha/.m2/repository/org/springframework/boot/spring-boot-cassandra/4.0.0-M1/spring-boot-cassandra-4.0.0-M1.jar:/Users/leandro.yamaniha/.m2/repository/org/apache/cassandra/java-driver-core/4.19.0/java-driver-core-4.19.0.jar:/Users/leandro.yamaniha/.m2/repository/com/datastax/oss/native-protocol/1.5.1/native-protocol-1.5.1.jar:/Users/leandro.yamaniha/.m2/repository/org/apache/cassandra/java-driver-guava-shaded/4.19.0/java-driver-guava-shaded-4.19.0.jar:/Users/leandro.yamaniha/.m2/repository/com/typesafe/config/1.4.1/config-1.4.1.jar:/Users/leandro.yamaniha/.m2/repository/org/reactivestreams/reactive-streams/1.0.4/reactive-streams-1.0.4.jar:/Users/leandro.yamaniha/.m2/repository/org/springframework/boot/spring-boot-data-cassandra/4.0.0-M1/spring-boot-data-cassandra-4.0.0-M1.jar:/Users/leandro.yamaniha/.m2/repository/org/springframework/boot/spring-boot-data-commons/4.0.0-M1/spring-boot-data-commons-4.0.0-M1.jar:/Users/leandro.yamaniha/.m2/repository/org/springframework/data/spring-data-commons/4.0.0-M4/spring-data-commons-4.0.0-M4.jar:/Users/leandro.yamaniha/.m2/repository/org/springframework/data/spring-data-cassandra/5.0.0-M4/spring-data-cassandra-5.0.0-M4.jar:/Users/leandro.yamaniha/.m2/repository/org/springframework/spring-beans/7.0.0-M7/spring-beans-7.0.0-M7.jar:/Users/leandro.yamaniha/.m2/repository/org/springframework/spring-expression/7.0.0-M7/spring-expression-7.0.0-M7.jar:/Users/leandro.yamaniha/.m2/repository/org/springframework/spring-tx/7.0.0-M7/spring-tx-7.0.0-M7.jar:/Users/leandro.yamaniha/.m2/repository/org/apache/cassandra/java-driver-query-builder/4.19.0/java-driver-query-builder-4.19.0.jar:/Users/leandro.yamaniha/.m2/repository/org/springframework/boot/spring-boot-starter-validation/4.0.0-M1/spring-boot-starter-validation-4.0.0-M1.jar:/Users/leandro.yamaniha/.m2/repository/org/springframework/boot/spring-boot-starter/4.0.0-M1/spring-boot-starter-4.0.0-M1.jar:/Users/leandro.yamaniha/.m2/repository/org/springframework/boot/spring-boot-starter-logging/4.0.0-M1/spring-boot-starter-logging-4.0.0-M1.jar:/Users/leandro.yamaniha/.m2/repository/org/springframework/boot/spring-boot-starter-logback/4.0.0-M1/spring-boot-starter-logback-4.0.0-M1.jar:/Users/leandro.yamaniha/.m2/repository/ch/qos/logback/logback-classic/1.5.18/logback-classic-1.5.18.jar:/Users/leandro.yamaniha/.m2/repository/ch/qos/logback/logback-core/1.5.18/logback-core-1.5.18.jar:/Users/leandro.yamaniha/.m2/repository/org/apache/logging/log4j/log4j-to-slf4j/2.24.3/log4j-to-slf4j-2.24.3.jar:/Users/leandro.yamaniha/.m2/repository/org/apache/logging/log4j/log4j-api/2.24.3/log4j-api-2.24.3.jar:/Users/leandro.yamaniha/.m2/repository/org/slf4j/jul-to-slf4j/2.0.17/jul-to-slf4j-2.0.17.jar:/Users/leandro.yamaniha/.m2/repository/jakarta/annotation/jakarta.annotation-api/3.0.0/jakarta.annotation-api-3.0.0.jar:/Users/leandro.yamaniha/.m2/repository/org/yaml/snakeyaml/2.4/snakeyaml-2.4.jar:/Users/leandro.yamaniha/.m2/repository/org/springframework/boot/spring-boot-validation/4.0.0-M1/spring-boot-validation-4.0.0-M1.jar:/Users/leandro.yamaniha/.m2/repository/org/apache/tomcat/embed/tomcat-embed-el/11.0.9/tomcat-embed-el-11.0.9.jar:/Users/leandro.yamaniha/.m2/repository/org/hibernate/validator/hibernate-validator/9.0.1.Final/hibernate-validator-9.0.1.Final.jar:/Users/leandro.yamaniha/.m2/repository/jakarta/validation/jakarta.validation-api/3.1.1/jakarta.validation-api-3.1.1.jar:/Users/leandro.yamaniha/.m2/repository/org/jboss/logging/jboss-logging/3.6.1.Final/jboss-logging-3.6.1.Final.jar:/Users/leandro.yamaniha/.m2/repository/com/fasterxml/classmate/1.7.0/classmate-1.7.0.jar:/Users/leandro.yamaniha/.m2/repository/org/springframework/boot/spring-boot-starter-cache/4.0.0-M1/spring-boot-starter-cache-4.0.0-M1.jar:/Users/leandro.yamaniha/.m2/repository/org/springframework/boot/spring-boot-cache/4.0.0-M1/spring-boot-cache-4.0.0-M1.jar:/Users/leandro.yamaniha/.m2/repository/org/springframework/spring-context-support/7.0.0-M7/spring-context-support-7.0.0-M7.jar:/Users/leandro.yamaniha/.m2/repository/org/springframework/boot/spring-boot-starter-actuator/4.0.0-M1/spring-boot-starter-actuator-4.0.0-M1.jar:/Users/leandro.yamaniha/.m2/repository/org/springframework/boot/spring-boot-actuator-autoconfigure/4.0.0-M1/spring-boot-actuator-autoconfigure-4.0.0-M1.jar:/Users/leandro.yamaniha/.m2/repository/org/springframework/boot/spring-boot-actuator/4.0.0-M1/spring-boot-actuator-4.0.0-M1.jar:/Users/leandro.yamaniha/.m2/repository/com/fasterxml/jackson/datatype/jackson-datatype-jsr310/2.19.2/jackson-datatype-jsr310-2.19.2.jar:/Users/leandro.yamaniha/.m2/repository/org/springframework/boot/spring-boot-health/4.0.0-M1/spring-boot-health-4.0.0-M1.jar:/Users/leandro.yamaniha/.m2/repository/org/springframework/boot/spring-boot-metrics/4.0.0-M1/spring-boot-metrics-4.0.0-M1.jar:/Users/leandro.yamaniha/.m2/repository/org/springframework/boot/spring-boot-observation/4.0.0-M1/spring-boot-observation-4.0.0-M1.jar:/Users/leandro.yamaniha/.m2/repository/io/micrometer/micrometer-core/1.16.0-M1/micrometer-core-1.16.0-M1.jar:/Users/leandro.yamaniha/.m2/repository/org/hdrhistogram/HdrHistogram/2.2.2/HdrHistogram-2.2.2.jar:/Users/leandro.yamaniha/.m2/repository/org/latencyutils/LatencyUtils/2.0.3/LatencyUtils-2.0.3.jar:/Users/leandro.yamaniha/.m2/repository/org/springframework/boot/spring-boot-tracing/4.0.0-M1/spring-boot-tracing-4.0.0-M1.jar:/Users/leandro.yamaniha/.m2/repository/io/micrometer/micrometer-tracing/1.6.0-M1/micrometer-tracing-1.6.0-M1.jar:/Users/leandro.yamaniha/.m2/repository/io/micrometer/context-propagation/1.1.3/context-propagation-1.1.3.jar:/Users/leandro.yamaniha/.m2/repository/io/micrometer/micrometer-observation/1.16.0-M1/micrometer-observation-1.16.0-M1.jar:/Users/leandro.yamaniha/.m2/repository/org/jspecify/jspecify/1.0.0/jspecify-1.0.0.jar:/Users/leandro.yamaniha/.m2/repository/io/micrometer/micrometer-commons/1.16.0-M1/micrometer-commons-1.16.0-M1.jar:/Users/leandro.yamaniha/.m2/repository/io/micrometer/micrometer-jakarta9/1.16.0-M1/micrometer-jakarta9-1.16.0-M1.jar:/Users/leandro.yamaniha/.m2/repository/org/springframework/boot/spring-boot-devtools/4.0.0-M1/spring-boot-devtools-4.0.0-M1.jar:/Users/leandro.yamaniha/.m2/repository/org/springframework/boot/spring-boot/4.0.0-M1/spring-boot-4.0.0-M1.jar:/Users/leandro.yamaniha/.m2/repository/org/springframework/spring-context/7.0.0-M7/spring-context-7.0.0-M7.jar:/Users/leandro.yamaniha/.m2/repository/org/springframework/spring-aop/7.0.0-M7/spring-aop-7.0.0-M7.jar:/Users/leandro.yamaniha/.m2/repository/org/springframework/boot/spring-boot-autoconfigure/4.0.0-M1/spring-boot-autoconfigure-4.0.0-M1.jar:/Users/leandro.yamaniha/.m2/repository/org/springframework/boot/spring-boot-starter-test/4.0.0-M1/spring-boot-starter-test-4.0.0-M1.jar:/Users/leandro.yamaniha/.m2/repository/org/springframework/boot/spring-boot-restclient-test/4.0.0-M1/spring-boot-restclient-test-4.0.0-M1.jar:/Users/leandro.yamaniha/.m2/repository/org/springframework/boot/spring-boot-test-autoconfigure/4.0.0-M1/spring-boot-test-autoconfigure-4.0.0-M1.jar:/Users/leandro.yamaniha/.m2/repository/org/springframework/boot/spring-boot-web-server-test/4.0.0-M1/spring-boot-web-server-test-4.0.0-M1.jar:/Users/leandro.yamaniha/.m2/repository/com/jayway/jsonpath/json-path/2.9.0/json-path-2.9.0.jar:/Users/leandro.yamaniha/.m2/repository/jakarta/xml/bind/jakarta.xml.bind-api/4.0.2/jakarta.xml.bind-api-4.0.2.jar:/Users/leandro.yamaniha/.m2/repository/jakarta/activation/jakarta.activation-api/2.1.3/jakarta.activation-api-2.1.3.jar:/Users/leandro.yamaniha/.m2/repository/net/minidev/json-smart/2.5.2/json-smart-2.5.2.jar:/Users/leandro.yamaniha/.m2/repository/net/minidev/accessors-smart/2.5.2/accessors-smart-2.5.2.jar:/Users/leandro.yamaniha/.m2/repository/org/ow2/asm/asm/9.7.1/asm-9.7.1.jar:/Users/leandro.yamaniha/.m2/repository/org/assertj/assertj-core/3.27.3/assertj-core-3.27.3.jar:/Users/leandro.yamaniha/.m2/repository/net/bytebuddy/byte-buddy/1.17.6/byte-buddy-1.17.6.jar:/Users/leandro.yamaniha/.m2/repository/org/awaitility/awaitility/4.3.0/awaitility-4.3.0.jar:/Users/leandro.yamaniha/.m2/repository/org/hamcrest/hamcrest/3.0/hamcrest-3.0.jar:/Users/leandro.yamaniha/.m2/repository/org/junit/jupiter/junit-jupiter/5.13.4/junit-jupiter-5.13.4.jar:/Users/leandro.yamaniha/.m2/repository/org/junit/jupiter/junit-jupiter-api/5.13.4/junit-jupiter-api-5.13.4.jar:/Users/leandro.yamaniha/.m2/repository/org/junit/jupiter/junit-jupiter-params/5.13.4/junit-jupiter-params-5.13.4.jar:/Users/leandro.yamaniha/.m2/repository/org/junit/jupiter/junit-jupiter-engine/5.13.4/junit-jupiter-engine-5.13.4.jar:/Users/leandro.yamaniha/.m2/repository/org/mockito/mockito-core/5.18.0/mockito-core-5.18.0.jar:/Users/leandro.yamaniha/.m2/repository/net/bytebuddy/byte-buddy-agent/1.17.6/byte-buddy-agent-1.17.6.jar:/Users/leandro.yamaniha/.m2/repository/org/objenesis/objenesis/3.3/objenesis-3.3.jar:/Users/leandro.yamaniha/.m2/repository/org/mockito/mockito-junit-jupiter/5.18.0/mockito-junit-jupiter-5.18.0.jar:/Users/leandro.yamaniha/.m2/repository/org/skyscreamer/jsonassert/1.5.3/jsonassert-1.5.3.jar:/Users/leandro.yamaniha/.m2/repository/com/vaadin/external/google/android-json/0.0.20131108.vaadin1/android-json-0.0.20131108.vaadin1.jar:/Users/leandro.yamaniha/.m2/repository/org/springframework/spring-core/7.0.0-M7/spring-core-7.0.0-M7.jar:/Users/leandro.yamaniha/.m2/repository/commons-logging/commons-logging/1.3.5/commons-logging-1.3.5.jar:/Users/leandro.yamaniha/.m2/repository/org/springframework/spring-test/7.0.0-M7/spring-test-7.0.0-M7.jar:/Users/leandro.yamaniha/.m2/repository/org/xmlunit/xmlunit-core/2.10.3/xmlunit-core-2.10.3.jar:/Users/leandro.yamaniha/.m2/repository/org/springframework/boot/spring-boot-test/4.0.0-M1/spring-boot-test-4.0.0-M1.jar:/Users/leandro.yamaniha/.m2/repository/com/fasterxml/jackson/core/jackson-databind/2.19.2/jackson-databind-2.19.2.jar:/Users/leandro.yamaniha/.m2/repository/com/fasterxml/jackson/core/jackson-annotations/2.19.2/jackson-annotations-2.19.2.jar:/Users/leandro.yamaniha/.m2/repository/com/fasterxml/jackson/core/jackson-core/2.19.2/jackson-core-2.19.2.jar:/Users/leandro.yamaniha/.m2/repository/org/springdoc/springdoc-openapi-starter-webmvc-ui/2.2.0/springdoc-openapi-starter-webmvc-ui-2.2.0.jar:/Users/leandro.yamaniha/.m2/repository/org/springdoc/springdoc-openapi-starter-webmvc-api/2.2.0/springdoc-openapi-starter-webmvc-api-2.2.0.jar:/Users/leandro.yamaniha/.m2/repository/org/springdoc/springdoc-openapi-starter-common/2.2.0/springdoc-openapi-starter-common-2.2.0.jar:/Users/leandro.yamaniha/.m2/repository/io/swagger/core/v3/swagger-core-jakarta/2.2.15/swagger-core-jakarta-2.2.15.jar:/Users/leandro.yamaniha/.m2/repository/org/apache/commons/commons-lang3/3.18.0/commons-lang3-3.18.0.jar:/Users/leandro.yamaniha/.m2/repository/io/swagger/core/v3/swagger-annotations-jakarta/2.2.15/swagger-annotations-jakarta-2.2.15.jar:/Users/leandro.yamaniha/.m2/repository/io/swagger/core/v3/swagger-models-jakarta/2.2.15/swagger-models-jakarta-2.2.15.jar:/Users/leandro.yamaniha/.m2/repository/com/fasterxml/jackson/dataformat/jackson-dataformat-yaml/2.19.2/jackson-dataformat-yaml-2.19.2.jar:/Users/leandro.yamaniha/.m2/repository/org/springframework/spring-webmvc/7.0.0-M7/spring-webmvc-7.0.0-M7.jar:/Users/leandro.yamaniha/.m2/repository/org/webjars/swagger-ui/5.2.0/swagger-ui-5.2.0.jar:/Users/leandro.yamaniha/.m2/repository/io/cucumber/cucumber-java/7.18.0/cucumber-java-7.18.0.jar:/Users/leandro.yamaniha/.m2/repository/io/cucumber/cucumber-core/7.18.0/cucumber-core-7.18.0.jar:/Users/leandro.yamaniha/.m2/repository/io/cucumber/cucumber-gherkin/7.18.0/cucumber-gherkin-7.18.0.jar:/Users/leandro.yamaniha/.m2/repository/io/cucumber/cucumber-gherkin-messages/7.18.0/cucumber-gherkin-messages-7.18.0.jar:/Users/leandro.yamaniha/.m2/repository/io/cucumber/gherkin/28.0.0/gherkin-28.0.0.jar:/Users/leandro.yamaniha/.m2/repository/io/cucumber/messages/24.1.0/messages-24.1.0.jar:/Users/leandro.yamaniha/.m2/repository/io/cucumber/testng-xml-formatter/0.1.0/testng-xml-formatter-0.1.0.jar:/Users/leandro.yamaniha/.m2/repository/io/cucumber/query/12.2.0/query-12.2.0.jar:/Users/leandro.yamaniha/.m2/repository/io/cucumber/tag-expressions/6.1.0/tag-expressions-6.1.0.jar:/Users/leandro.yamaniha/.m2/repository/io/cucumber/cucumber-expressions/17.1.0/cucumber-expressions-17.1.0.jar:/Users/leandro.yamaniha/.m2/repository/io/cucumber/datatable/7.18.0/datatable-7.18.0.jar:/Users/leandro.yamaniha/.m2/repository/io/cucumber/cucumber-plugin/7.18.0/cucumber-plugin-7.18.0.jar:/Users/leandro.yamaniha/.m2/repository/io/cucumber/docstring/7.18.0/docstring-7.18.0.jar:/Users/leandro.yamaniha/.m2/repository/io/cucumber/html-formatter/21.3.1/html-formatter-21.3.1.jar:/Users/leandro.yamaniha/.m2/repository/io/cucumber/junit-xml-formatter/0.4.0/junit-xml-formatter-0.4.0.jar:/Users/leandro.yamaniha/.m2/repository/io/cucumber/ci-environment/10.0.1/ci-environment-10.0.1.jar:/Users/leandro.yamaniha/.m2/repository/org/apiguardian/apiguardian-api/1.1.2/apiguardian-api-1.1.2.jar:/Users/leandro.yamaniha/.m2/repository/io/cucumber/cucumber-spring/7.18.0/cucumber-spring-7.18.0.jar:/Users/leandro.yamaniha/.m2/repository/io/cucumber/cucumber-junit-platform-engine/7.18.0/cucumber-junit-platform-engine-7.18.0.jar:/Users/leandro.yamaniha/.m2/repository/org/junit/platform/junit-platform-engine/1.13.4/junit-platform-engine-1.13.4.jar:/Users/leandro.yamaniha/.m2/repository/org/opentest4j/opentest4j/1.3.0/opentest4j-1.3.0.jar:/Users/leandro.yamaniha/.m2/repository/org/junit/platform/junit-platform-commons/1.13.4/junit-platform-commons-1.13.4.jar:/Users/leandro.yamaniha/.m2/repository/org/testcontainers/testcontainers/1.19.8/testcontainers-1.19.8.jar:/Users/leandro.yamaniha/.m2/repository/junit/junit/4.13.2/junit-4.13.2.jar:/Users/leandro.yamaniha/.m2/repository/org/hamcrest/hamcrest-core/3.0/hamcrest-core-3.0.jar:/Users/leandro.yamaniha/.m2/repository/org/slf4j/slf4j-api/2.0.17/slf4j-api-2.0.17.jar:/Users/leandro.yamaniha/.m2/repository/org/apache/commons/commons-compress/1.24.0/commons-compress-1.24.0.jar:/Users/leandro.yamaniha/.m2/repository/org/rnorth/duct-tape/duct-tape/1.0.8/duct-tape-1.0.8.jar:/Users/leandro.yamaniha/.m2/repository/org/jetbrains/annotations/17.0.0/annotations-17.0.0.jar:/Users/leandro.yamaniha/.m2/repository/com/github/docker-java/docker-java-api/3.3.6/docker-java-api-3.3.6.jar:/Users/leandro.yamaniha/.m2/repository/com/github/docker-java/docker-java-transport-zerodep/3.3.6/docker-java-transport-zerodep-3.3.6.jar:/Users/leandro.yamaniha/.m2/repository/com/github/docker-java/docker-java-transport/3.3.6/docker-java-transport-3.3.6.jar:/Users/leandro.yamaniha/.m2/repository/net/java/dev/jna/jna/5.13.0/jna-5.13.0.jar:/Users/leandro.yamaniha/.m2/repository/org/testcontainers/junit-jupiter/1.19.8/junit-jupiter-1.19.8.jar:/Users/leandro.yamaniha/.m2/repository/org/testcontainers/cassandra/1.19.8/cassandra-1.19.8.jar:/Users/leandro.yamaniha/.m2/repository/org/testcontainers/database-commons/1.21.3/database-commons-1.21.3.jar:/Users/leandro.yamaniha/.m2/repository/com/datastax/cassandra/cassandra-driver-core/3.10.0/cassandra-driver-core-3.10.0.jar:/Users/leandro.yamaniha/.m2/repository/io/netty/netty-handler/4.2.3.Final/netty-handler-4.2.3.Final.jar:/Users/leandro.yamaniha/.m2/repository/io/netty/netty-common/4.2.3.Final/netty-common-4.2.3.Final.jar:/Users/leandro.yamaniha/.m2/repository/io/netty/netty-resolver/4.2.3.Final/netty-resolver-4.2.3.Final.jar:/Users/leandro.yamaniha/.m2/repository/io/netty/netty-buffer/4.2.3.Final/netty-buffer-4.2.3.Final.jar:/Users/leandro.yamaniha/.m2/repository/io/netty/netty-transport/4.2.3.Final/netty-transport-4.2.3.Final.jar:/Users/leandro.yamaniha/.m2/repository/io/netty/netty-transport-native-unix-common/4.2.3.Final/netty-transport-native-unix-common-4.2.3.Final.jar:/Users/leandro.yamaniha/.m2/repository/io/netty/netty-codec-base/4.2.3.Final/netty-codec-base-4.2.3.Final.jar:/Users/leandro.yamaniha/.m2/repository/com/google/guava/guava/19.0/guava-19.0.jar:/Users/leandro.yamaniha/.m2/repository/io/dropwizard/metrics/metrics-core/3.2.2/metrics-core-3.2.2.jar:/Users/leandro.yamaniha/.m2/repository/com/github/jnr/jnr-ffi/2.1.7/jnr-ffi-2.1.7.jar:/Users/leandro.yamaniha/.m2/repository/com/github/jnr/jffi/1.2.16/jffi-1.2.16.jar:/Users/leandro.yamaniha/.m2/repository/com/github/jnr/jffi/1.2.16/jffi-1.2.16-native.jar:/Users/leandro.yamaniha/.m2/repository/org/ow2/asm/asm-commons/5.0.3/asm-commons-5.0.3.jar:/Users/leandro.yamaniha/.m2/repository/org/ow2/asm/asm-analysis/5.0.3/asm-analysis-5.0.3.jar:/Users/leandro.yamaniha/.m2/repository/org/ow2/asm/asm-tree/5.0.3/asm-tree-5.0.3.jar:/Users/leandro.yamaniha/.m2/repository/org/ow2/asm/asm-util/5.0.3/asm-util-5.0.3.jar:/Users/leandro.yamaniha/.m2/repository/com/github/jnr/jnr-x86asm/1.0.2/jnr-x86asm-1.0.2.jar:/Users/leandro.yamaniha/.m2/repository/com/github/jnr/jnr-posix/3.0.44/jnr-posix-3.0.44.jar:/Users/leandro.yamaniha/.m2/repository/com/github/jnr/jnr-constants/0.9.9/jnr-constants-0.9.9.jar:/Users/leandro.yamaniha/.m2/repository/org/junit/platform/junit-platform-suite/1.13.4/junit-platform-suite-1.13.4.jar:/Users/leandro.yamaniha/.m2/repository/org/junit/platform/junit-platform-suite-api/1.13.4/junit-platform-suite-api-1.13.4.jar:/Users/leandro.yamaniha/.m2/repository/org/junit/platform/junit-platform-suite-engine/1.13.4/junit-platform-suite-engine-1.13.4.jar:/Users/leandro.yamaniha/.m2/repository/org/junit/platform/junit-platform-suite-commons/1.13.4/junit-platform-suite-commons-1.13.4.jar:/Users/leandro.yamaniha/.m2/repository/org/junit/platform/junit-platform-launcher/1.13.4/junit-platform-launcher-1.13.4.jar:"/>
    <property name="sun.cpu.endian" value="little"/>
    <property name="user.home" value="/Users/leandro.yamaniha"/>
    <property name="user.language" value="pt"/>
    <property name="java.specification.vendor" value="Oracle Corporation"/>
    <property name="java.version.date" value="2025-04-15"/>
    <property name="java.home" value="/Users/leandro.yamaniha/.sdkman/candidates/java/24.0.1-open"/>
    <property name="spring.profiles.active" value="test"/>
    <property name="file.separator" value="/"/>
    <property name="basedir" value="/Volumes/Dock/ai/ide/windsurf/beauty-salon-app/backend"/>
    <property name="java.vm.compressedOopsMode" value="Zero based"/>
    <property name="line.separator" value="&#10;"/>
    <property name="java.vm.specification.vendor" value="Oracle Corporation"/>
    <property name="java.specification.name" value="Java Platform API Specification"/>
    <property name="FILE_LOG_CHARSET" value="UTF-8"/>
    <property name="java.awt.headless" value="true"/>
    <property name="apple.awt.application.name" value="ForkedBooter"/>
    <property name="surefire.real.class.path" value="/Volumes/Dock/ai/ide/windsurf/beauty-salon-app/backend/target/surefire/surefirebooter-20250809231445284_3.jar"/>
    <property name="sun.management.compiler" value="HotSpot 64-Bit Tiered Compilers"/>
    <property name="ftp.nonProxyHosts" value="local|*.local|169.254/16|*.169.254/16"/>
    <property name="java.runtime.version" value="24.0.1+9-30"/>
    <property name="LOG_CORRELATION_PATTERN" value="%correlationId"/>
    <property name="user.name" value="leandro.yamaniha"/>
    <property name="stdout.encoding" value="UTF-8"/>
    <property name="path.separator" value=":"/>
    <property name="os.version" value="15.6"/>
    <property name="java.runtime.name" value="OpenJDK Runtime Environment"/>
    <property name="file.encoding" value="UTF-8"/>
    <property name="java.vm.name" value="OpenJDK 64-Bit Server VM"/>
    <property name="localRepository" value="/Users/leandro.yamaniha/.m2/repository"/>
    <property name="java.vendor.url.bug" value="https://bugreport.java.com/bugreport/"/>
    <property name="java.io.tmpdir" value="/var/folders/bq/3lwdr43j0434bbxzc_qyn5rw0000gn/T/"/>
    <property name="java.version" value="24.0.1"/>
    <property name="user.dir" value="/Volumes/Dock/ai/ide/windsurf/beauty-salon-app/backend"/>
    <property name="os.arch" value="aarch64"/>
    <property name="java.vm.specification.name" value="Java Virtual Machine Specification"/>
    <property name="PID" value="98192"/>
    <property name="CONSOLE_LOG_CHARSET" value="UTF-8"/>
    <property name="native.encoding" value="UTF-8"/>
    <property name="java.library.path" value="/Users/leandro.yamaniha/Library/Java/Extensions:/Library/Java/Extensions:/Network/Library/Java/Extensions:/System/Library/Java/Extensions:/usr/lib/java:."/>
    <property name="java.vm.info" value="mixed mode, sharing"/>
    <property name="stderr.encoding" value="UTF-8"/>
    <property name="java.vendor" value="Oracle Corporation"/>
    <property name="java.vm.version" value="24.0.1+9-30"/>
    <property name="sun.io.unicode.encoding" value="UnicodeBig"/>
    <property name="socksNonProxyHosts" value="local|*.local|169.254/16|*.169.254/16"/>
    <property name="java.class.version" value="68.0"/>
    <property name="LOGGED_APPLICATION_NAME" value="[beauty-salon-backend] "/>
  </properties>
  <testcase name="testOverallPhase2Performance" classname="com.beautysalon.performance.Phase2ComparisonTest" time="0.785">
    <error message="Request processing failed: org.springframework.data.cassandra.CassandraInvalidQueryException: Query; CQL [SELECT * FROM customers WHERE name LIKE ? ALLOW FILTERING]; LIKE restriction is only supported on properly indexed columns. name LIKE ? is not valid." type="jakarta.servlet.ServletException"><![CDATA[jakarta.servlet.ServletException: Request processing failed: org.springframework.data.cassandra.CassandraInvalidQueryException: Query; CQL [SELECT * FROM customers WHERE name LIKE ? ALLOW FILTERING]; LIKE restriction is only supported on properly indexed columns. name LIKE ? is not valid.
	at org.springframework.web.servlet.FrameworkServlet.processRequest(FrameworkServlet.java:1011)
	at org.springframework.web.servlet.FrameworkServlet.doGet(FrameworkServlet.java:892)
	at jakarta.servlet.http.HttpServlet.service(HttpServlet.java:622)
	at org.springframework.web.servlet.FrameworkServlet.service(FrameworkServlet.java:874)
	at org.springframework.test.web.servlet.TestDispatcherServlet.service(TestDispatcherServlet.java:72)
	at jakarta.servlet.http.HttpServlet.service(HttpServlet.java:710)
	at org.springframework.mock.web.MockFilterChain$ServletFilterProxy.doFilter(MockFilterChain.java:160)
	at org.springframework.mock.web.MockFilterChain.doFilter(MockFilterChain.java:127)
	at org.springframework.web.filter.RequestContextFilter.doFilterInternal(RequestContextFilter.java:100)
	at org.springframework.web.filter.OncePerRequestFilter.doFilter(OncePerRequestFilter.java:116)
	at org.springframework.test.web.servlet.setup.MockMvcFilterDecorator.doFilter(MockMvcFilterDecorator.java:160)
	at org.springframework.mock.web.MockFilterChain.doFilter(MockFilterChain.java:127)
	at org.springframework.web.filter.FormContentFilter.doFilterInternal(FormContentFilter.java:93)
	at org.springframework.web.filter.OncePerRequestFilter.doFilter(OncePerRequestFilter.java:116)
	at org.springframework.test.web.servlet.setup.MockMvcFilterDecorator.doFilter(MockMvcFilterDecorator.java:160)
	at org.springframework.mock.web.MockFilterChain.doFilter(MockFilterChain.java:127)
	at org.springframework.web.filter.ServerHttpObservationFilter.doFilterInternal(ServerHttpObservationFilter.java:110)
	at org.springframework.web.filter.OncePerRequestFilter.doFilter(OncePerRequestFilter.java:116)
	at org.springframework.test.web.servlet.setup.MockMvcFilterDecorator.doFilter(MockMvcFilterDecorator.java:160)
	at org.springframework.mock.web.MockFilterChain.doFilter(MockFilterChain.java:127)
	at org.springframework.web.filter.CharacterEncodingFilter.doFilterInternal(CharacterEncodingFilter.java:199)
	at org.springframework.web.filter.OncePerRequestFilter.doFilter(OncePerRequestFilter.java:116)
	at org.springframework.test.web.servlet.setup.MockMvcFilterDecorator.doFilter(MockMvcFilterDecorator.java:160)
	at org.springframework.mock.web.MockFilterChain.doFilter(MockFilterChain.java:127)
	at org.springframework.test.web.servlet.MockMvc.perform(MockMvc.java:199)
	at com.beautysalon.performance.Phase2ComparisonTest.testOverallPhase2Performance(Phase2ComparisonTest.java:286)
	at java.base/java.lang.reflect.Method.invoke(Method.java:565)
	at java.base/java.util.ArrayList.forEach(ArrayList.java:1604)
	at java.base/java.util.ArrayList.forEach(ArrayList.java:1604)
Caused by: org.springframework.data.cassandra.CassandraInvalidQueryException: Query; CQL [SELECT * FROM customers WHERE name LIKE ? ALLOW FILTERING]; LIKE restriction is only supported on properly indexed columns. name LIKE ? is not valid.
	at org.springframework.data.cassandra.core.cql.CassandraExceptionTranslator.translate(CassandraExceptionTranslator.java:125)
	at org.springframework.data.cassandra.core.cql.CassandraAccessor.translate(CassandraAccessor.java:421)
	at org.springframework.data.cassandra.core.cql.CqlTemplate.translateException(CqlTemplate.java:544)
	at org.springframework.data.cassandra.core.cql.CqlTemplate.query(CqlTemplate.java:408)
	at org.springframework.data.cassandra.core.cql.CqlTemplate.query(CqlTemplate.java:421)
	at org.springframework.data.cassandra.core.CassandraTemplate.doQuery(CassandraTemplate.java:885)
	at org.springframework.data.cassandra.core.CassandraTemplate.doSelect(CassandraTemplate.java:368)
	at org.springframework.data.cassandra.core.CassandraTemplate.select(CassandraTemplate.java:357)
	at org.springframework.data.cassandra.repository.query.CassandraQueryExecution$CollectionExecution.execute(CassandraQueryExecution.java:168)
	at org.springframework.data.cassandra.repository.query.CassandraQueryExecution$ResultProcessingExecution.execute(CassandraQueryExecution.java:323)
	at org.springframework.data.cassandra.repository.query.AbstractCassandraQuery.execute(AbstractCassandraQuery.java:78)
	at org.springframework.data.repository.core.support.RepositoryMethodInvoker.doInvoke(RepositoryMethodInvoker.java:169)
	at org.springframework.data.repository.core.support.RepositoryMethodInvoker.invoke(RepositoryMethodInvoker.java:158)
	at org.springframework.data.repository.core.support.QueryExecutorMethodInterceptor.doInvoke(QueryExecutorMethodInterceptor.java:167)
	at org.springframework.data.repository.core.support.QueryExecutorMethodInterceptor.invoke(QueryExecutorMethodInterceptor.java:146)
	at org.springframework.aop.framework.ReflectiveMethodInvocation.proceed(ReflectiveMethodInvocation.java:179)
	at org.springframework.data.projection.DefaultMethodInvokingMethodInterceptor.invoke(DefaultMethodInvokingMethodInterceptor.java:69)
	at org.springframework.aop.framework.ReflectiveMethodInvocation.proceed(ReflectiveMethodInvocation.java:179)
	at org.springframework.aop.framework.JdkDynamicAopProxy.invoke(JdkDynamicAopProxy.java:222)
	at jdk.proxy2/jdk.proxy2.$Proxy134.findByNameContaining(Unknown Source)
	at com.beautysalon.service.CustomerService.searchCustomersByName(CustomerService.java:39)
	at java.base/jdk.internal.reflect.DirectMethodHandleAccessor.invoke(DirectMethodHandleAccessor.java:104)
	at java.base/java.lang.reflect.Method.invoke(Method.java:565)
	at org.springframework.aop.support.AopUtils.invokeJoinpointUsingReflection(AopUtils.java:359)
	at org.springframework.aop.framework.ReflectiveMethodInvocation.invokeJoinpoint(ReflectiveMethodInvocation.java:190)
	at org.springframework.aop.framework.ReflectiveMethodInvocation.proceed(ReflectiveMethodInvocation.java:158)
	at org.springframework.cache.interceptor.CacheInterceptor.lambda$invoke$0(CacheInterceptor.java:54)
	at org.springframework.cache.interceptor.CacheAspectSupport.invokeOperation(CacheAspectSupport.java:423)
	at org.springframework.cache.interceptor.CacheAspectSupport.evaluate(CacheAspectSupport.java:588)
	at org.springframework.cache.interceptor.CacheAspectSupport.execute(CacheAspectSupport.java:439)
	at org.springframework.cache.interceptor.CacheAspectSupport.execute(CacheAspectSupport.java:403)
	at org.springframework.cache.interceptor.CacheInterceptor.invoke(CacheInterceptor.java:64)
	at org.springframework.aop.framework.ReflectiveMethodInvocation.proceed(ReflectiveMethodInvocation.java:179)
	at org.springframework.aop.framework.CglibAopProxy$DynamicAdvisedInterceptor.intercept(CglibAopProxy.java:719)
	at com.beautysalon.service.CustomerService$$SpringCGLIB$$0.searchCustomersByName(<generated>)
	at com.beautysalon.controller.CustomerController.searchCustomers(CustomerController.java:45)
	at java.base/jdk.internal.reflect.DirectMethodHandleAccessor.invoke(DirectMethodHandleAccessor.java:104)
	at java.base/java.lang.reflect.Method.invoke(Method.java:565)
	at org.springframework.web.method.support.InvocableHandlerMethod.doInvoke(InvocableHandlerMethod.java:256)
	at org.springframework.web.method.support.InvocableHandlerMethod.invokeForRequest(InvocableHandlerMethod.java:188)
	at org.springframework.web.servlet.mvc.method.annotation.ServletInvocableHandlerMethod.invokeAndHandle(ServletInvocableHandlerMethod.java:117)
	at org.springframework.web.servlet.mvc.method.annotation.RequestMappingHandlerAdapter.invokeHandlerMethod(RequestMappingHandlerAdapter.java:933)
	at org.springframework.web.servlet.mvc.method.annotation.RequestMappingHandlerAdapter.handleInternal(RequestMappingHandlerAdapter.java:852)
	at org.springframework.web.servlet.mvc.method.AbstractHandlerMethodAdapter.handle(AbstractHandlerMethodAdapter.java:86)
	at org.springframework.web.servlet.DispatcherServlet.doDispatch(DispatcherServlet.java:963)
	at org.springframework.web.servlet.DispatcherServlet.doService(DispatcherServlet.java:866)
	at org.springframework.web.servlet.FrameworkServlet.processRequest(FrameworkServlet.java:1003)
	... 28 more
Caused by: com.datastax.oss.driver.api.core.servererrors.InvalidQueryException: LIKE restriction is only supported on properly indexed columns. name LIKE ? is not valid.
	at com.datastax.oss.driver.api.core.servererrors.InvalidQueryException.copy(InvalidQueryException.java:50)
	at com.datastax.oss.driver.internal.core.util.concurrent.CompletableFutures.getUninterruptibly(CompletableFutures.java:154)
	at com.datastax.oss.driver.internal.core.cql.CqlPrepareSyncProcessor.process(CqlPrepareSyncProcessor.java:61)
	at com.datastax.oss.driver.internal.core.cql.CqlPrepareSyncProcessor.process(CqlPrepareSyncProcessor.java:33)
	at com.datastax.oss.driver.internal.core.session.DefaultSession.execute(DefaultSession.java:234)
	at com.datastax.oss.driver.api.core.cql.SyncCqlSession.prepare(SyncCqlSession.java:226)
	at java.base/jdk.internal.reflect.DirectMethodHandleAccessor.invoke(DirectMethodHandleAccessor.java:104)
	at java.base/java.lang.reflect.Method.invoke(Method.java:565)
	at org.springframework.aop.support.AopUtils.invokeJoinpointUsingReflection(AopUtils.java:359)
	at org.springframework.aop.framework.JdkDynamicAopProxy.invoke(JdkDynamicAopProxy.java:215)
	at jdk.proxy2/jdk.proxy2.$Proxy111.prepare(Unknown Source)
	at org.springframework.data.cassandra.core.CassandraTemplate$PreparedStatementHandler.createPreparedStatement(CassandraTemplate.java:1054)
	at org.springframework.data.cassandra.core.cql.CqlTemplate.query(CqlTemplate.java:393)
	... 71 more
]]></error>
    <system-out><![CDATA[23:14:45.948 [main] INFO org.springframework.test.context.support.AnnotationConfigContextLoaderUtils -- Could not detect default configuration classes for test class [com.beautysalon.performance.Phase2ComparisonTest]: Phase2ComparisonTest does not declare any static, non-private, non-final, nested classes annotated with @Configuration.
23:14:46.021 [main] INFO org.springframework.boot.test.context.SpringBootTestContextBootstrapper -- Found @SpringBootConfiguration com.beautysalon.BeautySalonApplication for test class com.beautysalon.performance.Phase2ComparisonTest
23:14:46.108 [main] INFO org.testcontainers.images.PullPolicy -- Image pull policy will be performed by: DefaultPullPolicy()
23:14:46.109 [main] INFO org.testcontainers.utility.ImageNameSubstitutor -- Image name substitution will be performed by: DefaultImageNameSubstitutor (composite of 'ConfigurationFileImageNameSubstitutor' and 'PrefixingImageNameSubstitutor')
23:14:46.310 [main] INFO org.testcontainers.dockerclient.DockerClientProviderStrategy -- Loaded org.testcontainers.dockerclient.UnixSocketClientProviderStrategy from ~/.testcontainers.properties, will try it first
23:14:46.505 [main] INFO org.testcontainers.dockerclient.DockerClientProviderStrategy -- Found Docker environment with local Unix socket (unix:///var/run/docker.sock)
23:14:46.505 [main] INFO org.testcontainers.DockerClientFactory -- Docker host IP address is localhost
23:14:46.523 [main] INFO org.testcontainers.DockerClientFactory -- Connected to docker: 
  Server Version: 28.1.1
  API Version: 1.49
  Operating System: Docker Desktop
  Total Memory: 7837 MB
23:14:46.641 [main] INFO tc.testcontainers/ryuk:0.7.0 -- Creating container for image: testcontainers/ryuk:0.7.0
23:14:46.803 [main] INFO org.testcontainers.utility.RegistryAuthLocator -- Credential helper/store (docker-credential-desktop) does not have credentials for https://index.docker.io/v1/
23:14:46.891 [main] INFO tc.testcontainers/ryuk:0.7.0 -- Container testcontainers/ryuk:0.7.0 is starting: 95babb1a99cb2e415ebcbe4e7140aa47066b588feffaafba21b90d2e761f268f
23:14:47.114 [main] INFO tc.testcontainers/ryuk:0.7.0 -- Container testcontainers/ryuk:0.7.0 started in PT0.472688S
23:14:47.119 [main] INFO org.testcontainers.utility.RyukResourceReaper -- Ryuk started - will monitor and terminate Testcontainers containers on JVM exit
23:14:47.120 [main] INFO org.testcontainers.DockerClientFactory -- Checking the system...
23:14:47.120 [main] INFO org.testcontainers.DockerClientFactory -- ✔︎ Docker server version should be at least 1.6.0
23:14:47.122 [main] INFO tc.cassandra:4.1 -- Creating container for image: cassandra:4.1
23:14:47.122 [main] WARN tc.cassandra:4.1 -- Reuse was requested but the environment does not support the reuse of containers
To enable reuse of containers, you must set 'testcontainers.reuse.enable=true' in a file located at /Users/leandro.yamaniha/.testcontainers.properties
23:14:47.154 [main] INFO tc.cassandra:4.1 -- Container cassandra:4.1 is starting: 7166b6bce70cab2deb0e910ea16565b3963887752fb0c2cf79a14ad9d614802d
23:14:49.933 [main] INFO tc.cassandra:4.1 -- Container cassandra:4.1 started in PT2.811025S
23:14:49.951 [main] INFO org.testcontainers.ext.ScriptUtils -- Executing database script from init.cql
23:14:49.956 [main] INFO com.datastax.driver.core -- DataStax Java driver 3.10.0 for Apache Cassandra
23:14:49.963 [main] INFO com.datastax.driver.core.GuavaCompatibility -- Detected Guava >= 19 in the classpath, using modern compatibility layer
23:14:49.989 [main] INFO com.datastax.driver.core.Native -- Could not load JNR C Library, native system calls through this library will not be available (set this logger level to DEBUG to see the full stack trace).
23:14:49.989 [main] INFO com.datastax.driver.core.ClockFactory -- Using java.lang.System clock to generate timestamps.
23:14:50.049 [main] INFO com.datastax.driver.core.NettyUtil -- Did not find Netty's native epoll transport in the classpath, defaulting to NIO.
23:14:50.438 [main] INFO com.datastax.driver.core.policies.DCAwareRoundRobinPolicy -- Using data-center name 'datacenter1' for DCAwareRoundRobinPolicy (if this is incorrect, please provide the correct datacenter name with DCAwareRoundRobinPolicy constructor)
23:14:50.439 [main] INFO com.datastax.driver.core.Cluster -- New Cassandra host localhost/[0:0:0:0:0:0:0:1]:56628 added
23:14:52.970 [main] INFO org.testcontainers.ext.ScriptUtils -- Executed database script from init.cql in 3018 ms.
23:14:53.026 [main] INFO org.springframework.boot.devtools.restart.RestartApplicationListener -- Restart disabled due to context in which it is running

  .   ____          _            __ _ _
 /\\ / ___'_ __ _ _(_)_ __  __ _ \ \ \ \
( ( )\___ | '_ | '_| | '_ \/ _` | \ \ \ \
 \\/  ___)| |_)| | | | | || (_| |  ) ) ) )
  '  |____| .__|_| |_|_| |_\__, | / / / /
 =========|_|==============|___/=/_/_/_/

 :: Spring Boot ::             (v4.0.0-M1)

2025-08-09T23:14:53.206-03:00  INFO 98192 --- [beauty-salon-backend] [           main] [                                                 ] c.b.performance.Phase2ComparisonTest     : Starting Phase2ComparisonTest using Java 24.0.1 with PID 98192 (started by leandro.yamaniha in /Volumes/Dock/ai/ide/windsurf/beauty-salon-app/backend)
2025-08-09T23:14:53.207-03:00 DEBUG 98192 --- [beauty-salon-backend] [           main] [                                                 ] c.b.performance.Phase2ComparisonTest     : Running with Spring Boot v4.0.0-M1, Spring v7.0.0-M7
2025-08-09T23:14:53.207-03:00  INFO 98192 --- [beauty-salon-backend] [           main] [                                                 ] c.b.performance.Phase2ComparisonTest     : The following 1 profile is active: "test"
2025-08-09T23:14:53.638-03:00  INFO 98192 --- [beauty-salon-backend] [           main] [                                                 ] .s.d.r.c.RepositoryConfigurationDelegate : Bootstrapping Spring Data Reactive Cassandra repositories in DEFAULT mode.
2025-08-09T23:14:53.655-03:00  INFO 98192 --- [beauty-salon-backend] [           main] [                                                 ] .s.d.r.c.RepositoryConfigurationDelegate : Finished Spring Data repository scanning in 14 ms. Found 0 Reactive Cassandra repository interfaces.
2025-08-09T23:14:53.658-03:00  INFO 98192 --- [beauty-salon-backend] [           main] [                                                 ] .s.d.r.c.RepositoryConfigurationDelegate : Bootstrapping Spring Data Cassandra repositories in DEFAULT mode.
2025-08-09T23:14:53.670-03:00  INFO 98192 --- [beauty-salon-backend] [           main] [                                                 ] .s.d.r.c.RepositoryConfigurationDelegate : Finished Spring Data repository scanning in 12 ms. Found 4 Cassandra repository interfaces.
2025-08-09T23:14:53.797-03:00  INFO 98192 --- [beauty-salon-backend] [           main] [                                                 ] c.d.o.d.i.core.DefaultMavenCoordinates   : Apache Cassandra Java Driver (org.apache.cassandra:java-driver-core) version 4.19.0
2025-08-09T23:14:54.012-03:00  INFO 98192 --- [beauty-salon-backend] [           main] [                                                 ] c.d.o.d.internal.core.ContactPoints      : Contact point localhost:56628 resolves to multiple addresses, will use them all ([localhost/127.0.0.1, localhost/0:0:0:0:0:0:0:1])
2025-08-09T23:14:54.051-03:00  INFO 98192 --- [beauty-salon-backend] [           main] [                                                 ] c.d.o.d.i.c.c.CqlPrepareAsyncProcessor   : Adding handler to invalidate cached prepared statements on type changes
2025-08-09T23:14:54.078-03:00  INFO 98192 --- [beauty-salon-backend] [     s0-admin-0] [                                                 ] c.d.oss.driver.internal.core.time.Clock  : Could not access native clock (see debug logs for details), falling back to Java system clock
2025-08-09T23:14:54.212-03:00  WARN 98192 --- [beauty-salon-backend] [     s0-admin-0] [                                                 ] c.d.o.d.i.c.l.h.OptionalLocalDcHelper    : [s0|default] You specified datacenter1 as the local DC, but some contact points are from a different DC: Node(endPoint=localhost/[0:0:0:0:0:0:0:1]:56628, hostId=null, hashCode=2f9ccc7f)=null; please provide the correct local DC, or check your contact points
2025-08-09T23:14:54.241-03:00 DEBUG 98192 --- [beauty-salon-backend] [           main] [                                                 ] o.s.data.cassandra.core.cql.CqlTemplate  : Executing CQL statement [CREATE TABLE IF NOT EXISTS services (id uuid, name text, description text, duration int, price decimal, category text, is_active boolean, created_at timestamp, updated_at timestamp, PRIMARY KEY (id));]
2025-08-09T23:14:54.252-03:00 DEBUG 98192 --- [beauty-salon-backend] [           main] [                                                 ] o.s.data.cassandra.core.cql.CqlTemplate  : Executing CQL statement [CREATE TABLE IF NOT EXISTS appointments (id uuid, customer_id uuid, staff_id uuid, service_id uuid, appointment_date date, appointment_time time, status text, notes text, total_price decimal, created_at timestamp, updated_at timestamp, PRIMARY KEY (id));]
2025-08-09T23:14:54.254-03:00 DEBUG 98192 --- [beauty-salon-backend] [           main] [                                                 ] o.s.data.cassandra.core.cql.CqlTemplate  : Executing CQL statement [CREATE TABLE IF NOT EXISTS customers (id uuid, name text, email text, phone text, address text, created_at timestamp, updated_at timestamp, PRIMARY KEY (id));]
2025-08-09T23:14:54.256-03:00 DEBUG 98192 --- [beauty-salon-backend] [           main] [                                                 ] o.s.data.cassandra.core.cql.CqlTemplate  : Executing CQL statement [CREATE TABLE IF NOT EXISTS staff (id uuid, name text, email text, phone text, role text, specialties set<text>, is_active boolean, created_at timestamp, updated_at timestamp, PRIMARY KEY (id));]
2025-08-09T23:14:54.739-03:00  INFO 98192 --- [beauty-salon-backend] [           main] [                                                 ] o.s.b.t.m.w.SpringBootMockServletContext : Initializing Spring TestDispatcherServlet ''
2025-08-09T23:14:54.739-03:00  INFO 98192 --- [beauty-salon-backend] [           main] [                                                 ] o.s.t.web.servlet.TestDispatcherServlet  : Initializing Servlet ''
2025-08-09T23:14:54.744-03:00  INFO 98192 --- [beauty-salon-backend] [           main] [                                                 ] o.s.b.a.e.web.EndpointLinksResolver      : Exposing 2 endpoints beneath base path '/actuator'
2025-08-09T23:14:54.749-03:00  INFO 98192 --- [beauty-salon-backend] [           main] [                                                 ] o.s.t.web.servlet.TestDispatcherServlet  : Completed initialization in 9 ms
2025-08-09T23:14:54.786-03:00  INFO 98192 --- [beauty-salon-backend] [           main] [                                                 ] c.b.performance.Phase2ComparisonTest     : Started Phase2ComparisonTest in 1.768 seconds (process running for 9.456)
2025-08-09T23:14:55.323-03:00 DEBUG 98192 --- [beauty-salon-backend] [           main] [                                                 ] o.s.d.c.c.c.MappingCassandraConverter    : doWithProperties Property.type java.util.UUID, Property.value b1048c2f-7288-43bf-ba1e-d4b595728e34
2025-08-09T23:14:55.323-03:00 DEBUG 98192 --- [beauty-salon-backend] [           main] [                                                 ] o.s.d.c.c.c.MappingCassandraConverter    : Adding map.entry [id] - [b1048c2f-7288-43bf-ba1e-d4b595728e34]
2025-08-09T23:14:55.323-03:00 DEBUG 98192 --- [beauty-salon-backend] [           main] [                                                 ] o.s.d.c.c.c.MappingCassandraConverter    : doWithProperties Property.type java.lang.String, Property.value Phase2 Test Customer 0
2025-08-09T23:14:55.323-03:00 DEBUG 98192 --- [beauty-salon-backend] [           main] [                                                 ] o.s.d.c.c.c.MappingCassandraConverter    : Adding map.entry [name] - [Phase2 Test Customer 0]
2025-08-09T23:14:55.323-03:00 DEBUG 98192 --- [beauty-salon-backend] [           main] [                                                 ] o.s.d.c.c.c.MappingCassandraConverter    : doWithProperties Property.type java.lang.String, Property.value phase2test0@example.com
2025-08-09T23:14:55.323-03:00 DEBUG 98192 --- [beauty-salon-backend] [           main] [                                                 ] o.s.d.c.c.c.MappingCassandraConverter    : Adding map.entry [email] - [phase2test0@example.com]
2025-08-09T23:14:55.323-03:00 DEBUG 98192 --- [beauty-salon-backend] [           main] [                                                 ] o.s.d.c.c.c.MappingCassandraConverter    : doWithProperties Property.type java.lang.String, Property.value 5550000000
2025-08-09T23:14:55.324-03:00 DEBUG 98192 --- [beauty-salon-backend] [           main] [                                                 ] o.s.d.c.c.c.MappingCassandraConverter    : Adding map.entry [phone] - [5550000000]
2025-08-09T23:14:55.324-03:00 DEBUG 98192 --- [beauty-salon-backend] [           main] [                                                 ] o.s.d.c.c.c.MappingCassandraConverter    : doWithProperties Property.type java.lang.String, Property.value 123 Phase2 St 0
2025-08-09T23:14:55.324-03:00 DEBUG 98192 --- [beauty-salon-backend] [           main] [                                                 ] o.s.d.c.c.c.MappingCassandraConverter    : Adding map.entry [address] - [123 Phase2 St 0]
2025-08-09T23:14:55.324-03:00 DEBUG 98192 --- [beauty-salon-backend] [           main] [                                                 ] o.s.d.c.c.c.MappingCassandraConverter    : doWithProperties Property.type java.time.Instant, Property.value 2025-08-10T02:14:55.316334Z
2025-08-09T23:14:55.324-03:00 DEBUG 98192 --- [beauty-salon-backend] [           main] [                                                 ] o.s.d.c.c.c.MappingCassandraConverter    : Adding map.entry [created_at] - [2025-08-10T02:14:55.316334Z]
2025-08-09T23:14:55.324-03:00 DEBUG 98192 --- [beauty-salon-backend] [           main] [                                                 ] o.s.d.c.c.c.MappingCassandraConverter    : doWithProperties Property.type java.time.Instant, Property.value 2025-08-10T02:14:55.316336Z
2025-08-09T23:14:55.324-03:00 DEBUG 98192 --- [beauty-salon-backend] [           main] [                                                 ] o.s.d.c.c.c.MappingCassandraConverter    : Adding map.entry [updated_at] - [2025-08-10T02:14:55.316336Z]
2025-08-09T23:14:55.333-03:00 DEBUG 98192 --- [beauty-salon-backend] [           main] [                                                 ] o.s.data.cassandra.core.cql.CqlTemplate  : Preparing statement [INSERT INTO customers (id,name,email,phone,address,created_at,updated_at) VALUES (?,?,?,?,?,?,?)] using org.springframework.data.cassandra.core.CassandraTemplate$PreparedStatementHandler@4f1a4f8
2025-08-09T23:14:55.369-03:00 DEBUG 98192 --- [beauty-salon-backend] [           main] [                                                 ] o.s.data.cassandra.core.cql.CqlTemplate  : Executing prepared statement [INSERT INTO customers (id,name,email,phone,address,created_at,updated_at) VALUES (?,?,?,?,?,?,?)]
2025-08-09T23:14:55.406-03:00 DEBUG 98192 --- [beauty-salon-backend] [           main] [                                                 ] o.s.d.c.c.c.MappingCassandraConverter    : doWithProperties Property.type java.util.UUID, Property.value 7890f6e6-8077-4b7f-bbff-d4f201aa3d21
2025-08-09T23:14:55.406-03:00 DEBUG 98192 --- [beauty-salon-backend] [           main] [                                                 ] o.s.d.c.c.c.MappingCassandraConverter    : Adding map.entry [id] - [7890f6e6-8077-4b7f-bbff-d4f201aa3d21]
2025-08-09T23:14:55.406-03:00 DEBUG 98192 --- [beauty-salon-backend] [           main] [                                                 ] o.s.d.c.c.c.MappingCassandraConverter    : doWithProperties Property.type java.lang.String, Property.value Phase2 Test Customer 1
2025-08-09T23:14:55.406-03:00 DEBUG 98192 --- [beauty-salon-backend] [           main] [                                                 ] o.s.d.c.c.c.MappingCassandraConverter    : Adding map.entry [name] - [Phase2 Test Customer 1]
2025-08-09T23:14:55.406-03:00 DEBUG 98192 --- [beauty-salon-backend] [           main] [                                                 ] o.s.d.c.c.c.MappingCassandraConverter    : doWithProperties Property.type java.lang.String, Property.value phase2test1@example.com
2025-08-09T23:14:55.406-03:00 DEBUG 98192 --- [beauty-salon-backend] [           main] [                                                 ] o.s.d.c.c.c.MappingCassandraConverter    : Adding map.entry [email] - [phase2test1@example.com]
2025-08-09T23:14:55.406-03:00 DEBUG 98192 --- [beauty-salon-backend] [           main] [                                                 ] o.s.d.c.c.c.MappingCassandraConverter    : doWithProperties Property.type java.lang.String, Property.value 5550000001
2025-08-09T23:14:55.406-03:00 DEBUG 98192 --- [beauty-salon-backend] [           main] [                                                 ] o.s.d.c.c.c.MappingCassandraConverter    : Adding map.entry [phone] - [5550000001]
2025-08-09T23:14:55.406-03:00 DEBUG 98192 --- [beauty-salon-backend] [           main] [                                                 ] o.s.d.c.c.c.MappingCassandraConverter    : doWithProperties Property.type java.lang.String, Property.value 123 Phase2 St 1
2025-08-09T23:14:55.406-03:00 DEBUG 98192 --- [beauty-salon-backend] [           main] [                                                 ] o.s.d.c.c.c.MappingCassandraConverter    : Adding map.entry [address] - [123 Phase2 St 1]
2025-08-09T23:14:55.406-03:00 DEBUG 98192 --- [beauty-salon-backend] [           main] [                                                 ] o.s.d.c.c.c.MappingCassandraConverter    : doWithProperties Property.type java.time.Instant, Property.value 2025-08-10T02:14:55.405953Z
2025-08-09T23:14:55.406-03:00 DEBUG 98192 --- [beauty-salon-backend] [           main] [                                                 ] o.s.d.c.c.c.MappingCassandraConverter    : Adding map.entry [created_at] - [2025-08-10T02:14:55.405953Z]
2025-08-09T23:14:55.406-03:00 DEBUG 98192 --- [beauty-salon-backend] [           main] [                                                 ] o.s.d.c.c.c.MappingCassandraConverter    : doWithProperties Property.type java.time.Instant, Property.value 2025-08-10T02:14:55.405953Z
2025-08-09T23:14:55.407-03:00 DEBUG 98192 --- [beauty-salon-backend] [           main] [                                                 ] o.s.d.c.c.c.MappingCassandraConverter    : Adding map.entry [updated_at] - [2025-08-10T02:14:55.405953Z]
2025-08-09T23:14:55.407-03:00 DEBUG 98192 --- [beauty-salon-backend] [           main] [                                                 ] o.s.data.cassandra.core.cql.CqlTemplate  : Preparing statement [INSERT INTO customers (id,name,email,phone,address,created_at,updated_at) VALUES (?,?,?,?,?,?,?)] using org.springframework.data.cassandra.core.CassandraTemplate$PreparedStatementHandler@2bd46f9b
2025-08-09T23:14:55.407-03:00 DEBUG 98192 --- [beauty-salon-backend] [           main] [                                                 ] o.s.data.cassandra.core.cql.CqlTemplate  : Executing prepared statement [INSERT INTO customers (id,name,email,phone,address,created_at,updated_at) VALUES (?,?,?,?,?,?,?)]
2025-08-09T23:14:55.411-03:00 DEBUG 98192 --- [beauty-salon-backend] [           main] [                                                 ] o.s.d.c.c.c.MappingCassandraConverter    : doWithProperties Property.type java.util.UUID, Property.value 822adfcb-bb83-4696-a386-19a4769b6290
2025-08-09T23:14:55.411-03:00 DEBUG 98192 --- [beauty-salon-backend] [           main] [                                                 ] o.s.d.c.c.c.MappingCassandraConverter    : Adding map.entry [id] - [822adfcb-bb83-4696-a386-19a4769b6290]
2025-08-09T23:14:55.411-03:00 DEBUG 98192 --- [beauty-salon-backend] [           main] [                                                 ] o.s.d.c.c.c.MappingCassandraConverter    : doWithProperties Property.type java.lang.String, Property.value Phase2 Test Customer 2
2025-08-09T23:14:55.411-03:00 DEBUG 98192 --- [beauty-salon-backend] [           main] [                                                 ] o.s.d.c.c.c.MappingCassandraConverter    : Adding map.entry [name] - [Phase2 Test Customer 2]
2025-08-09T23:14:55.411-03:00 DEBUG 98192 --- [beauty-salon-backend] [           main] [                                                 ] o.s.d.c.c.c.MappingCassandraConverter    : doWithProperties Property.type java.lang.String, Property.value phase2test2@example.com
2025-08-09T23:14:55.412-03:00 DEBUG 98192 --- [beauty-salon-backend] [           main] [                                                 ] o.s.d.c.c.c.MappingCassandraConverter    : Adding map.entry [email] - [phase2test2@example.com]
2025-08-09T23:14:55.412-03:00 DEBUG 98192 --- [beauty-salon-backend] [           main] [                                                 ] o.s.d.c.c.c.MappingCassandraConverter    : doWithProperties Property.type java.lang.String, Property.value 5550000002
2025-08-09T23:14:55.412-03:00 DEBUG 98192 --- [beauty-salon-backend] [           main] [                                                 ] o.s.d.c.c.c.MappingCassandraConverter    : Adding map.entry [phone] - [5550000002]
2025-08-09T23:14:55.412-03:00 DEBUG 98192 --- [beauty-salon-backend] [           main] [                                                 ] o.s.d.c.c.c.MappingCassandraConverter    : doWithProperties Property.type java.lang.String, Property.value 123 Phase2 St 2
2025-08-09T23:14:55.412-03:00 DEBUG 98192 --- [beauty-salon-backend] [           main] [                                                 ] o.s.d.c.c.c.MappingCassandraConverter    : Adding map.entry [address] - [123 Phase2 St 2]
2025-08-09T23:14:55.412-03:00 DEBUG 98192 --- [beauty-salon-backend] [           main] [                                                 ] o.s.d.c.c.c.MappingCassandraConverter    : doWithProperties Property.type java.time.Instant, Property.value 2025-08-10T02:14:55.411630Z
2025-08-09T23:14:55.412-03:00 DEBUG 98192 --- [beauty-salon-backend] [           main] [                                                 ] o.s.d.c.c.c.MappingCassandraConverter    : Adding map.entry [created_at] - [2025-08-10T02:14:55.411630Z]
2025-08-09T23:14:55.412-03:00 DEBUG 98192 --- [beauty-salon-backend] [           main] [                                                 ] o.s.d.c.c.c.MappingCassandraConverter    : doWithProperties Property.type java.time.Instant, Property.value 2025-08-10T02:14:55.411630Z
2025-08-09T23:14:55.412-03:00 DEBUG 98192 --- [beauty-salon-backend] [           main] [                                                 ] o.s.d.c.c.c.MappingCassandraConverter    : Adding map.entry [updated_at] - [2025-08-10T02:14:55.411630Z]
2025-08-09T23:14:55.412-03:00 DEBUG 98192 --- [beauty-salon-backend] [           main] [                                                 ] o.s.data.cassandra.core.cql.CqlTemplate  : Preparing statement [INSERT INTO customers (id,name,email,phone,address,created_at,updated_at) VALUES (?,?,?,?,?,?,?)] using org.springframework.data.cassandra.core.CassandraTemplate$PreparedStatementHandler@68d4379e
2025-08-09T23:14:55.412-03:00 DEBUG 98192 --- [beauty-salon-backend] [           main] [                                                 ] o.s.data.cassandra.core.cql.CqlTemplate  : Executing prepared statement [INSERT INTO customers (id,name,email,phone,address,created_at,updated_at) VALUES (?,?,?,?,?,?,?)]
2025-08-09T23:14:55.417-03:00 DEBUG 98192 --- [beauty-salon-backend] [           main] [                                                 ] o.s.d.c.c.c.MappingCassandraConverter    : doWithProperties Property.type java.util.UUID, Property.value 50cdf037-13f3-417a-9f90-b5ed13d3dde4
2025-08-09T23:14:55.417-03:00 DEBUG 98192 --- [beauty-salon-backend] [           main] [                                                 ] o.s.d.c.c.c.MappingCassandraConverter    : Adding map.entry [id] - [50cdf037-13f3-417a-9f90-b5ed13d3dde4]
2025-08-09T23:14:55.417-03:00 DEBUG 98192 --- [beauty-salon-backend] [           main] [                                                 ] o.s.d.c.c.c.MappingCassandraConverter    : doWithProperties Property.type java.lang.String, Property.value Phase2 Test Customer 3
2025-08-09T23:14:55.417-03:00 DEBUG 98192 --- [beauty-salon-backend] [           main] [                                                 ] o.s.d.c.c.c.MappingCassandraConverter    : Adding map.entry [name] - [Phase2 Test Customer 3]
2025-08-09T23:14:55.417-03:00 DEBUG 98192 --- [beauty-salon-backend] [           main] [                                                 ] o.s.d.c.c.c.MappingCassandraConverter    : doWithProperties Property.type java.lang.String, Property.value phase2test3@example.com
2025-08-09T23:14:55.417-03:00 DEBUG 98192 --- [beauty-salon-backend] [           main] [                                                 ] o.s.d.c.c.c.MappingCassandraConverter    : Adding map.entry [email] - [phase2test3@example.com]
2025-08-09T23:14:55.417-03:00 DEBUG 98192 --- [beauty-salon-backend] [           main] [                                                 ] o.s.d.c.c.c.MappingCassandraConverter    : doWithProperties Property.type java.lang.String, Property.value 5550000003
2025-08-09T23:14:55.417-03:00 DEBUG 98192 --- [beauty-salon-backend] [           main] [                                                 ] o.s.d.c.c.c.MappingCassandraConverter    : Adding map.entry [phone] - [5550000003]
2025-08-09T23:14:55.417-03:00 DEBUG 98192 --- [beauty-salon-backend] [           main] [                                                 ] o.s.d.c.c.c.MappingCassandraConverter    : doWithProperties Property.type java.lang.String, Property.value 123 Phase2 St 3
2025-08-09T23:14:55.417-03:00 DEBUG 98192 --- [beauty-salon-backend] [           main] [                                                 ] o.s.d.c.c.c.MappingCassandraConverter    : Adding map.entry [address] - [123 Phase2 St 3]
2025-08-09T23:14:55.417-03:00 DEBUG 98192 --- [beauty-salon-backend] [           main] [                                                 ] o.s.d.c.c.c.MappingCassandraConverter    : doWithProperties Property.type java.time.Instant, Property.value 2025-08-10T02:14:55.417416Z
2025-08-09T23:14:55.418-03:00 DEBUG 98192 --- [beauty-salon-backend] [           main] [                                                 ] o.s.d.c.c.c.MappingCassandraConverter    : Adding map.entry [created_at] - [2025-08-10T02:14:55.417416Z]
2025-08-09T23:14:55.418-03:00 DEBUG 98192 --- [beauty-salon-backend] [           main] [                                                 ] o.s.d.c.c.c.MappingCassandraConverter    : doWithProperties Property.type java.time.Instant, Property.value 2025-08-10T02:14:55.417417Z
2025-08-09T23:14:55.418-03:00 DEBUG 98192 --- [beauty-salon-backend] [           main] [                                                 ] o.s.d.c.c.c.MappingCassandraConverter    : Adding map.entry [updated_at] - [2025-08-10T02:14:55.417417Z]
2025-08-09T23:14:55.418-03:00 DEBUG 98192 --- [beauty-salon-backend] [           main] [                                                 ] o.s.data.cassandra.core.cql.CqlTemplate  : Preparing statement [INSERT INTO customers (id,name,email,phone,address,created_at,updated_at) VALUES (?,?,?,?,?,?,?)] using org.springframework.data.cassandra.core.CassandraTemplate$PreparedStatementHandler@2d5b8592
2025-08-09T23:14:55.418-03:00 DEBUG 98192 --- [beauty-salon-backend] [           main] [                                                 ] o.s.data.cassandra.core.cql.CqlTemplate  : Executing prepared statement [INSERT INTO customers (id,name,email,phone,address,created_at,updated_at) VALUES (?,?,?,?,?,?,?)]
2025-08-09T23:14:55.423-03:00 DEBUG 98192 --- [beauty-salon-backend] [           main] [                                                 ] o.s.d.c.c.c.MappingCassandraConverter    : doWithProperties Property.type java.util.UUID, Property.value 13982e1c-ec21-4937-9511-2d6163dd8b14
2025-08-09T23:14:55.423-03:00 DEBUG 98192 --- [beauty-salon-backend] [           main] [                                                 ] o.s.d.c.c.c.MappingCassandraConverter    : Adding map.entry [id] - [13982e1c-ec21-4937-9511-2d6163dd8b14]
2025-08-09T23:14:55.423-03:00 DEBUG 98192 --- [beauty-salon-backend] [           main] [                                                 ] o.s.d.c.c.c.MappingCassandraConverter    : doWithProperties Property.type java.lang.String, Property.value Phase2 Test Customer 4
2025-08-09T23:14:55.423-03:00 DEBUG 98192 --- [beauty-salon-backend] [           main] [                                                 ] o.s.d.c.c.c.MappingCassandraConverter    : Adding map.entry [name] - [Phase2 Test Customer 4]
2025-08-09T23:14:55.423-03:00 DEBUG 98192 --- [beauty-salon-backend] [           main] [                                                 ] o.s.d.c.c.c.MappingCassandraConverter    : doWithProperties Property.type java.lang.String, Property.value phase2test4@example.com
2025-08-09T23:14:55.423-03:00 DEBUG 98192 --- [beauty-salon-backend] [           main] [                                                 ] o.s.d.c.c.c.MappingCassandraConverter    : Adding map.entry [email] - [phase2test4@example.com]
2025-08-09T23:14:55.423-03:00 DEBUG 98192 --- [beauty-salon-backend] [           main] [                                                 ] o.s.d.c.c.c.MappingCassandraConverter    : doWithProperties Property.type java.lang.String, Property.value 5550000004
2025-08-09T23:14:55.423-03:00 DEBUG 98192 --- [beauty-salon-backend] [           main] [                                                 ] o.s.d.c.c.c.MappingCassandraConverter    : Adding map.entry [phone] - [5550000004]
2025-08-09T23:14:55.423-03:00 DEBUG 98192 --- [beauty-salon-backend] [           main] [                                                 ] o.s.d.c.c.c.MappingCassandraConverter    : doWithProperties Property.type java.lang.String, Property.value 123 Phase2 St 4
2025-08-09T23:14:55.423-03:00 DEBUG 98192 --- [beauty-salon-backend] [           main] [                                                 ] o.s.d.c.c.c.MappingCassandraConverter    : Adding map.entry [address] - [123 Phase2 St 4]
2025-08-09T23:14:55.423-03:00 DEBUG 98192 --- [beauty-salon-backend] [           main] [                                                 ] o.s.d.c.c.c.MappingCassandraConverter    : doWithProperties Property.type java.time.Instant, Property.value 2025-08-10T02:14:55.423048Z
2025-08-09T23:14:55.423-03:00 DEBUG 98192 --- [beauty-salon-backend] [           main] [                                                 ] o.s.d.c.c.c.MappingCassandraConverter    : Adding map.entry [created_at] - [2025-08-10T02:14:55.423048Z]
2025-08-09T23:14:55.423-03:00 DEBUG 98192 --- [beauty-salon-backend] [           main] [                                                 ] o.s.d.c.c.c.MappingCassandraConverter    : doWithProperties Property.type java.time.Instant, Property.value 2025-08-10T02:14:55.423048Z
2025-08-09T23:14:55.423-03:00 DEBUG 98192 --- [beauty-salon-backend] [           main] [                                                 ] o.s.d.c.c.c.MappingCassandraConverter    : Adding map.entry [updated_at] - [2025-08-10T02:14:55.423048Z]
2025-08-09T23:14:55.423-03:00 DEBUG 98192 --- [beauty-salon-backend] [           main] [                                                 ] o.s.data.cassandra.core.cql.CqlTemplate  : Preparing statement [INSERT INTO customers (id,name,email,phone,address,created_at,updated_at) VALUES (?,?,?,?,?,?,?)] using org.springframework.data.cassandra.core.CassandraTemplate$PreparedStatementHandler@38c55d27
2025-08-09T23:14:55.423-03:00 DEBUG 98192 --- [beauty-salon-backend] [           main] [                                                 ] o.s.data.cassandra.core.cql.CqlTemplate  : Executing prepared statement [INSERT INTO customers (id,name,email,phone,address,created_at,updated_at) VALUES (?,?,?,?,?,?,?)]
2025-08-09T23:14:55.428-03:00 DEBUG 98192 --- [beauty-salon-backend] [           main] [                                                 ] o.s.d.c.c.c.MappingCassandraConverter    : doWithProperties Property.type java.util.UUID, Property.value bb103205-b66e-46d4-a626-181eccde3dd7
2025-08-09T23:14:55.428-03:00 DEBUG 98192 --- [beauty-salon-backend] [           main] [                                                 ] o.s.d.c.c.c.MappingCassandraConverter    : Adding map.entry [id] - [bb103205-b66e-46d4-a626-181eccde3dd7]
2025-08-09T23:14:55.428-03:00 DEBUG 98192 --- [beauty-salon-backend] [           main] [                                                 ] o.s.d.c.c.c.MappingCassandraConverter    : doWithProperties Property.type java.lang.String, Property.value Phase2 Test Customer 5
2025-08-09T23:14:55.428-03:00 DEBUG 98192 --- [beauty-salon-backend] [           main] [                                                 ] o.s.d.c.c.c.MappingCassandraConverter    : Adding map.entry [name] - [Phase2 Test Customer 5]
2025-08-09T23:14:55.428-03:00 DEBUG 98192 --- [beauty-salon-backend] [           main] [                                                 ] o.s.d.c.c.c.MappingCassandraConverter    : doWithProperties Property.type java.lang.String, Property.value phase2test5@example.com
2025-08-09T23:14:55.428-03:00 DEBUG 98192 --- [beauty-salon-backend] [           main] [                                                 ] o.s.d.c.c.c.MappingCassandraConverter    : Adding map.entry [email] - [phase2test5@example.com]
2025-08-09T23:14:55.428-03:00 DEBUG 98192 --- [beauty-salon-backend] [           main] [                                                 ] o.s.d.c.c.c.MappingCassandraConverter    : doWithProperties Property.type java.lang.String, Property.value 5550000005
2025-08-09T23:14:55.428-03:00 DEBUG 98192 --- [beauty-salon-backend] [           main] [                                                 ] o.s.d.c.c.c.MappingCassandraConverter    : Adding map.entry [phone] - [5550000005]
2025-08-09T23:14:55.428-03:00 DEBUG 98192 --- [beauty-salon-backend] [           main] [                                                 ] o.s.d.c.c.c.MappingCassandraConverter    : doWithProperties Property.type java.lang.String, Property.value 123 Phase2 St 5
2025-08-09T23:14:55.428-03:00 DEBUG 98192 --- [beauty-salon-backend] [           main] [                                                 ] o.s.d.c.c.c.MappingCassandraConverter    : Adding map.entry [address] - [123 Phase2 St 5]
2025-08-09T23:14:55.428-03:00 DEBUG 98192 --- [beauty-salon-backend] [           main] [                                                 ] o.s.d.c.c.c.MappingCassandraConverter    : doWithProperties Property.type java.time.Instant, Property.value 2025-08-10T02:14:55.428193Z
2025-08-09T23:14:55.428-03:00 DEBUG 98192 --- [beauty-salon-backend] [           main] [                                                 ] o.s.d.c.c.c.MappingCassandraConverter    : Adding map.entry [created_at] - [2025-08-10T02:14:55.428193Z]
2025-08-09T23:14:55.428-03:00 DEBUG 98192 --- [beauty-salon-backend] [           main] [                                                 ] o.s.d.c.c.c.MappingCassandraConverter    : doWithProperties Property.type java.time.Instant, Property.value 2025-08-10T02:14:55.428193Z
2025-08-09T23:14:55.428-03:00 DEBUG 98192 --- [beauty-salon-backend] [           main] [                                                 ] o.s.d.c.c.c.MappingCassandraConverter    : Adding map.entry [updated_at] - [2025-08-10T02:14:55.428193Z]
2025-08-09T23:14:55.428-03:00 DEBUG 98192 --- [beauty-salon-backend] [           main] [                                                 ] o.s.data.cassandra.core.cql.CqlTemplate  : Preparing statement [INSERT INTO customers (id,name,email,phone,address,created_at,updated_at) VALUES (?,?,?,?,?,?,?)] using org.springframework.data.cassandra.core.CassandraTemplate$PreparedStatementHandler@30b1bd09
2025-08-09T23:14:55.429-03:00 DEBUG 98192 --- [beauty-salon-backend] [           main] [                                                 ] o.s.data.cassandra.core.cql.CqlTemplate  : Executing prepared statement [INSERT INTO customers (id,name,email,phone,address,created_at,updated_at) VALUES (?,?,?,?,?,?,?)]
2025-08-09T23:14:55.434-03:00 DEBUG 98192 --- [beauty-salon-backend] [           main] [                                                 ] o.s.d.c.c.c.MappingCassandraConverter    : doWithProperties Property.type java.util.UUID, Property.value 9510e326-df2d-42ca-a784-2c8e4f86821c
2025-08-09T23:14:55.434-03:00 DEBUG 98192 --- [beauty-salon-backend] [           main] [                                                 ] o.s.d.c.c.c.MappingCassandraConverter    : Adding map.entry [id] - [9510e326-df2d-42ca-a784-2c8e4f86821c]
2025-08-09T23:14:55.434-03:00 DEBUG 98192 --- [beauty-salon-backend] [           main] [                                                 ] o.s.d.c.c.c.MappingCassandraConverter    : doWithProperties Property.type java.lang.String, Property.value Phase2 Test Customer 6
2025-08-09T23:14:55.434-03:00 DEBUG 98192 --- [beauty-salon-backend] [           main] [                                                 ] o.s.d.c.c.c.MappingCassandraConverter    : Adding map.entry [name] - [Phase2 Test Customer 6]
2025-08-09T23:14:55.434-03:00 DEBUG 98192 --- [beauty-salon-backend] [           main] [                                                 ] o.s.d.c.c.c.MappingCassandraConverter    : doWithProperties Property.type java.lang.String, Property.value phase2test6@example.com
2025-08-09T23:14:55.434-03:00 DEBUG 98192 --- [beauty-salon-backend] [           main] [                                                 ] o.s.d.c.c.c.MappingCassandraConverter    : Adding map.entry [email] - [phase2test6@example.com]
2025-08-09T23:14:55.434-03:00 DEBUG 98192 --- [beauty-salon-backend] [           main] [                                                 ] o.s.d.c.c.c.MappingCassandraConverter    : doWithProperties Property.type java.lang.String, Property.value 5550000006
2025-08-09T23:14:55.434-03:00 DEBUG 98192 --- [beauty-salon-backend] [           main] [                                                 ] o.s.d.c.c.c.MappingCassandraConverter    : Adding map.entry [phone] - [5550000006]
2025-08-09T23:14:55.434-03:00 DEBUG 98192 --- [beauty-salon-backend] [           main] [                                                 ] o.s.d.c.c.c.MappingCassandraConverter    : doWithProperties Property.type java.lang.String, Property.value 123 Phase2 St 6
2025-08-09T23:14:55.434-03:00 DEBUG 98192 --- [beauty-salon-backend] [           main] [                                                 ] o.s.d.c.c.c.MappingCassandraConverter    : Adding map.entry [address] - [123 Phase2 St 6]
2025-08-09T23:14:55.434-03:00 DEBUG 98192 --- [beauty-salon-backend] [           main] [                                                 ] o.s.d.c.c.c.MappingCassandraConverter    : doWithProperties Property.type java.time.Instant, Property.value 2025-08-10T02:14:55.434139Z
2025-08-09T23:14:55.434-03:00 DEBUG 98192 --- [beauty-salon-backend] [           main] [                                                 ] o.s.d.c.c.c.MappingCassandraConverter    : Adding map.entry [created_at] - [2025-08-10T02:14:55.434139Z]
2025-08-09T23:14:55.434-03:00 DEBUG 98192 --- [beauty-salon-backend] [           main] [                                                 ] o.s.d.c.c.c.MappingCassandraConverter    : doWithProperties Property.type java.time.Instant, Property.value 2025-08-10T02:14:55.434139Z
2025-08-09T23:14:55.434-03:00 DEBUG 98192 --- [beauty-salon-backend] [           main] [                                                 ] o.s.d.c.c.c.MappingCassandraConverter    : Adding map.entry [updated_at] - [2025-08-10T02:14:55.434139Z]
2025-08-09T23:14:55.434-03:00 DEBUG 98192 --- [beauty-salon-backend] [           main] [                                                 ] o.s.data.cassandra.core.cql.CqlTemplate  : Preparing statement [INSERT INTO customers (id,name,email,phone,address,created_at,updated_at) VALUES (?,?,?,?,?,?,?)] using org.springframework.data.cassandra.core.CassandraTemplate$PreparedStatementHandler@745f943f
2025-08-09T23:14:55.435-03:00 DEBUG 98192 --- [beauty-salon-backend] [           main] [                                                 ] o.s.data.cassandra.core.cql.CqlTemplate  : Executing prepared statement [INSERT INTO customers (id,name,email,phone,address,created_at,updated_at) VALUES (?,?,?,?,?,?,?)]
2025-08-09T23:14:55.441-03:00 DEBUG 98192 --- [beauty-salon-backend] [           main] [                                                 ] o.s.d.c.c.c.MappingCassandraConverter    : doWithProperties Property.type java.util.UUID, Property.value 10cd79bd-a62f-4312-8cab-627d4ce022b3
2025-08-09T23:14:55.441-03:00 DEBUG 98192 --- [beauty-salon-backend] [           main] [                                                 ] o.s.d.c.c.c.MappingCassandraConverter    : Adding map.entry [id] - [10cd79bd-a62f-4312-8cab-627d4ce022b3]
2025-08-09T23:14:55.441-03:00 DEBUG 98192 --- [beauty-salon-backend] [           main] [                                                 ] o.s.d.c.c.c.MappingCassandraConverter    : doWithProperties Property.type java.lang.String, Property.value Phase2 Test Customer 7
2025-08-09T23:14:55.441-03:00 DEBUG 98192 --- [beauty-salon-backend] [           main] [                                                 ] o.s.d.c.c.c.MappingCassandraConverter    : Adding map.entry [name] - [Phase2 Test Customer 7]
2025-08-09T23:14:55.441-03:00 DEBUG 98192 --- [beauty-salon-backend] [           main] [                                                 ] o.s.d.c.c.c.MappingCassandraConverter    : doWithProperties Property.type java.lang.String, Property.value phase2test7@example.com
2025-08-09T23:14:55.441-03:00 DEBUG 98192 --- [beauty-salon-backend] [           main] [                                                 ] o.s.d.c.c.c.MappingCassandraConverter    : Adding map.entry [email] - [phase2test7@example.com]
2025-08-09T23:14:55.441-03:00 DEBUG 98192 --- [beauty-salon-backend] [           main] [                                                 ] o.s.d.c.c.c.MappingCassandraConverter    : doWithProperties Property.type java.lang.String, Property.value 5550000007
2025-08-09T23:14:55.441-03:00 DEBUG 98192 --- [beauty-salon-backend] [           main] [                                                 ] o.s.d.c.c.c.MappingCassandraConverter    : Adding map.entry [phone] - [5550000007]
2025-08-09T23:14:55.441-03:00 DEBUG 98192 --- [beauty-salon-backend] [           main] [                                                 ] o.s.d.c.c.c.MappingCassandraConverter    : doWithProperties Property.type java.lang.String, Property.value 123 Phase2 St 7
2025-08-09T23:14:55.441-03:00 DEBUG 98192 --- [beauty-salon-backend] [           main] [                                                 ] o.s.d.c.c.c.MappingCassandraConverter    : Adding map.entry [address] - [123 Phase2 St 7]
2025-08-09T23:14:55.441-03:00 DEBUG 98192 --- [beauty-salon-backend] [           main] [                                                 ] o.s.d.c.c.c.MappingCassandraConverter    : doWithProperties Property.type java.time.Instant, Property.value 2025-08-10T02:14:55.441058Z
2025-08-09T23:14:55.441-03:00 DEBUG 98192 --- [beauty-salon-backend] [           main] [                                                 ] o.s.d.c.c.c.MappingCassandraConverter    : Adding map.entry [created_at] - [2025-08-10T02:14:55.441058Z]
2025-08-09T23:14:55.441-03:00 DEBUG 98192 --- [beauty-salon-backend] [           main] [                                                 ] o.s.d.c.c.c.MappingCassandraConverter    : doWithProperties Property.type java.time.Instant, Property.value 2025-08-10T02:14:55.441058Z
2025-08-09T23:14:55.441-03:00 DEBUG 98192 --- [beauty-salon-backend] [           main] [                                                 ] o.s.d.c.c.c.MappingCassandraConverter    : Adding map.entry [updated_at] - [2025-08-10T02:14:55.441058Z]
2025-08-09T23:14:55.442-03:00 DEBUG 98192 --- [beauty-salon-backend] [           main] [                                                 ] o.s.data.cassandra.core.cql.CqlTemplate  : Preparing statement [INSERT INTO customers (id,name,email,phone,address,created_at,updated_at) VALUES (?,?,?,?,?,?,?)] using org.springframework.data.cassandra.core.CassandraTemplate$PreparedStatementHandler@364e3a12
2025-08-09T23:14:55.442-03:00 DEBUG 98192 --- [beauty-salon-backend] [           main] [                                                 ] o.s.data.cassandra.core.cql.CqlTemplate  : Executing prepared statement [INSERT INTO customers (id,name,email,phone,address,created_at,updated_at) VALUES (?,?,?,?,?,?,?)]
2025-08-09T23:14:55.447-03:00 DEBUG 98192 --- [beauty-salon-backend] [           main] [                                                 ] o.s.d.c.c.c.MappingCassandraConverter    : doWithProperties Property.type java.util.UUID, Property.value 8d4af3d8-765e-4a46-9906-54040e461dcd
2025-08-09T23:14:55.447-03:00 DEBUG 98192 --- [beauty-salon-backend] [           main] [                                                 ] o.s.d.c.c.c.MappingCassandraConverter    : Adding map.entry [id] - [8d4af3d8-765e-4a46-9906-54040e461dcd]
2025-08-09T23:14:55.448-03:00 DEBUG 98192 --- [beauty-salon-backend] [           main] [                                                 ] o.s.d.c.c.c.MappingCassandraConverter    : doWithProperties Property.type java.lang.String, Property.value Phase2 Test Customer 8
2025-08-09T23:14:55.448-03:00 DEBUG 98192 --- [beauty-salon-backend] [           main] [                                                 ] o.s.d.c.c.c.MappingCassandraConverter    : Adding map.entry [name] - [Phase2 Test Customer 8]
2025-08-09T23:14:55.448-03:00 DEBUG 98192 --- [beauty-salon-backend] [           main] [                                                 ] o.s.d.c.c.c.MappingCassandraConverter    : doWithProperties Property.type java.lang.String, Property.value phase2test8@example.com
2025-08-09T23:14:55.448-03:00 DEBUG 98192 --- [beauty-salon-backend] [           main] [                                                 ] o.s.d.c.c.c.MappingCassandraConverter    : Adding map.entry [email] - [phase2test8@example.com]
2025-08-09T23:14:55.448-03:00 DEBUG 98192 --- [beauty-salon-backend] [           main] [                                                 ] o.s.d.c.c.c.MappingCassandraConverter    : doWithProperties Property.type java.lang.String, Property.value 5550000008
2025-08-09T23:14:55.448-03:00 DEBUG 98192 --- [beauty-salon-backend] [           main] [                                                 ] o.s.d.c.c.c.MappingCassandraConverter    : Adding map.entry [phone] - [5550000008]
2025-08-09T23:14:55.448-03:00 DEBUG 98192 --- [beauty-salon-backend] [           main] [                                                 ] o.s.d.c.c.c.MappingCassandraConverter    : doWithProperties Property.type java.lang.String, Property.value 123 Phase2 St 8
2025-08-09T23:14:55.448-03:00 DEBUG 98192 --- [beauty-salon-backend] [           main] [                                                 ] o.s.d.c.c.c.MappingCassandraConverter    : Adding map.entry [address] - [123 Phase2 St 8]
2025-08-09T23:14:55.448-03:00 DEBUG 98192 --- [beauty-salon-backend] [           main] [                                                 ] o.s.d.c.c.c.MappingCassandraConverter    : doWithProperties Property.type java.time.Instant, Property.value 2025-08-10T02:14:55.447742Z
2025-08-09T23:14:55.448-03:00 DEBUG 98192 --- [beauty-salon-backend] [           main] [                                                 ] o.s.d.c.c.c.MappingCassandraConverter    : Adding map.entry [created_at] - [2025-08-10T02:14:55.447742Z]
2025-08-09T23:14:55.448-03:00 DEBUG 98192 --- [beauty-salon-backend] [           main] [                                                 ] o.s.d.c.c.c.MappingCassandraConverter    : doWithProperties Property.type java.time.Instant, Property.value 2025-08-10T02:14:55.447742Z
2025-08-09T23:14:55.448-03:00 DEBUG 98192 --- [beauty-salon-backend] [           main] [                                                 ] o.s.d.c.c.c.MappingCassandraConverter    : Adding map.entry [updated_at] - [2025-08-10T02:14:55.447742Z]
2025-08-09T23:14:55.448-03:00 DEBUG 98192 --- [beauty-salon-backend] [           main] [                                                 ] o.s.data.cassandra.core.cql.CqlTemplate  : Preparing statement [INSERT INTO customers (id,name,email,phone,address,created_at,updated_at) VALUES (?,?,?,?,?,?,?)] using org.springframework.data.cassandra.core.CassandraTemplate$PreparedStatementHandler@56bc1039
2025-08-09T23:14:55.448-03:00 DEBUG 98192 --- [beauty-salon-backend] [           main] [                                                 ] o.s.data.cassandra.core.cql.CqlTemplate  : Executing prepared statement [INSERT INTO customers (id,name,email,phone,address,created_at,updated_at) VALUES (?,?,?,?,?,?,?)]
2025-08-09T23:14:55.454-03:00 DEBUG 98192 --- [beauty-salon-backend] [           main] [                                                 ] o.s.d.c.c.c.MappingCassandraConverter    : doWithProperties Property.type java.util.UUID, Property.value 6950c78a-896f-4758-aefe-4c1de05aa0f6
2025-08-09T23:14:55.455-03:00 DEBUG 98192 --- [beauty-salon-backend] [           main] [                                                 ] o.s.d.c.c.c.MappingCassandraConverter    : Adding map.entry [id] - [6950c78a-896f-4758-aefe-4c1de05aa0f6]
2025-08-09T23:14:55.455-03:00 DEBUG 98192 --- [beauty-salon-backend] [           main] [                                                 ] o.s.d.c.c.c.MappingCassandraConverter    : doWithProperties Property.type java.lang.String, Property.value Phase2 Test Customer 9
2025-08-09T23:14:55.455-03:00 DEBUG 98192 --- [beauty-salon-backend] [           main] [                                                 ] o.s.d.c.c.c.MappingCassandraConverter    : Adding map.entry [name] - [Phase2 Test Customer 9]
2025-08-09T23:14:55.455-03:00 DEBUG 98192 --- [beauty-salon-backend] [           main] [                                                 ] o.s.d.c.c.c.MappingCassandraConverter    : doWithProperties Property.type java.lang.String, Property.value phase2test9@example.com
2025-08-09T23:14:55.455-03:00 DEBUG 98192 --- [beauty-salon-backend] [           main] [                                                 ] o.s.d.c.c.c.MappingCassandraConverter    : Adding map.entry [email] - [phase2test9@example.com]
2025-08-09T23:14:55.455-03:00 DEBUG 98192 --- [beauty-salon-backend] [           main] [                                                 ] o.s.d.c.c.c.MappingCassandraConverter    : doWithProperties Property.type java.lang.String, Property.value 5550000009
2025-08-09T23:14:55.455-03:00 DEBUG 98192 --- [beauty-salon-backend] [           main] [                                                 ] o.s.d.c.c.c.MappingCassandraConverter    : Adding map.entry [phone] - [5550000009]
2025-08-09T23:14:55.456-03:00 DEBUG 98192 --- [beauty-salon-backend] [           main] [                                                 ] o.s.d.c.c.c.MappingCassandraConverter    : doWithProperties Property.type java.lang.String, Property.value 123 Phase2 St 9
2025-08-09T23:14:55.456-03:00 DEBUG 98192 --- [beauty-salon-backend] [           main] [                                                 ] o.s.d.c.c.c.MappingCassandraConverter    : Adding map.entry [address] - [123 Phase2 St 9]
2025-08-09T23:14:55.456-03:00 DEBUG 98192 --- [beauty-salon-backend] [           main] [                                                 ] o.s.d.c.c.c.MappingCassandraConverter    : doWithProperties Property.type java.time.Instant, Property.value 2025-08-10T02:14:55.454861Z
2025-08-09T23:14:55.456-03:00 DEBUG 98192 --- [beauty-salon-backend] [           main] [                                                 ] o.s.d.c.c.c.MappingCassandraConverter    : Adding map.entry [created_at] - [2025-08-10T02:14:55.454861Z]
2025-08-09T23:14:55.456-03:00 DEBUG 98192 --- [beauty-salon-backend] [           main] [                                                 ] o.s.d.c.c.c.MappingCassandraConverter    : doWithProperties Property.type java.time.Instant, Property.value 2025-08-10T02:14:55.454861Z
2025-08-09T23:14:55.456-03:00 DEBUG 98192 --- [beauty-salon-backend] [           main] [                                                 ] o.s.d.c.c.c.MappingCassandraConverter    : Adding map.entry [updated_at] - [2025-08-10T02:14:55.454861Z]
2025-08-09T23:14:55.457-03:00 DEBUG 98192 --- [beauty-salon-backend] [           main] [                                                 ] o.s.data.cassandra.core.cql.CqlTemplate  : Preparing statement [INSERT INTO customers (id,name,email,phone,address,created_at,updated_at) VALUES (?,?,?,?,?,?,?)] using org.springframework.data.cassandra.core.CassandraTemplate$PreparedStatementHandler@4eac763c
2025-08-09T23:14:55.457-03:00 DEBUG 98192 --- [beauty-salon-backend] [           main] [                                                 ] o.s.data.cassandra.core.cql.CqlTemplate  : Executing prepared statement [INSERT INTO customers (id,name,email,phone,address,created_at,updated_at) VALUES (?,?,?,?,?,?,?)]
2025-08-09T23:14:55.461-03:00 DEBUG 98192 --- [beauty-salon-backend] [           main] [                                                 ] o.s.d.c.c.c.MappingCassandraConverter    : doWithProperties Property.type java.util.UUID, Property.value c48337f7-c16a-46e2-9ec5-8fef68a64310
2025-08-09T23:14:55.462-03:00 DEBUG 98192 --- [beauty-salon-backend] [           main] [                                                 ] o.s.d.c.c.c.MappingCassandraConverter    : Adding map.entry [id] - [c48337f7-c16a-46e2-9ec5-8fef68a64310]
2025-08-09T23:14:55.462-03:00 DEBUG 98192 --- [beauty-salon-backend] [           main] [                                                 ] o.s.d.c.c.c.MappingCassandraConverter    : doWithProperties Property.type java.lang.String, Property.value Phase2 Test Customer 10
2025-08-09T23:14:55.462-03:00 DEBUG 98192 --- [beauty-salon-backend] [           main] [                                                 ] o.s.d.c.c.c.MappingCassandraConverter    : Adding map.entry [name] - [Phase2 Test Customer 10]
2025-08-09T23:14:55.462-03:00 DEBUG 98192 --- [beauty-salon-backend] [           main] [                                                 ] o.s.d.c.c.c.MappingCassandraConverter    : doWithProperties Property.type java.lang.String, Property.value phase2test10@example.com
2025-08-09T23:14:55.462-03:00 DEBUG 98192 --- [beauty-salon-backend] [           main] [                                                 ] o.s.d.c.c.c.MappingCassandraConverter    : Adding map.entry [email] - [phase2test10@example.com]
2025-08-09T23:14:55.462-03:00 DEBUG 98192 --- [beauty-salon-backend] [           main] [                                                 ] o.s.d.c.c.c.MappingCassandraConverter    : doWithProperties Property.type java.lang.String, Property.value 5550000010
2025-08-09T23:14:55.462-03:00 DEBUG 98192 --- [beauty-salon-backend] [           main] [                                                 ] o.s.d.c.c.c.MappingCassandraConverter    : Adding map.entry [phone] - [5550000010]
2025-08-09T23:14:55.462-03:00 DEBUG 98192 --- [beauty-salon-backend] [           main] [                                                 ] o.s.d.c.c.c.MappingCassandraConverter    : doWithProperties Property.type java.lang.String, Property.value 123 Phase2 St 10
2025-08-09T23:14:55.462-03:00 DEBUG 98192 --- [beauty-salon-backend] [           main] [                                                 ] o.s.d.c.c.c.MappingCassandraConverter    : Adding map.entry [address] - [123 Phase2 St 10]
2025-08-09T23:14:55.462-03:00 DEBUG 98192 --- [beauty-salon-backend] [           main] [                                                 ] o.s.d.c.c.c.MappingCassandraConverter    : doWithProperties Property.type java.time.Instant, Property.value 2025-08-10T02:14:55.461844Z
2025-08-09T23:14:55.462-03:00 DEBUG 98192 --- [beauty-salon-backend] [           main] [                                                 ] o.s.d.c.c.c.MappingCassandraConverter    : Adding map.entry [created_at] - [2025-08-10T02:14:55.461844Z]
2025-08-09T23:14:55.462-03:00 DEBUG 98192 --- [beauty-salon-backend] [           main] [                                                 ] o.s.d.c.c.c.MappingCassandraConverter    : doWithProperties Property.type java.time.Instant, Property.value 2025-08-10T02:14:55.461844Z
2025-08-09T23:14:55.462-03:00 DEBUG 98192 --- [beauty-salon-backend] [           main] [                                                 ] o.s.d.c.c.c.MappingCassandraConverter    : Adding map.entry [updated_at] - [2025-08-10T02:14:55.461844Z]
2025-08-09T23:14:55.462-03:00 DEBUG 98192 --- [beauty-salon-backend] [           main] [                                                 ] o.s.data.cassandra.core.cql.CqlTemplate  : Preparing statement [INSERT INTO customers (id,name,email,phone,address,created_at,updated_at) VALUES (?,?,?,?,?,?,?)] using org.springframework.data.cassandra.core.CassandraTemplate$PreparedStatementHandler@722a04ae
2025-08-09T23:14:55.462-03:00 DEBUG 98192 --- [beauty-salon-backend] [           main] [                                                 ] o.s.data.cassandra.core.cql.CqlTemplate  : Executing prepared statement [INSERT INTO customers (id,name,email,phone,address,created_at,updated_at) VALUES (?,?,?,?,?,?,?)]
2025-08-09T23:14:55.470-03:00 DEBUG 98192 --- [beauty-salon-backend] [           main] [                                                 ] o.s.d.c.c.c.MappingCassandraConverter    : doWithProperties Property.type java.util.UUID, Property.value 3175ee95-34a8-481a-999b-6fbd5729e62d
2025-08-09T23:14:55.471-03:00 DEBUG 98192 --- [beauty-salon-backend] [           main] [                                                 ] o.s.d.c.c.c.MappingCassandraConverter    : Adding map.entry [id] - [3175ee95-34a8-481a-999b-6fbd5729e62d]
2025-08-09T23:14:55.471-03:00 DEBUG 98192 --- [beauty-salon-backend] [           main] [                                                 ] o.s.d.c.c.c.MappingCassandraConverter    : doWithProperties Property.type java.lang.String, Property.value Phase2 Test Customer 11
2025-08-09T23:14:55.471-03:00 DEBUG 98192 --- [beauty-salon-backend] [           main] [                                                 ] o.s.d.c.c.c.MappingCassandraConverter    : Adding map.entry [name] - [Phase2 Test Customer 11]
2025-08-09T23:14:55.471-03:00 DEBUG 98192 --- [beauty-salon-backend] [           main] [                                                 ] o.s.d.c.c.c.MappingCassandraConverter    : doWithProperties Property.type java.lang.String, Property.value phase2test11@example.com
2025-08-09T23:14:55.471-03:00 DEBUG 98192 --- [beauty-salon-backend] [           main] [                                                 ] o.s.d.c.c.c.MappingCassandraConverter    : Adding map.entry [email] - [phase2test11@example.com]
2025-08-09T23:14:55.471-03:00 DEBUG 98192 --- [beauty-salon-backend] [           main] [                                                 ] o.s.d.c.c.c.MappingCassandraConverter    : doWithProperties Property.type java.lang.String, Property.value 5550000011
2025-08-09T23:14:55.471-03:00 DEBUG 98192 --- [beauty-salon-backend] [           main] [                                                 ] o.s.d.c.c.c.MappingCassandraConverter    : Adding map.entry [phone] - [5550000011]
2025-08-09T23:14:55.471-03:00 DEBUG 98192 --- [beauty-salon-backend] [           main] [                                                 ] o.s.d.c.c.c.MappingCassandraConverter    : doWithProperties Property.type java.lang.String, Property.value 123 Phase2 St 11
2025-08-09T23:14:55.471-03:00 DEBUG 98192 --- [beauty-salon-backend] [           main] [                                                 ] o.s.d.c.c.c.MappingCassandraConverter    : Adding map.entry [address] - [123 Phase2 St 11]
2025-08-09T23:14:55.471-03:00 DEBUG 98192 --- [beauty-salon-backend] [           main] [                                                 ] o.s.d.c.c.c.MappingCassandraConverter    : doWithProperties Property.type java.time.Instant, Property.value 2025-08-10T02:14:55.470859Z
2025-08-09T23:14:55.471-03:00 DEBUG 98192 --- [beauty-salon-backend] [           main] [                                                 ] o.s.d.c.c.c.MappingCassandraConverter    : Adding map.entry [created_at] - [2025-08-10T02:14:55.470859Z]
2025-08-09T23:14:55.471-03:00 DEBUG 98192 --- [beauty-salon-backend] [           main] [                                                 ] o.s.d.c.c.c.MappingCassandraConverter    : doWithProperties Property.type java.time.Instant, Property.value 2025-08-10T02:14:55.470859Z
2025-08-09T23:14:55.471-03:00 DEBUG 98192 --- [beauty-salon-backend] [           main] [                                                 ] o.s.d.c.c.c.MappingCassandraConverter    : Adding map.entry [updated_at] - [2025-08-10T02:14:55.470859Z]
2025-08-09T23:14:55.471-03:00 DEBUG 98192 --- [beauty-salon-backend] [           main] [                                                 ] o.s.data.cassandra.core.cql.CqlTemplate  : Preparing statement [INSERT INTO customers (id,name,email,phone,address,created_at,updated_at) VALUES (?,?,?,?,?,?,?)] using org.springframework.data.cassandra.core.CassandraTemplate$PreparedStatementHandler@7cd1e0c4
2025-08-09T23:14:55.471-03:00 DEBUG 98192 --- [beauty-salon-backend] [           main] [                                                 ] o.s.data.cassandra.core.cql.CqlTemplate  : Executing prepared statement [INSERT INTO customers (id,name,email,phone,address,created_at,updated_at) VALUES (?,?,?,?,?,?,?)]
2025-08-09T23:14:55.478-03:00 DEBUG 98192 --- [beauty-salon-backend] [           main] [                                                 ] o.s.d.c.c.c.MappingCassandraConverter    : doWithProperties Property.type java.util.UUID, Property.value d0801e63-b256-4eb2-90c5-4bbf4d141016
2025-08-09T23:14:55.478-03:00 DEBUG 98192 --- [beauty-salon-backend] [           main] [                                                 ] o.s.d.c.c.c.MappingCassandraConverter    : Adding map.entry [id] - [d0801e63-b256-4eb2-90c5-4bbf4d141016]
2025-08-09T23:14:55.478-03:00 DEBUG 98192 --- [beauty-salon-backend] [           main] [                                                 ] o.s.d.c.c.c.MappingCassandraConverter    : doWithProperties Property.type java.lang.String, Property.value Phase2 Test Customer 12
2025-08-09T23:14:55.478-03:00 DEBUG 98192 --- [beauty-salon-backend] [           main] [                                                 ] o.s.d.c.c.c.MappingCassandraConverter    : Adding map.entry [name] - [Phase2 Test Customer 12]
2025-08-09T23:14:55.478-03:00 DEBUG 98192 --- [beauty-salon-backend] [           main] [                                                 ] o.s.d.c.c.c.MappingCassandraConverter    : doWithProperties Property.type java.lang.String, Property.value phase2test12@example.com
2025-08-09T23:14:55.478-03:00 DEBUG 98192 --- [beauty-salon-backend] [           main] [                                                 ] o.s.d.c.c.c.MappingCassandraConverter    : Adding map.entry [email] - [phase2test12@example.com]
2025-08-09T23:14:55.478-03:00 DEBUG 98192 --- [beauty-salon-backend] [           main] [                                                 ] o.s.d.c.c.c.MappingCassandraConverter    : doWithProperties Property.type java.lang.String, Property.value 5550000012
2025-08-09T23:14:55.478-03:00 DEBUG 98192 --- [beauty-salon-backend] [           main] [                                                 ] o.s.d.c.c.c.MappingCassandraConverter    : Adding map.entry [phone] - [5550000012]
2025-08-09T23:14:55.478-03:00 DEBUG 98192 --- [beauty-salon-backend] [           main] [                                                 ] o.s.d.c.c.c.MappingCassandraConverter    : doWithProperties Property.type java.lang.String, Property.value 123 Phase2 St 12
2025-08-09T23:14:55.478-03:00 DEBUG 98192 --- [beauty-salon-backend] [           main] [                                                 ] o.s.d.c.c.c.MappingCassandraConverter    : Adding map.entry [address] - [123 Phase2 St 12]
2025-08-09T23:14:55.478-03:00 DEBUG 98192 --- [beauty-salon-backend] [           main] [                                                 ] o.s.d.c.c.c.MappingCassandraConverter    : doWithProperties Property.type java.time.Instant, Property.value 2025-08-10T02:14:55.478220Z
2025-08-09T23:14:55.478-03:00 DEBUG 98192 --- [beauty-salon-backend] [           main] [                                                 ] o.s.d.c.c.c.MappingCassandraConverter    : Adding map.entry [created_at] - [2025-08-10T02:14:55.478220Z]
2025-08-09T23:14:55.478-03:00 DEBUG 98192 --- [beauty-salon-backend] [           main] [                                                 ] o.s.d.c.c.c.MappingCassandraConverter    : doWithProperties Property.type java.time.Instant, Property.value 2025-08-10T02:14:55.478220Z
2025-08-09T23:14:55.478-03:00 DEBUG 98192 --- [beauty-salon-backend] [           main] [                                                 ] o.s.d.c.c.c.MappingCassandraConverter    : Adding map.entry [updated_at] - [2025-08-10T02:14:55.478220Z]
2025-08-09T23:14:55.479-03:00 DEBUG 98192 --- [beauty-salon-backend] [           main] [                                                 ] o.s.data.cassandra.core.cql.CqlTemplate  : Preparing statement [INSERT INTO customers (id,name,email,phone,address,created_at,updated_at) VALUES (?,?,?,?,?,?,?)] using org.springframework.data.cassandra.core.CassandraTemplate$PreparedStatementHandler@15d84c80
2025-08-09T23:14:55.479-03:00 DEBUG 98192 --- [beauty-salon-backend] [           main] [                                                 ] o.s.data.cassandra.core.cql.CqlTemplate  : Executing prepared statement [INSERT INTO customers (id,name,email,phone,address,created_at,updated_at) VALUES (?,?,?,?,?,?,?)]
2025-08-09T23:14:55.487-03:00 DEBUG 98192 --- [beauty-salon-backend] [           main] [                                                 ] o.s.d.c.c.c.MappingCassandraConverter    : doWithProperties Property.type java.util.UUID, Property.value 3cefff30-fa6d-4e10-be29-7f0753ea17e5
2025-08-09T23:14:55.487-03:00 DEBUG 98192 --- [beauty-salon-backend] [           main] [                                                 ] o.s.d.c.c.c.MappingCassandraConverter    : Adding map.entry [id] - [3cefff30-fa6d-4e10-be29-7f0753ea17e5]
2025-08-09T23:14:55.487-03:00 DEBUG 98192 --- [beauty-salon-backend] [           main] [                                                 ] o.s.d.c.c.c.MappingCassandraConverter    : doWithProperties Property.type java.lang.String, Property.value Phase2 Test Customer 13
2025-08-09T23:14:55.487-03:00 DEBUG 98192 --- [beauty-salon-backend] [           main] [                                                 ] o.s.d.c.c.c.MappingCassandraConverter    : Adding map.entry [name] - [Phase2 Test Customer 13]
2025-08-09T23:14:55.488-03:00 DEBUG 98192 --- [beauty-salon-backend] [           main] [                                                 ] o.s.d.c.c.c.MappingCassandraConverter    : doWithProperties Property.type java.lang.String, Property.value phase2test13@example.com
2025-08-09T23:14:55.488-03:00 DEBUG 98192 --- [beauty-salon-backend] [           main] [                                                 ] o.s.d.c.c.c.MappingCassandraConverter    : Adding map.entry [email] - [phase2test13@example.com]
2025-08-09T23:14:55.488-03:00 DEBUG 98192 --- [beauty-salon-backend] [           main] [                                                 ] o.s.d.c.c.c.MappingCassandraConverter    : doWithProperties Property.type java.lang.String, Property.value 5550000013
2025-08-09T23:14:55.488-03:00 DEBUG 98192 --- [beauty-salon-backend] [           main] [                                                 ] o.s.d.c.c.c.MappingCassandraConverter    : Adding map.entry [phone] - [5550000013]
2025-08-09T23:14:55.488-03:00 DEBUG 98192 --- [beauty-salon-backend] [           main] [                                                 ] o.s.d.c.c.c.MappingCassandraConverter    : doWithProperties Property.type java.lang.String, Property.value 123 Phase2 St 13
2025-08-09T23:14:55.488-03:00 DEBUG 98192 --- [beauty-salon-backend] [           main] [                                                 ] o.s.d.c.c.c.MappingCassandraConverter    : Adding map.entry [address] - [123 Phase2 St 13]
2025-08-09T23:14:55.488-03:00 DEBUG 98192 --- [beauty-salon-backend] [           main] [                                                 ] o.s.d.c.c.c.MappingCassandraConverter    : doWithProperties Property.type java.time.Instant, Property.value 2025-08-10T02:14:55.487606Z
2025-08-09T23:14:55.488-03:00 DEBUG 98192 --- [beauty-salon-backend] [           main] [                                                 ] o.s.d.c.c.c.MappingCassandraConverter    : Adding map.entry [created_at] - [2025-08-10T02:14:55.487606Z]
2025-08-09T23:14:55.488-03:00 DEBUG 98192 --- [beauty-salon-backend] [           main] [                                                 ] o.s.d.c.c.c.MappingCassandraConverter    : doWithProperties Property.type java.time.Instant, Property.value 2025-08-10T02:14:55.487606Z
2025-08-09T23:14:55.488-03:00 DEBUG 98192 --- [beauty-salon-backend] [           main] [                                                 ] o.s.d.c.c.c.MappingCassandraConverter    : Adding map.entry [updated_at] - [2025-08-10T02:14:55.487606Z]
2025-08-09T23:14:55.488-03:00 DEBUG 98192 --- [beauty-salon-backend] [           main] [                                                 ] o.s.data.cassandra.core.cql.CqlTemplate  : Preparing statement [INSERT INTO customers (id,name,email,phone,address,created_at,updated_at) VALUES (?,?,?,?,?,?,?)] using org.springframework.data.cassandra.core.CassandraTemplate$PreparedStatementHandler@3c4d4a71
2025-08-09T23:14:55.488-03:00 DEBUG 98192 --- [beauty-salon-backend] [           main] [                                                 ] o.s.data.cassandra.core.cql.CqlTemplate  : Executing prepared statement [INSERT INTO customers (id,name,email,phone,address,created_at,updated_at) VALUES (?,?,?,?,?,?,?)]
2025-08-09T23:14:55.494-03:00 DEBUG 98192 --- [beauty-salon-backend] [           main] [                                                 ] o.s.d.c.c.c.MappingCassandraConverter    : doWithProperties Property.type java.util.UUID, Property.value c4fff9fa-e4a2-412a-8a7f-63a7222c320e
2025-08-09T23:14:55.494-03:00 DEBUG 98192 --- [beauty-salon-backend] [           main] [                                                 ] o.s.d.c.c.c.MappingCassandraConverter    : Adding map.entry [id] - [c4fff9fa-e4a2-412a-8a7f-63a7222c320e]
2025-08-09T23:14:55.494-03:00 DEBUG 98192 --- [beauty-salon-backend] [           main] [                                                 ] o.s.d.c.c.c.MappingCassandraConverter    : doWithProperties Property.type java.lang.String, Property.value Phase2 Test Customer 14
2025-08-09T23:14:55.494-03:00 DEBUG 98192 --- [beauty-salon-backend] [           main] [                                                 ] o.s.d.c.c.c.MappingCassandraConverter    : Adding map.entry [name] - [Phase2 Test Customer 14]
2025-08-09T23:14:55.494-03:00 DEBUG 98192 --- [beauty-salon-backend] [           main] [                                                 ] o.s.d.c.c.c.MappingCassandraConverter    : doWithProperties Property.type java.lang.String, Property.value phase2test14@example.com
2025-08-09T23:14:55.494-03:00 DEBUG 98192 --- [beauty-salon-backend] [           main] [                                                 ] o.s.d.c.c.c.MappingCassandraConverter    : Adding map.entry [email] - [phase2test14@example.com]
2025-08-09T23:14:55.494-03:00 DEBUG 98192 --- [beauty-salon-backend] [           main] [                                                 ] o.s.d.c.c.c.MappingCassandraConverter    : doWithProperties Property.type java.lang.String, Property.value 5550000014
2025-08-09T23:14:55.494-03:00 DEBUG 98192 --- [beauty-salon-backend] [           main] [                                                 ] o.s.d.c.c.c.MappingCassandraConverter    : Adding map.entry [phone] - [5550000014]
2025-08-09T23:14:55.494-03:00 DEBUG 98192 --- [beauty-salon-backend] [           main] [                                                 ] o.s.d.c.c.c.MappingCassandraConverter    : doWithProperties Property.type java.lang.String, Property.value 123 Phase2 St 14
2025-08-09T23:14:55.494-03:00 DEBUG 98192 --- [beauty-salon-backend] [           main] [                                                 ] o.s.d.c.c.c.MappingCassandraConverter    : Adding map.entry [address] - [123 Phase2 St 14]
2025-08-09T23:14:55.494-03:00 DEBUG 98192 --- [beauty-salon-backend] [           main] [                                                 ] o.s.d.c.c.c.MappingCassandraConverter    : doWithProperties Property.type java.time.Instant, Property.value 2025-08-10T02:14:55.494398Z
2025-08-09T23:14:55.495-03:00 DEBUG 98192 --- [beauty-salon-backend] [           main] [                                                 ] o.s.d.c.c.c.MappingCassandraConverter    : Adding map.entry [created_at] - [2025-08-10T02:14:55.494398Z]
2025-08-09T23:14:55.495-03:00 DEBUG 98192 --- [beauty-salon-backend] [           main] [                                                 ] o.s.d.c.c.c.MappingCassandraConverter    : doWithProperties Property.type java.time.Instant, Property.value 2025-08-10T02:14:55.494398Z
2025-08-09T23:14:55.495-03:00 DEBUG 98192 --- [beauty-salon-backend] [           main] [                                                 ] o.s.d.c.c.c.MappingCassandraConverter    : Adding map.entry [updated_at] - [2025-08-10T02:14:55.494398Z]
2025-08-09T23:14:55.495-03:00 DEBUG 98192 --- [beauty-salon-backend] [           main] [                                                 ] o.s.data.cassandra.core.cql.CqlTemplate  : Preparing statement [INSERT INTO customers (id,name,email,phone,address,created_at,updated_at) VALUES (?,?,?,?,?,?,?)] using org.springframework.data.cassandra.core.CassandraTemplate$PreparedStatementHandler@75c0c054
2025-08-09T23:14:55.495-03:00 DEBUG 98192 --- [beauty-salon-backend] [           main] [                                                 ] o.s.data.cassandra.core.cql.CqlTemplate  : Executing prepared statement [INSERT INTO customers (id,name,email,phone,address,created_at,updated_at) VALUES (?,?,?,?,?,?,?)]
2025-08-09T23:14:55.500-03:00 DEBUG 98192 --- [beauty-salon-backend] [           main] [                                                 ] o.s.d.c.c.c.MappingCassandraConverter    : doWithProperties Property.type java.util.UUID, Property.value 450cde93-ef20-47d3-b350-e2afbfeb42d9
2025-08-09T23:14:55.500-03:00 DEBUG 98192 --- [beauty-salon-backend] [           main] [                                                 ] o.s.d.c.c.c.MappingCassandraConverter    : Adding map.entry [id] - [450cde93-ef20-47d3-b350-e2afbfeb42d9]
2025-08-09T23:14:55.500-03:00 DEBUG 98192 --- [beauty-salon-backend] [           main] [                                                 ] o.s.d.c.c.c.MappingCassandraConverter    : doWithProperties Property.type java.lang.String, Property.value Phase2 Test Customer 15
2025-08-09T23:14:55.500-03:00 DEBUG 98192 --- [beauty-salon-backend] [           main] [                                                 ] o.s.d.c.c.c.MappingCassandraConverter    : Adding map.entry [name] - [Phase2 Test Customer 15]
2025-08-09T23:14:55.500-03:00 DEBUG 98192 --- [beauty-salon-backend] [           main] [                                                 ] o.s.d.c.c.c.MappingCassandraConverter    : doWithProperties Property.type java.lang.String, Property.value phase2test15@example.com
2025-08-09T23:14:55.500-03:00 DEBUG 98192 --- [beauty-salon-backend] [           main] [                                                 ] o.s.d.c.c.c.MappingCassandraConverter    : Adding map.entry [email] - [phase2test15@example.com]
2025-08-09T23:14:55.500-03:00 DEBUG 98192 --- [beauty-salon-backend] [           main] [                                                 ] o.s.d.c.c.c.MappingCassandraConverter    : doWithProperties Property.type java.lang.String, Property.value 5550000015
2025-08-09T23:14:55.500-03:00 DEBUG 98192 --- [beauty-salon-backend] [           main] [                                                 ] o.s.d.c.c.c.MappingCassandraConverter    : Adding map.entry [phone] - [5550000015]
2025-08-09T23:14:55.500-03:00 DEBUG 98192 --- [beauty-salon-backend] [           main] [                                                 ] o.s.d.c.c.c.MappingCassandraConverter    : doWithProperties Property.type java.lang.String, Property.value 123 Phase2 St 15
2025-08-09T23:14:55.500-03:00 DEBUG 98192 --- [beauty-salon-backend] [           main] [                                                 ] o.s.d.c.c.c.MappingCassandraConverter    : Adding map.entry [address] - [123 Phase2 St 15]
2025-08-09T23:14:55.500-03:00 DEBUG 98192 --- [beauty-salon-backend] [           main] [                                                 ] o.s.d.c.c.c.MappingCassandraConverter    : doWithProperties Property.type java.time.Instant, Property.value 2025-08-10T02:14:55.499982Z
2025-08-09T23:14:55.500-03:00 DEBUG 98192 --- [beauty-salon-backend] [           main] [                                                 ] o.s.d.c.c.c.MappingCassandraConverter    : Adding map.entry [created_at] - [2025-08-10T02:14:55.499982Z]
2025-08-09T23:14:55.500-03:00 DEBUG 98192 --- [beauty-salon-backend] [           main] [                                                 ] o.s.d.c.c.c.MappingCassandraConverter    : doWithProperties Property.type java.time.Instant, Property.value 2025-08-10T02:14:55.499983Z
2025-08-09T23:14:55.500-03:00 DEBUG 98192 --- [beauty-salon-backend] [           main] [                                                 ] o.s.d.c.c.c.MappingCassandraConverter    : Adding map.entry [updated_at] - [2025-08-10T02:14:55.499983Z]
2025-08-09T23:14:55.500-03:00 DEBUG 98192 --- [beauty-salon-backend] [           main] [                                                 ] o.s.data.cassandra.core.cql.CqlTemplate  : Preparing statement [INSERT INTO customers (id,name,email,phone,address,created_at,updated_at) VALUES (?,?,?,?,?,?,?)] using org.springframework.data.cassandra.core.CassandraTemplate$PreparedStatementHandler@2640c542
2025-08-09T23:14:55.500-03:00 DEBUG 98192 --- [beauty-salon-backend] [           main] [                                                 ] o.s.data.cassandra.core.cql.CqlTemplate  : Executing prepared statement [INSERT INTO customers (id,name,email,phone,address,created_at,updated_at) VALUES (?,?,?,?,?,?,?)]
2025-08-09T23:14:55.506-03:00 DEBUG 98192 --- [beauty-salon-backend] [           main] [                                                 ] o.s.d.c.c.c.MappingCassandraConverter    : doWithProperties Property.type java.util.UUID, Property.value 9536c482-4adf-4e1c-b563-d6fe7199f177
2025-08-09T23:14:55.507-03:00 DEBUG 98192 --- [beauty-salon-backend] [           main] [                                                 ] o.s.d.c.c.c.MappingCassandraConverter    : Adding map.entry [id] - [9536c482-4adf-4e1c-b563-d6fe7199f177]
2025-08-09T23:14:55.507-03:00 DEBUG 98192 --- [beauty-salon-backend] [           main] [                                                 ] o.s.d.c.c.c.MappingCassandraConverter    : doWithProperties Property.type java.lang.String, Property.value Phase2 Test Customer 16
2025-08-09T23:14:55.507-03:00 DEBUG 98192 --- [beauty-salon-backend] [           main] [                                                 ] o.s.d.c.c.c.MappingCassandraConverter    : Adding map.entry [name] - [Phase2 Test Customer 16]
2025-08-09T23:14:55.507-03:00 DEBUG 98192 --- [beauty-salon-backend] [           main] [                                                 ] o.s.d.c.c.c.MappingCassandraConverter    : doWithProperties Property.type java.lang.String, Property.value phase2test16@example.com
2025-08-09T23:14:55.507-03:00 DEBUG 98192 --- [beauty-salon-backend] [           main] [                                                 ] o.s.d.c.c.c.MappingCassandraConverter    : Adding map.entry [email] - [phase2test16@example.com]
2025-08-09T23:14:55.507-03:00 DEBUG 98192 --- [beauty-salon-backend] [           main] [                                                 ] o.s.d.c.c.c.MappingCassandraConverter    : doWithProperties Property.type java.lang.String, Property.value 5550000016
2025-08-09T23:14:55.507-03:00 DEBUG 98192 --- [beauty-salon-backend] [           main] [                                                 ] o.s.d.c.c.c.MappingCassandraConverter    : Adding map.entry [phone] - [5550000016]
2025-08-09T23:14:55.507-03:00 DEBUG 98192 --- [beauty-salon-backend] [           main] [                                                 ] o.s.d.c.c.c.MappingCassandraConverter    : doWithProperties Property.type java.lang.String, Property.value 123 Phase2 St 16
2025-08-09T23:14:55.507-03:00 DEBUG 98192 --- [beauty-salon-backend] [           main] [                                                 ] o.s.d.c.c.c.MappingCassandraConverter    : Adding map.entry [address] - [123 Phase2 St 16]
2025-08-09T23:14:55.507-03:00 DEBUG 98192 --- [beauty-salon-backend] [           main] [                                                 ] o.s.d.c.c.c.MappingCassandraConverter    : doWithProperties Property.type java.time.Instant, Property.value 2025-08-10T02:14:55.506843Z
2025-08-09T23:14:55.507-03:00 DEBUG 98192 --- [beauty-salon-backend] [           main] [                                                 ] o.s.d.c.c.c.MappingCassandraConverter    : Adding map.entry [created_at] - [2025-08-10T02:14:55.506843Z]
2025-08-09T23:14:55.507-03:00 DEBUG 98192 --- [beauty-salon-backend] [           main] [                                                 ] o.s.d.c.c.c.MappingCassandraConverter    : doWithProperties Property.type java.time.Instant, Property.value 2025-08-10T02:14:55.506843Z
2025-08-09T23:14:55.507-03:00 DEBUG 98192 --- [beauty-salon-backend] [           main] [                                                 ] o.s.d.c.c.c.MappingCassandraConverter    : Adding map.entry [updated_at] - [2025-08-10T02:14:55.506843Z]
2025-08-09T23:14:55.508-03:00 DEBUG 98192 --- [beauty-salon-backend] [           main] [                                                 ] o.s.data.cassandra.core.cql.CqlTemplate  : Preparing statement [INSERT INTO customers (id,name,email,phone,address,created_at,updated_at) VALUES (?,?,?,?,?,?,?)] using org.springframework.data.cassandra.core.CassandraTemplate$PreparedStatementHandler@2e87b919
2025-08-09T23:14:55.508-03:00 DEBUG 98192 --- [beauty-salon-backend] [           main] [                                                 ] o.s.data.cassandra.core.cql.CqlTemplate  : Executing prepared statement [INSERT INTO customers (id,name,email,phone,address,created_at,updated_at) VALUES (?,?,?,?,?,?,?)]
2025-08-09T23:14:55.514-03:00 DEBUG 98192 --- [beauty-salon-backend] [           main] [                                                 ] o.s.d.c.c.c.MappingCassandraConverter    : doWithProperties Property.type java.util.UUID, Property.value 63c8474d-74ba-4704-8bec-1ebf7faddf62
2025-08-09T23:14:55.514-03:00 DEBUG 98192 --- [beauty-salon-backend] [           main] [                                                 ] o.s.d.c.c.c.MappingCassandraConverter    : Adding map.entry [id] - [63c8474d-74ba-4704-8bec-1ebf7faddf62]
2025-08-09T23:14:55.514-03:00 DEBUG 98192 --- [beauty-salon-backend] [           main] [                                                 ] o.s.d.c.c.c.MappingCassandraConverter    : doWithProperties Property.type java.lang.String, Property.value Phase2 Test Customer 17
2025-08-09T23:14:55.514-03:00 DEBUG 98192 --- [beauty-salon-backend] [           main] [                                                 ] o.s.d.c.c.c.MappingCassandraConverter    : Adding map.entry [name] - [Phase2 Test Customer 17]
2025-08-09T23:14:55.514-03:00 DEBUG 98192 --- [beauty-salon-backend] [           main] [                                                 ] o.s.d.c.c.c.MappingCassandraConverter    : doWithProperties Property.type java.lang.String, Property.value phase2test17@example.com
2025-08-09T23:14:55.514-03:00 DEBUG 98192 --- [beauty-salon-backend] [           main] [                                                 ] o.s.d.c.c.c.MappingCassandraConverter    : Adding map.entry [email] - [phase2test17@example.com]
2025-08-09T23:14:55.514-03:00 DEBUG 98192 --- [beauty-salon-backend] [           main] [                                                 ] o.s.d.c.c.c.MappingCassandraConverter    : doWithProperties Property.type java.lang.String, Property.value 5550000017
2025-08-09T23:14:55.514-03:00 DEBUG 98192 --- [beauty-salon-backend] [           main] [                                                 ] o.s.d.c.c.c.MappingCassandraConverter    : Adding map.entry [phone] - [5550000017]
2025-08-09T23:14:55.514-03:00 DEBUG 98192 --- [beauty-salon-backend] [           main] [                                                 ] o.s.d.c.c.c.MappingCassandraConverter    : doWithProperties Property.type java.lang.String, Property.value 123 Phase2 St 17
2025-08-09T23:14:55.514-03:00 DEBUG 98192 --- [beauty-salon-backend] [           main] [                                                 ] o.s.d.c.c.c.MappingCassandraConverter    : Adding map.entry [address] - [123 Phase2 St 17]
2025-08-09T23:14:55.515-03:00 DEBUG 98192 --- [beauty-salon-backend] [           main] [                                                 ] o.s.d.c.c.c.MappingCassandraConverter    : doWithProperties Property.type java.time.Instant, Property.value 2025-08-10T02:14:55.514524Z
2025-08-09T23:14:55.515-03:00 DEBUG 98192 --- [beauty-salon-backend] [           main] [                                                 ] o.s.d.c.c.c.MappingCassandraConverter    : Adding map.entry [created_at] - [2025-08-10T02:14:55.514524Z]
2025-08-09T23:14:55.515-03:00 DEBUG 98192 --- [beauty-salon-backend] [           main] [                                                 ] o.s.d.c.c.c.MappingCassandraConverter    : doWithProperties Property.type java.time.Instant, Property.value 2025-08-10T02:14:55.514524Z
2025-08-09T23:14:55.515-03:00 DEBUG 98192 --- [beauty-salon-backend] [           main] [                                                 ] o.s.d.c.c.c.MappingCassandraConverter    : Adding map.entry [updated_at] - [2025-08-10T02:14:55.514524Z]
2025-08-09T23:14:55.515-03:00 DEBUG 98192 --- [beauty-salon-backend] [           main] [                                                 ] o.s.data.cassandra.core.cql.CqlTemplate  : Preparing statement [INSERT INTO customers (id,name,email,phone,address,created_at,updated_at) VALUES (?,?,?,?,?,?,?)] using org.springframework.data.cassandra.core.CassandraTemplate$PreparedStatementHandler@3e4a20f9
2025-08-09T23:14:55.515-03:00 DEBUG 98192 --- [beauty-salon-backend] [           main] [                                                 ] o.s.data.cassandra.core.cql.CqlTemplate  : Executing prepared statement [INSERT INTO customers (id,name,email,phone,address,created_at,updated_at) VALUES (?,?,?,?,?,?,?)]
2025-08-09T23:14:55.520-03:00 DEBUG 98192 --- [beauty-salon-backend] [           main] [                                                 ] o.s.d.c.c.c.MappingCassandraConverter    : doWithProperties Property.type java.util.UUID, Property.value 0f4ff44a-82e0-4b14-897d-48871e7d97ab
2025-08-09T23:14:55.520-03:00 DEBUG 98192 --- [beauty-salon-backend] [           main] [                                                 ] o.s.d.c.c.c.MappingCassandraConverter    : Adding map.entry [id] - [0f4ff44a-82e0-4b14-897d-48871e7d97ab]
2025-08-09T23:14:55.520-03:00 DEBUG 98192 --- [beauty-salon-backend] [           main] [                                                 ] o.s.d.c.c.c.MappingCassandraConverter    : doWithProperties Property.type java.lang.String, Property.value Phase2 Test Customer 18
2025-08-09T23:14:55.520-03:00 DEBUG 98192 --- [beauty-salon-backend] [           main] [                                                 ] o.s.d.c.c.c.MappingCassandraConverter    : Adding map.entry [name] - [Phase2 Test Customer 18]
2025-08-09T23:14:55.520-03:00 DEBUG 98192 --- [beauty-salon-backend] [           main] [                                                 ] o.s.d.c.c.c.MappingCassandraConverter    : doWithProperties Property.type java.lang.String, Property.value phase2test18@example.com
2025-08-09T23:14:55.520-03:00 DEBUG 98192 --- [beauty-salon-backend] [           main] [                                                 ] o.s.d.c.c.c.MappingCassandraConverter    : Adding map.entry [email] - [phase2test18@example.com]
2025-08-09T23:14:55.520-03:00 DEBUG 98192 --- [beauty-salon-backend] [           main] [                                                 ] o.s.d.c.c.c.MappingCassandraConverter    : doWithProperties Property.type java.lang.String, Property.value 5550000018
2025-08-09T23:14:55.521-03:00 DEBUG 98192 --- [beauty-salon-backend] [           main] [                                                 ] o.s.d.c.c.c.MappingCassandraConverter    : Adding map.entry [phone] - [5550000018]
2025-08-09T23:14:55.521-03:00 DEBUG 98192 --- [beauty-salon-backend] [           main] [                                                 ] o.s.d.c.c.c.MappingCassandraConverter    : doWithProperties Property.type java.lang.String, Property.value 123 Phase2 St 18
2025-08-09T23:14:55.521-03:00 DEBUG 98192 --- [beauty-salon-backend] [           main] [                                                 ] o.s.d.c.c.c.MappingCassandraConverter    : Adding map.entry [address] - [123 Phase2 St 18]
2025-08-09T23:14:55.521-03:00 DEBUG 98192 --- [beauty-salon-backend] [           main] [                                                 ] o.s.d.c.c.c.MappingCassandraConverter    : doWithProperties Property.type java.time.Instant, Property.value 2025-08-10T02:14:55.520393Z
2025-08-09T23:14:55.521-03:00 DEBUG 98192 --- [beauty-salon-backend] [           main] [                                                 ] o.s.d.c.c.c.MappingCassandraConverter    : Adding map.entry [created_at] - [2025-08-10T02:14:55.520393Z]
2025-08-09T23:14:55.521-03:00 DEBUG 98192 --- [beauty-salon-backend] [           main] [                                                 ] o.s.d.c.c.c.MappingCassandraConverter    : doWithProperties Property.type java.time.Instant, Property.value 2025-08-10T02:14:55.520393Z
2025-08-09T23:14:55.521-03:00 DEBUG 98192 --- [beauty-salon-backend] [           main] [                                                 ] o.s.d.c.c.c.MappingCassandraConverter    : Adding map.entry [updated_at] - [2025-08-10T02:14:55.520393Z]
2025-08-09T23:14:55.521-03:00 DEBUG 98192 --- [beauty-salon-backend] [           main] [                                                 ] o.s.data.cassandra.core.cql.CqlTemplate  : Preparing statement [INSERT INTO customers (id,name,email,phone,address,created_at,updated_at) VALUES (?,?,?,?,?,?,?)] using org.springframework.data.cassandra.core.CassandraTemplate$PreparedStatementHandler@5a367832
2025-08-09T23:14:55.521-03:00 DEBUG 98192 --- [beauty-salon-backend] [           main] [                                                 ] o.s.data.cassandra.core.cql.CqlTemplate  : Executing prepared statement [INSERT INTO customers (id,name,email,phone,address,created_at,updated_at) VALUES (?,?,?,?,?,?,?)]
2025-08-09T23:14:55.532-03:00 DEBUG 98192 --- [beauty-salon-backend] [           main] [                                                 ] o.s.d.c.c.c.MappingCassandraConverter    : doWithProperties Property.type java.util.UUID, Property.value 4c18777a-6d3c-4608-bce7-0e91f7eed461
2025-08-09T23:14:55.532-03:00 DEBUG 98192 --- [beauty-salon-backend] [           main] [                                                 ] o.s.d.c.c.c.MappingCassandraConverter    : Adding map.entry [id] - [4c18777a-6d3c-4608-bce7-0e91f7eed461]
2025-08-09T23:14:55.532-03:00 DEBUG 98192 --- [beauty-salon-backend] [           main] [                                                 ] o.s.d.c.c.c.MappingCassandraConverter    : doWithProperties Property.type java.lang.String, Property.value Phase2 Test Customer 19
2025-08-09T23:14:55.532-03:00 DEBUG 98192 --- [beauty-salon-backend] [           main] [                                                 ] o.s.d.c.c.c.MappingCassandraConverter    : Adding map.entry [name] - [Phase2 Test Customer 19]
2025-08-09T23:14:55.532-03:00 DEBUG 98192 --- [beauty-salon-backend] [           main] [                                                 ] o.s.d.c.c.c.MappingCassandraConverter    : doWithProperties Property.type java.lang.String, Property.value phase2test19@example.com
2025-08-09T23:14:55.533-03:00 DEBUG 98192 --- [beauty-salon-backend] [           main] [                                                 ] o.s.d.c.c.c.MappingCassandraConverter    : Adding map.entry [email] - [phase2test19@example.com]
2025-08-09T23:14:55.533-03:00 DEBUG 98192 --- [beauty-salon-backend] [           main] [                                                 ] o.s.d.c.c.c.MappingCassandraConverter    : doWithProperties Property.type java.lang.String, Property.value 5550000019
2025-08-09T23:14:55.533-03:00 DEBUG 98192 --- [beauty-salon-backend] [           main] [                                                 ] o.s.d.c.c.c.MappingCassandraConverter    : Adding map.entry [phone] - [5550000019]
2025-08-09T23:14:55.533-03:00 DEBUG 98192 --- [beauty-salon-backend] [           main] [                                                 ] o.s.d.c.c.c.MappingCassandraConverter    : doWithProperties Property.type java.lang.String, Property.value 123 Phase2 St 19
2025-08-09T23:14:55.533-03:00 DEBUG 98192 --- [beauty-salon-backend] [           main] [                                                 ] o.s.d.c.c.c.MappingCassandraConverter    : Adding map.entry [address] - [123 Phase2 St 19]
2025-08-09T23:14:55.533-03:00 DEBUG 98192 --- [beauty-salon-backend] [           main] [                                                 ] o.s.d.c.c.c.MappingCassandraConverter    : doWithProperties Property.type java.time.Instant, Property.value 2025-08-10T02:14:55.532607Z
2025-08-09T23:14:55.533-03:00 DEBUG 98192 --- [beauty-salon-backend] [           main] [                                                 ] o.s.d.c.c.c.MappingCassandraConverter    : Adding map.entry [created_at] - [2025-08-10T02:14:55.532607Z]
2025-08-09T23:14:55.533-03:00 DEBUG 98192 --- [beauty-salon-backend] [           main] [                                                 ] o.s.d.c.c.c.MappingCassandraConverter    : doWithProperties Property.type java.time.Instant, Property.value 2025-08-10T02:14:55.532608Z
2025-08-09T23:14:55.533-03:00 DEBUG 98192 --- [beauty-salon-backend] [           main] [                                                 ] o.s.d.c.c.c.MappingCassandraConverter    : Adding map.entry [updated_at] - [2025-08-10T02:14:55.532608Z]
2025-08-09T23:14:55.533-03:00 DEBUG 98192 --- [beauty-salon-backend] [           main] [                                                 ] o.s.data.cassandra.core.cql.CqlTemplate  : Preparing statement [INSERT INTO customers (id,name,email,phone,address,created_at,updated_at) VALUES (?,?,?,?,?,?,?)] using org.springframework.data.cassandra.core.CassandraTemplate$PreparedStatementHandler@4c13fb61
2025-08-09T23:14:55.533-03:00 DEBUG 98192 --- [beauty-salon-backend] [           main] [                                                 ] o.s.data.cassandra.core.cql.CqlTemplate  : Executing prepared statement [INSERT INTO customers (id,name,email,phone,address,created_at,updated_at) VALUES (?,?,?,?,?,?,?)]

=== Phase 2: Overall Performance Summary ===
2025-08-09T23:14:55.545-03:00 DEBUG 98192 --- [beauty-salon-backend] [           main] [                                                 ] o.s.data.cassandra.core.cql.CqlTemplate  : Preparing statement [SELECT * FROM customers WHERE id=? LIMIT 1] using org.springframework.data.cassandra.core.CassandraTemplate$PreparedStatementHandler@6c18f0a8
2025-08-09T23:14:55.548-03:00 DEBUG 98192 --- [beauty-salon-backend] [           main] [                                                 ] o.s.data.cassandra.core.cql.CqlTemplate  : Executing prepared statement [SELECT * FROM customers WHERE id=? LIMIT 1]
2025-08-09T23:14:55.560-03:00 DEBUG 98192 --- [beauty-salon-backend] [           main] [                                                 ] o.s.d.c.r.query.QueryStatementCreator    : Created query [SELECT * FROM customers WHERE email = ? ALLOW FILTERING]
2025-08-09T23:14:55.561-03:00 DEBUG 98192 --- [beauty-salon-backend] [           main] [                                                 ] o.s.data.cassandra.core.cql.CqlTemplate  : Preparing statement [SELECT * FROM customers WHERE email = ? ALLOW FILTERING] using org.springframework.data.cassandra.core.CassandraTemplate$PreparedStatementHandler@727c31f9
2025-08-09T23:14:55.566-03:00 DEBUG 98192 --- [beauty-salon-backend] [           main] [                                                 ] o.s.data.cassandra.core.cql.CqlTemplate  : Executing prepared statement [SELECT * FROM customers WHERE email = ? ALLOW FILTERING]
2025-08-09T23:14:55.583-03:00 DEBUG 98192 --- [beauty-salon-backend] [           main] [                                                 ] o.s.d.c.r.query.QueryStatementCreator    : Created query [SELECT * FROM customers WHERE name LIKE ? ALLOW FILTERING]
2025-08-09T23:14:55.583-03:00 DEBUG 98192 --- [beauty-salon-backend] [           main] [                                                 ] o.s.data.cassandra.core.cql.CqlTemplate  : Preparing statement [SELECT * FROM customers WHERE name LIKE ? ALLOW FILTERING] using org.springframework.data.cassandra.core.CassandraTemplate$PreparedStatementHandler@6882001d

MockHttpServletRequest:
      HTTP Method = POST
      Request URI = /api/customers
       Parameters = {}
          Headers = [Content-Type:"application/json;charset=UTF-8", Content-Length:"244"]
             Body = {"id":"b1048c2f-7288-43bf-ba1e-d4b595728e34","name":"Phase2 Test Customer 0","email":"phase2test0@example.com","phone":"5550000000","address":"123 Phase2 St 0","createdAt":"2025-08-10T02:14:55.223610Z","updatedAt":"2025-08-10T02:14:55.223611Z"}
    Session Attrs = {}

Handler:
             Type = com.beautysalon.controller.CustomerController
           Method = com.beautysalon.controller.CustomerController#createCustomer(Customer)

Async:
    Async started = false
     Async result = null

Resolved Exception:
             Type = null

ModelAndView:
        View name = null
             View = null
            Model = null

FlashMap:
       Attributes = null

MockHttpServletResponse:
           Status = 201
    Error message = null
          Headers = [Vary:"Origin", "Access-Control-Request-Method", "Access-Control-Request-Headers", Content-Type:"application/json"]
     Content type = application/json
             Body = {"id":"b1048c2f-7288-43bf-ba1e-d4b595728e34","name":"Phase2 Test Customer 0","email":"phase2test0@example.com","phone":"5550000000","address":"123 Phase2 St 0","createdAt":"2025-08-10T02:14:55.316334Z","updatedAt":"2025-08-10T02:14:55.316336Z"}
    Forwarded URL = null
   Redirected URL = null
          Cookies = []

MockHttpServletRequest:
      HTTP Method = POST
      Request URI = /api/customers
       Parameters = {}
          Headers = [Content-Type:"application/json;charset=UTF-8", Content-Length:"244"]
             Body = {"id":"7890f6e6-8077-4b7f-bbff-d4f201aa3d21","name":"Phase2 Test Customer 1","email":"phase2test1@example.com","phone":"5550000001","address":"123 Phase2 St 1","createdAt":"2025-08-10T02:14:55.404965Z","updatedAt":"2025-08-10T02:14:55.404965Z"}
    Session Attrs = {}

Handler:
             Type = com.beautysalon.controller.CustomerController
           Method = com.beautysalon.controller.CustomerController#createCustomer(Customer)

Async:
    Async started = false
     Async result = null

Resolved Exception:
             Type = null

ModelAndView:
        View name = null
             View = null
            Model = null

FlashMap:
       Attributes = null

MockHttpServletResponse:
           Status = 201
    Error message = null
          Headers = [Vary:"Origin", "Access-Control-Request-Method", "Access-Control-Request-Headers", Content-Type:"application/json"]
     Content type = application/json
             Body = {"id":"7890f6e6-8077-4b7f-bbff-d4f201aa3d21","name":"Phase2 Test Customer 1","email":"phase2test1@example.com","phone":"5550000001","address":"123 Phase2 St 1","createdAt":"2025-08-10T02:14:55.405953Z","updatedAt":"2025-08-10T02:14:55.405953Z"}
    Forwarded URL = null
   Redirected URL = null
          Cookies = []

MockHttpServletRequest:
      HTTP Method = POST
      Request URI = /api/customers
       Parameters = {}
          Headers = [Content-Type:"application/json;charset=UTF-8", Content-Length:"244"]
             Body = {"id":"822adfcb-bb83-4696-a386-19a4769b6290","name":"Phase2 Test Customer 2","email":"phase2test2@example.com","phone":"5550000002","address":"123 Phase2 St 2","createdAt":"2025-08-10T02:14:55.410832Z","updatedAt":"2025-08-10T02:14:55.410833Z"}
    Session Attrs = {}

Handler:
             Type = com.beautysalon.controller.CustomerController
           Method = com.beautysalon.controller.CustomerController#createCustomer(Customer)

Async:
    Async started = false
     Async result = null

Resolved Exception:
             Type = null

ModelAndView:
        View name = null
             View = null
            Model = null

FlashMap:
       Attributes = null

MockHttpServletResponse:
           Status = 201
    Error message = null
          Headers = [Vary:"Origin", "Access-Control-Request-Method", "Access-Control-Request-Headers", Content-Type:"application/json"]
     Content type = application/json
             Body = {"id":"822adfcb-bb83-4696-a386-19a4769b6290","name":"Phase2 Test Customer 2","email":"phase2test2@example.com","phone":"5550000002","address":"123 Phase2 St 2","createdAt":"2025-08-10T02:14:55.411630Z","updatedAt":"2025-08-10T02:14:55.411630Z"}
    Forwarded URL = null
   Redirected URL = null
          Cookies = []

MockHttpServletRequest:
      HTTP Method = POST
      Request URI = /api/customers
       Parameters = {}
          Headers = [Content-Type:"application/json;charset=UTF-8", Content-Length:"244"]
             Body = {"id":"50cdf037-13f3-417a-9f90-b5ed13d3dde4","name":"Phase2 Test Customer 3","email":"phase2test3@example.com","phone":"5550000003","address":"123 Phase2 St 3","createdAt":"2025-08-10T02:14:55.416573Z","updatedAt":"2025-08-10T02:14:55.416573Z"}
    Session Attrs = {}

Handler:
             Type = com.beautysalon.controller.CustomerController
           Method = com.beautysalon.controller.CustomerController#createCustomer(Customer)

Async:
    Async started = false
     Async result = null

Resolved Exception:
             Type = null

ModelAndView:
        View name = null
             View = null
            Model = null

FlashMap:
       Attributes = null

MockHttpServletResponse:
           Status = 201
    Error message = null
          Headers = [Vary:"Origin", "Access-Control-Request-Method", "Access-Control-Request-Headers", Content-Type:"application/json"]
     Content type = application/json
             Body = {"id":"50cdf037-13f3-417a-9f90-b5ed13d3dde4","name":"Phase2 Test Customer 3","email":"phase2test3@example.com","phone":"5550000003","address":"123 Phase2 St 3","createdAt":"2025-08-10T02:14:55.417416Z","updatedAt":"2025-08-10T02:14:55.417417Z"}
    Forwarded URL = null
   Redirected URL = null
          Cookies = []

MockHttpServletRequest:
      HTTP Method = POST
      Request URI = /api/customers
       Parameters = {}
          Headers = [Content-Type:"application/json;charset=UTF-8", Content-Length:"244"]
             Body = {"id":"13982e1c-ec21-4937-9511-2d6163dd8b14","name":"Phase2 Test Customer 4","email":"phase2test4@example.com","phone":"5550000004","address":"123 Phase2 St 4","createdAt":"2025-08-10T02:14:55.422336Z","updatedAt":"2025-08-10T02:14:55.422336Z"}
    Session Attrs = {}

Handler:
             Type = com.beautysalon.controller.CustomerController
           Method = com.beautysalon.controller.CustomerController#createCustomer(Customer)

Async:
    Async started = false
     Async result = null

Resolved Exception:
             Type = null

ModelAndView:
        View name = null
             View = null
            Model = null

FlashMap:
       Attributes = null

MockHttpServletResponse:
           Status = 201
    Error message = null
          Headers = [Vary:"Origin", "Access-Control-Request-Method", "Access-Control-Request-Headers", Content-Type:"application/json"]
     Content type = application/json
             Body = {"id":"13982e1c-ec21-4937-9511-2d6163dd8b14","name":"Phase2 Test Customer 4","email":"phase2test4@example.com","phone":"5550000004","address":"123 Phase2 St 4","createdAt":"2025-08-10T02:14:55.423048Z","updatedAt":"2025-08-10T02:14:55.423048Z"}
    Forwarded URL = null
   Redirected URL = null
          Cookies = []

MockHttpServletRequest:
      HTTP Method = POST
      Request URI = /api/customers
       Parameters = {}
          Headers = [Content-Type:"application/json;charset=UTF-8", Content-Length:"244"]
             Body = {"id":"bb103205-b66e-46d4-a626-181eccde3dd7","name":"Phase2 Test Customer 5","email":"phase2test5@example.com","phone":"5550000005","address":"123 Phase2 St 5","createdAt":"2025-08-10T02:14:55.427523Z","updatedAt":"2025-08-10T02:14:55.427523Z"}
    Session Attrs = {}

Handler:
             Type = com.beautysalon.controller.CustomerController
           Method = com.beautysalon.controller.CustomerController#createCustomer(Customer)

Async:
    Async started = false
     Async result = null

Resolved Exception:
             Type = null

ModelAndView:
        View name = null
             View = null
            Model = null

FlashMap:
       Attributes = null

MockHttpServletResponse:
           Status = 201
    Error message = null
          Headers = [Vary:"Origin", "Access-Control-Request-Method", "Access-Control-Request-Headers", Content-Type:"application/json"]
     Content type = application/json
             Body = {"id":"bb103205-b66e-46d4-a626-181eccde3dd7","name":"Phase2 Test Customer 5","email":"phase2test5@example.com","phone":"5550000005","address":"123 Phase2 St 5","createdAt":"2025-08-10T02:14:55.428193Z","updatedAt":"2025-08-10T02:14:55.428193Z"}
    Forwarded URL = null
   Redirected URL = null
          Cookies = []

MockHttpServletRequest:
      HTTP Method = POST
      Request URI = /api/customers
       Parameters = {}
          Headers = [Content-Type:"application/json;charset=UTF-8", Content-Length:"244"]
             Body = {"id":"9510e326-df2d-42ca-a784-2c8e4f86821c","name":"Phase2 Test Customer 6","email":"phase2test6@example.com","phone":"5550000006","address":"123 Phase2 St 6","createdAt":"2025-08-10T02:14:55.433405Z","updatedAt":"2025-08-10T02:14:55.433405Z"}
    Session Attrs = {}

Handler:
             Type = com.beautysalon.controller.CustomerController
           Method = com.beautysalon.controller.CustomerController#createCustomer(Customer)

Async:
    Async started = false
     Async result = null

Resolved Exception:
             Type = null

ModelAndView:
        View name = null
             View = null
            Model = null

FlashMap:
       Attributes = null

MockHttpServletResponse:
           Status = 201
    Error message = null
          Headers = [Vary:"Origin", "Access-Control-Request-Method", "Access-Control-Request-Headers", Content-Type:"application/json"]
     Content type = application/json
             Body = {"id":"9510e326-df2d-42ca-a784-2c8e4f86821c","name":"Phase2 Test Customer 6","email":"phase2test6@example.com","phone":"5550000006","address":"123 Phase2 St 6","createdAt":"2025-08-10T02:14:55.434139Z","updatedAt":"2025-08-10T02:14:55.434139Z"}
    Forwarded URL = null
   Redirected URL = null
          Cookies = []

MockHttpServletRequest:
      HTTP Method = POST
      Request URI = /api/customers
       Parameters = {}
          Headers = [Content-Type:"application/json;charset=UTF-8", Content-Length:"244"]
             Body = {"id":"10cd79bd-a62f-4312-8cab-627d4ce022b3","name":"Phase2 Test Customer 7","email":"phase2test7@example.com","phone":"5550000007","address":"123 Phase2 St 7","createdAt":"2025-08-10T02:14:55.439979Z","updatedAt":"2025-08-10T02:14:55.439979Z"}
    Session Attrs = {}

Handler:
             Type = com.beautysalon.controller.CustomerController
           Method = com.beautysalon.controller.CustomerController#createCustomer(Customer)

Async:
    Async started = false
     Async result = null

Resolved Exception:
             Type = null

ModelAndView:
        View name = null
             View = null
            Model = null

FlashMap:
       Attributes = null

MockHttpServletResponse:
           Status = 201
    Error message = null
          Headers = [Vary:"Origin", "Access-Control-Request-Method", "Access-Control-Request-Headers", Content-Type:"application/json"]
     Content type = application/json
             Body = {"id":"10cd79bd-a62f-4312-8cab-627d4ce022b3","name":"Phase2 Test Customer 7","email":"phase2test7@example.com","phone":"5550000007","address":"123 Phase2 St 7","createdAt":"2025-08-10T02:14:55.441058Z","updatedAt":"2025-08-10T02:14:55.441058Z"}
    Forwarded URL = null
   Redirected URL = null
          Cookies = []

MockHttpServletRequest:
      HTTP Method = POST
      Request URI = /api/customers
       Parameters = {}
          Headers = [Content-Type:"application/json;charset=UTF-8", Content-Length:"244"]
             Body = {"id":"8d4af3d8-765e-4a46-9906-54040e461dcd","name":"Phase2 Test Customer 8","email":"phase2test8@example.com","phone":"5550000008","address":"123 Phase2 St 8","createdAt":"2025-08-10T02:14:55.446819Z","updatedAt":"2025-08-10T02:14:55.446819Z"}
    Session Attrs = {}

Handler:
             Type = com.beautysalon.controller.CustomerController
           Method = com.beautysalon.controller.CustomerController#createCustomer(Customer)

Async:
    Async started = false
     Async result = null

Resolved Exception:
             Type = null

ModelAndView:
        View name = null
             View = null
            Model = null

FlashMap:
       Attributes = null

MockHttpServletResponse:
           Status = 201
    Error message = null
          Headers = [Vary:"Origin", "Access-Control-Request-Method", "Access-Control-Request-Headers", Content-Type:"application/json"]
     Content type = application/json
             Body = {"id":"8d4af3d8-765e-4a46-9906-54040e461dcd","name":"Phase2 Test Customer 8","email":"phase2test8@example.com","phone":"5550000008","address":"123 Phase2 St 8","createdAt":"2025-08-10T02:14:55.447742Z","updatedAt":"2025-08-10T02:14:55.447742Z"}
    Forwarded URL = null
   Redirected URL = null
          Cookies = []

MockHttpServletRequest:
      HTTP Method = POST
      Request URI = /api/customers
       Parameters = {}
          Headers = [Content-Type:"application/json;charset=UTF-8", Content-Length:"244"]
             Body = {"id":"6950c78a-896f-4758-aefe-4c1de05aa0f6","name":"Phase2 Test Customer 9","email":"phase2test9@example.com","phone":"5550000009","address":"123 Phase2 St 9","createdAt":"2025-08-10T02:14:55.453979Z","updatedAt":"2025-08-10T02:14:55.453979Z"}
    Session Attrs = {}

Handler:
             Type = com.beautysalon.controller.CustomerController
           Method = com.beautysalon.controller.CustomerController#createCustomer(Customer)

Async:
    Async started = false
     Async result = null

Resolved Exception:
             Type = null

ModelAndView:
        View name = null
             View = null
            Model = null

FlashMap:
       Attributes = null

MockHttpServletResponse:
           Status = 201
    Error message = null
          Headers = [Vary:"Origin", "Access-Control-Request-Method", "Access-Control-Request-Headers", Content-Type:"application/json"]
     Content type = application/json
             Body = {"id":"6950c78a-896f-4758-aefe-4c1de05aa0f6","name":"Phase2 Test Customer 9","email":"phase2test9@example.com","phone":"5550000009","address":"123 Phase2 St 9","createdAt":"2025-08-10T02:14:55.454861Z","updatedAt":"2025-08-10T02:14:55.454861Z"}
    Forwarded URL = null
   Redirected URL = null
          Cookies = []

MockHttpServletRequest:
      HTTP Method = POST
      Request URI = /api/customers
       Parameters = {}
          Headers = [Content-Type:"application/json;charset=UTF-8", Content-Length:"247"]
             Body = {"id":"c48337f7-c16a-46e2-9ec5-8fef68a64310","name":"Phase2 Test Customer 10","email":"phase2test10@example.com","phone":"5550000010","address":"123 Phase2 St 10","createdAt":"2025-08-10T02:14:55.461079Z","updatedAt":"2025-08-10T02:14:55.461079Z"}
    Session Attrs = {}

Handler:
             Type = com.beautysalon.controller.CustomerController
           Method = com.beautysalon.controller.CustomerController#createCustomer(Customer)

Async:
    Async started = false
     Async result = null

Resolved Exception:
             Type = null

ModelAndView:
        View name = null
             View = null
            Model = null

FlashMap:
       Attributes = null

MockHttpServletResponse:
           Status = 201
    Error message = null
          Headers = [Vary:"Origin", "Access-Control-Request-Method", "Access-Control-Request-Headers", Content-Type:"application/json"]
     Content type = application/json
             Body = {"id":"c48337f7-c16a-46e2-9ec5-8fef68a64310","name":"Phase2 Test Customer 10","email":"phase2test10@example.com","phone":"5550000010","address":"123 Phase2 St 10","createdAt":"2025-08-10T02:14:55.461844Z","updatedAt":"2025-08-10T02:14:55.461844Z"}
    Forwarded URL = null
   Redirected URL = null
          Cookies = []

MockHttpServletRequest:
      HTTP Method = POST
      Request URI = /api/customers
       Parameters = {}
          Headers = [Content-Type:"application/json;charset=UTF-8", Content-Length:"247"]
             Body = {"id":"3175ee95-34a8-481a-999b-6fbd5729e62d","name":"Phase2 Test Customer 11","email":"phase2test11@example.com","phone":"5550000011","address":"123 Phase2 St 11","createdAt":"2025-08-10T02:14:55.469421Z","updatedAt":"2025-08-10T02:14:55.469421Z"}
    Session Attrs = {}

Handler:
             Type = com.beautysalon.controller.CustomerController
           Method = com.beautysalon.controller.CustomerController#createCustomer(Customer)

Async:
    Async started = false
     Async result = null

Resolved Exception:
             Type = null

ModelAndView:
        View name = null
             View = null
            Model = null

FlashMap:
       Attributes = null

MockHttpServletResponse:
           Status = 201
    Error message = null
          Headers = [Vary:"Origin", "Access-Control-Request-Method", "Access-Control-Request-Headers", Content-Type:"application/json"]
     Content type = application/json
             Body = {"id":"3175ee95-34a8-481a-999b-6fbd5729e62d","name":"Phase2 Test Customer 11","email":"phase2test11@example.com","phone":"5550000011","address":"123 Phase2 St 11","createdAt":"2025-08-10T02:14:55.470859Z","updatedAt":"2025-08-10T02:14:55.470859Z"}
    Forwarded URL = null
   Redirected URL = null
          Cookies = []

MockHttpServletRequest:
      HTTP Method = POST
      Request URI = /api/customers
       Parameters = {}
          Headers = [Content-Type:"application/json;charset=UTF-8", Content-Length:"247"]
             Body = {"id":"d0801e63-b256-4eb2-90c5-4bbf4d141016","name":"Phase2 Test Customer 12","email":"phase2test12@example.com","phone":"5550000012","address":"123 Phase2 St 12","createdAt":"2025-08-10T02:14:55.477294Z","updatedAt":"2025-08-10T02:14:55.477294Z"}
    Session Attrs = {}

Handler:
             Type = com.beautysalon.controller.CustomerController
           Method = com.beautysalon.controller.CustomerController#createCustomer(Customer)

Async:
    Async started = false
     Async result = null

Resolved Exception:
             Type = null

ModelAndView:
        View name = null
             View = null
            Model = null

FlashMap:
       Attributes = null

MockHttpServletResponse:
           Status = 201
    Error message = null
          Headers = [Vary:"Origin", "Access-Control-Request-Method", "Access-Control-Request-Headers", Content-Type:"application/json"]
     Content type = application/json
             Body = {"id":"d0801e63-b256-4eb2-90c5-4bbf4d141016","name":"Phase2 Test Customer 12","email":"phase2test12@example.com","phone":"5550000012","address":"123 Phase2 St 12","createdAt":"2025-08-10T02:14:55.478220Z","updatedAt":"2025-08-10T02:14:55.478220Z"}
    Forwarded URL = null
   Redirected URL = null
          Cookies = []

MockHttpServletRequest:
      HTTP Method = POST
      Request URI = /api/customers
       Parameters = {}
          Headers = [Content-Type:"application/json;charset=UTF-8", Content-Length:"247"]
             Body = {"id":"3cefff30-fa6d-4e10-be29-7f0753ea17e5","name":"Phase2 Test Customer 13","email":"phase2test13@example.com","phone":"5550000013","address":"123 Phase2 St 13","createdAt":"2025-08-10T02:14:55.486665Z","updatedAt":"2025-08-10T02:14:55.486665Z"}
    Session Attrs = {}

Handler:
             Type = com.beautysalon.controller.CustomerController
           Method = com.beautysalon.controller.CustomerController#createCustomer(Customer)

Async:
    Async started = false
     Async result = null

Resolved Exception:
             Type = null

ModelAndView:
        View name = null
             View = null
            Model = null

FlashMap:
       Attributes = null

MockHttpServletResponse:
           Status = 201
    Error message = null
          Headers = [Vary:"Origin", "Access-Control-Request-Method", "Access-Control-Request-Headers", Content-Type:"application/json"]
     Content type = application/json
             Body = {"id":"3cefff30-fa6d-4e10-be29-7f0753ea17e5","name":"Phase2 Test Customer 13","email":"phase2test13@example.com","phone":"5550000013","address":"123 Phase2 St 13","createdAt":"2025-08-10T02:14:55.487606Z","updatedAt":"2025-08-10T02:14:55.487606Z"}
    Forwarded URL = null
   Redirected URL = null
          Cookies = []

MockHttpServletRequest:
      HTTP Method = POST
      Request URI = /api/customers
       Parameters = {}
          Headers = [Content-Type:"application/json;charset=UTF-8", Content-Length:"247"]
             Body = {"id":"c4fff9fa-e4a2-412a-8a7f-63a7222c320e","name":"Phase2 Test Customer 14","email":"phase2test14@example.com","phone":"5550000014","address":"123 Phase2 St 14","createdAt":"2025-08-10T02:14:55.493349Z","updatedAt":"2025-08-10T02:14:55.493349Z"}
    Session Attrs = {}

Handler:
             Type = com.beautysalon.controller.CustomerController
           Method = com.beautysalon.controller.CustomerController#createCustomer(Customer)

Async:
    Async started = false
     Async result = null

Resolved Exception:
             Type = null

ModelAndView:
        View name = null
             View = null
            Model = null

FlashMap:
       Attributes = null

MockHttpServletResponse:
           Status = 201
    Error message = null
          Headers = [Vary:"Origin", "Access-Control-Request-Method", "Access-Control-Request-Headers", Content-Type:"application/json"]
     Content type = application/json
             Body = {"id":"c4fff9fa-e4a2-412a-8a7f-63a7222c320e","name":"Phase2 Test Customer 14","email":"phase2test14@example.com","phone":"5550000014","address":"123 Phase2 St 14","createdAt":"2025-08-10T02:14:55.494398Z","updatedAt":"2025-08-10T02:14:55.494398Z"}
    Forwarded URL = null
   Redirected URL = null
          Cookies = []

MockHttpServletRequest:
      HTTP Method = POST
      Request URI = /api/customers
       Parameters = {}
          Headers = [Content-Type:"application/json;charset=UTF-8", Content-Length:"247"]
             Body = {"id":"450cde93-ef20-47d3-b350-e2afbfeb42d9","name":"Phase2 Test Customer 15","email":"phase2test15@example.com","phone":"5550000015","address":"123 Phase2 St 15","createdAt":"2025-08-10T02:14:55.499144Z","updatedAt":"2025-08-10T02:14:55.499144Z"}
    Session Attrs = {}

Handler:
             Type = com.beautysalon.controller.CustomerController
           Method = com.beautysalon.controller.CustomerController#createCustomer(Customer)

Async:
    Async started = false
     Async result = null

Resolved Exception:
             Type = null

ModelAndView:
        View name = null
             View = null
            Model = null

FlashMap:
       Attributes = null

MockHttpServletResponse:
           Status = 201
    Error message = null
          Headers = [Vary:"Origin", "Access-Control-Request-Method", "Access-Control-Request-Headers", Content-Type:"application/json"]
     Content type = application/json
             Body = {"id":"450cde93-ef20-47d3-b350-e2afbfeb42d9","name":"Phase2 Test Customer 15","email":"phase2test15@example.com","phone":"5550000015","address":"123 Phase2 St 15","createdAt":"2025-08-10T02:14:55.499982Z","updatedAt":"2025-08-10T02:14:55.499983Z"}
    Forwarded URL = null
   Redirected URL = null
          Cookies = []

MockHttpServletRequest:
      HTTP Method = POST
      Request URI = /api/customers
       Parameters = {}
          Headers = [Content-Type:"application/json;charset=UTF-8", Content-Length:"247"]
             Body = {"id":"9536c482-4adf-4e1c-b563-d6fe7199f177","name":"Phase2 Test Customer 16","email":"phase2test16@example.com","phone":"5550000016","address":"123 Phase2 St 16","createdAt":"2025-08-10T02:14:55.505818Z","updatedAt":"2025-08-10T02:14:55.505818Z"}
    Session Attrs = {}

Handler:
             Type = com.beautysalon.controller.CustomerController
           Method = com.beautysalon.controller.CustomerController#createCustomer(Customer)

Async:
    Async started = false
     Async result = null

Resolved Exception:
             Type = null

ModelAndView:
        View name = null
             View = null
            Model = null

FlashMap:
       Attributes = null

MockHttpServletResponse:
           Status = 201
    Error message = null
          Headers = [Vary:"Origin", "Access-Control-Request-Method", "Access-Control-Request-Headers", Content-Type:"application/json"]
     Content type = application/json
             Body = {"id":"9536c482-4adf-4e1c-b563-d6fe7199f177","name":"Phase2 Test Customer 16","email":"phase2test16@example.com","phone":"5550000016","address":"123 Phase2 St 16","createdAt":"2025-08-10T02:14:55.506843Z","updatedAt":"2025-08-10T02:14:55.506843Z"}
    Forwarded URL = null
   Redirected URL = null
          Cookies = []

MockHttpServletRequest:
      HTTP Method = POST
      Request URI = /api/customers
       Parameters = {}
          Headers = [Content-Type:"application/json;charset=UTF-8", Content-Length:"247"]
             Body = {"id":"63c8474d-74ba-4704-8bec-1ebf7faddf62","name":"Phase2 Test Customer 17","email":"phase2test17@example.com","phone":"5550000017","address":"123 Phase2 St 17","createdAt":"2025-08-10T02:14:55.513595Z","updatedAt":"2025-08-10T02:14:55.513595Z"}
    Session Attrs = {}

Handler:
             Type = com.beautysalon.controller.CustomerController
           Method = com.beautysalon.controller.CustomerController#createCustomer(Customer)

Async:
    Async started = false
     Async result = null

Resolved Exception:
             Type = null

ModelAndView:
        View name = null
             View = null
            Model = null

FlashMap:
       Attributes = null

MockHttpServletResponse:
           Status = 201
    Error message = null
          Headers = [Vary:"Origin", "Access-Control-Request-Method", "Access-Control-Request-Headers", Content-Type:"application/json"]
     Content type = application/json
             Body = {"id":"63c8474d-74ba-4704-8bec-1ebf7faddf62","name":"Phase2 Test Customer 17","email":"phase2test17@example.com","phone":"5550000017","address":"123 Phase2 St 17","createdAt":"2025-08-10T02:14:55.514524Z","updatedAt":"2025-08-10T02:14:55.514524Z"}
    Forwarded URL = null
   Redirected URL = null
          Cookies = []

MockHttpServletRequest:
      HTTP Method = POST
      Request URI = /api/customers
       Parameters = {}
          Headers = [Content-Type:"application/json;charset=UTF-8", Content-Length:"247"]
             Body = {"id":"0f4ff44a-82e0-4b14-897d-48871e7d97ab","name":"Phase2 Test Customer 18","email":"phase2test18@example.com","phone":"5550000018","address":"123 Phase2 St 18","createdAt":"2025-08-10T02:14:55.519266Z","updatedAt":"2025-08-10T02:14:55.519267Z"}
    Session Attrs = {}

Handler:
             Type = com.beautysalon.controller.CustomerController
           Method = com.beautysalon.controller.CustomerController#createCustomer(Customer)

Async:
    Async started = false
     Async result = null

Resolved Exception:
             Type = null

ModelAndView:
        View name = null
             View = null
            Model = null

FlashMap:
       Attributes = null

MockHttpServletResponse:
           Status = 201
    Error message = null
          Headers = [Vary:"Origin", "Access-Control-Request-Method", "Access-Control-Request-Headers", Content-Type:"application/json"]
     Content type = application/json
             Body = {"id":"0f4ff44a-82e0-4b14-897d-48871e7d97ab","name":"Phase2 Test Customer 18","email":"phase2test18@example.com","phone":"5550000018","address":"123 Phase2 St 18","createdAt":"2025-08-10T02:14:55.520393Z","updatedAt":"2025-08-10T02:14:55.520393Z"}
    Forwarded URL = null
   Redirected URL = null
          Cookies = []

MockHttpServletRequest:
      HTTP Method = POST
      Request URI = /api/customers
       Parameters = {}
          Headers = [Content-Type:"application/json;charset=UTF-8", Content-Length:"247"]
             Body = {"id":"4c18777a-6d3c-4608-bce7-0e91f7eed461","name":"Phase2 Test Customer 19","email":"phase2test19@example.com","phone":"5550000019","address":"123 Phase2 St 19","createdAt":"2025-08-10T02:14:55.529823Z","updatedAt":"2025-08-10T02:14:55.529823Z"}
    Session Attrs = {}

Handler:
             Type = com.beautysalon.controller.CustomerController
           Method = com.beautysalon.controller.CustomerController#createCustomer(Customer)

Async:
    Async started = false
     Async result = null

Resolved Exception:
             Type = null

ModelAndView:
        View name = null
             View = null
            Model = null

FlashMap:
       Attributes = null

MockHttpServletResponse:
           Status = 201
    Error message = null
          Headers = [Vary:"Origin", "Access-Control-Request-Method", "Access-Control-Request-Headers", Content-Type:"application/json"]
     Content type = application/json
             Body = {"id":"4c18777a-6d3c-4608-bce7-0e91f7eed461","name":"Phase2 Test Customer 19","email":"phase2test19@example.com","phone":"5550000019","address":"123 Phase2 St 19","createdAt":"2025-08-10T02:14:55.532607Z","updatedAt":"2025-08-10T02:14:55.532608Z"}
    Forwarded URL = null
   Redirected URL = null
          Cookies = []

MockHttpServletRequest:
      HTTP Method = GET
      Request URI = /api/customers/b1048c2f-7288-43bf-ba1e-d4b595728e34
       Parameters = {}
          Headers = []
             Body = null
    Session Attrs = {}

Handler:
             Type = com.beautysalon.controller.CustomerController
           Method = com.beautysalon.controller.CustomerController#getCustomerById(UUID)

Async:
    Async started = false
     Async result = null

Resolved Exception:
             Type = null

ModelAndView:
        View name = null
             View = null
            Model = null

FlashMap:
       Attributes = null

MockHttpServletResponse:
           Status = 200
    Error message = null
          Headers = [Vary:"Origin", "Access-Control-Request-Method", "Access-Control-Request-Headers", Content-Type:"application/json"]
     Content type = application/json
             Body = {"id":"b1048c2f-7288-43bf-ba1e-d4b595728e34","name":"Phase2 Test Customer 0","email":"phase2test0@example.com","phone":"5550000000","address":"123 Phase2 St 0","createdAt":"2025-08-10T02:14:55.316Z","updatedAt":"2025-08-10T02:14:55.316Z"}
    Forwarded URL = null
   Redirected URL = null
          Cookies = []

MockHttpServletRequest:
      HTTP Method = GET
      Request URI = /api/customers/email/phase2test1@example.com
       Parameters = {}
          Headers = []
             Body = null
    Session Attrs = {}

Handler:
             Type = com.beautysalon.controller.CustomerController
           Method = com.beautysalon.controller.CustomerController#getCustomerByEmail(String)

Async:
    Async started = false
     Async result = null

Resolved Exception:
             Type = null

ModelAndView:
        View name = null
             View = null
            Model = null

FlashMap:
       Attributes = null

MockHttpServletResponse:
           Status = 200
    Error message = null
          Headers = [Vary:"Origin", "Access-Control-Request-Method", "Access-Control-Request-Headers", Content-Disposition:"inline;filename=f.txt", Content-Type:"application/json"]
     Content type = application/json
             Body = {"id":"7890f6e6-8077-4b7f-bbff-d4f201aa3d21","name":"Phase2 Test Customer 1","email":"phase2test1@example.com","phone":"5550000001","address":"123 Phase2 St 1","createdAt":"2025-08-10T02:14:55.405Z","updatedAt":"2025-08-10T02:14:55.405Z"}
    Forwarded URL = null
   Redirected URL = null
          Cookies = []
]]></system-out>
    <system-err><![CDATA[Mockito is currently self-attaching to enable the inline-mock-maker. This will no longer work in future releases of the JDK. Please add Mockito as an agent to your build as described in Mockito's documentation: https://javadoc.io/doc/org.mockito/mockito-core/latest/org.mockito/org/mockito/Mockito.html#0.3
WARNING: A Java agent has been loaded dynamically (/Users/leandro.yamaniha/.m2/repository/net/bytebuddy/byte-buddy-agent/1.17.6/byte-buddy-agent-1.17.6.jar)
WARNING: If a serviceability tool is in use, please run with -XX:+EnableDynamicAgentLoading to hide this warning
WARNING: If a serviceability tool is not in use, please run with -Djdk.instrument.traceUsage for more information
WARNING: Dynamic loading of agents will be disallowed by default in a future release
]]></system-err>
  </testcase>
  <testcase name="testIndexPerformanceComparison" classname="com.beautysalon.performance.Phase2ComparisonTest" time="0.12">
    <error message="Request processing failed: org.springframework.dao.IncorrectResultSizeDataAccessException: Incorrect result size: expected 1, actual 2" type="jakarta.servlet.ServletException"><![CDATA[jakarta.servlet.ServletException: Request processing failed: org.springframework.dao.IncorrectResultSizeDataAccessException: Incorrect result size: expected 1, actual 2
	at org.springframework.web.servlet.FrameworkServlet.processRequest(FrameworkServlet.java:1011)
	at org.springframework.web.servlet.FrameworkServlet.doGet(FrameworkServlet.java:892)
	at jakarta.servlet.http.HttpServlet.service(HttpServlet.java:622)
	at org.springframework.web.servlet.FrameworkServlet.service(FrameworkServlet.java:874)
	at org.springframework.test.web.servlet.TestDispatcherServlet.service(TestDispatcherServlet.java:72)
	at jakarta.servlet.http.HttpServlet.service(HttpServlet.java:710)
	at org.springframework.mock.web.MockFilterChain$ServletFilterProxy.doFilter(MockFilterChain.java:160)
	at org.springframework.mock.web.MockFilterChain.doFilter(MockFilterChain.java:127)
	at org.springframework.web.filter.RequestContextFilter.doFilterInternal(RequestContextFilter.java:100)
	at org.springframework.web.filter.OncePerRequestFilter.doFilter(OncePerRequestFilter.java:116)
	at org.springframework.test.web.servlet.setup.MockMvcFilterDecorator.doFilter(MockMvcFilterDecorator.java:160)
	at org.springframework.mock.web.MockFilterChain.doFilter(MockFilterChain.java:127)
	at org.springframework.web.filter.FormContentFilter.doFilterInternal(FormContentFilter.java:93)
	at org.springframework.web.filter.OncePerRequestFilter.doFilter(OncePerRequestFilter.java:116)
	at org.springframework.test.web.servlet.setup.MockMvcFilterDecorator.doFilter(MockMvcFilterDecorator.java:160)
	at org.springframework.mock.web.MockFilterChain.doFilter(MockFilterChain.java:127)
	at org.springframework.web.filter.ServerHttpObservationFilter.doFilterInternal(ServerHttpObservationFilter.java:110)
	at org.springframework.web.filter.OncePerRequestFilter.doFilter(OncePerRequestFilter.java:116)
	at org.springframework.test.web.servlet.setup.MockMvcFilterDecorator.doFilter(MockMvcFilterDecorator.java:160)
	at org.springframework.mock.web.MockFilterChain.doFilter(MockFilterChain.java:127)
	at org.springframework.web.filter.CharacterEncodingFilter.doFilterInternal(CharacterEncodingFilter.java:199)
	at org.springframework.web.filter.OncePerRequestFilter.doFilter(OncePerRequestFilter.java:116)
	at org.springframework.test.web.servlet.setup.MockMvcFilterDecorator.doFilter(MockMvcFilterDecorator.java:160)
	at org.springframework.mock.web.MockFilterChain.doFilter(MockFilterChain.java:127)
	at org.springframework.test.web.servlet.MockMvc.perform(MockMvc.java:199)
	at com.beautysalon.performance.Phase2ComparisonTest.testIndexPerformanceComparison(Phase2ComparisonTest.java:129)
	at java.base/java.lang.reflect.Method.invoke(Method.java:565)
	at java.base/java.util.ArrayList.forEach(ArrayList.java:1604)
	at java.base/java.util.ArrayList.forEach(ArrayList.java:1604)
Caused by: org.springframework.dao.IncorrectResultSizeDataAccessException: Incorrect result size: expected 1, actual 2
	at org.springframework.data.cassandra.repository.query.CassandraQueryExecution$SingleEntityExecution.execute(CassandraQueryExecution.java:244)
	at org.springframework.data.cassandra.repository.query.CassandraQueryExecution$ResultProcessingExecution.execute(CassandraQueryExecution.java:323)
	at org.springframework.data.cassandra.repository.query.AbstractCassandraQuery.execute(AbstractCassandraQuery.java:78)
	at org.springframework.data.repository.core.support.RepositoryMethodInvoker.doInvoke(RepositoryMethodInvoker.java:169)
	at org.springframework.data.repository.core.support.RepositoryMethodInvoker.invoke(RepositoryMethodInvoker.java:158)
	at org.springframework.data.repository.core.support.QueryExecutorMethodInterceptor.doInvoke(QueryExecutorMethodInterceptor.java:167)
	at org.springframework.data.repository.core.support.QueryExecutorMethodInterceptor.invoke(QueryExecutorMethodInterceptor.java:146)
	at org.springframework.aop.framework.ReflectiveMethodInvocation.proceed(ReflectiveMethodInvocation.java:179)
	at org.springframework.data.projection.DefaultMethodInvokingMethodInterceptor.invoke(DefaultMethodInvokingMethodInterceptor.java:69)
	at org.springframework.aop.framework.ReflectiveMethodInvocation.proceed(ReflectiveMethodInvocation.java:179)
	at org.springframework.aop.framework.JdkDynamicAopProxy.invoke(JdkDynamicAopProxy.java:222)
	at jdk.proxy2/jdk.proxy2.$Proxy134.findByEmail(Unknown Source)
	at com.beautysalon.service.CustomerService.getCustomerByEmail(CustomerService.java:34)
	at java.base/jdk.internal.reflect.DirectMethodHandleAccessor.invoke(DirectMethodHandleAccessor.java:104)
	at java.base/java.lang.reflect.Method.invoke(Method.java:565)
	at org.springframework.aop.support.AopUtils.invokeJoinpointUsingReflection(AopUtils.java:359)
	at org.springframework.aop.framework.ReflectiveMethodInvocation.invokeJoinpoint(ReflectiveMethodInvocation.java:190)
	at org.springframework.aop.framework.ReflectiveMethodInvocation.proceed(ReflectiveMethodInvocation.java:158)
	at org.springframework.cache.interceptor.CacheInterceptor.lambda$invoke$0(CacheInterceptor.java:54)
	at org.springframework.cache.interceptor.CacheAspectSupport.invokeOperation(CacheAspectSupport.java:423)
	at org.springframework.cache.interceptor.CacheAspectSupport.evaluate(CacheAspectSupport.java:588)
	at org.springframework.cache.interceptor.CacheAspectSupport.execute(CacheAspectSupport.java:439)
	at org.springframework.cache.interceptor.CacheAspectSupport.execute(CacheAspectSupport.java:403)
	at org.springframework.cache.interceptor.CacheInterceptor.invoke(CacheInterceptor.java:64)
	at org.springframework.aop.framework.ReflectiveMethodInvocation.proceed(ReflectiveMethodInvocation.java:179)
	at org.springframework.aop.framework.CglibAopProxy$DynamicAdvisedInterceptor.intercept(CglibAopProxy.java:719)
	at com.beautysalon.service.CustomerService$$SpringCGLIB$$0.getCustomerByEmail(<generated>)
	at com.beautysalon.controller.CustomerController.getCustomerByEmail(CustomerController.java:38)
	at java.base/jdk.internal.reflect.DirectMethodHandleAccessor.invoke(DirectMethodHandleAccessor.java:104)
	at java.base/java.lang.reflect.Method.invoke(Method.java:565)
	at org.springframework.web.method.support.InvocableHandlerMethod.doInvoke(InvocableHandlerMethod.java:256)
	at org.springframework.web.method.support.InvocableHandlerMethod.invokeForRequest(InvocableHandlerMethod.java:188)
	at org.springframework.web.servlet.mvc.method.annotation.ServletInvocableHandlerMethod.invokeAndHandle(ServletInvocableHandlerMethod.java:117)
	at org.springframework.web.servlet.mvc.method.annotation.RequestMappingHandlerAdapter.invokeHandlerMethod(RequestMappingHandlerAdapter.java:933)
	at org.springframework.web.servlet.mvc.method.annotation.RequestMappingHandlerAdapter.handleInternal(RequestMappingHandlerAdapter.java:852)
	at org.springframework.web.servlet.mvc.method.AbstractHandlerMethodAdapter.handle(AbstractHandlerMethodAdapter.java:86)
	at org.springframework.web.servlet.DispatcherServlet.doDispatch(DispatcherServlet.java:963)
	at org.springframework.web.servlet.DispatcherServlet.doService(DispatcherServlet.java:866)
	at org.springframework.web.servlet.FrameworkServlet.processRequest(FrameworkServlet.java:1003)
	... 28 more
]]></error>
    <system-out><![CDATA[2025-08-09T23:14:55.607-03:00 DEBUG 98192 --- [beauty-salon-backend] [           main] [                                                 ] o.s.d.c.c.c.MappingCassandraConverter    : doWithProperties Property.type java.util.UUID, Property.value 38caefdb-a541-44c8-8032-57b520d7276f
2025-08-09T23:14:55.607-03:00 DEBUG 98192 --- [beauty-salon-backend] [           main] [                                                 ] o.s.d.c.c.c.MappingCassandraConverter    : Adding map.entry [id] - [38caefdb-a541-44c8-8032-57b520d7276f]
2025-08-09T23:14:55.607-03:00 DEBUG 98192 --- [beauty-salon-backend] [           main] [                                                 ] o.s.d.c.c.c.MappingCassandraConverter    : doWithProperties Property.type java.lang.String, Property.value Phase2 Test Customer 0
2025-08-09T23:14:55.607-03:00 DEBUG 98192 --- [beauty-salon-backend] [           main] [                                                 ] o.s.d.c.c.c.MappingCassandraConverter    : Adding map.entry [name] - [Phase2 Test Customer 0]
2025-08-09T23:14:55.607-03:00 DEBUG 98192 --- [beauty-salon-backend] [           main] [                                                 ] o.s.d.c.c.c.MappingCassandraConverter    : doWithProperties Property.type java.lang.String, Property.value phase2test0@example.com
2025-08-09T23:14:55.607-03:00 DEBUG 98192 --- [beauty-salon-backend] [           main] [                                                 ] o.s.d.c.c.c.MappingCassandraConverter    : Adding map.entry [email] - [phase2test0@example.com]
2025-08-09T23:14:55.607-03:00 DEBUG 98192 --- [beauty-salon-backend] [           main] [                                                 ] o.s.d.c.c.c.MappingCassandraConverter    : doWithProperties Property.type java.lang.String, Property.value 5550000000
2025-08-09T23:14:55.607-03:00 DEBUG 98192 --- [beauty-salon-backend] [           main] [                                                 ] o.s.d.c.c.c.MappingCassandraConverter    : Adding map.entry [phone] - [5550000000]
2025-08-09T23:14:55.607-03:00 DEBUG 98192 --- [beauty-salon-backend] [           main] [                                                 ] o.s.d.c.c.c.MappingCassandraConverter    : doWithProperties Property.type java.lang.String, Property.value 123 Phase2 St 0
2025-08-09T23:14:55.607-03:00 DEBUG 98192 --- [beauty-salon-backend] [           main] [                                                 ] o.s.d.c.c.c.MappingCassandraConverter    : Adding map.entry [address] - [123 Phase2 St 0]
2025-08-09T23:14:55.608-03:00 DEBUG 98192 --- [beauty-salon-backend] [           main] [                                                 ] o.s.d.c.c.c.MappingCassandraConverter    : doWithProperties Property.type java.time.Instant, Property.value 2025-08-10T02:14:55.607081Z
2025-08-09T23:14:55.608-03:00 DEBUG 98192 --- [beauty-salon-backend] [           main] [                                                 ] o.s.d.c.c.c.MappingCassandraConverter    : Adding map.entry [created_at] - [2025-08-10T02:14:55.607081Z]
2025-08-09T23:14:55.608-03:00 DEBUG 98192 --- [beauty-salon-backend] [           main] [                                                 ] o.s.d.c.c.c.MappingCassandraConverter    : doWithProperties Property.type java.time.Instant, Property.value 2025-08-10T02:14:55.607083Z
2025-08-09T23:14:55.608-03:00 DEBUG 98192 --- [beauty-salon-backend] [           main] [                                                 ] o.s.d.c.c.c.MappingCassandraConverter    : Adding map.entry [updated_at] - [2025-08-10T02:14:55.607083Z]
2025-08-09T23:14:55.608-03:00 DEBUG 98192 --- [beauty-salon-backend] [           main] [                                                 ] o.s.data.cassandra.core.cql.CqlTemplate  : Preparing statement [INSERT INTO customers (id,name,email,phone,address,created_at,updated_at) VALUES (?,?,?,?,?,?,?)] using org.springframework.data.cassandra.core.CassandraTemplate$PreparedStatementHandler@15a55f69
2025-08-09T23:14:55.608-03:00 DEBUG 98192 --- [beauty-salon-backend] [           main] [                                                 ] o.s.data.cassandra.core.cql.CqlTemplate  : Executing prepared statement [INSERT INTO customers (id,name,email,phone,address,created_at,updated_at) VALUES (?,?,?,?,?,?,?)]
2025-08-09T23:14:55.614-03:00 DEBUG 98192 --- [beauty-salon-backend] [           main] [                                                 ] o.s.d.c.c.c.MappingCassandraConverter    : doWithProperties Property.type java.util.UUID, Property.value af79b81d-c995-47b4-999d-9ca2a0849809
2025-08-09T23:14:55.614-03:00 DEBUG 98192 --- [beauty-salon-backend] [           main] [                                                 ] o.s.d.c.c.c.MappingCassandraConverter    : Adding map.entry [id] - [af79b81d-c995-47b4-999d-9ca2a0849809]
2025-08-09T23:14:55.614-03:00 DEBUG 98192 --- [beauty-salon-backend] [           main] [                                                 ] o.s.d.c.c.c.MappingCassandraConverter    : doWithProperties Property.type java.lang.String, Property.value Phase2 Test Customer 1
2025-08-09T23:14:55.614-03:00 DEBUG 98192 --- [beauty-salon-backend] [           main] [                                                 ] o.s.d.c.c.c.MappingCassandraConverter    : Adding map.entry [name] - [Phase2 Test Customer 1]
2025-08-09T23:14:55.614-03:00 DEBUG 98192 --- [beauty-salon-backend] [           main] [                                                 ] o.s.d.c.c.c.MappingCassandraConverter    : doWithProperties Property.type java.lang.String, Property.value phase2test1@example.com
2025-08-09T23:14:55.614-03:00 DEBUG 98192 --- [beauty-salon-backend] [           main] [                                                 ] o.s.d.c.c.c.MappingCassandraConverter    : Adding map.entry [email] - [phase2test1@example.com]
2025-08-09T23:14:55.614-03:00 DEBUG 98192 --- [beauty-salon-backend] [           main] [                                                 ] o.s.d.c.c.c.MappingCassandraConverter    : doWithProperties Property.type java.lang.String, Property.value 5550000001
2025-08-09T23:14:55.614-03:00 DEBUG 98192 --- [beauty-salon-backend] [           main] [                                                 ] o.s.d.c.c.c.MappingCassandraConverter    : Adding map.entry [phone] - [5550000001]
2025-08-09T23:14:55.614-03:00 DEBUG 98192 --- [beauty-salon-backend] [           main] [                                                 ] o.s.d.c.c.c.MappingCassandraConverter    : doWithProperties Property.type java.lang.String, Property.value 123 Phase2 St 1
2025-08-09T23:14:55.614-03:00 DEBUG 98192 --- [beauty-salon-backend] [           main] [                                                 ] o.s.d.c.c.c.MappingCassandraConverter    : Adding map.entry [address] - [123 Phase2 St 1]
2025-08-09T23:14:55.614-03:00 DEBUG 98192 --- [beauty-salon-backend] [           main] [                                                 ] o.s.d.c.c.c.MappingCassandraConverter    : doWithProperties Property.type java.time.Instant, Property.value 2025-08-10T02:14:55.614392Z
2025-08-09T23:14:55.614-03:00 DEBUG 98192 --- [beauty-salon-backend] [           main] [                                                 ] o.s.d.c.c.c.MappingCassandraConverter    : Adding map.entry [created_at] - [2025-08-10T02:14:55.614392Z]
2025-08-09T23:14:55.614-03:00 DEBUG 98192 --- [beauty-salon-backend] [           main] [                                                 ] o.s.d.c.c.c.MappingCassandraConverter    : doWithProperties Property.type java.time.Instant, Property.value 2025-08-10T02:14:55.614392Z
2025-08-09T23:14:55.614-03:00 DEBUG 98192 --- [beauty-salon-backend] [           main] [                                                 ] o.s.d.c.c.c.MappingCassandraConverter    : Adding map.entry [updated_at] - [2025-08-10T02:14:55.614392Z]
2025-08-09T23:14:55.615-03:00 DEBUG 98192 --- [beauty-salon-backend] [           main] [                                                 ] o.s.data.cassandra.core.cql.CqlTemplate  : Preparing statement [INSERT INTO customers (id,name,email,phone,address,created_at,updated_at) VALUES (?,?,?,?,?,?,?)] using org.springframework.data.cassandra.core.CassandraTemplate$PreparedStatementHandler@787124a
2025-08-09T23:14:55.615-03:00 DEBUG 98192 --- [beauty-salon-backend] [           main] [                                                 ] o.s.data.cassandra.core.cql.CqlTemplate  : Executing prepared statement [INSERT INTO customers (id,name,email,phone,address,created_at,updated_at) VALUES (?,?,?,?,?,?,?)]
2025-08-09T23:14:55.620-03:00 DEBUG 98192 --- [beauty-salon-backend] [           main] [                                                 ] o.s.d.c.c.c.MappingCassandraConverter    : doWithProperties Property.type java.util.UUID, Property.value a8241dd7-ec7b-4380-934b-5175e8de365c
2025-08-09T23:14:55.620-03:00 DEBUG 98192 --- [beauty-salon-backend] [           main] [                                                 ] o.s.d.c.c.c.MappingCassandraConverter    : Adding map.entry [id] - [a8241dd7-ec7b-4380-934b-5175e8de365c]
2025-08-09T23:14:55.620-03:00 DEBUG 98192 --- [beauty-salon-backend] [           main] [                                                 ] o.s.d.c.c.c.MappingCassandraConverter    : doWithProperties Property.type java.lang.String, Property.value Phase2 Test Customer 2
2025-08-09T23:14:55.620-03:00 DEBUG 98192 --- [beauty-salon-backend] [           main] [                                                 ] o.s.d.c.c.c.MappingCassandraConverter    : Adding map.entry [name] - [Phase2 Test Customer 2]
2025-08-09T23:14:55.620-03:00 DEBUG 98192 --- [beauty-salon-backend] [           main] [                                                 ] o.s.d.c.c.c.MappingCassandraConverter    : doWithProperties Property.type java.lang.String, Property.value phase2test2@example.com
2025-08-09T23:14:55.620-03:00 DEBUG 98192 --- [beauty-salon-backend] [           main] [                                                 ] o.s.d.c.c.c.MappingCassandraConverter    : Adding map.entry [email] - [phase2test2@example.com]
2025-08-09T23:14:55.620-03:00 DEBUG 98192 --- [beauty-salon-backend] [           main] [                                                 ] o.s.d.c.c.c.MappingCassandraConverter    : doWithProperties Property.type java.lang.String, Property.value 5550000002
2025-08-09T23:14:55.620-03:00 DEBUG 98192 --- [beauty-salon-backend] [           main] [                                                 ] o.s.d.c.c.c.MappingCassandraConverter    : Adding map.entry [phone] - [5550000002]
2025-08-09T23:14:55.620-03:00 DEBUG 98192 --- [beauty-salon-backend] [           main] [                                                 ] o.s.d.c.c.c.MappingCassandraConverter    : doWithProperties Property.type java.lang.String, Property.value 123 Phase2 St 2
2025-08-09T23:14:55.620-03:00 DEBUG 98192 --- [beauty-salon-backend] [           main] [                                                 ] o.s.d.c.c.c.MappingCassandraConverter    : Adding map.entry [address] - [123 Phase2 St 2]
2025-08-09T23:14:55.620-03:00 DEBUG 98192 --- [beauty-salon-backend] [           main] [                                                 ] o.s.d.c.c.c.MappingCassandraConverter    : doWithProperties Property.type java.time.Instant, Property.value 2025-08-10T02:14:55.620210Z
2025-08-09T23:14:55.620-03:00 DEBUG 98192 --- [beauty-salon-backend] [           main] [                                                 ] o.s.d.c.c.c.MappingCassandraConverter    : Adding map.entry [created_at] - [2025-08-10T02:14:55.620210Z]
2025-08-09T23:14:55.620-03:00 DEBUG 98192 --- [beauty-salon-backend] [           main] [                                                 ] o.s.d.c.c.c.MappingCassandraConverter    : doWithProperties Property.type java.time.Instant, Property.value 2025-08-10T02:14:55.620210Z
2025-08-09T23:14:55.620-03:00 DEBUG 98192 --- [beauty-salon-backend] [           main] [                                                 ] o.s.d.c.c.c.MappingCassandraConverter    : Adding map.entry [updated_at] - [2025-08-10T02:14:55.620210Z]
2025-08-09T23:14:55.620-03:00 DEBUG 98192 --- [beauty-salon-backend] [           main] [                                                 ] o.s.data.cassandra.core.cql.CqlTemplate  : Preparing statement [INSERT INTO customers (id,name,email,phone,address,created_at,updated_at) VALUES (?,?,?,?,?,?,?)] using org.springframework.data.cassandra.core.CassandraTemplate$PreparedStatementHandler@4add90da
2025-08-09T23:14:55.620-03:00 DEBUG 98192 --- [beauty-salon-backend] [           main] [                                                 ] o.s.data.cassandra.core.cql.CqlTemplate  : Executing prepared statement [INSERT INTO customers (id,name,email,phone,address,created_at,updated_at) VALUES (?,?,?,?,?,?,?)]
2025-08-09T23:14:55.624-03:00 DEBUG 98192 --- [beauty-salon-backend] [           main] [                                                 ] o.s.d.c.c.c.MappingCassandraConverter    : doWithProperties Property.type java.util.UUID, Property.value ca8d2cc7-d9cd-4025-b93a-f676b1537aea
2025-08-09T23:14:55.625-03:00 DEBUG 98192 --- [beauty-salon-backend] [           main] [                                                 ] o.s.d.c.c.c.MappingCassandraConverter    : Adding map.entry [id] - [ca8d2cc7-d9cd-4025-b93a-f676b1537aea]
2025-08-09T23:14:55.625-03:00 DEBUG 98192 --- [beauty-salon-backend] [           main] [                                                 ] o.s.d.c.c.c.MappingCassandraConverter    : doWithProperties Property.type java.lang.String, Property.value Phase2 Test Customer 3
2025-08-09T23:14:55.625-03:00 DEBUG 98192 --- [beauty-salon-backend] [           main] [                                                 ] o.s.d.c.c.c.MappingCassandraConverter    : Adding map.entry [name] - [Phase2 Test Customer 3]
2025-08-09T23:14:55.625-03:00 DEBUG 98192 --- [beauty-salon-backend] [           main] [                                                 ] o.s.d.c.c.c.MappingCassandraConverter    : doWithProperties Property.type java.lang.String, Property.value phase2test3@example.com
2025-08-09T23:14:55.625-03:00 DEBUG 98192 --- [beauty-salon-backend] [           main] [                                                 ] o.s.d.c.c.c.MappingCassandraConverter    : Adding map.entry [email] - [phase2test3@example.com]
2025-08-09T23:14:55.625-03:00 DEBUG 98192 --- [beauty-salon-backend] [           main] [                                                 ] o.s.d.c.c.c.MappingCassandraConverter    : doWithProperties Property.type java.lang.String, Property.value 5550000003
2025-08-09T23:14:55.625-03:00 DEBUG 98192 --- [beauty-salon-backend] [           main] [                                                 ] o.s.d.c.c.c.MappingCassandraConverter    : Adding map.entry [phone] - [5550000003]
2025-08-09T23:14:55.625-03:00 DEBUG 98192 --- [beauty-salon-backend] [           main] [                                                 ] o.s.d.c.c.c.MappingCassandraConverter    : doWithProperties Property.type java.lang.String, Property.value 123 Phase2 St 3
2025-08-09T23:14:55.625-03:00 DEBUG 98192 --- [beauty-salon-backend] [           main] [                                                 ] o.s.d.c.c.c.MappingCassandraConverter    : Adding map.entry [address] - [123 Phase2 St 3]
2025-08-09T23:14:55.625-03:00 DEBUG 98192 --- [beauty-salon-backend] [           main] [                                                 ] o.s.d.c.c.c.MappingCassandraConverter    : doWithProperties Property.type java.time.Instant, Property.value 2025-08-10T02:14:55.624864Z
2025-08-09T23:14:55.625-03:00 DEBUG 98192 --- [beauty-salon-backend] [           main] [                                                 ] o.s.d.c.c.c.MappingCassandraConverter    : Adding map.entry [created_at] - [2025-08-10T02:14:55.624864Z]
2025-08-09T23:14:55.625-03:00 DEBUG 98192 --- [beauty-salon-backend] [           main] [                                                 ] o.s.d.c.c.c.MappingCassandraConverter    : doWithProperties Property.type java.time.Instant, Property.value 2025-08-10T02:14:55.624864Z
2025-08-09T23:14:55.625-03:00 DEBUG 98192 --- [beauty-salon-backend] [           main] [                                                 ] o.s.d.c.c.c.MappingCassandraConverter    : Adding map.entry [updated_at] - [2025-08-10T02:14:55.624864Z]
2025-08-09T23:14:55.625-03:00 DEBUG 98192 --- [beauty-salon-backend] [           main] [                                                 ] o.s.data.cassandra.core.cql.CqlTemplate  : Preparing statement [INSERT INTO customers (id,name,email,phone,address,created_at,updated_at) VALUES (?,?,?,?,?,?,?)] using org.springframework.data.cassandra.core.CassandraTemplate$PreparedStatementHandler@fb69974
2025-08-09T23:14:55.625-03:00 DEBUG 98192 --- [beauty-salon-backend] [           main] [                                                 ] o.s.data.cassandra.core.cql.CqlTemplate  : Executing prepared statement [INSERT INTO customers (id,name,email,phone,address,created_at,updated_at) VALUES (?,?,?,?,?,?,?)]
2025-08-09T23:14:55.630-03:00 DEBUG 98192 --- [beauty-salon-backend] [           main] [                                                 ] o.s.d.c.c.c.MappingCassandraConverter    : doWithProperties Property.type java.util.UUID, Property.value 6f61ed78-77b9-41bd-8855-2940cb510d52
2025-08-09T23:14:55.630-03:00 DEBUG 98192 --- [beauty-salon-backend] [           main] [                                                 ] o.s.d.c.c.c.MappingCassandraConverter    : Adding map.entry [id] - [6f61ed78-77b9-41bd-8855-2940cb510d52]
2025-08-09T23:14:55.630-03:00 DEBUG 98192 --- [beauty-salon-backend] [           main] [                                                 ] o.s.d.c.c.c.MappingCassandraConverter    : doWithProperties Property.type java.lang.String, Property.value Phase2 Test Customer 4
2025-08-09T23:14:55.630-03:00 DEBUG 98192 --- [beauty-salon-backend] [           main] [                                                 ] o.s.d.c.c.c.MappingCassandraConverter    : Adding map.entry [name] - [Phase2 Test Customer 4]
2025-08-09T23:14:55.630-03:00 DEBUG 98192 --- [beauty-salon-backend] [           main] [                                                 ] o.s.d.c.c.c.MappingCassandraConverter    : doWithProperties Property.type java.lang.String, Property.value phase2test4@example.com
2025-08-09T23:14:55.630-03:00 DEBUG 98192 --- [beauty-salon-backend] [           main] [                                                 ] o.s.d.c.c.c.MappingCassandraConverter    : Adding map.entry [email] - [phase2test4@example.com]
2025-08-09T23:14:55.630-03:00 DEBUG 98192 --- [beauty-salon-backend] [           main] [                                                 ] o.s.d.c.c.c.MappingCassandraConverter    : doWithProperties Property.type java.lang.String, Property.value 5550000004
2025-08-09T23:14:55.630-03:00 DEBUG 98192 --- [beauty-salon-backend] [           main] [                                                 ] o.s.d.c.c.c.MappingCassandraConverter    : Adding map.entry [phone] - [5550000004]
2025-08-09T23:14:55.630-03:00 DEBUG 98192 --- [beauty-salon-backend] [           main] [                                                 ] o.s.d.c.c.c.MappingCassandraConverter    : doWithProperties Property.type java.lang.String, Property.value 123 Phase2 St 4
2025-08-09T23:14:55.630-03:00 DEBUG 98192 --- [beauty-salon-backend] [           main] [                                                 ] o.s.d.c.c.c.MappingCassandraConverter    : Adding map.entry [address] - [123 Phase2 St 4]
2025-08-09T23:14:55.630-03:00 DEBUG 98192 --- [beauty-salon-backend] [           main] [                                                 ] o.s.d.c.c.c.MappingCassandraConverter    : doWithProperties Property.type java.time.Instant, Property.value 2025-08-10T02:14:55.630227Z
2025-08-09T23:14:55.630-03:00 DEBUG 98192 --- [beauty-salon-backend] [           main] [                                                 ] o.s.d.c.c.c.MappingCassandraConverter    : Adding map.entry [created_at] - [2025-08-10T02:14:55.630227Z]
2025-08-09T23:14:55.630-03:00 DEBUG 98192 --- [beauty-salon-backend] [           main] [                                                 ] o.s.d.c.c.c.MappingCassandraConverter    : doWithProperties Property.type java.time.Instant, Property.value 2025-08-10T02:14:55.630228Z
2025-08-09T23:14:55.630-03:00 DEBUG 98192 --- [beauty-salon-backend] [           main] [                                                 ] o.s.d.c.c.c.MappingCassandraConverter    : Adding map.entry [updated_at] - [2025-08-10T02:14:55.630228Z]
2025-08-09T23:14:55.630-03:00 DEBUG 98192 --- [beauty-salon-backend] [           main] [                                                 ] o.s.data.cassandra.core.cql.CqlTemplate  : Preparing statement [INSERT INTO customers (id,name,email,phone,address,created_at,updated_at) VALUES (?,?,?,?,?,?,?)] using org.springframework.data.cassandra.core.CassandraTemplate$PreparedStatementHandler@3adcdbc0
2025-08-09T23:14:55.630-03:00 DEBUG 98192 --- [beauty-salon-backend] [           main] [                                                 ] o.s.data.cassandra.core.cql.CqlTemplate  : Executing prepared statement [INSERT INTO customers (id,name,email,phone,address,created_at,updated_at) VALUES (?,?,?,?,?,?,?)]
2025-08-09T23:14:55.633-03:00 DEBUG 98192 --- [beauty-salon-backend] [           main] [                                                 ] o.s.d.c.c.c.MappingCassandraConverter    : doWithProperties Property.type java.util.UUID, Property.value dac7ed8e-5aaa-4402-aebe-1182abf11476
2025-08-09T23:14:55.633-03:00 DEBUG 98192 --- [beauty-salon-backend] [           main] [                                                 ] o.s.d.c.c.c.MappingCassandraConverter    : Adding map.entry [id] - [dac7ed8e-5aaa-4402-aebe-1182abf11476]
2025-08-09T23:14:55.634-03:00 DEBUG 98192 --- [beauty-salon-backend] [           main] [                                                 ] o.s.d.c.c.c.MappingCassandraConverter    : doWithProperties Property.type java.lang.String, Property.value Phase2 Test Customer 5
2025-08-09T23:14:55.634-03:00 DEBUG 98192 --- [beauty-salon-backend] [           main] [                                                 ] o.s.d.c.c.c.MappingCassandraConverter    : Adding map.entry [name] - [Phase2 Test Customer 5]
2025-08-09T23:14:55.634-03:00 DEBUG 98192 --- [beauty-salon-backend] [           main] [                                                 ] o.s.d.c.c.c.MappingCassandraConverter    : doWithProperties Property.type java.lang.String, Property.value phase2test5@example.com
2025-08-09T23:14:55.634-03:00 DEBUG 98192 --- [beauty-salon-backend] [           main] [                                                 ] o.s.d.c.c.c.MappingCassandraConverter    : Adding map.entry [email] - [phase2test5@example.com]
2025-08-09T23:14:55.634-03:00 DEBUG 98192 --- [beauty-salon-backend] [           main] [                                                 ] o.s.d.c.c.c.MappingCassandraConverter    : doWithProperties Property.type java.lang.String, Property.value 5550000005
2025-08-09T23:14:55.634-03:00 DEBUG 98192 --- [beauty-salon-backend] [           main] [                                                 ] o.s.d.c.c.c.MappingCassandraConverter    : Adding map.entry [phone] - [5550000005]
2025-08-09T23:14:55.634-03:00 DEBUG 98192 --- [beauty-salon-backend] [           main] [                                                 ] o.s.d.c.c.c.MappingCassandraConverter    : doWithProperties Property.type java.lang.String, Property.value 123 Phase2 St 5
2025-08-09T23:14:55.634-03:00 DEBUG 98192 --- [beauty-salon-backend] [           main] [                                                 ] o.s.d.c.c.c.MappingCassandraConverter    : Adding map.entry [address] - [123 Phase2 St 5]
2025-08-09T23:14:55.634-03:00 DEBUG 98192 --- [beauty-salon-backend] [           main] [                                                 ] o.s.d.c.c.c.MappingCassandraConverter    : doWithProperties Property.type java.time.Instant, Property.value 2025-08-10T02:14:55.633869Z
2025-08-09T23:14:55.634-03:00 DEBUG 98192 --- [beauty-salon-backend] [           main] [                                                 ] o.s.d.c.c.c.MappingCassandraConverter    : Adding map.entry [created_at] - [2025-08-10T02:14:55.633869Z]
2025-08-09T23:14:55.634-03:00 DEBUG 98192 --- [beauty-salon-backend] [           main] [                                                 ] o.s.d.c.c.c.MappingCassandraConverter    : doWithProperties Property.type java.time.Instant, Property.value 2025-08-10T02:14:55.633869Z
2025-08-09T23:14:55.634-03:00 DEBUG 98192 --- [beauty-salon-backend] [           main] [                                                 ] o.s.d.c.c.c.MappingCassandraConverter    : Adding map.entry [updated_at] - [2025-08-10T02:14:55.633869Z]
2025-08-09T23:14:55.634-03:00 DEBUG 98192 --- [beauty-salon-backend] [           main] [                                                 ] o.s.data.cassandra.core.cql.CqlTemplate  : Preparing statement [INSERT INTO customers (id,name,email,phone,address,created_at,updated_at) VALUES (?,?,?,?,?,?,?)] using org.springframework.data.cassandra.core.CassandraTemplate$PreparedStatementHandler@57936a03
2025-08-09T23:14:55.634-03:00 DEBUG 98192 --- [beauty-salon-backend] [           main] [                                                 ] o.s.data.cassandra.core.cql.CqlTemplate  : Executing prepared statement [INSERT INTO customers (id,name,email,phone,address,created_at,updated_at) VALUES (?,?,?,?,?,?,?)]
2025-08-09T23:14:55.638-03:00 DEBUG 98192 --- [beauty-salon-backend] [           main] [                                                 ] o.s.d.c.c.c.MappingCassandraConverter    : doWithProperties Property.type java.util.UUID, Property.value bf3c20e6-df90-4083-8d0a-6590c092f0af
2025-08-09T23:14:55.638-03:00 DEBUG 98192 --- [beauty-salon-backend] [           main] [                                                 ] o.s.d.c.c.c.MappingCassandraConverter    : Adding map.entry [id] - [bf3c20e6-df90-4083-8d0a-6590c092f0af]
2025-08-09T23:14:55.638-03:00 DEBUG 98192 --- [beauty-salon-backend] [           main] [                                                 ] o.s.d.c.c.c.MappingCassandraConverter    : doWithProperties Property.type java.lang.String, Property.value Phase2 Test Customer 6
2025-08-09T23:14:55.638-03:00 DEBUG 98192 --- [beauty-salon-backend] [           main] [                                                 ] o.s.d.c.c.c.MappingCassandraConverter    : Adding map.entry [name] - [Phase2 Test Customer 6]
2025-08-09T23:14:55.638-03:00 DEBUG 98192 --- [beauty-salon-backend] [           main] [                                                 ] o.s.d.c.c.c.MappingCassandraConverter    : doWithProperties Property.type java.lang.String, Property.value phase2test6@example.com
2025-08-09T23:14:55.638-03:00 DEBUG 98192 --- [beauty-salon-backend] [           main] [                                                 ] o.s.d.c.c.c.MappingCassandraConverter    : Adding map.entry [email] - [phase2test6@example.com]
2025-08-09T23:14:55.639-03:00 DEBUG 98192 --- [beauty-salon-backend] [           main] [                                                 ] o.s.d.c.c.c.MappingCassandraConverter    : doWithProperties Property.type java.lang.String, Property.value 5550000006
2025-08-09T23:14:55.639-03:00 DEBUG 98192 --- [beauty-salon-backend] [           main] [                                                 ] o.s.d.c.c.c.MappingCassandraConverter    : Adding map.entry [phone] - [5550000006]
2025-08-09T23:14:55.639-03:00 DEBUG 98192 --- [beauty-salon-backend] [           main] [                                                 ] o.s.d.c.c.c.MappingCassandraConverter    : doWithProperties Property.type java.lang.String, Property.value 123 Phase2 St 6
2025-08-09T23:14:55.639-03:00 DEBUG 98192 --- [beauty-salon-backend] [           main] [                                                 ] o.s.d.c.c.c.MappingCassandraConverter    : Adding map.entry [address] - [123 Phase2 St 6]
2025-08-09T23:14:55.639-03:00 DEBUG 98192 --- [beauty-salon-backend] [           main] [                                                 ] o.s.d.c.c.c.MappingCassandraConverter    : doWithProperties Property.type java.time.Instant, Property.value 2025-08-10T02:14:55.638730Z
2025-08-09T23:14:55.639-03:00 DEBUG 98192 --- [beauty-salon-backend] [           main] [                                                 ] o.s.d.c.c.c.MappingCassandraConverter    : Adding map.entry [created_at] - [2025-08-10T02:14:55.638730Z]
2025-08-09T23:14:55.639-03:00 DEBUG 98192 --- [beauty-salon-backend] [           main] [                                                 ] o.s.d.c.c.c.MappingCassandraConverter    : doWithProperties Property.type java.time.Instant, Property.value 2025-08-10T02:14:55.638730Z
2025-08-09T23:14:55.639-03:00 DEBUG 98192 --- [beauty-salon-backend] [           main] [                                                 ] o.s.d.c.c.c.MappingCassandraConverter    : Adding map.entry [updated_at] - [2025-08-10T02:14:55.638730Z]
2025-08-09T23:14:55.639-03:00 DEBUG 98192 --- [beauty-salon-backend] [           main] [                                                 ] o.s.data.cassandra.core.cql.CqlTemplate  : Preparing statement [INSERT INTO customers (id,name,email,phone,address,created_at,updated_at) VALUES (?,?,?,?,?,?,?)] using org.springframework.data.cassandra.core.CassandraTemplate$PreparedStatementHandler@19603da0
2025-08-09T23:14:55.639-03:00 DEBUG 98192 --- [beauty-salon-backend] [           main] [                                                 ] o.s.data.cassandra.core.cql.CqlTemplate  : Executing prepared statement [INSERT INTO customers (id,name,email,phone,address,created_at,updated_at) VALUES (?,?,?,?,?,?,?)]
2025-08-09T23:14:55.643-03:00 DEBUG 98192 --- [beauty-salon-backend] [           main] [                                                 ] o.s.d.c.c.c.MappingCassandraConverter    : doWithProperties Property.type java.util.UUID, Property.value 2eb15f4b-7506-43ac-ad8c-2fa2eb3eca1d
2025-08-09T23:14:55.644-03:00 DEBUG 98192 --- [beauty-salon-backend] [           main] [                                                 ] o.s.d.c.c.c.MappingCassandraConverter    : Adding map.entry [id] - [2eb15f4b-7506-43ac-ad8c-2fa2eb3eca1d]
2025-08-09T23:14:55.644-03:00 DEBUG 98192 --- [beauty-salon-backend] [           main] [                                                 ] o.s.d.c.c.c.MappingCassandraConverter    : doWithProperties Property.type java.lang.String, Property.value Phase2 Test Customer 7
2025-08-09T23:14:55.644-03:00 DEBUG 98192 --- [beauty-salon-backend] [           main] [                                                 ] o.s.d.c.c.c.MappingCassandraConverter    : Adding map.entry [name] - [Phase2 Test Customer 7]
2025-08-09T23:14:55.644-03:00 DEBUG 98192 --- [beauty-salon-backend] [           main] [                                                 ] o.s.d.c.c.c.MappingCassandraConverter    : doWithProperties Property.type java.lang.String, Property.value phase2test7@example.com
2025-08-09T23:14:55.644-03:00 DEBUG 98192 --- [beauty-salon-backend] [           main] [                                                 ] o.s.d.c.c.c.MappingCassandraConverter    : Adding map.entry [email] - [phase2test7@example.com]
2025-08-09T23:14:55.644-03:00 DEBUG 98192 --- [beauty-salon-backend] [           main] [                                                 ] o.s.d.c.c.c.MappingCassandraConverter    : doWithProperties Property.type java.lang.String, Property.value 5550000007
2025-08-09T23:14:55.644-03:00 DEBUG 98192 --- [beauty-salon-backend] [           main] [                                                 ] o.s.d.c.c.c.MappingCassandraConverter    : Adding map.entry [phone] - [5550000007]
2025-08-09T23:14:55.644-03:00 DEBUG 98192 --- [beauty-salon-backend] [           main] [                                                 ] o.s.d.c.c.c.MappingCassandraConverter    : doWithProperties Property.type java.lang.String, Property.value 123 Phase2 St 7
2025-08-09T23:14:55.644-03:00 DEBUG 98192 --- [beauty-salon-backend] [           main] [                                                 ] o.s.d.c.c.c.MappingCassandraConverter    : Adding map.entry [address] - [123 Phase2 St 7]
2025-08-09T23:14:55.644-03:00 DEBUG 98192 --- [beauty-salon-backend] [           main] [                                                 ] o.s.d.c.c.c.MappingCassandraConverter    : doWithProperties Property.type java.time.Instant, Property.value 2025-08-10T02:14:55.643907Z
2025-08-09T23:14:55.644-03:00 DEBUG 98192 --- [beauty-salon-backend] [           main] [                                                 ] o.s.d.c.c.c.MappingCassandraConverter    : Adding map.entry [created_at] - [2025-08-10T02:14:55.643907Z]
2025-08-09T23:14:55.644-03:00 DEBUG 98192 --- [beauty-salon-backend] [           main] [                                                 ] o.s.d.c.c.c.MappingCassandraConverter    : doWithProperties Property.type java.time.Instant, Property.value 2025-08-10T02:14:55.643907Z
2025-08-09T23:14:55.644-03:00 DEBUG 98192 --- [beauty-salon-backend] [           main] [                                                 ] o.s.d.c.c.c.MappingCassandraConverter    : Adding map.entry [updated_at] - [2025-08-10T02:14:55.643907Z]
2025-08-09T23:14:55.644-03:00 DEBUG 98192 --- [beauty-salon-backend] [           main] [                                                 ] o.s.data.cassandra.core.cql.CqlTemplate  : Preparing statement [INSERT INTO customers (id,name,email,phone,address,created_at,updated_at) VALUES (?,?,?,?,?,?,?)] using org.springframework.data.cassandra.core.CassandraTemplate$PreparedStatementHandler@1061dca7
2025-08-09T23:14:55.644-03:00 DEBUG 98192 --- [beauty-salon-backend] [           main] [                                                 ] o.s.data.cassandra.core.cql.CqlTemplate  : Executing prepared statement [INSERT INTO customers (id,name,email,phone,address,created_at,updated_at) VALUES (?,?,?,?,?,?,?)]
2025-08-09T23:14:55.648-03:00 DEBUG 98192 --- [beauty-salon-backend] [           main] [                                                 ] o.s.d.c.c.c.MappingCassandraConverter    : doWithProperties Property.type java.util.UUID, Property.value 04c65c39-794c-4b87-af08-78b8fc06e888
2025-08-09T23:14:55.648-03:00 DEBUG 98192 --- [beauty-salon-backend] [           main] [                                                 ] o.s.d.c.c.c.MappingCassandraConverter    : Adding map.entry [id] - [04c65c39-794c-4b87-af08-78b8fc06e888]
2025-08-09T23:14:55.648-03:00 DEBUG 98192 --- [beauty-salon-backend] [           main] [                                                 ] o.s.d.c.c.c.MappingCassandraConverter    : doWithProperties Property.type java.lang.String, Property.value Phase2 Test Customer 8
2025-08-09T23:14:55.648-03:00 DEBUG 98192 --- [beauty-salon-backend] [           main] [                                                 ] o.s.d.c.c.c.MappingCassandraConverter    : Adding map.entry [name] - [Phase2 Test Customer 8]
2025-08-09T23:14:55.648-03:00 DEBUG 98192 --- [beauty-salon-backend] [           main] [                                                 ] o.s.d.c.c.c.MappingCassandraConverter    : doWithProperties Property.type java.lang.String, Property.value phase2test8@example.com
2025-08-09T23:14:55.648-03:00 DEBUG 98192 --- [beauty-salon-backend] [           main] [                                                 ] o.s.d.c.c.c.MappingCassandraConverter    : Adding map.entry [email] - [phase2test8@example.com]
2025-08-09T23:14:55.648-03:00 DEBUG 98192 --- [beauty-salon-backend] [           main] [                                                 ] o.s.d.c.c.c.MappingCassandraConverter    : doWithProperties Property.type java.lang.String, Property.value 5550000008
2025-08-09T23:14:55.649-03:00 DEBUG 98192 --- [beauty-salon-backend] [           main] [                                                 ] o.s.d.c.c.c.MappingCassandraConverter    : Adding map.entry [phone] - [5550000008]
2025-08-09T23:14:55.649-03:00 DEBUG 98192 --- [beauty-salon-backend] [           main] [                                                 ] o.s.d.c.c.c.MappingCassandraConverter    : doWithProperties Property.type java.lang.String, Property.value 123 Phase2 St 8
2025-08-09T23:14:55.649-03:00 DEBUG 98192 --- [beauty-salon-backend] [           main] [                                                 ] o.s.d.c.c.c.MappingCassandraConverter    : Adding map.entry [address] - [123 Phase2 St 8]
2025-08-09T23:14:55.649-03:00 DEBUG 98192 --- [beauty-salon-backend] [           main] [                                                 ] o.s.d.c.c.c.MappingCassandraConverter    : doWithProperties Property.type java.time.Instant, Property.value 2025-08-10T02:14:55.648770Z
2025-08-09T23:14:55.649-03:00 DEBUG 98192 --- [beauty-salon-backend] [           main] [                                                 ] o.s.d.c.c.c.MappingCassandraConverter    : Adding map.entry [created_at] - [2025-08-10T02:14:55.648770Z]
2025-08-09T23:14:55.649-03:00 DEBUG 98192 --- [beauty-salon-backend] [           main] [                                                 ] o.s.d.c.c.c.MappingCassandraConverter    : doWithProperties Property.type java.time.Instant, Property.value 2025-08-10T02:14:55.648770Z
2025-08-09T23:14:55.651-03:00 DEBUG 98192 --- [beauty-salon-backend] [           main] [                                                 ] o.s.d.c.c.c.MappingCassandraConverter    : Adding map.entry [updated_at] - [2025-08-10T02:14:55.648770Z]
2025-08-09T23:14:55.651-03:00 DEBUG 98192 --- [beauty-salon-backend] [           main] [                                                 ] o.s.data.cassandra.core.cql.CqlTemplate  : Preparing statement [INSERT INTO customers (id,name,email,phone,address,created_at,updated_at) VALUES (?,?,?,?,?,?,?)] using org.springframework.data.cassandra.core.CassandraTemplate$PreparedStatementHandler@3a1828f7
2025-08-09T23:14:55.653-03:00 DEBUG 98192 --- [beauty-salon-backend] [           main] [                                                 ] o.s.data.cassandra.core.cql.CqlTemplate  : Executing prepared statement [INSERT INTO customers (id,name,email,phone,address,created_at,updated_at) VALUES (?,?,?,?,?,?,?)]
2025-08-09T23:14:55.657-03:00 DEBUG 98192 --- [beauty-salon-backend] [           main] [                                                 ] o.s.d.c.c.c.MappingCassandraConverter    : doWithProperties Property.type java.util.UUID, Property.value 295f15ff-9655-4262-ad2a-0a955c7ae670
2025-08-09T23:14:55.657-03:00 DEBUG 98192 --- [beauty-salon-backend] [           main] [                                                 ] o.s.d.c.c.c.MappingCassandraConverter    : Adding map.entry [id] - [295f15ff-9655-4262-ad2a-0a955c7ae670]
2025-08-09T23:14:55.657-03:00 DEBUG 98192 --- [beauty-salon-backend] [           main] [                                                 ] o.s.d.c.c.c.MappingCassandraConverter    : doWithProperties Property.type java.lang.String, Property.value Phase2 Test Customer 9
2025-08-09T23:14:55.657-03:00 DEBUG 98192 --- [beauty-salon-backend] [           main] [                                                 ] o.s.d.c.c.c.MappingCassandraConverter    : Adding map.entry [name] - [Phase2 Test Customer 9]
2025-08-09T23:14:55.657-03:00 DEBUG 98192 --- [beauty-salon-backend] [           main] [                                                 ] o.s.d.c.c.c.MappingCassandraConverter    : doWithProperties Property.type java.lang.String, Property.value phase2test9@example.com
2025-08-09T23:14:55.657-03:00 DEBUG 98192 --- [beauty-salon-backend] [           main] [                                                 ] o.s.d.c.c.c.MappingCassandraConverter    : Adding map.entry [email] - [phase2test9@example.com]
2025-08-09T23:14:55.657-03:00 DEBUG 98192 --- [beauty-salon-backend] [           main] [                                                 ] o.s.d.c.c.c.MappingCassandraConverter    : doWithProperties Property.type java.lang.String, Property.value 5550000009
2025-08-09T23:14:55.657-03:00 DEBUG 98192 --- [beauty-salon-backend] [           main] [                                                 ] o.s.d.c.c.c.MappingCassandraConverter    : Adding map.entry [phone] - [5550000009]
2025-08-09T23:14:55.657-03:00 DEBUG 98192 --- [beauty-salon-backend] [           main] [                                                 ] o.s.d.c.c.c.MappingCassandraConverter    : doWithProperties Property.type java.lang.String, Property.value 123 Phase2 St 9
2025-08-09T23:14:55.657-03:00 DEBUG 98192 --- [beauty-salon-backend] [           main] [                                                 ] o.s.d.c.c.c.MappingCassandraConverter    : Adding map.entry [address] - [123 Phase2 St 9]
2025-08-09T23:14:55.657-03:00 DEBUG 98192 --- [beauty-salon-backend] [           main] [                                                 ] o.s.d.c.c.c.MappingCassandraConverter    : doWithProperties Property.type java.time.Instant, Property.value 2025-08-10T02:14:55.657277Z
2025-08-09T23:14:55.657-03:00 DEBUG 98192 --- [beauty-salon-backend] [           main] [                                                 ] o.s.d.c.c.c.MappingCassandraConverter    : Adding map.entry [created_at] - [2025-08-10T02:14:55.657277Z]
2025-08-09T23:14:55.657-03:00 DEBUG 98192 --- [beauty-salon-backend] [           main] [                                                 ] o.s.d.c.c.c.MappingCassandraConverter    : doWithProperties Property.type java.time.Instant, Property.value 2025-08-10T02:14:55.657277Z
2025-08-09T23:14:55.657-03:00 DEBUG 98192 --- [beauty-salon-backend] [           main] [                                                 ] o.s.d.c.c.c.MappingCassandraConverter    : Adding map.entry [updated_at] - [2025-08-10T02:14:55.657277Z]
2025-08-09T23:14:55.657-03:00 DEBUG 98192 --- [beauty-salon-backend] [           main] [                                                 ] o.s.data.cassandra.core.cql.CqlTemplate  : Preparing statement [INSERT INTO customers (id,name,email,phone,address,created_at,updated_at) VALUES (?,?,?,?,?,?,?)] using org.springframework.data.cassandra.core.CassandraTemplate$PreparedStatementHandler@45d316ae
2025-08-09T23:14:55.657-03:00 DEBUG 98192 --- [beauty-salon-backend] [           main] [                                                 ] o.s.data.cassandra.core.cql.CqlTemplate  : Executing prepared statement [INSERT INTO customers (id,name,email,phone,address,created_at,updated_at) VALUES (?,?,?,?,?,?,?)]
2025-08-09T23:14:55.662-03:00 DEBUG 98192 --- [beauty-salon-backend] [           main] [                                                 ] o.s.d.c.c.c.MappingCassandraConverter    : doWithProperties Property.type java.util.UUID, Property.value 492c6f16-dbb0-4ac6-a548-8bf107e0b3c4
2025-08-09T23:14:55.662-03:00 DEBUG 98192 --- [beauty-salon-backend] [           main] [                                                 ] o.s.d.c.c.c.MappingCassandraConverter    : Adding map.entry [id] - [492c6f16-dbb0-4ac6-a548-8bf107e0b3c4]
2025-08-09T23:14:55.662-03:00 DEBUG 98192 --- [beauty-salon-backend] [           main] [                                                 ] o.s.d.c.c.c.MappingCassandraConverter    : doWithProperties Property.type java.lang.String, Property.value Phase2 Test Customer 10
2025-08-09T23:14:55.662-03:00 DEBUG 98192 --- [beauty-salon-backend] [           main] [                                                 ] o.s.d.c.c.c.MappingCassandraConverter    : Adding map.entry [name] - [Phase2 Test Customer 10]
2025-08-09T23:14:55.662-03:00 DEBUG 98192 --- [beauty-salon-backend] [           main] [                                                 ] o.s.d.c.c.c.MappingCassandraConverter    : doWithProperties Property.type java.lang.String, Property.value phase2test10@example.com
2025-08-09T23:14:55.662-03:00 DEBUG 98192 --- [beauty-salon-backend] [           main] [                                                 ] o.s.d.c.c.c.MappingCassandraConverter    : Adding map.entry [email] - [phase2test10@example.com]
2025-08-09T23:14:55.662-03:00 DEBUG 98192 --- [beauty-salon-backend] [           main] [                                                 ] o.s.d.c.c.c.MappingCassandraConverter    : doWithProperties Property.type java.lang.String, Property.value 5550000010
2025-08-09T23:14:55.662-03:00 DEBUG 98192 --- [beauty-salon-backend] [           main] [                                                 ] o.s.d.c.c.c.MappingCassandraConverter    : Adding map.entry [phone] - [5550000010]
2025-08-09T23:14:55.662-03:00 DEBUG 98192 --- [beauty-salon-backend] [           main] [                                                 ] o.s.d.c.c.c.MappingCassandraConverter    : doWithProperties Property.type java.lang.String, Property.value 123 Phase2 St 10
2025-08-09T23:14:55.662-03:00 DEBUG 98192 --- [beauty-salon-backend] [           main] [                                                 ] o.s.d.c.c.c.MappingCassandraConverter    : Adding map.entry [address] - [123 Phase2 St 10]
2025-08-09T23:14:55.662-03:00 DEBUG 98192 --- [beauty-salon-backend] [           main] [                                                 ] o.s.d.c.c.c.MappingCassandraConverter    : doWithProperties Property.type java.time.Instant, Property.value 2025-08-10T02:14:55.662357Z
2025-08-09T23:14:55.662-03:00 DEBUG 98192 --- [beauty-salon-backend] [           main] [                                                 ] o.s.d.c.c.c.MappingCassandraConverter    : Adding map.entry [created_at] - [2025-08-10T02:14:55.662357Z]
2025-08-09T23:14:55.662-03:00 DEBUG 98192 --- [beauty-salon-backend] [           main] [                                                 ] o.s.d.c.c.c.MappingCassandraConverter    : doWithProperties Property.type java.time.Instant, Property.value 2025-08-10T02:14:55.662357Z
2025-08-09T23:14:55.662-03:00 DEBUG 98192 --- [beauty-salon-backend] [           main] [                                                 ] o.s.d.c.c.c.MappingCassandraConverter    : Adding map.entry [updated_at] - [2025-08-10T02:14:55.662357Z]
2025-08-09T23:14:55.662-03:00 DEBUG 98192 --- [beauty-salon-backend] [           main] [                                                 ] o.s.data.cassandra.core.cql.CqlTemplate  : Preparing statement [INSERT INTO customers (id,name,email,phone,address,created_at,updated_at) VALUES (?,?,?,?,?,?,?)] using org.springframework.data.cassandra.core.CassandraTemplate$PreparedStatementHandler@75b986b9
2025-08-09T23:14:55.662-03:00 DEBUG 98192 --- [beauty-salon-backend] [           main] [                                                 ] o.s.data.cassandra.core.cql.CqlTemplate  : Executing prepared statement [INSERT INTO customers (id,name,email,phone,address,created_at,updated_at) VALUES (?,?,?,?,?,?,?)]
2025-08-09T23:14:55.668-03:00 DEBUG 98192 --- [beauty-salon-backend] [           main] [                                                 ] o.s.d.c.c.c.MappingCassandraConverter    : doWithProperties Property.type java.util.UUID, Property.value f10ad4dd-b631-4775-8a0e-bf15fdf02153
2025-08-09T23:14:55.668-03:00 DEBUG 98192 --- [beauty-salon-backend] [           main] [                                                 ] o.s.d.c.c.c.MappingCassandraConverter    : Adding map.entry [id] - [f10ad4dd-b631-4775-8a0e-bf15fdf02153]
2025-08-09T23:14:55.668-03:00 DEBUG 98192 --- [beauty-salon-backend] [           main] [                                                 ] o.s.d.c.c.c.MappingCassandraConverter    : doWithProperties Property.type java.lang.String, Property.value Phase2 Test Customer 11
2025-08-09T23:14:55.668-03:00 DEBUG 98192 --- [beauty-salon-backend] [           main] [                                                 ] o.s.d.c.c.c.MappingCassandraConverter    : Adding map.entry [name] - [Phase2 Test Customer 11]
2025-08-09T23:14:55.668-03:00 DEBUG 98192 --- [beauty-salon-backend] [           main] [                                                 ] o.s.d.c.c.c.MappingCassandraConverter    : doWithProperties Property.type java.lang.String, Property.value phase2test11@example.com
2025-08-09T23:14:55.668-03:00 DEBUG 98192 --- [beauty-salon-backend] [           main] [                                                 ] o.s.d.c.c.c.MappingCassandraConverter    : Adding map.entry [email] - [phase2test11@example.com]
2025-08-09T23:14:55.668-03:00 DEBUG 98192 --- [beauty-salon-backend] [           main] [                                                 ] o.s.d.c.c.c.MappingCassandraConverter    : doWithProperties Property.type java.lang.String, Property.value 5550000011
2025-08-09T23:14:55.668-03:00 DEBUG 98192 --- [beauty-salon-backend] [           main] [                                                 ] o.s.d.c.c.c.MappingCassandraConverter    : Adding map.entry [phone] - [5550000011]
2025-08-09T23:14:55.668-03:00 DEBUG 98192 --- [beauty-salon-backend] [           main] [                                                 ] o.s.d.c.c.c.MappingCassandraConverter    : doWithProperties Property.type java.lang.String, Property.value 123 Phase2 St 11
2025-08-09T23:14:55.668-03:00 DEBUG 98192 --- [beauty-salon-backend] [           main] [                                                 ] o.s.d.c.c.c.MappingCassandraConverter    : Adding map.entry [address] - [123 Phase2 St 11]
2025-08-09T23:14:55.668-03:00 DEBUG 98192 --- [beauty-salon-backend] [           main] [                                                 ] o.s.d.c.c.c.MappingCassandraConverter    : doWithProperties Property.type java.time.Instant, Property.value 2025-08-10T02:14:55.668325Z
2025-08-09T23:14:55.668-03:00 DEBUG 98192 --- [beauty-salon-backend] [           main] [                                                 ] o.s.d.c.c.c.MappingCassandraConverter    : Adding map.entry [created_at] - [2025-08-10T02:14:55.668325Z]
2025-08-09T23:14:55.668-03:00 DEBUG 98192 --- [beauty-salon-backend] [           main] [                                                 ] o.s.d.c.c.c.MappingCassandraConverter    : doWithProperties Property.type java.time.Instant, Property.value 2025-08-10T02:14:55.668325Z
2025-08-09T23:14:55.668-03:00 DEBUG 98192 --- [beauty-salon-backend] [           main] [                                                 ] o.s.d.c.c.c.MappingCassandraConverter    : Adding map.entry [updated_at] - [2025-08-10T02:14:55.668325Z]
2025-08-09T23:14:55.668-03:00 DEBUG 98192 --- [beauty-salon-backend] [           main] [                                                 ] o.s.data.cassandra.core.cql.CqlTemplate  : Preparing statement [INSERT INTO customers (id,name,email,phone,address,created_at,updated_at) VALUES (?,?,?,?,?,?,?)] using org.springframework.data.cassandra.core.CassandraTemplate$PreparedStatementHandler@2e0cc9c8
2025-08-09T23:14:55.668-03:00 DEBUG 98192 --- [beauty-salon-backend] [           main] [                                                 ] o.s.data.cassandra.core.cql.CqlTemplate  : Executing prepared statement [INSERT INTO customers (id,name,email,phone,address,created_at,updated_at) VALUES (?,?,?,?,?,?,?)]
2025-08-09T23:14:55.673-03:00 DEBUG 98192 --- [beauty-salon-backend] [           main] [                                                 ] o.s.d.c.c.c.MappingCassandraConverter    : doWithProperties Property.type java.util.UUID, Property.value d1cbfe73-4f92-4790-91aa-4a1254d61e8e
2025-08-09T23:14:55.673-03:00 DEBUG 98192 --- [beauty-salon-backend] [           main] [                                                 ] o.s.d.c.c.c.MappingCassandraConverter    : Adding map.entry [id] - [d1cbfe73-4f92-4790-91aa-4a1254d61e8e]
2025-08-09T23:14:55.673-03:00 DEBUG 98192 --- [beauty-salon-backend] [           main] [                                                 ] o.s.d.c.c.c.MappingCassandraConverter    : doWithProperties Property.type java.lang.String, Property.value Phase2 Test Customer 12
2025-08-09T23:14:55.673-03:00 DEBUG 98192 --- [beauty-salon-backend] [           main] [                                                 ] o.s.d.c.c.c.MappingCassandraConverter    : Adding map.entry [name] - [Phase2 Test Customer 12]
2025-08-09T23:14:55.673-03:00 DEBUG 98192 --- [beauty-salon-backend] [           main] [                                                 ] o.s.d.c.c.c.MappingCassandraConverter    : doWithProperties Property.type java.lang.String, Property.value phase2test12@example.com
2025-08-09T23:14:55.673-03:00 DEBUG 98192 --- [beauty-salon-backend] [           main] [                                                 ] o.s.d.c.c.c.MappingCassandraConverter    : Adding map.entry [email] - [phase2test12@example.com]
2025-08-09T23:14:55.673-03:00 DEBUG 98192 --- [beauty-salon-backend] [           main] [                                                 ] o.s.d.c.c.c.MappingCassandraConverter    : doWithProperties Property.type java.lang.String, Property.value 5550000012
2025-08-09T23:14:55.673-03:00 DEBUG 98192 --- [beauty-salon-backend] [           main] [                                                 ] o.s.d.c.c.c.MappingCassandraConverter    : Adding map.entry [phone] - [5550000012]
2025-08-09T23:14:55.673-03:00 DEBUG 98192 --- [beauty-salon-backend] [           main] [                                                 ] o.s.d.c.c.c.MappingCassandraConverter    : doWithProperties Property.type java.lang.String, Property.value 123 Phase2 St 12
2025-08-09T23:14:55.673-03:00 DEBUG 98192 --- [beauty-salon-backend] [           main] [                                                 ] o.s.d.c.c.c.MappingCassandraConverter    : Adding map.entry [address] - [123 Phase2 St 12]
2025-08-09T23:14:55.673-03:00 DEBUG 98192 --- [beauty-salon-backend] [           main] [                                                 ] o.s.d.c.c.c.MappingCassandraConverter    : doWithProperties Property.type java.time.Instant, Property.value 2025-08-10T02:14:55.673460Z
2025-08-09T23:14:55.673-03:00 DEBUG 98192 --- [beauty-salon-backend] [           main] [                                                 ] o.s.d.c.c.c.MappingCassandraConverter    : Adding map.entry [created_at] - [2025-08-10T02:14:55.673460Z]
2025-08-09T23:14:55.673-03:00 DEBUG 98192 --- [beauty-salon-backend] [           main] [                                                 ] o.s.d.c.c.c.MappingCassandraConverter    : doWithProperties Property.type java.time.Instant, Property.value 2025-08-10T02:14:55.673460Z
2025-08-09T23:14:55.673-03:00 DEBUG 98192 --- [beauty-salon-backend] [           main] [                                                 ] o.s.d.c.c.c.MappingCassandraConverter    : Adding map.entry [updated_at] - [2025-08-10T02:14:55.673460Z]
2025-08-09T23:14:55.673-03:00 DEBUG 98192 --- [beauty-salon-backend] [           main] [                                                 ] o.s.data.cassandra.core.cql.CqlTemplate  : Preparing statement [INSERT INTO customers (id,name,email,phone,address,created_at,updated_at) VALUES (?,?,?,?,?,?,?)] using org.springframework.data.cassandra.core.CassandraTemplate$PreparedStatementHandler@17c53e0a
2025-08-09T23:14:55.673-03:00 DEBUG 98192 --- [beauty-salon-backend] [           main] [                                                 ] o.s.data.cassandra.core.cql.CqlTemplate  : Executing prepared statement [INSERT INTO customers (id,name,email,phone,address,created_at,updated_at) VALUES (?,?,?,?,?,?,?)]
2025-08-09T23:14:55.678-03:00 DEBUG 98192 --- [beauty-salon-backend] [           main] [                                                 ] o.s.d.c.c.c.MappingCassandraConverter    : doWithProperties Property.type java.util.UUID, Property.value edfb3406-3ad5-42e8-a3f8-3af8e8ca89eb
2025-08-09T23:14:55.678-03:00 DEBUG 98192 --- [beauty-salon-backend] [           main] [                                                 ] o.s.d.c.c.c.MappingCassandraConverter    : Adding map.entry [id] - [edfb3406-3ad5-42e8-a3f8-3af8e8ca89eb]
2025-08-09T23:14:55.678-03:00 DEBUG 98192 --- [beauty-salon-backend] [           main] [                                                 ] o.s.d.c.c.c.MappingCassandraConverter    : doWithProperties Property.type java.lang.String, Property.value Phase2 Test Customer 13
2025-08-09T23:14:55.678-03:00 DEBUG 98192 --- [beauty-salon-backend] [           main] [                                                 ] o.s.d.c.c.c.MappingCassandraConverter    : Adding map.entry [name] - [Phase2 Test Customer 13]
2025-08-09T23:14:55.678-03:00 DEBUG 98192 --- [beauty-salon-backend] [           main] [                                                 ] o.s.d.c.c.c.MappingCassandraConverter    : doWithProperties Property.type java.lang.String, Property.value phase2test13@example.com
2025-08-09T23:14:55.678-03:00 DEBUG 98192 --- [beauty-salon-backend] [           main] [                                                 ] o.s.d.c.c.c.MappingCassandraConverter    : Adding map.entry [email] - [phase2test13@example.com]
2025-08-09T23:14:55.678-03:00 DEBUG 98192 --- [beauty-salon-backend] [           main] [                                                 ] o.s.d.c.c.c.MappingCassandraConverter    : doWithProperties Property.type java.lang.String, Property.value 5550000013
2025-08-09T23:14:55.678-03:00 DEBUG 98192 --- [beauty-salon-backend] [           main] [                                                 ] o.s.d.c.c.c.MappingCassandraConverter    : Adding map.entry [phone] - [5550000013]
2025-08-09T23:14:55.678-03:00 DEBUG 98192 --- [beauty-salon-backend] [           main] [                                                 ] o.s.d.c.c.c.MappingCassandraConverter    : doWithProperties Property.type java.lang.String, Property.value 123 Phase2 St 13
2025-08-09T23:14:55.678-03:00 DEBUG 98192 --- [beauty-salon-backend] [           main] [                                                 ] o.s.d.c.c.c.MappingCassandraConverter    : Adding map.entry [address] - [123 Phase2 St 13]
2025-08-09T23:14:55.678-03:00 DEBUG 98192 --- [beauty-salon-backend] [           main] [                                                 ] o.s.d.c.c.c.MappingCassandraConverter    : doWithProperties Property.type java.time.Instant, Property.value 2025-08-10T02:14:55.678010Z
2025-08-09T23:14:55.678-03:00 DEBUG 98192 --- [beauty-salon-backend] [           main] [                                                 ] o.s.d.c.c.c.MappingCassandraConverter    : Adding map.entry [created_at] - [2025-08-10T02:14:55.678010Z]
2025-08-09T23:14:55.678-03:00 DEBUG 98192 --- [beauty-salon-backend] [           main] [                                                 ] o.s.d.c.c.c.MappingCassandraConverter    : doWithProperties Property.type java.time.Instant, Property.value 2025-08-10T02:14:55.678010Z
2025-08-09T23:14:55.678-03:00 DEBUG 98192 --- [beauty-salon-backend] [           main] [                                                 ] o.s.d.c.c.c.MappingCassandraConverter    : Adding map.entry [updated_at] - [2025-08-10T02:14:55.678010Z]
2025-08-09T23:14:55.678-03:00 DEBUG 98192 --- [beauty-salon-backend] [           main] [                                                 ] o.s.data.cassandra.core.cql.CqlTemplate  : Preparing statement [INSERT INTO customers (id,name,email,phone,address,created_at,updated_at) VALUES (?,?,?,?,?,?,?)] using org.springframework.data.cassandra.core.CassandraTemplate$PreparedStatementHandler@128e9772
2025-08-09T23:14:55.678-03:00 DEBUG 98192 --- [beauty-salon-backend] [           main] [                                                 ] o.s.data.cassandra.core.cql.CqlTemplate  : Executing prepared statement [INSERT INTO customers (id,name,email,phone,address,created_at,updated_at) VALUES (?,?,?,?,?,?,?)]
2025-08-09T23:14:55.682-03:00 DEBUG 98192 --- [beauty-salon-backend] [           main] [                                                 ] o.s.d.c.c.c.MappingCassandraConverter    : doWithProperties Property.type java.util.UUID, Property.value e1710bd7-42e0-4067-af10-0acfbc689c87
2025-08-09T23:14:55.683-03:00 DEBUG 98192 --- [beauty-salon-backend] [           main] [                                                 ] o.s.d.c.c.c.MappingCassandraConverter    : Adding map.entry [id] - [e1710bd7-42e0-4067-af10-0acfbc689c87]
2025-08-09T23:14:55.683-03:00 DEBUG 98192 --- [beauty-salon-backend] [           main] [                                                 ] o.s.d.c.c.c.MappingCassandraConverter    : doWithProperties Property.type java.lang.String, Property.value Phase2 Test Customer 14
2025-08-09T23:14:55.683-03:00 DEBUG 98192 --- [beauty-salon-backend] [           main] [                                                 ] o.s.d.c.c.c.MappingCassandraConverter    : Adding map.entry [name] - [Phase2 Test Customer 14]
2025-08-09T23:14:55.683-03:00 DEBUG 98192 --- [beauty-salon-backend] [           main] [                                                 ] o.s.d.c.c.c.MappingCassandraConverter    : doWithProperties Property.type java.lang.String, Property.value phase2test14@example.com
2025-08-09T23:14:55.683-03:00 DEBUG 98192 --- [beauty-salon-backend] [           main] [                                                 ] o.s.d.c.c.c.MappingCassandraConverter    : Adding map.entry [email] - [phase2test14@example.com]
2025-08-09T23:14:55.683-03:00 DEBUG 98192 --- [beauty-salon-backend] [           main] [                                                 ] o.s.d.c.c.c.MappingCassandraConverter    : doWithProperties Property.type java.lang.String, Property.value 5550000014
2025-08-09T23:14:55.683-03:00 DEBUG 98192 --- [beauty-salon-backend] [           main] [                                                 ] o.s.d.c.c.c.MappingCassandraConverter    : Adding map.entry [phone] - [5550000014]
2025-08-09T23:14:55.683-03:00 DEBUG 98192 --- [beauty-salon-backend] [           main] [                                                 ] o.s.d.c.c.c.MappingCassandraConverter    : doWithProperties Property.type java.lang.String, Property.value 123 Phase2 St 14
2025-08-09T23:14:55.683-03:00 DEBUG 98192 --- [beauty-salon-backend] [           main] [                                                 ] o.s.d.c.c.c.MappingCassandraConverter    : Adding map.entry [address] - [123 Phase2 St 14]
2025-08-09T23:14:55.683-03:00 DEBUG 98192 --- [beauty-salon-backend] [           main] [                                                 ] o.s.d.c.c.c.MappingCassandraConverter    : doWithProperties Property.type java.time.Instant, Property.value 2025-08-10T02:14:55.682918Z
2025-08-09T23:14:55.683-03:00 DEBUG 98192 --- [beauty-salon-backend] [           main] [                                                 ] o.s.d.c.c.c.MappingCassandraConverter    : Adding map.entry [created_at] - [2025-08-10T02:14:55.682918Z]
2025-08-09T23:14:55.683-03:00 DEBUG 98192 --- [beauty-salon-backend] [           main] [                                                 ] o.s.d.c.c.c.MappingCassandraConverter    : doWithProperties Property.type java.time.Instant, Property.value 2025-08-10T02:14:55.682919Z
2025-08-09T23:14:55.683-03:00 DEBUG 98192 --- [beauty-salon-backend] [           main] [                                                 ] o.s.d.c.c.c.MappingCassandraConverter    : Adding map.entry [updated_at] - [2025-08-10T02:14:55.682919Z]
2025-08-09T23:14:55.683-03:00 DEBUG 98192 --- [beauty-salon-backend] [           main] [                                                 ] o.s.data.cassandra.core.cql.CqlTemplate  : Preparing statement [INSERT INTO customers (id,name,email,phone,address,created_at,updated_at) VALUES (?,?,?,?,?,?,?)] using org.springframework.data.cassandra.core.CassandraTemplate$PreparedStatementHandler@59501e6
2025-08-09T23:14:55.683-03:00 DEBUG 98192 --- [beauty-salon-backend] [           main] [                                                 ] o.s.data.cassandra.core.cql.CqlTemplate  : Executing prepared statement [INSERT INTO customers (id,name,email,phone,address,created_at,updated_at) VALUES (?,?,?,?,?,?,?)]
2025-08-09T23:14:55.687-03:00 DEBUG 98192 --- [beauty-salon-backend] [           main] [                                                 ] o.s.d.c.c.c.MappingCassandraConverter    : doWithProperties Property.type java.util.UUID, Property.value 82cd8191-662f-4908-b547-c796a67de2bf
2025-08-09T23:14:55.687-03:00 DEBUG 98192 --- [beauty-salon-backend] [           main] [                                                 ] o.s.d.c.c.c.MappingCassandraConverter    : Adding map.entry [id] - [82cd8191-662f-4908-b547-c796a67de2bf]
2025-08-09T23:14:55.687-03:00 DEBUG 98192 --- [beauty-salon-backend] [           main] [                                                 ] o.s.d.c.c.c.MappingCassandraConverter    : doWithProperties Property.type java.lang.String, Property.value Phase2 Test Customer 15
2025-08-09T23:14:55.687-03:00 DEBUG 98192 --- [beauty-salon-backend] [           main] [                                                 ] o.s.d.c.c.c.MappingCassandraConverter    : Adding map.entry [name] - [Phase2 Test Customer 15]
2025-08-09T23:14:55.687-03:00 DEBUG 98192 --- [beauty-salon-backend] [           main] [                                                 ] o.s.d.c.c.c.MappingCassandraConverter    : doWithProperties Property.type java.lang.String, Property.value phase2test15@example.com
2025-08-09T23:14:55.687-03:00 DEBUG 98192 --- [beauty-salon-backend] [           main] [                                                 ] o.s.d.c.c.c.MappingCassandraConverter    : Adding map.entry [email] - [phase2test15@example.com]
2025-08-09T23:14:55.687-03:00 DEBUG 98192 --- [beauty-salon-backend] [           main] [                                                 ] o.s.d.c.c.c.MappingCassandraConverter    : doWithProperties Property.type java.lang.String, Property.value 5550000015
2025-08-09T23:14:55.687-03:00 DEBUG 98192 --- [beauty-salon-backend] [           main] [                                                 ] o.s.d.c.c.c.MappingCassandraConverter    : Adding map.entry [phone] - [5550000015]
2025-08-09T23:14:55.687-03:00 DEBUG 98192 --- [beauty-salon-backend] [           main] [                                                 ] o.s.d.c.c.c.MappingCassandraConverter    : doWithProperties Property.type java.lang.String, Property.value 123 Phase2 St 15
2025-08-09T23:14:55.687-03:00 DEBUG 98192 --- [beauty-salon-backend] [           main] [                                                 ] o.s.d.c.c.c.MappingCassandraConverter    : Adding map.entry [address] - [123 Phase2 St 15]
2025-08-09T23:14:55.687-03:00 DEBUG 98192 --- [beauty-salon-backend] [           main] [                                                 ] o.s.d.c.c.c.MappingCassandraConverter    : doWithProperties Property.type java.time.Instant, Property.value 2025-08-10T02:14:55.687601Z
2025-08-09T23:14:55.687-03:00 DEBUG 98192 --- [beauty-salon-backend] [           main] [                                                 ] o.s.d.c.c.c.MappingCassandraConverter    : Adding map.entry [created_at] - [2025-08-10T02:14:55.687601Z]
2025-08-09T23:14:55.687-03:00 DEBUG 98192 --- [beauty-salon-backend] [           main] [                                                 ] o.s.d.c.c.c.MappingCassandraConverter    : doWithProperties Property.type java.time.Instant, Property.value 2025-08-10T02:14:55.687601Z
2025-08-09T23:14:55.687-03:00 DEBUG 98192 --- [beauty-salon-backend] [           main] [                                                 ] o.s.d.c.c.c.MappingCassandraConverter    : Adding map.entry [updated_at] - [2025-08-10T02:14:55.687601Z]
2025-08-09T23:14:55.688-03:00 DEBUG 98192 --- [beauty-salon-backend] [           main] [                                                 ] o.s.data.cassandra.core.cql.CqlTemplate  : Preparing statement [INSERT INTO customers (id,name,email,phone,address,created_at,updated_at) VALUES (?,?,?,?,?,?,?)] using org.springframework.data.cassandra.core.CassandraTemplate$PreparedStatementHandler@1b01cc27
2025-08-09T23:14:55.688-03:00 DEBUG 98192 --- [beauty-salon-backend] [           main] [                                                 ] o.s.data.cassandra.core.cql.CqlTemplate  : Executing prepared statement [INSERT INTO customers (id,name,email,phone,address,created_at,updated_at) VALUES (?,?,?,?,?,?,?)]
2025-08-09T23:14:55.693-03:00 DEBUG 98192 --- [beauty-salon-backend] [           main] [                                                 ] o.s.d.c.c.c.MappingCassandraConverter    : doWithProperties Property.type java.util.UUID, Property.value 59699b8c-b8ab-4476-a738-72c8c74553df
2025-08-09T23:14:55.693-03:00 DEBUG 98192 --- [beauty-salon-backend] [           main] [                                                 ] o.s.d.c.c.c.MappingCassandraConverter    : Adding map.entry [id] - [59699b8c-b8ab-4476-a738-72c8c74553df]
2025-08-09T23:14:55.693-03:00 DEBUG 98192 --- [beauty-salon-backend] [           main] [                                                 ] o.s.d.c.c.c.MappingCassandraConverter    : doWithProperties Property.type java.lang.String, Property.value Phase2 Test Customer 16
2025-08-09T23:14:55.693-03:00 DEBUG 98192 --- [beauty-salon-backend] [           main] [                                                 ] o.s.d.c.c.c.MappingCassandraConverter    : Adding map.entry [name] - [Phase2 Test Customer 16]
2025-08-09T23:14:55.693-03:00 DEBUG 98192 --- [beauty-salon-backend] [           main] [                                                 ] o.s.d.c.c.c.MappingCassandraConverter    : doWithProperties Property.type java.lang.String, Property.value phase2test16@example.com
2025-08-09T23:14:55.693-03:00 DEBUG 98192 --- [beauty-salon-backend] [           main] [                                                 ] o.s.d.c.c.c.MappingCassandraConverter    : Adding map.entry [email] - [phase2test16@example.com]
2025-08-09T23:14:55.693-03:00 DEBUG 98192 --- [beauty-salon-backend] [           main] [                                                 ] o.s.d.c.c.c.MappingCassandraConverter    : doWithProperties Property.type java.lang.String, Property.value 5550000016
2025-08-09T23:14:55.693-03:00 DEBUG 98192 --- [beauty-salon-backend] [           main] [                                                 ] o.s.d.c.c.c.MappingCassandraConverter    : Adding map.entry [phone] - [5550000016]
2025-08-09T23:14:55.693-03:00 DEBUG 98192 --- [beauty-salon-backend] [           main] [                                                 ] o.s.d.c.c.c.MappingCassandraConverter    : doWithProperties Property.type java.lang.String, Property.value 123 Phase2 St 16
2025-08-09T23:14:55.693-03:00 DEBUG 98192 --- [beauty-salon-backend] [           main] [                                                 ] o.s.d.c.c.c.MappingCassandraConverter    : Adding map.entry [address] - [123 Phase2 St 16]
2025-08-09T23:14:55.693-03:00 DEBUG 98192 --- [beauty-salon-backend] [           main] [                                                 ] o.s.d.c.c.c.MappingCassandraConverter    : doWithProperties Property.type java.time.Instant, Property.value 2025-08-10T02:14:55.693248Z
2025-08-09T23:14:55.693-03:00 DEBUG 98192 --- [beauty-salon-backend] [           main] [                                                 ] o.s.d.c.c.c.MappingCassandraConverter    : Adding map.entry [created_at] - [2025-08-10T02:14:55.693248Z]
2025-08-09T23:14:55.693-03:00 DEBUG 98192 --- [beauty-salon-backend] [           main] [                                                 ] o.s.d.c.c.c.MappingCassandraConverter    : doWithProperties Property.type java.time.Instant, Property.value 2025-08-10T02:14:55.693248Z
2025-08-09T23:14:55.693-03:00 DEBUG 98192 --- [beauty-salon-backend] [           main] [                                                 ] o.s.d.c.c.c.MappingCassandraConverter    : Adding map.entry [updated_at] - [2025-08-10T02:14:55.693248Z]
2025-08-09T23:14:55.693-03:00 DEBUG 98192 --- [beauty-salon-backend] [           main] [                                                 ] o.s.data.cassandra.core.cql.CqlTemplate  : Preparing statement [INSERT INTO customers (id,name,email,phone,address,created_at,updated_at) VALUES (?,?,?,?,?,?,?)] using org.springframework.data.cassandra.core.CassandraTemplate$PreparedStatementHandler@7f0e5a73
2025-08-09T23:14:55.693-03:00 DEBUG 98192 --- [beauty-salon-backend] [           main] [                                                 ] o.s.data.cassandra.core.cql.CqlTemplate  : Executing prepared statement [INSERT INTO customers (id,name,email,phone,address,created_at,updated_at) VALUES (?,?,?,?,?,?,?)]
2025-08-09T23:14:55.699-03:00 DEBUG 98192 --- [beauty-salon-backend] [           main] [                                                 ] o.s.d.c.c.c.MappingCassandraConverter    : doWithProperties Property.type java.util.UUID, Property.value 8a8ccf06-0c9d-4044-bfb7-e6c7518897b3
2025-08-09T23:14:55.699-03:00 DEBUG 98192 --- [beauty-salon-backend] [           main] [                                                 ] o.s.d.c.c.c.MappingCassandraConverter    : Adding map.entry [id] - [8a8ccf06-0c9d-4044-bfb7-e6c7518897b3]
2025-08-09T23:14:55.699-03:00 DEBUG 98192 --- [beauty-salon-backend] [           main] [                                                 ] o.s.d.c.c.c.MappingCassandraConverter    : doWithProperties Property.type java.lang.String, Property.value Phase2 Test Customer 17
2025-08-09T23:14:55.699-03:00 DEBUG 98192 --- [beauty-salon-backend] [           main] [                                                 ] o.s.d.c.c.c.MappingCassandraConverter    : Adding map.entry [name] - [Phase2 Test Customer 17]
2025-08-09T23:14:55.699-03:00 DEBUG 98192 --- [beauty-salon-backend] [           main] [                                                 ] o.s.d.c.c.c.MappingCassandraConverter    : doWithProperties Property.type java.lang.String, Property.value phase2test17@example.com
2025-08-09T23:14:55.699-03:00 DEBUG 98192 --- [beauty-salon-backend] [           main] [                                                 ] o.s.d.c.c.c.MappingCassandraConverter    : Adding map.entry [email] - [phase2test17@example.com]
2025-08-09T23:14:55.699-03:00 DEBUG 98192 --- [beauty-salon-backend] [           main] [                                                 ] o.s.d.c.c.c.MappingCassandraConverter    : doWithProperties Property.type java.lang.String, Property.value 5550000017
2025-08-09T23:14:55.699-03:00 DEBUG 98192 --- [beauty-salon-backend] [           main] [                                                 ] o.s.d.c.c.c.MappingCassandraConverter    : Adding map.entry [phone] - [5550000017]
2025-08-09T23:14:55.699-03:00 DEBUG 98192 --- [beauty-salon-backend] [           main] [                                                 ] o.s.d.c.c.c.MappingCassandraConverter    : doWithProperties Property.type java.lang.String, Property.value 123 Phase2 St 17
2025-08-09T23:14:55.699-03:00 DEBUG 98192 --- [beauty-salon-backend] [           main] [                                                 ] o.s.d.c.c.c.MappingCassandraConverter    : Adding map.entry [address] - [123 Phase2 St 17]
2025-08-09T23:14:55.699-03:00 DEBUG 98192 --- [beauty-salon-backend] [           main] [                                                 ] o.s.d.c.c.c.MappingCassandraConverter    : doWithProperties Property.type java.time.Instant, Property.value 2025-08-10T02:14:55.699455Z
2025-08-09T23:14:55.699-03:00 DEBUG 98192 --- [beauty-salon-backend] [           main] [                                                 ] o.s.d.c.c.c.MappingCassandraConverter    : Adding map.entry [created_at] - [2025-08-10T02:14:55.699455Z]
2025-08-09T23:14:55.699-03:00 DEBUG 98192 --- [beauty-salon-backend] [           main] [                                                 ] o.s.d.c.c.c.MappingCassandraConverter    : doWithProperties Property.type java.time.Instant, Property.value 2025-08-10T02:14:55.699455Z
2025-08-09T23:14:55.699-03:00 DEBUG 98192 --- [beauty-salon-backend] [           main] [                                                 ] o.s.d.c.c.c.MappingCassandraConverter    : Adding map.entry [updated_at] - [2025-08-10T02:14:55.699455Z]
2025-08-09T23:14:55.699-03:00 DEBUG 98192 --- [beauty-salon-backend] [           main] [                                                 ] o.s.data.cassandra.core.cql.CqlTemplate  : Preparing statement [INSERT INTO customers (id,name,email,phone,address,created_at,updated_at) VALUES (?,?,?,?,?,?,?)] using org.springframework.data.cassandra.core.CassandraTemplate$PreparedStatementHandler@ccbf3f
2025-08-09T23:14:55.699-03:00 DEBUG 98192 --- [beauty-salon-backend] [           main] [                                                 ] o.s.data.cassandra.core.cql.CqlTemplate  : Executing prepared statement [INSERT INTO customers (id,name,email,phone,address,created_at,updated_at) VALUES (?,?,?,?,?,?,?)]
2025-08-09T23:14:55.705-03:00 DEBUG 98192 --- [beauty-salon-backend] [           main] [                                                 ] o.s.d.c.c.c.MappingCassandraConverter    : doWithProperties Property.type java.util.UUID, Property.value 818fd140-7c3f-4994-871a-23decb9cd4e9
2025-08-09T23:14:55.705-03:00 DEBUG 98192 --- [beauty-salon-backend] [           main] [                                                 ] o.s.d.c.c.c.MappingCassandraConverter    : Adding map.entry [id] - [818fd140-7c3f-4994-871a-23decb9cd4e9]
2025-08-09T23:14:55.705-03:00 DEBUG 98192 --- [beauty-salon-backend] [           main] [                                                 ] o.s.d.c.c.c.MappingCassandraConverter    : doWithProperties Property.type java.lang.String, Property.value Phase2 Test Customer 18
2025-08-09T23:14:55.705-03:00 DEBUG 98192 --- [beauty-salon-backend] [           main] [                                                 ] o.s.d.c.c.c.MappingCassandraConverter    : Adding map.entry [name] - [Phase2 Test Customer 18]
2025-08-09T23:14:55.705-03:00 DEBUG 98192 --- [beauty-salon-backend] [           main] [                                                 ] o.s.d.c.c.c.MappingCassandraConverter    : doWithProperties Property.type java.lang.String, Property.value phase2test18@example.com
2025-08-09T23:14:55.705-03:00 DEBUG 98192 --- [beauty-salon-backend] [           main] [                                                 ] o.s.d.c.c.c.MappingCassandraConverter    : Adding map.entry [email] - [phase2test18@example.com]
2025-08-09T23:14:55.705-03:00 DEBUG 98192 --- [beauty-salon-backend] [           main] [                                                 ] o.s.d.c.c.c.MappingCassandraConverter    : doWithProperties Property.type java.lang.String, Property.value 5550000018
2025-08-09T23:14:55.705-03:00 DEBUG 98192 --- [beauty-salon-backend] [           main] [                                                 ] o.s.d.c.c.c.MappingCassandraConverter    : Adding map.entry [phone] - [5550000018]
2025-08-09T23:14:55.705-03:00 DEBUG 98192 --- [beauty-salon-backend] [           main] [                                                 ] o.s.d.c.c.c.MappingCassandraConverter    : doWithProperties Property.type java.lang.String, Property.value 123 Phase2 St 18
2025-08-09T23:14:55.706-03:00 DEBUG 98192 --- [beauty-salon-backend] [           main] [                                                 ] o.s.d.c.c.c.MappingCassandraConverter    : Adding map.entry [address] - [123 Phase2 St 18]
2025-08-09T23:14:55.706-03:00 DEBUG 98192 --- [beauty-salon-backend] [           main] [                                                 ] o.s.d.c.c.c.MappingCassandraConverter    : doWithProperties Property.type java.time.Instant, Property.value 2025-08-10T02:14:55.705182Z
2025-08-09T23:14:55.706-03:00 DEBUG 98192 --- [beauty-salon-backend] [           main] [                                                 ] o.s.d.c.c.c.MappingCassandraConverter    : Adding map.entry [created_at] - [2025-08-10T02:14:55.705182Z]
2025-08-09T23:14:55.706-03:00 DEBUG 98192 --- [beauty-salon-backend] [           main] [                                                 ] o.s.d.c.c.c.MappingCassandraConverter    : doWithProperties Property.type java.time.Instant, Property.value 2025-08-10T02:14:55.705182Z
2025-08-09T23:14:55.706-03:00 DEBUG 98192 --- [beauty-salon-backend] [           main] [                                                 ] o.s.d.c.c.c.MappingCassandraConverter    : Adding map.entry [updated_at] - [2025-08-10T02:14:55.705182Z]
2025-08-09T23:14:55.706-03:00 DEBUG 98192 --- [beauty-salon-backend] [           main] [                                                 ] o.s.data.cassandra.core.cql.CqlTemplate  : Preparing statement [INSERT INTO customers (id,name,email,phone,address,created_at,updated_at) VALUES (?,?,?,?,?,?,?)] using org.springframework.data.cassandra.core.CassandraTemplate$PreparedStatementHandler@10673631
2025-08-09T23:14:55.706-03:00 DEBUG 98192 --- [beauty-salon-backend] [           main] [                                                 ] o.s.data.cassandra.core.cql.CqlTemplate  : Executing prepared statement [INSERT INTO customers (id,name,email,phone,address,created_at,updated_at) VALUES (?,?,?,?,?,?,?)]
2025-08-09T23:14:55.711-03:00 DEBUG 98192 --- [beauty-salon-backend] [           main] [                                                 ] o.s.d.c.c.c.MappingCassandraConverter    : doWithProperties Property.type java.util.UUID, Property.value d6248438-0a56-4841-9cce-442a33eea229
2025-08-09T23:14:55.711-03:00 DEBUG 98192 --- [beauty-salon-backend] [           main] [                                                 ] o.s.d.c.c.c.MappingCassandraConverter    : Adding map.entry [id] - [d6248438-0a56-4841-9cce-442a33eea229]
2025-08-09T23:14:55.711-03:00 DEBUG 98192 --- [beauty-salon-backend] [           main] [                                                 ] o.s.d.c.c.c.MappingCassandraConverter    : doWithProperties Property.type java.lang.String, Property.value Phase2 Test Customer 19
2025-08-09T23:14:55.711-03:00 DEBUG 98192 --- [beauty-salon-backend] [           main] [                                                 ] o.s.d.c.c.c.MappingCassandraConverter    : Adding map.entry [name] - [Phase2 Test Customer 19]
2025-08-09T23:14:55.711-03:00 DEBUG 98192 --- [beauty-salon-backend] [           main] [                                                 ] o.s.d.c.c.c.MappingCassandraConverter    : doWithProperties Property.type java.lang.String, Property.value phase2test19@example.com
2025-08-09T23:14:55.711-03:00 DEBUG 98192 --- [beauty-salon-backend] [           main] [                                                 ] o.s.d.c.c.c.MappingCassandraConverter    : Adding map.entry [email] - [phase2test19@example.com]
2025-08-09T23:14:55.711-03:00 DEBUG 98192 --- [beauty-salon-backend] [           main] [                                                 ] o.s.d.c.c.c.MappingCassandraConverter    : doWithProperties Property.type java.lang.String, Property.value 5550000019
2025-08-09T23:14:55.711-03:00 DEBUG 98192 --- [beauty-salon-backend] [           main] [                                                 ] o.s.d.c.c.c.MappingCassandraConverter    : Adding map.entry [phone] - [5550000019]
2025-08-09T23:14:55.711-03:00 DEBUG 98192 --- [beauty-salon-backend] [           main] [                                                 ] o.s.d.c.c.c.MappingCassandraConverter    : doWithProperties Property.type java.lang.String, Property.value 123 Phase2 St 19
2025-08-09T23:14:55.711-03:00 DEBUG 98192 --- [beauty-salon-backend] [           main] [                                                 ] o.s.d.c.c.c.MappingCassandraConverter    : Adding map.entry [address] - [123 Phase2 St 19]
2025-08-09T23:14:55.711-03:00 DEBUG 98192 --- [beauty-salon-backend] [           main] [                                                 ] o.s.d.c.c.c.MappingCassandraConverter    : doWithProperties Property.type java.time.Instant, Property.value 2025-08-10T02:14:55.711622Z
2025-08-09T23:14:55.711-03:00 DEBUG 98192 --- [beauty-salon-backend] [           main] [                                                 ] o.s.d.c.c.c.MappingCassandraConverter    : Adding map.entry [created_at] - [2025-08-10T02:14:55.711622Z]
2025-08-09T23:14:55.711-03:00 DEBUG 98192 --- [beauty-salon-backend] [           main] [                                                 ] o.s.d.c.c.c.MappingCassandraConverter    : doWithProperties Property.type java.time.Instant, Property.value 2025-08-10T02:14:55.711622Z
2025-08-09T23:14:55.711-03:00 DEBUG 98192 --- [beauty-salon-backend] [           main] [                                                 ] o.s.d.c.c.c.MappingCassandraConverter    : Adding map.entry [updated_at] - [2025-08-10T02:14:55.711622Z]
2025-08-09T23:14:55.712-03:00 DEBUG 98192 --- [beauty-salon-backend] [           main] [                                                 ] o.s.data.cassandra.core.cql.CqlTemplate  : Preparing statement [INSERT INTO customers (id,name,email,phone,address,created_at,updated_at) VALUES (?,?,?,?,?,?,?)] using org.springframework.data.cassandra.core.CassandraTemplate$PreparedStatementHandler@29185de6
2025-08-09T23:14:55.712-03:00 DEBUG 98192 --- [beauty-salon-backend] [           main] [                                                 ] o.s.data.cassandra.core.cql.CqlTemplate  : Executing prepared statement [INSERT INTO customers (id,name,email,phone,address,created_at,updated_at) VALUES (?,?,?,?,?,?,?)]

=== Phase 2: Index Performance Comparison ===
2025-08-09T23:14:55.716-03:00 DEBUG 98192 --- [beauty-salon-backend] [           main] [                                                 ] o.s.d.c.r.query.QueryStatementCreator    : Created query [SELECT * FROM customers WHERE email = ? ALLOW FILTERING]
2025-08-09T23:14:55.716-03:00 DEBUG 98192 --- [beauty-salon-backend] [           main] [                                                 ] o.s.data.cassandra.core.cql.CqlTemplate  : Preparing statement [SELECT * FROM customers WHERE email = ? ALLOW FILTERING] using org.springframework.data.cassandra.core.CassandraTemplate$PreparedStatementHandler@2425dd5d
2025-08-09T23:14:55.718-03:00 DEBUG 98192 --- [beauty-salon-backend] [           main] [                                                 ] o.s.data.cassandra.core.cql.CqlTemplate  : Executing prepared statement [SELECT * FROM customers WHERE email = ? ALLOW FILTERING]

MockHttpServletRequest:
      HTTP Method = POST
      Request URI = /api/customers
       Parameters = {}
          Headers = [Content-Type:"application/json;charset=UTF-8", Content-Length:"244"]
             Body = {"id":"38caefdb-a541-44c8-8032-57b520d7276f","name":"Phase2 Test Customer 0","email":"phase2test0@example.com","phone":"5550000000","address":"123 Phase2 St 0","createdAt":"2025-08-10T02:14:55.604342Z","updatedAt":"2025-08-10T02:14:55.604342Z"}
    Session Attrs = {}

Handler:
             Type = com.beautysalon.controller.CustomerController
           Method = com.beautysalon.controller.CustomerController#createCustomer(Customer)

Async:
    Async started = false
     Async result = null

Resolved Exception:
             Type = null

ModelAndView:
        View name = null
             View = null
            Model = null

FlashMap:
       Attributes = null

MockHttpServletResponse:
           Status = 201
    Error message = null
          Headers = [Vary:"Origin", "Access-Control-Request-Method", "Access-Control-Request-Headers", Content-Type:"application/json"]
     Content type = application/json
             Body = {"id":"38caefdb-a541-44c8-8032-57b520d7276f","name":"Phase2 Test Customer 0","email":"phase2test0@example.com","phone":"5550000000","address":"123 Phase2 St 0","createdAt":"2025-08-10T02:14:55.607081Z","updatedAt":"2025-08-10T02:14:55.607083Z"}
    Forwarded URL = null
   Redirected URL = null
          Cookies = []

MockHttpServletRequest:
      HTTP Method = POST
      Request URI = /api/customers
       Parameters = {}
          Headers = [Content-Type:"application/json;charset=UTF-8", Content-Length:"244"]
             Body = {"id":"af79b81d-c995-47b4-999d-9ca2a0849809","name":"Phase2 Test Customer 1","email":"phase2test1@example.com","phone":"5550000001","address":"123 Phase2 St 1","createdAt":"2025-08-10T02:14:55.613481Z","updatedAt":"2025-08-10T02:14:55.613482Z"}
    Session Attrs = {}

Handler:
             Type = com.beautysalon.controller.CustomerController
           Method = com.beautysalon.controller.CustomerController#createCustomer(Customer)

Async:
    Async started = false
     Async result = null

Resolved Exception:
             Type = null

ModelAndView:
        View name = null
             View = null
            Model = null

FlashMap:
       Attributes = null

MockHttpServletResponse:
           Status = 201
    Error message = null
          Headers = [Vary:"Origin", "Access-Control-Request-Method", "Access-Control-Request-Headers", Content-Type:"application/json"]
     Content type = application/json
             Body = {"id":"af79b81d-c995-47b4-999d-9ca2a0849809","name":"Phase2 Test Customer 1","email":"phase2test1@example.com","phone":"5550000001","address":"123 Phase2 St 1","createdAt":"2025-08-10T02:14:55.614392Z","updatedAt":"2025-08-10T02:14:55.614392Z"}
    Forwarded URL = null
   Redirected URL = null
          Cookies = []

MockHttpServletRequest:
      HTTP Method = POST
      Request URI = /api/customers
       Parameters = {}
          Headers = [Content-Type:"application/json;charset=UTF-8", Content-Length:"244"]
             Body = {"id":"a8241dd7-ec7b-4380-934b-5175e8de365c","name":"Phase2 Test Customer 2","email":"phase2test2@example.com","phone":"5550000002","address":"123 Phase2 St 2","createdAt":"2025-08-10T02:14:55.619504Z","updatedAt":"2025-08-10T02:14:55.619504Z"}
    Session Attrs = {}

Handler:
             Type = com.beautysalon.controller.CustomerController
           Method = com.beautysalon.controller.CustomerController#createCustomer(Customer)

Async:
    Async started = false
     Async result = null

Resolved Exception:
             Type = null

ModelAndView:
        View name = null
             View = null
            Model = null

FlashMap:
       Attributes = null

MockHttpServletResponse:
           Status = 201
    Error message = null
          Headers = [Vary:"Origin", "Access-Control-Request-Method", "Access-Control-Request-Headers", Content-Type:"application/json"]
     Content type = application/json
             Body = {"id":"a8241dd7-ec7b-4380-934b-5175e8de365c","name":"Phase2 Test Customer 2","email":"phase2test2@example.com","phone":"5550000002","address":"123 Phase2 St 2","createdAt":"2025-08-10T02:14:55.620210Z","updatedAt":"2025-08-10T02:14:55.620210Z"}
    Forwarded URL = null
   Redirected URL = null
          Cookies = []

MockHttpServletRequest:
      HTTP Method = POST
      Request URI = /api/customers
       Parameters = {}
          Headers = [Content-Type:"application/json;charset=UTF-8", Content-Length:"244"]
             Body = {"id":"ca8d2cc7-d9cd-4025-b93a-f676b1537aea","name":"Phase2 Test Customer 3","email":"phase2test3@example.com","phone":"5550000003","address":"123 Phase2 St 3","createdAt":"2025-08-10T02:14:55.624149Z","updatedAt":"2025-08-10T02:14:55.624149Z"}
    Session Attrs = {}

Handler:
             Type = com.beautysalon.controller.CustomerController
           Method = com.beautysalon.controller.CustomerController#createCustomer(Customer)

Async:
    Async started = false
     Async result = null

Resolved Exception:
             Type = null

ModelAndView:
        View name = null
             View = null
            Model = null

FlashMap:
       Attributes = null

MockHttpServletResponse:
           Status = 201
    Error message = null
          Headers = [Vary:"Origin", "Access-Control-Request-Method", "Access-Control-Request-Headers", Content-Type:"application/json"]
     Content type = application/json
             Body = {"id":"ca8d2cc7-d9cd-4025-b93a-f676b1537aea","name":"Phase2 Test Customer 3","email":"phase2test3@example.com","phone":"5550000003","address":"123 Phase2 St 3","createdAt":"2025-08-10T02:14:55.624864Z","updatedAt":"2025-08-10T02:14:55.624864Z"}
    Forwarded URL = null
   Redirected URL = null
          Cookies = []

MockHttpServletRequest:
      HTTP Method = POST
      Request URI = /api/customers
       Parameters = {}
          Headers = [Content-Type:"application/json;charset=UTF-8", Content-Length:"244"]
             Body = {"id":"6f61ed78-77b9-41bd-8855-2940cb510d52","name":"Phase2 Test Customer 4","email":"phase2test4@example.com","phone":"5550000004","address":"123 Phase2 St 4","createdAt":"2025-08-10T02:14:55.629393Z","updatedAt":"2025-08-10T02:14:55.629393Z"}
    Session Attrs = {}

Handler:
             Type = com.beautysalon.controller.CustomerController
           Method = com.beautysalon.controller.CustomerController#createCustomer(Customer)

Async:
    Async started = false
     Async result = null

Resolved Exception:
             Type = null

ModelAndView:
        View name = null
             View = null
            Model = null

FlashMap:
       Attributes = null

MockHttpServletResponse:
           Status = 201
    Error message = null
          Headers = [Vary:"Origin", "Access-Control-Request-Method", "Access-Control-Request-Headers", Content-Type:"application/json"]
     Content type = application/json
             Body = {"id":"6f61ed78-77b9-41bd-8855-2940cb510d52","name":"Phase2 Test Customer 4","email":"phase2test4@example.com","phone":"5550000004","address":"123 Phase2 St 4","createdAt":"2025-08-10T02:14:55.630227Z","updatedAt":"2025-08-10T02:14:55.630228Z"}
    Forwarded URL = null
   Redirected URL = null
          Cookies = []

MockHttpServletRequest:
      HTTP Method = POST
      Request URI = /api/customers
       Parameters = {}
          Headers = [Content-Type:"application/json;charset=UTF-8", Content-Length:"244"]
             Body = {"id":"dac7ed8e-5aaa-4402-aebe-1182abf11476","name":"Phase2 Test Customer 5","email":"phase2test5@example.com","phone":"5550000005","address":"123 Phase2 St 5","createdAt":"2025-08-10T02:14:55.633223Z","updatedAt":"2025-08-10T02:14:55.633223Z"}
    Session Attrs = {}

Handler:
             Type = com.beautysalon.controller.CustomerController
           Method = com.beautysalon.controller.CustomerController#createCustomer(Customer)

Async:
    Async started = false
     Async result = null

Resolved Exception:
             Type = null

ModelAndView:
        View name = null
             View = null
            Model = null

FlashMap:
       Attributes = null

MockHttpServletResponse:
           Status = 201
    Error message = null
          Headers = [Vary:"Origin", "Access-Control-Request-Method", "Access-Control-Request-Headers", Content-Type:"application/json"]
     Content type = application/json
             Body = {"id":"dac7ed8e-5aaa-4402-aebe-1182abf11476","name":"Phase2 Test Customer 5","email":"phase2test5@example.com","phone":"5550000005","address":"123 Phase2 St 5","createdAt":"2025-08-10T02:14:55.633869Z","updatedAt":"2025-08-10T02:14:55.633869Z"}
    Forwarded URL = null
   Redirected URL = null
          Cookies = []

MockHttpServletRequest:
      HTTP Method = POST
      Request URI = /api/customers
       Parameters = {}
          Headers = [Content-Type:"application/json;charset=UTF-8", Content-Length:"244"]
             Body = {"id":"bf3c20e6-df90-4083-8d0a-6590c092f0af","name":"Phase2 Test Customer 6","email":"phase2test6@example.com","phone":"5550000006","address":"123 Phase2 St 6","createdAt":"2025-08-10T02:14:55.638092Z","updatedAt":"2025-08-10T02:14:55.638092Z"}
    Session Attrs = {}

Handler:
             Type = com.beautysalon.controller.CustomerController
           Method = com.beautysalon.controller.CustomerController#createCustomer(Customer)

Async:
    Async started = false
     Async result = null

Resolved Exception:
             Type = null

ModelAndView:
        View name = null
             View = null
            Model = null

FlashMap:
       Attributes = null

MockHttpServletResponse:
           Status = 201
    Error message = null
          Headers = [Vary:"Origin", "Access-Control-Request-Method", "Access-Control-Request-Headers", Content-Type:"application/json"]
     Content type = application/json
             Body = {"id":"bf3c20e6-df90-4083-8d0a-6590c092f0af","name":"Phase2 Test Customer 6","email":"phase2test6@example.com","phone":"5550000006","address":"123 Phase2 St 6","createdAt":"2025-08-10T02:14:55.638730Z","updatedAt":"2025-08-10T02:14:55.638730Z"}
    Forwarded URL = null
   Redirected URL = null
          Cookies = []

MockHttpServletRequest:
      HTTP Method = POST
      Request URI = /api/customers
       Parameters = {}
          Headers = [Content-Type:"application/json;charset=UTF-8", Content-Length:"244"]
             Body = {"id":"2eb15f4b-7506-43ac-ad8c-2fa2eb3eca1d","name":"Phase2 Test Customer 7","email":"phase2test7@example.com","phone":"5550000007","address":"123 Phase2 St 7","createdAt":"2025-08-10T02:14:55.643181Z","updatedAt":"2025-08-10T02:14:55.643181Z"}
    Session Attrs = {}

Handler:
             Type = com.beautysalon.controller.CustomerController
           Method = com.beautysalon.controller.CustomerController#createCustomer(Customer)

Async:
    Async started = false
     Async result = null

Resolved Exception:
             Type = null

ModelAndView:
        View name = null
             View = null
            Model = null

FlashMap:
       Attributes = null

MockHttpServletResponse:
           Status = 201
    Error message = null
          Headers = [Vary:"Origin", "Access-Control-Request-Method", "Access-Control-Request-Headers", Content-Type:"application/json"]
     Content type = application/json
             Body = {"id":"2eb15f4b-7506-43ac-ad8c-2fa2eb3eca1d","name":"Phase2 Test Customer 7","email":"phase2test7@example.com","phone":"5550000007","address":"123 Phase2 St 7","createdAt":"2025-08-10T02:14:55.643907Z","updatedAt":"2025-08-10T02:14:55.643907Z"}
    Forwarded URL = null
   Redirected URL = null
          Cookies = []

MockHttpServletRequest:
      HTTP Method = POST
      Request URI = /api/customers
       Parameters = {}
          Headers = [Content-Type:"application/json;charset=UTF-8", Content-Length:"244"]
             Body = {"id":"04c65c39-794c-4b87-af08-78b8fc06e888","name":"Phase2 Test Customer 8","email":"phase2test8@example.com","phone":"5550000008","address":"123 Phase2 St 8","createdAt":"2025-08-10T02:14:55.648120Z","updatedAt":"2025-08-10T02:14:55.648120Z"}
    Session Attrs = {}

Handler:
             Type = com.beautysalon.controller.CustomerController
           Method = com.beautysalon.controller.CustomerController#createCustomer(Customer)

Async:
    Async started = false
     Async result = null

Resolved Exception:
             Type = null

ModelAndView:
        View name = null
             View = null
            Model = null

FlashMap:
       Attributes = null

MockHttpServletResponse:
           Status = 201
    Error message = null
          Headers = [Vary:"Origin", "Access-Control-Request-Method", "Access-Control-Request-Headers", Content-Type:"application/json"]
     Content type = application/json
             Body = {"id":"04c65c39-794c-4b87-af08-78b8fc06e888","name":"Phase2 Test Customer 8","email":"phase2test8@example.com","phone":"5550000008","address":"123 Phase2 St 8","createdAt":"2025-08-10T02:14:55.648770Z","updatedAt":"2025-08-10T02:14:55.648770Z"}
    Forwarded URL = null
   Redirected URL = null
          Cookies = []

MockHttpServletRequest:
      HTTP Method = POST
      Request URI = /api/customers
       Parameters = {}
          Headers = [Content-Type:"application/json;charset=UTF-8", Content-Length:"244"]
             Body = {"id":"295f15ff-9655-4262-ad2a-0a955c7ae670","name":"Phase2 Test Customer 9","email":"phase2test9@example.com","phone":"5550000009","address":"123 Phase2 St 9","createdAt":"2025-08-10T02:14:55.656526Z","updatedAt":"2025-08-10T02:14:55.656526Z"}
    Session Attrs = {}

Handler:
             Type = com.beautysalon.controller.CustomerController
           Method = com.beautysalon.controller.CustomerController#createCustomer(Customer)

Async:
    Async started = false
     Async result = null

Resolved Exception:
             Type = null

ModelAndView:
        View name = null
             View = null
            Model = null

FlashMap:
       Attributes = null

MockHttpServletResponse:
           Status = 201
    Error message = null
          Headers = [Vary:"Origin", "Access-Control-Request-Method", "Access-Control-Request-Headers", Content-Type:"application/json"]
     Content type = application/json
             Body = {"id":"295f15ff-9655-4262-ad2a-0a955c7ae670","name":"Phase2 Test Customer 9","email":"phase2test9@example.com","phone":"5550000009","address":"123 Phase2 St 9","createdAt":"2025-08-10T02:14:55.657277Z","updatedAt":"2025-08-10T02:14:55.657277Z"}
    Forwarded URL = null
   Redirected URL = null
          Cookies = []

MockHttpServletRequest:
      HTTP Method = POST
      Request URI = /api/customers
       Parameters = {}
          Headers = [Content-Type:"application/json;charset=UTF-8", Content-Length:"247"]
             Body = {"id":"492c6f16-dbb0-4ac6-a548-8bf107e0b3c4","name":"Phase2 Test Customer 10","email":"phase2test10@example.com","phone":"5550000010","address":"123 Phase2 St 10","createdAt":"2025-08-10T02:14:55.661491Z","updatedAt":"2025-08-10T02:14:55.661491Z"}
    Session Attrs = {}

Handler:
             Type = com.beautysalon.controller.CustomerController
           Method = com.beautysalon.controller.CustomerController#createCustomer(Customer)

Async:
    Async started = false
     Async result = null

Resolved Exception:
             Type = null

ModelAndView:
        View name = null
             View = null
            Model = null

FlashMap:
       Attributes = null

MockHttpServletResponse:
           Status = 201
    Error message = null
          Headers = [Vary:"Origin", "Access-Control-Request-Method", "Access-Control-Request-Headers", Content-Type:"application/json"]
     Content type = application/json
             Body = {"id":"492c6f16-dbb0-4ac6-a548-8bf107e0b3c4","name":"Phase2 Test Customer 10","email":"phase2test10@example.com","phone":"5550000010","address":"123 Phase2 St 10","createdAt":"2025-08-10T02:14:55.662357Z","updatedAt":"2025-08-10T02:14:55.662357Z"}
    Forwarded URL = null
   Redirected URL = null
          Cookies = []

MockHttpServletRequest:
      HTTP Method = POST
      Request URI = /api/customers
       Parameters = {}
          Headers = [Content-Type:"application/json;charset=UTF-8", Content-Length:"247"]
             Body = {"id":"f10ad4dd-b631-4775-8a0e-bf15fdf02153","name":"Phase2 Test Customer 11","email":"phase2test11@example.com","phone":"5550000011","address":"123 Phase2 St 11","createdAt":"2025-08-10T02:14:55.667555Z","updatedAt":"2025-08-10T02:14:55.667555Z"}
    Session Attrs = {}

Handler:
             Type = com.beautysalon.controller.CustomerController
           Method = com.beautysalon.controller.CustomerController#createCustomer(Customer)

Async:
    Async started = false
     Async result = null

Resolved Exception:
             Type = null

ModelAndView:
        View name = null
             View = null
            Model = null

FlashMap:
       Attributes = null

MockHttpServletResponse:
           Status = 201
    Error message = null
          Headers = [Vary:"Origin", "Access-Control-Request-Method", "Access-Control-Request-Headers", Content-Type:"application/json"]
     Content type = application/json
             Body = {"id":"f10ad4dd-b631-4775-8a0e-bf15fdf02153","name":"Phase2 Test Customer 11","email":"phase2test11@example.com","phone":"5550000011","address":"123 Phase2 St 11","createdAt":"2025-08-10T02:14:55.668325Z","updatedAt":"2025-08-10T02:14:55.668325Z"}
    Forwarded URL = null
   Redirected URL = null
          Cookies = []

MockHttpServletRequest:
      HTTP Method = POST
      Request URI = /api/customers
       Parameters = {}
          Headers = [Content-Type:"application/json;charset=UTF-8", Content-Length:"247"]
             Body = {"id":"d1cbfe73-4f92-4790-91aa-4a1254d61e8e","name":"Phase2 Test Customer 12","email":"phase2test12@example.com","phone":"5550000012","address":"123 Phase2 St 12","createdAt":"2025-08-10T02:14:55.672786Z","updatedAt":"2025-08-10T02:14:55.672787Z"}
    Session Attrs = {}

Handler:
             Type = com.beautysalon.controller.CustomerController
           Method = com.beautysalon.controller.CustomerController#createCustomer(Customer)

Async:
    Async started = false
     Async result = null

Resolved Exception:
             Type = null

ModelAndView:
        View name = null
             View = null
            Model = null

FlashMap:
       Attributes = null

MockHttpServletResponse:
           Status = 201
    Error message = null
          Headers = [Vary:"Origin", "Access-Control-Request-Method", "Access-Control-Request-Headers", Content-Type:"application/json"]
     Content type = application/json
             Body = {"id":"d1cbfe73-4f92-4790-91aa-4a1254d61e8e","name":"Phase2 Test Customer 12","email":"phase2test12@example.com","phone":"5550000012","address":"123 Phase2 St 12","createdAt":"2025-08-10T02:14:55.673460Z","updatedAt":"2025-08-10T02:14:55.673460Z"}
    Forwarded URL = null
   Redirected URL = null
          Cookies = []

MockHttpServletRequest:
      HTTP Method = POST
      Request URI = /api/customers
       Parameters = {}
          Headers = [Content-Type:"application/json;charset=UTF-8", Content-Length:"247"]
             Body = {"id":"edfb3406-3ad5-42e8-a3f8-3af8e8ca89eb","name":"Phase2 Test Customer 13","email":"phase2test13@example.com","phone":"5550000013","address":"123 Phase2 St 13","createdAt":"2025-08-10T02:14:55.677206Z","updatedAt":"2025-08-10T02:14:55.677206Z"}
    Session Attrs = {}

Handler:
             Type = com.beautysalon.controller.CustomerController
           Method = com.beautysalon.controller.CustomerController#createCustomer(Customer)

Async:
    Async started = false
     Async result = null

Resolved Exception:
             Type = null

ModelAndView:
        View name = null
             View = null
            Model = null

FlashMap:
       Attributes = null

MockHttpServletResponse:
           Status = 201
    Error message = null
          Headers = [Vary:"Origin", "Access-Control-Request-Method", "Access-Control-Request-Headers", Content-Type:"application/json"]
     Content type = application/json
             Body = {"id":"edfb3406-3ad5-42e8-a3f8-3af8e8ca89eb","name":"Phase2 Test Customer 13","email":"phase2test13@example.com","phone":"5550000013","address":"123 Phase2 St 13","createdAt":"2025-08-10T02:14:55.678010Z","updatedAt":"2025-08-10T02:14:55.678010Z"}
    Forwarded URL = null
   Redirected URL = null
          Cookies = []

MockHttpServletRequest:
      HTTP Method = POST
      Request URI = /api/customers
       Parameters = {}
          Headers = [Content-Type:"application/json;charset=UTF-8", Content-Length:"247"]
             Body = {"id":"e1710bd7-42e0-4067-af10-0acfbc689c87","name":"Phase2 Test Customer 14","email":"phase2test14@example.com","phone":"5550000014","address":"123 Phase2 St 14","createdAt":"2025-08-10T02:14:55.682255Z","updatedAt":"2025-08-10T02:14:55.682255Z"}
    Session Attrs = {}

Handler:
             Type = com.beautysalon.controller.CustomerController
           Method = com.beautysalon.controller.CustomerController#createCustomer(Customer)

Async:
    Async started = false
     Async result = null

Resolved Exception:
             Type = null

ModelAndView:
        View name = null
             View = null
            Model = null

FlashMap:
       Attributes = null

MockHttpServletResponse:
           Status = 201
    Error message = null
          Headers = [Vary:"Origin", "Access-Control-Request-Method", "Access-Control-Request-Headers", Content-Type:"application/json"]
     Content type = application/json
             Body = {"id":"e1710bd7-42e0-4067-af10-0acfbc689c87","name":"Phase2 Test Customer 14","email":"phase2test14@example.com","phone":"5550000014","address":"123 Phase2 St 14","createdAt":"2025-08-10T02:14:55.682918Z","updatedAt":"2025-08-10T02:14:55.682919Z"}
    Forwarded URL = null
   Redirected URL = null
          Cookies = []

MockHttpServletRequest:
      HTTP Method = POST
      Request URI = /api/customers
       Parameters = {}
          Headers = [Content-Type:"application/json;charset=UTF-8", Content-Length:"247"]
             Body = {"id":"82cd8191-662f-4908-b547-c796a67de2bf","name":"Phase2 Test Customer 15","email":"phase2test15@example.com","phone":"5550000015","address":"123 Phase2 St 15","createdAt":"2025-08-10T02:14:55.687001Z","updatedAt":"2025-08-10T02:14:55.687001Z"}
    Session Attrs = {}

Handler:
             Type = com.beautysalon.controller.CustomerController
           Method = com.beautysalon.controller.CustomerController#createCustomer(Customer)

Async:
    Async started = false
     Async result = null

Resolved Exception:
             Type = null

ModelAndView:
        View name = null
             View = null
            Model = null

FlashMap:
       Attributes = null

MockHttpServletResponse:
           Status = 201
    Error message = null
          Headers = [Vary:"Origin", "Access-Control-Request-Method", "Access-Control-Request-Headers", Content-Type:"application/json"]
     Content type = application/json
             Body = {"id":"82cd8191-662f-4908-b547-c796a67de2bf","name":"Phase2 Test Customer 15","email":"phase2test15@example.com","phone":"5550000015","address":"123 Phase2 St 15","createdAt":"2025-08-10T02:14:55.687601Z","updatedAt":"2025-08-10T02:14:55.687601Z"}
    Forwarded URL = null
   Redirected URL = null
          Cookies = []

MockHttpServletRequest:
      HTTP Method = POST
      Request URI = /api/customers
       Parameters = {}
          Headers = [Content-Type:"application/json;charset=UTF-8", Content-Length:"247"]
             Body = {"id":"59699b8c-b8ab-4476-a738-72c8c74553df","name":"Phase2 Test Customer 16","email":"phase2test16@example.com","phone":"5550000016","address":"123 Phase2 St 16","createdAt":"2025-08-10T02:14:55.692445Z","updatedAt":"2025-08-10T02:14:55.692445Z"}
    Session Attrs = {}

Handler:
             Type = com.beautysalon.controller.CustomerController
           Method = com.beautysalon.controller.CustomerController#createCustomer(Customer)

Async:
    Async started = false
     Async result = null

Resolved Exception:
             Type = null

ModelAndView:
        View name = null
             View = null
            Model = null

FlashMap:
       Attributes = null

MockHttpServletResponse:
           Status = 201
    Error message = null
          Headers = [Vary:"Origin", "Access-Control-Request-Method", "Access-Control-Request-Headers", Content-Type:"application/json"]
     Content type = application/json
             Body = {"id":"59699b8c-b8ab-4476-a738-72c8c74553df","name":"Phase2 Test Customer 16","email":"phase2test16@example.com","phone":"5550000016","address":"123 Phase2 St 16","createdAt":"2025-08-10T02:14:55.693248Z","updatedAt":"2025-08-10T02:14:55.693248Z"}
    Forwarded URL = null
   Redirected URL = null
          Cookies = []

MockHttpServletRequest:
      HTTP Method = POST
      Request URI = /api/customers
       Parameters = {}
          Headers = [Content-Type:"application/json;charset=UTF-8", Content-Length:"247"]
             Body = {"id":"8a8ccf06-0c9d-4044-bfb7-e6c7518897b3","name":"Phase2 Test Customer 17","email":"phase2test17@example.com","phone":"5550000017","address":"123 Phase2 St 17","createdAt":"2025-08-10T02:14:55.698727Z","updatedAt":"2025-08-10T02:14:55.698727Z"}
    Session Attrs = {}

Handler:
             Type = com.beautysalon.controller.CustomerController
           Method = com.beautysalon.controller.CustomerController#createCustomer(Customer)

Async:
    Async started = false
     Async result = null

Resolved Exception:
             Type = null

ModelAndView:
        View name = null
             View = null
            Model = null

FlashMap:
       Attributes = null

MockHttpServletResponse:
           Status = 201
    Error message = null
          Headers = [Vary:"Origin", "Access-Control-Request-Method", "Access-Control-Request-Headers", Content-Type:"application/json"]
     Content type = application/json
             Body = {"id":"8a8ccf06-0c9d-4044-bfb7-e6c7518897b3","name":"Phase2 Test Customer 17","email":"phase2test17@example.com","phone":"5550000017","address":"123 Phase2 St 17","createdAt":"2025-08-10T02:14:55.699455Z","updatedAt":"2025-08-10T02:14:55.699455Z"}
    Forwarded URL = null
   Redirected URL = null
          Cookies = []

MockHttpServletRequest:
      HTTP Method = POST
      Request URI = /api/customers
       Parameters = {}
          Headers = [Content-Type:"application/json;charset=UTF-8", Content-Length:"247"]
             Body = {"id":"818fd140-7c3f-4994-871a-23decb9cd4e9","name":"Phase2 Test Customer 18","email":"phase2test18@example.com","phone":"5550000018","address":"123 Phase2 St 18","createdAt":"2025-08-10T02:14:55.704519Z","updatedAt":"2025-08-10T02:14:55.704519Z"}
    Session Attrs = {}

Handler:
             Type = com.beautysalon.controller.CustomerController
           Method = com.beautysalon.controller.CustomerController#createCustomer(Customer)

Async:
    Async started = false
     Async result = null

Resolved Exception:
             Type = null

ModelAndView:
        View name = null
             View = null
            Model = null

FlashMap:
       Attributes = null

MockHttpServletResponse:
           Status = 201
    Error message = null
          Headers = [Vary:"Origin", "Access-Control-Request-Method", "Access-Control-Request-Headers", Content-Type:"application/json"]
     Content type = application/json
             Body = {"id":"818fd140-7c3f-4994-871a-23decb9cd4e9","name":"Phase2 Test Customer 18","email":"phase2test18@example.com","phone":"5550000018","address":"123 Phase2 St 18","createdAt":"2025-08-10T02:14:55.705182Z","updatedAt":"2025-08-10T02:14:55.705182Z"}
    Forwarded URL = null
   Redirected URL = null
          Cookies = []

MockHttpServletRequest:
      HTTP Method = POST
      Request URI = /api/customers
       Parameters = {}
          Headers = [Content-Type:"application/json;charset=UTF-8", Content-Length:"247"]
             Body = {"id":"d6248438-0a56-4841-9cce-442a33eea229","name":"Phase2 Test Customer 19","email":"phase2test19@example.com","phone":"5550000019","address":"123 Phase2 St 19","createdAt":"2025-08-10T02:14:55.710858Z","updatedAt":"2025-08-10T02:14:55.710858Z"}
    Session Attrs = {}

Handler:
             Type = com.beautysalon.controller.CustomerController
           Method = com.beautysalon.controller.CustomerController#createCustomer(Customer)

Async:
    Async started = false
     Async result = null

Resolved Exception:
             Type = null

ModelAndView:
        View name = null
             View = null
            Model = null

FlashMap:
       Attributes = null

MockHttpServletResponse:
           Status = 201
    Error message = null
          Headers = [Vary:"Origin", "Access-Control-Request-Method", "Access-Control-Request-Headers", Content-Type:"application/json"]
     Content type = application/json
             Body = {"id":"d6248438-0a56-4841-9cce-442a33eea229","name":"Phase2 Test Customer 19","email":"phase2test19@example.com","phone":"5550000019","address":"123 Phase2 St 19","createdAt":"2025-08-10T02:14:55.711622Z","updatedAt":"2025-08-10T02:14:55.711622Z"}
    Forwarded URL = null
   Redirected URL = null
          Cookies = []
]]></system-out>
  </testcase>
  <testcase name="testConnectionPoolPerformance" classname="com.beautysalon.performance.Phase2ComparisonTest" time="0.259">
    <system-out><![CDATA[2025-08-09T23:14:55.726-03:00 DEBUG 98192 --- [beauty-salon-backend] [           main] [                                                 ] o.s.d.c.c.c.MappingCassandraConverter    : doWithProperties Property.type java.util.UUID, Property.value f6bf72a1-a864-4966-bc19-5ba39eba4ffc
2025-08-09T23:14:55.726-03:00 DEBUG 98192 --- [beauty-salon-backend] [           main] [                                                 ] o.s.d.c.c.c.MappingCassandraConverter    : Adding map.entry [id] - [f6bf72a1-a864-4966-bc19-5ba39eba4ffc]
2025-08-09T23:14:55.726-03:00 DEBUG 98192 --- [beauty-salon-backend] [           main] [                                                 ] o.s.d.c.c.c.MappingCassandraConverter    : doWithProperties Property.type java.lang.String, Property.value Phase2 Test Customer 0
2025-08-09T23:14:55.726-03:00 DEBUG 98192 --- [beauty-salon-backend] [           main] [                                                 ] o.s.d.c.c.c.MappingCassandraConverter    : Adding map.entry [name] - [Phase2 Test Customer 0]
2025-08-09T23:14:55.726-03:00 DEBUG 98192 --- [beauty-salon-backend] [           main] [                                                 ] o.s.d.c.c.c.MappingCassandraConverter    : doWithProperties Property.type java.lang.String, Property.value phase2test0@example.com
2025-08-09T23:14:55.726-03:00 DEBUG 98192 --- [beauty-salon-backend] [           main] [                                                 ] o.s.d.c.c.c.MappingCassandraConverter    : Adding map.entry [email] - [phase2test0@example.com]
2025-08-09T23:14:55.726-03:00 DEBUG 98192 --- [beauty-salon-backend] [           main] [                                                 ] o.s.d.c.c.c.MappingCassandraConverter    : doWithProperties Property.type java.lang.String, Property.value 5550000000
2025-08-09T23:14:55.726-03:00 DEBUG 98192 --- [beauty-salon-backend] [           main] [                                                 ] o.s.d.c.c.c.MappingCassandraConverter    : Adding map.entry [phone] - [5550000000]
2025-08-09T23:14:55.726-03:00 DEBUG 98192 --- [beauty-salon-backend] [           main] [                                                 ] o.s.d.c.c.c.MappingCassandraConverter    : doWithProperties Property.type java.lang.String, Property.value 123 Phase2 St 0
2025-08-09T23:14:55.726-03:00 DEBUG 98192 --- [beauty-salon-backend] [           main] [                                                 ] o.s.d.c.c.c.MappingCassandraConverter    : Adding map.entry [address] - [123 Phase2 St 0]
2025-08-09T23:14:55.726-03:00 DEBUG 98192 --- [beauty-salon-backend] [           main] [                                                 ] o.s.d.c.c.c.MappingCassandraConverter    : doWithProperties Property.type java.time.Instant, Property.value 2025-08-10T02:14:55.726372Z
2025-08-09T23:14:55.726-03:00 DEBUG 98192 --- [beauty-salon-backend] [           main] [                                                 ] o.s.d.c.c.c.MappingCassandraConverter    : Adding map.entry [created_at] - [2025-08-10T02:14:55.726372Z]
2025-08-09T23:14:55.726-03:00 DEBUG 98192 --- [beauty-salon-backend] [           main] [                                                 ] o.s.d.c.c.c.MappingCassandraConverter    : doWithProperties Property.type java.time.Instant, Property.value 2025-08-10T02:14:55.726372Z
2025-08-09T23:14:55.726-03:00 DEBUG 98192 --- [beauty-salon-backend] [           main] [                                                 ] o.s.d.c.c.c.MappingCassandraConverter    : Adding map.entry [updated_at] - [2025-08-10T02:14:55.726372Z]
2025-08-09T23:14:55.726-03:00 DEBUG 98192 --- [beauty-salon-backend] [           main] [                                                 ] o.s.data.cassandra.core.cql.CqlTemplate  : Preparing statement [INSERT INTO customers (id,name,email,phone,address,created_at,updated_at) VALUES (?,?,?,?,?,?,?)] using org.springframework.data.cassandra.core.CassandraTemplate$PreparedStatementHandler@3a6ff4b4
2025-08-09T23:14:55.726-03:00 DEBUG 98192 --- [beauty-salon-backend] [           main] [                                                 ] o.s.data.cassandra.core.cql.CqlTemplate  : Executing prepared statement [INSERT INTO customers (id,name,email,phone,address,created_at,updated_at) VALUES (?,?,?,?,?,?,?)]
2025-08-09T23:14:55.732-03:00 DEBUG 98192 --- [beauty-salon-backend] [           main] [                                                 ] o.s.d.c.c.c.MappingCassandraConverter    : doWithProperties Property.type java.util.UUID, Property.value 7b6d89ca-9553-4365-a3de-96bfcc17abca
2025-08-09T23:14:55.732-03:00 DEBUG 98192 --- [beauty-salon-backend] [           main] [                                                 ] o.s.d.c.c.c.MappingCassandraConverter    : Adding map.entry [id] - [7b6d89ca-9553-4365-a3de-96bfcc17abca]
2025-08-09T23:14:55.732-03:00 DEBUG 98192 --- [beauty-salon-backend] [           main] [                                                 ] o.s.d.c.c.c.MappingCassandraConverter    : doWithProperties Property.type java.lang.String, Property.value Phase2 Test Customer 1
2025-08-09T23:14:55.733-03:00 DEBUG 98192 --- [beauty-salon-backend] [           main] [                                                 ] o.s.d.c.c.c.MappingCassandraConverter    : Adding map.entry [name] - [Phase2 Test Customer 1]
2025-08-09T23:14:55.733-03:00 DEBUG 98192 --- [beauty-salon-backend] [           main] [                                                 ] o.s.d.c.c.c.MappingCassandraConverter    : doWithProperties Property.type java.lang.String, Property.value phase2test1@example.com
2025-08-09T23:14:55.733-03:00 DEBUG 98192 --- [beauty-salon-backend] [           main] [                                                 ] o.s.d.c.c.c.MappingCassandraConverter    : Adding map.entry [email] - [phase2test1@example.com]
2025-08-09T23:14:55.733-03:00 DEBUG 98192 --- [beauty-salon-backend] [           main] [                                                 ] o.s.d.c.c.c.MappingCassandraConverter    : doWithProperties Property.type java.lang.String, Property.value 5550000001
2025-08-09T23:14:55.733-03:00 DEBUG 98192 --- [beauty-salon-backend] [           main] [                                                 ] o.s.d.c.c.c.MappingCassandraConverter    : Adding map.entry [phone] - [5550000001]
2025-08-09T23:14:55.733-03:00 DEBUG 98192 --- [beauty-salon-backend] [           main] [                                                 ] o.s.d.c.c.c.MappingCassandraConverter    : doWithProperties Property.type java.lang.String, Property.value 123 Phase2 St 1
2025-08-09T23:14:55.733-03:00 DEBUG 98192 --- [beauty-salon-backend] [           main] [                                                 ] o.s.d.c.c.c.MappingCassandraConverter    : Adding map.entry [address] - [123 Phase2 St 1]
2025-08-09T23:14:55.733-03:00 DEBUG 98192 --- [beauty-salon-backend] [           main] [                                                 ] o.s.d.c.c.c.MappingCassandraConverter    : doWithProperties Property.type java.time.Instant, Property.value 2025-08-10T02:14:55.732798Z
2025-08-09T23:14:55.733-03:00 DEBUG 98192 --- [beauty-salon-backend] [           main] [                                                 ] o.s.d.c.c.c.MappingCassandraConverter    : Adding map.entry [created_at] - [2025-08-10T02:14:55.732798Z]
2025-08-09T23:14:55.733-03:00 DEBUG 98192 --- [beauty-salon-backend] [           main] [                                                 ] o.s.d.c.c.c.MappingCassandraConverter    : doWithProperties Property.type java.time.Instant, Property.value 2025-08-10T02:14:55.732798Z
2025-08-09T23:14:55.733-03:00 DEBUG 98192 --- [beauty-salon-backend] [           main] [                                                 ] o.s.d.c.c.c.MappingCassandraConverter    : Adding map.entry [updated_at] - [2025-08-10T02:14:55.732798Z]
2025-08-09T23:14:55.733-03:00 DEBUG 98192 --- [beauty-salon-backend] [           main] [                                                 ] o.s.data.cassandra.core.cql.CqlTemplate  : Preparing statement [INSERT INTO customers (id,name,email,phone,address,created_at,updated_at) VALUES (?,?,?,?,?,?,?)] using org.springframework.data.cassandra.core.CassandraTemplate$PreparedStatementHandler@5ee19733
2025-08-09T23:14:55.733-03:00 DEBUG 98192 --- [beauty-salon-backend] [           main] [                                                 ] o.s.data.cassandra.core.cql.CqlTemplate  : Executing prepared statement [INSERT INTO customers (id,name,email,phone,address,created_at,updated_at) VALUES (?,?,?,?,?,?,?)]
2025-08-09T23:14:55.738-03:00 DEBUG 98192 --- [beauty-salon-backend] [           main] [                                                 ] o.s.d.c.c.c.MappingCassandraConverter    : doWithProperties Property.type java.util.UUID, Property.value 8eec80ac-81f2-42ea-a02d-2148b56c5299
2025-08-09T23:14:55.738-03:00 DEBUG 98192 --- [beauty-salon-backend] [           main] [                                                 ] o.s.d.c.c.c.MappingCassandraConverter    : Adding map.entry [id] - [8eec80ac-81f2-42ea-a02d-2148b56c5299]
2025-08-09T23:14:55.738-03:00 DEBUG 98192 --- [beauty-salon-backend] [           main] [                                                 ] o.s.d.c.c.c.MappingCassandraConverter    : doWithProperties Property.type java.lang.String, Property.value Phase2 Test Customer 2
2025-08-09T23:14:55.738-03:00 DEBUG 98192 --- [beauty-salon-backend] [           main] [                                                 ] o.s.d.c.c.c.MappingCassandraConverter    : Adding map.entry [name] - [Phase2 Test Customer 2]
2025-08-09T23:14:55.738-03:00 DEBUG 98192 --- [beauty-salon-backend] [           main] [                                                 ] o.s.d.c.c.c.MappingCassandraConverter    : doWithProperties Property.type java.lang.String, Property.value phase2test2@example.com
2025-08-09T23:14:55.738-03:00 DEBUG 98192 --- [beauty-salon-backend] [           main] [                                                 ] o.s.d.c.c.c.MappingCassandraConverter    : Adding map.entry [email] - [phase2test2@example.com]
2025-08-09T23:14:55.738-03:00 DEBUG 98192 --- [beauty-salon-backend] [           main] [                                                 ] o.s.d.c.c.c.MappingCassandraConverter    : doWithProperties Property.type java.lang.String, Property.value 5550000002
2025-08-09T23:14:55.738-03:00 DEBUG 98192 --- [beauty-salon-backend] [           main] [                                                 ] o.s.d.c.c.c.MappingCassandraConverter    : Adding map.entry [phone] - [5550000002]
2025-08-09T23:14:55.738-03:00 DEBUG 98192 --- [beauty-salon-backend] [           main] [                                                 ] o.s.d.c.c.c.MappingCassandraConverter    : doWithProperties Property.type java.lang.String, Property.value 123 Phase2 St 2
2025-08-09T23:14:55.738-03:00 DEBUG 98192 --- [beauty-salon-backend] [           main] [                                                 ] o.s.d.c.c.c.MappingCassandraConverter    : Adding map.entry [address] - [123 Phase2 St 2]
2025-08-09T23:14:55.738-03:00 DEBUG 98192 --- [beauty-salon-backend] [           main] [                                                 ] o.s.d.c.c.c.MappingCassandraConverter    : doWithProperties Property.type java.time.Instant, Property.value 2025-08-10T02:14:55.737948Z
2025-08-09T23:14:55.738-03:00 DEBUG 98192 --- [beauty-salon-backend] [           main] [                                                 ] o.s.d.c.c.c.MappingCassandraConverter    : Adding map.entry [created_at] - [2025-08-10T02:14:55.737948Z]
2025-08-09T23:14:55.738-03:00 DEBUG 98192 --- [beauty-salon-backend] [           main] [                                                 ] o.s.d.c.c.c.MappingCassandraConverter    : doWithProperties Property.type java.time.Instant, Property.value 2025-08-10T02:14:55.737948Z
2025-08-09T23:14:55.738-03:00 DEBUG 98192 --- [beauty-salon-backend] [           main] [                                                 ] o.s.d.c.c.c.MappingCassandraConverter    : Adding map.entry [updated_at] - [2025-08-10T02:14:55.737948Z]
2025-08-09T23:14:55.738-03:00 DEBUG 98192 --- [beauty-salon-backend] [           main] [                                                 ] o.s.data.cassandra.core.cql.CqlTemplate  : Preparing statement [INSERT INTO customers (id,name,email,phone,address,created_at,updated_at) VALUES (?,?,?,?,?,?,?)] using org.springframework.data.cassandra.core.CassandraTemplate$PreparedStatementHandler@58358c13
2025-08-09T23:14:55.738-03:00 DEBUG 98192 --- [beauty-salon-backend] [           main] [                                                 ] o.s.data.cassandra.core.cql.CqlTemplate  : Executing prepared statement [INSERT INTO customers (id,name,email,phone,address,created_at,updated_at) VALUES (?,?,?,?,?,?,?)]
2025-08-09T23:14:55.743-03:00 DEBUG 98192 --- [beauty-salon-backend] [           main] [                                                 ] o.s.d.c.c.c.MappingCassandraConverter    : doWithProperties Property.type java.util.UUID, Property.value d9bbb4b0-6e5e-4598-83db-c67ad697fcae
2025-08-09T23:14:55.743-03:00 DEBUG 98192 --- [beauty-salon-backend] [           main] [                                                 ] o.s.d.c.c.c.MappingCassandraConverter    : Adding map.entry [id] - [d9bbb4b0-6e5e-4598-83db-c67ad697fcae]
2025-08-09T23:14:55.743-03:00 DEBUG 98192 --- [beauty-salon-backend] [           main] [                                                 ] o.s.d.c.c.c.MappingCassandraConverter    : doWithProperties Property.type java.lang.String, Property.value Phase2 Test Customer 3
2025-08-09T23:14:55.743-03:00 DEBUG 98192 --- [beauty-salon-backend] [           main] [                                                 ] o.s.d.c.c.c.MappingCassandraConverter    : Adding map.entry [name] - [Phase2 Test Customer 3]
2025-08-09T23:14:55.743-03:00 DEBUG 98192 --- [beauty-salon-backend] [           main] [                                                 ] o.s.d.c.c.c.MappingCassandraConverter    : doWithProperties Property.type java.lang.String, Property.value phase2test3@example.com
2025-08-09T23:14:55.743-03:00 DEBUG 98192 --- [beauty-salon-backend] [           main] [                                                 ] o.s.d.c.c.c.MappingCassandraConverter    : Adding map.entry [email] - [phase2test3@example.com]
2025-08-09T23:14:55.743-03:00 DEBUG 98192 --- [beauty-salon-backend] [           main] [                                                 ] o.s.d.c.c.c.MappingCassandraConverter    : doWithProperties Property.type java.lang.String, Property.value 5550000003
2025-08-09T23:14:55.743-03:00 DEBUG 98192 --- [beauty-salon-backend] [           main] [                                                 ] o.s.d.c.c.c.MappingCassandraConverter    : Adding map.entry [phone] - [5550000003]
2025-08-09T23:14:55.743-03:00 DEBUG 98192 --- [beauty-salon-backend] [           main] [                                                 ] o.s.d.c.c.c.MappingCassandraConverter    : doWithProperties Property.type java.lang.String, Property.value 123 Phase2 St 3
2025-08-09T23:14:55.743-03:00 DEBUG 98192 --- [beauty-salon-backend] [           main] [                                                 ] o.s.d.c.c.c.MappingCassandraConverter    : Adding map.entry [address] - [123 Phase2 St 3]
2025-08-09T23:14:55.743-03:00 DEBUG 98192 --- [beauty-salon-backend] [           main] [                                                 ] o.s.d.c.c.c.MappingCassandraConverter    : doWithProperties Property.type java.time.Instant, Property.value 2025-08-10T02:14:55.743484Z
2025-08-09T23:14:55.743-03:00 DEBUG 98192 --- [beauty-salon-backend] [           main] [                                                 ] o.s.d.c.c.c.MappingCassandraConverter    : Adding map.entry [created_at] - [2025-08-10T02:14:55.743484Z]
2025-08-09T23:14:55.743-03:00 DEBUG 98192 --- [beauty-salon-backend] [           main] [                                                 ] o.s.d.c.c.c.MappingCassandraConverter    : doWithProperties Property.type java.time.Instant, Property.value 2025-08-10T02:14:55.743485Z
2025-08-09T23:14:55.743-03:00 DEBUG 98192 --- [beauty-salon-backend] [           main] [                                                 ] o.s.d.c.c.c.MappingCassandraConverter    : Adding map.entry [updated_at] - [2025-08-10T02:14:55.743485Z]
2025-08-09T23:14:55.743-03:00 DEBUG 98192 --- [beauty-salon-backend] [           main] [                                                 ] o.s.data.cassandra.core.cql.CqlTemplate  : Preparing statement [INSERT INTO customers (id,name,email,phone,address,created_at,updated_at) VALUES (?,?,?,?,?,?,?)] using org.springframework.data.cassandra.core.CassandraTemplate$PreparedStatementHandler@5bf08a8f
2025-08-09T23:14:55.743-03:00 DEBUG 98192 --- [beauty-salon-backend] [           main] [                                                 ] o.s.data.cassandra.core.cql.CqlTemplate  : Executing prepared statement [INSERT INTO customers (id,name,email,phone,address,created_at,updated_at) VALUES (?,?,?,?,?,?,?)]
2025-08-09T23:14:55.748-03:00 DEBUG 98192 --- [beauty-salon-backend] [           main] [                                                 ] o.s.d.c.c.c.MappingCassandraConverter    : doWithProperties Property.type java.util.UUID, Property.value 656253e9-1f4a-40c7-a3c3-2fc29b11fab1
2025-08-09T23:14:55.748-03:00 DEBUG 98192 --- [beauty-salon-backend] [           main] [                                                 ] o.s.d.c.c.c.MappingCassandraConverter    : Adding map.entry [id] - [656253e9-1f4a-40c7-a3c3-2fc29b11fab1]
2025-08-09T23:14:55.748-03:00 DEBUG 98192 --- [beauty-salon-backend] [           main] [                                                 ] o.s.d.c.c.c.MappingCassandraConverter    : doWithProperties Property.type java.lang.String, Property.value Phase2 Test Customer 4
2025-08-09T23:14:55.748-03:00 DEBUG 98192 --- [beauty-salon-backend] [           main] [                                                 ] o.s.d.c.c.c.MappingCassandraConverter    : Adding map.entry [name] - [Phase2 Test Customer 4]
2025-08-09T23:14:55.748-03:00 DEBUG 98192 --- [beauty-salon-backend] [           main] [                                                 ] o.s.d.c.c.c.MappingCassandraConverter    : doWithProperties Property.type java.lang.String, Property.value phase2test4@example.com
2025-08-09T23:14:55.748-03:00 DEBUG 98192 --- [beauty-salon-backend] [           main] [                                                 ] o.s.d.c.c.c.MappingCassandraConverter    : Adding map.entry [email] - [phase2test4@example.com]
2025-08-09T23:14:55.748-03:00 DEBUG 98192 --- [beauty-salon-backend] [           main] [                                                 ] o.s.d.c.c.c.MappingCassandraConverter    : doWithProperties Property.type java.lang.String, Property.value 5550000004
2025-08-09T23:14:55.748-03:00 DEBUG 98192 --- [beauty-salon-backend] [           main] [                                                 ] o.s.d.c.c.c.MappingCassandraConverter    : Adding map.entry [phone] - [5550000004]
2025-08-09T23:14:55.748-03:00 DEBUG 98192 --- [beauty-salon-backend] [           main] [                                                 ] o.s.d.c.c.c.MappingCassandraConverter    : doWithProperties Property.type java.lang.String, Property.value 123 Phase2 St 4
2025-08-09T23:14:55.748-03:00 DEBUG 98192 --- [beauty-salon-backend] [           main] [                                                 ] o.s.d.c.c.c.MappingCassandraConverter    : Adding map.entry [address] - [123 Phase2 St 4]
2025-08-09T23:14:55.748-03:00 DEBUG 98192 --- [beauty-salon-backend] [           main] [                                                 ] o.s.d.c.c.c.MappingCassandraConverter    : doWithProperties Property.type java.time.Instant, Property.value 2025-08-10T02:14:55.748519Z
2025-08-09T23:14:55.748-03:00 DEBUG 98192 --- [beauty-salon-backend] [           main] [                                                 ] o.s.d.c.c.c.MappingCassandraConverter    : Adding map.entry [created_at] - [2025-08-10T02:14:55.748519Z]
2025-08-09T23:14:55.748-03:00 DEBUG 98192 --- [beauty-salon-backend] [           main] [                                                 ] o.s.d.c.c.c.MappingCassandraConverter    : doWithProperties Property.type java.time.Instant, Property.value 2025-08-10T02:14:55.748519Z
2025-08-09T23:14:55.748-03:00 DEBUG 98192 --- [beauty-salon-backend] [           main] [                                                 ] o.s.d.c.c.c.MappingCassandraConverter    : Adding map.entry [updated_at] - [2025-08-10T02:14:55.748519Z]
2025-08-09T23:14:55.748-03:00 DEBUG 98192 --- [beauty-salon-backend] [           main] [                                                 ] o.s.data.cassandra.core.cql.CqlTemplate  : Preparing statement [INSERT INTO customers (id,name,email,phone,address,created_at,updated_at) VALUES (?,?,?,?,?,?,?)] using org.springframework.data.cassandra.core.CassandraTemplate$PreparedStatementHandler@622c53d2
2025-08-09T23:14:55.748-03:00 DEBUG 98192 --- [beauty-salon-backend] [           main] [                                                 ] o.s.data.cassandra.core.cql.CqlTemplate  : Executing prepared statement [INSERT INTO customers (id,name,email,phone,address,created_at,updated_at) VALUES (?,?,?,?,?,?,?)]
2025-08-09T23:14:55.755-03:00 DEBUG 98192 --- [beauty-salon-backend] [           main] [                                                 ] o.s.d.c.c.c.MappingCassandraConverter    : doWithProperties Property.type java.util.UUID, Property.value db5218be-c8b0-4d51-8b9f-9cc9b75e98c7
2025-08-09T23:14:55.755-03:00 DEBUG 98192 --- [beauty-salon-backend] [           main] [                                                 ] o.s.d.c.c.c.MappingCassandraConverter    : Adding map.entry [id] - [db5218be-c8b0-4d51-8b9f-9cc9b75e98c7]
2025-08-09T23:14:55.755-03:00 DEBUG 98192 --- [beauty-salon-backend] [           main] [                                                 ] o.s.d.c.c.c.MappingCassandraConverter    : doWithProperties Property.type java.lang.String, Property.value Phase2 Test Customer 5
2025-08-09T23:14:55.755-03:00 DEBUG 98192 --- [beauty-salon-backend] [           main] [                                                 ] o.s.d.c.c.c.MappingCassandraConverter    : Adding map.entry [name] - [Phase2 Test Customer 5]
2025-08-09T23:14:55.755-03:00 DEBUG 98192 --- [beauty-salon-backend] [           main] [                                                 ] o.s.d.c.c.c.MappingCassandraConverter    : doWithProperties Property.type java.lang.String, Property.value phase2test5@example.com
2025-08-09T23:14:55.755-03:00 DEBUG 98192 --- [beauty-salon-backend] [           main] [                                                 ] o.s.d.c.c.c.MappingCassandraConverter    : Adding map.entry [email] - [phase2test5@example.com]
2025-08-09T23:14:55.755-03:00 DEBUG 98192 --- [beauty-salon-backend] [           main] [                                                 ] o.s.d.c.c.c.MappingCassandraConverter    : doWithProperties Property.type java.lang.String, Property.value 5550000005
2025-08-09T23:14:55.755-03:00 DEBUG 98192 --- [beauty-salon-backend] [           main] [                                                 ] o.s.d.c.c.c.MappingCassandraConverter    : Adding map.entry [phone] - [5550000005]
2025-08-09T23:14:55.755-03:00 DEBUG 98192 --- [beauty-salon-backend] [           main] [                                                 ] o.s.d.c.c.c.MappingCassandraConverter    : doWithProperties Property.type java.lang.String, Property.value 123 Phase2 St 5
2025-08-09T23:14:55.755-03:00 DEBUG 98192 --- [beauty-salon-backend] [           main] [                                                 ] o.s.d.c.c.c.MappingCassandraConverter    : Adding map.entry [address] - [123 Phase2 St 5]
2025-08-09T23:14:55.755-03:00 DEBUG 98192 --- [beauty-salon-backend] [           main] [                                                 ] o.s.d.c.c.c.MappingCassandraConverter    : doWithProperties Property.type java.time.Instant, Property.value 2025-08-10T02:14:55.755133Z
2025-08-09T23:14:55.755-03:00 DEBUG 98192 --- [beauty-salon-backend] [           main] [                                                 ] o.s.d.c.c.c.MappingCassandraConverter    : Adding map.entry [created_at] - [2025-08-10T02:14:55.755133Z]
2025-08-09T23:14:55.755-03:00 DEBUG 98192 --- [beauty-salon-backend] [           main] [                                                 ] o.s.d.c.c.c.MappingCassandraConverter    : doWithProperties Property.type java.time.Instant, Property.value 2025-08-10T02:14:55.755133Z
2025-08-09T23:14:55.755-03:00 DEBUG 98192 --- [beauty-salon-backend] [           main] [                                                 ] o.s.d.c.c.c.MappingCassandraConverter    : Adding map.entry [updated_at] - [2025-08-10T02:14:55.755133Z]
2025-08-09T23:14:55.755-03:00 DEBUG 98192 --- [beauty-salon-backend] [           main] [                                                 ] o.s.data.cassandra.core.cql.CqlTemplate  : Preparing statement [INSERT INTO customers (id,name,email,phone,address,created_at,updated_at) VALUES (?,?,?,?,?,?,?)] using org.springframework.data.cassandra.core.CassandraTemplate$PreparedStatementHandler@62163cf7
2025-08-09T23:14:55.755-03:00 DEBUG 98192 --- [beauty-salon-backend] [           main] [                                                 ] o.s.data.cassandra.core.cql.CqlTemplate  : Executing prepared statement [INSERT INTO customers (id,name,email,phone,address,created_at,updated_at) VALUES (?,?,?,?,?,?,?)]
2025-08-09T23:14:55.761-03:00 DEBUG 98192 --- [beauty-salon-backend] [           main] [                                                 ] o.s.d.c.c.c.MappingCassandraConverter    : doWithProperties Property.type java.util.UUID, Property.value 30e3c2cf-4838-4ecb-86d2-6557b896a707
2025-08-09T23:14:55.761-03:00 DEBUG 98192 --- [beauty-salon-backend] [           main] [                                                 ] o.s.d.c.c.c.MappingCassandraConverter    : Adding map.entry [id] - [30e3c2cf-4838-4ecb-86d2-6557b896a707]
2025-08-09T23:14:55.761-03:00 DEBUG 98192 --- [beauty-salon-backend] [           main] [                                                 ] o.s.d.c.c.c.MappingCassandraConverter    : doWithProperties Property.type java.lang.String, Property.value Phase2 Test Customer 6
2025-08-09T23:14:55.761-03:00 DEBUG 98192 --- [beauty-salon-backend] [           main] [                                                 ] o.s.d.c.c.c.MappingCassandraConverter    : Adding map.entry [name] - [Phase2 Test Customer 6]
2025-08-09T23:14:55.761-03:00 DEBUG 98192 --- [beauty-salon-backend] [           main] [                                                 ] o.s.d.c.c.c.MappingCassandraConverter    : doWithProperties Property.type java.lang.String, Property.value phase2test6@example.com
2025-08-09T23:14:55.761-03:00 DEBUG 98192 --- [beauty-salon-backend] [           main] [                                                 ] o.s.d.c.c.c.MappingCassandraConverter    : Adding map.entry [email] - [phase2test6@example.com]
2025-08-09T23:14:55.761-03:00 DEBUG 98192 --- [beauty-salon-backend] [           main] [                                                 ] o.s.d.c.c.c.MappingCassandraConverter    : doWithProperties Property.type java.lang.String, Property.value 5550000006
2025-08-09T23:14:55.761-03:00 DEBUG 98192 --- [beauty-salon-backend] [           main] [                                                 ] o.s.d.c.c.c.MappingCassandraConverter    : Adding map.entry [phone] - [5550000006]
2025-08-09T23:14:55.761-03:00 DEBUG 98192 --- [beauty-salon-backend] [           main] [                                                 ] o.s.d.c.c.c.MappingCassandraConverter    : doWithProperties Property.type java.lang.String, Property.value 123 Phase2 St 6
2025-08-09T23:14:55.761-03:00 DEBUG 98192 --- [beauty-salon-backend] [           main] [                                                 ] o.s.d.c.c.c.MappingCassandraConverter    : Adding map.entry [address] - [123 Phase2 St 6]
2025-08-09T23:14:55.761-03:00 DEBUG 98192 --- [beauty-salon-backend] [           main] [                                                 ] o.s.d.c.c.c.MappingCassandraConverter    : doWithProperties Property.type java.time.Instant, Property.value 2025-08-10T02:14:55.761236Z
2025-08-09T23:14:55.761-03:00 DEBUG 98192 --- [beauty-salon-backend] [           main] [                                                 ] o.s.d.c.c.c.MappingCassandraConverter    : Adding map.entry [created_at] - [2025-08-10T02:14:55.761236Z]
2025-08-09T23:14:55.761-03:00 DEBUG 98192 --- [beauty-salon-backend] [           main] [                                                 ] o.s.d.c.c.c.MappingCassandraConverter    : doWithProperties Property.type java.time.Instant, Property.value 2025-08-10T02:14:55.761236Z
2025-08-09T23:14:55.761-03:00 DEBUG 98192 --- [beauty-salon-backend] [           main] [                                                 ] o.s.d.c.c.c.MappingCassandraConverter    : Adding map.entry [updated_at] - [2025-08-10T02:14:55.761236Z]
2025-08-09T23:14:55.761-03:00 DEBUG 98192 --- [beauty-salon-backend] [           main] [                                                 ] o.s.data.cassandra.core.cql.CqlTemplate  : Preparing statement [INSERT INTO customers (id,name,email,phone,address,created_at,updated_at) VALUES (?,?,?,?,?,?,?)] using org.springframework.data.cassandra.core.CassandraTemplate$PreparedStatementHandler@1c577f1c
2025-08-09T23:14:55.761-03:00 DEBUG 98192 --- [beauty-salon-backend] [           main] [                                                 ] o.s.data.cassandra.core.cql.CqlTemplate  : Executing prepared statement [INSERT INTO customers (id,name,email,phone,address,created_at,updated_at) VALUES (?,?,?,?,?,?,?)]
2025-08-09T23:14:55.765-03:00 DEBUG 98192 --- [beauty-salon-backend] [           main] [                                                 ] o.s.d.c.c.c.MappingCassandraConverter    : doWithProperties Property.type java.util.UUID, Property.value ebff4548-e45f-4ae9-98b8-b89ad89c08ca
2025-08-09T23:14:55.765-03:00 DEBUG 98192 --- [beauty-salon-backend] [           main] [                                                 ] o.s.d.c.c.c.MappingCassandraConverter    : Adding map.entry [id] - [ebff4548-e45f-4ae9-98b8-b89ad89c08ca]
2025-08-09T23:14:55.765-03:00 DEBUG 98192 --- [beauty-salon-backend] [           main] [                                                 ] o.s.d.c.c.c.MappingCassandraConverter    : doWithProperties Property.type java.lang.String, Property.value Phase2 Test Customer 7
2025-08-09T23:14:55.765-03:00 DEBUG 98192 --- [beauty-salon-backend] [           main] [                                                 ] o.s.d.c.c.c.MappingCassandraConverter    : Adding map.entry [name] - [Phase2 Test Customer 7]
2025-08-09T23:14:55.765-03:00 DEBUG 98192 --- [beauty-salon-backend] [           main] [                                                 ] o.s.d.c.c.c.MappingCassandraConverter    : doWithProperties Property.type java.lang.String, Property.value phase2test7@example.com
2025-08-09T23:14:55.765-03:00 DEBUG 98192 --- [beauty-salon-backend] [           main] [                                                 ] o.s.d.c.c.c.MappingCassandraConverter    : Adding map.entry [email] - [phase2test7@example.com]
2025-08-09T23:14:55.765-03:00 DEBUG 98192 --- [beauty-salon-backend] [           main] [                                                 ] o.s.d.c.c.c.MappingCassandraConverter    : doWithProperties Property.type java.lang.String, Property.value 5550000007
2025-08-09T23:14:55.765-03:00 DEBUG 98192 --- [beauty-salon-backend] [           main] [                                                 ] o.s.d.c.c.c.MappingCassandraConverter    : Adding map.entry [phone] - [5550000007]
2025-08-09T23:14:55.765-03:00 DEBUG 98192 --- [beauty-salon-backend] [           main] [                                                 ] o.s.d.c.c.c.MappingCassandraConverter    : doWithProperties Property.type java.lang.String, Property.value 123 Phase2 St 7
2025-08-09T23:14:55.765-03:00 DEBUG 98192 --- [beauty-salon-backend] [           main] [                                                 ] o.s.d.c.c.c.MappingCassandraConverter    : Adding map.entry [address] - [123 Phase2 St 7]
2025-08-09T23:14:55.765-03:00 DEBUG 98192 --- [beauty-salon-backend] [           main] [                                                 ] o.s.d.c.c.c.MappingCassandraConverter    : doWithProperties Property.type java.time.Instant, Property.value 2025-08-10T02:14:55.765398Z
2025-08-09T23:14:55.765-03:00 DEBUG 98192 --- [beauty-salon-backend] [           main] [                                                 ] o.s.d.c.c.c.MappingCassandraConverter    : Adding map.entry [created_at] - [2025-08-10T02:14:55.765398Z]
2025-08-09T23:14:55.765-03:00 DEBUG 98192 --- [beauty-salon-backend] [           main] [                                                 ] o.s.d.c.c.c.MappingCassandraConverter    : doWithProperties Property.type java.time.Instant, Property.value 2025-08-10T02:14:55.765398Z
2025-08-09T23:14:55.765-03:00 DEBUG 98192 --- [beauty-salon-backend] [           main] [                                                 ] o.s.d.c.c.c.MappingCassandraConverter    : Adding map.entry [updated_at] - [2025-08-10T02:14:55.765398Z]
2025-08-09T23:14:55.765-03:00 DEBUG 98192 --- [beauty-salon-backend] [           main] [                                                 ] o.s.data.cassandra.core.cql.CqlTemplate  : Preparing statement [INSERT INTO customers (id,name,email,phone,address,created_at,updated_at) VALUES (?,?,?,?,?,?,?)] using org.springframework.data.cassandra.core.CassandraTemplate$PreparedStatementHandler@1927d1c7
2025-08-09T23:14:55.765-03:00 DEBUG 98192 --- [beauty-salon-backend] [           main] [                                                 ] o.s.data.cassandra.core.cql.CqlTemplate  : Executing prepared statement [INSERT INTO customers (id,name,email,phone,address,created_at,updated_at) VALUES (?,?,?,?,?,?,?)]
2025-08-09T23:14:55.769-03:00 DEBUG 98192 --- [beauty-salon-backend] [           main] [                                                 ] o.s.d.c.c.c.MappingCassandraConverter    : doWithProperties Property.type java.util.UUID, Property.value 926f6975-5176-4b0b-ab60-8cf1167fffe6
2025-08-09T23:14:55.769-03:00 DEBUG 98192 --- [beauty-salon-backend] [           main] [                                                 ] o.s.d.c.c.c.MappingCassandraConverter    : Adding map.entry [id] - [926f6975-5176-4b0b-ab60-8cf1167fffe6]
2025-08-09T23:14:55.769-03:00 DEBUG 98192 --- [beauty-salon-backend] [           main] [                                                 ] o.s.d.c.c.c.MappingCassandraConverter    : doWithProperties Property.type java.lang.String, Property.value Phase2 Test Customer 8
2025-08-09T23:14:55.770-03:00 DEBUG 98192 --- [beauty-salon-backend] [           main] [                                                 ] o.s.d.c.c.c.MappingCassandraConverter    : Adding map.entry [name] - [Phase2 Test Customer 8]
2025-08-09T23:14:55.770-03:00 DEBUG 98192 --- [beauty-salon-backend] [           main] [                                                 ] o.s.d.c.c.c.MappingCassandraConverter    : doWithProperties Property.type java.lang.String, Property.value phase2test8@example.com
2025-08-09T23:14:55.770-03:00 DEBUG 98192 --- [beauty-salon-backend] [           main] [                                                 ] o.s.d.c.c.c.MappingCassandraConverter    : Adding map.entry [email] - [phase2test8@example.com]
2025-08-09T23:14:55.770-03:00 DEBUG 98192 --- [beauty-salon-backend] [           main] [                                                 ] o.s.d.c.c.c.MappingCassandraConverter    : doWithProperties Property.type java.lang.String, Property.value 5550000008
2025-08-09T23:14:55.770-03:00 DEBUG 98192 --- [beauty-salon-backend] [           main] [                                                 ] o.s.d.c.c.c.MappingCassandraConverter    : Adding map.entry [phone] - [5550000008]
2025-08-09T23:14:55.770-03:00 DEBUG 98192 --- [beauty-salon-backend] [           main] [                                                 ] o.s.d.c.c.c.MappingCassandraConverter    : doWithProperties Property.type java.lang.String, Property.value 123 Phase2 St 8
2025-08-09T23:14:55.770-03:00 DEBUG 98192 --- [beauty-salon-backend] [           main] [                                                 ] o.s.d.c.c.c.MappingCassandraConverter    : Adding map.entry [address] - [123 Phase2 St 8]
2025-08-09T23:14:55.770-03:00 DEBUG 98192 --- [beauty-salon-backend] [           main] [                                                 ] o.s.d.c.c.c.MappingCassandraConverter    : doWithProperties Property.type java.time.Instant, Property.value 2025-08-10T02:14:55.769837Z
2025-08-09T23:14:55.770-03:00 DEBUG 98192 --- [beauty-salon-backend] [           main] [                                                 ] o.s.d.c.c.c.MappingCassandraConverter    : Adding map.entry [created_at] - [2025-08-10T02:14:55.769837Z]
2025-08-09T23:14:55.770-03:00 DEBUG 98192 --- [beauty-salon-backend] [           main] [                                                 ] o.s.d.c.c.c.MappingCassandraConverter    : doWithProperties Property.type java.time.Instant, Property.value 2025-08-10T02:14:55.769837Z
2025-08-09T23:14:55.770-03:00 DEBUG 98192 --- [beauty-salon-backend] [           main] [                                                 ] o.s.d.c.c.c.MappingCassandraConverter    : Adding map.entry [updated_at] - [2025-08-10T02:14:55.769837Z]
2025-08-09T23:14:55.770-03:00 DEBUG 98192 --- [beauty-salon-backend] [           main] [                                                 ] o.s.data.cassandra.core.cql.CqlTemplate  : Preparing statement [INSERT INTO customers (id,name,email,phone,address,created_at,updated_at) VALUES (?,?,?,?,?,?,?)] using org.springframework.data.cassandra.core.CassandraTemplate$PreparedStatementHandler@a92eb47
2025-08-09T23:14:55.770-03:00 DEBUG 98192 --- [beauty-salon-backend] [           main] [                                                 ] o.s.data.cassandra.core.cql.CqlTemplate  : Executing prepared statement [INSERT INTO customers (id,name,email,phone,address,created_at,updated_at) VALUES (?,?,?,?,?,?,?)]
2025-08-09T23:14:55.775-03:00 DEBUG 98192 --- [beauty-salon-backend] [           main] [                                                 ] o.s.d.c.c.c.MappingCassandraConverter    : doWithProperties Property.type java.util.UUID, Property.value d900dd3d-0d30-4e49-91df-a931d37dee51
2025-08-09T23:14:55.775-03:00 DEBUG 98192 --- [beauty-salon-backend] [           main] [                                                 ] o.s.d.c.c.c.MappingCassandraConverter    : Adding map.entry [id] - [d900dd3d-0d30-4e49-91df-a931d37dee51]
2025-08-09T23:14:55.775-03:00 DEBUG 98192 --- [beauty-salon-backend] [           main] [                                                 ] o.s.d.c.c.c.MappingCassandraConverter    : doWithProperties Property.type java.lang.String, Property.value Phase2 Test Customer 9
2025-08-09T23:14:55.775-03:00 DEBUG 98192 --- [beauty-salon-backend] [           main] [                                                 ] o.s.d.c.c.c.MappingCassandraConverter    : Adding map.entry [name] - [Phase2 Test Customer 9]
2025-08-09T23:14:55.775-03:00 DEBUG 98192 --- [beauty-salon-backend] [           main] [                                                 ] o.s.d.c.c.c.MappingCassandraConverter    : doWithProperties Property.type java.lang.String, Property.value phase2test9@example.com
2025-08-09T23:14:55.775-03:00 DEBUG 98192 --- [beauty-salon-backend] [           main] [                                                 ] o.s.d.c.c.c.MappingCassandraConverter    : Adding map.entry [email] - [phase2test9@example.com]
2025-08-09T23:14:55.775-03:00 DEBUG 98192 --- [beauty-salon-backend] [           main] [                                                 ] o.s.d.c.c.c.MappingCassandraConverter    : doWithProperties Property.type java.lang.String, Property.value 5550000009
2025-08-09T23:14:55.775-03:00 DEBUG 98192 --- [beauty-salon-backend] [           main] [                                                 ] o.s.d.c.c.c.MappingCassandraConverter    : Adding map.entry [phone] - [5550000009]
2025-08-09T23:14:55.775-03:00 DEBUG 98192 --- [beauty-salon-backend] [           main] [                                                 ] o.s.d.c.c.c.MappingCassandraConverter    : doWithProperties Property.type java.lang.String, Property.value 123 Phase2 St 9
2025-08-09T23:14:55.775-03:00 DEBUG 98192 --- [beauty-salon-backend] [           main] [                                                 ] o.s.d.c.c.c.MappingCassandraConverter    : Adding map.entry [address] - [123 Phase2 St 9]
2025-08-09T23:14:55.775-03:00 DEBUG 98192 --- [beauty-salon-backend] [           main] [                                                 ] o.s.d.c.c.c.MappingCassandraConverter    : doWithProperties Property.type java.time.Instant, Property.value 2025-08-10T02:14:55.774974Z
2025-08-09T23:14:55.775-03:00 DEBUG 98192 --- [beauty-salon-backend] [           main] [                                                 ] o.s.d.c.c.c.MappingCassandraConverter    : Adding map.entry [created_at] - [2025-08-10T02:14:55.774974Z]
2025-08-09T23:14:55.775-03:00 DEBUG 98192 --- [beauty-salon-backend] [           main] [                                                 ] o.s.d.c.c.c.MappingCassandraConverter    : doWithProperties Property.type java.time.Instant, Property.value 2025-08-10T02:14:55.774974Z
2025-08-09T23:14:55.775-03:00 DEBUG 98192 --- [beauty-salon-backend] [           main] [                                                 ] o.s.d.c.c.c.MappingCassandraConverter    : Adding map.entry [updated_at] - [2025-08-10T02:14:55.774974Z]
2025-08-09T23:14:55.775-03:00 DEBUG 98192 --- [beauty-salon-backend] [           main] [                                                 ] o.s.data.cassandra.core.cql.CqlTemplate  : Preparing statement [INSERT INTO customers (id,name,email,phone,address,created_at,updated_at) VALUES (?,?,?,?,?,?,?)] using org.springframework.data.cassandra.core.CassandraTemplate$PreparedStatementHandler@4a91c071
2025-08-09T23:14:55.775-03:00 DEBUG 98192 --- [beauty-salon-backend] [           main] [                                                 ] o.s.data.cassandra.core.cql.CqlTemplate  : Executing prepared statement [INSERT INTO customers (id,name,email,phone,address,created_at,updated_at) VALUES (?,?,?,?,?,?,?)]
2025-08-09T23:14:55.779-03:00 DEBUG 98192 --- [beauty-salon-backend] [           main] [                                                 ] o.s.d.c.c.c.MappingCassandraConverter    : doWithProperties Property.type java.util.UUID, Property.value 5a4ce782-53de-44ee-b457-57c20c4c6b31
2025-08-09T23:14:55.779-03:00 DEBUG 98192 --- [beauty-salon-backend] [           main] [                                                 ] o.s.d.c.c.c.MappingCassandraConverter    : Adding map.entry [id] - [5a4ce782-53de-44ee-b457-57c20c4c6b31]
2025-08-09T23:14:55.779-03:00 DEBUG 98192 --- [beauty-salon-backend] [           main] [                                                 ] o.s.d.c.c.c.MappingCassandraConverter    : doWithProperties Property.type java.lang.String, Property.value Phase2 Test Customer 10
2025-08-09T23:14:55.779-03:00 DEBUG 98192 --- [beauty-salon-backend] [           main] [                                                 ] o.s.d.c.c.c.MappingCassandraConverter    : Adding map.entry [name] - [Phase2 Test Customer 10]
2025-08-09T23:14:55.779-03:00 DEBUG 98192 --- [beauty-salon-backend] [           main] [                                                 ] o.s.d.c.c.c.MappingCassandraConverter    : doWithProperties Property.type java.lang.String, Property.value phase2test10@example.com
2025-08-09T23:14:55.779-03:00 DEBUG 98192 --- [beauty-salon-backend] [           main] [                                                 ] o.s.d.c.c.c.MappingCassandraConverter    : Adding map.entry [email] - [phase2test10@example.com]
2025-08-09T23:14:55.779-03:00 DEBUG 98192 --- [beauty-salon-backend] [           main] [                                                 ] o.s.d.c.c.c.MappingCassandraConverter    : doWithProperties Property.type java.lang.String, Property.value 5550000010
2025-08-09T23:14:55.779-03:00 DEBUG 98192 --- [beauty-salon-backend] [           main] [                                                 ] o.s.d.c.c.c.MappingCassandraConverter    : Adding map.entry [phone] - [5550000010]
2025-08-09T23:14:55.779-03:00 DEBUG 98192 --- [beauty-salon-backend] [           main] [                                                 ] o.s.d.c.c.c.MappingCassandraConverter    : doWithProperties Property.type java.lang.String, Property.value 123 Phase2 St 10
2025-08-09T23:14:55.779-03:00 DEBUG 98192 --- [beauty-salon-backend] [           main] [                                                 ] o.s.d.c.c.c.MappingCassandraConverter    : Adding map.entry [address] - [123 Phase2 St 10]
2025-08-09T23:14:55.779-03:00 DEBUG 98192 --- [beauty-salon-backend] [           main] [                                                 ] o.s.d.c.c.c.MappingCassandraConverter    : doWithProperties Property.type java.time.Instant, Property.value 2025-08-10T02:14:55.779528Z
2025-08-09T23:14:55.779-03:00 DEBUG 98192 --- [beauty-salon-backend] [           main] [                                                 ] o.s.d.c.c.c.MappingCassandraConverter    : Adding map.entry [created_at] - [2025-08-10T02:14:55.779528Z]
2025-08-09T23:14:55.779-03:00 DEBUG 98192 --- [beauty-salon-backend] [           main] [                                                 ] o.s.d.c.c.c.MappingCassandraConverter    : doWithProperties Property.type java.time.Instant, Property.value 2025-08-10T02:14:55.779528Z
2025-08-09T23:14:55.779-03:00 DEBUG 98192 --- [beauty-salon-backend] [           main] [                                                 ] o.s.d.c.c.c.MappingCassandraConverter    : Adding map.entry [updated_at] - [2025-08-10T02:14:55.779528Z]
2025-08-09T23:14:55.779-03:00 DEBUG 98192 --- [beauty-salon-backend] [           main] [                                                 ] o.s.data.cassandra.core.cql.CqlTemplate  : Preparing statement [INSERT INTO customers (id,name,email,phone,address,created_at,updated_at) VALUES (?,?,?,?,?,?,?)] using org.springframework.data.cassandra.core.CassandraTemplate$PreparedStatementHandler@2c564b16
2025-08-09T23:14:55.779-03:00 DEBUG 98192 --- [beauty-salon-backend] [           main] [                                                 ] o.s.data.cassandra.core.cql.CqlTemplate  : Executing prepared statement [INSERT INTO customers (id,name,email,phone,address,created_at,updated_at) VALUES (?,?,?,?,?,?,?)]
2025-08-09T23:14:55.783-03:00 DEBUG 98192 --- [beauty-salon-backend] [           main] [                                                 ] o.s.d.c.c.c.MappingCassandraConverter    : doWithProperties Property.type java.util.UUID, Property.value 2dbd1b50-da4e-466c-b3b3-0d69fc467fbf
2025-08-09T23:14:55.783-03:00 DEBUG 98192 --- [beauty-salon-backend] [           main] [                                                 ] o.s.d.c.c.c.MappingCassandraConverter    : Adding map.entry [id] - [2dbd1b50-da4e-466c-b3b3-0d69fc467fbf]
2025-08-09T23:14:55.783-03:00 DEBUG 98192 --- [beauty-salon-backend] [           main] [                                                 ] o.s.d.c.c.c.MappingCassandraConverter    : doWithProperties Property.type java.lang.String, Property.value Phase2 Test Customer 11
2025-08-09T23:14:55.783-03:00 DEBUG 98192 --- [beauty-salon-backend] [           main] [                                                 ] o.s.d.c.c.c.MappingCassandraConverter    : Adding map.entry [name] - [Phase2 Test Customer 11]
2025-08-09T23:14:55.783-03:00 DEBUG 98192 --- [beauty-salon-backend] [           main] [                                                 ] o.s.d.c.c.c.MappingCassandraConverter    : doWithProperties Property.type java.lang.String, Property.value phase2test11@example.com
2025-08-09T23:14:55.783-03:00 DEBUG 98192 --- [beauty-salon-backend] [           main] [                                                 ] o.s.d.c.c.c.MappingCassandraConverter    : Adding map.entry [email] - [phase2test11@example.com]
2025-08-09T23:14:55.783-03:00 DEBUG 98192 --- [beauty-salon-backend] [           main] [                                                 ] o.s.d.c.c.c.MappingCassandraConverter    : doWithProperties Property.type java.lang.String, Property.value 5550000011
2025-08-09T23:14:55.783-03:00 DEBUG 98192 --- [beauty-salon-backend] [           main] [                                                 ] o.s.d.c.c.c.MappingCassandraConverter    : Adding map.entry [phone] - [5550000011]
2025-08-09T23:14:55.783-03:00 DEBUG 98192 --- [beauty-salon-backend] [           main] [                                                 ] o.s.d.c.c.c.MappingCassandraConverter    : doWithProperties Property.type java.lang.String, Property.value 123 Phase2 St 11
2025-08-09T23:14:55.783-03:00 DEBUG 98192 --- [beauty-salon-backend] [           main] [                                                 ] o.s.d.c.c.c.MappingCassandraConverter    : Adding map.entry [address] - [123 Phase2 St 11]
2025-08-09T23:14:55.783-03:00 DEBUG 98192 --- [beauty-salon-backend] [           main] [                                                 ] o.s.d.c.c.c.MappingCassandraConverter    : doWithProperties Property.type java.time.Instant, Property.value 2025-08-10T02:14:55.782939Z
2025-08-09T23:14:55.783-03:00 DEBUG 98192 --- [beauty-salon-backend] [           main] [                                                 ] o.s.d.c.c.c.MappingCassandraConverter    : Adding map.entry [created_at] - [2025-08-10T02:14:55.782939Z]
2025-08-09T23:14:55.783-03:00 DEBUG 98192 --- [beauty-salon-backend] [           main] [                                                 ] o.s.d.c.c.c.MappingCassandraConverter    : doWithProperties Property.type java.time.Instant, Property.value 2025-08-10T02:14:55.782940Z
2025-08-09T23:14:55.783-03:00 DEBUG 98192 --- [beauty-salon-backend] [           main] [                                                 ] o.s.d.c.c.c.MappingCassandraConverter    : Adding map.entry [updated_at] - [2025-08-10T02:14:55.782940Z]
2025-08-09T23:14:55.783-03:00 DEBUG 98192 --- [beauty-salon-backend] [           main] [                                                 ] o.s.data.cassandra.core.cql.CqlTemplate  : Preparing statement [INSERT INTO customers (id,name,email,phone,address,created_at,updated_at) VALUES (?,?,?,?,?,?,?)] using org.springframework.data.cassandra.core.CassandraTemplate$PreparedStatementHandler@79611e12
2025-08-09T23:14:55.783-03:00 DEBUG 98192 --- [beauty-salon-backend] [           main] [                                                 ] o.s.data.cassandra.core.cql.CqlTemplate  : Executing prepared statement [INSERT INTO customers (id,name,email,phone,address,created_at,updated_at) VALUES (?,?,?,?,?,?,?)]
2025-08-09T23:14:55.787-03:00 DEBUG 98192 --- [beauty-salon-backend] [           main] [                                                 ] o.s.d.c.c.c.MappingCassandraConverter    : doWithProperties Property.type java.util.UUID, Property.value 909bbcd7-06f7-4bc4-a32b-eb1cafd75f38
2025-08-09T23:14:55.788-03:00 DEBUG 98192 --- [beauty-salon-backend] [           main] [                                                 ] o.s.d.c.c.c.MappingCassandraConverter    : Adding map.entry [id] - [909bbcd7-06f7-4bc4-a32b-eb1cafd75f38]
2025-08-09T23:14:55.788-03:00 DEBUG 98192 --- [beauty-salon-backend] [           main] [                                                 ] o.s.d.c.c.c.MappingCassandraConverter    : doWithProperties Property.type java.lang.String, Property.value Phase2 Test Customer 12
2025-08-09T23:14:55.788-03:00 DEBUG 98192 --- [beauty-salon-backend] [           main] [                                                 ] o.s.d.c.c.c.MappingCassandraConverter    : Adding map.entry [name] - [Phase2 Test Customer 12]
2025-08-09T23:14:55.788-03:00 DEBUG 98192 --- [beauty-salon-backend] [           main] [                                                 ] o.s.d.c.c.c.MappingCassandraConverter    : doWithProperties Property.type java.lang.String, Property.value phase2test12@example.com
2025-08-09T23:14:55.788-03:00 DEBUG 98192 --- [beauty-salon-backend] [           main] [                                                 ] o.s.d.c.c.c.MappingCassandraConverter    : Adding map.entry [email] - [phase2test12@example.com]
2025-08-09T23:14:55.788-03:00 DEBUG 98192 --- [beauty-salon-backend] [           main] [                                                 ] o.s.d.c.c.c.MappingCassandraConverter    : doWithProperties Property.type java.lang.String, Property.value 5550000012
2025-08-09T23:14:55.788-03:00 DEBUG 98192 --- [beauty-salon-backend] [           main] [                                                 ] o.s.d.c.c.c.MappingCassandraConverter    : Adding map.entry [phone] - [5550000012]
2025-08-09T23:14:55.788-03:00 DEBUG 98192 --- [beauty-salon-backend] [           main] [                                                 ] o.s.d.c.c.c.MappingCassandraConverter    : doWithProperties Property.type java.lang.String, Property.value 123 Phase2 St 12
2025-08-09T23:14:55.788-03:00 DEBUG 98192 --- [beauty-salon-backend] [           main] [                                                 ] o.s.d.c.c.c.MappingCassandraConverter    : Adding map.entry [address] - [123 Phase2 St 12]
2025-08-09T23:14:55.788-03:00 DEBUG 98192 --- [beauty-salon-backend] [           main] [                                                 ] o.s.d.c.c.c.MappingCassandraConverter    : doWithProperties Property.type java.time.Instant, Property.value 2025-08-10T02:14:55.787928Z
2025-08-09T23:14:55.788-03:00 DEBUG 98192 --- [beauty-salon-backend] [           main] [                                                 ] o.s.d.c.c.c.MappingCassandraConverter    : Adding map.entry [created_at] - [2025-08-10T02:14:55.787928Z]
2025-08-09T23:14:55.788-03:00 DEBUG 98192 --- [beauty-salon-backend] [           main] [                                                 ] o.s.d.c.c.c.MappingCassandraConverter    : doWithProperties Property.type java.time.Instant, Property.value 2025-08-10T02:14:55.787929Z
2025-08-09T23:14:55.788-03:00 DEBUG 98192 --- [beauty-salon-backend] [           main] [                                                 ] o.s.d.c.c.c.MappingCassandraConverter    : Adding map.entry [updated_at] - [2025-08-10T02:14:55.787929Z]
2025-08-09T23:14:55.788-03:00 DEBUG 98192 --- [beauty-salon-backend] [           main] [                                                 ] o.s.data.cassandra.core.cql.CqlTemplate  : Preparing statement [INSERT INTO customers (id,name,email,phone,address,created_at,updated_at) VALUES (?,?,?,?,?,?,?)] using org.springframework.data.cassandra.core.CassandraTemplate$PreparedStatementHandler@4cec1ee8
2025-08-09T23:14:55.788-03:00 DEBUG 98192 --- [beauty-salon-backend] [           main] [                                                 ] o.s.data.cassandra.core.cql.CqlTemplate  : Executing prepared statement [INSERT INTO customers (id,name,email,phone,address,created_at,updated_at) VALUES (?,?,?,?,?,?,?)]
2025-08-09T23:14:55.794-03:00 DEBUG 98192 --- [beauty-salon-backend] [           main] [                                                 ] o.s.d.c.c.c.MappingCassandraConverter    : doWithProperties Property.type java.util.UUID, Property.value 771eebe4-48a2-4530-a944-2bce4eee315c
2025-08-09T23:14:55.794-03:00 DEBUG 98192 --- [beauty-salon-backend] [           main] [                                                 ] o.s.d.c.c.c.MappingCassandraConverter    : Adding map.entry [id] - [771eebe4-48a2-4530-a944-2bce4eee315c]
2025-08-09T23:14:55.794-03:00 DEBUG 98192 --- [beauty-salon-backend] [           main] [                                                 ] o.s.d.c.c.c.MappingCassandraConverter    : doWithProperties Property.type java.lang.String, Property.value Phase2 Test Customer 13
2025-08-09T23:14:55.794-03:00 DEBUG 98192 --- [beauty-salon-backend] [           main] [                                                 ] o.s.d.c.c.c.MappingCassandraConverter    : Adding map.entry [name] - [Phase2 Test Customer 13]
2025-08-09T23:14:55.794-03:00 DEBUG 98192 --- [beauty-salon-backend] [           main] [                                                 ] o.s.d.c.c.c.MappingCassandraConverter    : doWithProperties Property.type java.lang.String, Property.value phase2test13@example.com
2025-08-09T23:14:55.794-03:00 DEBUG 98192 --- [beauty-salon-backend] [           main] [                                                 ] o.s.d.c.c.c.MappingCassandraConverter    : Adding map.entry [email] - [phase2test13@example.com]
2025-08-09T23:14:55.794-03:00 DEBUG 98192 --- [beauty-salon-backend] [           main] [                                                 ] o.s.d.c.c.c.MappingCassandraConverter    : doWithProperties Property.type java.lang.String, Property.value 5550000013
2025-08-09T23:14:55.794-03:00 DEBUG 98192 --- [beauty-salon-backend] [           main] [                                                 ] o.s.d.c.c.c.MappingCassandraConverter    : Adding map.entry [phone] - [5550000013]
2025-08-09T23:14:55.794-03:00 DEBUG 98192 --- [beauty-salon-backend] [           main] [                                                 ] o.s.d.c.c.c.MappingCassandraConverter    : doWithProperties Property.type java.lang.String, Property.value 123 Phase2 St 13
2025-08-09T23:14:55.794-03:00 DEBUG 98192 --- [beauty-salon-backend] [           main] [                                                 ] o.s.d.c.c.c.MappingCassandraConverter    : Adding map.entry [address] - [123 Phase2 St 13]
2025-08-09T23:14:55.794-03:00 DEBUG 98192 --- [beauty-salon-backend] [           main] [                                                 ] o.s.d.c.c.c.MappingCassandraConverter    : doWithProperties Property.type java.time.Instant, Property.value 2025-08-10T02:14:55.794014Z
2025-08-09T23:14:55.794-03:00 DEBUG 98192 --- [beauty-salon-backend] [           main] [                                                 ] o.s.d.c.c.c.MappingCassandraConverter    : Adding map.entry [created_at] - [2025-08-10T02:14:55.794014Z]
2025-08-09T23:14:55.794-03:00 DEBUG 98192 --- [beauty-salon-backend] [           main] [                                                 ] o.s.d.c.c.c.MappingCassandraConverter    : doWithProperties Property.type java.time.Instant, Property.value 2025-08-10T02:14:55.794014Z
2025-08-09T23:14:55.794-03:00 DEBUG 98192 --- [beauty-salon-backend] [           main] [                                                 ] o.s.d.c.c.c.MappingCassandraConverter    : Adding map.entry [updated_at] - [2025-08-10T02:14:55.794014Z]
2025-08-09T23:14:55.794-03:00 DEBUG 98192 --- [beauty-salon-backend] [           main] [                                                 ] o.s.data.cassandra.core.cql.CqlTemplate  : Preparing statement [INSERT INTO customers (id,name,email,phone,address,created_at,updated_at) VALUES (?,?,?,?,?,?,?)] using org.springframework.data.cassandra.core.CassandraTemplate$PreparedStatementHandler@3e249127
2025-08-09T23:14:55.794-03:00 DEBUG 98192 --- [beauty-salon-backend] [           main] [                                                 ] o.s.data.cassandra.core.cql.CqlTemplate  : Executing prepared statement [INSERT INTO customers (id,name,email,phone,address,created_at,updated_at) VALUES (?,?,?,?,?,?,?)]
2025-08-09T23:14:55.798-03:00 DEBUG 98192 --- [beauty-salon-backend] [           main] [                                                 ] o.s.d.c.c.c.MappingCassandraConverter    : doWithProperties Property.type java.util.UUID, Property.value 57ba2997-90a5-4532-b371-f57629ac893b
2025-08-09T23:14:55.798-03:00 DEBUG 98192 --- [beauty-salon-backend] [           main] [                                                 ] o.s.d.c.c.c.MappingCassandraConverter    : Adding map.entry [id] - [57ba2997-90a5-4532-b371-f57629ac893b]
2025-08-09T23:14:55.798-03:00 DEBUG 98192 --- [beauty-salon-backend] [           main] [                                                 ] o.s.d.c.c.c.MappingCassandraConverter    : doWithProperties Property.type java.lang.String, Property.value Phase2 Test Customer 14
2025-08-09T23:14:55.798-03:00 DEBUG 98192 --- [beauty-salon-backend] [           main] [                                                 ] o.s.d.c.c.c.MappingCassandraConverter    : Adding map.entry [name] - [Phase2 Test Customer 14]
2025-08-09T23:14:55.798-03:00 DEBUG 98192 --- [beauty-salon-backend] [           main] [                                                 ] o.s.d.c.c.c.MappingCassandraConverter    : doWithProperties Property.type java.lang.String, Property.value phase2test14@example.com
2025-08-09T23:14:55.798-03:00 DEBUG 98192 --- [beauty-salon-backend] [           main] [                                                 ] o.s.d.c.c.c.MappingCassandraConverter    : Adding map.entry [email] - [phase2test14@example.com]
2025-08-09T23:14:55.798-03:00 DEBUG 98192 --- [beauty-salon-backend] [           main] [                                                 ] o.s.d.c.c.c.MappingCassandraConverter    : doWithProperties Property.type java.lang.String, Property.value 5550000014
2025-08-09T23:14:55.798-03:00 DEBUG 98192 --- [beauty-salon-backend] [           main] [                                                 ] o.s.d.c.c.c.MappingCassandraConverter    : Adding map.entry [phone] - [5550000014]
2025-08-09T23:14:55.798-03:00 DEBUG 98192 --- [beauty-salon-backend] [           main] [                                                 ] o.s.d.c.c.c.MappingCassandraConverter    : doWithProperties Property.type java.lang.String, Property.value 123 Phase2 St 14
2025-08-09T23:14:55.798-03:00 DEBUG 98192 --- [beauty-salon-backend] [           main] [                                                 ] o.s.d.c.c.c.MappingCassandraConverter    : Adding map.entry [address] - [123 Phase2 St 14]
2025-08-09T23:14:55.798-03:00 DEBUG 98192 --- [beauty-salon-backend] [           main] [                                                 ] o.s.d.c.c.c.MappingCassandraConverter    : doWithProperties Property.type java.time.Instant, Property.value 2025-08-10T02:14:55.798513Z
2025-08-09T23:14:55.798-03:00 DEBUG 98192 --- [beauty-salon-backend] [           main] [                                                 ] o.s.d.c.c.c.MappingCassandraConverter    : Adding map.entry [created_at] - [2025-08-10T02:14:55.798513Z]
2025-08-09T23:14:55.798-03:00 DEBUG 98192 --- [beauty-salon-backend] [           main] [                                                 ] o.s.d.c.c.c.MappingCassandraConverter    : doWithProperties Property.type java.time.Instant, Property.value 2025-08-10T02:14:55.798513Z
2025-08-09T23:14:55.798-03:00 DEBUG 98192 --- [beauty-salon-backend] [           main] [                                                 ] o.s.d.c.c.c.MappingCassandraConverter    : Adding map.entry [updated_at] - [2025-08-10T02:14:55.798513Z]
2025-08-09T23:14:55.798-03:00 DEBUG 98192 --- [beauty-salon-backend] [           main] [                                                 ] o.s.data.cassandra.core.cql.CqlTemplate  : Preparing statement [INSERT INTO customers (id,name,email,phone,address,created_at,updated_at) VALUES (?,?,?,?,?,?,?)] using org.springframework.data.cassandra.core.CassandraTemplate$PreparedStatementHandler@27d085c2
2025-08-09T23:14:55.798-03:00 DEBUG 98192 --- [beauty-salon-backend] [           main] [                                                 ] o.s.data.cassandra.core.cql.CqlTemplate  : Executing prepared statement [INSERT INTO customers (id,name,email,phone,address,created_at,updated_at) VALUES (?,?,?,?,?,?,?)]
2025-08-09T23:14:55.804-03:00 DEBUG 98192 --- [beauty-salon-backend] [           main] [                                                 ] o.s.d.c.c.c.MappingCassandraConverter    : doWithProperties Property.type java.util.UUID, Property.value d82f6bb9-110a-4294-b13f-8d8d88ff239f
2025-08-09T23:14:55.804-03:00 DEBUG 98192 --- [beauty-salon-backend] [           main] [                                                 ] o.s.d.c.c.c.MappingCassandraConverter    : Adding map.entry [id] - [d82f6bb9-110a-4294-b13f-8d8d88ff239f]
2025-08-09T23:14:55.804-03:00 DEBUG 98192 --- [beauty-salon-backend] [           main] [                                                 ] o.s.d.c.c.c.MappingCassandraConverter    : doWithProperties Property.type java.lang.String, Property.value Phase2 Test Customer 15
2025-08-09T23:14:55.804-03:00 DEBUG 98192 --- [beauty-salon-backend] [           main] [                                                 ] o.s.d.c.c.c.MappingCassandraConverter    : Adding map.entry [name] - [Phase2 Test Customer 15]
2025-08-09T23:14:55.804-03:00 DEBUG 98192 --- [beauty-salon-backend] [           main] [                                                 ] o.s.d.c.c.c.MappingCassandraConverter    : doWithProperties Property.type java.lang.String, Property.value phase2test15@example.com
2025-08-09T23:14:55.804-03:00 DEBUG 98192 --- [beauty-salon-backend] [           main] [                                                 ] o.s.d.c.c.c.MappingCassandraConverter    : Adding map.entry [email] - [phase2test15@example.com]
2025-08-09T23:14:55.804-03:00 DEBUG 98192 --- [beauty-salon-backend] [           main] [                                                 ] o.s.d.c.c.c.MappingCassandraConverter    : doWithProperties Property.type java.lang.String, Property.value 5550000015
2025-08-09T23:14:55.804-03:00 DEBUG 98192 --- [beauty-salon-backend] [           main] [                                                 ] o.s.d.c.c.c.MappingCassandraConverter    : Adding map.entry [phone] - [5550000015]
2025-08-09T23:14:55.804-03:00 DEBUG 98192 --- [beauty-salon-backend] [           main] [                                                 ] o.s.d.c.c.c.MappingCassandraConverter    : doWithProperties Property.type java.lang.String, Property.value 123 Phase2 St 15
2025-08-09T23:14:55.804-03:00 DEBUG 98192 --- [beauty-salon-backend] [           main] [                                                 ] o.s.d.c.c.c.MappingCassandraConverter    : Adding map.entry [address] - [123 Phase2 St 15]
2025-08-09T23:14:55.804-03:00 DEBUG 98192 --- [beauty-salon-backend] [           main] [                                                 ] o.s.d.c.c.c.MappingCassandraConverter    : doWithProperties Property.type java.time.Instant, Property.value 2025-08-10T02:14:55.804484Z
2025-08-09T23:14:55.804-03:00 DEBUG 98192 --- [beauty-salon-backend] [           main] [                                                 ] o.s.d.c.c.c.MappingCassandraConverter    : Adding map.entry [created_at] - [2025-08-10T02:14:55.804484Z]
2025-08-09T23:14:55.804-03:00 DEBUG 98192 --- [beauty-salon-backend] [           main] [                                                 ] o.s.d.c.c.c.MappingCassandraConverter    : doWithProperties Property.type java.time.Instant, Property.value 2025-08-10T02:14:55.804485Z
2025-08-09T23:14:55.804-03:00 DEBUG 98192 --- [beauty-salon-backend] [           main] [                                                 ] o.s.d.c.c.c.MappingCassandraConverter    : Adding map.entry [updated_at] - [2025-08-10T02:14:55.804485Z]
2025-08-09T23:14:55.804-03:00 DEBUG 98192 --- [beauty-salon-backend] [           main] [                                                 ] o.s.data.cassandra.core.cql.CqlTemplate  : Preparing statement [INSERT INTO customers (id,name,email,phone,address,created_at,updated_at) VALUES (?,?,?,?,?,?,?)] using org.springframework.data.cassandra.core.CassandraTemplate$PreparedStatementHandler@56726d72
2025-08-09T23:14:55.804-03:00 DEBUG 98192 --- [beauty-salon-backend] [           main] [                                                 ] o.s.data.cassandra.core.cql.CqlTemplate  : Executing prepared statement [INSERT INTO customers (id,name,email,phone,address,created_at,updated_at) VALUES (?,?,?,?,?,?,?)]
2025-08-09T23:14:55.811-03:00 DEBUG 98192 --- [beauty-salon-backend] [           main] [                                                 ] o.s.d.c.c.c.MappingCassandraConverter    : doWithProperties Property.type java.util.UUID, Property.value 5bd157eb-0907-496f-ac2e-14435dfd2aee
2025-08-09T23:14:55.811-03:00 DEBUG 98192 --- [beauty-salon-backend] [           main] [                                                 ] o.s.d.c.c.c.MappingCassandraConverter    : Adding map.entry [id] - [5bd157eb-0907-496f-ac2e-14435dfd2aee]
2025-08-09T23:14:55.811-03:00 DEBUG 98192 --- [beauty-salon-backend] [           main] [                                                 ] o.s.d.c.c.c.MappingCassandraConverter    : doWithProperties Property.type java.lang.String, Property.value Phase2 Test Customer 16
2025-08-09T23:14:55.811-03:00 DEBUG 98192 --- [beauty-salon-backend] [           main] [                                                 ] o.s.d.c.c.c.MappingCassandraConverter    : Adding map.entry [name] - [Phase2 Test Customer 16]
2025-08-09T23:14:55.811-03:00 DEBUG 98192 --- [beauty-salon-backend] [           main] [                                                 ] o.s.d.c.c.c.MappingCassandraConverter    : doWithProperties Property.type java.lang.String, Property.value phase2test16@example.com
2025-08-09T23:14:55.811-03:00 DEBUG 98192 --- [beauty-salon-backend] [           main] [                                                 ] o.s.d.c.c.c.MappingCassandraConverter    : Adding map.entry [email] - [phase2test16@example.com]
2025-08-09T23:14:55.811-03:00 DEBUG 98192 --- [beauty-salon-backend] [           main] [                                                 ] o.s.d.c.c.c.MappingCassandraConverter    : doWithProperties Property.type java.lang.String, Property.value 5550000016
2025-08-09T23:14:55.811-03:00 DEBUG 98192 --- [beauty-salon-backend] [           main] [                                                 ] o.s.d.c.c.c.MappingCassandraConverter    : Adding map.entry [phone] - [5550000016]
2025-08-09T23:14:55.811-03:00 DEBUG 98192 --- [beauty-salon-backend] [           main] [                                                 ] o.s.d.c.c.c.MappingCassandraConverter    : doWithProperties Property.type java.lang.String, Property.value 123 Phase2 St 16
2025-08-09T23:14:55.811-03:00 DEBUG 98192 --- [beauty-salon-backend] [           main] [                                                 ] o.s.d.c.c.c.MappingCassandraConverter    : Adding map.entry [address] - [123 Phase2 St 16]
2025-08-09T23:14:55.811-03:00 DEBUG 98192 --- [beauty-salon-backend] [           main] [                                                 ] o.s.d.c.c.c.MappingCassandraConverter    : doWithProperties Property.type java.time.Instant, Property.value 2025-08-10T02:14:55.810967Z
2025-08-09T23:14:55.811-03:00 DEBUG 98192 --- [beauty-salon-backend] [           main] [                                                 ] o.s.d.c.c.c.MappingCassandraConverter    : Adding map.entry [created_at] - [2025-08-10T02:14:55.810967Z]
2025-08-09T23:14:55.811-03:00 DEBUG 98192 --- [beauty-salon-backend] [           main] [                                                 ] o.s.d.c.c.c.MappingCassandraConverter    : doWithProperties Property.type java.time.Instant, Property.value 2025-08-10T02:14:55.810967Z
2025-08-09T23:14:55.811-03:00 DEBUG 98192 --- [beauty-salon-backend] [           main] [                                                 ] o.s.d.c.c.c.MappingCassandraConverter    : Adding map.entry [updated_at] - [2025-08-10T02:14:55.810967Z]
2025-08-09T23:14:55.811-03:00 DEBUG 98192 --- [beauty-salon-backend] [           main] [                                                 ] o.s.data.cassandra.core.cql.CqlTemplate  : Preparing statement [INSERT INTO customers (id,name,email,phone,address,created_at,updated_at) VALUES (?,?,?,?,?,?,?)] using org.springframework.data.cassandra.core.CassandraTemplate$PreparedStatementHandler@40f56e17
2025-08-09T23:14:55.811-03:00 DEBUG 98192 --- [beauty-salon-backend] [           main] [                                                 ] o.s.data.cassandra.core.cql.CqlTemplate  : Executing prepared statement [INSERT INTO customers (id,name,email,phone,address,created_at,updated_at) VALUES (?,?,?,?,?,?,?)]
2025-08-09T23:14:55.815-03:00 DEBUG 98192 --- [beauty-salon-backend] [           main] [                                                 ] o.s.d.c.c.c.MappingCassandraConverter    : doWithProperties Property.type java.util.UUID, Property.value 491255a4-a23a-4be2-b6ac-16a35cb1c9e1
2025-08-09T23:14:55.815-03:00 DEBUG 98192 --- [beauty-salon-backend] [           main] [                                                 ] o.s.d.c.c.c.MappingCassandraConverter    : Adding map.entry [id] - [491255a4-a23a-4be2-b6ac-16a35cb1c9e1]
2025-08-09T23:14:55.815-03:00 DEBUG 98192 --- [beauty-salon-backend] [           main] [                                                 ] o.s.d.c.c.c.MappingCassandraConverter    : doWithProperties Property.type java.lang.String, Property.value Phase2 Test Customer 17
2025-08-09T23:14:55.815-03:00 DEBUG 98192 --- [beauty-salon-backend] [           main] [                                                 ] o.s.d.c.c.c.MappingCassandraConverter    : Adding map.entry [name] - [Phase2 Test Customer 17]
2025-08-09T23:14:55.815-03:00 DEBUG 98192 --- [beauty-salon-backend] [           main] [                                                 ] o.s.d.c.c.c.MappingCassandraConverter    : doWithProperties Property.type java.lang.String, Property.value phase2test17@example.com
2025-08-09T23:14:55.815-03:00 DEBUG 98192 --- [beauty-salon-backend] [           main] [                                                 ] o.s.d.c.c.c.MappingCassandraConverter    : Adding map.entry [email] - [phase2test17@example.com]
2025-08-09T23:14:55.815-03:00 DEBUG 98192 --- [beauty-salon-backend] [           main] [                                                 ] o.s.d.c.c.c.MappingCassandraConverter    : doWithProperties Property.type java.lang.String, Property.value 5550000017
2025-08-09T23:14:55.815-03:00 DEBUG 98192 --- [beauty-salon-backend] [           main] [                                                 ] o.s.d.c.c.c.MappingCassandraConverter    : Adding map.entry [phone] - [5550000017]
2025-08-09T23:14:55.815-03:00 DEBUG 98192 --- [beauty-salon-backend] [           main] [                                                 ] o.s.d.c.c.c.MappingCassandraConverter    : doWithProperties Property.type java.lang.String, Property.value 123 Phase2 St 17
2025-08-09T23:14:55.815-03:00 DEBUG 98192 --- [beauty-salon-backend] [           main] [                                                 ] o.s.d.c.c.c.MappingCassandraConverter    : Adding map.entry [address] - [123 Phase2 St 17]
2025-08-09T23:14:55.815-03:00 DEBUG 98192 --- [beauty-salon-backend] [           main] [                                                 ] o.s.d.c.c.c.MappingCassandraConverter    : doWithProperties Property.type java.time.Instant, Property.value 2025-08-10T02:14:55.815269Z
2025-08-09T23:14:55.815-03:00 DEBUG 98192 --- [beauty-salon-backend] [           main] [                                                 ] o.s.d.c.c.c.MappingCassandraConverter    : Adding map.entry [created_at] - [2025-08-10T02:14:55.815269Z]
2025-08-09T23:14:55.815-03:00 DEBUG 98192 --- [beauty-salon-backend] [           main] [                                                 ] o.s.d.c.c.c.MappingCassandraConverter    : doWithProperties Property.type java.time.Instant, Property.value 2025-08-10T02:14:55.815269Z
2025-08-09T23:14:55.815-03:00 DEBUG 98192 --- [beauty-salon-backend] [           main] [                                                 ] o.s.d.c.c.c.MappingCassandraConverter    : Adding map.entry [updated_at] - [2025-08-10T02:14:55.815269Z]
2025-08-09T23:14:55.815-03:00 DEBUG 98192 --- [beauty-salon-backend] [           main] [                                                 ] o.s.data.cassandra.core.cql.CqlTemplate  : Preparing statement [INSERT INTO customers (id,name,email,phone,address,created_at,updated_at) VALUES (?,?,?,?,?,?,?)] using org.springframework.data.cassandra.core.CassandraTemplate$PreparedStatementHandler@62088058
2025-08-09T23:14:55.815-03:00 DEBUG 98192 --- [beauty-salon-backend] [           main] [                                                 ] o.s.data.cassandra.core.cql.CqlTemplate  : Executing prepared statement [INSERT INTO customers (id,name,email,phone,address,created_at,updated_at) VALUES (?,?,?,?,?,?,?)]
2025-08-09T23:14:55.820-03:00 DEBUG 98192 --- [beauty-salon-backend] [           main] [                                                 ] o.s.d.c.c.c.MappingCassandraConverter    : doWithProperties Property.type java.util.UUID, Property.value f1b48bff-76cf-4826-8223-f49a65a7aee7
2025-08-09T23:14:55.820-03:00 DEBUG 98192 --- [beauty-salon-backend] [           main] [                                                 ] o.s.d.c.c.c.MappingCassandraConverter    : Adding map.entry [id] - [f1b48bff-76cf-4826-8223-f49a65a7aee7]
2025-08-09T23:14:55.820-03:00 DEBUG 98192 --- [beauty-salon-backend] [           main] [                                                 ] o.s.d.c.c.c.MappingCassandraConverter    : doWithProperties Property.type java.lang.String, Property.value Phase2 Test Customer 18
2025-08-09T23:14:55.820-03:00 DEBUG 98192 --- [beauty-salon-backend] [           main] [                                                 ] o.s.d.c.c.c.MappingCassandraConverter    : Adding map.entry [name] - [Phase2 Test Customer 18]
2025-08-09T23:14:55.820-03:00 DEBUG 98192 --- [beauty-salon-backend] [           main] [                                                 ] o.s.d.c.c.c.MappingCassandraConverter    : doWithProperties Property.type java.lang.String, Property.value phase2test18@example.com
2025-08-09T23:14:55.820-03:00 DEBUG 98192 --- [beauty-salon-backend] [           main] [                                                 ] o.s.d.c.c.c.MappingCassandraConverter    : Adding map.entry [email] - [phase2test18@example.com]
2025-08-09T23:14:55.820-03:00 DEBUG 98192 --- [beauty-salon-backend] [           main] [                                                 ] o.s.d.c.c.c.MappingCassandraConverter    : doWithProperties Property.type java.lang.String, Property.value 5550000018
2025-08-09T23:14:55.820-03:00 DEBUG 98192 --- [beauty-salon-backend] [           main] [                                                 ] o.s.d.c.c.c.MappingCassandraConverter    : Adding map.entry [phone] - [5550000018]
2025-08-09T23:14:55.820-03:00 DEBUG 98192 --- [beauty-salon-backend] [           main] [                                                 ] o.s.d.c.c.c.MappingCassandraConverter    : doWithProperties Property.type java.lang.String, Property.value 123 Phase2 St 18
2025-08-09T23:14:55.820-03:00 DEBUG 98192 --- [beauty-salon-backend] [           main] [                                                 ] o.s.d.c.c.c.MappingCassandraConverter    : Adding map.entry [address] - [123 Phase2 St 18]
2025-08-09T23:14:55.820-03:00 DEBUG 98192 --- [beauty-salon-backend] [           main] [                                                 ] o.s.d.c.c.c.MappingCassandraConverter    : doWithProperties Property.type java.time.Instant, Property.value 2025-08-10T02:14:55.820138Z
2025-08-09T23:14:55.820-03:00 DEBUG 98192 --- [beauty-salon-backend] [           main] [                                                 ] o.s.d.c.c.c.MappingCassandraConverter    : Adding map.entry [created_at] - [2025-08-10T02:14:55.820138Z]
2025-08-09T23:14:55.820-03:00 DEBUG 98192 --- [beauty-salon-backend] [           main] [                                                 ] o.s.d.c.c.c.MappingCassandraConverter    : doWithProperties Property.type java.time.Instant, Property.value 2025-08-10T02:14:55.820138Z
2025-08-09T23:14:55.820-03:00 DEBUG 98192 --- [beauty-salon-backend] [           main] [                                                 ] o.s.d.c.c.c.MappingCassandraConverter    : Adding map.entry [updated_at] - [2025-08-10T02:14:55.820138Z]
2025-08-09T23:14:55.820-03:00 DEBUG 98192 --- [beauty-salon-backend] [           main] [                                                 ] o.s.data.cassandra.core.cql.CqlTemplate  : Preparing statement [INSERT INTO customers (id,name,email,phone,address,created_at,updated_at) VALUES (?,?,?,?,?,?,?)] using org.springframework.data.cassandra.core.CassandraTemplate$PreparedStatementHandler@2aa41765
2025-08-09T23:14:55.820-03:00 DEBUG 98192 --- [beauty-salon-backend] [           main] [                                                 ] o.s.data.cassandra.core.cql.CqlTemplate  : Executing prepared statement [INSERT INTO customers (id,name,email,phone,address,created_at,updated_at) VALUES (?,?,?,?,?,?,?)]
2025-08-09T23:14:55.824-03:00 DEBUG 98192 --- [beauty-salon-backend] [           main] [                                                 ] o.s.d.c.c.c.MappingCassandraConverter    : doWithProperties Property.type java.util.UUID, Property.value 124f3d8f-7c6f-4967-aab6-fe83d1a835fb
2025-08-09T23:14:55.824-03:00 DEBUG 98192 --- [beauty-salon-backend] [           main] [                                                 ] o.s.d.c.c.c.MappingCassandraConverter    : Adding map.entry [id] - [124f3d8f-7c6f-4967-aab6-fe83d1a835fb]
2025-08-09T23:14:55.825-03:00 DEBUG 98192 --- [beauty-salon-backend] [           main] [                                                 ] o.s.d.c.c.c.MappingCassandraConverter    : doWithProperties Property.type java.lang.String, Property.value Phase2 Test Customer 19
2025-08-09T23:14:55.825-03:00 DEBUG 98192 --- [beauty-salon-backend] [           main] [                                                 ] o.s.d.c.c.c.MappingCassandraConverter    : Adding map.entry [name] - [Phase2 Test Customer 19]
2025-08-09T23:14:55.825-03:00 DEBUG 98192 --- [beauty-salon-backend] [           main] [                                                 ] o.s.d.c.c.c.MappingCassandraConverter    : doWithProperties Property.type java.lang.String, Property.value phase2test19@example.com
2025-08-09T23:14:55.825-03:00 DEBUG 98192 --- [beauty-salon-backend] [           main] [                                                 ] o.s.d.c.c.c.MappingCassandraConverter    : Adding map.entry [email] - [phase2test19@example.com]
2025-08-09T23:14:55.825-03:00 DEBUG 98192 --- [beauty-salon-backend] [           main] [                                                 ] o.s.d.c.c.c.MappingCassandraConverter    : doWithProperties Property.type java.lang.String, Property.value 5550000019
2025-08-09T23:14:55.825-03:00 DEBUG 98192 --- [beauty-salon-backend] [           main] [                                                 ] o.s.d.c.c.c.MappingCassandraConverter    : Adding map.entry [phone] - [5550000019]
2025-08-09T23:14:55.825-03:00 DEBUG 98192 --- [beauty-salon-backend] [           main] [                                                 ] o.s.d.c.c.c.MappingCassandraConverter    : doWithProperties Property.type java.lang.String, Property.value 123 Phase2 St 19
2025-08-09T23:14:55.825-03:00 DEBUG 98192 --- [beauty-salon-backend] [           main] [                                                 ] o.s.d.c.c.c.MappingCassandraConverter    : Adding map.entry [address] - [123 Phase2 St 19]
2025-08-09T23:14:55.825-03:00 DEBUG 98192 --- [beauty-salon-backend] [           main] [                                                 ] o.s.d.c.c.c.MappingCassandraConverter    : doWithProperties Property.type java.time.Instant, Property.value 2025-08-10T02:14:55.824908Z
2025-08-09T23:14:55.825-03:00 DEBUG 98192 --- [beauty-salon-backend] [           main] [                                                 ] o.s.d.c.c.c.MappingCassandraConverter    : Adding map.entry [created_at] - [2025-08-10T02:14:55.824908Z]
2025-08-09T23:14:55.825-03:00 DEBUG 98192 --- [beauty-salon-backend] [           main] [                                                 ] o.s.d.c.c.c.MappingCassandraConverter    : doWithProperties Property.type java.time.Instant, Property.value 2025-08-10T02:14:55.824908Z
2025-08-09T23:14:55.825-03:00 DEBUG 98192 --- [beauty-salon-backend] [           main] [                                                 ] o.s.d.c.c.c.MappingCassandraConverter    : Adding map.entry [updated_at] - [2025-08-10T02:14:55.824908Z]
2025-08-09T23:14:55.825-03:00 DEBUG 98192 --- [beauty-salon-backend] [           main] [                                                 ] o.s.data.cassandra.core.cql.CqlTemplate  : Preparing statement [INSERT INTO customers (id,name,email,phone,address,created_at,updated_at) VALUES (?,?,?,?,?,?,?)] using org.springframework.data.cassandra.core.CassandraTemplate$PreparedStatementHandler@8d91042
2025-08-09T23:14:55.825-03:00 DEBUG 98192 --- [beauty-salon-backend] [           main] [                                                 ] o.s.data.cassandra.core.cql.CqlTemplate  : Executing prepared statement [INSERT INTO customers (id,name,email,phone,address,created_at,updated_at) VALUES (?,?,?,?,?,?,?)]

=== Phase 2: Connection Pool Performance Test ===
2025-08-09T23:14:55.830-03:00 DEBUG 98192 --- [beauty-salon-backend] [pool-3-thread-2] [                                                 ] o.s.data.cassandra.core.cql.CqlTemplate  : Preparing statement [SELECT * FROM customers WHERE id=? LIMIT 1] using org.springframework.data.cassandra.core.CassandraTemplate$PreparedStatementHandler@7c331996
2025-08-09T23:14:55.830-03:00 DEBUG 98192 --- [beauty-salon-backend] [pool-3-thread-5] [                                                 ] o.s.data.cassandra.core.cql.CqlTemplate  : Preparing statement [SELECT * FROM customers WHERE id=? LIMIT 1] using org.springframework.data.cassandra.core.CassandraTemplate$PreparedStatementHandler@1d44ab8e
2025-08-09T23:14:55.830-03:00 DEBUG 98192 --- [beauty-salon-backend] [pool-3-thread-8] [                                                 ] o.s.data.cassandra.core.cql.CqlTemplate  : Preparing statement [SELECT * FROM customers WHERE id=? LIMIT 1] using org.springframework.data.cassandra.core.CassandraTemplate$PreparedStatementHandler@242331d8
2025-08-09T23:14:55.831-03:00 DEBUG 98192 --- [beauty-salon-backend] [pool-3-thread-7] [                                                 ] o.s.d.c.c.c.MappingCassandraConverter    : doWithProperties Property.type java.util.UUID, Property.value d6a5f6cb-8a93-4fc8-a87c-a78d48e7102b
2025-08-09T23:14:55.831-03:00 DEBUG 98192 --- [beauty-salon-backend] [pool-3-thread-7] [                                                 ] o.s.d.c.c.c.MappingCassandraConverter    : Adding map.entry [id] - [d6a5f6cb-8a93-4fc8-a87c-a78d48e7102b]
2025-08-09T23:14:55.831-03:00 DEBUG 98192 --- [beauty-salon-backend] [pool-3-thread-4] [                                                 ] o.s.d.c.c.c.MappingCassandraConverter    : doWithProperties Property.type java.util.UUID, Property.value 11118898-d002-4167-ad18-72e33ea8f14e
2025-08-09T23:14:55.831-03:00 DEBUG 98192 --- [beauty-salon-backend] [pool-3-thread-7] [                                                 ] o.s.d.c.c.c.MappingCassandraConverter    : doWithProperties Property.type java.lang.String, Property.value Pool Test 6
2025-08-09T23:14:55.831-03:00 DEBUG 98192 --- [beauty-salon-backend] [pool-3-thread-4] [                                                 ] o.s.d.c.c.c.MappingCassandraConverter    : Adding map.entry [id] - [11118898-d002-4167-ad18-72e33ea8f14e]
2025-08-09T23:14:55.831-03:00 DEBUG 98192 --- [beauty-salon-backend] [pool-3-thread-7] [                                                 ] o.s.d.c.c.c.MappingCassandraConverter    : Adding map.entry [name] - [Pool Test 6]
2025-08-09T23:14:55.831-03:00 DEBUG 98192 --- [beauty-salon-backend] [pool-3-thread-4] [                                                 ] o.s.d.c.c.c.MappingCassandraConverter    : doWithProperties Property.type java.lang.String, Property.value Pool Test 3
2025-08-09T23:14:55.831-03:00 DEBUG 98192 --- [beauty-salon-backend] [pool-3-thread-7] [                                                 ] o.s.d.c.c.c.MappingCassandraConverter    : doWithProperties Property.type java.lang.String, Property.value pooltest6@example.com
2025-08-09T23:14:55.831-03:00 DEBUG 98192 --- [beauty-salon-backend] [pool-3-thread-4] [                                                 ] o.s.d.c.c.c.MappingCassandraConverter    : Adding map.entry [name] - [Pool Test 3]
2025-08-09T23:14:55.831-03:00 DEBUG 98192 --- [beauty-salon-backend] [pool-3-thread-7] [                                                 ] o.s.d.c.c.c.MappingCassandraConverter    : Adding map.entry [email] - [pooltest6@example.com]
2025-08-09T23:14:55.831-03:00 DEBUG 98192 --- [beauty-salon-backend] [pool-3-thread-4] [                                                 ] o.s.d.c.c.c.MappingCassandraConverter    : doWithProperties Property.type java.lang.String, Property.value pooltest3@example.com
2025-08-09T23:14:55.831-03:00 DEBUG 98192 --- [beauty-salon-backend] [pool-3-thread-7] [                                                 ] o.s.d.c.c.c.MappingCassandraConverter    : doWithProperties Property.type java.lang.String, Property.value 5550000006
2025-08-09T23:14:55.831-03:00 DEBUG 98192 --- [beauty-salon-backend] [pool-3-thread-4] [                                                 ] o.s.d.c.c.c.MappingCassandraConverter    : Adding map.entry [email] - [pooltest3@example.com]
2025-08-09T23:14:55.831-03:00 DEBUG 98192 --- [beauty-salon-backend] [pool-3-thread-7] [                                                 ] o.s.d.c.c.c.MappingCassandraConverter    : Adding map.entry [phone] - [5550000006]
2025-08-09T23:14:55.831-03:00 DEBUG 98192 --- [beauty-salon-backend] [pool-3-thread-4] [                                                 ] o.s.d.c.c.c.MappingCassandraConverter    : doWithProperties Property.type java.lang.String, Property.value 5550000003
2025-08-09T23:14:55.831-03:00 DEBUG 98192 --- [beauty-salon-backend] [pool-3-thread-7] [                                                 ] o.s.d.c.c.c.MappingCassandraConverter    : doWithProperties Property.type java.lang.String, Property.value Pool Address 6
2025-08-09T23:14:55.831-03:00 DEBUG 98192 --- [beauty-salon-backend] [pool-3-thread-1] [                                                 ] o.s.d.c.c.c.MappingCassandraConverter    : doWithProperties Property.type java.util.UUID, Property.value 99367eea-6d08-4848-97ca-77c4b77385f7
2025-08-09T23:14:55.831-03:00 DEBUG 98192 --- [beauty-salon-backend] [pool-3-thread-1] [                                                 ] o.s.d.c.c.c.MappingCassandraConverter    : Adding map.entry [id] - [99367eea-6d08-4848-97ca-77c4b77385f7]
2025-08-09T23:14:55.831-03:00 DEBUG 98192 --- [beauty-salon-backend] [pool-3-thread-1] [                                                 ] o.s.d.c.c.c.MappingCassandraConverter    : doWithProperties Property.type java.lang.String, Property.value Pool Test 0
2025-08-09T23:14:55.831-03:00 DEBUG 98192 --- [beauty-salon-backend] [pool-3-thread-7] [                                                 ] o.s.d.c.c.c.MappingCassandraConverter    : Adding map.entry [address] - [Pool Address 6]
2025-08-09T23:14:55.831-03:00 DEBUG 98192 --- [beauty-salon-backend] [pool-3-thread-1] [                                                 ] o.s.d.c.c.c.MappingCassandraConverter    : Adding map.entry [name] - [Pool Test 0]
2025-08-09T23:14:55.831-03:00 DEBUG 98192 --- [beauty-salon-backend] [pool-3-thread-1] [                                                 ] o.s.d.c.c.c.MappingCassandraConverter    : doWithProperties Property.type java.lang.String, Property.value pooltest0@example.com
2025-08-09T23:14:55.831-03:00 DEBUG 98192 --- [beauty-salon-backend] [pool-3-thread-7] [                                                 ] o.s.d.c.c.c.MappingCassandraConverter    : doWithProperties Property.type java.time.Instant, Property.value 2025-08-10T02:14:55.830978Z
2025-08-09T23:14:55.831-03:00 DEBUG 98192 --- [beauty-salon-backend] [pool-3-thread-1] [                                                 ] o.s.d.c.c.c.MappingCassandraConverter    : Adding map.entry [email] - [pooltest0@example.com]
2025-08-09T23:14:55.831-03:00 DEBUG 98192 --- [beauty-salon-backend] [pool-3-thread-7] [                                                 ] o.s.d.c.c.c.MappingCassandraConverter    : Adding map.entry [created_at] - [2025-08-10T02:14:55.830978Z]
2025-08-09T23:14:55.831-03:00 DEBUG 98192 --- [beauty-salon-backend] [pool-3-thread-1] [                                                 ] o.s.d.c.c.c.MappingCassandraConverter    : doWithProperties Property.type java.lang.String, Property.value 5550000000
2025-08-09T23:14:55.831-03:00 DEBUG 98192 --- [beauty-salon-backend] [pool-3-thread-1] [                                                 ] o.s.d.c.c.c.MappingCassandraConverter    : Adding map.entry [phone] - [5550000000]
2025-08-09T23:14:55.831-03:00 DEBUG 98192 --- [beauty-salon-backend] [pool-3-thread-1] [                                                 ] o.s.d.c.c.c.MappingCassandraConverter    : doWithProperties Property.type java.lang.String, Property.value Pool Address 0
2025-08-09T23:14:55.831-03:00 DEBUG 98192 --- [beauty-salon-backend] [pool-3-thread-1] [                                                 ] o.s.d.c.c.c.MappingCassandraConverter    : Adding map.entry [address] - [Pool Address 0]
2025-08-09T23:14:55.831-03:00 DEBUG 98192 --- [beauty-salon-backend] [pool-3-thread-1] [                                                 ] o.s.d.c.c.c.MappingCassandraConverter    : doWithProperties Property.type java.time.Instant, Property.value 2025-08-10T02:14:55.831062Z
2025-08-09T23:14:55.831-03:00 DEBUG 98192 --- [beauty-salon-backend] [pool-3-thread-7] [                                                 ] o.s.d.c.c.c.MappingCassandraConverter    : doWithProperties Property.type java.time.Instant, Property.value 2025-08-10T02:14:55.830978Z
2025-08-09T23:14:55.831-03:00 DEBUG 98192 --- [beauty-salon-backend] [pool-3-thread-1] [                                                 ] o.s.d.c.c.c.MappingCassandraConverter    : Adding map.entry [created_at] - [2025-08-10T02:14:55.831062Z]
2025-08-09T23:14:55.831-03:00 DEBUG 98192 --- [beauty-salon-backend] [pool-3-thread-1] [                                                 ] o.s.d.c.c.c.MappingCassandraConverter    : doWithProperties Property.type java.time.Instant, Property.value 2025-08-10T02:14:55.831063Z
2025-08-09T23:14:55.831-03:00 DEBUG 98192 --- [beauty-salon-backend] [pool-3-thread-1] [                                                 ] o.s.d.c.c.c.MappingCassandraConverter    : Adding map.entry [updated_at] - [2025-08-10T02:14:55.831063Z]
2025-08-09T23:14:55.831-03:00 DEBUG 98192 --- [beauty-salon-backend] [pool-3-thread-1] [                                                 ] o.s.data.cassandra.core.cql.CqlTemplate  : Preparing statement [INSERT INTO customers (id,name,email,phone,address,created_at,updated_at) VALUES (?,?,?,?,?,?,?)] using org.springframework.data.cassandra.core.CassandraTemplate$PreparedStatementHandler@5f10234e
2025-08-09T23:14:55.831-03:00 DEBUG 98192 --- [beauty-salon-backend] [pool-3-thread-1] [                                                 ] o.s.data.cassandra.core.cql.CqlTemplate  : Executing prepared statement [INSERT INTO customers (id,name,email,phone,address,created_at,updated_at) VALUES (?,?,?,?,?,?,?)]
2025-08-09T23:14:55.831-03:00 DEBUG 98192 --- [beauty-salon-backend] [pool-3-thread-4] [                                                 ] o.s.d.c.c.c.MappingCassandraConverter    : Adding map.entry [phone] - [5550000003]
2025-08-09T23:14:55.831-03:00 DEBUG 98192 --- [beauty-salon-backend] [pool-3-thread-7] [                                                 ] o.s.d.c.c.c.MappingCassandraConverter    : Adding map.entry [updated_at] - [2025-08-10T02:14:55.830978Z]
2025-08-09T23:14:55.831-03:00 DEBUG 98192 --- [beauty-salon-backend] [ool-3-thread-14] [                                                 ] o.s.data.cassandra.core.cql.CqlTemplate  : Preparing statement [SELECT * FROM customers WHERE id=? LIMIT 1] using org.springframework.data.cassandra.core.CassandraTemplate$PreparedStatementHandler@119f795e
2025-08-09T23:14:55.831-03:00 DEBUG 98192 --- [beauty-salon-backend] [ool-3-thread-11] [                                                 ] o.s.data.cassandra.core.cql.CqlTemplate  : Preparing statement [SELECT * FROM customers WHERE id=? LIMIT 1] using org.springframework.data.cassandra.core.CassandraTemplate$PreparedStatementHandler@40ec61c
2025-08-09T23:14:55.831-03:00 DEBUG 98192 --- [beauty-salon-backend] [pool-3-thread-4] [                                                 ] o.s.d.c.c.c.MappingCassandraConverter    : doWithProperties Property.type java.lang.String, Property.value Pool Address 3
2025-08-09T23:14:55.831-03:00 DEBUG 98192 --- [beauty-salon-backend] [pool-3-thread-4] [                                                 ] o.s.d.c.c.c.MappingCassandraConverter    : Adding map.entry [address] - [Pool Address 3]
2025-08-09T23:14:55.831-03:00 DEBUG 98192 --- [beauty-salon-backend] [pool-3-thread-4] [                                                 ] o.s.d.c.c.c.MappingCassandraConverter    : doWithProperties Property.type java.time.Instant, Property.value 2025-08-10T02:14:55.831068Z
2025-08-09T23:14:55.831-03:00 DEBUG 98192 --- [beauty-salon-backend] [pool-3-thread-4] [                                                 ] o.s.d.c.c.c.MappingCassandraConverter    : Adding map.entry [created_at] - [2025-08-10T02:14:55.831068Z]
2025-08-09T23:14:55.831-03:00 DEBUG 98192 --- [beauty-salon-backend] [pool-3-thread-4] [                                                 ] o.s.d.c.c.c.MappingCassandraConverter    : doWithProperties Property.type java.time.Instant, Property.value 2025-08-10T02:14:55.831069Z
2025-08-09T23:14:55.831-03:00 DEBUG 98192 --- [beauty-salon-backend] [pool-3-thread-4] [                                                 ] o.s.d.c.c.c.MappingCassandraConverter    : Adding map.entry [updated_at] - [2025-08-10T02:14:55.831069Z]
2025-08-09T23:14:55.831-03:00 DEBUG 98192 --- [beauty-salon-backend] [pool-3-thread-7] [                                                 ] o.s.data.cassandra.core.cql.CqlTemplate  : Preparing statement [INSERT INTO customers (id,name,email,phone,address,created_at,updated_at) VALUES (?,?,?,?,?,?,?)] using org.springframework.data.cassandra.core.CassandraTemplate$PreparedStatementHandler@55cf20c9
2025-08-09T23:14:55.831-03:00 DEBUG 98192 --- [beauty-salon-backend] [pool-3-thread-7] [                                                 ] o.s.data.cassandra.core.cql.CqlTemplate  : Executing prepared statement [INSERT INTO customers (id,name,email,phone,address,created_at,updated_at) VALUES (?,?,?,?,?,?,?)]
2025-08-09T23:14:55.832-03:00 DEBUG 98192 --- [beauty-salon-backend] [pool-3-thread-4] [                                                 ] o.s.data.cassandra.core.cql.CqlTemplate  : Preparing statement [INSERT INTO customers (id,name,email,phone,address,created_at,updated_at) VALUES (?,?,?,?,?,?,?)] using org.springframework.data.cassandra.core.CassandraTemplate$PreparedStatementHandler@2e3f7117
2025-08-09T23:14:55.832-03:00 DEBUG 98192 --- [beauty-salon-backend] [pool-3-thread-4] [                                                 ] o.s.data.cassandra.core.cql.CqlTemplate  : Executing prepared statement [INSERT INTO customers (id,name,email,phone,address,created_at,updated_at) VALUES (?,?,?,?,?,?,?)]
2025-08-09T23:14:55.832-03:00 DEBUG 98192 --- [beauty-salon-backend] [ool-3-thread-13] [                                                 ] o.s.d.c.c.c.MappingCassandraConverter    : doWithProperties Property.type java.util.UUID, Property.value 73854ef2-dabf-4c15-856b-771915856f84
2025-08-09T23:14:55.832-03:00 DEBUG 98192 --- [beauty-salon-backend] [ool-3-thread-13] [                                                 ] o.s.d.c.c.c.MappingCassandraConverter    : Adding map.entry [id] - [73854ef2-dabf-4c15-856b-771915856f84]
2025-08-09T23:14:55.832-03:00 DEBUG 98192 --- [beauty-salon-backend] [ool-3-thread-13] [                                                 ] o.s.d.c.c.c.MappingCassandraConverter    : doWithProperties Property.type java.lang.String, Property.value Pool Test 12
2025-08-09T23:14:55.832-03:00 DEBUG 98192 --- [beauty-salon-backend] [ool-3-thread-13] [                                                 ] o.s.d.c.c.c.MappingCassandraConverter    : Adding map.entry [name] - [Pool Test 12]
2025-08-09T23:14:55.832-03:00 DEBUG 98192 --- [beauty-salon-backend] [ool-3-thread-13] [                                                 ] o.s.d.c.c.c.MappingCassandraConverter    : doWithProperties Property.type java.lang.String, Property.value pooltest12@example.com
2025-08-09T23:14:55.832-03:00 DEBUG 98192 --- [beauty-salon-backend] [ool-3-thread-13] [                                                 ] o.s.d.c.c.c.MappingCassandraConverter    : Adding map.entry [email] - [pooltest12@example.com]
2025-08-09T23:14:55.832-03:00 DEBUG 98192 --- [beauty-salon-backend] [ool-3-thread-13] [                                                 ] o.s.d.c.c.c.MappingCassandraConverter    : doWithProperties Property.type java.lang.String, Property.value 5550000012
2025-08-09T23:14:55.832-03:00 DEBUG 98192 --- [beauty-salon-backend] [ool-3-thread-13] [                                                 ] o.s.d.c.c.c.MappingCassandraConverter    : Adding map.entry [phone] - [5550000012]
2025-08-09T23:14:55.832-03:00 DEBUG 98192 --- [beauty-salon-backend] [ool-3-thread-10] [                                                 ] o.s.d.c.c.c.MappingCassandraConverter    : doWithProperties Property.type java.util.UUID, Property.value 038517da-4d99-4888-856e-28367d8b412e
2025-08-09T23:14:55.832-03:00 DEBUG 98192 --- [beauty-salon-backend] [ool-3-thread-13] [                                                 ] o.s.d.c.c.c.MappingCassandraConverter    : doWithProperties Property.type java.lang.String, Property.value Pool Address 12
2025-08-09T23:14:55.832-03:00 DEBUG 98192 --- [beauty-salon-backend] [ool-3-thread-13] [                                                 ] o.s.d.c.c.c.MappingCassandraConverter    : Adding map.entry [address] - [Pool Address 12]
2025-08-09T23:14:55.832-03:00 DEBUG 98192 --- [beauty-salon-backend] [ool-3-thread-13] [                                                 ] o.s.d.c.c.c.MappingCassandraConverter    : doWithProperties Property.type java.time.Instant, Property.value 2025-08-10T02:14:55.832335Z
2025-08-09T23:14:55.832-03:00 DEBUG 98192 --- [beauty-salon-backend] [ool-3-thread-13] [                                                 ] o.s.d.c.c.c.MappingCassandraConverter    : Adding map.entry [created_at] - [2025-08-10T02:14:55.832335Z]
2025-08-09T23:14:55.832-03:00 DEBUG 98192 --- [beauty-salon-backend] [ool-3-thread-10] [                                                 ] o.s.d.c.c.c.MappingCassandraConverter    : Adding map.entry [id] - [038517da-4d99-4888-856e-28367d8b412e]
2025-08-09T23:14:55.833-03:00 DEBUG 98192 --- [beauty-salon-backend] [ool-3-thread-10] [                                                 ] o.s.d.c.c.c.MappingCassandraConverter    : doWithProperties Property.type java.lang.String, Property.value Pool Test 9
2025-08-09T23:14:55.833-03:00 DEBUG 98192 --- [beauty-salon-backend] [ool-3-thread-10] [                                                 ] o.s.d.c.c.c.MappingCassandraConverter    : Adding map.entry [name] - [Pool Test 9]
2025-08-09T23:14:55.833-03:00 DEBUG 98192 --- [beauty-salon-backend] [ool-3-thread-10] [                                                 ] o.s.d.c.c.c.MappingCassandraConverter    : doWithProperties Property.type java.lang.String, Property.value pooltest9@example.com
2025-08-09T23:14:55.833-03:00 DEBUG 98192 --- [beauty-salon-backend] [ool-3-thread-10] [                                                 ] o.s.d.c.c.c.MappingCassandraConverter    : Adding map.entry [email] - [pooltest9@example.com]
2025-08-09T23:14:55.833-03:00 DEBUG 98192 --- [beauty-salon-backend] [ool-3-thread-10] [                                                 ] o.s.d.c.c.c.MappingCassandraConverter    : doWithProperties Property.type java.lang.String, Property.value 5550000009
2025-08-09T23:14:55.833-03:00 DEBUG 98192 --- [beauty-salon-backend] [ool-3-thread-10] [                                                 ] o.s.d.c.c.c.MappingCassandraConverter    : Adding map.entry [phone] - [5550000009]
2025-08-09T23:14:55.833-03:00 DEBUG 98192 --- [beauty-salon-backend] [ool-3-thread-10] [                                                 ] o.s.d.c.c.c.MappingCassandraConverter    : doWithProperties Property.type java.lang.String, Property.value Pool Address 9
2025-08-09T23:14:55.833-03:00 DEBUG 98192 --- [beauty-salon-backend] [ool-3-thread-10] [                                                 ] o.s.d.c.c.c.MappingCassandraConverter    : Adding map.entry [address] - [Pool Address 9]
2025-08-09T23:14:55.833-03:00 DEBUG 98192 --- [beauty-salon-backend] [ool-3-thread-10] [                                                 ] o.s.d.c.c.c.MappingCassandraConverter    : doWithProperties Property.type java.time.Instant, Property.value 2025-08-10T02:14:55.832335Z
2025-08-09T23:14:55.833-03:00 DEBUG 98192 --- [beauty-salon-backend] [ool-3-thread-10] [                                                 ] o.s.d.c.c.c.MappingCassandraConverter    : Adding map.entry [created_at] - [2025-08-10T02:14:55.832335Z]
2025-08-09T23:14:55.833-03:00 DEBUG 98192 --- [beauty-salon-backend] [ool-3-thread-10] [                                                 ] o.s.d.c.c.c.MappingCassandraConverter    : doWithProperties Property.type java.time.Instant, Property.value 2025-08-10T02:14:55.832336Z
2025-08-09T23:14:55.833-03:00 DEBUG 98192 --- [beauty-salon-backend] [ool-3-thread-10] [                                                 ] o.s.d.c.c.c.MappingCassandraConverter    : Adding map.entry [updated_at] - [2025-08-10T02:14:55.832336Z]
2025-08-09T23:14:55.833-03:00 DEBUG 98192 --- [beauty-salon-backend] [ool-3-thread-10] [                                                 ] o.s.data.cassandra.core.cql.CqlTemplate  : Preparing statement [INSERT INTO customers (id,name,email,phone,address,created_at,updated_at) VALUES (?,?,?,?,?,?,?)] using org.springframework.data.cassandra.core.CassandraTemplate$PreparedStatementHandler@2b649e69
2025-08-09T23:14:55.833-03:00 DEBUG 98192 --- [beauty-salon-backend] [ool-3-thread-10] [                                                 ] o.s.data.cassandra.core.cql.CqlTemplate  : Executing prepared statement [INSERT INTO customers (id,name,email,phone,address,created_at,updated_at) VALUES (?,?,?,?,?,?,?)]
2025-08-09T23:14:55.833-03:00 DEBUG 98192 --- [beauty-salon-backend] [ool-3-thread-13] [                                                 ] o.s.d.c.c.c.MappingCassandraConverter    : doWithProperties Property.type java.time.Instant, Property.value 2025-08-10T02:14:55.832336Z
2025-08-09T23:14:55.833-03:00 DEBUG 98192 --- [beauty-salon-backend] [ool-3-thread-13] [                                                 ] o.s.d.c.c.c.MappingCassandraConverter    : Adding map.entry [updated_at] - [2025-08-10T02:14:55.832336Z]
2025-08-09T23:14:55.833-03:00 DEBUG 98192 --- [beauty-salon-backend] [ool-3-thread-13] [                                                 ] o.s.data.cassandra.core.cql.CqlTemplate  : Preparing statement [INSERT INTO customers (id,name,email,phone,address,created_at,updated_at) VALUES (?,?,?,?,?,?,?)] using org.springframework.data.cassandra.core.CassandraTemplate$PreparedStatementHandler@f22d65a
2025-08-09T23:14:55.833-03:00 DEBUG 98192 --- [beauty-salon-backend] [ool-3-thread-13] [                                                 ] o.s.data.cassandra.core.cql.CqlTemplate  : Executing prepared statement [INSERT INTO customers (id,name,email,phone,address,created_at,updated_at) VALUES (?,?,?,?,?,?,?)]
2025-08-09T23:14:55.833-03:00 DEBUG 98192 --- [beauty-salon-backend] [ool-3-thread-17] [                                                 ] o.s.data.cassandra.core.cql.CqlTemplate  : Preparing statement [SELECT * FROM customers WHERE id=? LIMIT 1] using org.springframework.data.cassandra.core.CassandraTemplate$PreparedStatementHandler@67d38e86
2025-08-09T23:14:55.834-03:00 DEBUG 98192 --- [beauty-salon-backend] [ool-3-thread-16] [                                                 ] o.s.d.c.c.c.MappingCassandraConverter    : doWithProperties Property.type java.util.UUID, Property.value c83dd8c0-a407-4d0f-8782-e6d5551c1627
2025-08-09T23:14:55.834-03:00 DEBUG 98192 --- [beauty-salon-backend] [ool-3-thread-16] [                                                 ] o.s.d.c.c.c.MappingCassandraConverter    : Adding map.entry [id] - [c83dd8c0-a407-4d0f-8782-e6d5551c1627]
2025-08-09T23:14:55.834-03:00 DEBUG 98192 --- [beauty-salon-backend] [ool-3-thread-16] [                                                 ] o.s.d.c.c.c.MappingCassandraConverter    : doWithProperties Property.type java.lang.String, Property.value Pool Test 15
2025-08-09T23:14:55.834-03:00 DEBUG 98192 --- [beauty-salon-backend] [ool-3-thread-16] [                                                 ] o.s.d.c.c.c.MappingCassandraConverter    : Adding map.entry [name] - [Pool Test 15]
2025-08-09T23:14:55.834-03:00 DEBUG 98192 --- [beauty-salon-backend] [ool-3-thread-16] [                                                 ] o.s.d.c.c.c.MappingCassandraConverter    : doWithProperties Property.type java.lang.String, Property.value pooltest15@example.com
2025-08-09T23:14:55.834-03:00 DEBUG 98192 --- [beauty-salon-backend] [ool-3-thread-16] [                                                 ] o.s.d.c.c.c.MappingCassandraConverter    : Adding map.entry [email] - [pooltest15@example.com]
2025-08-09T23:14:55.834-03:00 DEBUG 98192 --- [beauty-salon-backend] [ool-3-thread-16] [                                                 ] o.s.d.c.c.c.MappingCassandraConverter    : doWithProperties Property.type java.lang.String, Property.value 5550000015
2025-08-09T23:14:55.834-03:00 DEBUG 98192 --- [beauty-salon-backend] [ool-3-thread-16] [                                                 ] o.s.d.c.c.c.MappingCassandraConverter    : Adding map.entry [phone] - [5550000015]
2025-08-09T23:14:55.834-03:00 DEBUG 98192 --- [beauty-salon-backend] [ool-3-thread-16] [                                                 ] o.s.d.c.c.c.MappingCassandraConverter    : doWithProperties Property.type java.lang.String, Property.value Pool Address 15
2025-08-09T23:14:55.834-03:00 DEBUG 98192 --- [beauty-salon-backend] [ool-3-thread-16] [                                                 ] o.s.d.c.c.c.MappingCassandraConverter    : Adding map.entry [address] - [Pool Address 15]
2025-08-09T23:14:55.834-03:00 DEBUG 98192 --- [beauty-salon-backend] [ool-3-thread-16] [                                                 ] o.s.d.c.c.c.MappingCassandraConverter    : doWithProperties Property.type java.time.Instant, Property.value 2025-08-10T02:14:55.834752Z
2025-08-09T23:14:55.835-03:00 DEBUG 98192 --- [beauty-salon-backend] [ool-3-thread-16] [                                                 ] o.s.d.c.c.c.MappingCassandraConverter    : Adding map.entry [created_at] - [2025-08-10T02:14:55.834752Z]
2025-08-09T23:14:55.835-03:00 DEBUG 98192 --- [beauty-salon-backend] [ool-3-thread-16] [                                                 ] o.s.d.c.c.c.MappingCassandraConverter    : doWithProperties Property.type java.time.Instant, Property.value 2025-08-10T02:14:55.834753Z
2025-08-09T23:14:55.835-03:00 DEBUG 98192 --- [beauty-salon-backend] [ool-3-thread-16] [                                                 ] o.s.d.c.c.c.MappingCassandraConverter    : Adding map.entry [updated_at] - [2025-08-10T02:14:55.834753Z]
2025-08-09T23:14:55.835-03:00 DEBUG 98192 --- [beauty-salon-backend] [ool-3-thread-16] [                                                 ] o.s.data.cassandra.core.cql.CqlTemplate  : Preparing statement [INSERT INTO customers (id,name,email,phone,address,created_at,updated_at) VALUES (?,?,?,?,?,?,?)] using org.springframework.data.cassandra.core.CassandraTemplate$PreparedStatementHandler@7e00f5f8
2025-08-09T23:14:55.835-03:00 DEBUG 98192 --- [beauty-salon-backend] [ool-3-thread-16] [                                                 ] o.s.data.cassandra.core.cql.CqlTemplate  : Executing prepared statement [INSERT INTO customers (id,name,email,phone,address,created_at,updated_at) VALUES (?,?,?,?,?,?,?)]
2025-08-09T23:14:55.835-03:00 DEBUG 98192 --- [beauty-salon-backend] [ool-3-thread-11] [                                                 ] o.s.data.cassandra.core.cql.CqlTemplate  : Executing prepared statement [SELECT * FROM customers WHERE id=? LIMIT 1]
2025-08-09T23:14:55.835-03:00 DEBUG 98192 --- [beauty-salon-backend] [ool-3-thread-14] [                                                 ] o.s.data.cassandra.core.cql.CqlTemplate  : Executing prepared statement [SELECT * FROM customers WHERE id=? LIMIT 1]
2025-08-09T23:14:55.835-03:00 DEBUG 98192 --- [beauty-salon-backend] [ool-3-thread-17] [                                                 ] o.s.data.cassandra.core.cql.CqlTemplate  : Executing prepared statement [SELECT * FROM customers WHERE id=? LIMIT 1]
2025-08-09T23:14:55.835-03:00 DEBUG 98192 --- [beauty-salon-backend] [pool-3-thread-2] [                                                 ] o.s.data.cassandra.core.cql.CqlTemplate  : Executing prepared statement [SELECT * FROM customers WHERE id=? LIMIT 1]
2025-08-09T23:14:55.835-03:00 DEBUG 98192 --- [beauty-salon-backend] [pool-3-thread-8] [                                                 ] o.s.data.cassandra.core.cql.CqlTemplate  : Executing prepared statement [SELECT * FROM customers WHERE id=? LIMIT 1]
2025-08-09T23:14:55.835-03:00 DEBUG 98192 --- [beauty-salon-backend] [pool-3-thread-5] [                                                 ] o.s.data.cassandra.core.cql.CqlTemplate  : Executing prepared statement [SELECT * FROM customers WHERE id=? LIMIT 1]
2025-08-09T23:14:55.836-03:00 DEBUG 98192 --- [beauty-salon-backend] [pool-3-thread-3] [                                                 ] o.s.data.cassandra.core.cql.CqlTemplate  : Preparing statement [SELECT * FROM customers] using org.springframework.data.cassandra.core.CassandraTemplate$PreparedStatementHandler@100070b0
2025-08-09T23:14:55.837-03:00 DEBUG 98192 --- [beauty-salon-backend] [ool-3-thread-19] [                                                 ] o.s.d.c.c.c.MappingCassandraConverter    : doWithProperties Property.type java.util.UUID, Property.value 869912f5-265f-473c-bd2a-22d6258bf0b3
2025-08-09T23:14:55.837-03:00 DEBUG 98192 --- [beauty-salon-backend] [ool-3-thread-19] [                                                 ] o.s.d.c.c.c.MappingCassandraConverter    : Adding map.entry [id] - [869912f5-265f-473c-bd2a-22d6258bf0b3]
2025-08-09T23:14:55.837-03:00 DEBUG 98192 --- [beauty-salon-backend] [ool-3-thread-18] [                                                 ] o.s.data.cassandra.core.cql.CqlTemplate  : Preparing statement [SELECT * FROM customers] using org.springframework.data.cassandra.core.CassandraTemplate$PreparedStatementHandler@57332d0
2025-08-09T23:14:55.837-03:00 DEBUG 98192 --- [beauty-salon-backend] [ool-3-thread-19] [                                                 ] o.s.d.c.c.c.MappingCassandraConverter    : doWithProperties Property.type java.lang.String, Property.value Pool Test 18
2025-08-09T23:14:55.837-03:00 DEBUG 98192 --- [beauty-salon-backend] [ool-3-thread-19] [                                                 ] o.s.d.c.c.c.MappingCassandraConverter    : Adding map.entry [name] - [Pool Test 18]
2025-08-09T23:14:55.837-03:00 DEBUG 98192 --- [beauty-salon-backend] [ool-3-thread-12] [                                                 ] o.s.data.cassandra.core.cql.CqlTemplate  : Preparing statement [SELECT * FROM customers] using org.springframework.data.cassandra.core.CassandraTemplate$PreparedStatementHandler@7be16bcf
2025-08-09T23:14:55.837-03:00 DEBUG 98192 --- [beauty-salon-backend] [ool-3-thread-19] [                                                 ] o.s.d.c.c.c.MappingCassandraConverter    : doWithProperties Property.type java.lang.String, Property.value pooltest18@example.com
2025-08-09T23:14:55.837-03:00 DEBUG 98192 --- [beauty-salon-backend] [ool-3-thread-19] [                                                 ] o.s.d.c.c.c.MappingCassandraConverter    : Adding map.entry [email] - [pooltest18@example.com]
2025-08-09T23:14:55.837-03:00 DEBUG 98192 --- [beauty-salon-backend] [ool-3-thread-19] [                                                 ] o.s.d.c.c.c.MappingCassandraConverter    : doWithProperties Property.type java.lang.String, Property.value 5550000018
2025-08-09T23:14:55.837-03:00 DEBUG 98192 --- [beauty-salon-backend] [ool-3-thread-15] [                                                 ] o.s.data.cassandra.core.cql.CqlTemplate  : Preparing statement [SELECT * FROM customers] using org.springframework.data.cassandra.core.CassandraTemplate$PreparedStatementHandler@1704b646
2025-08-09T23:14:55.837-03:00 DEBUG 98192 --- [beauty-salon-backend] [ool-3-thread-19] [                                                 ] o.s.d.c.c.c.MappingCassandraConverter    : Adding map.entry [phone] - [5550000018]
2025-08-09T23:14:55.837-03:00 DEBUG 98192 --- [beauty-salon-backend] [ool-3-thread-19] [                                                 ] o.s.d.c.c.c.MappingCassandraConverter    : doWithProperties Property.type java.lang.String, Property.value Pool Address 18
2025-08-09T23:14:55.837-03:00 DEBUG 98192 --- [beauty-salon-backend] [pool-3-thread-6] [                                                 ] o.s.data.cassandra.core.cql.CqlTemplate  : Preparing statement [SELECT * FROM customers] using org.springframework.data.cassandra.core.CassandraTemplate$PreparedStatementHandler@2f22b6b9
2025-08-09T23:14:55.837-03:00 DEBUG 98192 --- [beauty-salon-backend] [ool-3-thread-19] [                                                 ] o.s.d.c.c.c.MappingCassandraConverter    : Adding map.entry [address] - [Pool Address 18]
2025-08-09T23:14:55.837-03:00 DEBUG 98192 --- [beauty-salon-backend] [ool-3-thread-19] [                                                 ] o.s.d.c.c.c.MappingCassandraConverter    : doWithProperties Property.type java.time.Instant, Property.value 2025-08-10T02:14:55.837101Z
2025-08-09T23:14:55.837-03:00 DEBUG 98192 --- [beauty-salon-backend] [ool-3-thread-19] [                                                 ] o.s.d.c.c.c.MappingCassandraConverter    : Adding map.entry [created_at] - [2025-08-10T02:14:55.837101Z]
2025-08-09T23:14:55.837-03:00 DEBUG 98192 --- [beauty-salon-backend] [ool-3-thread-20] [                                                 ] o.s.data.cassandra.core.cql.CqlTemplate  : Preparing statement [SELECT * FROM customers WHERE id=? LIMIT 1] using org.springframework.data.cassandra.core.CassandraTemplate$PreparedStatementHandler@7b9cf01f
2025-08-09T23:14:55.837-03:00 DEBUG 98192 --- [beauty-salon-backend] [ool-3-thread-19] [                                                 ] o.s.d.c.c.c.MappingCassandraConverter    : doWithProperties Property.type java.time.Instant, Property.value 2025-08-10T02:14:55.837101Z
2025-08-09T23:14:55.837-03:00 DEBUG 98192 --- [beauty-salon-backend] [pool-3-thread-9] [                                                 ] o.s.data.cassandra.core.cql.CqlTemplate  : Preparing statement [SELECT * FROM customers] using org.springframework.data.cassandra.core.CassandraTemplate$PreparedStatementHandler@1236cfe
2025-08-09T23:14:55.837-03:00 DEBUG 98192 --- [beauty-salon-backend] [ool-3-thread-19] [                                                 ] o.s.d.c.c.c.MappingCassandraConverter    : Adding map.entry [updated_at] - [2025-08-10T02:14:55.837101Z]
2025-08-09T23:14:55.837-03:00 DEBUG 98192 --- [beauty-salon-backend] [ool-3-thread-20] [                                                 ] o.s.data.cassandra.core.cql.CqlTemplate  : Executing prepared statement [SELECT * FROM customers WHERE id=? LIMIT 1]
2025-08-09T23:14:55.837-03:00 DEBUG 98192 --- [beauty-salon-backend] [pool-3-thread-7] [                                                 ] o.s.data.cassandra.core.cql.CqlTemplate  : Preparing statement [SELECT * FROM customers] using org.springframework.data.cassandra.core.CassandraTemplate$PreparedStatementHandler@14f22af2
2025-08-09T23:14:55.837-03:00 DEBUG 98192 --- [beauty-salon-backend] [ool-3-thread-19] [                                                 ] o.s.data.cassandra.core.cql.CqlTemplate  : Preparing statement [INSERT INTO customers (id,name,email,phone,address,created_at,updated_at) VALUES (?,?,?,?,?,?,?)] using org.springframework.data.cassandra.core.CassandraTemplate$PreparedStatementHandler@62125b21
2025-08-09T23:14:55.837-03:00 DEBUG 98192 --- [beauty-salon-backend] [ool-3-thread-19] [                                                 ] o.s.data.cassandra.core.cql.CqlTemplate  : Executing prepared statement [INSERT INTO customers (id,name,email,phone,address,created_at,updated_at) VALUES (?,?,?,?,?,?,?)]
2025-08-09T23:14:55.839-03:00 DEBUG 98192 --- [beauty-salon-backend] [pool-3-thread-1] [                                                 ] o.s.data.cassandra.core.cql.CqlTemplate  : Preparing statement [SELECT * FROM customers WHERE id=? LIMIT 1] using org.springframework.data.cassandra.core.CassandraTemplate$PreparedStatementHandler@1e2d2975
2025-08-09T23:14:55.839-03:00 DEBUG 98192 --- [beauty-salon-backend] [pool-3-thread-1] [                                                 ] o.s.data.cassandra.core.cql.CqlTemplate  : Executing prepared statement [SELECT * FROM customers WHERE id=? LIMIT 1]
2025-08-09T23:14:55.840-03:00 DEBUG 98192 --- [beauty-salon-backend] [pool-3-thread-4] [                                                 ] o.s.d.c.c.c.MappingCassandraConverter    : doWithProperties Property.type java.util.UUID, Property.value e6399735-f877-4fcb-b267-01fda7ae9c97
2025-08-09T23:14:55.840-03:00 DEBUG 98192 --- [beauty-salon-backend] [pool-3-thread-4] [                                                 ] o.s.d.c.c.c.MappingCassandraConverter    : Adding map.entry [id] - [e6399735-f877-4fcb-b267-01fda7ae9c97]
2025-08-09T23:14:55.840-03:00 DEBUG 98192 --- [beauty-salon-backend] [pool-3-thread-4] [                                                 ] o.s.d.c.c.c.MappingCassandraConverter    : doWithProperties Property.type java.lang.String, Property.value Pool Test 21
2025-08-09T23:14:55.840-03:00 DEBUG 98192 --- [beauty-salon-backend] [pool-3-thread-4] [                                                 ] o.s.d.c.c.c.MappingCassandraConverter    : Adding map.entry [name] - [Pool Test 21]
2025-08-09T23:14:55.840-03:00 DEBUG 98192 --- [beauty-salon-backend] [pool-3-thread-4] [                                                 ] o.s.d.c.c.c.MappingCassandraConverter    : doWithProperties Property.type java.lang.String, Property.value pooltest21@example.com
2025-08-09T23:14:55.840-03:00 DEBUG 98192 --- [beauty-salon-backend] [pool-3-thread-4] [                                                 ] o.s.d.c.c.c.MappingCassandraConverter    : Adding map.entry [email] - [pooltest21@example.com]
2025-08-09T23:14:55.840-03:00 DEBUG 98192 --- [beauty-salon-backend] [pool-3-thread-4] [                                                 ] o.s.d.c.c.c.MappingCassandraConverter    : doWithProperties Property.type java.lang.String, Property.value 5550000021
2025-08-09T23:14:55.840-03:00 DEBUG 98192 --- [beauty-salon-backend] [pool-3-thread-4] [                                                 ] o.s.d.c.c.c.MappingCassandraConverter    : Adding map.entry [phone] - [5550000021]
2025-08-09T23:14:55.840-03:00 DEBUG 98192 --- [beauty-salon-backend] [pool-3-thread-4] [                                                 ] o.s.d.c.c.c.MappingCassandraConverter    : doWithProperties Property.type java.lang.String, Property.value Pool Address 21
2025-08-09T23:14:55.840-03:00 DEBUG 98192 --- [beauty-salon-backend] [ool-3-thread-16] [                                                 ] o.s.data.cassandra.core.cql.CqlTemplate  : Preparing statement [SELECT * FROM customers] using org.springframework.data.cassandra.core.CassandraTemplate$PreparedStatementHandler@747143da
2025-08-09T23:14:55.840-03:00 DEBUG 98192 --- [beauty-salon-backend] [pool-3-thread-4] [                                                 ] o.s.d.c.c.c.MappingCassandraConverter    : Adding map.entry [address] - [Pool Address 21]
2025-08-09T23:14:55.840-03:00 DEBUG 98192 --- [beauty-salon-backend] [pool-3-thread-4] [                                                 ] o.s.d.c.c.c.MappingCassandraConverter    : doWithProperties Property.type java.time.Instant, Property.value 2025-08-10T02:14:55.840355Z
2025-08-09T23:14:55.840-03:00 DEBUG 98192 --- [beauty-salon-backend] [pool-3-thread-4] [                                                 ] o.s.d.c.c.c.MappingCassandraConverter    : Adding map.entry [created_at] - [2025-08-10T02:14:55.840355Z]
2025-08-09T23:14:55.840-03:00 DEBUG 98192 --- [beauty-salon-backend] [pool-3-thread-4] [                                                 ] o.s.d.c.c.c.MappingCassandraConverter    : doWithProperties Property.type java.time.Instant, Property.value 2025-08-10T02:14:55.840355Z
2025-08-09T23:14:55.841-03:00 DEBUG 98192 --- [beauty-salon-backend] [pool-3-thread-4] [                                                 ] o.s.d.c.c.c.MappingCassandraConverter    : Adding map.entry [updated_at] - [2025-08-10T02:14:55.840355Z]
2025-08-09T23:14:55.841-03:00 DEBUG 98192 --- [beauty-salon-backend] [pool-3-thread-4] [                                                 ] o.s.data.cassandra.core.cql.CqlTemplate  : Preparing statement [INSERT INTO customers (id,name,email,phone,address,created_at,updated_at) VALUES (?,?,?,?,?,?,?)] using org.springframework.data.cassandra.core.CassandraTemplate$PreparedStatementHandler@b637fef
2025-08-09T23:14:55.841-03:00 DEBUG 98192 --- [beauty-salon-backend] [pool-3-thread-4] [                                                 ] o.s.data.cassandra.core.cql.CqlTemplate  : Executing prepared statement [INSERT INTO customers (id,name,email,phone,address,created_at,updated_at) VALUES (?,?,?,?,?,?,?)]
2025-08-09T23:14:55.842-03:00 DEBUG 98192 --- [beauty-salon-backend] [ool-3-thread-17] [                                                 ] o.s.data.cassandra.core.cql.CqlTemplate  : Preparing statement [SELECT * FROM customers WHERE id=? LIMIT 1] using org.springframework.data.cassandra.core.CassandraTemplate$PreparedStatementHandler@26ee84bd
2025-08-09T23:14:55.842-03:00 DEBUG 98192 --- [beauty-salon-backend] [ool-3-thread-17] [                                                 ] o.s.data.cassandra.core.cql.CqlTemplate  : Executing prepared statement [SELECT * FROM customers WHERE id=? LIMIT 1]
2025-08-09T23:14:55.842-03:00 DEBUG 98192 --- [beauty-salon-backend] [ool-3-thread-16] [                                                 ] o.s.data.cassandra.core.cql.CqlTemplate  : Executing prepared statement [SELECT * FROM customers]
2025-08-09T23:14:55.842-03:00 DEBUG 98192 --- [beauty-salon-backend] [pool-3-thread-7] [                                                 ] o.s.data.cassandra.core.cql.CqlTemplate  : Executing prepared statement [SELECT * FROM customers]
2025-08-09T23:14:55.842-03:00 DEBUG 98192 --- [beauty-salon-backend] [ool-3-thread-13] [                                                 ] o.s.data.cassandra.core.cql.CqlTemplate  : Preparing statement [SELECT * FROM customers] using org.springframework.data.cassandra.core.CassandraTemplate$PreparedStatementHandler@6692783c
2025-08-09T23:14:55.842-03:00 DEBUG 98192 --- [beauty-salon-backend] [pool-3-thread-9] [                                                 ] o.s.data.cassandra.core.cql.CqlTemplate  : Executing prepared statement [SELECT * FROM customers]
2025-08-09T23:14:55.842-03:00 DEBUG 98192 --- [beauty-salon-backend] [ool-3-thread-13] [                                                 ] o.s.data.cassandra.core.cql.CqlTemplate  : Executing prepared statement [SELECT * FROM customers]
2025-08-09T23:14:55.842-03:00 DEBUG 98192 --- [beauty-salon-backend] [pool-3-thread-6] [                                                 ] o.s.data.cassandra.core.cql.CqlTemplate  : Executing prepared statement [SELECT * FROM customers]
2025-08-09T23:14:55.842-03:00 DEBUG 98192 --- [beauty-salon-backend] [ool-3-thread-18] [                                                 ] o.s.data.cassandra.core.cql.CqlTemplate  : Executing prepared statement [SELECT * FROM customers]
2025-08-09T23:14:55.842-03:00 DEBUG 98192 --- [beauty-salon-backend] [ool-3-thread-15] [                                                 ] o.s.data.cassandra.core.cql.CqlTemplate  : Executing prepared statement [SELECT * FROM customers]
2025-08-09T23:14:55.842-03:00 DEBUG 98192 --- [beauty-salon-backend] [ool-3-thread-12] [                                                 ] o.s.data.cassandra.core.cql.CqlTemplate  : Executing prepared statement [SELECT * FROM customers]
2025-08-09T23:14:55.842-03:00 DEBUG 98192 --- [beauty-salon-backend] [pool-3-thread-3] [                                                 ] o.s.data.cassandra.core.cql.CqlTemplate  : Executing prepared statement [SELECT * FROM customers]
2025-08-09T23:14:55.842-03:00 DEBUG 98192 --- [beauty-salon-backend] [ool-3-thread-11] [                                                 ] o.s.data.cassandra.core.cql.CqlTemplate  : Preparing statement [SELECT * FROM customers WHERE id=? LIMIT 1] using org.springframework.data.cassandra.core.CassandraTemplate$PreparedStatementHandler@4533cc27
2025-08-09T23:14:55.842-03:00 DEBUG 98192 --- [beauty-salon-backend] [pool-3-thread-8] [                                                 ] o.s.data.cassandra.core.cql.CqlTemplate  : Preparing statement [SELECT * FROM customers] using org.springframework.data.cassandra.core.CassandraTemplate$PreparedStatementHandler@651e3be3
2025-08-09T23:14:55.843-03:00 DEBUG 98192 --- [beauty-salon-backend] [ool-3-thread-10] [                                                 ] o.s.d.c.c.c.MappingCassandraConverter    : doWithProperties Property.type java.util.UUID, Property.value 0b97ab63-77e4-45d7-b153-b698a61c37b1
2025-08-09T23:14:55.843-03:00 DEBUG 98192 --- [beauty-salon-backend] [ool-3-thread-10] [                                                 ] o.s.d.c.c.c.MappingCassandraConverter    : Adding map.entry [id] - [0b97ab63-77e4-45d7-b153-b698a61c37b1]
2025-08-09T23:14:55.843-03:00 DEBUG 98192 --- [beauty-salon-backend] [ool-3-thread-11] [                                                 ] o.s.data.cassandra.core.cql.CqlTemplate  : Executing prepared statement [SELECT * FROM customers WHERE id=? LIMIT 1]
2025-08-09T23:14:55.843-03:00 DEBUG 98192 --- [beauty-salon-backend] [ool-3-thread-10] [                                                 ] o.s.d.c.c.c.MappingCassandraConverter    : doWithProperties Property.type java.lang.String, Property.value Pool Test 24
2025-08-09T23:14:55.843-03:00 DEBUG 98192 --- [beauty-salon-backend] [pool-3-thread-8] [                                                 ] o.s.data.cassandra.core.cql.CqlTemplate  : Executing prepared statement [SELECT * FROM customers]
2025-08-09T23:14:55.843-03:00 DEBUG 98192 --- [beauty-salon-backend] [ool-3-thread-10] [                                                 ] o.s.d.c.c.c.MappingCassandraConverter    : Adding map.entry [name] - [Pool Test 24]
2025-08-09T23:14:55.843-03:00 DEBUG 98192 --- [beauty-salon-backend] [ool-3-thread-10] [                                                 ] o.s.d.c.c.c.MappingCassandraConverter    : doWithProperties Property.type java.lang.String, Property.value pooltest24@example.com
2025-08-09T23:14:55.843-03:00 DEBUG 98192 --- [beauty-salon-backend] [ool-3-thread-10] [                                                 ] o.s.d.c.c.c.MappingCassandraConverter    : Adding map.entry [email] - [pooltest24@example.com]
2025-08-09T23:14:55.843-03:00 DEBUG 98192 --- [beauty-salon-backend] [ool-3-thread-10] [                                                 ] o.s.d.c.c.c.MappingCassandraConverter    : doWithProperties Property.type java.lang.String, Property.value 5550000024
2025-08-09T23:14:55.843-03:00 DEBUG 98192 --- [beauty-salon-backend] [ool-3-thread-10] [                                                 ] o.s.d.c.c.c.MappingCassandraConverter    : Adding map.entry [phone] - [5550000024]
2025-08-09T23:14:55.843-03:00 DEBUG 98192 --- [beauty-salon-backend] [ool-3-thread-10] [                                                 ] o.s.d.c.c.c.MappingCassandraConverter    : doWithProperties Property.type java.lang.String, Property.value Pool Address 24
2025-08-09T23:14:55.843-03:00 DEBUG 98192 --- [beauty-salon-backend] [ool-3-thread-10] [                                                 ] o.s.d.c.c.c.MappingCassandraConverter    : Adding map.entry [address] - [Pool Address 24]
2025-08-09T23:14:55.843-03:00 DEBUG 98192 --- [beauty-salon-backend] [ool-3-thread-10] [                                                 ] o.s.d.c.c.c.MappingCassandraConverter    : doWithProperties Property.type java.time.Instant, Property.value 2025-08-10T02:14:55.842589Z
2025-08-09T23:14:55.843-03:00 DEBUG 98192 --- [beauty-salon-backend] [ool-3-thread-10] [                                                 ] o.s.d.c.c.c.MappingCassandraConverter    : Adding map.entry [created_at] - [2025-08-10T02:14:55.842589Z]
2025-08-09T23:14:55.843-03:00 DEBUG 98192 --- [beauty-salon-backend] [ool-3-thread-10] [                                                 ] o.s.d.c.c.c.MappingCassandraConverter    : doWithProperties Property.type java.time.Instant, Property.value 2025-08-10T02:14:55.842590Z
2025-08-09T23:14:55.843-03:00 DEBUG 98192 --- [beauty-salon-backend] [ool-3-thread-10] [                                                 ] o.s.d.c.c.c.MappingCassandraConverter    : Adding map.entry [updated_at] - [2025-08-10T02:14:55.842590Z]
2025-08-09T23:14:55.843-03:00 DEBUG 98192 --- [beauty-salon-backend] [ool-3-thread-14] [                                                 ] o.s.d.c.c.c.MappingCassandraConverter    : doWithProperties Property.type java.util.UUID, Property.value b5591f01-b3b8-4b79-89ab-e23e97199b58
2025-08-09T23:14:55.843-03:00 DEBUG 98192 --- [beauty-salon-backend] [ool-3-thread-14] [                                                 ] o.s.d.c.c.c.MappingCassandraConverter    : Adding map.entry [id] - [b5591f01-b3b8-4b79-89ab-e23e97199b58]
2025-08-09T23:14:55.843-03:00 DEBUG 98192 --- [beauty-salon-backend] [pool-3-thread-2] [                                                 ] o.s.d.c.c.c.MappingCassandraConverter    : doWithProperties Property.type java.util.UUID, Property.value f90aba94-4bb9-4539-8e6b-88cb99ce1909
2025-08-09T23:14:55.843-03:00 DEBUG 98192 --- [beauty-salon-backend] [pool-3-thread-2] [                                                 ] o.s.d.c.c.c.MappingCassandraConverter    : Adding map.entry [id] - [f90aba94-4bb9-4539-8e6b-88cb99ce1909]
2025-08-09T23:14:55.843-03:00 DEBUG 98192 --- [beauty-salon-backend] [ool-3-thread-14] [                                                 ] o.s.d.c.c.c.MappingCassandraConverter    : doWithProperties Property.type java.lang.String, Property.value Pool Test 27
2025-08-09T23:14:55.843-03:00 DEBUG 98192 --- [beauty-salon-backend] [ool-3-thread-14] [                                                 ] o.s.d.c.c.c.MappingCassandraConverter    : Adding map.entry [name] - [Pool Test 27]
2025-08-09T23:14:55.843-03:00 DEBUG 98192 --- [beauty-salon-backend] [ool-3-thread-10] [                                                 ] o.s.data.cassandra.core.cql.CqlTemplate  : Preparing statement [INSERT INTO customers (id,name,email,phone,address,created_at,updated_at) VALUES (?,?,?,?,?,?,?)] using org.springframework.data.cassandra.core.CassandraTemplate$PreparedStatementHandler@28941189
2025-08-09T23:14:55.843-03:00 DEBUG 98192 --- [beauty-salon-backend] [pool-3-thread-2] [                                                 ] o.s.d.c.c.c.MappingCassandraConverter    : doWithProperties Property.type java.lang.String, Property.value Pool Test 30
2025-08-09T23:14:55.843-03:00 DEBUG 98192 --- [beauty-salon-backend] [pool-3-thread-2] [                                                 ] o.s.d.c.c.c.MappingCassandraConverter    : Adding map.entry [name] - [Pool Test 30]
2025-08-09T23:14:55.843-03:00 DEBUG 98192 --- [beauty-salon-backend] [ool-3-thread-14] [                                                 ] o.s.d.c.c.c.MappingCassandraConverter    : doWithProperties Property.type java.lang.String, Property.value pooltest27@example.com
2025-08-09T23:14:55.843-03:00 DEBUG 98192 --- [beauty-salon-backend] [pool-3-thread-2] [                                                 ] o.s.d.c.c.c.MappingCassandraConverter    : doWithProperties Property.type java.lang.String, Property.value pooltest30@example.com
2025-08-09T23:14:55.843-03:00 DEBUG 98192 --- [beauty-salon-backend] [ool-3-thread-14] [                                                 ] o.s.d.c.c.c.MappingCassandraConverter    : Adding map.entry [email] - [pooltest27@example.com]
2025-08-09T23:14:55.843-03:00 DEBUG 98192 --- [beauty-salon-backend] [pool-3-thread-2] [                                                 ] o.s.d.c.c.c.MappingCassandraConverter    : Adding map.entry [email] - [pooltest30@example.com]
2025-08-09T23:14:55.843-03:00 DEBUG 98192 --- [beauty-salon-backend] [ool-3-thread-14] [                                                 ] o.s.d.c.c.c.MappingCassandraConverter    : doWithProperties Property.type java.lang.String, Property.value 5550000027
2025-08-09T23:14:55.843-03:00 DEBUG 98192 --- [beauty-salon-backend] [pool-3-thread-2] [                                                 ] o.s.d.c.c.c.MappingCassandraConverter    : doWithProperties Property.type java.lang.String, Property.value 5550000030
2025-08-09T23:14:55.843-03:00 DEBUG 98192 --- [beauty-salon-backend] [ool-3-thread-10] [                                                 ] o.s.data.cassandra.core.cql.CqlTemplate  : Executing prepared statement [INSERT INTO customers (id,name,email,phone,address,created_at,updated_at) VALUES (?,?,?,?,?,?,?)]
2025-08-09T23:14:55.843-03:00 DEBUG 98192 --- [beauty-salon-backend] [pool-3-thread-2] [                                                 ] o.s.d.c.c.c.MappingCassandraConverter    : Adding map.entry [phone] - [5550000030]
2025-08-09T23:14:55.843-03:00 DEBUG 98192 --- [beauty-salon-backend] [pool-3-thread-2] [                                                 ] o.s.d.c.c.c.MappingCassandraConverter    : doWithProperties Property.type java.lang.String, Property.value Pool Address 30
2025-08-09T23:14:55.843-03:00 DEBUG 98192 --- [beauty-salon-backend] [pool-3-thread-5] [                                                 ] o.s.data.cassandra.core.cql.CqlTemplate  : Preparing statement [SELECT * FROM customers WHERE id=? LIMIT 1] using org.springframework.data.cassandra.core.CassandraTemplate$PreparedStatementHandler@5c79a1b5
2025-08-09T23:14:55.843-03:00 DEBUG 98192 --- [beauty-salon-backend] [pool-3-thread-2] [                                                 ] o.s.d.c.c.c.MappingCassandraConverter    : Adding map.entry [address] - [Pool Address 30]
2025-08-09T23:14:55.843-03:00 DEBUG 98192 --- [beauty-salon-backend] [pool-3-thread-2] [                                                 ] o.s.d.c.c.c.MappingCassandraConverter    : doWithProperties Property.type java.time.Instant, Property.value 2025-08-10T02:14:55.843203Z
2025-08-09T23:14:55.843-03:00 DEBUG 98192 --- [beauty-salon-backend] [pool-3-thread-2] [                                                 ] o.s.d.c.c.c.MappingCassandraConverter    : Adding map.entry [created_at] - [2025-08-10T02:14:55.843203Z]
2025-08-09T23:14:55.843-03:00 DEBUG 98192 --- [beauty-salon-backend] [pool-3-thread-5] [                                                 ] o.s.data.cassandra.core.cql.CqlTemplate  : Executing prepared statement [SELECT * FROM customers WHERE id=? LIMIT 1]
2025-08-09T23:14:55.843-03:00 DEBUG 98192 --- [beauty-salon-backend] [ool-3-thread-14] [                                                 ] o.s.d.c.c.c.MappingCassandraConverter    : Adding map.entry [phone] - [5550000027]
2025-08-09T23:14:55.843-03:00 DEBUG 98192 --- [beauty-salon-backend] [pool-3-thread-2] [                                                 ] o.s.d.c.c.c.MappingCassandraConverter    : doWithProperties Property.type java.time.Instant, Property.value 2025-08-10T02:14:55.843203Z
2025-08-09T23:14:55.843-03:00 DEBUG 98192 --- [beauty-salon-backend] [pool-3-thread-2] [                                                 ] o.s.d.c.c.c.MappingCassandraConverter    : Adding map.entry [updated_at] - [2025-08-10T02:14:55.843203Z]
2025-08-09T23:14:55.843-03:00 DEBUG 98192 --- [beauty-salon-backend] [ool-3-thread-14] [                                                 ] o.s.d.c.c.c.MappingCassandraConverter    : doWithProperties Property.type java.lang.String, Property.value Pool Address 27
2025-08-09T23:14:55.843-03:00 DEBUG 98192 --- [beauty-salon-backend] [ool-3-thread-14] [                                                 ] o.s.d.c.c.c.MappingCassandraConverter    : Adding map.entry [address] - [Pool Address 27]
2025-08-09T23:14:55.843-03:00 DEBUG 98192 --- [beauty-salon-backend] [ool-3-thread-14] [                                                 ] o.s.d.c.c.c.MappingCassandraConverter    : doWithProperties Property.type java.time.Instant, Property.value 2025-08-10T02:14:55.843077Z
2025-08-09T23:14:55.843-03:00 DEBUG 98192 --- [beauty-salon-backend] [ool-3-thread-14] [                                                 ] o.s.d.c.c.c.MappingCassandraConverter    : Adding map.entry [created_at] - [2025-08-10T02:14:55.843077Z]
2025-08-09T23:14:55.843-03:00 DEBUG 98192 --- [beauty-salon-backend] [ool-3-thread-14] [                                                 ] o.s.d.c.c.c.MappingCassandraConverter    : doWithProperties Property.type java.time.Instant, Property.value 2025-08-10T02:14:55.843077Z
2025-08-09T23:14:55.843-03:00 DEBUG 98192 --- [beauty-salon-backend] [ool-3-thread-14] [                                                 ] o.s.d.c.c.c.MappingCassandraConverter    : Adding map.entry [updated_at] - [2025-08-10T02:14:55.843077Z]
2025-08-09T23:14:55.843-03:00 DEBUG 98192 --- [beauty-salon-backend] [ool-3-thread-14] [                                                 ] o.s.data.cassandra.core.cql.CqlTemplate  : Preparing statement [INSERT INTO customers (id,name,email,phone,address,created_at,updated_at) VALUES (?,?,?,?,?,?,?)] using org.springframework.data.cassandra.core.CassandraTemplate$PreparedStatementHandler@50a27365
2025-08-09T23:14:55.843-03:00 DEBUG 98192 --- [beauty-salon-backend] [ool-3-thread-14] [                                                 ] o.s.data.cassandra.core.cql.CqlTemplate  : Executing prepared statement [INSERT INTO customers (id,name,email,phone,address,created_at,updated_at) VALUES (?,?,?,?,?,?,?)]
2025-08-09T23:14:55.843-03:00 DEBUG 98192 --- [beauty-salon-backend] [pool-3-thread-2] [                                                 ] o.s.data.cassandra.core.cql.CqlTemplate  : Preparing statement [INSERT INTO customers (id,name,email,phone,address,created_at,updated_at) VALUES (?,?,?,?,?,?,?)] using org.springframework.data.cassandra.core.CassandraTemplate$PreparedStatementHandler@6862949d
2025-08-09T23:14:55.843-03:00 DEBUG 98192 --- [beauty-salon-backend] [pool-3-thread-2] [                                                 ] o.s.data.cassandra.core.cql.CqlTemplate  : Executing prepared statement [INSERT INTO customers (id,name,email,phone,address,created_at,updated_at) VALUES (?,?,?,?,?,?,?)]
2025-08-09T23:14:55.844-03:00 DEBUG 98192 --- [beauty-salon-backend] [ool-3-thread-20] [                                                 ] o.s.data.cassandra.core.cql.CqlTemplate  : Preparing statement [SELECT * FROM customers] using org.springframework.data.cassandra.core.CassandraTemplate$PreparedStatementHandler@3aa1fa24
2025-08-09T23:14:55.844-03:00 DEBUG 98192 --- [beauty-salon-backend] [ool-3-thread-20] [                                                 ] o.s.data.cassandra.core.cql.CqlTemplate  : Executing prepared statement [SELECT * FROM customers]
2025-08-09T23:14:55.845-03:00 DEBUG 98192 --- [beauty-salon-backend] [ool-3-thread-19] [                                                 ] o.s.d.c.c.c.MappingCassandraConverter    : doWithProperties Property.type java.util.UUID, Property.value 155c4306-1b34-4a5d-a5b3-4d411022b6fe
2025-08-09T23:14:55.845-03:00 DEBUG 98192 --- [beauty-salon-backend] [ool-3-thread-19] [                                                 ] o.s.d.c.c.c.MappingCassandraConverter    : Adding map.entry [id] - [155c4306-1b34-4a5d-a5b3-4d411022b6fe]
2025-08-09T23:14:55.845-03:00 DEBUG 98192 --- [beauty-salon-backend] [ool-3-thread-19] [                                                 ] o.s.d.c.c.c.MappingCassandraConverter    : doWithProperties Property.type java.lang.String, Property.value Pool Test 33
2025-08-09T23:14:55.845-03:00 DEBUG 98192 --- [beauty-salon-backend] [ool-3-thread-19] [                                                 ] o.s.d.c.c.c.MappingCassandraConverter    : Adding map.entry [name] - [Pool Test 33]
2025-08-09T23:14:55.845-03:00 DEBUG 98192 --- [beauty-salon-backend] [ool-3-thread-19] [                                                 ] o.s.d.c.c.c.MappingCassandraConverter    : doWithProperties Property.type java.lang.String, Property.value pooltest33@example.com
2025-08-09T23:14:55.845-03:00 DEBUG 98192 --- [beauty-salon-backend] [ool-3-thread-19] [                                                 ] o.s.d.c.c.c.MappingCassandraConverter    : Adding map.entry [email] - [pooltest33@example.com]
2025-08-09T23:14:55.845-03:00 DEBUG 98192 --- [beauty-salon-backend] [ool-3-thread-19] [                                                 ] o.s.d.c.c.c.MappingCassandraConverter    : doWithProperties Property.type java.lang.String, Property.value 5550000033
2025-08-09T23:14:55.845-03:00 DEBUG 98192 --- [beauty-salon-backend] [ool-3-thread-19] [                                                 ] o.s.d.c.c.c.MappingCassandraConverter    : Adding map.entry [phone] - [5550000033]
2025-08-09T23:14:55.845-03:00 DEBUG 98192 --- [beauty-salon-backend] [ool-3-thread-19] [                                                 ] o.s.d.c.c.c.MappingCassandraConverter    : doWithProperties Property.type java.lang.String, Property.value Pool Address 33
2025-08-09T23:14:55.845-03:00 DEBUG 98192 --- [beauty-salon-backend] [ool-3-thread-19] [                                                 ] o.s.d.c.c.c.MappingCassandraConverter    : Adding map.entry [address] - [Pool Address 33]
2025-08-09T23:14:55.845-03:00 DEBUG 98192 --- [beauty-salon-backend] [ool-3-thread-19] [                                                 ] o.s.d.c.c.c.MappingCassandraConverter    : doWithProperties Property.type java.time.Instant, Property.value 2025-08-10T02:14:55.845468Z
2025-08-09T23:14:55.846-03:00 DEBUG 98192 --- [beauty-salon-backend] [ool-3-thread-19] [                                                 ] o.s.d.c.c.c.MappingCassandraConverter    : Adding map.entry [created_at] - [2025-08-10T02:14:55.845468Z]
2025-08-09T23:14:55.846-03:00 DEBUG 98192 --- [beauty-salon-backend] [ool-3-thread-19] [                                                 ] o.s.d.c.c.c.MappingCassandraConverter    : doWithProperties Property.type java.time.Instant, Property.value 2025-08-10T02:14:55.845468Z
2025-08-09T23:14:55.846-03:00 DEBUG 98192 --- [beauty-salon-backend] [ool-3-thread-19] [                                                 ] o.s.d.c.c.c.MappingCassandraConverter    : Adding map.entry [updated_at] - [2025-08-10T02:14:55.845468Z]
2025-08-09T23:14:55.847-03:00 DEBUG 98192 --- [beauty-salon-backend] [ool-3-thread-19] [                                                 ] o.s.data.cassandra.core.cql.CqlTemplate  : Preparing statement [INSERT INTO customers (id,name,email,phone,address,created_at,updated_at) VALUES (?,?,?,?,?,?,?)] using org.springframework.data.cassandra.core.CassandraTemplate$PreparedStatementHandler@232f511a
2025-08-09T23:14:55.847-03:00 DEBUG 98192 --- [beauty-salon-backend] [ool-3-thread-19] [                                                 ] o.s.data.cassandra.core.cql.CqlTemplate  : Executing prepared statement [INSERT INTO customers (id,name,email,phone,address,created_at,updated_at) VALUES (?,?,?,?,?,?,?)]
2025-08-09T23:14:55.853-03:00 DEBUG 98192 --- [beauty-salon-backend] [pool-3-thread-1] [                                                 ] o.s.data.cassandra.core.cql.CqlTemplate  : Preparing statement [SELECT * FROM customers WHERE id=? LIMIT 1] using org.springframework.data.cassandra.core.CassandraTemplate$PreparedStatementHandler@2f79757b
2025-08-09T23:14:55.854-03:00 DEBUG 98192 --- [beauty-salon-backend] [pool-3-thread-1] [                                                 ] o.s.data.cassandra.core.cql.CqlTemplate  : Executing prepared statement [SELECT * FROM customers WHERE id=? LIMIT 1]
2025-08-09T23:14:55.855-03:00 DEBUG 98192 --- [beauty-salon-backend] [ool-3-thread-17] [                                                 ] o.s.data.cassandra.core.cql.CqlTemplate  : Preparing statement [SELECT * FROM customers] using org.springframework.data.cassandra.core.CassandraTemplate$PreparedStatementHandler@1702a3ca
2025-08-09T23:14:55.855-03:00 DEBUG 98192 --- [beauty-salon-backend] [ool-3-thread-17] [                                                 ] o.s.data.cassandra.core.cql.CqlTemplate  : Executing prepared statement [SELECT * FROM customers]
2025-08-09T23:14:55.856-03:00 DEBUG 98192 --- [beauty-salon-backend] [pool-3-thread-5] [                                                 ] o.s.d.c.c.c.MappingCassandraConverter    : doWithProperties Property.type java.util.UUID, Property.value 28fb8762-1eb2-4b51-8f8e-fc9073fa792a
2025-08-09T23:14:55.856-03:00 DEBUG 98192 --- [beauty-salon-backend] [pool-3-thread-5] [                                                 ] o.s.d.c.c.c.MappingCassandraConverter    : Adding map.entry [id] - [28fb8762-1eb2-4b51-8f8e-fc9073fa792a]
2025-08-09T23:14:55.856-03:00 DEBUG 98192 --- [beauty-salon-backend] [pool-3-thread-5] [                                                 ] o.s.d.c.c.c.MappingCassandraConverter    : doWithProperties Property.type java.lang.String, Property.value Pool Test 36
2025-08-09T23:14:55.856-03:00 DEBUG 98192 --- [beauty-salon-backend] [pool-3-thread-5] [                                                 ] o.s.d.c.c.c.MappingCassandraConverter    : Adding map.entry [name] - [Pool Test 36]
2025-08-09T23:14:55.856-03:00 DEBUG 98192 --- [beauty-salon-backend] [pool-3-thread-5] [                                                 ] o.s.d.c.c.c.MappingCassandraConverter    : doWithProperties Property.type java.lang.String, Property.value pooltest36@example.com
2025-08-09T23:14:55.856-03:00 DEBUG 98192 --- [beauty-salon-backend] [pool-3-thread-5] [                                                 ] o.s.d.c.c.c.MappingCassandraConverter    : Adding map.entry [email] - [pooltest36@example.com]
2025-08-09T23:14:55.856-03:00 DEBUG 98192 --- [beauty-salon-backend] [pool-3-thread-5] [                                                 ] o.s.d.c.c.c.MappingCassandraConverter    : doWithProperties Property.type java.lang.String, Property.value 5550000036
2025-08-09T23:14:55.856-03:00 DEBUG 98192 --- [beauty-salon-backend] [pool-3-thread-5] [                                                 ] o.s.d.c.c.c.MappingCassandraConverter    : Adding map.entry [phone] - [5550000036]
2025-08-09T23:14:55.856-03:00 DEBUG 98192 --- [beauty-salon-backend] [pool-3-thread-5] [                                                 ] o.s.d.c.c.c.MappingCassandraConverter    : doWithProperties Property.type java.lang.String, Property.value Pool Address 36
2025-08-09T23:14:55.856-03:00 DEBUG 98192 --- [beauty-salon-backend] [pool-3-thread-5] [                                                 ] o.s.d.c.c.c.MappingCassandraConverter    : Adding map.entry [address] - [Pool Address 36]
2025-08-09T23:14:55.856-03:00 DEBUG 98192 --- [beauty-salon-backend] [ool-3-thread-11] [                                                 ] o.s.data.cassandra.core.cql.CqlTemplate  : Preparing statement [SELECT * FROM customers] using org.springframework.data.cassandra.core.CassandraTemplate$PreparedStatementHandler@74bc4dd1
2025-08-09T23:14:55.856-03:00 DEBUG 98192 --- [beauty-salon-backend] [pool-3-thread-5] [                                                 ] o.s.d.c.c.c.MappingCassandraConverter    : doWithProperties Property.type java.time.Instant, Property.value 2025-08-10T02:14:55.856363Z
2025-08-09T23:14:55.856-03:00 DEBUG 98192 --- [beauty-salon-backend] [pool-3-thread-5] [                                                 ] o.s.d.c.c.c.MappingCassandraConverter    : Adding map.entry [created_at] - [2025-08-10T02:14:55.856363Z]
2025-08-09T23:14:55.856-03:00 DEBUG 98192 --- [beauty-salon-backend] [ool-3-thread-11] [                                                 ] o.s.data.cassandra.core.cql.CqlTemplate  : Executing prepared statement [SELECT * FROM customers]
2025-08-09T23:14:55.856-03:00 DEBUG 98192 --- [beauty-salon-backend] [pool-3-thread-5] [                                                 ] o.s.d.c.c.c.MappingCassandraConverter    : doWithProperties Property.type java.time.Instant, Property.value 2025-08-10T02:14:55.856363Z
2025-08-09T23:14:55.856-03:00 DEBUG 98192 --- [beauty-salon-backend] [pool-3-thread-5] [                                                 ] o.s.d.c.c.c.MappingCassandraConverter    : Adding map.entry [updated_at] - [2025-08-10T02:14:55.856363Z]
2025-08-09T23:14:55.857-03:00 DEBUG 98192 --- [beauty-salon-backend] [pool-3-thread-5] [                                                 ] o.s.data.cassandra.core.cql.CqlTemplate  : Preparing statement [INSERT INTO customers (id,name,email,phone,address,created_at,updated_at) VALUES (?,?,?,?,?,?,?)] using org.springframework.data.cassandra.core.CassandraTemplate$PreparedStatementHandler@6d6ffb7f
2025-08-09T23:14:55.857-03:00 DEBUG 98192 --- [beauty-salon-backend] [pool-3-thread-5] [                                                 ] o.s.data.cassandra.core.cql.CqlTemplate  : Executing prepared statement [INSERT INTO customers (id,name,email,phone,address,created_at,updated_at) VALUES (?,?,?,?,?,?,?)]
2025-08-09T23:14:55.858-03:00 DEBUG 98192 --- [beauty-salon-backend] [pool-3-thread-2] [                                                 ] o.s.data.cassandra.core.cql.CqlTemplate  : Preparing statement [SELECT * FROM customers WHERE id=? LIMIT 1] using org.springframework.data.cassandra.core.CassandraTemplate$PreparedStatementHandler@107f163b
2025-08-09T23:14:55.858-03:00 DEBUG 98192 --- [beauty-salon-backend] [pool-3-thread-2] [                                                 ] o.s.data.cassandra.core.cql.CqlTemplate  : Executing prepared statement [SELECT * FROM customers WHERE id=? LIMIT 1]
2025-08-09T23:14:55.858-03:00 DEBUG 98192 --- [beauty-salon-backend] [ool-3-thread-14] [                                                 ] o.s.d.c.c.c.MappingCassandraConverter    : doWithProperties Property.type java.util.UUID, Property.value 30e41844-13bb-48db-b5ee-8ae92ef7bdb0
2025-08-09T23:14:55.858-03:00 DEBUG 98192 --- [beauty-salon-backend] [ool-3-thread-14] [                                                 ] o.s.d.c.c.c.MappingCassandraConverter    : Adding map.entry [id] - [30e41844-13bb-48db-b5ee-8ae92ef7bdb0]
2025-08-09T23:14:55.858-03:00 DEBUG 98192 --- [beauty-salon-backend] [ool-3-thread-14] [                                                 ] o.s.d.c.c.c.MappingCassandraConverter    : doWithProperties Property.type java.lang.String, Property.value Pool Test 39
2025-08-09T23:14:55.858-03:00 DEBUG 98192 --- [beauty-salon-backend] [ool-3-thread-14] [                                                 ] o.s.d.c.c.c.MappingCassandraConverter    : Adding map.entry [name] - [Pool Test 39]
2025-08-09T23:14:55.858-03:00 DEBUG 98192 --- [beauty-salon-backend] [ool-3-thread-14] [                                                 ] o.s.d.c.c.c.MappingCassandraConverter    : doWithProperties Property.type java.lang.String, Property.value pooltest39@example.com
2025-08-09T23:14:55.858-03:00 DEBUG 98192 --- [beauty-salon-backend] [ool-3-thread-14] [                                                 ] o.s.d.c.c.c.MappingCassandraConverter    : Adding map.entry [email] - [pooltest39@example.com]
2025-08-09T23:14:55.858-03:00 DEBUG 98192 --- [beauty-salon-backend] [ool-3-thread-14] [                                                 ] o.s.d.c.c.c.MappingCassandraConverter    : doWithProperties Property.type java.lang.String, Property.value 5550000039
2025-08-09T23:14:55.858-03:00 DEBUG 98192 --- [beauty-salon-backend] [ool-3-thread-14] [                                                 ] o.s.d.c.c.c.MappingCassandraConverter    : Adding map.entry [phone] - [5550000039]
2025-08-09T23:14:55.858-03:00 DEBUG 98192 --- [beauty-salon-backend] [ool-3-thread-14] [                                                 ] o.s.d.c.c.c.MappingCassandraConverter    : doWithProperties Property.type java.lang.String, Property.value Pool Address 39
2025-08-09T23:14:55.858-03:00 DEBUG 98192 --- [beauty-salon-backend] [ool-3-thread-14] [                                                 ] o.s.d.c.c.c.MappingCassandraConverter    : Adding map.entry [address] - [Pool Address 39]
2025-08-09T23:14:55.858-03:00 DEBUG 98192 --- [beauty-salon-backend] [ool-3-thread-14] [                                                 ] o.s.d.c.c.c.MappingCassandraConverter    : doWithProperties Property.type java.time.Instant, Property.value 2025-08-10T02:14:55.857882Z
2025-08-09T23:14:55.858-03:00 DEBUG 98192 --- [beauty-salon-backend] [ool-3-thread-14] [                                                 ] o.s.d.c.c.c.MappingCassandraConverter    : Adding map.entry [created_at] - [2025-08-10T02:14:55.857882Z]
2025-08-09T23:14:55.858-03:00 DEBUG 98192 --- [beauty-salon-backend] [ool-3-thread-14] [                                                 ] o.s.d.c.c.c.MappingCassandraConverter    : doWithProperties Property.type java.time.Instant, Property.value 2025-08-10T02:14:55.857882Z
2025-08-09T23:14:55.858-03:00 DEBUG 98192 --- [beauty-salon-backend] [ool-3-thread-14] [                                                 ] o.s.d.c.c.c.MappingCassandraConverter    : Adding map.entry [updated_at] - [2025-08-10T02:14:55.857882Z]
2025-08-09T23:14:55.859-03:00 DEBUG 98192 --- [beauty-salon-backend] [ool-3-thread-14] [                                                 ] o.s.data.cassandra.core.cql.CqlTemplate  : Preparing statement [INSERT INTO customers (id,name,email,phone,address,created_at,updated_at) VALUES (?,?,?,?,?,?,?)] using org.springframework.data.cassandra.core.CassandraTemplate$PreparedStatementHandler@613866af
2025-08-09T23:14:55.859-03:00 DEBUG 98192 --- [beauty-salon-backend] [ool-3-thread-14] [                                                 ] o.s.data.cassandra.core.cql.CqlTemplate  : Executing prepared statement [INSERT INTO customers (id,name,email,phone,address,created_at,updated_at) VALUES (?,?,?,?,?,?,?)]
2025-08-09T23:14:55.859-03:00 DEBUG 98192 --- [beauty-salon-backend] [pool-3-thread-4] [                                                 ] o.s.data.cassandra.core.cql.CqlTemplate  : Preparing statement [SELECT * FROM customers] using org.springframework.data.cassandra.core.CassandraTemplate$PreparedStatementHandler@2e850cee
2025-08-09T23:14:55.859-03:00 DEBUG 98192 --- [beauty-salon-backend] [pool-3-thread-4] [                                                 ] o.s.data.cassandra.core.cql.CqlTemplate  : Executing prepared statement [SELECT * FROM customers]
2025-08-09T23:14:55.858-03:00 DEBUG 98192 --- [beauty-salon-backend] [ool-3-thread-10] [                                                 ] o.s.data.cassandra.core.cql.CqlTemplate  : Preparing statement [SELECT * FROM customers WHERE id=? LIMIT 1] using org.springframework.data.cassandra.core.CassandraTemplate$PreparedStatementHandler@50daa059
2025-08-09T23:14:55.859-03:00 DEBUG 98192 --- [beauty-salon-backend] [ool-3-thread-10] [                                                 ] o.s.data.cassandra.core.cql.CqlTemplate  : Executing prepared statement [SELECT * FROM customers WHERE id=? LIMIT 1]
2025-08-09T23:14:55.863-03:00 DEBUG 98192 --- [beauty-salon-backend] [ool-3-thread-19] [                                                 ] o.s.d.c.c.c.MappingCassandraConverter    : doWithProperties Property.type java.util.UUID, Property.value 2a673178-44ce-4c90-84a8-7ad6c789b225
2025-08-09T23:14:55.863-03:00 DEBUG 98192 --- [beauty-salon-backend] [ool-3-thread-19] [                                                 ] o.s.d.c.c.c.MappingCassandraConverter    : Adding map.entry [id] - [2a673178-44ce-4c90-84a8-7ad6c789b225]
2025-08-09T23:14:55.863-03:00 DEBUG 98192 --- [beauty-salon-backend] [ool-3-thread-19] [                                                 ] o.s.d.c.c.c.MappingCassandraConverter    : doWithProperties Property.type java.lang.String, Property.value Pool Test 42
2025-08-09T23:14:55.863-03:00 DEBUG 98192 --- [beauty-salon-backend] [ool-3-thread-19] [                                                 ] o.s.d.c.c.c.MappingCassandraConverter    : Adding map.entry [name] - [Pool Test 42]
2025-08-09T23:14:55.863-03:00 DEBUG 98192 --- [beauty-salon-backend] [ool-3-thread-19] [                                                 ] o.s.d.c.c.c.MappingCassandraConverter    : doWithProperties Property.type java.lang.String, Property.value pooltest42@example.com
2025-08-09T23:14:55.863-03:00 DEBUG 98192 --- [beauty-salon-backend] [ool-3-thread-19] [                                                 ] o.s.d.c.c.c.MappingCassandraConverter    : Adding map.entry [email] - [pooltest42@example.com]
2025-08-09T23:14:55.863-03:00 DEBUG 98192 --- [beauty-salon-backend] [ool-3-thread-19] [                                                 ] o.s.d.c.c.c.MappingCassandraConverter    : doWithProperties Property.type java.lang.String, Property.value 5550000042
2025-08-09T23:14:55.863-03:00 DEBUG 98192 --- [beauty-salon-backend] [ool-3-thread-19] [                                                 ] o.s.d.c.c.c.MappingCassandraConverter    : Adding map.entry [phone] - [5550000042]
2025-08-09T23:14:55.863-03:00 DEBUG 98192 --- [beauty-salon-backend] [ool-3-thread-19] [                                                 ] o.s.d.c.c.c.MappingCassandraConverter    : doWithProperties Property.type java.lang.String, Property.value Pool Address 42
2025-08-09T23:14:55.863-03:00 DEBUG 98192 --- [beauty-salon-backend] [ool-3-thread-19] [                                                 ] o.s.d.c.c.c.MappingCassandraConverter    : Adding map.entry [address] - [Pool Address 42]
2025-08-09T23:14:55.863-03:00 DEBUG 98192 --- [beauty-salon-backend] [ool-3-thread-19] [                                                 ] o.s.d.c.c.c.MappingCassandraConverter    : doWithProperties Property.type java.time.Instant, Property.value 2025-08-10T02:14:55.863050Z
2025-08-09T23:14:55.863-03:00 DEBUG 98192 --- [beauty-salon-backend] [ool-3-thread-19] [                                                 ] o.s.d.c.c.c.MappingCassandraConverter    : Adding map.entry [created_at] - [2025-08-10T02:14:55.863050Z]
2025-08-09T23:14:55.863-03:00 DEBUG 98192 --- [beauty-salon-backend] [ool-3-thread-19] [                                                 ] o.s.d.c.c.c.MappingCassandraConverter    : doWithProperties Property.type java.time.Instant, Property.value 2025-08-10T02:14:55.863050Z
2025-08-09T23:14:55.863-03:00 DEBUG 98192 --- [beauty-salon-backend] [ool-3-thread-19] [                                                 ] o.s.d.c.c.c.MappingCassandraConverter    : Adding map.entry [updated_at] - [2025-08-10T02:14:55.863050Z]
2025-08-09T23:14:55.863-03:00 DEBUG 98192 --- [beauty-salon-backend] [ool-3-thread-19] [                                                 ] o.s.data.cassandra.core.cql.CqlTemplate  : Preparing statement [INSERT INTO customers (id,name,email,phone,address,created_at,updated_at) VALUES (?,?,?,?,?,?,?)] using org.springframework.data.cassandra.core.CassandraTemplate$PreparedStatementHandler@12c6b279
2025-08-09T23:14:55.863-03:00 DEBUG 98192 --- [beauty-salon-backend] [ool-3-thread-19] [                                                 ] o.s.data.cassandra.core.cql.CqlTemplate  : Executing prepared statement [INSERT INTO customers (id,name,email,phone,address,created_at,updated_at) VALUES (?,?,?,?,?,?,?)]
2025-08-09T23:14:55.872-03:00 DEBUG 98192 --- [beauty-salon-backend] [pool-3-thread-5] [                                                 ] o.s.data.cassandra.core.cql.CqlTemplate  : Preparing statement [SELECT * FROM customers WHERE id=? LIMIT 1] using org.springframework.data.cassandra.core.CassandraTemplate$PreparedStatementHandler@3c565efa
2025-08-09T23:14:55.872-03:00 DEBUG 98192 --- [beauty-salon-backend] [pool-3-thread-5] [                                                 ] o.s.data.cassandra.core.cql.CqlTemplate  : Executing prepared statement [SELECT * FROM customers WHERE id=? LIMIT 1]
2025-08-09T23:14:55.872-03:00 DEBUG 98192 --- [beauty-salon-backend] [pool-3-thread-2] [                                                 ] o.s.data.cassandra.core.cql.CqlTemplate  : Preparing statement [SELECT * FROM customers] using org.springframework.data.cassandra.core.CassandraTemplate$PreparedStatementHandler@219b5da7
2025-08-09T23:14:55.872-03:00 DEBUG 98192 --- [beauty-salon-backend] [pool-3-thread-2] [                                                 ] o.s.data.cassandra.core.cql.CqlTemplate  : Executing prepared statement [SELECT * FROM customers]
2025-08-09T23:14:55.873-03:00 DEBUG 98192 --- [beauty-salon-backend] [pool-3-thread-1] [                                                 ] o.s.d.c.c.c.MappingCassandraConverter    : doWithProperties Property.type java.util.UUID, Property.value 25bd353a-df31-46b3-b091-aecf51fcf360
2025-08-09T23:14:55.873-03:00 DEBUG 98192 --- [beauty-salon-backend] [pool-3-thread-1] [                                                 ] o.s.d.c.c.c.MappingCassandraConverter    : Adding map.entry [id] - [25bd353a-df31-46b3-b091-aecf51fcf360]
2025-08-09T23:14:55.873-03:00 DEBUG 98192 --- [beauty-salon-backend] [pool-3-thread-1] [                                                 ] o.s.d.c.c.c.MappingCassandraConverter    : doWithProperties Property.type java.lang.String, Property.value Pool Test 45
2025-08-09T23:14:55.873-03:00 DEBUG 98192 --- [beauty-salon-backend] [pool-3-thread-1] [                                                 ] o.s.d.c.c.c.MappingCassandraConverter    : Adding map.entry [name] - [Pool Test 45]
2025-08-09T23:14:55.873-03:00 DEBUG 98192 --- [beauty-salon-backend] [pool-3-thread-1] [                                                 ] o.s.d.c.c.c.MappingCassandraConverter    : doWithProperties Property.type java.lang.String, Property.value pooltest45@example.com
2025-08-09T23:14:55.873-03:00 DEBUG 98192 --- [beauty-salon-backend] [pool-3-thread-1] [                                                 ] o.s.d.c.c.c.MappingCassandraConverter    : Adding map.entry [email] - [pooltest45@example.com]
2025-08-09T23:14:55.873-03:00 DEBUG 98192 --- [beauty-salon-backend] [pool-3-thread-1] [                                                 ] o.s.d.c.c.c.MappingCassandraConverter    : doWithProperties Property.type java.lang.String, Property.value 5550000045
2025-08-09T23:14:55.873-03:00 DEBUG 98192 --- [beauty-salon-backend] [pool-3-thread-1] [                                                 ] o.s.d.c.c.c.MappingCassandraConverter    : Adding map.entry [phone] - [5550000045]
2025-08-09T23:14:55.873-03:00 DEBUG 98192 --- [beauty-salon-backend] [pool-3-thread-1] [                                                 ] o.s.d.c.c.c.MappingCassandraConverter    : doWithProperties Property.type java.lang.String, Property.value Pool Address 45
2025-08-09T23:14:55.873-03:00 DEBUG 98192 --- [beauty-salon-backend] [pool-3-thread-1] [                                                 ] o.s.d.c.c.c.MappingCassandraConverter    : Adding map.entry [address] - [Pool Address 45]
2025-08-09T23:14:55.873-03:00 DEBUG 98192 --- [beauty-salon-backend] [pool-3-thread-1] [                                                 ] o.s.d.c.c.c.MappingCassandraConverter    : doWithProperties Property.type java.time.Instant, Property.value 2025-08-10T02:14:55.872963Z
2025-08-09T23:14:55.873-03:00 DEBUG 98192 --- [beauty-salon-backend] [pool-3-thread-1] [                                                 ] o.s.d.c.c.c.MappingCassandraConverter    : Adding map.entry [created_at] - [2025-08-10T02:14:55.872963Z]
2025-08-09T23:14:55.873-03:00 DEBUG 98192 --- [beauty-salon-backend] [pool-3-thread-1] [                                                 ] o.s.d.c.c.c.MappingCassandraConverter    : doWithProperties Property.type java.time.Instant, Property.value 2025-08-10T02:14:55.872963Z
2025-08-09T23:14:55.873-03:00 DEBUG 98192 --- [beauty-salon-backend] [pool-3-thread-1] [                                                 ] o.s.d.c.c.c.MappingCassandraConverter    : Adding map.entry [updated_at] - [2025-08-10T02:14:55.872963Z]
2025-08-09T23:14:55.873-03:00 DEBUG 98192 --- [beauty-salon-backend] [ool-3-thread-14] [                                                 ] o.s.data.cassandra.core.cql.CqlTemplate  : Preparing statement [SELECT * FROM customers WHERE id=? LIMIT 1] using org.springframework.data.cassandra.core.CassandraTemplate$PreparedStatementHandler@308d8c2a
2025-08-09T23:14:55.873-03:00 DEBUG 98192 --- [beauty-salon-backend] [ool-3-thread-14] [                                                 ] o.s.data.cassandra.core.cql.CqlTemplate  : Executing prepared statement [SELECT * FROM customers WHERE id=? LIMIT 1]
2025-08-09T23:14:55.874-03:00 DEBUG 98192 --- [beauty-salon-backend] [pool-3-thread-1] [                                                 ] o.s.data.cassandra.core.cql.CqlTemplate  : Preparing statement [INSERT INTO customers (id,name,email,phone,address,created_at,updated_at) VALUES (?,?,?,?,?,?,?)] using org.springframework.data.cassandra.core.CassandraTemplate$PreparedStatementHandler@7e02d63a
2025-08-09T23:14:55.874-03:00 DEBUG 98192 --- [beauty-salon-backend] [pool-3-thread-1] [                                                 ] o.s.data.cassandra.core.cql.CqlTemplate  : Executing prepared statement [INSERT INTO customers (id,name,email,phone,address,created_at,updated_at) VALUES (?,?,?,?,?,?,?)]
2025-08-09T23:14:55.875-03:00 DEBUG 98192 --- [beauty-salon-backend] [ool-3-thread-10] [                                                 ] o.s.data.cassandra.core.cql.CqlTemplate  : Preparing statement [SELECT * FROM customers] using org.springframework.data.cassandra.core.CassandraTemplate$PreparedStatementHandler@6d9ba37
2025-08-09T23:14:55.875-03:00 DEBUG 98192 --- [beauty-salon-backend] [ool-3-thread-10] [                                                 ] o.s.data.cassandra.core.cql.CqlTemplate  : Executing prepared statement [SELECT * FROM customers]
2025-08-09T23:14:55.879-03:00 DEBUG 98192 --- [beauty-salon-backend] [ool-3-thread-19] [                                                 ] o.s.d.c.c.c.MappingCassandraConverter    : doWithProperties Property.type java.util.UUID, Property.value bc6e6130-a663-4ba8-a265-30c09603018f
2025-08-09T23:14:55.879-03:00 DEBUG 98192 --- [beauty-salon-backend] [ool-3-thread-19] [                                                 ] o.s.d.c.c.c.MappingCassandraConverter    : Adding map.entry [id] - [bc6e6130-a663-4ba8-a265-30c09603018f]
2025-08-09T23:14:55.879-03:00 DEBUG 98192 --- [beauty-salon-backend] [ool-3-thread-19] [                                                 ] o.s.d.c.c.c.MappingCassandraConverter    : doWithProperties Property.type java.lang.String, Property.value Pool Test 48
2025-08-09T23:14:55.879-03:00 DEBUG 98192 --- [beauty-salon-backend] [ool-3-thread-19] [                                                 ] o.s.d.c.c.c.MappingCassandraConverter    : Adding map.entry [name] - [Pool Test 48]
2025-08-09T23:14:55.879-03:00 DEBUG 98192 --- [beauty-salon-backend] [ool-3-thread-19] [                                                 ] o.s.d.c.c.c.MappingCassandraConverter    : doWithProperties Property.type java.lang.String, Property.value pooltest48@example.com
2025-08-09T23:14:55.879-03:00 DEBUG 98192 --- [beauty-salon-backend] [ool-3-thread-19] [                                                 ] o.s.d.c.c.c.MappingCassandraConverter    : Adding map.entry [email] - [pooltest48@example.com]
2025-08-09T23:14:55.879-03:00 DEBUG 98192 --- [beauty-salon-backend] [ool-3-thread-19] [                                                 ] o.s.d.c.c.c.MappingCassandraConverter    : doWithProperties Property.type java.lang.String, Property.value 5550000048
2025-08-09T23:14:55.879-03:00 DEBUG 98192 --- [beauty-salon-backend] [ool-3-thread-19] [                                                 ] o.s.d.c.c.c.MappingCassandraConverter    : Adding map.entry [phone] - [5550000048]
2025-08-09T23:14:55.879-03:00 DEBUG 98192 --- [beauty-salon-backend] [ool-3-thread-19] [                                                 ] o.s.d.c.c.c.MappingCassandraConverter    : doWithProperties Property.type java.lang.String, Property.value Pool Address 48
2025-08-09T23:14:55.879-03:00 DEBUG 98192 --- [beauty-salon-backend] [ool-3-thread-19] [                                                 ] o.s.d.c.c.c.MappingCassandraConverter    : Adding map.entry [address] - [Pool Address 48]
2025-08-09T23:14:55.879-03:00 DEBUG 98192 --- [beauty-salon-backend] [ool-3-thread-19] [                                                 ] o.s.d.c.c.c.MappingCassandraConverter    : doWithProperties Property.type java.time.Instant, Property.value 2025-08-10T02:14:55.878921Z
2025-08-09T23:14:55.879-03:00 DEBUG 98192 --- [beauty-salon-backend] [ool-3-thread-19] [                                                 ] o.s.d.c.c.c.MappingCassandraConverter    : Adding map.entry [created_at] - [2025-08-10T02:14:55.878921Z]
2025-08-09T23:14:55.879-03:00 DEBUG 98192 --- [beauty-salon-backend] [ool-3-thread-19] [                                                 ] o.s.d.c.c.c.MappingCassandraConverter    : doWithProperties Property.type java.time.Instant, Property.value 2025-08-10T02:14:55.878921Z
2025-08-09T23:14:55.879-03:00 DEBUG 98192 --- [beauty-salon-backend] [ool-3-thread-19] [                                                 ] o.s.d.c.c.c.MappingCassandraConverter    : Adding map.entry [updated_at] - [2025-08-10T02:14:55.878921Z]
2025-08-09T23:14:55.879-03:00 DEBUG 98192 --- [beauty-salon-backend] [ool-3-thread-19] [                                                 ] o.s.data.cassandra.core.cql.CqlTemplate  : Preparing statement [INSERT INTO customers (id,name,email,phone,address,created_at,updated_at) VALUES (?,?,?,?,?,?,?)] using org.springframework.data.cassandra.core.CassandraTemplate$PreparedStatementHandler@4300ae55
2025-08-09T23:14:55.879-03:00 DEBUG 98192 --- [beauty-salon-backend] [ool-3-thread-19] [                                                 ] o.s.data.cassandra.core.cql.CqlTemplate  : Executing prepared statement [INSERT INTO customers (id,name,email,phone,address,created_at,updated_at) VALUES (?,?,?,?,?,?,?)]
2025-08-09T23:14:55.882-03:00 DEBUG 98192 --- [beauty-salon-backend] [pool-3-thread-1] [                                                 ] o.s.data.cassandra.core.cql.CqlTemplate  : Preparing statement [SELECT * FROM customers WHERE id=? LIMIT 1] using org.springframework.data.cassandra.core.CassandraTemplate$PreparedStatementHandler@213af11
2025-08-09T23:14:55.882-03:00 DEBUG 98192 --- [beauty-salon-backend] [pool-3-thread-1] [                                                 ] o.s.data.cassandra.core.cql.CqlTemplate  : Executing prepared statement [SELECT * FROM customers WHERE id=? LIMIT 1]
2025-08-09T23:14:55.883-03:00 DEBUG 98192 --- [beauty-salon-backend] [ool-3-thread-14] [                                                 ] o.s.d.c.c.c.MappingCassandraConverter    : doWithProperties Property.type java.util.UUID, Property.value f543f655-41c5-4cfe-b4ce-7062bbb9d78a
2025-08-09T23:14:55.883-03:00 DEBUG 98192 --- [beauty-salon-backend] [ool-3-thread-14] [                                                 ] o.s.d.c.c.c.MappingCassandraConverter    : Adding map.entry [id] - [f543f655-41c5-4cfe-b4ce-7062bbb9d78a]
2025-08-09T23:14:55.883-03:00 DEBUG 98192 --- [beauty-salon-backend] [ool-3-thread-14] [                                                 ] o.s.d.c.c.c.MappingCassandraConverter    : doWithProperties Property.type java.lang.String, Property.value Pool Test 51
2025-08-09T23:14:55.883-03:00 DEBUG 98192 --- [beauty-salon-backend] [ool-3-thread-14] [                                                 ] o.s.d.c.c.c.MappingCassandraConverter    : Adding map.entry [name] - [Pool Test 51]
2025-08-09T23:14:55.883-03:00 DEBUG 98192 --- [beauty-salon-backend] [ool-3-thread-14] [                                                 ] o.s.d.c.c.c.MappingCassandraConverter    : doWithProperties Property.type java.lang.String, Property.value pooltest51@example.com
2025-08-09T23:14:55.883-03:00 DEBUG 98192 --- [beauty-salon-backend] [ool-3-thread-14] [                                                 ] o.s.d.c.c.c.MappingCassandraConverter    : Adding map.entry [email] - [pooltest51@example.com]
2025-08-09T23:14:55.883-03:00 DEBUG 98192 --- [beauty-salon-backend] [ool-3-thread-14] [                                                 ] o.s.d.c.c.c.MappingCassandraConverter    : doWithProperties Property.type java.lang.String, Property.value 5550000051
2025-08-09T23:14:55.883-03:00 DEBUG 98192 --- [beauty-salon-backend] [ool-3-thread-14] [                                                 ] o.s.d.c.c.c.MappingCassandraConverter    : Adding map.entry [phone] - [5550000051]
2025-08-09T23:14:55.883-03:00 DEBUG 98192 --- [beauty-salon-backend] [ool-3-thread-14] [                                                 ] o.s.d.c.c.c.MappingCassandraConverter    : doWithProperties Property.type java.lang.String, Property.value Pool Address 51
2025-08-09T23:14:55.883-03:00 DEBUG 98192 --- [beauty-salon-backend] [ool-3-thread-14] [                                                 ] o.s.d.c.c.c.MappingCassandraConverter    : Adding map.entry [address] - [Pool Address 51]
2025-08-09T23:14:55.883-03:00 DEBUG 98192 --- [beauty-salon-backend] [ool-3-thread-14] [                                                 ] o.s.d.c.c.c.MappingCassandraConverter    : doWithProperties Property.type java.time.Instant, Property.value 2025-08-10T02:14:55.883756Z
2025-08-09T23:14:55.883-03:00 DEBUG 98192 --- [beauty-salon-backend] [ool-3-thread-14] [                                                 ] o.s.d.c.c.c.MappingCassandraConverter    : Adding map.entry [created_at] - [2025-08-10T02:14:55.883756Z]
2025-08-09T23:14:55.883-03:00 DEBUG 98192 --- [beauty-salon-backend] [ool-3-thread-14] [                                                 ] o.s.d.c.c.c.MappingCassandraConverter    : doWithProperties Property.type java.time.Instant, Property.value 2025-08-10T02:14:55.883756Z
2025-08-09T23:14:55.884-03:00 DEBUG 98192 --- [beauty-salon-backend] [ool-3-thread-14] [                                                 ] o.s.d.c.c.c.MappingCassandraConverter    : Adding map.entry [updated_at] - [2025-08-10T02:14:55.883756Z]
2025-08-09T23:14:55.884-03:00 DEBUG 98192 --- [beauty-salon-backend] [ool-3-thread-14] [                                                 ] o.s.data.cassandra.core.cql.CqlTemplate  : Preparing statement [INSERT INTO customers (id,name,email,phone,address,created_at,updated_at) VALUES (?,?,?,?,?,?,?)] using org.springframework.data.cassandra.core.CassandraTemplate$PreparedStatementHandler@24cb3d25
2025-08-09T23:14:55.884-03:00 DEBUG 98192 --- [beauty-salon-backend] [ool-3-thread-14] [                                                 ] o.s.data.cassandra.core.cql.CqlTemplate  : Executing prepared statement [INSERT INTO customers (id,name,email,phone,address,created_at,updated_at) VALUES (?,?,?,?,?,?,?)]
2025-08-09T23:14:55.888-03:00 DEBUG 98192 --- [beauty-salon-backend] [ool-3-thread-19] [                                                 ] o.s.data.cassandra.core.cql.CqlTemplate  : Preparing statement [SELECT * FROM customers WHERE id=? LIMIT 1] using org.springframework.data.cassandra.core.CassandraTemplate$PreparedStatementHandler@6fb6d96c
2025-08-09T23:14:55.888-03:00 DEBUG 98192 --- [beauty-salon-backend] [ool-3-thread-19] [                                                 ] o.s.data.cassandra.core.cql.CqlTemplate  : Executing prepared statement [SELECT * FROM customers WHERE id=? LIMIT 1]
2025-08-09T23:14:55.896-03:00 DEBUG 98192 --- [beauty-salon-backend] [ool-3-thread-14] [                                                 ] o.s.d.c.c.c.MappingCassandraConverter    : doWithProperties Property.type java.util.UUID, Property.value a982878e-e35e-4c8e-accd-544ee590fc76
2025-08-09T23:14:55.896-03:00 DEBUG 98192 --- [beauty-salon-backend] [ool-3-thread-14] [                                                 ] o.s.d.c.c.c.MappingCassandraConverter    : Adding map.entry [id] - [a982878e-e35e-4c8e-accd-544ee590fc76]
2025-08-09T23:14:55.896-03:00 DEBUG 98192 --- [beauty-salon-backend] [ool-3-thread-14] [                                                 ] o.s.d.c.c.c.MappingCassandraConverter    : doWithProperties Property.type java.lang.String, Property.value Pool Test 54
2025-08-09T23:14:55.896-03:00 DEBUG 98192 --- [beauty-salon-backend] [ool-3-thread-14] [                                                 ] o.s.d.c.c.c.MappingCassandraConverter    : Adding map.entry [name] - [Pool Test 54]
2025-08-09T23:14:55.896-03:00 DEBUG 98192 --- [beauty-salon-backend] [ool-3-thread-14] [                                                 ] o.s.d.c.c.c.MappingCassandraConverter    : doWithProperties Property.type java.lang.String, Property.value pooltest54@example.com
2025-08-09T23:14:55.896-03:00 DEBUG 98192 --- [beauty-salon-backend] [ool-3-thread-14] [                                                 ] o.s.d.c.c.c.MappingCassandraConverter    : Adding map.entry [email] - [pooltest54@example.com]
2025-08-09T23:14:55.896-03:00 DEBUG 98192 --- [beauty-salon-backend] [ool-3-thread-14] [                                                 ] o.s.d.c.c.c.MappingCassandraConverter    : doWithProperties Property.type java.lang.String, Property.value 5550000054
2025-08-09T23:14:55.896-03:00 DEBUG 98192 --- [beauty-salon-backend] [ool-3-thread-14] [                                                 ] o.s.d.c.c.c.MappingCassandraConverter    : Adding map.entry [phone] - [5550000054]
2025-08-09T23:14:55.896-03:00 DEBUG 98192 --- [beauty-salon-backend] [ool-3-thread-14] [                                                 ] o.s.d.c.c.c.MappingCassandraConverter    : doWithProperties Property.type java.lang.String, Property.value Pool Address 54
2025-08-09T23:14:55.896-03:00 DEBUG 98192 --- [beauty-salon-backend] [ool-3-thread-14] [                                                 ] o.s.d.c.c.c.MappingCassandraConverter    : Adding map.entry [address] - [Pool Address 54]
2025-08-09T23:14:55.896-03:00 DEBUG 98192 --- [beauty-salon-backend] [ool-3-thread-14] [                                                 ] o.s.d.c.c.c.MappingCassandraConverter    : doWithProperties Property.type java.time.Instant, Property.value 2025-08-10T02:14:55.896146Z
2025-08-09T23:14:55.896-03:00 DEBUG 98192 --- [beauty-salon-backend] [ool-3-thread-14] [                                                 ] o.s.d.c.c.c.MappingCassandraConverter    : Adding map.entry [created_at] - [2025-08-10T02:14:55.896146Z]
2025-08-09T23:14:55.896-03:00 DEBUG 98192 --- [beauty-salon-backend] [ool-3-thread-14] [                                                 ] o.s.d.c.c.c.MappingCassandraConverter    : doWithProperties Property.type java.time.Instant, Property.value 2025-08-10T02:14:55.896146Z
2025-08-09T23:14:55.896-03:00 DEBUG 98192 --- [beauty-salon-backend] [ool-3-thread-14] [                                                 ] o.s.d.c.c.c.MappingCassandraConverter    : Adding map.entry [updated_at] - [2025-08-10T02:14:55.896146Z]
2025-08-09T23:14:55.896-03:00 DEBUG 98192 --- [beauty-salon-backend] [ool-3-thread-14] [                                                 ] o.s.data.cassandra.core.cql.CqlTemplate  : Preparing statement [INSERT INTO customers (id,name,email,phone,address,created_at,updated_at) VALUES (?,?,?,?,?,?,?)] using org.springframework.data.cassandra.core.CassandraTemplate$PreparedStatementHandler@34c3d01e
2025-08-09T23:14:55.896-03:00 DEBUG 98192 --- [beauty-salon-backend] [ool-3-thread-14] [                                                 ] o.s.data.cassandra.core.cql.CqlTemplate  : Executing prepared statement [INSERT INTO customers (id,name,email,phone,address,created_at,updated_at) VALUES (?,?,?,?,?,?,?)]
2025-08-09T23:14:55.902-03:00 DEBUG 98192 --- [beauty-salon-backend] [pool-3-thread-5] [                                                 ] o.s.data.cassandra.core.cql.CqlTemplate  : Preparing statement [SELECT * FROM customers WHERE id=? LIMIT 1] using org.springframework.data.cassandra.core.CassandraTemplate$PreparedStatementHandler@71b282df
2025-08-09T23:14:55.902-03:00 DEBUG 98192 --- [beauty-salon-backend] [pool-3-thread-5] [                                                 ] o.s.data.cassandra.core.cql.CqlTemplate  : Executing prepared statement [SELECT * FROM customers WHERE id=? LIMIT 1]
2025-08-09T23:14:55.911-03:00 DEBUG 98192 --- [beauty-salon-backend] [ool-3-thread-14] [                                                 ] o.s.d.c.c.c.MappingCassandraConverter    : doWithProperties Property.type java.util.UUID, Property.value 22683d69-5f6c-43a0-a40e-3238c8f92bea
2025-08-09T23:14:55.911-03:00 DEBUG 98192 --- [beauty-salon-backend] [ool-3-thread-14] [                                                 ] o.s.d.c.c.c.MappingCassandraConverter    : Adding map.entry [id] - [22683d69-5f6c-43a0-a40e-3238c8f92bea]
2025-08-09T23:14:55.911-03:00 DEBUG 98192 --- [beauty-salon-backend] [ool-3-thread-14] [                                                 ] o.s.d.c.c.c.MappingCassandraConverter    : doWithProperties Property.type java.lang.String, Property.value Pool Test 57
2025-08-09T23:14:55.911-03:00 DEBUG 98192 --- [beauty-salon-backend] [ool-3-thread-14] [                                                 ] o.s.d.c.c.c.MappingCassandraConverter    : Adding map.entry [name] - [Pool Test 57]
2025-08-09T23:14:55.911-03:00 DEBUG 98192 --- [beauty-salon-backend] [ool-3-thread-14] [                                                 ] o.s.d.c.c.c.MappingCassandraConverter    : doWithProperties Property.type java.lang.String, Property.value pooltest57@example.com
2025-08-09T23:14:55.911-03:00 DEBUG 98192 --- [beauty-salon-backend] [ool-3-thread-14] [                                                 ] o.s.d.c.c.c.MappingCassandraConverter    : Adding map.entry [email] - [pooltest57@example.com]
2025-08-09T23:14:55.911-03:00 DEBUG 98192 --- [beauty-salon-backend] [ool-3-thread-14] [                                                 ] o.s.d.c.c.c.MappingCassandraConverter    : doWithProperties Property.type java.lang.String, Property.value 5550000057
2025-08-09T23:14:55.911-03:00 DEBUG 98192 --- [beauty-salon-backend] [ool-3-thread-14] [                                                 ] o.s.d.c.c.c.MappingCassandraConverter    : Adding map.entry [phone] - [5550000057]
2025-08-09T23:14:55.911-03:00 DEBUG 98192 --- [beauty-salon-backend] [ool-3-thread-14] [                                                 ] o.s.d.c.c.c.MappingCassandraConverter    : doWithProperties Property.type java.lang.String, Property.value Pool Address 57
2025-08-09T23:14:55.911-03:00 DEBUG 98192 --- [beauty-salon-backend] [ool-3-thread-14] [                                                 ] o.s.d.c.c.c.MappingCassandraConverter    : Adding map.entry [address] - [Pool Address 57]
2025-08-09T23:14:55.911-03:00 DEBUG 98192 --- [beauty-salon-backend] [ool-3-thread-14] [                                                 ] o.s.d.c.c.c.MappingCassandraConverter    : doWithProperties Property.type java.time.Instant, Property.value 2025-08-10T02:14:55.911240Z
2025-08-09T23:14:55.911-03:00 DEBUG 98192 --- [beauty-salon-backend] [ool-3-thread-14] [                                                 ] o.s.d.c.c.c.MappingCassandraConverter    : Adding map.entry [created_at] - [2025-08-10T02:14:55.911240Z]
2025-08-09T23:14:55.911-03:00 DEBUG 98192 --- [beauty-salon-backend] [ool-3-thread-14] [                                                 ] o.s.d.c.c.c.MappingCassandraConverter    : doWithProperties Property.type java.time.Instant, Property.value 2025-08-10T02:14:55.911240Z
2025-08-09T23:14:55.911-03:00 DEBUG 98192 --- [beauty-salon-backend] [ool-3-thread-14] [                                                 ] o.s.d.c.c.c.MappingCassandraConverter    : Adding map.entry [updated_at] - [2025-08-10T02:14:55.911240Z]
2025-08-09T23:14:55.911-03:00 DEBUG 98192 --- [beauty-salon-backend] [ool-3-thread-14] [                                                 ] o.s.data.cassandra.core.cql.CqlTemplate  : Preparing statement [INSERT INTO customers (id,name,email,phone,address,created_at,updated_at) VALUES (?,?,?,?,?,?,?)] using org.springframework.data.cassandra.core.CassandraTemplate$PreparedStatementHandler@6e2d1b7e
2025-08-09T23:14:55.911-03:00 DEBUG 98192 --- [beauty-salon-backend] [ool-3-thread-14] [                                                 ] o.s.data.cassandra.core.cql.CqlTemplate  : Executing prepared statement [INSERT INTO customers (id,name,email,phone,address,created_at,updated_at) VALUES (?,?,?,?,?,?,?)]
2025-08-09T23:14:55.912-03:00 DEBUG 98192 --- [beauty-salon-backend] [pool-3-thread-5] [                                                 ] o.s.data.cassandra.core.cql.CqlTemplate  : Preparing statement [SELECT * FROM customers WHERE id=? LIMIT 1] using org.springframework.data.cassandra.core.CassandraTemplate$PreparedStatementHandler@291fca7a
2025-08-09T23:14:55.912-03:00 DEBUG 98192 --- [beauty-salon-backend] [pool-3-thread-5] [                                                 ] o.s.data.cassandra.core.cql.CqlTemplate  : Executing prepared statement [SELECT * FROM customers WHERE id=? LIMIT 1]
2025-08-09T23:14:55.917-03:00 DEBUG 98192 --- [beauty-salon-backend] [ool-3-thread-14] [                                                 ] o.s.d.c.c.c.MappingCassandraConverter    : doWithProperties Property.type java.util.UUID, Property.value 1c7783c2-3617-45bd-82e4-144fd8683510
2025-08-09T23:14:55.917-03:00 DEBUG 98192 --- [beauty-salon-backend] [ool-3-thread-14] [                                                 ] o.s.d.c.c.c.MappingCassandraConverter    : Adding map.entry [id] - [1c7783c2-3617-45bd-82e4-144fd8683510]
2025-08-09T23:14:55.917-03:00 DEBUG 98192 --- [beauty-salon-backend] [ool-3-thread-14] [                                                 ] o.s.d.c.c.c.MappingCassandraConverter    : doWithProperties Property.type java.lang.String, Property.value Pool Test 60
2025-08-09T23:14:55.917-03:00 DEBUG 98192 --- [beauty-salon-backend] [ool-3-thread-14] [                                                 ] o.s.d.c.c.c.MappingCassandraConverter    : Adding map.entry [name] - [Pool Test 60]
2025-08-09T23:14:55.917-03:00 DEBUG 98192 --- [beauty-salon-backend] [ool-3-thread-14] [                                                 ] o.s.d.c.c.c.MappingCassandraConverter    : doWithProperties Property.type java.lang.String, Property.value pooltest60@example.com
2025-08-09T23:14:55.917-03:00 DEBUG 98192 --- [beauty-salon-backend] [ool-3-thread-14] [                                                 ] o.s.d.c.c.c.MappingCassandraConverter    : Adding map.entry [email] - [pooltest60@example.com]
2025-08-09T23:14:55.917-03:00 DEBUG 98192 --- [beauty-salon-backend] [ool-3-thread-14] [                                                 ] o.s.d.c.c.c.MappingCassandraConverter    : doWithProperties Property.type java.lang.String, Property.value 5550000060
2025-08-09T23:14:55.917-03:00 DEBUG 98192 --- [beauty-salon-backend] [ool-3-thread-14] [                                                 ] o.s.d.c.c.c.MappingCassandraConverter    : Adding map.entry [phone] - [5550000060]
2025-08-09T23:14:55.917-03:00 DEBUG 98192 --- [beauty-salon-backend] [ool-3-thread-14] [                                                 ] o.s.d.c.c.c.MappingCassandraConverter    : doWithProperties Property.type java.lang.String, Property.value Pool Address 60
2025-08-09T23:14:55.917-03:00 DEBUG 98192 --- [beauty-salon-backend] [ool-3-thread-14] [                                                 ] o.s.d.c.c.c.MappingCassandraConverter    : Adding map.entry [address] - [Pool Address 60]
2025-08-09T23:14:55.917-03:00 DEBUG 98192 --- [beauty-salon-backend] [ool-3-thread-14] [                                                 ] o.s.d.c.c.c.MappingCassandraConverter    : doWithProperties Property.type java.time.Instant, Property.value 2025-08-10T02:14:55.917452Z
2025-08-09T23:14:55.917-03:00 DEBUG 98192 --- [beauty-salon-backend] [ool-3-thread-14] [                                                 ] o.s.d.c.c.c.MappingCassandraConverter    : Adding map.entry [created_at] - [2025-08-10T02:14:55.917452Z]
2025-08-09T23:14:55.917-03:00 DEBUG 98192 --- [beauty-salon-backend] [ool-3-thread-14] [                                                 ] o.s.d.c.c.c.MappingCassandraConverter    : doWithProperties Property.type java.time.Instant, Property.value 2025-08-10T02:14:55.917452Z
2025-08-09T23:14:55.917-03:00 DEBUG 98192 --- [beauty-salon-backend] [ool-3-thread-14] [                                                 ] o.s.d.c.c.c.MappingCassandraConverter    : Adding map.entry [updated_at] - [2025-08-10T02:14:55.917452Z]
2025-08-09T23:14:55.917-03:00 DEBUG 98192 --- [beauty-salon-backend] [ool-3-thread-14] [                                                 ] o.s.data.cassandra.core.cql.CqlTemplate  : Preparing statement [INSERT INTO customers (id,name,email,phone,address,created_at,updated_at) VALUES (?,?,?,?,?,?,?)] using org.springframework.data.cassandra.core.CassandraTemplate$PreparedStatementHandler@332f2796
2025-08-09T23:14:55.917-03:00 DEBUG 98192 --- [beauty-salon-backend] [pool-3-thread-5] [                                                 ] o.s.data.cassandra.core.cql.CqlTemplate  : Preparing statement [SELECT * FROM customers WHERE id=? LIMIT 1] using org.springframework.data.cassandra.core.CassandraTemplate$PreparedStatementHandler@195258f0
2025-08-09T23:14:55.917-03:00 DEBUG 98192 --- [beauty-salon-backend] [ool-3-thread-14] [                                                 ] o.s.data.cassandra.core.cql.CqlTemplate  : Executing prepared statement [INSERT INTO customers (id,name,email,phone,address,created_at,updated_at) VALUES (?,?,?,?,?,?,?)]
2025-08-09T23:14:55.917-03:00 DEBUG 98192 --- [beauty-salon-backend] [pool-3-thread-5] [                                                 ] o.s.data.cassandra.core.cql.CqlTemplate  : Executing prepared statement [SELECT * FROM customers WHERE id=? LIMIT 1]
2025-08-09T23:14:55.923-03:00 DEBUG 98192 --- [beauty-salon-backend] [ool-3-thread-14] [                                                 ] o.s.data.cassandra.core.cql.CqlTemplate  : Preparing statement [SELECT * FROM customers] using org.springframework.data.cassandra.core.CassandraTemplate$PreparedStatementHandler@37de87cd
2025-08-09T23:14:55.924-03:00 DEBUG 98192 --- [beauty-salon-backend] [ool-3-thread-14] [                                                 ] o.s.data.cassandra.core.cql.CqlTemplate  : Executing prepared statement [SELECT * FROM customers]
2025-08-09T23:14:55.924-03:00 DEBUG 98192 --- [beauty-salon-backend] [pool-3-thread-5] [                                                 ] o.s.d.c.c.c.MappingCassandraConverter    : doWithProperties Property.type java.util.UUID, Property.value c00e470a-fb32-4a67-81d8-cbc011c4d4da
2025-08-09T23:14:55.924-03:00 DEBUG 98192 --- [beauty-salon-backend] [pool-3-thread-5] [                                                 ] o.s.d.c.c.c.MappingCassandraConverter    : Adding map.entry [id] - [c00e470a-fb32-4a67-81d8-cbc011c4d4da]
2025-08-09T23:14:55.924-03:00 DEBUG 98192 --- [beauty-salon-backend] [ool-3-thread-13] [                                                 ] o.s.data.cassandra.core.cql.CqlTemplate  : Preparing statement [SELECT * FROM customers WHERE id=? LIMIT 1] using org.springframework.data.cassandra.core.CassandraTemplate$PreparedStatementHandler@1e7c0854
2025-08-09T23:14:55.924-03:00 DEBUG 98192 --- [beauty-salon-backend] [pool-3-thread-5] [                                                 ] o.s.d.c.c.c.MappingCassandraConverter    : doWithProperties Property.type java.lang.String, Property.value Pool Test 63
2025-08-09T23:14:55.924-03:00 DEBUG 98192 --- [beauty-salon-backend] [ool-3-thread-13] [                                                 ] o.s.data.cassandra.core.cql.CqlTemplate  : Executing prepared statement [SELECT * FROM customers WHERE id=? LIMIT 1]
2025-08-09T23:14:55.924-03:00 DEBUG 98192 --- [beauty-salon-backend] [pool-3-thread-5] [                                                 ] o.s.d.c.c.c.MappingCassandraConverter    : Adding map.entry [name] - [Pool Test 63]
2025-08-09T23:14:55.924-03:00 DEBUG 98192 --- [beauty-salon-backend] [pool-3-thread-5] [                                                 ] o.s.d.c.c.c.MappingCassandraConverter    : doWithProperties Property.type java.lang.String, Property.value pooltest63@example.com
2025-08-09T23:14:55.924-03:00 DEBUG 98192 --- [beauty-salon-backend] [pool-3-thread-5] [                                                 ] o.s.d.c.c.c.MappingCassandraConverter    : Adding map.entry [email] - [pooltest63@example.com]
2025-08-09T23:14:55.924-03:00 DEBUG 98192 --- [beauty-salon-backend] [pool-3-thread-5] [                                                 ] o.s.d.c.c.c.MappingCassandraConverter    : doWithProperties Property.type java.lang.String, Property.value 5550000063
2025-08-09T23:14:55.924-03:00 DEBUG 98192 --- [beauty-salon-backend] [pool-3-thread-5] [                                                 ] o.s.d.c.c.c.MappingCassandraConverter    : Adding map.entry [phone] - [5550000063]
2025-08-09T23:14:55.924-03:00 DEBUG 98192 --- [beauty-salon-backend] [pool-3-thread-5] [                                                 ] o.s.d.c.c.c.MappingCassandraConverter    : doWithProperties Property.type java.lang.String, Property.value Pool Address 63
2025-08-09T23:14:55.924-03:00 DEBUG 98192 --- [beauty-salon-backend] [pool-3-thread-5] [                                                 ] o.s.d.c.c.c.MappingCassandraConverter    : Adding map.entry [address] - [Pool Address 63]
2025-08-09T23:14:55.924-03:00 DEBUG 98192 --- [beauty-salon-backend] [pool-3-thread-5] [                                                 ] o.s.d.c.c.c.MappingCassandraConverter    : doWithProperties Property.type java.time.Instant, Property.value 2025-08-10T02:14:55.924202Z
2025-08-09T23:14:55.924-03:00 DEBUG 98192 --- [beauty-salon-backend] [pool-3-thread-5] [                                                 ] o.s.d.c.c.c.MappingCassandraConverter    : Adding map.entry [created_at] - [2025-08-10T02:14:55.924202Z]
2025-08-09T23:14:55.924-03:00 DEBUG 98192 --- [beauty-salon-backend] [pool-3-thread-5] [                                                 ] o.s.d.c.c.c.MappingCassandraConverter    : doWithProperties Property.type java.time.Instant, Property.value 2025-08-10T02:14:55.924202Z
2025-08-09T23:14:55.924-03:00 DEBUG 98192 --- [beauty-salon-backend] [pool-3-thread-5] [                                                 ] o.s.d.c.c.c.MappingCassandraConverter    : Adding map.entry [updated_at] - [2025-08-10T02:14:55.924202Z]
2025-08-09T23:14:55.924-03:00 DEBUG 98192 --- [beauty-salon-backend] [pool-3-thread-5] [                                                 ] o.s.data.cassandra.core.cql.CqlTemplate  : Preparing statement [INSERT INTO customers (id,name,email,phone,address,created_at,updated_at) VALUES (?,?,?,?,?,?,?)] using org.springframework.data.cassandra.core.CassandraTemplate$PreparedStatementHandler@2c05eb2d
2025-08-09T23:14:55.924-03:00 DEBUG 98192 --- [beauty-salon-backend] [pool-3-thread-5] [                                                 ] o.s.data.cassandra.core.cql.CqlTemplate  : Executing prepared statement [INSERT INTO customers (id,name,email,phone,address,created_at,updated_at) VALUES (?,?,?,?,?,?,?)]
2025-08-09T23:14:55.926-03:00 DEBUG 98192 --- [beauty-salon-backend] [pool-3-thread-2] [                                                 ] o.s.data.cassandra.core.cql.CqlTemplate  : Preparing statement [SELECT * FROM customers] using org.springframework.data.cassandra.core.CassandraTemplate$PreparedStatementHandler@b7b7e0b
2025-08-09T23:14:55.926-03:00 DEBUG 98192 --- [beauty-salon-backend] [pool-3-thread-2] [                                                 ] o.s.data.cassandra.core.cql.CqlTemplate  : Executing prepared statement [SELECT * FROM customers]
2025-08-09T23:14:55.929-03:00 DEBUG 98192 --- [beauty-salon-backend] [ool-3-thread-15] [                                                 ] o.s.data.cassandra.core.cql.CqlTemplate  : Preparing statement [SELECT * FROM customers WHERE id=? LIMIT 1] using org.springframework.data.cassandra.core.CassandraTemplate$PreparedStatementHandler@631e09f5
2025-08-09T23:14:55.929-03:00 DEBUG 98192 --- [beauty-salon-backend] [ool-3-thread-15] [                                                 ] o.s.data.cassandra.core.cql.CqlTemplate  : Executing prepared statement [SELECT * FROM customers WHERE id=? LIMIT 1]
2025-08-09T23:14:55.929-03:00 DEBUG 98192 --- [beauty-salon-backend] [pool-3-thread-9] [                                                 ] o.s.data.cassandra.core.cql.CqlTemplate  : Preparing statement [SELECT * FROM customers] using org.springframework.data.cassandra.core.CassandraTemplate$PreparedStatementHandler@65420e14
2025-08-09T23:14:55.929-03:00 DEBUG 98192 --- [beauty-salon-backend] [pool-3-thread-9] [                                                 ] o.s.data.cassandra.core.cql.CqlTemplate  : Executing prepared statement [SELECT * FROM customers]
2025-08-09T23:14:55.930-03:00 DEBUG 98192 --- [beauty-salon-backend] [ool-3-thread-17] [                                                 ] o.s.d.c.c.c.MappingCassandraConverter    : doWithProperties Property.type java.util.UUID, Property.value 0ea6379b-0e3b-4e7e-90a2-5141c5a7abe8
2025-08-09T23:14:55.930-03:00 DEBUG 98192 --- [beauty-salon-backend] [ool-3-thread-17] [                                                 ] o.s.d.c.c.c.MappingCassandraConverter    : Adding map.entry [id] - [0ea6379b-0e3b-4e7e-90a2-5141c5a7abe8]
2025-08-09T23:14:55.930-03:00 DEBUG 98192 --- [beauty-salon-backend] [ool-3-thread-17] [                                                 ] o.s.d.c.c.c.MappingCassandraConverter    : doWithProperties Property.type java.lang.String, Property.value Pool Test 69
2025-08-09T23:14:55.930-03:00 DEBUG 98192 --- [beauty-salon-backend] [ool-3-thread-17] [                                                 ] o.s.d.c.c.c.MappingCassandraConverter    : Adding map.entry [name] - [Pool Test 69]
2025-08-09T23:14:55.930-03:00 DEBUG 98192 --- [beauty-salon-backend] [ool-3-thread-17] [                                                 ] o.s.d.c.c.c.MappingCassandraConverter    : doWithProperties Property.type java.lang.String, Property.value pooltest69@example.com
2025-08-09T23:14:55.930-03:00 DEBUG 98192 --- [beauty-salon-backend] [ool-3-thread-17] [                                                 ] o.s.d.c.c.c.MappingCassandraConverter    : Adding map.entry [email] - [pooltest69@example.com]
2025-08-09T23:14:55.930-03:00 DEBUG 98192 --- [beauty-salon-backend] [ool-3-thread-17] [                                                 ] o.s.d.c.c.c.MappingCassandraConverter    : doWithProperties Property.type java.lang.String, Property.value 5550000069
2025-08-09T23:14:55.930-03:00 DEBUG 98192 --- [beauty-salon-backend] [ool-3-thread-17] [                                                 ] o.s.d.c.c.c.MappingCassandraConverter    : Adding map.entry [phone] - [5550000069]
2025-08-09T23:14:55.930-03:00 DEBUG 98192 --- [beauty-salon-backend] [ool-3-thread-17] [                                                 ] o.s.d.c.c.c.MappingCassandraConverter    : doWithProperties Property.type java.lang.String, Property.value Pool Address 69
2025-08-09T23:14:55.930-03:00 DEBUG 98192 --- [beauty-salon-backend] [ool-3-thread-17] [                                                 ] o.s.d.c.c.c.MappingCassandraConverter    : Adding map.entry [address] - [Pool Address 69]
2025-08-09T23:14:55.930-03:00 DEBUG 98192 --- [beauty-salon-backend] [ool-3-thread-17] [                                                 ] o.s.d.c.c.c.MappingCassandraConverter    : doWithProperties Property.type java.time.Instant, Property.value 2025-08-10T02:14:55.930331Z
2025-08-09T23:14:55.930-03:00 DEBUG 98192 --- [beauty-salon-backend] [ool-3-thread-17] [                                                 ] o.s.d.c.c.c.MappingCassandraConverter    : Adding map.entry [created_at] - [2025-08-10T02:14:55.930331Z]
2025-08-09T23:14:55.930-03:00 DEBUG 98192 --- [beauty-salon-backend] [ool-3-thread-17] [                                                 ] o.s.d.c.c.c.MappingCassandraConverter    : doWithProperties Property.type java.time.Instant, Property.value 2025-08-10T02:14:55.930331Z
2025-08-09T23:14:55.930-03:00 DEBUG 98192 --- [beauty-salon-backend] [ool-3-thread-17] [                                                 ] o.s.d.c.c.c.MappingCassandraConverter    : Adding map.entry [updated_at] - [2025-08-10T02:14:55.930331Z]
2025-08-09T23:14:55.930-03:00 DEBUG 98192 --- [beauty-salon-backend] [ool-3-thread-17] [                                                 ] o.s.data.cassandra.core.cql.CqlTemplate  : Preparing statement [INSERT INTO customers (id,name,email,phone,address,created_at,updated_at) VALUES (?,?,?,?,?,?,?)] using org.springframework.data.cassandra.core.CassandraTemplate$PreparedStatementHandler@46c17bf2
2025-08-09T23:14:55.930-03:00 DEBUG 98192 --- [beauty-salon-backend] [ool-3-thread-17] [                                                 ] o.s.data.cassandra.core.cql.CqlTemplate  : Executing prepared statement [INSERT INTO customers (id,name,email,phone,address,created_at,updated_at) VALUES (?,?,?,?,?,?,?)]
2025-08-09T23:14:55.930-03:00 DEBUG 98192 --- [beauty-salon-backend] [pool-3-thread-5] [                                                 ] o.s.d.c.c.c.MappingCassandraConverter    : doWithProperties Property.type java.util.UUID, Property.value 1167ee12-266c-4371-bae0-45048494a278
2025-08-09T23:14:55.930-03:00 DEBUG 98192 --- [beauty-salon-backend] [pool-3-thread-5] [                                                 ] o.s.d.c.c.c.MappingCassandraConverter    : Adding map.entry [id] - [1167ee12-266c-4371-bae0-45048494a278]
2025-08-09T23:14:55.930-03:00 DEBUG 98192 --- [beauty-salon-backend] [pool-3-thread-5] [                                                 ] o.s.d.c.c.c.MappingCassandraConverter    : doWithProperties Property.type java.lang.String, Property.value Pool Test 66
2025-08-09T23:14:55.930-03:00 DEBUG 98192 --- [beauty-salon-backend] [pool-3-thread-1] [                                                 ] o.s.data.cassandra.core.cql.CqlTemplate  : Preparing statement [SELECT * FROM customers] using org.springframework.data.cassandra.core.CassandraTemplate$PreparedStatementHandler@7a4c4c81
2025-08-09T23:14:55.930-03:00 DEBUG 98192 --- [beauty-salon-backend] [pool-3-thread-5] [                                                 ] o.s.d.c.c.c.MappingCassandraConverter    : Adding map.entry [name] - [Pool Test 66]
2025-08-09T23:14:55.930-03:00 DEBUG 98192 --- [beauty-salon-backend] [pool-3-thread-5] [                                                 ] o.s.d.c.c.c.MappingCassandraConverter    : doWithProperties Property.type java.lang.String, Property.value pooltest66@example.com
2025-08-09T23:14:55.930-03:00 DEBUG 98192 --- [beauty-salon-backend] [pool-3-thread-5] [                                                 ] o.s.d.c.c.c.MappingCassandraConverter    : Adding map.entry [email] - [pooltest66@example.com]
2025-08-09T23:14:55.930-03:00 DEBUG 98192 --- [beauty-salon-backend] [pool-3-thread-1] [                                                 ] o.s.data.cassandra.core.cql.CqlTemplate  : Executing prepared statement [SELECT * FROM customers]
2025-08-09T23:14:55.930-03:00 DEBUG 98192 --- [beauty-salon-backend] [pool-3-thread-5] [                                                 ] o.s.d.c.c.c.MappingCassandraConverter    : doWithProperties Property.type java.lang.String, Property.value 5550000066
2025-08-09T23:14:55.930-03:00 DEBUG 98192 --- [beauty-salon-backend] [pool-3-thread-5] [                                                 ] o.s.d.c.c.c.MappingCassandraConverter    : Adding map.entry [phone] - [5550000066]
2025-08-09T23:14:55.930-03:00 DEBUG 98192 --- [beauty-salon-backend] [pool-3-thread-5] [                                                 ] o.s.d.c.c.c.MappingCassandraConverter    : doWithProperties Property.type java.lang.String, Property.value Pool Address 66
2025-08-09T23:14:55.930-03:00 DEBUG 98192 --- [beauty-salon-backend] [pool-3-thread-5] [                                                 ] o.s.d.c.c.c.MappingCassandraConverter    : Adding map.entry [address] - [Pool Address 66]
2025-08-09T23:14:55.931-03:00 DEBUG 98192 --- [beauty-salon-backend] [pool-3-thread-5] [                                                 ] o.s.d.c.c.c.MappingCassandraConverter    : doWithProperties Property.type java.time.Instant, Property.value 2025-08-10T02:14:55.930517Z
2025-08-09T23:14:55.931-03:00 DEBUG 98192 --- [beauty-salon-backend] [pool-3-thread-5] [                                                 ] o.s.d.c.c.c.MappingCassandraConverter    : Adding map.entry [created_at] - [2025-08-10T02:14:55.930517Z]
2025-08-09T23:14:55.931-03:00 DEBUG 98192 --- [beauty-salon-backend] [pool-3-thread-5] [                                                 ] o.s.d.c.c.c.MappingCassandraConverter    : doWithProperties Property.type java.time.Instant, Property.value 2025-08-10T02:14:55.930518Z
2025-08-09T23:14:55.931-03:00 DEBUG 98192 --- [beauty-salon-backend] [pool-3-thread-5] [                                                 ] o.s.d.c.c.c.MappingCassandraConverter    : Adding map.entry [updated_at] - [2025-08-10T02:14:55.930518Z]
2025-08-09T23:14:55.931-03:00 DEBUG 98192 --- [beauty-salon-backend] [ool-3-thread-18] [                                                 ] o.s.data.cassandra.core.cql.CqlTemplate  : Preparing statement [SELECT * FROM customers WHERE id=? LIMIT 1] using org.springframework.data.cassandra.core.CassandraTemplate$PreparedStatementHandler@15e2abed
2025-08-09T23:14:55.931-03:00 DEBUG 98192 --- [beauty-salon-backend] [ool-3-thread-18] [                                                 ] o.s.data.cassandra.core.cql.CqlTemplate  : Executing prepared statement [SELECT * FROM customers WHERE id=? LIMIT 1]
2025-08-09T23:14:55.931-03:00 DEBUG 98192 --- [beauty-salon-backend] [pool-3-thread-5] [                                                 ] o.s.data.cassandra.core.cql.CqlTemplate  : Preparing statement [INSERT INTO customers (id,name,email,phone,address,created_at,updated_at) VALUES (?,?,?,?,?,?,?)] using org.springframework.data.cassandra.core.CassandraTemplate$PreparedStatementHandler@4726d674
2025-08-09T23:14:55.931-03:00 DEBUG 98192 --- [beauty-salon-backend] [pool-3-thread-5] [                                                 ] o.s.data.cassandra.core.cql.CqlTemplate  : Executing prepared statement [INSERT INTO customers (id,name,email,phone,address,created_at,updated_at) VALUES (?,?,?,?,?,?,?)]
2025-08-09T23:14:55.931-03:00 DEBUG 98192 --- [beauty-salon-backend] [ool-3-thread-20] [                                                 ] o.s.data.cassandra.core.cql.CqlTemplate  : Preparing statement [SELECT * FROM customers WHERE id=? LIMIT 1] using org.springframework.data.cassandra.core.CassandraTemplate$PreparedStatementHandler@6f4bb27c
2025-08-09T23:14:55.931-03:00 DEBUG 98192 --- [beauty-salon-backend] [ool-3-thread-20] [                                                 ] o.s.data.cassandra.core.cql.CqlTemplate  : Executing prepared statement [SELECT * FROM customers WHERE id=? LIMIT 1]
2025-08-09T23:14:55.935-03:00 DEBUG 98192 --- [beauty-salon-backend] [pool-3-thread-7] [                                                 ] o.s.data.cassandra.core.cql.CqlTemplate  : Preparing statement [SELECT * FROM customers] using org.springframework.data.cassandra.core.CassandraTemplate$PreparedStatementHandler@25acbb39
2025-08-09T23:14:55.935-03:00 DEBUG 98192 --- [beauty-salon-backend] [pool-3-thread-7] [                                                 ] o.s.data.cassandra.core.cql.CqlTemplate  : Executing prepared statement [SELECT * FROM customers]
2025-08-09T23:14:55.935-03:00 DEBUG 98192 --- [beauty-salon-backend] [pool-3-thread-6] [                                                 ] o.s.d.c.c.c.MappingCassandraConverter    : doWithProperties Property.type java.util.UUID, Property.value 1169e142-1e20-4dd5-87ef-6fbc85c2e6b3
2025-08-09T23:14:55.936-03:00 DEBUG 98192 --- [beauty-salon-backend] [pool-3-thread-5] [                                                 ] o.s.d.c.c.c.MappingCassandraConverter    : doWithProperties Property.type java.util.UUID, Property.value 6a135a1f-bae9-4c7d-8b2d-dda8c2e614da
2025-08-09T23:14:55.936-03:00 DEBUG 98192 --- [beauty-salon-backend] [pool-3-thread-5] [                                                 ] o.s.d.c.c.c.MappingCassandraConverter    : Adding map.entry [id] - [6a135a1f-bae9-4c7d-8b2d-dda8c2e614da]
2025-08-09T23:14:55.936-03:00 DEBUG 98192 --- [beauty-salon-backend] [pool-3-thread-5] [                                                 ] o.s.d.c.c.c.MappingCassandraConverter    : doWithProperties Property.type java.lang.String, Property.value Pool Test 75
2025-08-09T23:14:55.936-03:00 DEBUG 98192 --- [beauty-salon-backend] [pool-3-thread-5] [                                                 ] o.s.d.c.c.c.MappingCassandraConverter    : Adding map.entry [name] - [Pool Test 75]
2025-08-09T23:14:55.936-03:00 DEBUG 98192 --- [beauty-salon-backend] [pool-3-thread-5] [                                                 ] o.s.d.c.c.c.MappingCassandraConverter    : doWithProperties Property.type java.lang.String, Property.value pooltest75@example.com
2025-08-09T23:14:55.936-03:00 DEBUG 98192 --- [beauty-salon-backend] [pool-3-thread-5] [                                                 ] o.s.d.c.c.c.MappingCassandraConverter    : Adding map.entry [email] - [pooltest75@example.com]
2025-08-09T23:14:55.936-03:00 DEBUG 98192 --- [beauty-salon-backend] [pool-3-thread-5] [                                                 ] o.s.d.c.c.c.MappingCassandraConverter    : doWithProperties Property.type java.lang.String, Property.value 5550000075
2025-08-09T23:14:55.936-03:00 DEBUG 98192 --- [beauty-salon-backend] [pool-3-thread-5] [                                                 ] o.s.d.c.c.c.MappingCassandraConverter    : Adding map.entry [phone] - [5550000075]
2025-08-09T23:14:55.936-03:00 DEBUG 98192 --- [beauty-salon-backend] [pool-3-thread-5] [                                                 ] o.s.d.c.c.c.MappingCassandraConverter    : doWithProperties Property.type java.lang.String, Property.value Pool Address 75
2025-08-09T23:14:55.936-03:00 DEBUG 98192 --- [beauty-salon-backend] [pool-3-thread-5] [                                                 ] o.s.d.c.c.c.MappingCassandraConverter    : Adding map.entry [address] - [Pool Address 75]
2025-08-09T23:14:55.936-03:00 DEBUG 98192 --- [beauty-salon-backend] [pool-3-thread-5] [                                                 ] o.s.d.c.c.c.MappingCassandraConverter    : doWithProperties Property.type java.time.Instant, Property.value 2025-08-10T02:14:55.936323Z
2025-08-09T23:14:55.936-03:00 DEBUG 98192 --- [beauty-salon-backend] [pool-3-thread-5] [                                                 ] o.s.d.c.c.c.MappingCassandraConverter    : Adding map.entry [created_at] - [2025-08-10T02:14:55.936323Z]
2025-08-09T23:14:55.936-03:00 DEBUG 98192 --- [beauty-salon-backend] [pool-3-thread-5] [                                                 ] o.s.d.c.c.c.MappingCassandraConverter    : doWithProperties Property.type java.time.Instant, Property.value 2025-08-10T02:14:55.936323Z
2025-08-09T23:14:55.936-03:00 DEBUG 98192 --- [beauty-salon-backend] [pool-3-thread-5] [                                                 ] o.s.d.c.c.c.MappingCassandraConverter    : Adding map.entry [updated_at] - [2025-08-10T02:14:55.936323Z]
2025-08-09T23:14:55.936-03:00 DEBUG 98192 --- [beauty-salon-backend] [pool-3-thread-5] [                                                 ] o.s.data.cassandra.core.cql.CqlTemplate  : Preparing statement [INSERT INTO customers (id,name,email,phone,address,created_at,updated_at) VALUES (?,?,?,?,?,?,?)] using org.springframework.data.cassandra.core.CassandraTemplate$PreparedStatementHandler@4af8d5e6
2025-08-09T23:14:55.936-03:00 DEBUG 98192 --- [beauty-salon-backend] [pool-3-thread-5] [                                                 ] o.s.data.cassandra.core.cql.CqlTemplate  : Executing prepared statement [INSERT INTO customers (id,name,email,phone,address,created_at,updated_at) VALUES (?,?,?,?,?,?,?)]
2025-08-09T23:14:55.937-03:00 DEBUG 98192 --- [beauty-salon-backend] [pool-3-thread-3] [                                                 ] o.s.data.cassandra.core.cql.CqlTemplate  : Preparing statement [SELECT * FROM customers] using org.springframework.data.cassandra.core.CassandraTemplate$PreparedStatementHandler@467fd1c7
2025-08-09T23:14:55.937-03:00 DEBUG 98192 --- [beauty-salon-backend] [pool-3-thread-3] [                                                 ] o.s.data.cassandra.core.cql.CqlTemplate  : Executing prepared statement [SELECT * FROM customers]
2025-08-09T23:14:55.937-03:00 DEBUG 98192 --- [beauty-salon-backend] [ool-3-thread-18] [                                                 ] o.s.data.cassandra.core.cql.CqlTemplate  : Preparing statement [SELECT * FROM customers WHERE id=? LIMIT 1] using org.springframework.data.cassandra.core.CassandraTemplate$PreparedStatementHandler@6d02b383
2025-08-09T23:14:55.937-03:00 DEBUG 98192 --- [beauty-salon-backend] [ool-3-thread-18] [                                                 ] o.s.data.cassandra.core.cql.CqlTemplate  : Executing prepared statement [SELECT * FROM customers WHERE id=? LIMIT 1]
2025-08-09T23:14:55.938-03:00 DEBUG 98192 --- [beauty-salon-backend] [pool-3-thread-6] [                                                 ] o.s.d.c.c.c.MappingCassandraConverter    : Adding map.entry [id] - [1169e142-1e20-4dd5-87ef-6fbc85c2e6b3]
2025-08-09T23:14:55.938-03:00 DEBUG 98192 --- [beauty-salon-backend] [pool-3-thread-6] [                                                 ] o.s.d.c.c.c.MappingCassandraConverter    : doWithProperties Property.type java.lang.String, Property.value Pool Test 72
2025-08-09T23:14:55.938-03:00 DEBUG 98192 --- [beauty-salon-backend] [pool-3-thread-6] [                                                 ] o.s.d.c.c.c.MappingCassandraConverter    : Adding map.entry [name] - [Pool Test 72]
2025-08-09T23:14:55.938-03:00 DEBUG 98192 --- [beauty-salon-backend] [pool-3-thread-6] [                                                 ] o.s.d.c.c.c.MappingCassandraConverter    : doWithProperties Property.type java.lang.String, Property.value pooltest72@example.com
2025-08-09T23:14:55.938-03:00 DEBUG 98192 --- [beauty-salon-backend] [pool-3-thread-6] [                                                 ] o.s.d.c.c.c.MappingCassandraConverter    : Adding map.entry [email] - [pooltest72@example.com]
2025-08-09T23:14:55.938-03:00 DEBUG 98192 --- [beauty-salon-backend] [pool-3-thread-6] [                                                 ] o.s.d.c.c.c.MappingCassandraConverter    : doWithProperties Property.type java.lang.String, Property.value 5550000072
2025-08-09T23:14:55.938-03:00 DEBUG 98192 --- [beauty-salon-backend] [pool-3-thread-6] [                                                 ] o.s.d.c.c.c.MappingCassandraConverter    : Adding map.entry [phone] - [5550000072]
2025-08-09T23:14:55.938-03:00 DEBUG 98192 --- [beauty-salon-backend] [pool-3-thread-6] [                                                 ] o.s.d.c.c.c.MappingCassandraConverter    : doWithProperties Property.type java.lang.String, Property.value Pool Address 72
2025-08-09T23:14:55.938-03:00 DEBUG 98192 --- [beauty-salon-backend] [pool-3-thread-6] [                                                 ] o.s.d.c.c.c.MappingCassandraConverter    : Adding map.entry [address] - [Pool Address 72]
2025-08-09T23:14:55.938-03:00 DEBUG 98192 --- [beauty-salon-backend] [pool-3-thread-6] [                                                 ] o.s.d.c.c.c.MappingCassandraConverter    : doWithProperties Property.type java.time.Instant, Property.value 2025-08-10T02:14:55.935475Z
2025-08-09T23:14:55.938-03:00 DEBUG 98192 --- [beauty-salon-backend] [pool-3-thread-6] [                                                 ] o.s.d.c.c.c.MappingCassandraConverter    : Adding map.entry [created_at] - [2025-08-10T02:14:55.935475Z]
2025-08-09T23:14:55.938-03:00 DEBUG 98192 --- [beauty-salon-backend] [pool-3-thread-6] [                                                 ] o.s.d.c.c.c.MappingCassandraConverter    : doWithProperties Property.type java.time.Instant, Property.value 2025-08-10T02:14:55.935476Z
2025-08-09T23:14:55.938-03:00 DEBUG 98192 --- [beauty-salon-backend] [pool-3-thread-6] [                                                 ] o.s.d.c.c.c.MappingCassandraConverter    : Adding map.entry [updated_at] - [2025-08-10T02:14:55.935476Z]
2025-08-09T23:14:55.938-03:00 DEBUG 98192 --- [beauty-salon-backend] [pool-3-thread-6] [                                                 ] o.s.data.cassandra.core.cql.CqlTemplate  : Preparing statement [INSERT INTO customers (id,name,email,phone,address,created_at,updated_at) VALUES (?,?,?,?,?,?,?)] using org.springframework.data.cassandra.core.CassandraTemplate$PreparedStatementHandler@1c852e54
2025-08-09T23:14:55.938-03:00 DEBUG 98192 --- [beauty-salon-backend] [pool-3-thread-6] [                                                 ] o.s.data.cassandra.core.cql.CqlTemplate  : Executing prepared statement [INSERT INTO customers (id,name,email,phone,address,created_at,updated_at) VALUES (?,?,?,?,?,?,?)]
2025-08-09T23:14:55.940-03:00 DEBUG 98192 --- [beauty-salon-backend] [ool-3-thread-14] [                                                 ] o.s.d.c.c.c.MappingCassandraConverter    : doWithProperties Property.type java.util.UUID, Property.value d997a9e0-2231-4dc1-b106-3ae10601874f
2025-08-09T23:14:55.940-03:00 DEBUG 98192 --- [beauty-salon-backend] [ool-3-thread-14] [                                                 ] o.s.d.c.c.c.MappingCassandraConverter    : Adding map.entry [id] - [d997a9e0-2231-4dc1-b106-3ae10601874f]
2025-08-09T23:14:55.940-03:00 DEBUG 98192 --- [beauty-salon-backend] [ool-3-thread-14] [                                                 ] o.s.d.c.c.c.MappingCassandraConverter    : doWithProperties Property.type java.lang.String, Property.value Pool Test 78
2025-08-09T23:14:55.940-03:00 DEBUG 98192 --- [beauty-salon-backend] [ool-3-thread-14] [                                                 ] o.s.d.c.c.c.MappingCassandraConverter    : Adding map.entry [name] - [Pool Test 78]
2025-08-09T23:14:55.940-03:00 DEBUG 98192 --- [beauty-salon-backend] [ool-3-thread-14] [                                                 ] o.s.d.c.c.c.MappingCassandraConverter    : doWithProperties Property.type java.lang.String, Property.value pooltest78@example.com
2025-08-09T23:14:55.940-03:00 DEBUG 98192 --- [beauty-salon-backend] [ool-3-thread-14] [                                                 ] o.s.d.c.c.c.MappingCassandraConverter    : Adding map.entry [email] - [pooltest78@example.com]
2025-08-09T23:14:55.940-03:00 DEBUG 98192 --- [beauty-salon-backend] [ool-3-thread-14] [                                                 ] o.s.d.c.c.c.MappingCassandraConverter    : doWithProperties Property.type java.lang.String, Property.value 5550000078
2025-08-09T23:14:55.940-03:00 DEBUG 98192 --- [beauty-salon-backend] [ool-3-thread-14] [                                                 ] o.s.d.c.c.c.MappingCassandraConverter    : Adding map.entry [phone] - [5550000078]
2025-08-09T23:14:55.940-03:00 DEBUG 98192 --- [beauty-salon-backend] [ool-3-thread-14] [                                                 ] o.s.d.c.c.c.MappingCassandraConverter    : doWithProperties Property.type java.lang.String, Property.value Pool Address 78
2025-08-09T23:14:55.940-03:00 DEBUG 98192 --- [beauty-salon-backend] [ool-3-thread-14] [                                                 ] o.s.d.c.c.c.MappingCassandraConverter    : Adding map.entry [address] - [Pool Address 78]
2025-08-09T23:14:55.940-03:00 DEBUG 98192 --- [beauty-salon-backend] [ool-3-thread-14] [                                                 ] o.s.d.c.c.c.MappingCassandraConverter    : doWithProperties Property.type java.time.Instant, Property.value 2025-08-10T02:14:55.940760Z
2025-08-09T23:14:55.940-03:00 DEBUG 98192 --- [beauty-salon-backend] [ool-3-thread-14] [                                                 ] o.s.d.c.c.c.MappingCassandraConverter    : Adding map.entry [created_at] - [2025-08-10T02:14:55.940760Z]
2025-08-09T23:14:55.940-03:00 DEBUG 98192 --- [beauty-salon-backend] [ool-3-thread-14] [                                                 ] o.s.d.c.c.c.MappingCassandraConverter    : doWithProperties Property.type java.time.Instant, Property.value 2025-08-10T02:14:55.940760Z
2025-08-09T23:14:55.940-03:00 DEBUG 98192 --- [beauty-salon-backend] [ool-3-thread-14] [                                                 ] o.s.d.c.c.c.MappingCassandraConverter    : Adding map.entry [updated_at] - [2025-08-10T02:14:55.940760Z]
2025-08-09T23:14:55.941-03:00 DEBUG 98192 --- [beauty-salon-backend] [ool-3-thread-12] [                                                 ] o.s.data.cassandra.core.cql.CqlTemplate  : Preparing statement [SELECT * FROM customers WHERE id=? LIMIT 1] using org.springframework.data.cassandra.core.CassandraTemplate$PreparedStatementHandler@48b67196
2025-08-09T23:14:55.941-03:00 DEBUG 98192 --- [beauty-salon-backend] [ool-3-thread-14] [                                                 ] o.s.data.cassandra.core.cql.CqlTemplate  : Preparing statement [INSERT INTO customers (id,name,email,phone,address,created_at,updated_at) VALUES (?,?,?,?,?,?,?)] using org.springframework.data.cassandra.core.CassandraTemplate$PreparedStatementHandler@56d63be1
2025-08-09T23:14:55.941-03:00 DEBUG 98192 --- [beauty-salon-backend] [ool-3-thread-14] [                                                 ] o.s.data.cassandra.core.cql.CqlTemplate  : Executing prepared statement [INSERT INTO customers (id,name,email,phone,address,created_at,updated_at) VALUES (?,?,?,?,?,?,?)]
2025-08-09T23:14:55.941-03:00 DEBUG 98192 --- [beauty-salon-backend] [ool-3-thread-12] [                                                 ] o.s.data.cassandra.core.cql.CqlTemplate  : Executing prepared statement [SELECT * FROM customers WHERE id=? LIMIT 1]
2025-08-09T23:14:55.941-03:00 DEBUG 98192 --- [beauty-salon-backend] [pool-3-thread-5] [                                                 ] o.s.data.cassandra.core.cql.CqlTemplate  : Preparing statement [SELECT * FROM customers] using org.springframework.data.cassandra.core.CassandraTemplate$PreparedStatementHandler@33bac371
2025-08-09T23:14:55.941-03:00 DEBUG 98192 --- [beauty-salon-backend] [pool-3-thread-5] [                                                 ] o.s.data.cassandra.core.cql.CqlTemplate  : Executing prepared statement [SELECT * FROM customers]
2025-08-09T23:14:55.942-03:00 DEBUG 98192 --- [beauty-salon-backend] [ool-3-thread-13] [                                                 ] o.s.d.c.c.c.MappingCassandraConverter    : doWithProperties Property.type java.util.UUID, Property.value cbb7ae8c-b6ca-4038-bb05-5df61d29676a
2025-08-09T23:14:55.942-03:00 DEBUG 98192 --- [beauty-salon-backend] [ool-3-thread-13] [                                                 ] o.s.d.c.c.c.MappingCassandraConverter    : Adding map.entry [id] - [cbb7ae8c-b6ca-4038-bb05-5df61d29676a]
2025-08-09T23:14:55.942-03:00 DEBUG 98192 --- [beauty-salon-backend] [ool-3-thread-18] [                                                 ] o.s.data.cassandra.core.cql.CqlTemplate  : Preparing statement [SELECT * FROM customers WHERE id=? LIMIT 1] using org.springframework.data.cassandra.core.CassandraTemplate$PreparedStatementHandler@20632970
2025-08-09T23:14:55.942-03:00 DEBUG 98192 --- [beauty-salon-backend] [ool-3-thread-13] [                                                 ] o.s.d.c.c.c.MappingCassandraConverter    : doWithProperties Property.type java.lang.String, Property.value Pool Test 81
2025-08-09T23:14:55.942-03:00 DEBUG 98192 --- [beauty-salon-backend] [ool-3-thread-13] [                                                 ] o.s.d.c.c.c.MappingCassandraConverter    : Adding map.entry [name] - [Pool Test 81]
2025-08-09T23:14:55.942-03:00 DEBUG 98192 --- [beauty-salon-backend] [ool-3-thread-18] [                                                 ] o.s.data.cassandra.core.cql.CqlTemplate  : Executing prepared statement [SELECT * FROM customers WHERE id=? LIMIT 1]
2025-08-09T23:14:55.942-03:00 DEBUG 98192 --- [beauty-salon-backend] [ool-3-thread-13] [                                                 ] o.s.d.c.c.c.MappingCassandraConverter    : doWithProperties Property.type java.lang.String, Property.value pooltest81@example.com
2025-08-09T23:14:55.942-03:00 DEBUG 98192 --- [beauty-salon-backend] [ool-3-thread-13] [                                                 ] o.s.d.c.c.c.MappingCassandraConverter    : Adding map.entry [email] - [pooltest81@example.com]
2025-08-09T23:14:55.942-03:00 DEBUG 98192 --- [beauty-salon-backend] [ool-3-thread-13] [                                                 ] o.s.d.c.c.c.MappingCassandraConverter    : doWithProperties Property.type java.lang.String, Property.value 5550000081
2025-08-09T23:14:55.942-03:00 DEBUG 98192 --- [beauty-salon-backend] [ool-3-thread-13] [                                                 ] o.s.d.c.c.c.MappingCassandraConverter    : Adding map.entry [phone] - [5550000081]
2025-08-09T23:14:55.942-03:00 DEBUG 98192 --- [beauty-salon-backend] [ool-3-thread-13] [                                                 ] o.s.d.c.c.c.MappingCassandraConverter    : doWithProperties Property.type java.lang.String, Property.value Pool Address 81
2025-08-09T23:14:55.942-03:00 DEBUG 98192 --- [beauty-salon-backend] [ool-3-thread-13] [                                                 ] o.s.d.c.c.c.MappingCassandraConverter    : Adding map.entry [address] - [Pool Address 81]
2025-08-09T23:14:55.942-03:00 DEBUG 98192 --- [beauty-salon-backend] [ool-3-thread-13] [                                                 ] o.s.d.c.c.c.MappingCassandraConverter    : doWithProperties Property.type java.time.Instant, Property.value 2025-08-10T02:14:55.942204Z
2025-08-09T23:14:55.942-03:00 DEBUG 98192 --- [beauty-salon-backend] [ool-3-thread-13] [                                                 ] o.s.d.c.c.c.MappingCassandraConverter    : Adding map.entry [created_at] - [2025-08-10T02:14:55.942204Z]
2025-08-09T23:14:55.942-03:00 DEBUG 98192 --- [beauty-salon-backend] [ool-3-thread-13] [                                                 ] o.s.d.c.c.c.MappingCassandraConverter    : doWithProperties Property.type java.time.Instant, Property.value 2025-08-10T02:14:55.942204Z
2025-08-09T23:14:55.942-03:00 DEBUG 98192 --- [beauty-salon-backend] [ool-3-thread-13] [                                                 ] o.s.d.c.c.c.MappingCassandraConverter    : Adding map.entry [updated_at] - [2025-08-10T02:14:55.942204Z]
2025-08-09T23:14:55.942-03:00 DEBUG 98192 --- [beauty-salon-backend] [ool-3-thread-13] [                                                 ] o.s.data.cassandra.core.cql.CqlTemplate  : Preparing statement [INSERT INTO customers (id,name,email,phone,address,created_at,updated_at) VALUES (?,?,?,?,?,?,?)] using org.springframework.data.cassandra.core.CassandraTemplate$PreparedStatementHandler@5b16fd4c
2025-08-09T23:14:55.942-03:00 DEBUG 98192 --- [beauty-salon-backend] [ool-3-thread-13] [                                                 ] o.s.data.cassandra.core.cql.CqlTemplate  : Executing prepared statement [INSERT INTO customers (id,name,email,phone,address,created_at,updated_at) VALUES (?,?,?,?,?,?,?)]
2025-08-09T23:14:55.942-03:00 DEBUG 98192 --- [beauty-salon-backend] [ool-3-thread-15] [                                                 ] o.s.data.cassandra.core.cql.CqlTemplate  : Preparing statement [SELECT * FROM customers] using org.springframework.data.cassandra.core.CassandraTemplate$PreparedStatementHandler@596c7d91
2025-08-09T23:14:55.942-03:00 DEBUG 98192 --- [beauty-salon-backend] [ool-3-thread-15] [                                                 ] o.s.data.cassandra.core.cql.CqlTemplate  : Executing prepared statement [SELECT * FROM customers]
2025-08-09T23:14:55.943-03:00 DEBUG 98192 --- [beauty-salon-backend] [ool-3-thread-20] [                                                 ] o.s.d.c.c.c.MappingCassandraConverter    : doWithProperties Property.type java.util.UUID, Property.value dcaba6d6-69c7-4383-8005-9937fe3b3f90
2025-08-09T23:14:55.943-03:00 DEBUG 98192 --- [beauty-salon-backend] [ool-3-thread-20] [                                                 ] o.s.d.c.c.c.MappingCassandraConverter    : Adding map.entry [id] - [dcaba6d6-69c7-4383-8005-9937fe3b3f90]
2025-08-09T23:14:55.943-03:00 DEBUG 98192 --- [beauty-salon-backend] [ool-3-thread-20] [                                                 ] o.s.d.c.c.c.MappingCassandraConverter    : doWithProperties Property.type java.lang.String, Property.value Pool Test 84
2025-08-09T23:14:55.943-03:00 DEBUG 98192 --- [beauty-salon-backend] [ool-3-thread-20] [                                                 ] o.s.d.c.c.c.MappingCassandraConverter    : Adding map.entry [name] - [Pool Test 84]
2025-08-09T23:14:55.943-03:00 DEBUG 98192 --- [beauty-salon-backend] [ool-3-thread-20] [                                                 ] o.s.d.c.c.c.MappingCassandraConverter    : doWithProperties Property.type java.lang.String, Property.value pooltest84@example.com
2025-08-09T23:14:55.943-03:00 DEBUG 98192 --- [beauty-salon-backend] [ool-3-thread-20] [                                                 ] o.s.d.c.c.c.MappingCassandraConverter    : Adding map.entry [email] - [pooltest84@example.com]
2025-08-09T23:14:55.943-03:00 DEBUG 98192 --- [beauty-salon-backend] [ool-3-thread-20] [                                                 ] o.s.d.c.c.c.MappingCassandraConverter    : doWithProperties Property.type java.lang.String, Property.value 5550000084
2025-08-09T23:14:55.943-03:00 DEBUG 98192 --- [beauty-salon-backend] [ool-3-thread-20] [                                                 ] o.s.d.c.c.c.MappingCassandraConverter    : Adding map.entry [phone] - [5550000084]
2025-08-09T23:14:55.943-03:00 DEBUG 98192 --- [beauty-salon-backend] [ool-3-thread-20] [                                                 ] o.s.d.c.c.c.MappingCassandraConverter    : doWithProperties Property.type java.lang.String, Property.value Pool Address 84
2025-08-09T23:14:55.943-03:00 DEBUG 98192 --- [beauty-salon-backend] [ool-3-thread-20] [                                                 ] o.s.d.c.c.c.MappingCassandraConverter    : Adding map.entry [address] - [Pool Address 84]
2025-08-09T23:14:55.943-03:00 DEBUG 98192 --- [beauty-salon-backend] [ool-3-thread-20] [                                                 ] o.s.d.c.c.c.MappingCassandraConverter    : doWithProperties Property.type java.time.Instant, Property.value 2025-08-10T02:14:55.943243Z
2025-08-09T23:14:55.943-03:00 DEBUG 98192 --- [beauty-salon-backend] [ool-3-thread-20] [                                                 ] o.s.d.c.c.c.MappingCassandraConverter    : Adding map.entry [created_at] - [2025-08-10T02:14:55.943243Z]
2025-08-09T23:14:55.943-03:00 DEBUG 98192 --- [beauty-salon-backend] [ool-3-thread-20] [                                                 ] o.s.d.c.c.c.MappingCassandraConverter    : doWithProperties Property.type java.time.Instant, Property.value 2025-08-10T02:14:55.943243Z
2025-08-09T23:14:55.943-03:00 DEBUG 98192 --- [beauty-salon-backend] [ool-3-thread-20] [                                                 ] o.s.d.c.c.c.MappingCassandraConverter    : Adding map.entry [updated_at] - [2025-08-10T02:14:55.943243Z]
2025-08-09T23:14:55.943-03:00 DEBUG 98192 --- [beauty-salon-backend] [ool-3-thread-20] [                                                 ] o.s.data.cassandra.core.cql.CqlTemplate  : Preparing statement [INSERT INTO customers (id,name,email,phone,address,created_at,updated_at) VALUES (?,?,?,?,?,?,?)] using org.springframework.data.cassandra.core.CassandraTemplate$PreparedStatementHandler@41c0eb9e
2025-08-09T23:14:55.943-03:00 DEBUG 98192 --- [beauty-salon-backend] [ool-3-thread-20] [                                                 ] o.s.data.cassandra.core.cql.CqlTemplate  : Executing prepared statement [INSERT INTO customers (id,name,email,phone,address,created_at,updated_at) VALUES (?,?,?,?,?,?,?)]
2025-08-09T23:14:55.945-03:00 DEBUG 98192 --- [beauty-salon-backend] [ool-3-thread-11] [                                                 ] o.s.data.cassandra.core.cql.CqlTemplate  : Preparing statement [SELECT * FROM customers WHERE id=? LIMIT 1] using org.springframework.data.cassandra.core.CassandraTemplate$PreparedStatementHandler@251c3368
2025-08-09T23:14:55.945-03:00 DEBUG 98192 --- [beauty-salon-backend] [ool-3-thread-11] [                                                 ] o.s.data.cassandra.core.cql.CqlTemplate  : Executing prepared statement [SELECT * FROM customers WHERE id=? LIMIT 1]
2025-08-09T23:14:55.946-03:00 DEBUG 98192 --- [beauty-salon-backend] [pool-3-thread-6] [                                                 ] o.s.data.cassandra.core.cql.CqlTemplate  : Preparing statement [SELECT * FROM customers] using org.springframework.data.cassandra.core.CassandraTemplate$PreparedStatementHandler@206ec7ee
2025-08-09T23:14:55.946-03:00 DEBUG 98192 --- [beauty-salon-backend] [pool-3-thread-6] [                                                 ] o.s.data.cassandra.core.cql.CqlTemplate  : Executing prepared statement [SELECT * FROM customers]
2025-08-09T23:14:55.946-03:00 DEBUG 98192 --- [beauty-salon-backend] [ool-3-thread-12] [                                                 ] o.s.d.c.c.c.MappingCassandraConverter    : doWithProperties Property.type java.util.UUID, Property.value 8f3635ea-8f0b-453c-9e45-4d0edfc9ab9e
2025-08-09T23:14:55.946-03:00 DEBUG 98192 --- [beauty-salon-backend] [ool-3-thread-12] [                                                 ] o.s.d.c.c.c.MappingCassandraConverter    : Adding map.entry [id] - [8f3635ea-8f0b-453c-9e45-4d0edfc9ab9e]
2025-08-09T23:14:55.946-03:00 DEBUG 98192 --- [beauty-salon-backend] [ool-3-thread-12] [                                                 ] o.s.d.c.c.c.MappingCassandraConverter    : doWithProperties Property.type java.lang.String, Property.value Pool Test 87
2025-08-09T23:14:55.946-03:00 DEBUG 98192 --- [beauty-salon-backend] [ool-3-thread-12] [                                                 ] o.s.d.c.c.c.MappingCassandraConverter    : Adding map.entry [name] - [Pool Test 87]
2025-08-09T23:14:55.946-03:00 DEBUG 98192 --- [beauty-salon-backend] [ool-3-thread-12] [                                                 ] o.s.d.c.c.c.MappingCassandraConverter    : doWithProperties Property.type java.lang.String, Property.value pooltest87@example.com
2025-08-09T23:14:55.946-03:00 DEBUG 98192 --- [beauty-salon-backend] [ool-3-thread-12] [                                                 ] o.s.d.c.c.c.MappingCassandraConverter    : Adding map.entry [email] - [pooltest87@example.com]
2025-08-09T23:14:55.946-03:00 DEBUG 98192 --- [beauty-salon-backend] [ool-3-thread-12] [                                                 ] o.s.d.c.c.c.MappingCassandraConverter    : doWithProperties Property.type java.lang.String, Property.value 5550000087
2025-08-09T23:14:55.946-03:00 DEBUG 98192 --- [beauty-salon-backend] [ool-3-thread-12] [                                                 ] o.s.d.c.c.c.MappingCassandraConverter    : Adding map.entry [phone] - [5550000087]
2025-08-09T23:14:55.946-03:00 DEBUG 98192 --- [beauty-salon-backend] [ool-3-thread-12] [                                                 ] o.s.d.c.c.c.MappingCassandraConverter    : doWithProperties Property.type java.lang.String, Property.value Pool Address 87
2025-08-09T23:14:55.946-03:00 DEBUG 98192 --- [beauty-salon-backend] [ool-3-thread-12] [                                                 ] o.s.d.c.c.c.MappingCassandraConverter    : Adding map.entry [address] - [Pool Address 87]
2025-08-09T23:14:55.946-03:00 DEBUG 98192 --- [beauty-salon-backend] [ool-3-thread-12] [                                                 ] o.s.d.c.c.c.MappingCassandraConverter    : doWithProperties Property.type java.time.Instant, Property.value 2025-08-10T02:14:55.946788Z
2025-08-09T23:14:55.946-03:00 DEBUG 98192 --- [beauty-salon-backend] [ool-3-thread-12] [                                                 ] o.s.d.c.c.c.MappingCassandraConverter    : Adding map.entry [created_at] - [2025-08-10T02:14:55.946788Z]
2025-08-09T23:14:55.946-03:00 DEBUG 98192 --- [beauty-salon-backend] [ool-3-thread-12] [                                                 ] o.s.d.c.c.c.MappingCassandraConverter    : doWithProperties Property.type java.time.Instant, Property.value 2025-08-10T02:14:55.946788Z
2025-08-09T23:14:55.946-03:00 DEBUG 98192 --- [beauty-salon-backend] [ool-3-thread-12] [                                                 ] o.s.d.c.c.c.MappingCassandraConverter    : Adding map.entry [updated_at] - [2025-08-10T02:14:55.946788Z]
2025-08-09T23:14:55.947-03:00 DEBUG 98192 --- [beauty-salon-backend] [ool-3-thread-12] [                                                 ] o.s.data.cassandra.core.cql.CqlTemplate  : Preparing statement [INSERT INTO customers (id,name,email,phone,address,created_at,updated_at) VALUES (?,?,?,?,?,?,?)] using org.springframework.data.cassandra.core.CassandraTemplate$PreparedStatementHandler@4fbf56a3
2025-08-09T23:14:55.947-03:00 DEBUG 98192 --- [beauty-salon-backend] [ool-3-thread-12] [                                                 ] o.s.data.cassandra.core.cql.CqlTemplate  : Executing prepared statement [INSERT INTO customers (id,name,email,phone,address,created_at,updated_at) VALUES (?,?,?,?,?,?,?)]
2025-08-09T23:14:55.947-03:00 DEBUG 98192 --- [beauty-salon-backend] [ool-3-thread-18] [                                                 ] o.s.data.cassandra.core.cql.CqlTemplate  : Preparing statement [SELECT * FROM customers WHERE id=? LIMIT 1] using org.springframework.data.cassandra.core.CassandraTemplate$PreparedStatementHandler@76063ecc
2025-08-09T23:14:55.947-03:00 DEBUG 98192 --- [beauty-salon-backend] [ool-3-thread-18] [                                                 ] o.s.data.cassandra.core.cql.CqlTemplate  : Executing prepared statement [SELECT * FROM customers WHERE id=? LIMIT 1]
2025-08-09T23:14:55.947-03:00 DEBUG 98192 --- [beauty-salon-backend] [ool-3-thread-13] [                                                 ] o.s.data.cassandra.core.cql.CqlTemplate  : Preparing statement [SELECT * FROM customers] using org.springframework.data.cassandra.core.CassandraTemplate$PreparedStatementHandler@5788375
2025-08-09T23:14:55.947-03:00 DEBUG 98192 --- [beauty-salon-backend] [ool-3-thread-13] [                                                 ] o.s.data.cassandra.core.cql.CqlTemplate  : Executing prepared statement [SELECT * FROM customers]
2025-08-09T23:14:55.951-03:00 DEBUG 98192 --- [beauty-salon-backend] [ool-3-thread-20] [                                                 ] o.s.d.c.c.c.MappingCassandraConverter    : doWithProperties Property.type java.util.UUID, Property.value b3873421-dc92-4038-9672-bc6e854907c3
2025-08-09T23:14:55.951-03:00 DEBUG 98192 --- [beauty-salon-backend] [ool-3-thread-20] [                                                 ] o.s.d.c.c.c.MappingCassandraConverter    : Adding map.entry [id] - [b3873421-dc92-4038-9672-bc6e854907c3]
2025-08-09T23:14:55.951-03:00 DEBUG 98192 --- [beauty-salon-backend] [ool-3-thread-20] [                                                 ] o.s.d.c.c.c.MappingCassandraConverter    : doWithProperties Property.type java.lang.String, Property.value Pool Test 90
2025-08-09T23:14:55.951-03:00 DEBUG 98192 --- [beauty-salon-backend] [ool-3-thread-20] [                                                 ] o.s.d.c.c.c.MappingCassandraConverter    : Adding map.entry [name] - [Pool Test 90]
2025-08-09T23:14:55.951-03:00 DEBUG 98192 --- [beauty-salon-backend] [ool-3-thread-20] [                                                 ] o.s.d.c.c.c.MappingCassandraConverter    : doWithProperties Property.type java.lang.String, Property.value pooltest90@example.com
2025-08-09T23:14:55.951-03:00 DEBUG 98192 --- [beauty-salon-backend] [ool-3-thread-20] [                                                 ] o.s.d.c.c.c.MappingCassandraConverter    : Adding map.entry [email] - [pooltest90@example.com]
2025-08-09T23:14:55.951-03:00 DEBUG 98192 --- [beauty-salon-backend] [ool-3-thread-20] [                                                 ] o.s.d.c.c.c.MappingCassandraConverter    : doWithProperties Property.type java.lang.String, Property.value 5550000090
2025-08-09T23:14:55.951-03:00 DEBUG 98192 --- [beauty-salon-backend] [ool-3-thread-20] [                                                 ] o.s.d.c.c.c.MappingCassandraConverter    : Adding map.entry [phone] - [5550000090]
2025-08-09T23:14:55.951-03:00 DEBUG 98192 --- [beauty-salon-backend] [ool-3-thread-20] [                                                 ] o.s.d.c.c.c.MappingCassandraConverter    : doWithProperties Property.type java.lang.String, Property.value Pool Address 90
2025-08-09T23:14:55.951-03:00 DEBUG 98192 --- [beauty-salon-backend] [ool-3-thread-20] [                                                 ] o.s.d.c.c.c.MappingCassandraConverter    : Adding map.entry [address] - [Pool Address 90]
2025-08-09T23:14:55.951-03:00 DEBUG 98192 --- [beauty-salon-backend] [ool-3-thread-20] [                                                 ] o.s.d.c.c.c.MappingCassandraConverter    : doWithProperties Property.type java.time.Instant, Property.value 2025-08-10T02:14:55.951133Z
2025-08-09T23:14:55.951-03:00 DEBUG 98192 --- [beauty-salon-backend] [ool-3-thread-20] [                                                 ] o.s.d.c.c.c.MappingCassandraConverter    : Adding map.entry [created_at] - [2025-08-10T02:14:55.951133Z]
2025-08-09T23:14:55.951-03:00 DEBUG 98192 --- [beauty-salon-backend] [ool-3-thread-20] [                                                 ] o.s.d.c.c.c.MappingCassandraConverter    : doWithProperties Property.type java.time.Instant, Property.value 2025-08-10T02:14:55.951133Z
2025-08-09T23:14:55.951-03:00 DEBUG 98192 --- [beauty-salon-backend] [ool-3-thread-20] [                                                 ] o.s.d.c.c.c.MappingCassandraConverter    : Adding map.entry [updated_at] - [2025-08-10T02:14:55.951133Z]
2025-08-09T23:14:55.951-03:00 DEBUG 98192 --- [beauty-salon-backend] [ool-3-thread-20] [                                                 ] o.s.data.cassandra.core.cql.CqlTemplate  : Preparing statement [INSERT INTO customers (id,name,email,phone,address,created_at,updated_at) VALUES (?,?,?,?,?,?,?)] using org.springframework.data.cassandra.core.CassandraTemplate$PreparedStatementHandler@744fddeb
2025-08-09T23:14:55.951-03:00 DEBUG 98192 --- [beauty-salon-backend] [ool-3-thread-20] [                                                 ] o.s.data.cassandra.core.cql.CqlTemplate  : Executing prepared statement [INSERT INTO customers (id,name,email,phone,address,created_at,updated_at) VALUES (?,?,?,?,?,?,?)]
2025-08-09T23:14:55.953-03:00 DEBUG 98192 --- [beauty-salon-backend] [ool-3-thread-12] [                                                 ] o.s.d.c.c.c.MappingCassandraConverter    : doWithProperties Property.type java.util.UUID, Property.value fe6bcacf-0740-477a-9131-2e7a9e4d8bbb
2025-08-09T23:14:55.953-03:00 DEBUG 98192 --- [beauty-salon-backend] [ool-3-thread-12] [                                                 ] o.s.d.c.c.c.MappingCassandraConverter    : Adding map.entry [id] - [fe6bcacf-0740-477a-9131-2e7a9e4d8bbb]
2025-08-09T23:14:55.953-03:00 DEBUG 98192 --- [beauty-salon-backend] [ool-3-thread-12] [                                                 ] o.s.d.c.c.c.MappingCassandraConverter    : doWithProperties Property.type java.lang.String, Property.value Pool Test 93
2025-08-09T23:14:55.953-03:00 DEBUG 98192 --- [beauty-salon-backend] [ool-3-thread-12] [                                                 ] o.s.d.c.c.c.MappingCassandraConverter    : Adding map.entry [name] - [Pool Test 93]
2025-08-09T23:14:55.953-03:00 DEBUG 98192 --- [beauty-salon-backend] [ool-3-thread-12] [                                                 ] o.s.d.c.c.c.MappingCassandraConverter    : doWithProperties Property.type java.lang.String, Property.value pooltest93@example.com
2025-08-09T23:14:55.953-03:00 DEBUG 98192 --- [beauty-salon-backend] [ool-3-thread-12] [                                                 ] o.s.d.c.c.c.MappingCassandraConverter    : Adding map.entry [email] - [pooltest93@example.com]
2025-08-09T23:14:55.953-03:00 DEBUG 98192 --- [beauty-salon-backend] [ool-3-thread-12] [                                                 ] o.s.d.c.c.c.MappingCassandraConverter    : doWithProperties Property.type java.lang.String, Property.value 5550000093
2025-08-09T23:14:55.953-03:00 DEBUG 98192 --- [beauty-salon-backend] [ool-3-thread-12] [                                                 ] o.s.d.c.c.c.MappingCassandraConverter    : Adding map.entry [phone] - [5550000093]
2025-08-09T23:14:55.953-03:00 DEBUG 98192 --- [beauty-salon-backend] [ool-3-thread-12] [                                                 ] o.s.d.c.c.c.MappingCassandraConverter    : doWithProperties Property.type java.lang.String, Property.value Pool Address 93
2025-08-09T23:14:55.953-03:00 DEBUG 98192 --- [beauty-salon-backend] [ool-3-thread-12] [                                                 ] o.s.d.c.c.c.MappingCassandraConverter    : Adding map.entry [address] - [Pool Address 93]
2025-08-09T23:14:55.953-03:00 DEBUG 98192 --- [beauty-salon-backend] [ool-3-thread-12] [                                                 ] o.s.d.c.c.c.MappingCassandraConverter    : doWithProperties Property.type java.time.Instant, Property.value 2025-08-10T02:14:55.953574Z
2025-08-09T23:14:55.953-03:00 DEBUG 98192 --- [beauty-salon-backend] [ool-3-thread-12] [                                                 ] o.s.d.c.c.c.MappingCassandraConverter    : Adding map.entry [created_at] - [2025-08-10T02:14:55.953574Z]
2025-08-09T23:14:55.953-03:00 DEBUG 98192 --- [beauty-salon-backend] [ool-3-thread-12] [                                                 ] o.s.d.c.c.c.MappingCassandraConverter    : doWithProperties Property.type java.time.Instant, Property.value 2025-08-10T02:14:55.953574Z
2025-08-09T23:14:55.953-03:00 DEBUG 98192 --- [beauty-salon-backend] [ool-3-thread-12] [                                                 ] o.s.d.c.c.c.MappingCassandraConverter    : Adding map.entry [updated_at] - [2025-08-10T02:14:55.953574Z]
2025-08-09T23:14:55.953-03:00 DEBUG 98192 --- [beauty-salon-backend] [ool-3-thread-12] [                                                 ] o.s.data.cassandra.core.cql.CqlTemplate  : Preparing statement [INSERT INTO customers (id,name,email,phone,address,created_at,updated_at) VALUES (?,?,?,?,?,?,?)] using org.springframework.data.cassandra.core.CassandraTemplate$PreparedStatementHandler@21906246
2025-08-09T23:14:55.953-03:00 DEBUG 98192 --- [beauty-salon-backend] [ool-3-thread-12] [                                                 ] o.s.data.cassandra.core.cql.CqlTemplate  : Executing prepared statement [INSERT INTO customers (id,name,email,phone,address,created_at,updated_at) VALUES (?,?,?,?,?,?,?)]
2025-08-09T23:14:55.954-03:00 DEBUG 98192 --- [beauty-salon-backend] [ool-3-thread-11] [                                                 ] o.s.data.cassandra.core.cql.CqlTemplate  : Preparing statement [SELECT * FROM customers WHERE id=? LIMIT 1] using org.springframework.data.cassandra.core.CassandraTemplate$PreparedStatementHandler@370510bf
2025-08-09T23:14:55.954-03:00 DEBUG 98192 --- [beauty-salon-backend] [ool-3-thread-11] [                                                 ] o.s.data.cassandra.core.cql.CqlTemplate  : Executing prepared statement [SELECT * FROM customers WHERE id=? LIMIT 1]
2025-08-09T23:14:55.958-03:00 DEBUG 98192 --- [beauty-salon-backend] [ool-3-thread-20] [                                                 ] o.s.data.cassandra.core.cql.CqlTemplate  : Preparing statement [SELECT * FROM customers] using org.springframework.data.cassandra.core.CassandraTemplate$PreparedStatementHandler@189aa709
2025-08-09T23:14:55.959-03:00 DEBUG 98192 --- [beauty-salon-backend] [ool-3-thread-20] [                                                 ] o.s.data.cassandra.core.cql.CqlTemplate  : Executing prepared statement [SELECT * FROM customers]
2025-08-09T23:14:55.959-03:00 DEBUG 98192 --- [beauty-salon-backend] [ool-3-thread-10] [                                                 ] o.s.d.c.c.c.MappingCassandraConverter    : doWithProperties Property.type java.util.UUID, Property.value ca7c312b-3a21-4eba-9db9-2ba50d857a3d
2025-08-09T23:14:55.959-03:00 DEBUG 98192 --- [beauty-salon-backend] [ool-3-thread-10] [                                                 ] o.s.d.c.c.c.MappingCassandraConverter    : Adding map.entry [id] - [ca7c312b-3a21-4eba-9db9-2ba50d857a3d]
2025-08-09T23:14:55.960-03:00 DEBUG 98192 --- [beauty-salon-backend] [ool-3-thread-10] [                                                 ] o.s.d.c.c.c.MappingCassandraConverter    : doWithProperties Property.type java.lang.String, Property.value Pool Test 96
2025-08-09T23:14:55.960-03:00 DEBUG 98192 --- [beauty-salon-backend] [ool-3-thread-10] [                                                 ] o.s.d.c.c.c.MappingCassandraConverter    : Adding map.entry [name] - [Pool Test 96]
2025-08-09T23:14:55.960-03:00 DEBUG 98192 --- [beauty-salon-backend] [ool-3-thread-10] [                                                 ] o.s.d.c.c.c.MappingCassandraConverter    : doWithProperties Property.type java.lang.String, Property.value pooltest96@example.com
2025-08-09T23:14:55.960-03:00 DEBUG 98192 --- [beauty-salon-backend] [ool-3-thread-10] [                                                 ] o.s.d.c.c.c.MappingCassandraConverter    : Adding map.entry [email] - [pooltest96@example.com]
2025-08-09T23:14:55.960-03:00 DEBUG 98192 --- [beauty-salon-backend] [ool-3-thread-10] [                                                 ] o.s.d.c.c.c.MappingCassandraConverter    : doWithProperties Property.type java.lang.String, Property.value 5550000096
2025-08-09T23:14:55.960-03:00 DEBUG 98192 --- [beauty-salon-backend] [ool-3-thread-10] [                                                 ] o.s.d.c.c.c.MappingCassandraConverter    : Adding map.entry [phone] - [5550000096]
2025-08-09T23:14:55.960-03:00 DEBUG 98192 --- [beauty-salon-backend] [ool-3-thread-10] [                                                 ] o.s.d.c.c.c.MappingCassandraConverter    : doWithProperties Property.type java.lang.String, Property.value Pool Address 96
2025-08-09T23:14:55.960-03:00 DEBUG 98192 --- [beauty-salon-backend] [ool-3-thread-10] [                                                 ] o.s.d.c.c.c.MappingCassandraConverter    : Adding map.entry [address] - [Pool Address 96]
2025-08-09T23:14:55.960-03:00 DEBUG 98192 --- [beauty-salon-backend] [ool-3-thread-10] [                                                 ] o.s.d.c.c.c.MappingCassandraConverter    : doWithProperties Property.type java.time.Instant, Property.value 2025-08-10T02:14:55.959829Z
2025-08-09T23:14:55.960-03:00 DEBUG 98192 --- [beauty-salon-backend] [ool-3-thread-10] [                                                 ] o.s.d.c.c.c.MappingCassandraConverter    : Adding map.entry [created_at] - [2025-08-10T02:14:55.959829Z]
2025-08-09T23:14:55.960-03:00 DEBUG 98192 --- [beauty-salon-backend] [ool-3-thread-10] [                                                 ] o.s.d.c.c.c.MappingCassandraConverter    : doWithProperties Property.type java.time.Instant, Property.value 2025-08-10T02:14:55.959830Z
2025-08-09T23:14:55.960-03:00 DEBUG 98192 --- [beauty-salon-backend] [ool-3-thread-10] [                                                 ] o.s.d.c.c.c.MappingCassandraConverter    : Adding map.entry [updated_at] - [2025-08-10T02:14:55.959830Z]
2025-08-09T23:14:55.960-03:00 DEBUG 98192 --- [beauty-salon-backend] [ool-3-thread-14] [                                                 ] o.s.data.cassandra.core.cql.CqlTemplate  : Preparing statement [SELECT * FROM customers] using org.springframework.data.cassandra.core.CassandraTemplate$PreparedStatementHandler@50fd056b
2025-08-09T23:14:55.960-03:00 DEBUG 98192 --- [beauty-salon-backend] [ool-3-thread-17] [                                                 ] o.s.data.cassandra.core.cql.CqlTemplate  : Preparing statement [SELECT * FROM customers WHERE id=? LIMIT 1] using org.springframework.data.cassandra.core.CassandraTemplate$PreparedStatementHandler@5d231d62
2025-08-09T23:14:55.960-03:00 DEBUG 98192 --- [beauty-salon-backend] [ool-3-thread-14] [                                                 ] o.s.data.cassandra.core.cql.CqlTemplate  : Executing prepared statement [SELECT * FROM customers]
2025-08-09T23:14:55.960-03:00 DEBUG 98192 --- [beauty-salon-backend] [ool-3-thread-10] [                                                 ] o.s.data.cassandra.core.cql.CqlTemplate  : Preparing statement [INSERT INTO customers (id,name,email,phone,address,created_at,updated_at) VALUES (?,?,?,?,?,?,?)] using org.springframework.data.cassandra.core.CassandraTemplate$PreparedStatementHandler@4bde8b19
2025-08-09T23:14:55.960-03:00 DEBUG 98192 --- [beauty-salon-backend] [ool-3-thread-10] [                                                 ] o.s.data.cassandra.core.cql.CqlTemplate  : Executing prepared statement [INSERT INTO customers (id,name,email,phone,address,created_at,updated_at) VALUES (?,?,?,?,?,?,?)]
2025-08-09T23:14:55.961-03:00 DEBUG 98192 --- [beauty-salon-backend] [pool-3-thread-4] [                                                 ] o.s.d.c.c.c.MappingCassandraConverter    : doWithProperties Property.type java.util.UUID, Property.value 9ccb3a5b-c1cd-45b5-a041-d0f6829adba9
2025-08-09T23:14:55.961-03:00 DEBUG 98192 --- [beauty-salon-backend] [pool-3-thread-4] [                                                 ] o.s.d.c.c.c.MappingCassandraConverter    : Adding map.entry [id] - [9ccb3a5b-c1cd-45b5-a041-d0f6829adba9]
2025-08-09T23:14:55.961-03:00 DEBUG 98192 --- [beauty-salon-backend] [pool-3-thread-4] [                                                 ] o.s.d.c.c.c.MappingCassandraConverter    : doWithProperties Property.type java.lang.String, Property.value Pool Test 99
2025-08-09T23:14:55.961-03:00 DEBUG 98192 --- [beauty-salon-backend] [pool-3-thread-4] [                                                 ] o.s.d.c.c.c.MappingCassandraConverter    : Adding map.entry [name] - [Pool Test 99]
2025-08-09T23:14:55.961-03:00 DEBUG 98192 --- [beauty-salon-backend] [pool-3-thread-4] [                                                 ] o.s.d.c.c.c.MappingCassandraConverter    : doWithProperties Property.type java.lang.String, Property.value pooltest99@example.com
2025-08-09T23:14:55.961-03:00 DEBUG 98192 --- [beauty-salon-backend] [pool-3-thread-4] [                                                 ] o.s.d.c.c.c.MappingCassandraConverter    : Adding map.entry [email] - [pooltest99@example.com]
2025-08-09T23:14:55.961-03:00 DEBUG 98192 --- [beauty-salon-backend] [pool-3-thread-4] [                                                 ] o.s.d.c.c.c.MappingCassandraConverter    : doWithProperties Property.type java.lang.String, Property.value 5550000099
2025-08-09T23:14:55.961-03:00 DEBUG 98192 --- [beauty-salon-backend] [pool-3-thread-4] [                                                 ] o.s.d.c.c.c.MappingCassandraConverter    : Adding map.entry [phone] - [5550000099]
2025-08-09T23:14:55.961-03:00 DEBUG 98192 --- [beauty-salon-backend] [pool-3-thread-4] [                                                 ] o.s.d.c.c.c.MappingCassandraConverter    : doWithProperties Property.type java.lang.String, Property.value Pool Address 99
2025-08-09T23:14:55.961-03:00 DEBUG 98192 --- [beauty-salon-backend] [pool-3-thread-4] [                                                 ] o.s.d.c.c.c.MappingCassandraConverter    : Adding map.entry [address] - [Pool Address 99]
2025-08-09T23:14:55.961-03:00 DEBUG 98192 --- [beauty-salon-backend] [pool-3-thread-4] [                                                 ] o.s.d.c.c.c.MappingCassandraConverter    : doWithProperties Property.type java.time.Instant, Property.value 2025-08-10T02:14:55.961415Z
2025-08-09T23:14:55.961-03:00 DEBUG 98192 --- [beauty-salon-backend] [pool-3-thread-4] [                                                 ] o.s.d.c.c.c.MappingCassandraConverter    : Adding map.entry [created_at] - [2025-08-10T02:14:55.961415Z]
2025-08-09T23:14:55.961-03:00 DEBUG 98192 --- [beauty-salon-backend] [pool-3-thread-4] [                                                 ] o.s.d.c.c.c.MappingCassandraConverter    : doWithProperties Property.type java.time.Instant, Property.value 2025-08-10T02:14:55.961416Z
2025-08-09T23:14:55.961-03:00 DEBUG 98192 --- [beauty-salon-backend] [pool-3-thread-4] [                                                 ] o.s.d.c.c.c.MappingCassandraConverter    : Adding map.entry [updated_at] - [2025-08-10T02:14:55.961416Z]
2025-08-09T23:14:55.961-03:00 DEBUG 98192 --- [beauty-salon-backend] [pool-3-thread-4] [                                                 ] o.s.data.cassandra.core.cql.CqlTemplate  : Preparing statement [INSERT INTO customers (id,name,email,phone,address,created_at,updated_at) VALUES (?,?,?,?,?,?,?)] using org.springframework.data.cassandra.core.CassandraTemplate$PreparedStatementHandler@2198720d
2025-08-09T23:14:55.961-03:00 DEBUG 98192 --- [beauty-salon-backend] [pool-3-thread-4] [                                                 ] o.s.data.cassandra.core.cql.CqlTemplate  : Executing prepared statement [INSERT INTO customers (id,name,email,phone,address,created_at,updated_at) VALUES (?,?,?,?,?,?,?)]
2025-08-09T23:14:55.960-03:00 DEBUG 98192 --- [beauty-salon-backend] [ool-3-thread-17] [                                                 ] o.s.data.cassandra.core.cql.CqlTemplate  : Executing prepared statement [SELECT * FROM customers WHERE id=? LIMIT 1]
2025-08-09T23:14:55.962-03:00 DEBUG 98192 --- [beauty-salon-backend] [ool-3-thread-19] [                                                 ] o.s.data.cassandra.core.cql.CqlTemplate  : Preparing statement [SELECT * FROM customers WHERE id=? LIMIT 1] using org.springframework.data.cassandra.core.CassandraTemplate$PreparedStatementHandler@474e91f4
2025-08-09T23:14:55.962-03:00 DEBUG 98192 --- [beauty-salon-backend] [ool-3-thread-19] [                                                 ] o.s.data.cassandra.core.cql.CqlTemplate  : Executing prepared statement [SELECT * FROM customers WHERE id=? LIMIT 1]
📊 CONNECTION POOL PERFORMANCE RESULTS:
✅ Success Rate: 100,00% (100/100)
🚀 Throughput: 662,25 req/s
⏱️  Average Response Time: 27,01 ms
⚡ Min Response Time: 4 ms
🔥 Max Response Time: 122 ms
⏰ Total Test Duration: 151 ms
🔗 Concurrency Level: 20 threads
✅ Connection Pool Performance Test PASSED!
]]></system-out>
  </testcase>
  <testcase name="testCachePerformanceComparison" classname="com.beautysalon.performance.Phase2ComparisonTest" time="0.105">
    <system-out><![CDATA[2025-08-09T23:14:55.985-03:00 DEBUG 98192 --- [beauty-salon-backend] [           main] [                                                 ] o.s.d.c.c.c.MappingCassandraConverter    : doWithProperties Property.type java.util.UUID, Property.value 0a42a0ee-f7f5-4acd-9abb-a140e3b600d4
2025-08-09T23:14:55.985-03:00 DEBUG 98192 --- [beauty-salon-backend] [           main] [                                                 ] o.s.d.c.c.c.MappingCassandraConverter    : Adding map.entry [id] - [0a42a0ee-f7f5-4acd-9abb-a140e3b600d4]
2025-08-09T23:14:55.985-03:00 DEBUG 98192 --- [beauty-salon-backend] [           main] [                                                 ] o.s.d.c.c.c.MappingCassandraConverter    : doWithProperties Property.type java.lang.String, Property.value Phase2 Test Customer 0
2025-08-09T23:14:55.985-03:00 DEBUG 98192 --- [beauty-salon-backend] [           main] [                                                 ] o.s.d.c.c.c.MappingCassandraConverter    : Adding map.entry [name] - [Phase2 Test Customer 0]
2025-08-09T23:14:55.985-03:00 DEBUG 98192 --- [beauty-salon-backend] [           main] [                                                 ] o.s.d.c.c.c.MappingCassandraConverter    : doWithProperties Property.type java.lang.String, Property.value phase2test0@example.com
2025-08-09T23:14:55.985-03:00 DEBUG 98192 --- [beauty-salon-backend] [           main] [                                                 ] o.s.d.c.c.c.MappingCassandraConverter    : Adding map.entry [email] - [phase2test0@example.com]
2025-08-09T23:14:55.985-03:00 DEBUG 98192 --- [beauty-salon-backend] [           main] [                                                 ] o.s.d.c.c.c.MappingCassandraConverter    : doWithProperties Property.type java.lang.String, Property.value 5550000000
2025-08-09T23:14:55.985-03:00 DEBUG 98192 --- [beauty-salon-backend] [           main] [                                                 ] o.s.d.c.c.c.MappingCassandraConverter    : Adding map.entry [phone] - [5550000000]
2025-08-09T23:14:55.985-03:00 DEBUG 98192 --- [beauty-salon-backend] [           main] [                                                 ] o.s.d.c.c.c.MappingCassandraConverter    : doWithProperties Property.type java.lang.String, Property.value 123 Phase2 St 0
2025-08-09T23:14:55.985-03:00 DEBUG 98192 --- [beauty-salon-backend] [           main] [                                                 ] o.s.d.c.c.c.MappingCassandraConverter    : Adding map.entry [address] - [123 Phase2 St 0]
2025-08-09T23:14:55.985-03:00 DEBUG 98192 --- [beauty-salon-backend] [           main] [                                                 ] o.s.d.c.c.c.MappingCassandraConverter    : doWithProperties Property.type java.time.Instant, Property.value 2025-08-10T02:14:55.985286Z
2025-08-09T23:14:55.985-03:00 DEBUG 98192 --- [beauty-salon-backend] [           main] [                                                 ] o.s.d.c.c.c.MappingCassandraConverter    : Adding map.entry [created_at] - [2025-08-10T02:14:55.985286Z]
2025-08-09T23:14:55.985-03:00 DEBUG 98192 --- [beauty-salon-backend] [           main] [                                                 ] o.s.d.c.c.c.MappingCassandraConverter    : doWithProperties Property.type java.time.Instant, Property.value 2025-08-10T02:14:55.985287Z
2025-08-09T23:14:55.985-03:00 DEBUG 98192 --- [beauty-salon-backend] [           main] [                                                 ] o.s.d.c.c.c.MappingCassandraConverter    : Adding map.entry [updated_at] - [2025-08-10T02:14:55.985287Z]
2025-08-09T23:14:55.985-03:00 DEBUG 98192 --- [beauty-salon-backend] [           main] [                                                 ] o.s.data.cassandra.core.cql.CqlTemplate  : Preparing statement [INSERT INTO customers (id,name,email,phone,address,created_at,updated_at) VALUES (?,?,?,?,?,?,?)] using org.springframework.data.cassandra.core.CassandraTemplate$PreparedStatementHandler@7c571f9a
2025-08-09T23:14:55.985-03:00 DEBUG 98192 --- [beauty-salon-backend] [           main] [                                                 ] o.s.data.cassandra.core.cql.CqlTemplate  : Executing prepared statement [INSERT INTO customers (id,name,email,phone,address,created_at,updated_at) VALUES (?,?,?,?,?,?,?)]
2025-08-09T23:14:55.991-03:00 DEBUG 98192 --- [beauty-salon-backend] [           main] [                                                 ] o.s.d.c.c.c.MappingCassandraConverter    : doWithProperties Property.type java.util.UUID, Property.value 01ee54b5-b506-43c7-8028-38db50691b0d
2025-08-09T23:14:55.991-03:00 DEBUG 98192 --- [beauty-salon-backend] [           main] [                                                 ] o.s.d.c.c.c.MappingCassandraConverter    : Adding map.entry [id] - [01ee54b5-b506-43c7-8028-38db50691b0d]
2025-08-09T23:14:55.991-03:00 DEBUG 98192 --- [beauty-salon-backend] [           main] [                                                 ] o.s.d.c.c.c.MappingCassandraConverter    : doWithProperties Property.type java.lang.String, Property.value Phase2 Test Customer 1
2025-08-09T23:14:55.991-03:00 DEBUG 98192 --- [beauty-salon-backend] [           main] [                                                 ] o.s.d.c.c.c.MappingCassandraConverter    : Adding map.entry [name] - [Phase2 Test Customer 1]
2025-08-09T23:14:55.991-03:00 DEBUG 98192 --- [beauty-salon-backend] [           main] [                                                 ] o.s.d.c.c.c.MappingCassandraConverter    : doWithProperties Property.type java.lang.String, Property.value phase2test1@example.com
2025-08-09T23:14:55.991-03:00 DEBUG 98192 --- [beauty-salon-backend] [           main] [                                                 ] o.s.d.c.c.c.MappingCassandraConverter    : Adding map.entry [email] - [phase2test1@example.com]
2025-08-09T23:14:55.991-03:00 DEBUG 98192 --- [beauty-salon-backend] [           main] [                                                 ] o.s.d.c.c.c.MappingCassandraConverter    : doWithProperties Property.type java.lang.String, Property.value 5550000001
2025-08-09T23:14:55.991-03:00 DEBUG 98192 --- [beauty-salon-backend] [           main] [                                                 ] o.s.d.c.c.c.MappingCassandraConverter    : Adding map.entry [phone] - [5550000001]
2025-08-09T23:14:55.991-03:00 DEBUG 98192 --- [beauty-salon-backend] [           main] [                                                 ] o.s.d.c.c.c.MappingCassandraConverter    : doWithProperties Property.type java.lang.String, Property.value 123 Phase2 St 1
2025-08-09T23:14:55.991-03:00 DEBUG 98192 --- [beauty-salon-backend] [           main] [                                                 ] o.s.d.c.c.c.MappingCassandraConverter    : Adding map.entry [address] - [123 Phase2 St 1]
2025-08-09T23:14:55.991-03:00 DEBUG 98192 --- [beauty-salon-backend] [           main] [                                                 ] o.s.d.c.c.c.MappingCassandraConverter    : doWithProperties Property.type java.time.Instant, Property.value 2025-08-10T02:14:55.990989Z
2025-08-09T23:14:55.991-03:00 DEBUG 98192 --- [beauty-salon-backend] [           main] [                                                 ] o.s.d.c.c.c.MappingCassandraConverter    : Adding map.entry [created_at] - [2025-08-10T02:14:55.990989Z]
2025-08-09T23:14:55.991-03:00 DEBUG 98192 --- [beauty-salon-backend] [           main] [                                                 ] o.s.d.c.c.c.MappingCassandraConverter    : doWithProperties Property.type java.time.Instant, Property.value 2025-08-10T02:14:55.990989Z
2025-08-09T23:14:55.991-03:00 DEBUG 98192 --- [beauty-salon-backend] [           main] [                                                 ] o.s.d.c.c.c.MappingCassandraConverter    : Adding map.entry [updated_at] - [2025-08-10T02:14:55.990989Z]
2025-08-09T23:14:55.991-03:00 DEBUG 98192 --- [beauty-salon-backend] [           main] [                                                 ] o.s.data.cassandra.core.cql.CqlTemplate  : Preparing statement [INSERT INTO customers (id,name,email,phone,address,created_at,updated_at) VALUES (?,?,?,?,?,?,?)] using org.springframework.data.cassandra.core.CassandraTemplate$PreparedStatementHandler@3c1e721
2025-08-09T23:14:55.991-03:00 DEBUG 98192 --- [beauty-salon-backend] [           main] [                                                 ] o.s.data.cassandra.core.cql.CqlTemplate  : Executing prepared statement [INSERT INTO customers (id,name,email,phone,address,created_at,updated_at) VALUES (?,?,?,?,?,?,?)]
2025-08-09T23:14:55.996-03:00 DEBUG 98192 --- [beauty-salon-backend] [           main] [                                                 ] o.s.d.c.c.c.MappingCassandraConverter    : doWithProperties Property.type java.util.UUID, Property.value 949e4b72-aab6-4c9b-9cd9-8246d867f2e7
2025-08-09T23:14:55.996-03:00 DEBUG 98192 --- [beauty-salon-backend] [           main] [                                                 ] o.s.d.c.c.c.MappingCassandraConverter    : Adding map.entry [id] - [949e4b72-aab6-4c9b-9cd9-8246d867f2e7]
2025-08-09T23:14:55.996-03:00 DEBUG 98192 --- [beauty-salon-backend] [           main] [                                                 ] o.s.d.c.c.c.MappingCassandraConverter    : doWithProperties Property.type java.lang.String, Property.value Phase2 Test Customer 2
2025-08-09T23:14:55.996-03:00 DEBUG 98192 --- [beauty-salon-backend] [           main] [                                                 ] o.s.d.c.c.c.MappingCassandraConverter    : Adding map.entry [name] - [Phase2 Test Customer 2]
2025-08-09T23:14:55.996-03:00 DEBUG 98192 --- [beauty-salon-backend] [           main] [                                                 ] o.s.d.c.c.c.MappingCassandraConverter    : doWithProperties Property.type java.lang.String, Property.value phase2test2@example.com
2025-08-09T23:14:55.996-03:00 DEBUG 98192 --- [beauty-salon-backend] [           main] [                                                 ] o.s.d.c.c.c.MappingCassandraConverter    : Adding map.entry [email] - [phase2test2@example.com]
2025-08-09T23:14:55.996-03:00 DEBUG 98192 --- [beauty-salon-backend] [           main] [                                                 ] o.s.d.c.c.c.MappingCassandraConverter    : doWithProperties Property.type java.lang.String, Property.value 5550000002
2025-08-09T23:14:55.996-03:00 DEBUG 98192 --- [beauty-salon-backend] [           main] [                                                 ] o.s.d.c.c.c.MappingCassandraConverter    : Adding map.entry [phone] - [5550000002]
2025-08-09T23:14:55.996-03:00 DEBUG 98192 --- [beauty-salon-backend] [           main] [                                                 ] o.s.d.c.c.c.MappingCassandraConverter    : doWithProperties Property.type java.lang.String, Property.value 123 Phase2 St 2
2025-08-09T23:14:55.996-03:00 DEBUG 98192 --- [beauty-salon-backend] [           main] [                                                 ] o.s.d.c.c.c.MappingCassandraConverter    : Adding map.entry [address] - [123 Phase2 St 2]
2025-08-09T23:14:55.996-03:00 DEBUG 98192 --- [beauty-salon-backend] [           main] [                                                 ] o.s.d.c.c.c.MappingCassandraConverter    : doWithProperties Property.type java.time.Instant, Property.value 2025-08-10T02:14:55.995932Z
2025-08-09T23:14:55.996-03:00 DEBUG 98192 --- [beauty-salon-backend] [           main] [                                                 ] o.s.d.c.c.c.MappingCassandraConverter    : Adding map.entry [created_at] - [2025-08-10T02:14:55.995932Z]
2025-08-09T23:14:55.996-03:00 DEBUG 98192 --- [beauty-salon-backend] [           main] [                                                 ] o.s.d.c.c.c.MappingCassandraConverter    : doWithProperties Property.type java.time.Instant, Property.value 2025-08-10T02:14:55.995932Z
2025-08-09T23:14:55.996-03:00 DEBUG 98192 --- [beauty-salon-backend] [           main] [                                                 ] o.s.d.c.c.c.MappingCassandraConverter    : Adding map.entry [updated_at] - [2025-08-10T02:14:55.995932Z]
2025-08-09T23:14:55.996-03:00 DEBUG 98192 --- [beauty-salon-backend] [           main] [                                                 ] o.s.data.cassandra.core.cql.CqlTemplate  : Preparing statement [INSERT INTO customers (id,name,email,phone,address,created_at,updated_at) VALUES (?,?,?,?,?,?,?)] using org.springframework.data.cassandra.core.CassandraTemplate$PreparedStatementHandler@63cd4ef
2025-08-09T23:14:55.996-03:00 DEBUG 98192 --- [beauty-salon-backend] [           main] [                                                 ] o.s.data.cassandra.core.cql.CqlTemplate  : Executing prepared statement [INSERT INTO customers (id,name,email,phone,address,created_at,updated_at) VALUES (?,?,?,?,?,?,?)]
2025-08-09T23:14:56.000-03:00 DEBUG 98192 --- [beauty-salon-backend] [           main] [                                                 ] o.s.d.c.c.c.MappingCassandraConverter    : doWithProperties Property.type java.util.UUID, Property.value d8c933fe-cbe6-473d-8289-ed2ca2d80641
2025-08-09T23:14:56.000-03:00 DEBUG 98192 --- [beauty-salon-backend] [           main] [                                                 ] o.s.d.c.c.c.MappingCassandraConverter    : Adding map.entry [id] - [d8c933fe-cbe6-473d-8289-ed2ca2d80641]
2025-08-09T23:14:56.000-03:00 DEBUG 98192 --- [beauty-salon-backend] [           main] [                                                 ] o.s.d.c.c.c.MappingCassandraConverter    : doWithProperties Property.type java.lang.String, Property.value Phase2 Test Customer 3
2025-08-09T23:14:56.000-03:00 DEBUG 98192 --- [beauty-salon-backend] [           main] [                                                 ] o.s.d.c.c.c.MappingCassandraConverter    : Adding map.entry [name] - [Phase2 Test Customer 3]
2025-08-09T23:14:56.000-03:00 DEBUG 98192 --- [beauty-salon-backend] [           main] [                                                 ] o.s.d.c.c.c.MappingCassandraConverter    : doWithProperties Property.type java.lang.String, Property.value phase2test3@example.com
2025-08-09T23:14:56.000-03:00 DEBUG 98192 --- [beauty-salon-backend] [           main] [                                                 ] o.s.d.c.c.c.MappingCassandraConverter    : Adding map.entry [email] - [phase2test3@example.com]
2025-08-09T23:14:56.000-03:00 DEBUG 98192 --- [beauty-salon-backend] [           main] [                                                 ] o.s.d.c.c.c.MappingCassandraConverter    : doWithProperties Property.type java.lang.String, Property.value 5550000003
2025-08-09T23:14:56.000-03:00 DEBUG 98192 --- [beauty-salon-backend] [           main] [                                                 ] o.s.d.c.c.c.MappingCassandraConverter    : Adding map.entry [phone] - [5550000003]
2025-08-09T23:14:56.000-03:00 DEBUG 98192 --- [beauty-salon-backend] [           main] [                                                 ] o.s.d.c.c.c.MappingCassandraConverter    : doWithProperties Property.type java.lang.String, Property.value 123 Phase2 St 3
2025-08-09T23:14:56.000-03:00 DEBUG 98192 --- [beauty-salon-backend] [           main] [                                                 ] o.s.d.c.c.c.MappingCassandraConverter    : Adding map.entry [address] - [123 Phase2 St 3]
2025-08-09T23:14:56.000-03:00 DEBUG 98192 --- [beauty-salon-backend] [           main] [                                                 ] o.s.d.c.c.c.MappingCassandraConverter    : doWithProperties Property.type java.time.Instant, Property.value 2025-08-10T02:14:56.000485Z
2025-08-09T23:14:56.000-03:00 DEBUG 98192 --- [beauty-salon-backend] [           main] [                                                 ] o.s.d.c.c.c.MappingCassandraConverter    : Adding map.entry [created_at] - [2025-08-10T02:14:56.000485Z]
2025-08-09T23:14:56.000-03:00 DEBUG 98192 --- [beauty-salon-backend] [           main] [                                                 ] o.s.d.c.c.c.MappingCassandraConverter    : doWithProperties Property.type java.time.Instant, Property.value 2025-08-10T02:14:56.000485Z
2025-08-09T23:14:56.000-03:00 DEBUG 98192 --- [beauty-salon-backend] [           main] [                                                 ] o.s.d.c.c.c.MappingCassandraConverter    : Adding map.entry [updated_at] - [2025-08-10T02:14:56.000485Z]
2025-08-09T23:14:56.000-03:00 DEBUG 98192 --- [beauty-salon-backend] [           main] [                                                 ] o.s.data.cassandra.core.cql.CqlTemplate  : Preparing statement [INSERT INTO customers (id,name,email,phone,address,created_at,updated_at) VALUES (?,?,?,?,?,?,?)] using org.springframework.data.cassandra.core.CassandraTemplate$PreparedStatementHandler@78abcd0
2025-08-09T23:14:56.000-03:00 DEBUG 98192 --- [beauty-salon-backend] [           main] [                                                 ] o.s.data.cassandra.core.cql.CqlTemplate  : Executing prepared statement [INSERT INTO customers (id,name,email,phone,address,created_at,updated_at) VALUES (?,?,?,?,?,?,?)]
2025-08-09T23:14:56.004-03:00 DEBUG 98192 --- [beauty-salon-backend] [           main] [                                                 ] o.s.d.c.c.c.MappingCassandraConverter    : doWithProperties Property.type java.util.UUID, Property.value 6a493100-abbe-411f-8278-cea4dc213d42
2025-08-09T23:14:56.004-03:00 DEBUG 98192 --- [beauty-salon-backend] [           main] [                                                 ] o.s.d.c.c.c.MappingCassandraConverter    : Adding map.entry [id] - [6a493100-abbe-411f-8278-cea4dc213d42]
2025-08-09T23:14:56.004-03:00 DEBUG 98192 --- [beauty-salon-backend] [           main] [                                                 ] o.s.d.c.c.c.MappingCassandraConverter    : doWithProperties Property.type java.lang.String, Property.value Phase2 Test Customer 4
2025-08-09T23:14:56.004-03:00 DEBUG 98192 --- [beauty-salon-backend] [           main] [                                                 ] o.s.d.c.c.c.MappingCassandraConverter    : Adding map.entry [name] - [Phase2 Test Customer 4]
2025-08-09T23:14:56.004-03:00 DEBUG 98192 --- [beauty-salon-backend] [           main] [                                                 ] o.s.d.c.c.c.MappingCassandraConverter    : doWithProperties Property.type java.lang.String, Property.value phase2test4@example.com
2025-08-09T23:14:56.004-03:00 DEBUG 98192 --- [beauty-salon-backend] [           main] [                                                 ] o.s.d.c.c.c.MappingCassandraConverter    : Adding map.entry [email] - [phase2test4@example.com]
2025-08-09T23:14:56.004-03:00 DEBUG 98192 --- [beauty-salon-backend] [           main] [                                                 ] o.s.d.c.c.c.MappingCassandraConverter    : doWithProperties Property.type java.lang.String, Property.value 5550000004
2025-08-09T23:14:56.004-03:00 DEBUG 98192 --- [beauty-salon-backend] [           main] [                                                 ] o.s.d.c.c.c.MappingCassandraConverter    : Adding map.entry [phone] - [5550000004]
2025-08-09T23:14:56.004-03:00 DEBUG 98192 --- [beauty-salon-backend] [           main] [                                                 ] o.s.d.c.c.c.MappingCassandraConverter    : doWithProperties Property.type java.lang.String, Property.value 123 Phase2 St 4
2025-08-09T23:14:56.004-03:00 DEBUG 98192 --- [beauty-salon-backend] [           main] [                                                 ] o.s.d.c.c.c.MappingCassandraConverter    : Adding map.entry [address] - [123 Phase2 St 4]
2025-08-09T23:14:56.004-03:00 DEBUG 98192 --- [beauty-salon-backend] [           main] [                                                 ] o.s.d.c.c.c.MappingCassandraConverter    : doWithProperties Property.type java.time.Instant, Property.value 2025-08-10T02:14:56.004569Z
2025-08-09T23:14:56.004-03:00 DEBUG 98192 --- [beauty-salon-backend] [           main] [                                                 ] o.s.d.c.c.c.MappingCassandraConverter    : Adding map.entry [created_at] - [2025-08-10T02:14:56.004569Z]
2025-08-09T23:14:56.004-03:00 DEBUG 98192 --- [beauty-salon-backend] [           main] [                                                 ] o.s.d.c.c.c.MappingCassandraConverter    : doWithProperties Property.type java.time.Instant, Property.value 2025-08-10T02:14:56.004570Z
2025-08-09T23:14:56.004-03:00 DEBUG 98192 --- [beauty-salon-backend] [           main] [                                                 ] o.s.d.c.c.c.MappingCassandraConverter    : Adding map.entry [updated_at] - [2025-08-10T02:14:56.004570Z]
2025-08-09T23:14:56.004-03:00 DEBUG 98192 --- [beauty-salon-backend] [           main] [                                                 ] o.s.data.cassandra.core.cql.CqlTemplate  : Preparing statement [INSERT INTO customers (id,name,email,phone,address,created_at,updated_at) VALUES (?,?,?,?,?,?,?)] using org.springframework.data.cassandra.core.CassandraTemplate$PreparedStatementHandler@38babc22
2025-08-09T23:14:56.004-03:00 DEBUG 98192 --- [beauty-salon-backend] [           main] [                                                 ] o.s.data.cassandra.core.cql.CqlTemplate  : Executing prepared statement [INSERT INTO customers (id,name,email,phone,address,created_at,updated_at) VALUES (?,?,?,?,?,?,?)]
2025-08-09T23:14:56.008-03:00 DEBUG 98192 --- [beauty-salon-backend] [           main] [                                                 ] o.s.d.c.c.c.MappingCassandraConverter    : doWithProperties Property.type java.util.UUID, Property.value 1457ee7d-7795-4290-995e-17eb8bf27b31
2025-08-09T23:14:56.008-03:00 DEBUG 98192 --- [beauty-salon-backend] [           main] [                                                 ] o.s.d.c.c.c.MappingCassandraConverter    : Adding map.entry [id] - [1457ee7d-7795-4290-995e-17eb8bf27b31]
2025-08-09T23:14:56.008-03:00 DEBUG 98192 --- [beauty-salon-backend] [           main] [                                                 ] o.s.d.c.c.c.MappingCassandraConverter    : doWithProperties Property.type java.lang.String, Property.value Phase2 Test Customer 5
2025-08-09T23:14:56.008-03:00 DEBUG 98192 --- [beauty-salon-backend] [           main] [                                                 ] o.s.d.c.c.c.MappingCassandraConverter    : Adding map.entry [name] - [Phase2 Test Customer 5]
2025-08-09T23:14:56.008-03:00 DEBUG 98192 --- [beauty-salon-backend] [           main] [                                                 ] o.s.d.c.c.c.MappingCassandraConverter    : doWithProperties Property.type java.lang.String, Property.value phase2test5@example.com
2025-08-09T23:14:56.008-03:00 DEBUG 98192 --- [beauty-salon-backend] [           main] [                                                 ] o.s.d.c.c.c.MappingCassandraConverter    : Adding map.entry [email] - [phase2test5@example.com]
2025-08-09T23:14:56.008-03:00 DEBUG 98192 --- [beauty-salon-backend] [           main] [                                                 ] o.s.d.c.c.c.MappingCassandraConverter    : doWithProperties Property.type java.lang.String, Property.value 5550000005
2025-08-09T23:14:56.008-03:00 DEBUG 98192 --- [beauty-salon-backend] [           main] [                                                 ] o.s.d.c.c.c.MappingCassandraConverter    : Adding map.entry [phone] - [5550000005]
2025-08-09T23:14:56.008-03:00 DEBUG 98192 --- [beauty-salon-backend] [           main] [                                                 ] o.s.d.c.c.c.MappingCassandraConverter    : doWithProperties Property.type java.lang.String, Property.value 123 Phase2 St 5
2025-08-09T23:14:56.008-03:00 DEBUG 98192 --- [beauty-salon-backend] [           main] [                                                 ] o.s.d.c.c.c.MappingCassandraConverter    : Adding map.entry [address] - [123 Phase2 St 5]
2025-08-09T23:14:56.008-03:00 DEBUG 98192 --- [beauty-salon-backend] [           main] [                                                 ] o.s.d.c.c.c.MappingCassandraConverter    : doWithProperties Property.type java.time.Instant, Property.value 2025-08-10T02:14:56.008045Z
2025-08-09T23:14:56.008-03:00 DEBUG 98192 --- [beauty-salon-backend] [           main] [                                                 ] o.s.d.c.c.c.MappingCassandraConverter    : Adding map.entry [created_at] - [2025-08-10T02:14:56.008045Z]
2025-08-09T23:14:56.008-03:00 DEBUG 98192 --- [beauty-salon-backend] [           main] [                                                 ] o.s.d.c.c.c.MappingCassandraConverter    : doWithProperties Property.type java.time.Instant, Property.value 2025-08-10T02:14:56.008045Z
2025-08-09T23:14:56.008-03:00 DEBUG 98192 --- [beauty-salon-backend] [           main] [                                                 ] o.s.d.c.c.c.MappingCassandraConverter    : Adding map.entry [updated_at] - [2025-08-10T02:14:56.008045Z]
2025-08-09T23:14:56.008-03:00 DEBUG 98192 --- [beauty-salon-backend] [           main] [                                                 ] o.s.data.cassandra.core.cql.CqlTemplate  : Preparing statement [INSERT INTO customers (id,name,email,phone,address,created_at,updated_at) VALUES (?,?,?,?,?,?,?)] using org.springframework.data.cassandra.core.CassandraTemplate$PreparedStatementHandler@1457fcc7
2025-08-09T23:14:56.008-03:00 DEBUG 98192 --- [beauty-salon-backend] [           main] [                                                 ] o.s.data.cassandra.core.cql.CqlTemplate  : Executing prepared statement [INSERT INTO customers (id,name,email,phone,address,created_at,updated_at) VALUES (?,?,?,?,?,?,?)]
2025-08-09T23:14:56.012-03:00 DEBUG 98192 --- [beauty-salon-backend] [           main] [                                                 ] o.s.d.c.c.c.MappingCassandraConverter    : doWithProperties Property.type java.util.UUID, Property.value 172cfda0-ef22-4851-b713-8377793d0cf6
2025-08-09T23:14:56.012-03:00 DEBUG 98192 --- [beauty-salon-backend] [           main] [                                                 ] o.s.d.c.c.c.MappingCassandraConverter    : Adding map.entry [id] - [172cfda0-ef22-4851-b713-8377793d0cf6]
2025-08-09T23:14:56.013-03:00 DEBUG 98192 --- [beauty-salon-backend] [           main] [                                                 ] o.s.d.c.c.c.MappingCassandraConverter    : doWithProperties Property.type java.lang.String, Property.value Phase2 Test Customer 6
2025-08-09T23:14:56.013-03:00 DEBUG 98192 --- [beauty-salon-backend] [           main] [                                                 ] o.s.d.c.c.c.MappingCassandraConverter    : Adding map.entry [name] - [Phase2 Test Customer 6]
2025-08-09T23:14:56.013-03:00 DEBUG 98192 --- [beauty-salon-backend] [           main] [                                                 ] o.s.d.c.c.c.MappingCassandraConverter    : doWithProperties Property.type java.lang.String, Property.value phase2test6@example.com
2025-08-09T23:14:56.013-03:00 DEBUG 98192 --- [beauty-salon-backend] [           main] [                                                 ] o.s.d.c.c.c.MappingCassandraConverter    : Adding map.entry [email] - [phase2test6@example.com]
2025-08-09T23:14:56.013-03:00 DEBUG 98192 --- [beauty-salon-backend] [           main] [                                                 ] o.s.d.c.c.c.MappingCassandraConverter    : doWithProperties Property.type java.lang.String, Property.value 5550000006
2025-08-09T23:14:56.013-03:00 DEBUG 98192 --- [beauty-salon-backend] [           main] [                                                 ] o.s.d.c.c.c.MappingCassandraConverter    : Adding map.entry [phone] - [5550000006]
2025-08-09T23:14:56.013-03:00 DEBUG 98192 --- [beauty-salon-backend] [           main] [                                                 ] o.s.d.c.c.c.MappingCassandraConverter    : doWithProperties Property.type java.lang.String, Property.value 123 Phase2 St 6
2025-08-09T23:14:56.013-03:00 DEBUG 98192 --- [beauty-salon-backend] [           main] [                                                 ] o.s.d.c.c.c.MappingCassandraConverter    : Adding map.entry [address] - [123 Phase2 St 6]
2025-08-09T23:14:56.013-03:00 DEBUG 98192 --- [beauty-salon-backend] [           main] [                                                 ] o.s.d.c.c.c.MappingCassandraConverter    : doWithProperties Property.type java.time.Instant, Property.value 2025-08-10T02:14:56.012887Z
2025-08-09T23:14:56.013-03:00 DEBUG 98192 --- [beauty-salon-backend] [           main] [                                                 ] o.s.d.c.c.c.MappingCassandraConverter    : Adding map.entry [created_at] - [2025-08-10T02:14:56.012887Z]
2025-08-09T23:14:56.013-03:00 DEBUG 98192 --- [beauty-salon-backend] [           main] [                                                 ] o.s.d.c.c.c.MappingCassandraConverter    : doWithProperties Property.type java.time.Instant, Property.value 2025-08-10T02:14:56.012887Z
2025-08-09T23:14:56.013-03:00 DEBUG 98192 --- [beauty-salon-backend] [           main] [                                                 ] o.s.d.c.c.c.MappingCassandraConverter    : Adding map.entry [updated_at] - [2025-08-10T02:14:56.012887Z]
2025-08-09T23:14:56.013-03:00 DEBUG 98192 --- [beauty-salon-backend] [           main] [                                                 ] o.s.data.cassandra.core.cql.CqlTemplate  : Preparing statement [INSERT INTO customers (id,name,email,phone,address,created_at,updated_at) VALUES (?,?,?,?,?,?,?)] using org.springframework.data.cassandra.core.CassandraTemplate$PreparedStatementHandler@2d770b7a
2025-08-09T23:14:56.013-03:00 DEBUG 98192 --- [beauty-salon-backend] [           main] [                                                 ] o.s.data.cassandra.core.cql.CqlTemplate  : Executing prepared statement [INSERT INTO customers (id,name,email,phone,address,created_at,updated_at) VALUES (?,?,?,?,?,?,?)]
2025-08-09T23:14:56.017-03:00 DEBUG 98192 --- [beauty-salon-backend] [           main] [                                                 ] o.s.d.c.c.c.MappingCassandraConverter    : doWithProperties Property.type java.util.UUID, Property.value 952256e5-86c5-4981-9f4a-5b7563995803
2025-08-09T23:14:56.017-03:00 DEBUG 98192 --- [beauty-salon-backend] [           main] [                                                 ] o.s.d.c.c.c.MappingCassandraConverter    : Adding map.entry [id] - [952256e5-86c5-4981-9f4a-5b7563995803]
2025-08-09T23:14:56.017-03:00 DEBUG 98192 --- [beauty-salon-backend] [           main] [                                                 ] o.s.d.c.c.c.MappingCassandraConverter    : doWithProperties Property.type java.lang.String, Property.value Phase2 Test Customer 7
2025-08-09T23:14:56.017-03:00 DEBUG 98192 --- [beauty-salon-backend] [           main] [                                                 ] o.s.d.c.c.c.MappingCassandraConverter    : Adding map.entry [name] - [Phase2 Test Customer 7]
2025-08-09T23:14:56.017-03:00 DEBUG 98192 --- [beauty-salon-backend] [           main] [                                                 ] o.s.d.c.c.c.MappingCassandraConverter    : doWithProperties Property.type java.lang.String, Property.value phase2test7@example.com
2025-08-09T23:14:56.017-03:00 DEBUG 98192 --- [beauty-salon-backend] [           main] [                                                 ] o.s.d.c.c.c.MappingCassandraConverter    : Adding map.entry [email] - [phase2test7@example.com]
2025-08-09T23:14:56.017-03:00 DEBUG 98192 --- [beauty-salon-backend] [           main] [                                                 ] o.s.d.c.c.c.MappingCassandraConverter    : doWithProperties Property.type java.lang.String, Property.value 5550000007
2025-08-09T23:14:56.017-03:00 DEBUG 98192 --- [beauty-salon-backend] [           main] [                                                 ] o.s.d.c.c.c.MappingCassandraConverter    : Adding map.entry [phone] - [5550000007]
2025-08-09T23:14:56.017-03:00 DEBUG 98192 --- [beauty-salon-backend] [           main] [                                                 ] o.s.d.c.c.c.MappingCassandraConverter    : doWithProperties Property.type java.lang.String, Property.value 123 Phase2 St 7
2025-08-09T23:14:56.017-03:00 DEBUG 98192 --- [beauty-salon-backend] [           main] [                                                 ] o.s.d.c.c.c.MappingCassandraConverter    : Adding map.entry [address] - [123 Phase2 St 7]
2025-08-09T23:14:56.017-03:00 DEBUG 98192 --- [beauty-salon-backend] [           main] [                                                 ] o.s.d.c.c.c.MappingCassandraConverter    : doWithProperties Property.type java.time.Instant, Property.value 2025-08-10T02:14:56.017671Z
2025-08-09T23:14:56.017-03:00 DEBUG 98192 --- [beauty-salon-backend] [           main] [                                                 ] o.s.d.c.c.c.MappingCassandraConverter    : Adding map.entry [created_at] - [2025-08-10T02:14:56.017671Z]
2025-08-09T23:14:56.017-03:00 DEBUG 98192 --- [beauty-salon-backend] [           main] [                                                 ] o.s.d.c.c.c.MappingCassandraConverter    : doWithProperties Property.type java.time.Instant, Property.value 2025-08-10T02:14:56.017671Z
2025-08-09T23:14:56.017-03:00 DEBUG 98192 --- [beauty-salon-backend] [           main] [                                                 ] o.s.d.c.c.c.MappingCassandraConverter    : Adding map.entry [updated_at] - [2025-08-10T02:14:56.017671Z]
2025-08-09T23:14:56.018-03:00 DEBUG 98192 --- [beauty-salon-backend] [           main] [                                                 ] o.s.data.cassandra.core.cql.CqlTemplate  : Preparing statement [INSERT INTO customers (id,name,email,phone,address,created_at,updated_at) VALUES (?,?,?,?,?,?,?)] using org.springframework.data.cassandra.core.CassandraTemplate$PreparedStatementHandler@d28a5e3
2025-08-09T23:14:56.018-03:00 DEBUG 98192 --- [beauty-salon-backend] [           main] [                                                 ] o.s.data.cassandra.core.cql.CqlTemplate  : Executing prepared statement [INSERT INTO customers (id,name,email,phone,address,created_at,updated_at) VALUES (?,?,?,?,?,?,?)]
2025-08-09T23:14:56.021-03:00 DEBUG 98192 --- [beauty-salon-backend] [           main] [                                                 ] o.s.d.c.c.c.MappingCassandraConverter    : doWithProperties Property.type java.util.UUID, Property.value ea56786b-5b8a-49ff-9450-a83f706bad81
2025-08-09T23:14:56.021-03:00 DEBUG 98192 --- [beauty-salon-backend] [           main] [                                                 ] o.s.d.c.c.c.MappingCassandraConverter    : Adding map.entry [id] - [ea56786b-5b8a-49ff-9450-a83f706bad81]
2025-08-09T23:14:56.021-03:00 DEBUG 98192 --- [beauty-salon-backend] [           main] [                                                 ] o.s.d.c.c.c.MappingCassandraConverter    : doWithProperties Property.type java.lang.String, Property.value Phase2 Test Customer 8
2025-08-09T23:14:56.021-03:00 DEBUG 98192 --- [beauty-salon-backend] [           main] [                                                 ] o.s.d.c.c.c.MappingCassandraConverter    : Adding map.entry [name] - [Phase2 Test Customer 8]
2025-08-09T23:14:56.021-03:00 DEBUG 98192 --- [beauty-salon-backend] [           main] [                                                 ] o.s.d.c.c.c.MappingCassandraConverter    : doWithProperties Property.type java.lang.String, Property.value phase2test8@example.com
2025-08-09T23:14:56.021-03:00 DEBUG 98192 --- [beauty-salon-backend] [           main] [                                                 ] o.s.d.c.c.c.MappingCassandraConverter    : Adding map.entry [email] - [phase2test8@example.com]
2025-08-09T23:14:56.021-03:00 DEBUG 98192 --- [beauty-salon-backend] [           main] [                                                 ] o.s.d.c.c.c.MappingCassandraConverter    : doWithProperties Property.type java.lang.String, Property.value 5550000008
2025-08-09T23:14:56.021-03:00 DEBUG 98192 --- [beauty-salon-backend] [           main] [                                                 ] o.s.d.c.c.c.MappingCassandraConverter    : Adding map.entry [phone] - [5550000008]
2025-08-09T23:14:56.021-03:00 DEBUG 98192 --- [beauty-salon-backend] [           main] [                                                 ] o.s.d.c.c.c.MappingCassandraConverter    : doWithProperties Property.type java.lang.String, Property.value 123 Phase2 St 8
2025-08-09T23:14:56.021-03:00 DEBUG 98192 --- [beauty-salon-backend] [           main] [                                                 ] o.s.d.c.c.c.MappingCassandraConverter    : Adding map.entry [address] - [123 Phase2 St 8]
2025-08-09T23:14:56.021-03:00 DEBUG 98192 --- [beauty-salon-backend] [           main] [                                                 ] o.s.d.c.c.c.MappingCassandraConverter    : doWithProperties Property.type java.time.Instant, Property.value 2025-08-10T02:14:56.021754Z
2025-08-09T23:14:56.021-03:00 DEBUG 98192 --- [beauty-salon-backend] [           main] [                                                 ] o.s.d.c.c.c.MappingCassandraConverter    : Adding map.entry [created_at] - [2025-08-10T02:14:56.021754Z]
2025-08-09T23:14:56.021-03:00 DEBUG 98192 --- [beauty-salon-backend] [           main] [                                                 ] o.s.d.c.c.c.MappingCassandraConverter    : doWithProperties Property.type java.time.Instant, Property.value 2025-08-10T02:14:56.021754Z
2025-08-09T23:14:56.022-03:00 DEBUG 98192 --- [beauty-salon-backend] [           main] [                                                 ] o.s.d.c.c.c.MappingCassandraConverter    : Adding map.entry [updated_at] - [2025-08-10T02:14:56.021754Z]
2025-08-09T23:14:56.022-03:00 DEBUG 98192 --- [beauty-salon-backend] [           main] [                                                 ] o.s.data.cassandra.core.cql.CqlTemplate  : Preparing statement [INSERT INTO customers (id,name,email,phone,address,created_at,updated_at) VALUES (?,?,?,?,?,?,?)] using org.springframework.data.cassandra.core.CassandraTemplate$PreparedStatementHandler@5738a95f
2025-08-09T23:14:56.022-03:00 DEBUG 98192 --- [beauty-salon-backend] [           main] [                                                 ] o.s.data.cassandra.core.cql.CqlTemplate  : Executing prepared statement [INSERT INTO customers (id,name,email,phone,address,created_at,updated_at) VALUES (?,?,?,?,?,?,?)]
2025-08-09T23:14:56.025-03:00 DEBUG 98192 --- [beauty-salon-backend] [           main] [                                                 ] o.s.d.c.c.c.MappingCassandraConverter    : doWithProperties Property.type java.util.UUID, Property.value 494ded2c-46db-44e1-8bc8-ebc5cf55a359
2025-08-09T23:14:56.025-03:00 DEBUG 98192 --- [beauty-salon-backend] [           main] [                                                 ] o.s.d.c.c.c.MappingCassandraConverter    : Adding map.entry [id] - [494ded2c-46db-44e1-8bc8-ebc5cf55a359]
2025-08-09T23:14:56.025-03:00 DEBUG 98192 --- [beauty-salon-backend] [           main] [                                                 ] o.s.d.c.c.c.MappingCassandraConverter    : doWithProperties Property.type java.lang.String, Property.value Phase2 Test Customer 9
2025-08-09T23:14:56.025-03:00 DEBUG 98192 --- [beauty-salon-backend] [           main] [                                                 ] o.s.d.c.c.c.MappingCassandraConverter    : Adding map.entry [name] - [Phase2 Test Customer 9]
2025-08-09T23:14:56.025-03:00 DEBUG 98192 --- [beauty-salon-backend] [           main] [                                                 ] o.s.d.c.c.c.MappingCassandraConverter    : doWithProperties Property.type java.lang.String, Property.value phase2test9@example.com
2025-08-09T23:14:56.025-03:00 DEBUG 98192 --- [beauty-salon-backend] [           main] [                                                 ] o.s.d.c.c.c.MappingCassandraConverter    : Adding map.entry [email] - [phase2test9@example.com]
2025-08-09T23:14:56.025-03:00 DEBUG 98192 --- [beauty-salon-backend] [           main] [                                                 ] o.s.d.c.c.c.MappingCassandraConverter    : doWithProperties Property.type java.lang.String, Property.value 5550000009
2025-08-09T23:14:56.025-03:00 DEBUG 98192 --- [beauty-salon-backend] [           main] [                                                 ] o.s.d.c.c.c.MappingCassandraConverter    : Adding map.entry [phone] - [5550000009]
2025-08-09T23:14:56.026-03:00 DEBUG 98192 --- [beauty-salon-backend] [           main] [                                                 ] o.s.d.c.c.c.MappingCassandraConverter    : doWithProperties Property.type java.lang.String, Property.value 123 Phase2 St 9
2025-08-09T23:14:56.026-03:00 DEBUG 98192 --- [beauty-salon-backend] [           main] [                                                 ] o.s.d.c.c.c.MappingCassandraConverter    : Adding map.entry [address] - [123 Phase2 St 9]
2025-08-09T23:14:56.026-03:00 DEBUG 98192 --- [beauty-salon-backend] [           main] [                                                 ] o.s.d.c.c.c.MappingCassandraConverter    : doWithProperties Property.type java.time.Instant, Property.value 2025-08-10T02:14:56.025798Z
2025-08-09T23:14:56.026-03:00 DEBUG 98192 --- [beauty-salon-backend] [           main] [                                                 ] o.s.d.c.c.c.MappingCassandraConverter    : Adding map.entry [created_at] - [2025-08-10T02:14:56.025798Z]
2025-08-09T23:14:56.026-03:00 DEBUG 98192 --- [beauty-salon-backend] [           main] [                                                 ] o.s.d.c.c.c.MappingCassandraConverter    : doWithProperties Property.type java.time.Instant, Property.value 2025-08-10T02:14:56.025798Z
2025-08-09T23:14:56.026-03:00 DEBUG 98192 --- [beauty-salon-backend] [           main] [                                                 ] o.s.d.c.c.c.MappingCassandraConverter    : Adding map.entry [updated_at] - [2025-08-10T02:14:56.025798Z]
2025-08-09T23:14:56.026-03:00 DEBUG 98192 --- [beauty-salon-backend] [           main] [                                                 ] o.s.data.cassandra.core.cql.CqlTemplate  : Preparing statement [INSERT INTO customers (id,name,email,phone,address,created_at,updated_at) VALUES (?,?,?,?,?,?,?)] using org.springframework.data.cassandra.core.CassandraTemplate$PreparedStatementHandler@2fd47247
2025-08-09T23:14:56.026-03:00 DEBUG 98192 --- [beauty-salon-backend] [           main] [                                                 ] o.s.data.cassandra.core.cql.CqlTemplate  : Executing prepared statement [INSERT INTO customers (id,name,email,phone,address,created_at,updated_at) VALUES (?,?,?,?,?,?,?)]
2025-08-09T23:14:56.030-03:00 DEBUG 98192 --- [beauty-salon-backend] [           main] [                                                 ] o.s.d.c.c.c.MappingCassandraConverter    : doWithProperties Property.type java.util.UUID, Property.value 5f4f0d19-42bd-42aa-a3b9-8397c1d9c8a5
2025-08-09T23:14:56.030-03:00 DEBUG 98192 --- [beauty-salon-backend] [           main] [                                                 ] o.s.d.c.c.c.MappingCassandraConverter    : Adding map.entry [id] - [5f4f0d19-42bd-42aa-a3b9-8397c1d9c8a5]
2025-08-09T23:14:56.030-03:00 DEBUG 98192 --- [beauty-salon-backend] [           main] [                                                 ] o.s.d.c.c.c.MappingCassandraConverter    : doWithProperties Property.type java.lang.String, Property.value Phase2 Test Customer 10
2025-08-09T23:14:56.030-03:00 DEBUG 98192 --- [beauty-salon-backend] [           main] [                                                 ] o.s.d.c.c.c.MappingCassandraConverter    : Adding map.entry [name] - [Phase2 Test Customer 10]
2025-08-09T23:14:56.030-03:00 DEBUG 98192 --- [beauty-salon-backend] [           main] [                                                 ] o.s.d.c.c.c.MappingCassandraConverter    : doWithProperties Property.type java.lang.String, Property.value phase2test10@example.com
2025-08-09T23:14:56.030-03:00 DEBUG 98192 --- [beauty-salon-backend] [           main] [                                                 ] o.s.d.c.c.c.MappingCassandraConverter    : Adding map.entry [email] - [phase2test10@example.com]
2025-08-09T23:14:56.030-03:00 DEBUG 98192 --- [beauty-salon-backend] [           main] [                                                 ] o.s.d.c.c.c.MappingCassandraConverter    : doWithProperties Property.type java.lang.String, Property.value 5550000010
2025-08-09T23:14:56.030-03:00 DEBUG 98192 --- [beauty-salon-backend] [           main] [                                                 ] o.s.d.c.c.c.MappingCassandraConverter    : Adding map.entry [phone] - [5550000010]
2025-08-09T23:14:56.030-03:00 DEBUG 98192 --- [beauty-salon-backend] [           main] [                                                 ] o.s.d.c.c.c.MappingCassandraConverter    : doWithProperties Property.type java.lang.String, Property.value 123 Phase2 St 10
2025-08-09T23:14:56.030-03:00 DEBUG 98192 --- [beauty-salon-backend] [           main] [                                                 ] o.s.d.c.c.c.MappingCassandraConverter    : Adding map.entry [address] - [123 Phase2 St 10]
2025-08-09T23:14:56.030-03:00 DEBUG 98192 --- [beauty-salon-backend] [           main] [                                                 ] o.s.d.c.c.c.MappingCassandraConverter    : doWithProperties Property.type java.time.Instant, Property.value 2025-08-10T02:14:56.030627Z
2025-08-09T23:14:56.030-03:00 DEBUG 98192 --- [beauty-salon-backend] [           main] [                                                 ] o.s.d.c.c.c.MappingCassandraConverter    : Adding map.entry [created_at] - [2025-08-10T02:14:56.030627Z]
2025-08-09T23:14:56.030-03:00 DEBUG 98192 --- [beauty-salon-backend] [           main] [                                                 ] o.s.d.c.c.c.MappingCassandraConverter    : doWithProperties Property.type java.time.Instant, Property.value 2025-08-10T02:14:56.030629Z
2025-08-09T23:14:56.030-03:00 DEBUG 98192 --- [beauty-salon-backend] [           main] [                                                 ] o.s.d.c.c.c.MappingCassandraConverter    : Adding map.entry [updated_at] - [2025-08-10T02:14:56.030629Z]
2025-08-09T23:14:56.030-03:00 DEBUG 98192 --- [beauty-salon-backend] [           main] [                                                 ] o.s.data.cassandra.core.cql.CqlTemplate  : Preparing statement [INSERT INTO customers (id,name,email,phone,address,created_at,updated_at) VALUES (?,?,?,?,?,?,?)] using org.springframework.data.cassandra.core.CassandraTemplate$PreparedStatementHandler@75c84ace
2025-08-09T23:14:56.031-03:00 DEBUG 98192 --- [beauty-salon-backend] [           main] [                                                 ] o.s.data.cassandra.core.cql.CqlTemplate  : Executing prepared statement [INSERT INTO customers (id,name,email,phone,address,created_at,updated_at) VALUES (?,?,?,?,?,?,?)]
2025-08-09T23:14:56.034-03:00 DEBUG 98192 --- [beauty-salon-backend] [           main] [                                                 ] o.s.d.c.c.c.MappingCassandraConverter    : doWithProperties Property.type java.util.UUID, Property.value 867ec3e2-d1a0-42ab-8110-103086a81323
2025-08-09T23:14:56.034-03:00 DEBUG 98192 --- [beauty-salon-backend] [           main] [                                                 ] o.s.d.c.c.c.MappingCassandraConverter    : Adding map.entry [id] - [867ec3e2-d1a0-42ab-8110-103086a81323]
2025-08-09T23:14:56.034-03:00 DEBUG 98192 --- [beauty-salon-backend] [           main] [                                                 ] o.s.d.c.c.c.MappingCassandraConverter    : doWithProperties Property.type java.lang.String, Property.value Phase2 Test Customer 11
2025-08-09T23:14:56.034-03:00 DEBUG 98192 --- [beauty-salon-backend] [           main] [                                                 ] o.s.d.c.c.c.MappingCassandraConverter    : Adding map.entry [name] - [Phase2 Test Customer 11]
2025-08-09T23:14:56.034-03:00 DEBUG 98192 --- [beauty-salon-backend] [           main] [                                                 ] o.s.d.c.c.c.MappingCassandraConverter    : doWithProperties Property.type java.lang.String, Property.value phase2test11@example.com
2025-08-09T23:14:56.034-03:00 DEBUG 98192 --- [beauty-salon-backend] [           main] [                                                 ] o.s.d.c.c.c.MappingCassandraConverter    : Adding map.entry [email] - [phase2test11@example.com]
2025-08-09T23:14:56.034-03:00 DEBUG 98192 --- [beauty-salon-backend] [           main] [                                                 ] o.s.d.c.c.c.MappingCassandraConverter    : doWithProperties Property.type java.lang.String, Property.value 5550000011
2025-08-09T23:14:56.034-03:00 DEBUG 98192 --- [beauty-salon-backend] [           main] [                                                 ] o.s.d.c.c.c.MappingCassandraConverter    : Adding map.entry [phone] - [5550000011]
2025-08-09T23:14:56.034-03:00 DEBUG 98192 --- [beauty-salon-backend] [           main] [                                                 ] o.s.d.c.c.c.MappingCassandraConverter    : doWithProperties Property.type java.lang.String, Property.value 123 Phase2 St 11
2025-08-09T23:14:56.034-03:00 DEBUG 98192 --- [beauty-salon-backend] [           main] [                                                 ] o.s.d.c.c.c.MappingCassandraConverter    : Adding map.entry [address] - [123 Phase2 St 11]
2025-08-09T23:14:56.034-03:00 DEBUG 98192 --- [beauty-salon-backend] [           main] [                                                 ] o.s.d.c.c.c.MappingCassandraConverter    : doWithProperties Property.type java.time.Instant, Property.value 2025-08-10T02:14:56.034423Z
2025-08-09T23:14:56.034-03:00 DEBUG 98192 --- [beauty-salon-backend] [           main] [                                                 ] o.s.d.c.c.c.MappingCassandraConverter    : Adding map.entry [created_at] - [2025-08-10T02:14:56.034423Z]
2025-08-09T23:14:56.034-03:00 DEBUG 98192 --- [beauty-salon-backend] [           main] [                                                 ] o.s.d.c.c.c.MappingCassandraConverter    : doWithProperties Property.type java.time.Instant, Property.value 2025-08-10T02:14:56.034423Z
2025-08-09T23:14:56.034-03:00 DEBUG 98192 --- [beauty-salon-backend] [           main] [                                                 ] o.s.d.c.c.c.MappingCassandraConverter    : Adding map.entry [updated_at] - [2025-08-10T02:14:56.034423Z]
2025-08-09T23:14:56.034-03:00 DEBUG 98192 --- [beauty-salon-backend] [           main] [                                                 ] o.s.data.cassandra.core.cql.CqlTemplate  : Preparing statement [INSERT INTO customers (id,name,email,phone,address,created_at,updated_at) VALUES (?,?,?,?,?,?,?)] using org.springframework.data.cassandra.core.CassandraTemplate$PreparedStatementHandler@4007799d
2025-08-09T23:14:56.034-03:00 DEBUG 98192 --- [beauty-salon-backend] [           main] [                                                 ] o.s.data.cassandra.core.cql.CqlTemplate  : Executing prepared statement [INSERT INTO customers (id,name,email,phone,address,created_at,updated_at) VALUES (?,?,?,?,?,?,?)]
2025-08-09T23:14:56.040-03:00 DEBUG 98192 --- [beauty-salon-backend] [           main] [                                                 ] o.s.d.c.c.c.MappingCassandraConverter    : doWithProperties Property.type java.util.UUID, Property.value 42ac3371-a053-4087-8ebe-791cbe6d998a
2025-08-09T23:14:56.040-03:00 DEBUG 98192 --- [beauty-salon-backend] [           main] [                                                 ] o.s.d.c.c.c.MappingCassandraConverter    : Adding map.entry [id] - [42ac3371-a053-4087-8ebe-791cbe6d998a]
2025-08-09T23:14:56.040-03:00 DEBUG 98192 --- [beauty-salon-backend] [           main] [                                                 ] o.s.d.c.c.c.MappingCassandraConverter    : doWithProperties Property.type java.lang.String, Property.value Phase2 Test Customer 12
2025-08-09T23:14:56.040-03:00 DEBUG 98192 --- [beauty-salon-backend] [           main] [                                                 ] o.s.d.c.c.c.MappingCassandraConverter    : Adding map.entry [name] - [Phase2 Test Customer 12]
2025-08-09T23:14:56.040-03:00 DEBUG 98192 --- [beauty-salon-backend] [           main] [                                                 ] o.s.d.c.c.c.MappingCassandraConverter    : doWithProperties Property.type java.lang.String, Property.value phase2test12@example.com
2025-08-09T23:14:56.040-03:00 DEBUG 98192 --- [beauty-salon-backend] [           main] [                                                 ] o.s.d.c.c.c.MappingCassandraConverter    : Adding map.entry [email] - [phase2test12@example.com]
2025-08-09T23:14:56.040-03:00 DEBUG 98192 --- [beauty-salon-backend] [           main] [                                                 ] o.s.d.c.c.c.MappingCassandraConverter    : doWithProperties Property.type java.lang.String, Property.value 5550000012
2025-08-09T23:14:56.040-03:00 DEBUG 98192 --- [beauty-salon-backend] [           main] [                                                 ] o.s.d.c.c.c.MappingCassandraConverter    : Adding map.entry [phone] - [5550000012]
2025-08-09T23:14:56.040-03:00 DEBUG 98192 --- [beauty-salon-backend] [           main] [                                                 ] o.s.d.c.c.c.MappingCassandraConverter    : doWithProperties Property.type java.lang.String, Property.value 123 Phase2 St 12
2025-08-09T23:14:56.040-03:00 DEBUG 98192 --- [beauty-salon-backend] [           main] [                                                 ] o.s.d.c.c.c.MappingCassandraConverter    : Adding map.entry [address] - [123 Phase2 St 12]
2025-08-09T23:14:56.040-03:00 DEBUG 98192 --- [beauty-salon-backend] [           main] [                                                 ] o.s.d.c.c.c.MappingCassandraConverter    : doWithProperties Property.type java.time.Instant, Property.value 2025-08-10T02:14:56.039970Z
2025-08-09T23:14:56.040-03:00 DEBUG 98192 --- [beauty-salon-backend] [           main] [                                                 ] o.s.d.c.c.c.MappingCassandraConverter    : Adding map.entry [created_at] - [2025-08-10T02:14:56.039970Z]
2025-08-09T23:14:56.040-03:00 DEBUG 98192 --- [beauty-salon-backend] [           main] [                                                 ] o.s.d.c.c.c.MappingCassandraConverter    : doWithProperties Property.type java.time.Instant, Property.value 2025-08-10T02:14:56.039970Z
2025-08-09T23:14:56.040-03:00 DEBUG 98192 --- [beauty-salon-backend] [           main] [                                                 ] o.s.d.c.c.c.MappingCassandraConverter    : Adding map.entry [updated_at] - [2025-08-10T02:14:56.039970Z]
2025-08-09T23:14:56.040-03:00 DEBUG 98192 --- [beauty-salon-backend] [           main] [                                                 ] o.s.data.cassandra.core.cql.CqlTemplate  : Preparing statement [INSERT INTO customers (id,name,email,phone,address,created_at,updated_at) VALUES (?,?,?,?,?,?,?)] using org.springframework.data.cassandra.core.CassandraTemplate$PreparedStatementHandler@530b9505
2025-08-09T23:14:56.040-03:00 DEBUG 98192 --- [beauty-salon-backend] [           main] [                                                 ] o.s.data.cassandra.core.cql.CqlTemplate  : Executing prepared statement [INSERT INTO customers (id,name,email,phone,address,created_at,updated_at) VALUES (?,?,?,?,?,?,?)]
2025-08-09T23:14:56.045-03:00 DEBUG 98192 --- [beauty-salon-backend] [           main] [                                                 ] o.s.d.c.c.c.MappingCassandraConverter    : doWithProperties Property.type java.util.UUID, Property.value 0051ee7c-e24d-47cb-98bf-dbdc67669791
2025-08-09T23:14:56.045-03:00 DEBUG 98192 --- [beauty-salon-backend] [           main] [                                                 ] o.s.d.c.c.c.MappingCassandraConverter    : Adding map.entry [id] - [0051ee7c-e24d-47cb-98bf-dbdc67669791]
2025-08-09T23:14:56.045-03:00 DEBUG 98192 --- [beauty-salon-backend] [           main] [                                                 ] o.s.d.c.c.c.MappingCassandraConverter    : doWithProperties Property.type java.lang.String, Property.value Phase2 Test Customer 13
2025-08-09T23:14:56.045-03:00 DEBUG 98192 --- [beauty-salon-backend] [           main] [                                                 ] o.s.d.c.c.c.MappingCassandraConverter    : Adding map.entry [name] - [Phase2 Test Customer 13]
2025-08-09T23:14:56.045-03:00 DEBUG 98192 --- [beauty-salon-backend] [           main] [                                                 ] o.s.d.c.c.c.MappingCassandraConverter    : doWithProperties Property.type java.lang.String, Property.value phase2test13@example.com
2025-08-09T23:14:56.045-03:00 DEBUG 98192 --- [beauty-salon-backend] [           main] [                                                 ] o.s.d.c.c.c.MappingCassandraConverter    : Adding map.entry [email] - [phase2test13@example.com]
2025-08-09T23:14:56.045-03:00 DEBUG 98192 --- [beauty-salon-backend] [           main] [                                                 ] o.s.d.c.c.c.MappingCassandraConverter    : doWithProperties Property.type java.lang.String, Property.value 5550000013
2025-08-09T23:14:56.045-03:00 DEBUG 98192 --- [beauty-salon-backend] [           main] [                                                 ] o.s.d.c.c.c.MappingCassandraConverter    : Adding map.entry [phone] - [5550000013]
2025-08-09T23:14:56.045-03:00 DEBUG 98192 --- [beauty-salon-backend] [           main] [                                                 ] o.s.d.c.c.c.MappingCassandraConverter    : doWithProperties Property.type java.lang.String, Property.value 123 Phase2 St 13
2025-08-09T23:14:56.045-03:00 DEBUG 98192 --- [beauty-salon-backend] [           main] [                                                 ] o.s.d.c.c.c.MappingCassandraConverter    : Adding map.entry [address] - [123 Phase2 St 13]
2025-08-09T23:14:56.045-03:00 DEBUG 98192 --- [beauty-salon-backend] [           main] [                                                 ] o.s.d.c.c.c.MappingCassandraConverter    : doWithProperties Property.type java.time.Instant, Property.value 2025-08-10T02:14:56.045175Z
2025-08-09T23:14:56.045-03:00 DEBUG 98192 --- [beauty-salon-backend] [           main] [                                                 ] o.s.d.c.c.c.MappingCassandraConverter    : Adding map.entry [created_at] - [2025-08-10T02:14:56.045175Z]
2025-08-09T23:14:56.045-03:00 DEBUG 98192 --- [beauty-salon-backend] [           main] [                                                 ] o.s.d.c.c.c.MappingCassandraConverter    : doWithProperties Property.type java.time.Instant, Property.value 2025-08-10T02:14:56.045175Z
2025-08-09T23:14:56.045-03:00 DEBUG 98192 --- [beauty-salon-backend] [           main] [                                                 ] o.s.d.c.c.c.MappingCassandraConverter    : Adding map.entry [updated_at] - [2025-08-10T02:14:56.045175Z]
2025-08-09T23:14:56.045-03:00 DEBUG 98192 --- [beauty-salon-backend] [           main] [                                                 ] o.s.data.cassandra.core.cql.CqlTemplate  : Preparing statement [INSERT INTO customers (id,name,email,phone,address,created_at,updated_at) VALUES (?,?,?,?,?,?,?)] using org.springframework.data.cassandra.core.CassandraTemplate$PreparedStatementHandler@fb152c5
2025-08-09T23:14:56.045-03:00 DEBUG 98192 --- [beauty-salon-backend] [           main] [                                                 ] o.s.data.cassandra.core.cql.CqlTemplate  : Executing prepared statement [INSERT INTO customers (id,name,email,phone,address,created_at,updated_at) VALUES (?,?,?,?,?,?,?)]
2025-08-09T23:14:56.050-03:00 DEBUG 98192 --- [beauty-salon-backend] [           main] [                                                 ] o.s.d.c.c.c.MappingCassandraConverter    : doWithProperties Property.type java.util.UUID, Property.value a58a7c15-f1a3-46bc-9ec1-81fb68a6a2b2
2025-08-09T23:14:56.050-03:00 DEBUG 98192 --- [beauty-salon-backend] [           main] [                                                 ] o.s.d.c.c.c.MappingCassandraConverter    : Adding map.entry [id] - [a58a7c15-f1a3-46bc-9ec1-81fb68a6a2b2]
2025-08-09T23:14:56.050-03:00 DEBUG 98192 --- [beauty-salon-backend] [           main] [                                                 ] o.s.d.c.c.c.MappingCassandraConverter    : doWithProperties Property.type java.lang.String, Property.value Phase2 Test Customer 14
2025-08-09T23:14:56.050-03:00 DEBUG 98192 --- [beauty-salon-backend] [           main] [                                                 ] o.s.d.c.c.c.MappingCassandraConverter    : Adding map.entry [name] - [Phase2 Test Customer 14]
2025-08-09T23:14:56.050-03:00 DEBUG 98192 --- [beauty-salon-backend] [           main] [                                                 ] o.s.d.c.c.c.MappingCassandraConverter    : doWithProperties Property.type java.lang.String, Property.value phase2test14@example.com
2025-08-09T23:14:56.050-03:00 DEBUG 98192 --- [beauty-salon-backend] [           main] [                                                 ] o.s.d.c.c.c.MappingCassandraConverter    : Adding map.entry [email] - [phase2test14@example.com]
2025-08-09T23:14:56.050-03:00 DEBUG 98192 --- [beauty-salon-backend] [           main] [                                                 ] o.s.d.c.c.c.MappingCassandraConverter    : doWithProperties Property.type java.lang.String, Property.value 5550000014
2025-08-09T23:14:56.050-03:00 DEBUG 98192 --- [beauty-salon-backend] [           main] [                                                 ] o.s.d.c.c.c.MappingCassandraConverter    : Adding map.entry [phone] - [5550000014]
2025-08-09T23:14:56.050-03:00 DEBUG 98192 --- [beauty-salon-backend] [           main] [                                                 ] o.s.d.c.c.c.MappingCassandraConverter    : doWithProperties Property.type java.lang.String, Property.value 123 Phase2 St 14
2025-08-09T23:14:56.050-03:00 DEBUG 98192 --- [beauty-salon-backend] [           main] [                                                 ] o.s.d.c.c.c.MappingCassandraConverter    : Adding map.entry [address] - [123 Phase2 St 14]
2025-08-09T23:14:56.050-03:00 DEBUG 98192 --- [beauty-salon-backend] [           main] [                                                 ] o.s.d.c.c.c.MappingCassandraConverter    : doWithProperties Property.type java.time.Instant, Property.value 2025-08-10T02:14:56.050121Z
2025-08-09T23:14:56.050-03:00 DEBUG 98192 --- [beauty-salon-backend] [           main] [                                                 ] o.s.d.c.c.c.MappingCassandraConverter    : Adding map.entry [created_at] - [2025-08-10T02:14:56.050121Z]
2025-08-09T23:14:56.050-03:00 DEBUG 98192 --- [beauty-salon-backend] [           main] [                                                 ] o.s.d.c.c.c.MappingCassandraConverter    : doWithProperties Property.type java.time.Instant, Property.value 2025-08-10T02:14:56.050121Z
2025-08-09T23:14:56.050-03:00 DEBUG 98192 --- [beauty-salon-backend] [           main] [                                                 ] o.s.d.c.c.c.MappingCassandraConverter    : Adding map.entry [updated_at] - [2025-08-10T02:14:56.050121Z]
2025-08-09T23:14:56.050-03:00 DEBUG 98192 --- [beauty-salon-backend] [           main] [                                                 ] o.s.data.cassandra.core.cql.CqlTemplate  : Preparing statement [INSERT INTO customers (id,name,email,phone,address,created_at,updated_at) VALUES (?,?,?,?,?,?,?)] using org.springframework.data.cassandra.core.CassandraTemplate$PreparedStatementHandler@75211eaa
2025-08-09T23:14:56.050-03:00 DEBUG 98192 --- [beauty-salon-backend] [           main] [                                                 ] o.s.data.cassandra.core.cql.CqlTemplate  : Executing prepared statement [INSERT INTO customers (id,name,email,phone,address,created_at,updated_at) VALUES (?,?,?,?,?,?,?)]
2025-08-09T23:14:56.054-03:00 DEBUG 98192 --- [beauty-salon-backend] [           main] [                                                 ] o.s.d.c.c.c.MappingCassandraConverter    : doWithProperties Property.type java.util.UUID, Property.value e47999d5-64ba-4b1f-94ef-741d097b7c48
2025-08-09T23:14:56.054-03:00 DEBUG 98192 --- [beauty-salon-backend] [           main] [                                                 ] o.s.d.c.c.c.MappingCassandraConverter    : Adding map.entry [id] - [e47999d5-64ba-4b1f-94ef-741d097b7c48]
2025-08-09T23:14:56.054-03:00 DEBUG 98192 --- [beauty-salon-backend] [           main] [                                                 ] o.s.d.c.c.c.MappingCassandraConverter    : doWithProperties Property.type java.lang.String, Property.value Phase2 Test Customer 15
2025-08-09T23:14:56.054-03:00 DEBUG 98192 --- [beauty-salon-backend] [           main] [                                                 ] o.s.d.c.c.c.MappingCassandraConverter    : Adding map.entry [name] - [Phase2 Test Customer 15]
2025-08-09T23:14:56.054-03:00 DEBUG 98192 --- [beauty-salon-backend] [           main] [                                                 ] o.s.d.c.c.c.MappingCassandraConverter    : doWithProperties Property.type java.lang.String, Property.value phase2test15@example.com
2025-08-09T23:14:56.054-03:00 DEBUG 98192 --- [beauty-salon-backend] [           main] [                                                 ] o.s.d.c.c.c.MappingCassandraConverter    : Adding map.entry [email] - [phase2test15@example.com]
2025-08-09T23:14:56.054-03:00 DEBUG 98192 --- [beauty-salon-backend] [           main] [                                                 ] o.s.d.c.c.c.MappingCassandraConverter    : doWithProperties Property.type java.lang.String, Property.value 5550000015
2025-08-09T23:14:56.054-03:00 DEBUG 98192 --- [beauty-salon-backend] [           main] [                                                 ] o.s.d.c.c.c.MappingCassandraConverter    : Adding map.entry [phone] - [5550000015]
2025-08-09T23:14:56.054-03:00 DEBUG 98192 --- [beauty-salon-backend] [           main] [                                                 ] o.s.d.c.c.c.MappingCassandraConverter    : doWithProperties Property.type java.lang.String, Property.value 123 Phase2 St 15
2025-08-09T23:14:56.054-03:00 DEBUG 98192 --- [beauty-salon-backend] [           main] [                                                 ] o.s.d.c.c.c.MappingCassandraConverter    : Adding map.entry [address] - [123 Phase2 St 15]
2025-08-09T23:14:56.054-03:00 DEBUG 98192 --- [beauty-salon-backend] [           main] [                                                 ] o.s.d.c.c.c.MappingCassandraConverter    : doWithProperties Property.type java.time.Instant, Property.value 2025-08-10T02:14:56.054401Z
2025-08-09T23:14:56.054-03:00 DEBUG 98192 --- [beauty-salon-backend] [           main] [                                                 ] o.s.d.c.c.c.MappingCassandraConverter    : Adding map.entry [created_at] - [2025-08-10T02:14:56.054401Z]
2025-08-09T23:14:56.054-03:00 DEBUG 98192 --- [beauty-salon-backend] [           main] [                                                 ] o.s.d.c.c.c.MappingCassandraConverter    : doWithProperties Property.type java.time.Instant, Property.value 2025-08-10T02:14:56.054401Z
2025-08-09T23:14:56.054-03:00 DEBUG 98192 --- [beauty-salon-backend] [           main] [                                                 ] o.s.d.c.c.c.MappingCassandraConverter    : Adding map.entry [updated_at] - [2025-08-10T02:14:56.054401Z]
2025-08-09T23:14:56.054-03:00 DEBUG 98192 --- [beauty-salon-backend] [           main] [                                                 ] o.s.data.cassandra.core.cql.CqlTemplate  : Preparing statement [INSERT INTO customers (id,name,email,phone,address,created_at,updated_at) VALUES (?,?,?,?,?,?,?)] using org.springframework.data.cassandra.core.CassandraTemplate$PreparedStatementHandler@c4cb18b
2025-08-09T23:14:56.054-03:00 DEBUG 98192 --- [beauty-salon-backend] [           main] [                                                 ] o.s.data.cassandra.core.cql.CqlTemplate  : Executing prepared statement [INSERT INTO customers (id,name,email,phone,address,created_at,updated_at) VALUES (?,?,?,?,?,?,?)]
2025-08-09T23:14:56.058-03:00 DEBUG 98192 --- [beauty-salon-backend] [           main] [                                                 ] o.s.d.c.c.c.MappingCassandraConverter    : doWithProperties Property.type java.util.UUID, Property.value c67a826c-3223-4fee-9144-ba359353cf00
2025-08-09T23:14:56.058-03:00 DEBUG 98192 --- [beauty-salon-backend] [           main] [                                                 ] o.s.d.c.c.c.MappingCassandraConverter    : Adding map.entry [id] - [c67a826c-3223-4fee-9144-ba359353cf00]
2025-08-09T23:14:56.058-03:00 DEBUG 98192 --- [beauty-salon-backend] [           main] [                                                 ] o.s.d.c.c.c.MappingCassandraConverter    : doWithProperties Property.type java.lang.String, Property.value Phase2 Test Customer 16
2025-08-09T23:14:56.058-03:00 DEBUG 98192 --- [beauty-salon-backend] [           main] [                                                 ] o.s.d.c.c.c.MappingCassandraConverter    : Adding map.entry [name] - [Phase2 Test Customer 16]
2025-08-09T23:14:56.058-03:00 DEBUG 98192 --- [beauty-salon-backend] [           main] [                                                 ] o.s.d.c.c.c.MappingCassandraConverter    : doWithProperties Property.type java.lang.String, Property.value phase2test16@example.com
2025-08-09T23:14:56.058-03:00 DEBUG 98192 --- [beauty-salon-backend] [           main] [                                                 ] o.s.d.c.c.c.MappingCassandraConverter    : Adding map.entry [email] - [phase2test16@example.com]
2025-08-09T23:14:56.058-03:00 DEBUG 98192 --- [beauty-salon-backend] [           main] [                                                 ] o.s.d.c.c.c.MappingCassandraConverter    : doWithProperties Property.type java.lang.String, Property.value 5550000016
2025-08-09T23:14:56.058-03:00 DEBUG 98192 --- [beauty-salon-backend] [           main] [                                                 ] o.s.d.c.c.c.MappingCassandraConverter    : Adding map.entry [phone] - [5550000016]
2025-08-09T23:14:56.058-03:00 DEBUG 98192 --- [beauty-salon-backend] [           main] [                                                 ] o.s.d.c.c.c.MappingCassandraConverter    : doWithProperties Property.type java.lang.String, Property.value 123 Phase2 St 16
2025-08-09T23:14:56.058-03:00 DEBUG 98192 --- [beauty-salon-backend] [           main] [                                                 ] o.s.d.c.c.c.MappingCassandraConverter    : Adding map.entry [address] - [123 Phase2 St 16]
2025-08-09T23:14:56.058-03:00 DEBUG 98192 --- [beauty-salon-backend] [           main] [                                                 ] o.s.d.c.c.c.MappingCassandraConverter    : doWithProperties Property.type java.time.Instant, Property.value 2025-08-10T02:14:56.058526Z
2025-08-09T23:14:56.058-03:00 DEBUG 98192 --- [beauty-salon-backend] [           main] [                                                 ] o.s.d.c.c.c.MappingCassandraConverter    : Adding map.entry [created_at] - [2025-08-10T02:14:56.058526Z]
2025-08-09T23:14:56.058-03:00 DEBUG 98192 --- [beauty-salon-backend] [           main] [                                                 ] o.s.d.c.c.c.MappingCassandraConverter    : doWithProperties Property.type java.time.Instant, Property.value 2025-08-10T02:14:56.058526Z
2025-08-09T23:14:56.058-03:00 DEBUG 98192 --- [beauty-salon-backend] [           main] [                                                 ] o.s.d.c.c.c.MappingCassandraConverter    : Adding map.entry [updated_at] - [2025-08-10T02:14:56.058526Z]
2025-08-09T23:14:56.058-03:00 DEBUG 98192 --- [beauty-salon-backend] [           main] [                                                 ] o.s.data.cassandra.core.cql.CqlTemplate  : Preparing statement [INSERT INTO customers (id,name,email,phone,address,created_at,updated_at) VALUES (?,?,?,?,?,?,?)] using org.springframework.data.cassandra.core.CassandraTemplate$PreparedStatementHandler@63804977
2025-08-09T23:14:56.059-03:00 DEBUG 98192 --- [beauty-salon-backend] [           main] [                                                 ] o.s.data.cassandra.core.cql.CqlTemplate  : Executing prepared statement [INSERT INTO customers (id,name,email,phone,address,created_at,updated_at) VALUES (?,?,?,?,?,?,?)]
2025-08-09T23:14:56.062-03:00 DEBUG 98192 --- [beauty-salon-backend] [           main] [                                                 ] o.s.d.c.c.c.MappingCassandraConverter    : doWithProperties Property.type java.util.UUID, Property.value c3a2b0c3-2ce3-487f-ab61-2da3ddcf13f1
2025-08-09T23:14:56.063-03:00 DEBUG 98192 --- [beauty-salon-backend] [           main] [                                                 ] o.s.d.c.c.c.MappingCassandraConverter    : Adding map.entry [id] - [c3a2b0c3-2ce3-487f-ab61-2da3ddcf13f1]
2025-08-09T23:14:56.063-03:00 DEBUG 98192 --- [beauty-salon-backend] [           main] [                                                 ] o.s.d.c.c.c.MappingCassandraConverter    : doWithProperties Property.type java.lang.String, Property.value Phase2 Test Customer 17
2025-08-09T23:14:56.063-03:00 DEBUG 98192 --- [beauty-salon-backend] [           main] [                                                 ] o.s.d.c.c.c.MappingCassandraConverter    : Adding map.entry [name] - [Phase2 Test Customer 17]
2025-08-09T23:14:56.063-03:00 DEBUG 98192 --- [beauty-salon-backend] [           main] [                                                 ] o.s.d.c.c.c.MappingCassandraConverter    : doWithProperties Property.type java.lang.String, Property.value phase2test17@example.com
2025-08-09T23:14:56.063-03:00 DEBUG 98192 --- [beauty-salon-backend] [           main] [                                                 ] o.s.d.c.c.c.MappingCassandraConverter    : Adding map.entry [email] - [phase2test17@example.com]
2025-08-09T23:14:56.063-03:00 DEBUG 98192 --- [beauty-salon-backend] [           main] [                                                 ] o.s.d.c.c.c.MappingCassandraConverter    : doWithProperties Property.type java.lang.String, Property.value 5550000017
2025-08-09T23:14:56.063-03:00 DEBUG 98192 --- [beauty-salon-backend] [           main] [                                                 ] o.s.d.c.c.c.MappingCassandraConverter    : Adding map.entry [phone] - [5550000017]
2025-08-09T23:14:56.063-03:00 DEBUG 98192 --- [beauty-salon-backend] [           main] [                                                 ] o.s.d.c.c.c.MappingCassandraConverter    : doWithProperties Property.type java.lang.String, Property.value 123 Phase2 St 17
2025-08-09T23:14:56.063-03:00 DEBUG 98192 --- [beauty-salon-backend] [           main] [                                                 ] o.s.d.c.c.c.MappingCassandraConverter    : Adding map.entry [address] - [123 Phase2 St 17]
2025-08-09T23:14:56.063-03:00 DEBUG 98192 --- [beauty-salon-backend] [           main] [                                                 ] o.s.d.c.c.c.MappingCassandraConverter    : doWithProperties Property.type java.time.Instant, Property.value 2025-08-10T02:14:56.062927Z
2025-08-09T23:14:56.063-03:00 DEBUG 98192 --- [beauty-salon-backend] [           main] [                                                 ] o.s.d.c.c.c.MappingCassandraConverter    : Adding map.entry [created_at] - [2025-08-10T02:14:56.062927Z]
2025-08-09T23:14:56.063-03:00 DEBUG 98192 --- [beauty-salon-backend] [           main] [                                                 ] o.s.d.c.c.c.MappingCassandraConverter    : doWithProperties Property.type java.time.Instant, Property.value 2025-08-10T02:14:56.062927Z
2025-08-09T23:14:56.063-03:00 DEBUG 98192 --- [beauty-salon-backend] [           main] [                                                 ] o.s.d.c.c.c.MappingCassandraConverter    : Adding map.entry [updated_at] - [2025-08-10T02:14:56.062927Z]
2025-08-09T23:14:56.063-03:00 DEBUG 98192 --- [beauty-salon-backend] [           main] [                                                 ] o.s.data.cassandra.core.cql.CqlTemplate  : Preparing statement [INSERT INTO customers (id,name,email,phone,address,created_at,updated_at) VALUES (?,?,?,?,?,?,?)] using org.springframework.data.cassandra.core.CassandraTemplate$PreparedStatementHandler@74514ce6
2025-08-09T23:14:56.063-03:00 DEBUG 98192 --- [beauty-salon-backend] [           main] [                                                 ] o.s.data.cassandra.core.cql.CqlTemplate  : Executing prepared statement [INSERT INTO customers (id,name,email,phone,address,created_at,updated_at) VALUES (?,?,?,?,?,?,?)]
2025-08-09T23:14:56.067-03:00 DEBUG 98192 --- [beauty-salon-backend] [           main] [                                                 ] o.s.d.c.c.c.MappingCassandraConverter    : doWithProperties Property.type java.util.UUID, Property.value 695b324e-b789-41a6-93c4-4e577757d89d
2025-08-09T23:14:56.067-03:00 DEBUG 98192 --- [beauty-salon-backend] [           main] [                                                 ] o.s.d.c.c.c.MappingCassandraConverter    : Adding map.entry [id] - [695b324e-b789-41a6-93c4-4e577757d89d]
2025-08-09T23:14:56.067-03:00 DEBUG 98192 --- [beauty-salon-backend] [           main] [                                                 ] o.s.d.c.c.c.MappingCassandraConverter    : doWithProperties Property.type java.lang.String, Property.value Phase2 Test Customer 18
2025-08-09T23:14:56.067-03:00 DEBUG 98192 --- [beauty-salon-backend] [           main] [                                                 ] o.s.d.c.c.c.MappingCassandraConverter    : Adding map.entry [name] - [Phase2 Test Customer 18]
2025-08-09T23:14:56.067-03:00 DEBUG 98192 --- [beauty-salon-backend] [           main] [                                                 ] o.s.d.c.c.c.MappingCassandraConverter    : doWithProperties Property.type java.lang.String, Property.value phase2test18@example.com
2025-08-09T23:14:56.068-03:00 DEBUG 98192 --- [beauty-salon-backend] [           main] [                                                 ] o.s.d.c.c.c.MappingCassandraConverter    : Adding map.entry [email] - [phase2test18@example.com]
2025-08-09T23:14:56.068-03:00 DEBUG 98192 --- [beauty-salon-backend] [           main] [                                                 ] o.s.d.c.c.c.MappingCassandraConverter    : doWithProperties Property.type java.lang.String, Property.value 5550000018
2025-08-09T23:14:56.068-03:00 DEBUG 98192 --- [beauty-salon-backend] [           main] [                                                 ] o.s.d.c.c.c.MappingCassandraConverter    : Adding map.entry [phone] - [5550000018]
2025-08-09T23:14:56.068-03:00 DEBUG 98192 --- [beauty-salon-backend] [           main] [                                                 ] o.s.d.c.c.c.MappingCassandraConverter    : doWithProperties Property.type java.lang.String, Property.value 123 Phase2 St 18
2025-08-09T23:14:56.068-03:00 DEBUG 98192 --- [beauty-salon-backend] [           main] [                                                 ] o.s.d.c.c.c.MappingCassandraConverter    : Adding map.entry [address] - [123 Phase2 St 18]
2025-08-09T23:14:56.068-03:00 DEBUG 98192 --- [beauty-salon-backend] [           main] [                                                 ] o.s.d.c.c.c.MappingCassandraConverter    : doWithProperties Property.type java.time.Instant, Property.value 2025-08-10T02:14:56.067803Z
2025-08-09T23:14:56.068-03:00 DEBUG 98192 --- [beauty-salon-backend] [           main] [                                                 ] o.s.d.c.c.c.MappingCassandraConverter    : Adding map.entry [created_at] - [2025-08-10T02:14:56.067803Z]
2025-08-09T23:14:56.068-03:00 DEBUG 98192 --- [beauty-salon-backend] [           main] [                                                 ] o.s.d.c.c.c.MappingCassandraConverter    : doWithProperties Property.type java.time.Instant, Property.value 2025-08-10T02:14:56.067804Z
2025-08-09T23:14:56.068-03:00 DEBUG 98192 --- [beauty-salon-backend] [           main] [                                                 ] o.s.d.c.c.c.MappingCassandraConverter    : Adding map.entry [updated_at] - [2025-08-10T02:14:56.067804Z]
2025-08-09T23:14:56.068-03:00 DEBUG 98192 --- [beauty-salon-backend] [           main] [                                                 ] o.s.data.cassandra.core.cql.CqlTemplate  : Preparing statement [INSERT INTO customers (id,name,email,phone,address,created_at,updated_at) VALUES (?,?,?,?,?,?,?)] using org.springframework.data.cassandra.core.CassandraTemplate$PreparedStatementHandler@458037d9
2025-08-09T23:14:56.068-03:00 DEBUG 98192 --- [beauty-salon-backend] [           main] [                                                 ] o.s.data.cassandra.core.cql.CqlTemplate  : Executing prepared statement [INSERT INTO customers (id,name,email,phone,address,created_at,updated_at) VALUES (?,?,?,?,?,?,?)]
2025-08-09T23:14:56.073-03:00 DEBUG 98192 --- [beauty-salon-backend] [           main] [                                                 ] o.s.d.c.c.c.MappingCassandraConverter    : doWithProperties Property.type java.util.UUID, Property.value d3a8c994-034a-46e6-9ac5-84a7a1cad6da
2025-08-09T23:14:56.073-03:00 DEBUG 98192 --- [beauty-salon-backend] [           main] [                                                 ] o.s.d.c.c.c.MappingCassandraConverter    : Adding map.entry [id] - [d3a8c994-034a-46e6-9ac5-84a7a1cad6da]
2025-08-09T23:14:56.073-03:00 DEBUG 98192 --- [beauty-salon-backend] [           main] [                                                 ] o.s.d.c.c.c.MappingCassandraConverter    : doWithProperties Property.type java.lang.String, Property.value Phase2 Test Customer 19
2025-08-09T23:14:56.073-03:00 DEBUG 98192 --- [beauty-salon-backend] [           main] [                                                 ] o.s.d.c.c.c.MappingCassandraConverter    : Adding map.entry [name] - [Phase2 Test Customer 19]
2025-08-09T23:14:56.073-03:00 DEBUG 98192 --- [beauty-salon-backend] [           main] [                                                 ] o.s.d.c.c.c.MappingCassandraConverter    : doWithProperties Property.type java.lang.String, Property.value phase2test19@example.com
2025-08-09T23:14:56.073-03:00 DEBUG 98192 --- [beauty-salon-backend] [           main] [                                                 ] o.s.d.c.c.c.MappingCassandraConverter    : Adding map.entry [email] - [phase2test19@example.com]
2025-08-09T23:14:56.073-03:00 DEBUG 98192 --- [beauty-salon-backend] [           main] [                                                 ] o.s.d.c.c.c.MappingCassandraConverter    : doWithProperties Property.type java.lang.String, Property.value 5550000019
2025-08-09T23:14:56.073-03:00 DEBUG 98192 --- [beauty-salon-backend] [           main] [                                                 ] o.s.d.c.c.c.MappingCassandraConverter    : Adding map.entry [phone] - [5550000019]
2025-08-09T23:14:56.073-03:00 DEBUG 98192 --- [beauty-salon-backend] [           main] [                                                 ] o.s.d.c.c.c.MappingCassandraConverter    : doWithProperties Property.type java.lang.String, Property.value 123 Phase2 St 19
2025-08-09T23:14:56.073-03:00 DEBUG 98192 --- [beauty-salon-backend] [           main] [                                                 ] o.s.d.c.c.c.MappingCassandraConverter    : Adding map.entry [address] - [123 Phase2 St 19]
2025-08-09T23:14:56.073-03:00 DEBUG 98192 --- [beauty-salon-backend] [           main] [                                                 ] o.s.d.c.c.c.MappingCassandraConverter    : doWithProperties Property.type java.time.Instant, Property.value 2025-08-10T02:14:56.073061Z
2025-08-09T23:14:56.073-03:00 DEBUG 98192 --- [beauty-salon-backend] [           main] [                                                 ] o.s.d.c.c.c.MappingCassandraConverter    : Adding map.entry [created_at] - [2025-08-10T02:14:56.073061Z]
2025-08-09T23:14:56.073-03:00 DEBUG 98192 --- [beauty-salon-backend] [           main] [                                                 ] o.s.d.c.c.c.MappingCassandraConverter    : doWithProperties Property.type java.time.Instant, Property.value 2025-08-10T02:14:56.073061Z
2025-08-09T23:14:56.073-03:00 DEBUG 98192 --- [beauty-salon-backend] [           main] [                                                 ] o.s.d.c.c.c.MappingCassandraConverter    : Adding map.entry [updated_at] - [2025-08-10T02:14:56.073061Z]
2025-08-09T23:14:56.073-03:00 DEBUG 98192 --- [beauty-salon-backend] [           main] [                                                 ] o.s.data.cassandra.core.cql.CqlTemplate  : Preparing statement [INSERT INTO customers (id,name,email,phone,address,created_at,updated_at) VALUES (?,?,?,?,?,?,?)] using org.springframework.data.cassandra.core.CassandraTemplate$PreparedStatementHandler@655f1104
2025-08-09T23:14:56.073-03:00 DEBUG 98192 --- [beauty-salon-backend] [           main] [                                                 ] o.s.data.cassandra.core.cql.CqlTemplate  : Executing prepared statement [INSERT INTO customers (id,name,email,phone,address,created_at,updated_at) VALUES (?,?,?,?,?,?,?)]

=== Phase 2: Cache Performance Comparison ===
2025-08-09T23:14:56.078-03:00 DEBUG 98192 --- [beauty-salon-backend] [           main] [                                                 ] o.s.data.cassandra.core.cql.CqlTemplate  : Preparing statement [SELECT * FROM customers WHERE id=? LIMIT 1] using org.springframework.data.cassandra.core.CassandraTemplate$PreparedStatementHandler@55b5e3b3
2025-08-09T23:14:56.078-03:00 DEBUG 98192 --- [beauty-salon-backend] [           main] [                                                 ] o.s.data.cassandra.core.cql.CqlTemplate  : Executing prepared statement [SELECT * FROM customers WHERE id=? LIMIT 1]
📊 CACHE PERFORMANCE RESULTS:
🔍 Cache Miss Time: 4 ms
⚡ Cache Hit Time: 0 ms
📈 Average Cache Hit Time (10 requests): 0,00 ms
🚀 Cache Performance Improvement: 100,0%
✅ Cache Performance Test PASSED!
]]></system-out>
  </testcase>
</testsuite>